[00:40:13] 🚀 BMS DAILY TRACKER STARTED
[00:40:13] [1/445] TGMR
[00:40:13] 🧠 New identity
[00:40:14] [2/445] CXKR
[00:40:14] [3/445] SROP
[00:40:15] [4/445] GTSV
[00:40:16] [5/445] SNTY
[00:40:17] [6/445] SMYY
[00:40:18] [7/445] CNCS
[00:40:19] [8/445] CSTM
[00:40:20] [9/445] NUCD
[00:40:21] [10/445] SHCZ
[00:40:22] [11/445] NJCT
[00:40:23] [12/445] COPC
[00:40:24] [13/445] STVV
[00:40:25] [14/445] SKRN
[00:40:26] [15/445] APPZ
[00:40:27] [16/445] YMGN
[00:40:28] [17/445] SVTU
[00:40:29] [18/445] GTAD
[00:40:30] [19/445] PSUS
[00:40:31] [20/445] SMCD
[00:40:32] [21/445] CMCM
[00:40:33] [22/445] SYCT
[00:40:34] [23/445] STLY
[00:40:35] [24/445] CMHU
[00:40:36] [25/445] CMSA
[00:40:37] [26/445] CLCU
[00:40:38] [27/445] PPNT
[00:40:39] [28/445] JTAB
[00:40:40] [29/445] BUUC
[00:40:41] [30/445] BSVK
[00:40:42] [31/445] VVVQ
[00:40:43] [32/445] TKMU
[00:40:44] [33/445] ESYL
[00:40:45] [34/445] ACHP
[00:40:46] [35/445] BTKD
[00:40:47] [36/445] DESA
[00:40:48] [37/445] GBCT
[00:40:49] [38/445] BLLD
[00:40:50] [39/445] SKNT
[00:40:51] [40/445] SSTE
[00:40:52] [41/445] VJMR
[00:40:53] [42/445] NTPU
[00:40:54] [43/445] RDKN
[00:40:55] [44/445] ADGC
[00:40:56] [45/445] VRBP
[00:40:57] [46/445] NMNA
[00:40:57] [47/445] CMMX
[00:40:58] [48/445] PTKO
[00:40:59] [49/445] RBML
[00:41:00] [50/445] SAIC
[00:41:01] [51/445] SVTJ
[00:41:02] [52/445] MRTE
[00:41:03] [53/445] RBTP
[00:41:05] [54/445] NLPS
[00:41:06] [55/445] GTNA
[00:41:07] [56/445] DGGC
[00:41:08] [57/445] SMCR
[00:41:09] [58/445] SCGD
[00:41:10] [59/445] SRRJ
[00:41:11] [60/445] CNRY
[00:41:12] [61/445] KTDI
[00:41:13] [62/445] SNJL
[00:41:14] [63/445] RKMD
[00:41:14] [64/445] SMDC
[00:41:15] [65/445] TADG
[00:41:16] [66/445] MCGS
[00:41:17] [67/445] PETK
[00:41:18] [68/445] CHAG
[00:41:19] [69/445] KSTL
[00:41:20] [70/445] AADS
[00:41:21] [71/445] NTHZ
[00:41:22] [72/445] HCKI
[00:41:23] [73/445] SSEF
[00:41:24] [74/445] MCGX
[00:41:25] [75/445] ERRA
[00:41:26] [76/445] SDTW
[00:41:26] [77/445] RMPK
[00:41:27] [78/445] PTHK
[00:41:29] [79/445] PXCS
[00:41:30] [80/445] SVLU
[00:41:31] [81/445] STAH
[00:41:32] [82/445] JRGF
[00:41:33] [83/445] CDOK
[00:41:34] [84/445] CMSG
[00:41:35] [85/445] APTD
[00:41:36] [86/445] KMPG
[00:41:37] [87/445] MUTJ
[00:41:38] [88/445] VCCI
[00:41:38] [89/445] URBE
[00:41:40] [90/445] TCTS
[00:41:41] [91/445] STSN
[00:41:42] [92/445] AKCH
[00:41:43] [93/445] APSC
[00:41:44] [94/445] VLTB
[00:41:45] [95/445] SANU
[00:41:45] [96/445] AXAM
[00:41:46] [97/445] MGMG
[00:41:47] [98/445] HTBY
[00:41:48] [99/445] MMZS
[00:41:49] [100/445] SUDR
[00:41:50] [101/445] CCAD
[00:41:52] [102/445] SKKC
[00:41:53] [103/445] RMCD
[00:41:54] [104/445] SBCQ
[00:41:55] [105/445] DCCT
[00:41:56] [106/445] VTKP
[00:41:57] [107/445] MLAM
[00:41:57] [108/445] SAVT
[00:41:59] [109/445] GEPL
[00:42:00] [110/445] AMCD
[00:42:01] [111/445] CCXR
[00:42:02] [112/445] GRNG
[00:42:03] [113/445] EBCA
[00:42:04] [114/445] CNVG
[00:42:05] [115/445] MWSS
[00:42:06] [116/445] VBOR
[00:42:07] [117/445] NEEB
[00:42:08] [118/445] SUTH
[00:42:09] [119/445] ANDB
[00:42:10] [120/445] MMXS
[00:42:11] [121/445] CNPD
[00:42:12] [122/445] SDCE
[00:42:13] [123/445] DHCB
[00:42:14] [124/445] ODEN
[00:42:15] [125/445] TNTC
[00:42:16] [126/445] VBKM
[00:42:17] [127/445] RZYM
[00:42:18] [128/445] JEMC
[00:42:19] [129/445] CMAU
[00:42:20] [130/445] SIVP
[00:42:21] [131/445] ATAG
[00:42:21] [132/445] CHTM
[00:42:23] [133/445] AAEE
[00:42:23] [134/445] IWPM
[00:42:24] [135/445] KCMW
[00:42:25] [136/445] MCTD
[00:42:26] [137/445] SPWR
[00:42:27] [138/445] SDPO
[00:42:28] [139/445] PCSK
[00:42:29] [140/445] ACHV
[00:42:30] [141/445] SVLA
[00:42:30] [142/445] PICT
[00:42:32] [143/445] BXDR
[00:42:33] [144/445] SPWA
[00:42:33] [145/445] MCKO
[00:42:34] [146/445] RTHK
[00:42:35] [147/445] CCMF
[00:42:36] [148/445] MRGB
[00:42:37] [149/445] CPLC
[00:42:38] [150/445] RACD
[00:42:39] [151/445] ATKT
[00:42:40] [152/445] SARN
[00:42:41] [153/445] KKUI
[00:42:42] [154/445] RGCM
[00:42:43] [155/445] BRVP
[00:42:44] [156/445] HRSR
[00:42:45] [157/445] GKGM
[00:42:46] [158/445] TTCD
[00:42:47] [159/445] PTTI
[00:42:47] [160/445] MPTT
[00:42:48] [161/445] CVTT
[00:42:50] [162/445] PCXD
[00:42:51] [163/445] GCDC
[00:42:52] [164/445] CCCF
[00:42:52] [165/445] MRAD
[00:42:53] [166/445] CPLK
[00:42:54] [167/445] SATB
[00:42:55] [168/445] SNVG
[00:42:56] [169/445] JMBA
[00:42:57] [170/445] TEJA
[00:42:58] [171/445] STYO
[00:42:59] [172/445] JTBP
[00:43:00] [173/445] KRGD
[00:43:01] [174/445] SLJJ
[00:43:02] [175/445] SPTJ
[00:43:03] [176/445] SWJG
[00:43:04] [177/445] LKRT
[00:43:05] [178/445] KCKA
[00:43:06] [179/445] SNCR
[00:43:07] [180/445] SMKL
[00:43:08] [181/445] GCFA
[00:43:09] [182/445] DDCK
[00:43:10] [183/445] NCHJ
[00:43:11] [184/445] RDMA
[00:43:13] [185/445] SVSV
[00:43:13] [186/445] SCJG
[00:43:14] [187/445] VKLP
[00:43:16] [188/445] NWCC
[00:43:16] [189/445] VKNS
[00:43:18] [190/445] SDDP
[00:43:19] [191/445] ACSI
[00:43:20] [192/445] SATG
[00:43:21] [193/445] SCMW
[00:43:22] [194/445] LKTK
[00:43:24] [195/445] VCKV
[00:43:25] [196/445] KKPE
[00:43:26] [197/445] KIGH
[00:43:27] [198/445] SRPM
[00:43:28] [199/445] SCAH
[00:43:29] [200/445] MUTA
[00:43:29] [201/445] SEPU
[00:43:30] [202/445] INOA
[00:43:32] [203/445] BASK
[00:43:33] [204/445] NECB
[00:43:34] [205/445] GTTG
[00:43:34] [206/445] ASSA
[00:43:35] [207/445] ANCL
[00:43:37] [208/445] GCTI
[00:43:37] [209/445] RCTS
[00:43:38] [210/445] ACNL
[00:43:39] [211/445] MYCT
[00:43:40] [212/445] NMHT
[00:43:41] [213/445] MDIT
[00:43:42] [214/445] LATG
[00:43:43] [215/445] SMTY
[00:43:44] [216/445] CVCT
[00:43:45] [217/445] RAMB
[00:43:46] [218/445] TGMS
[00:43:48] [219/445] BHEL
[00:43:50] [220/445] SHCT
[00:43:50] [221/445] SVCT
[00:43:51] [222/445] MRIY
[00:43:52] [223/445] SARO
[00:43:53] [224/445] STCT
[00:43:54] [225/445] JKKC
[00:43:55] [226/445] PLTT
[00:43:56] [227/445] SRNT
[00:43:57] [228/445] YAST
[00:43:58] [229/445] PERL
[00:43:59] [230/445] CICM
[00:44:00] [231/445] MMTR
[00:44:01] [232/445] ABTK
[00:44:02] [233/445] ATYY
[00:44:03] [234/445] ASTK
[00:44:04] [235/445] VVCK
[00:44:05] [236/445] ATKY
[00:44:05] [237/445] GWEK
[00:44:06] [238/445] SVFH
[00:44:07] [239/445] SLTA
[00:44:08] [240/445] AASH
[00:44:09] [241/445] ACXB
[00:44:09] [242/445] SMTX
[00:44:10] [243/445] AZDH
[00:44:11] [244/445] CMMH
[00:44:12] [245/445] SCSZ
[00:44:13] [246/445] SCKP
[00:44:14] [247/445] NXTM
[00:44:15] [248/445] NWCS
[00:44:16] [249/445] CXMH
[00:44:16] [250/445] PCMA
[00:44:17] [251/445] SGCM
[00:44:18] [252/445] SDTU
[00:44:19] [253/445] MMVI
[00:44:20] [254/445] JKCM
[00:44:21] [255/445] VCMM
[00:44:22] [256/445] SYEE
[00:44:23] [257/445] VASD
[00:44:24] [258/445] BDRB
[00:44:24] [259/445] LASM
[00:44:26] [260/445] DCRL
[00:44:26] [261/445] DVPM
[00:44:27] [262/445] SBMJ
[00:44:29] [263/445] CBMU
[00:44:29] [264/445] IUBS
[00:44:31] [265/445] INAP
[00:44:33] [266/445] SRRC
[00:44:34] [267/445] SAGR
[00:44:34] [268/445] CPMJ
[00:44:35] [269/445] ATJL
[00:44:36] [270/445] NNTD
[00:44:37] [271/445] JHCJ
[00:44:38] [272/445] CMMP
[00:44:39] [273/445] RSDR
[00:44:39] [274/445] AMTI
[00:44:40] [275/445] NYSG
[00:44:41] [276/445] AVSG
[00:44:42] [277/445] SYTP
[00:44:43] [278/445] LARC
[00:44:44] [279/445] RJTP
[00:44:45] [280/445] LAKC
[00:44:45] [281/445] MCXE
[00:44:46] [282/445] CCZC
[00:44:47] [283/445] AVCH
[00:44:48] [284/445] CMBE
[00:44:49] [285/445] MRRC
[00:44:50] [286/445] PCPY
[00:44:51] [287/445] SRMH
[00:44:52] [288/445] SVGS
[00:44:53] [289/445] PCSE
[00:44:54] [290/445] SVFT
[00:44:54] [291/445] TNZP
[00:44:55] [292/445] ICTP
[00:44:56] [293/445] ACTZ
[00:44:57] [294/445] GTUR
[00:44:58] [295/445] MAFC
[00:44:59] [296/445] MINL
[00:44:59] [297/445] MRCL
[00:45:00] [298/445] RCRP
[00:45:01] [299/445] RFFG
[00:45:03] [300/445] RMAS
[00:45:03] [301/445] INVR
[00:45:04] [302/445] RMAR
[00:45:05] [303/445] CNIS
[00:45:06] [304/445] RHRJ
[00:45:08] [305/445] INXR
[00:45:08] [306/445] VALT
[00:45:09] [307/445] LCSH
[00:45:10] [308/445] CMVS
[00:45:11] [309/445] CNMS
[00:45:12] [310/445] ROOG
[00:45:13] [311/445] ISRM
[00:45:14] [312/445] RCRM
[00:45:15] [313/445] ACJA
[00:45:16] [314/445] RCVS
[00:45:17] [315/445] CPUS
[00:45:18] [316/445] TGCS
[00:45:19] [317/445] RKCJ
[00:45:20] [318/445] MKSB
[00:45:21] [319/445] TCSJ
[00:45:21] [320/445] RMGP
[00:45:22] [321/445] CLLP
[00:45:23] [322/445] RCMV
[00:45:24] [323/445] CCKS
[00:45:25] [324/445] RSRP
[00:45:26] [325/445] APLP
[00:45:26] [326/445] CNVS
[00:45:27] [327/445] RMVY
[00:45:29] [328/445] PGBD
[00:45:29] [329/445] KLMS
[00:45:30] [330/445] RUST
[00:45:31] [331/445] MASM
[00:45:32] [332/445] BACS
[00:45:33] [333/445] BWST
[00:45:34] [334/445] RRFH
[00:45:35] [335/445] SJTM
[00:45:36] [336/445] BEMR
[00:45:37] [337/445] MCGR
[00:45:38] [338/445] SDSK
[00:45:39] [339/445] VBOL
[00:45:40] [340/445] RMGM
[00:45:41] [341/445] NOPL
[00:45:42] [342/445] MKJK
[00:45:43] [343/445] CVRN
[00:45:44] [344/445] MMEN
[00:45:45] [345/445] AMNG
[00:45:46] [346/445] INTM
[00:45:47] [347/445] SLCZ
[00:45:48] [348/445] AMJN
[00:45:48] [349/445] ACJN
[00:45:49] [350/445] AMKN
[00:45:50] [351/445] BTCN
[00:45:51] [352/445] AMBT
[00:45:52] [353/445] PACN
[00:45:53] [354/445] LCNS
[00:45:54] [355/445] PPKC
[00:45:56] [356/445] JYYN
[00:45:56] [357/445] JTNR
[00:45:57] [358/445] GTEE
[00:45:58] [359/445] SRNM
[00:45:59] [360/445] SDTC
[00:46:00] [361/445] VPCA
[00:46:01] [362/445] VLRA
[00:46:02] [363/445] SHKR
[00:46:03] [364/445] SBKD
[00:46:04] [365/445] SAAD
[00:46:05] [366/445] JTGN
[00:46:06] [367/445] SLAM
[00:46:07] [368/445] VTPM
[00:46:07] [369/445] ANPT
[00:46:08] [370/445] PUNB
[00:46:09] [371/445] CPKT
[00:46:10] [372/445] CNWE
[00:46:11] [373/445] ECPP
[00:46:12] [374/445] CPAR
[00:46:13] [375/445] ESBW
[00:46:14] [376/445] PKPU
[00:46:15] [377/445] CPRP
[00:46:16] [378/445] RAHU
[00:46:16] [379/445] RHMN
[00:46:17] [380/445] FMJP
[00:46:18] [381/445] CTMP
[00:46:19] [382/445] INPN
[00:46:20] [383/445] STTG
[00:46:21] [384/445] CTRD
[00:46:21] [385/445] PUVB
[00:46:22] [386/445] ESVP
[00:46:23] [387/445] CPFT
[00:46:24] [388/445] LCPC
[00:46:26] [389/445] VBCT
[00:46:27] [390/445] FSCW
[00:46:28] [391/445] VCMP
[00:46:28] [392/445] ASHC
[00:46:29] [393/445] VLCX
[00:46:30] [394/445] SHEV
[00:46:32] [395/445] APCO
[00:46:32] [396/445] SILC
[00:46:33] [397/445] SNMR
[00:46:33] [398/445] KYBO
[00:46:34] [399/445] SATK
[00:46:35] [400/445] SSCS
[00:46:36] [401/445] CLSB
[00:46:37] [402/445] KMJR
[00:46:38] [403/445] FSCK
[00:46:38] [404/445] NNKA
[00:46:40] [405/445] CLMK
[00:46:40] [406/445] DMPZ
[00:46:41] [407/445] INQM
[00:46:42] [408/445] CAML
[00:46:43] [409/445] INRK
[00:46:44] [410/445] IMKN
[00:46:45] [411/445] SVNR
[00:46:46] [412/445] INSL
[00:46:47] [413/445] MSMA
[00:46:48] [414/445] MCKK
[00:46:49] [415/445] FCHP
[00:46:50] [416/445] SFCR
[00:46:51] [417/445] NACK
[00:46:52] [418/445] PVAK
[00:46:53] [419/445] INER
[00:46:54] [420/445] RDBK
[00:46:55] [421/445] SVFN
[00:46:56] [422/445] IFRM
[00:46:56] [423/445] ATCK
[00:46:57] [424/445] ASKO
[00:46:58] [425/445] STKT
[00:47:00] [426/445] SVFB
[00:47:01] [427/445] INKS
[00:47:01] [428/445] PCRA
[00:47:02] [429/445] ATJA
[00:47:03] [430/445] IMJN
[00:47:05] [431/445] INHD
[00:47:05] [432/445] BARA
[00:47:06] [433/445] MCSL
[00:47:06] [434/445] RTOY
[00:47:07] [435/445] MENO
[00:47:08] [436/445] PUDM
[00:47:09] [437/445] PRCN
[00:47:10] [438/445] JMJR
[00:47:11] [439/445] SSGK
[00:47:12] [440/445] SSRL
[00:47:13] [441/445] JYKL
[00:47:14] [442/445] ACNB
[00:47:15] [443/445] SONP
[00:47:15] [444/445] EMCI
[00:47:16] [445/445] MRJH
[00:47:17] ✅ DONE | Shows=0 | Movies=0
[01:43:45] 🚀 BMS DAILY TRACKER STARTED
[01:43:45] [1/445] TGMR
[01:43:45] 🧠 New identity
[01:43:45] [2/445] CXKR
[01:43:46] [3/445] SROP
[01:43:47] [4/445] GTSV
[01:43:48] [5/445] SNTY
[01:43:49] [6/445] SMYY
[01:43:50] [7/445] CNCS
[01:43:52] [8/445] CSTM
[01:43:52] [9/445] NUCD
[01:43:53] [10/445] SHCZ
[01:43:54] [11/445] NJCT
[01:43:55] [12/445] COPC
[01:43:56] [13/445] STVV
[01:43:57] [14/445] SKRN
[01:43:58] [15/445] APPZ
[01:43:59] [16/445] YMGN
[01:44:00] [17/445] SVTU
[01:44:01] [18/445] GTAD
[01:44:02] [19/445] PSUS
[01:44:03] [20/445] SMCD
[01:44:04] [21/445] CMCM
[01:44:05] [22/445] SYCT
[01:44:06] [23/445] STLY
[01:44:07] [24/445] CMHU
[01:44:08] [25/445] CMSA
[01:44:10] [26/445] CLCU
[01:44:11] [27/445] PPNT
[01:44:13] [28/445] JTAB
[01:44:14] [29/445] BUUC
[01:44:15] [30/445] BSVK
[01:44:16] [31/445] VVVQ
[01:44:17] [32/445] TKMU
[01:44:18] [33/445] ESYL
[01:44:20] [34/445] ACHP
[01:44:21] [35/445] BTKD
[01:44:22] [36/445] DESA
[01:44:23] [37/445] GBCT
[01:44:23] [38/445] BLLD
[01:44:24] [39/445] SKNT
[01:44:25] [40/445] SSTE
[01:44:26] [41/445] VJMR
[01:44:27] [42/445] NTPU
[01:44:28] [43/445] RDKN
[01:44:29] [44/445] ADGC
[01:44:30] [45/445] VRBP
[01:44:31] [46/445] NMNA
[01:44:33] [47/445] CMMX
[01:44:34] [48/445] PTKO
[01:44:35] [49/445] RBML
[01:44:36] [50/445] SAIC
[01:44:36] [51/445] SVTJ
[01:44:37] [52/445] MRTE
[01:44:38] [53/445] RBTP
[01:44:40] [54/445] NLPS
[01:44:41] [55/445] GTNA
[01:44:42] [56/445] DGGC
[01:44:43] [57/445] SMCR
[01:44:44] [58/445] SCGD
[01:44:45] [59/445] SRRJ
[01:44:45] [60/445] CNRY
[01:44:46] [61/445] KTDI
[01:44:49] [62/445] SNJL
[01:44:50] [63/445] RKMD
[01:44:51] [64/445] SMDC
[01:44:52] [65/445] TADG
[01:44:53] [66/445] MCGS
[01:44:54] [67/445] PETK
[01:44:55] [68/445] CHAG
[01:44:56] [69/445] KSTL
[01:44:57] [70/445] AADS
[01:44:59] [71/445] NTHZ
[01:45:00] [72/445] HCKI
[01:45:00] [73/445] SSEF
[01:45:01] [74/445] MCGX
[01:45:02] [75/445] ERRA
[01:45:03] [76/445] SDTW
[01:45:04] [77/445] RMPK
[01:45:05] [78/445] PTHK
[01:45:06] [79/445] PXCS
[01:45:06] [80/445] SVLU
[01:45:07] [81/445] STAH
[01:45:08] [82/445] JRGF
[01:45:09] [83/445] CDOK
[01:45:10] [84/445] CMSG
[01:45:12] [85/445] APTD
[01:45:13] [86/445] KMPG
[01:45:14] [87/445] MUTJ
[01:45:15] [88/445] VCCI
[01:45:16] [89/445] URBE
[01:45:17] [90/445] TCTS
[01:45:19] [91/445] STSN
[01:45:19] [92/445] AKCH
[01:45:20] [93/445] APSC
[01:45:21] [94/445] VLTB
[01:45:22] [95/445] SANU
[01:45:23] [96/445] AXAM
[01:45:24] [97/445] MGMG
[01:45:25] [98/445] HTBY
[01:45:26] [99/445] MMZS
[01:45:28] [100/445] SUDR
[01:45:28] [101/445] CCAD
[01:45:29] [102/445] SKKC
[01:45:30] [103/445] RMCD
[01:45:31] [104/445] SBCQ
[01:45:32] [105/445] DCCT
[01:45:33] [106/445] VTKP
[01:45:34] [107/445] MLAM
[01:45:35] [108/445] SAVT
[01:45:36] [109/445] GEPL
[01:45:37] [110/445] AMCD
[01:45:38] [111/445] CCXR
[01:45:38] [112/445] GRNG
[01:45:39] [113/445] EBCA
[01:45:40] [114/445] CNVG
[01:45:41] [115/445] MWSS
[01:45:42] [116/445] VBOR
[01:45:43] [117/445] NEEB
[01:45:43] [118/445] SUTH
[01:45:44] [119/445] ANDB
[01:45:45] [120/445] MMXS
[01:45:46] [121/445] CNPD
[01:45:47] [122/445] SDCE
[01:45:48] [123/445] DHCB
[01:45:49] [124/445] ODEN
[01:45:50] [125/445] TNTC
[01:45:51] [126/445] VBKM
[01:45:51] [127/445] RZYM
[01:45:52] [128/445] JEMC
[01:45:53] [129/445] CMAU
[01:45:54] [130/445] SIVP
[01:45:55] [131/445] ATAG
[01:45:56] [132/445] CHTM
[01:45:57] [133/445] AAEE
[01:45:58] [134/445] IWPM
[01:45:59] [135/445] KCMW
[01:46:00] [136/445] MCTD
[01:46:01] [137/445] SPWR
[01:46:02] [138/445] SDPO
[01:46:03] [139/445] PCSK
[01:46:04] [140/445] ACHV
[01:46:05] [141/445] SVLA
[01:46:06] [142/445] PICT
[01:46:07] [143/445] BXDR
[01:46:08] [144/445] SPWA
[01:46:09] [145/445] MCKO
[01:46:10] [146/445] RTHK
[01:46:10] [147/445] CCMF
[01:46:11] [148/445] MRGB
[01:46:12] [149/445] CPLC
[01:46:13] [150/445] RACD
[01:46:14] [151/445] ATKT
[01:46:15] [152/445] SARN
[01:46:16] [153/445] KKUI
[01:46:16] [154/445] RGCM
[01:46:17] [155/445] BRVP
[01:46:18] [156/445] HRSR
[01:46:19] [157/445] GKGM
[01:46:20] [158/445] TTCD
[01:46:21] [159/445] PTTI
[01:46:21] [160/445] MPTT
[01:46:22] [161/445] CVTT
[01:46:23] [162/445] PCXD
[01:46:24] [163/445] GCDC
[01:46:25] [164/445] CCCF
[01:46:26] [165/445] MRAD
[01:46:27] [166/445] CPLK
[01:46:28] [167/445] SATB
[01:46:29] [168/445] SNVG
[01:46:30] [169/445] JMBA
[01:46:31] [170/445] TEJA
[01:46:33] [171/445] STYO
[01:46:34] [172/445] JTBP
[01:46:35] [173/445] KRGD
[01:46:35] [174/445] SLJJ
[01:46:37] [175/445] SPTJ
[01:46:38] [176/445] SWJG
[01:46:38] [177/445] LKRT
[01:46:39] [178/445] KCKA
[01:46:40] [179/445] SNCR
[01:46:41] [180/445] SMKL
[01:46:42] [181/445] GCFA
[01:46:42] [182/445] DDCK
[01:46:43] [183/445] NCHJ
[01:46:44] [184/445] RDMA
[01:46:45] [185/445] SVSV
[01:46:46] [186/445] SCJG
[01:46:47] [187/445] VKLP
[01:46:48] [188/445] NWCC
[01:46:49] [189/445] VKNS
[01:46:50] [190/445] SDDP
[01:46:51] [191/445] ACSI
[01:46:52] [192/445] SATG
[01:46:53] [193/445] SCMW
[01:46:54] [194/445] LKTK
[01:46:54] [195/445] VCKV
[01:46:55] [196/445] KKPE
[01:46:56] [197/445] KIGH
[01:46:57] [198/445] SRPM
[01:46:58] [199/445] SCAH
[01:46:59] [200/445] MUTA
[01:47:00] [201/445] SEPU
[01:47:01] [202/445] INOA
[01:47:02] [203/445] BASK
[01:47:02] [204/445] NECB
[01:47:03] [205/445] GTTG
[01:47:04] [206/445] ASSA
[01:47:05] [207/445] ANCL
[01:47:06] [208/445] GCTI
[01:47:07] [209/445] RCTS
[01:47:08] [210/445] ACNL
[01:47:09] [211/445] MYCT
[01:47:10] [212/445] NMHT
[01:47:10] [213/445] MDIT
[01:47:11] [214/445] LATG
[01:47:12] [215/445] SMTY
[01:47:13] [216/445] CVCT
[01:47:14] [217/445] RAMB
[01:47:15] [218/445] TGMS
[01:47:17] [219/445] BHEL
[01:47:18] [220/445] SHCT
[01:47:19] [221/445] SVCT
[01:47:20] [222/445] MRIY
[01:47:21] [223/445] SARO
[01:47:21] [224/445] STCT
[01:47:23] [225/445] JKKC
[01:47:24] [226/445] PLTT
[01:47:25] [227/445] SRNT
[01:47:26] [228/445] YAST
[01:47:26] [229/445] PERL
[01:47:27] [230/445] CICM
[01:47:28] [231/445] MMTR
[01:47:30] [232/445] ABTK
[01:47:30] [233/445] ATYY
[01:47:31] [234/445] ASTK
[01:47:33] [235/445] VVCK
[01:47:34] [236/445] ATKY
[01:47:34] [237/445] GWEK
[01:47:35] [238/445] SVFH
[01:47:36] [239/445] SLTA
[01:47:38] [240/445] AASH
[01:47:39] [241/445] ACXB
[01:47:40] [242/445] SMTX
[01:47:41] [243/445] AZDH
[01:47:41] [244/445] CMMH
[01:47:42] [245/445] SCSZ
[01:47:43] [246/445] SCKP
[01:47:43] [247/445] NXTM
[01:47:44] [248/445] NWCS
[01:47:45] [249/445] CXMH
[01:47:46] [250/445] PCMA
[01:47:47] [251/445] SGCM
[01:47:48] [252/445] SDTU
[01:47:49] [253/445] MMVI
[01:47:50] [254/445] JKCM
[01:47:51] [255/445] VCMM
[01:47:51] [256/445] SYEE
[01:47:53] [257/445] VASD
[01:47:54] [258/445] BDRB
[01:47:55] [259/445] LASM
[01:47:55] [260/445] DCRL
[01:47:56] [261/445] DVPM
[01:47:57] [262/445] SBMJ
[01:47:58] [263/445] CBMU
[01:47:59] [264/445] IUBS
[01:48:00] [265/445] INAP
[01:48:01] [266/445] SRRC
[01:48:02] [267/445] SAGR
[01:48:03] [268/445] CPMJ
[01:48:04] [269/445] ATJL
[01:48:06] [270/445] NNTD
[01:48:07] [271/445] JHCJ
[01:48:08] [272/445] CMMP
[01:48:09] [273/445] RSDR
[01:48:10] [274/445] AMTI
[01:48:11] [275/445] NYSG
[01:48:12] [276/445] AVSG
[01:48:12] [277/445] SYTP
[01:48:13] [278/445] LARC
[01:48:14] [279/445] RJTP
[01:48:15] [280/445] LAKC
[01:48:16] [281/445] MCXE
[01:48:17] [282/445] CCZC
[01:48:18] [283/445] AVCH
[01:48:20] [284/445] CMBE
[01:48:20] [285/445] MRRC
[01:48:21] [286/445] PCPY
[01:48:22] [287/445] SRMH
[01:48:23] [288/445] SVGS
[01:48:24] [289/445] PCSE
[01:48:25] [290/445] SVFT
[01:48:26] [291/445] TNZP
[01:48:27] [292/445] ICTP
[01:48:28] [293/445] ACTZ
[01:48:29] [294/445] GTUR
[01:48:30] [295/445] MAFC
[01:48:31] [296/445] MINL
[01:48:32] [297/445] MRCL
[01:48:33] [298/445] RCRP
[01:48:34] [299/445] RFFG
[01:48:34] [300/445] RMAS
[01:48:35] [301/445] INVR
[01:48:36] [302/445] RMAR
[01:48:37] [303/445] CNIS
[01:48:38] [304/445] RHRJ
[01:48:39] [305/445] INXR
[01:48:40] [306/445] VALT
[01:48:42] [307/445] LCSH
[01:48:42] [308/445] CMVS
[01:48:43] [309/445] CNMS
[01:48:44] [310/445] ROOG
[01:48:45] [311/445] ISRM
[01:48:46] [312/445] RCRM
[01:48:47] [313/445] ACJA
[01:48:48] [314/445] RCVS
[01:48:49] [315/445] CPUS
[01:48:50] [316/445] TGCS
[01:48:51] [317/445] RKCJ
[01:48:51] [318/445] MKSB
[01:48:53] [319/445] TCSJ
[01:48:54] [320/445] RMGP
[01:48:55] [321/445] CLLP
[01:48:56] [322/445] RCMV
[01:48:57] [323/445] CCKS
[01:48:58] [324/445] RSRP
[01:48:58] [325/445] APLP
[01:49:00] [326/445] CNVS
[01:49:00] [327/445] RMVY
[01:49:01] [328/445] PGBD
[01:49:02] [329/445] KLMS
[01:49:03] [330/445] RUST
[01:49:04] [331/445] MASM
[01:49:05] [332/445] BACS
[01:49:05] [333/445] BWST
[01:49:06] [334/445] RRFH
[01:49:07] [335/445] SJTM
[01:49:08] [336/445] BEMR
[01:49:10] [337/445] MCGR
[01:49:11] [338/445] SDSK
[01:49:12] [339/445] VBOL
[01:49:13] [340/445] RMGM
[01:49:14] [341/445] NOPL
[01:49:15] [342/445] MKJK
[01:49:16] [343/445] CVRN
[01:49:17] [344/445] MMEN
[01:49:18] [345/445] AMNG
[01:49:19] [346/445] INTM
[01:49:20] [347/445] SLCZ
[01:49:21] [348/445] AMJN
[01:49:22] [349/445] ACJN
[01:49:23] [350/445] AMKN
[01:49:24] [351/445] BTCN
[01:49:25] [352/445] AMBT
[01:49:25] [353/445] PACN
[01:49:26] [354/445] LCNS
[01:49:27] [355/445] PPKC
[01:49:28] [356/445] JYYN
[01:49:30] [357/445] JTNR
[01:49:31] [358/445] GTEE
[01:49:32] [359/445] SRNM
[01:49:33] [360/445] SDTC
[01:49:34] [361/445] VPCA
[01:49:36] [362/445] VLRA
[01:49:37] [363/445] SHKR
[01:49:38] [364/445] SBKD
[01:49:39] [365/445] SAAD
[01:49:39] [366/445] JTGN
[01:49:40] [367/445] SLAM
[01:49:41] [368/445] VTPM
[01:49:42] [369/445] ANPT
[01:49:43] [370/445] PUNB
[01:49:44] [371/445] CPKT
[01:49:45] [372/445] CNWE
[01:49:47] [373/445] ECPP
[01:49:48] [374/445] CPAR
[01:49:49] [375/445] ESBW
[01:49:49] [376/445] PKPU
[01:49:50] [377/445] CPRP
[01:49:51] [378/445] RAHU
[01:49:52] [379/445] RHMN
[01:49:53] [380/445] FMJP
[01:49:54] [381/445] CTMP
[01:49:56] [382/445] INPN
[01:49:56] [383/445] STTG
[01:49:57] [384/445] CTRD
[01:49:58] [385/445] PUVB
[01:49:59] [386/445] ESVP
[01:50:00] [387/445] CPFT
[01:50:01] [388/445] LCPC
[01:50:01] [389/445] VBCT
[01:50:02] [390/445] FSCW
[01:50:04] [391/445] VCMP
[01:50:05] [392/445] ASHC
[01:50:05] [393/445] VLCX
[01:50:06] [394/445] SHEV
[01:50:07] [395/445] APCO
[01:50:08] [396/445] SILC
[01:50:10] [397/445] SNMR
[01:50:11] [398/445] KYBO
[01:50:12] [399/445] SATK
[01:50:13] [400/445] SSCS
[01:50:14] [401/445] CLSB
[01:50:15] [402/445] KMJR
[01:50:16] [403/445] FSCK
[01:50:17] [404/445] NNKA
[01:50:17] [405/445] CLMK
[01:50:18] [406/445] DMPZ
[01:50:19] [407/445] INQM
[01:50:20] [408/445] CAML
[01:50:21] [409/445] INRK
[01:50:23] [410/445] IMKN
[01:50:23] [411/445] SVNR
[01:50:24] [412/445] INSL
[01:50:25] [413/445] MSMA
[01:50:26] [414/445] MCKK
[01:50:28] [415/445] FCHP
[01:50:29] [416/445] SFCR
[01:50:29] [417/445] NACK
[01:50:30] [418/445] PVAK
[01:50:31] [419/445] INER
[01:50:32] [420/445] RDBK
[01:50:33] [421/445] SVFN
[01:50:34] [422/445] IFRM
[01:50:35] [423/445] ATCK
[01:50:36] [424/445] ASKO
[01:50:36] [425/445] STKT
[01:50:37] [426/445] SVFB
[01:50:38] [427/445] INKS
[01:50:39] [428/445] PCRA
[01:50:40] [429/445] ATJA
[01:50:41] [430/445] IMJN
[01:50:42] [431/445] INHD
[01:50:42] [432/445] BARA
[01:50:44] [433/445] MCSL
[01:50:46] [434/445] RTOY
[01:50:47] [435/445] MENO
[01:50:48] [436/445] PUDM
[01:50:50] [437/445] PRCN
[01:50:51] [438/445] JMJR
[01:50:52] [439/445] SSGK
[01:50:53] [440/445] SSRL
[01:50:54] [441/445] JYKL
[01:50:55] [442/445] ACNB
[01:50:56] [443/445] SONP
[01:50:57] [444/445] EMCI
[01:50:57] [445/445] MRJH
[01:50:58] ✅ DONE | Shows=0 | Movies=0
[02:41:00] 🚀 BMS DAILY TRACKER STARTED
[02:41:00] [1/445] TGMR
[02:41:00] 🧠 New identity
[02:41:01] [2/445] CXKR
[02:41:02] [3/445] SROP
[02:41:03] [4/445] GTSV
[02:41:04] [5/445] SNTY
[02:41:05] [6/445] SMYY
[02:41:06] [7/445] CNCS
[02:41:07] [8/445] CSTM
[02:41:08] [9/445] NUCD
[02:41:09] [10/445] SHCZ
[02:41:10] [11/445] NJCT
[02:41:11] [12/445] COPC
[02:41:12] [13/445] STVV
[02:41:13] [14/445] SKRN
[02:41:14] [15/445] APPZ
[02:41:15] [16/445] YMGN
[02:41:16] [17/445] SVTU
[02:41:16] [18/445] GTAD
[02:41:17] [19/445] PSUS
[02:41:18] [20/445] SMCD
[02:41:19] [21/445] CMCM
[02:41:20] [22/445] SYCT
[02:41:21] [23/445] STLY
[02:41:22] [24/445] CMHU
[02:41:23] [25/445] CMSA
[02:41:24] [26/445] CLCU
[02:41:25] [27/445] PPNT
[02:41:26] [28/445] JTAB
[02:41:27] [29/445] BUUC
[02:41:28] [30/445] BSVK
[02:41:29] [31/445] VVVQ
[02:41:30] [32/445] TKMU
[02:41:31] [33/445] ESYL
[02:41:32] [34/445] ACHP
[02:41:33] [35/445] BTKD
[02:41:34] [36/445] DESA
[02:41:35] [37/445] GBCT
[02:41:36] [38/445] BLLD
[02:41:37] [39/445] SKNT
[02:41:38] [40/445] SSTE
[02:41:39] [41/445] VJMR
[02:41:40] [42/445] NTPU
[02:41:42] [43/445] RDKN
[02:41:43] [44/445] ADGC
[02:41:43] [45/445] VRBP
[02:41:44] [46/445] NMNA
[02:41:45] [47/445] CMMX
[02:41:46] [48/445] PTKO
[02:41:47] [49/445] RBML
[02:41:49] [50/445] SAIC
[02:41:50] [51/445] SVTJ
[02:41:51] [52/445] MRTE
[02:41:52] [53/445] RBTP
[02:41:53] [54/445] NLPS
[02:41:54] [55/445] GTNA
[02:41:55] [56/445] DGGC
[02:41:56] [57/445] SMCR
[02:41:57] [58/445] SCGD
[02:41:57] [59/445] SRRJ
[02:41:58] [60/445] CNRY
[02:41:59] [61/445] KTDI
[02:42:01] [62/445] SNJL
[02:42:03] [63/445] RKMD
[02:42:04] [64/445] SMDC
[02:42:05] [65/445] TADG
[02:42:06] [66/445] MCGS
[02:42:07] [67/445] PETK
[02:42:08] [68/445] CHAG
[02:42:09] [69/445] KSTL
[02:42:10] [70/445] AADS
[02:42:11] [71/445] NTHZ
[02:42:12] [72/445] HCKI
[02:42:13] [73/445] SSEF
[02:42:14] [74/445] MCGX
[02:42:15] [75/445] ERRA
[02:42:16] [76/445] SDTW
[02:42:17] [77/445] RMPK
[02:42:18] [78/445] PTHK
[02:42:19] [79/445] PXCS
[02:42:21] [80/445] SVLU
[02:42:22] [81/445] STAH
[02:42:22] [82/445] JRGF
[02:42:23] [83/445] CDOK
[02:42:24] [84/445] CMSG
[02:42:25] [85/445] APTD
[02:42:26] [86/445] KMPG
[02:42:27] [87/445] MUTJ
[02:42:28] [88/445] VCCI
[02:42:29] [89/445] URBE
[02:42:30] [90/445] TCTS
[02:42:31] [91/445] STSN
[02:42:33] [92/445] AKCH
[02:42:34] [93/445] APSC
[02:42:35] [94/445] VLTB
[02:42:36] [95/445] SANU
[02:42:37] [96/445] AXAM
[02:42:38] [97/445] MGMG
[02:42:39] [98/445] HTBY
[02:42:40] [99/445] MMZS
[02:42:41] [100/445] SUDR
[02:42:42] [101/445] CCAD
[02:42:43] [102/445] SKKC
[02:42:44] [103/445] RMCD
[02:42:45] [104/445] SBCQ
[02:42:46] [105/445] DCCT
[02:42:47] [106/445] VTKP
[02:42:48] [107/445] MLAM
[02:42:49] [108/445] SAVT
[02:42:50] [109/445] GEPL
[02:42:51] [110/445] AMCD
[02:42:52] [111/445] CCXR
[02:42:53] [112/445] GRNG
[02:42:54] [113/445] EBCA
[02:42:56] [114/445] CNVG
[02:42:57] [115/445] MWSS
[02:42:58] [116/445] VBOR
[02:42:59] [117/445] NEEB
[02:43:00] [118/445] SUTH
[02:43:01] [119/445] ANDB
[02:43:02] [120/445] MMXS
[02:43:03] [121/445] CNPD
[02:43:04] [122/445] SDCE
[02:43:05] [123/445] DHCB
[02:43:06] [124/445] ODEN
[02:43:06] [125/445] TNTC
[02:43:07] [126/445] VBKM
[02:43:08] [127/445] RZYM
[02:43:10] [128/445] JEMC
[02:43:10] [129/445] CMAU
[02:43:12] [130/445] SIVP
[02:43:13] [131/445] ATAG
[02:43:14] [132/445] CHTM
[02:43:15] [133/445] AAEE
[02:43:16] [134/445] IWPM
[02:43:17] [135/445] KCMW
[02:43:18] [136/445] MCTD
[02:43:19] [137/445] SPWR
[02:43:20] [138/445] SDPO
[02:43:21] [139/445] PCSK
[02:43:22] [140/445] ACHV
[02:43:23] [141/445] SVLA
[02:43:24] [142/445] PICT
[02:43:25] [143/445] BXDR
[02:43:26] [144/445] SPWA
[02:43:27] [145/445] MCKO
[02:43:28] [146/445] RTHK
[02:43:29] [147/445] CCMF
[02:43:30] [148/445] MRGB
[02:43:31] [149/445] CPLC
[02:43:31] [150/445] RACD
[02:43:32] [151/445] ATKT
[02:43:33] [152/445] SARN
[02:43:34] [153/445] KKUI
[02:43:35] [154/445] RGCM
[02:43:36] [155/445] BRVP
[02:43:37] [156/445] HRSR
[02:43:37] [157/445] GKGM
[02:43:38] [158/445] TTCD
[02:43:39] [159/445] PTTI
[02:43:40] [160/445] MPTT
[02:43:41] [161/445] CVTT
[02:43:42] [162/445] PCXD
[02:43:43] [163/445] GCDC
[02:43:44] [164/445] CCCF
[02:43:45] [165/445] MRAD
[02:43:46] [166/445] CPLK
[02:43:47] [167/445] SATB
[02:43:48] [168/445] SNVG
[02:43:48] [169/445] JMBA
[02:43:49] [170/445] TEJA
[02:43:50] [171/445] STYO
[02:43:51] [172/445] JTBP
[02:43:52] [173/445] KRGD
[02:43:53] [174/445] SLJJ
[02:43:53] [175/445] SPTJ
[02:43:54] [176/445] SWJG
[02:43:55] [177/445] LKRT
[02:43:57] [178/445] KCKA
[02:43:57] [179/445] SNCR
[02:43:58] [180/445] SMKL
[02:43:59] [181/445] GCFA
[02:44:00] [182/445] DDCK
[02:44:01] [183/445] NCHJ
[02:44:02] [184/445] RDMA
[02:44:03] [185/445] SVSV
[02:44:04] [186/445] SCJG
[02:44:05] [187/445] VKLP
[02:44:06] [188/445] NWCC
[02:44:07] [189/445] VKNS
[02:44:08] [190/445] SDDP
[02:44:09] [191/445] ACSI
[02:44:10] [192/445] SATG
[02:44:11] [193/445] SCMW
[02:44:12] [194/445] LKTK
[02:44:13] [195/445] VCKV
[02:44:14] [196/445] KKPE
[02:44:15] [197/445] KIGH
[02:44:15] [198/445] SRPM
[02:44:16] [199/445] SCAH
[02:44:17] [200/445] MUTA
[02:44:18] [201/445] SEPU
[02:44:19] [202/445] INOA
[02:44:20] [203/445] BASK
[02:44:21] [204/445] NECB
[02:44:22] [205/445] GTTG
[02:44:22] [206/445] ASSA
[02:44:23] [207/445] ANCL
[02:44:24] [208/445] GCTI
[02:44:25] [209/445] RCTS
[02:44:27] [210/445] ACNL
[02:44:28] [211/445] MYCT
[02:44:28] [212/445] NMHT
[02:44:29] [213/445] MDIT
[02:44:30] [214/445] LATG
[02:44:31] [215/445] SMTY
[02:44:32] [216/445] CVCT
[02:44:34] [217/445] RAMB
[02:44:35] [218/445] TGMS
[02:44:36] [219/445] BHEL
[02:44:37] [220/445] SHCT
[02:44:38] [221/445] SVCT
[02:44:39] [222/445] MRIY
[02:44:40] [223/445] SARO
[02:44:40] [224/445] STCT
[02:44:42] [225/445] JKKC
[02:44:42] [226/445] PLTT
[02:44:44] [227/445] SRNT
[02:44:44] [228/445] YAST
[02:44:45] [229/445] PERL
[02:44:46] [230/445] CICM
[02:44:47] [231/445] MMTR
[02:44:48] [232/445] ABTK
[02:44:49] [233/445] ATYY
[02:44:50] [234/445] ASTK
[02:44:51] [235/445] VVCK
[02:44:52] [236/445] ATKY
[02:44:53] [237/445] GWEK
[02:44:54] [238/445] SVFH
[02:44:55] [239/445] SLTA
[02:44:56] [240/445] AASH
[02:44:56] [241/445] ACXB
[02:44:57] [242/445] SMTX
[02:44:58] [243/445] AZDH
[02:44:59] [244/445] CMMH
[02:45:00] [245/445] SCSZ
[02:45:01] [246/445] SCKP
[02:45:02] [247/445] NXTM
[02:45:03] [248/445] NWCS
[02:45:03] [249/445] CXMH
[02:45:05] [250/445] PCMA
[02:45:06] [251/445] SGCM
[02:45:07] [252/445] SDTU
[02:45:08] [253/445] MMVI
[02:45:08] [254/445] JKCM
[02:45:09] [255/445] VCMM
[02:45:10] [256/445] SYEE
[02:45:11] [257/445] VASD
[02:45:12] [258/445] BDRB
[02:45:13] [259/445] LASM
[02:45:14] [260/445] DCRL
[02:45:15] [261/445] DVPM
[02:45:16] [262/445] SBMJ
[02:45:17] [263/445] CBMU
[02:45:18] [264/445] IUBS
[02:45:19] [265/445] INAP
[02:45:19] [266/445] SRRC
[02:45:21] [267/445] SAGR
[02:45:21] [268/445] CPMJ
[02:45:22] [269/445] ATJL
[02:45:23] [270/445] NNTD
[02:45:24] [271/445] JHCJ
[02:45:25] [272/445] CMMP
[02:45:26] [273/445] RSDR
[02:45:26] [274/445] AMTI
[02:45:27] [275/445] NYSG
[02:45:28] [276/445] AVSG
[02:45:29] [277/445] SYTP
[02:45:30] [278/445] LARC
[02:45:31] [279/445] RJTP
[02:45:33] [280/445] LAKC
[02:45:34] [281/445] MCXE
[02:45:34] [282/445] CCZC
[02:45:35] [283/445] AVCH
[02:45:36] [284/445] CMBE
[02:45:37] [285/445] MRRC
[02:45:38] [286/445] PCPY
[02:45:39] [287/445] SRMH
[02:45:40] [288/445] SVGS
[02:45:41] [289/445] PCSE
[02:45:41] [290/445] SVFT
[02:45:42] [291/445] TNZP
[02:45:43] [292/445] ICTP
[02:45:44] [293/445] ACTZ
[02:45:45] [294/445] GTUR
[02:45:46] [295/445] MAFC
[02:45:47] [296/445] MINL
[02:45:48] [297/445] MRCL
[02:45:49] [298/445] RCRP
[02:45:49] [299/445] RFFG
[02:45:50] [300/445] RMAS
[02:45:51] [301/445] INVR
[02:45:52] [302/445] RMAR
[02:45:53] [303/445] CNIS
[02:45:54] [304/445] RHRJ
[02:45:55] [305/445] INXR
[02:45:55] [306/445] VALT
[02:45:56] [307/445] LCSH
[02:45:58] [308/445] CMVS
[02:45:59] [309/445] CNMS
[02:45:59] [310/445] ROOG
[02:46:00] [311/445] ISRM
[02:46:01] [312/445] RCRM
[02:46:02] [313/445] ACJA
[02:46:03] [314/445] RCVS
[02:46:04] [315/445] CPUS
[02:46:05] [316/445] TGCS
[02:46:06] [317/445] RKCJ
[02:46:06] [318/445] MKSB
[02:46:07] [319/445] TCSJ
[02:46:08] [320/445] RMGP
[02:46:10] [321/445] CLLP
[02:46:10] [322/445] RCMV
[02:46:11] [323/445] CCKS
[02:46:12] [324/445] RSRP
[02:46:13] [325/445] APLP
[02:46:14] [326/445] CNVS
[02:46:15] [327/445] RMVY
[02:46:16] [328/445] PGBD
[02:46:17] [329/445] KLMS
[02:46:18] [330/445] RUST
[02:46:19] [331/445] MASM
[02:46:19] [332/445] BACS
[02:46:21] [333/445] BWST
[02:46:22] [334/445] RRFH
[02:46:23] [335/445] SJTM
[02:46:23] [336/445] BEMR
[02:46:24] [337/445] MCGR
[02:46:25] [338/445] SDSK
[02:46:26] [339/445] VBOL
[02:46:27] [340/445] RMGM
[02:46:28] [341/445] NOPL
[02:46:29] [342/445] MKJK
[02:46:30] [343/445] CVRN
[02:46:31] [344/445] MMEN
[02:46:31] [345/445] AMNG
[02:46:32] [346/445] INTM
[02:46:33] [347/445] SLCZ
[02:46:34] [348/445] AMJN
[02:46:35] [349/445] ACJN
[02:46:36] [350/445] AMKN
[02:46:37] [351/445] BTCN
[02:46:38] [352/445] AMBT
[02:46:39] [353/445] PACN
[02:46:40] [354/445] LCNS
[02:46:41] [355/445] PPKC
[02:46:42] [356/445] JYYN
[02:46:42] [357/445] JTNR
[02:46:44] [358/445] GTEE
[02:46:44] [359/445] SRNM
[02:46:45] [360/445] SDTC
[02:46:46] [361/445] VPCA
[02:46:47] [362/445] VLRA
[02:46:48] [363/445] SHKR
[02:46:48] [364/445] SBKD
[02:46:49] [365/445] SAAD
[02:46:51] [366/445] JTGN
[02:46:52] [367/445] SLAM
[02:46:52] [368/445] VTPM
[02:46:54] [369/445] ANPT
[02:46:54] [370/445] PUNB
[02:46:55] [371/445] CPKT
[02:46:56] [372/445] CNWE
[02:46:57] [373/445] ECPP
[02:46:58] [374/445] CPAR
[02:46:59] [375/445] ESBW
[02:47:00] [376/445] PKPU
[02:47:02] [377/445] CPRP
[02:47:02] [378/445] RAHU
[02:47:03] [379/445] RHMN
[02:47:04] [380/445] FMJP
[02:47:05] [381/445] CTMP
[02:47:07] [382/445] INPN
[02:47:07] [383/445] STTG
[02:47:08] [384/445] CTRD
[02:47:09] [385/445] PUVB
[02:47:10] [386/445] ESVP
[02:47:11] [387/445] CPFT
[02:47:12] [388/445] LCPC
[02:47:12] [389/445] VBCT
[02:47:13] [390/445] FSCW
[02:47:15] [391/445] VCMP
[02:47:16] [392/445] ASHC
[02:47:17] [393/445] VLCX
[02:47:18] [394/445] SHEV
[02:47:19] [395/445] APCO
[02:47:20] [396/445] SILC
[02:47:21] [397/445] SNMR
[02:47:22] [398/445] KYBO
[02:47:22] [399/445] SATK
[02:47:23] [400/445] SSCS
[02:47:24] [401/445] CLSB
[02:47:25] [402/445] KMJR
[02:47:26] [403/445] FSCK
[02:47:27] [404/445] NNKA
[02:47:28] [405/445] CLMK
[02:47:29] [406/445] DMPZ
[02:47:29] [407/445] INQM
[02:47:30] [408/445] CAML
[02:47:32] [409/445] INRK
[02:47:32] [410/445] IMKN
[02:47:33] [411/445] SVNR
[02:47:34] [412/445] INSL
[02:47:35] [413/445] MSMA
[02:47:36] [414/445] MCKK
[02:47:37] [415/445] FCHP
[02:47:38] [416/445] SFCR
[02:47:39] [417/445] NACK
[02:47:40] [418/445] PVAK
[02:47:41] [419/445] INER
[02:47:41] [420/445] RDBK
[02:47:42] [421/445] SVFN
[02:47:43] [422/445] IFRM
[02:47:44] [423/445] ATCK
[02:47:45] [424/445] ASKO
[02:47:46] [425/445] STKT
[02:47:47] [426/445] SVFB
[02:47:47] [427/445] INKS
[02:47:49] [428/445] PCRA
[02:47:49] [429/445] ATJA
[02:47:50] [430/445] IMJN
[02:47:51] [431/445] INHD
[02:47:52] [432/445] BARA
[02:47:53] [433/445] MCSL
[02:47:54] [434/445] RTOY
[02:47:55] [435/445] MENO
[02:47:56] [436/445] PUDM
[02:47:57] [437/445] PRCN
[02:47:58] [438/445] JMJR
[02:47:58] [439/445] SSGK
[02:48:00] [440/445] SSRL
[02:48:00] [441/445] JYKL
[02:48:01] [442/445] ACNB
[02:48:02] [443/445] SONP
[02:48:04] [444/445] EMCI
[02:48:05] [445/445] MRJH
[02:48:05] ✅ DONE | Shows=0 | Movies=0
