[00:40:13] 🚀 BMS DAILY TRACKER STARTED
[00:40:13] [1/459] FNDB
[00:40:13] 🧠 New identity
[00:40:14] [2/459] AMBH
[00:40:15] [3/459] PRHN
[00:40:16] [4/459] ACPM
[00:40:17] [5/459] PVFS
[00:40:18] [6/459] AACN
[00:40:19] [7/459] ACAS
[00:40:20] [8/459] CTNR
[00:40:21] [9/459] MMAH
[00:40:22] [10/459] CPMH
[00:40:23] [11/459] IGMH
[00:40:24] [12/459] ABCS
[00:40:25] [13/459] CMMA
[00:40:26] [14/459] GPRH
[00:40:26] [15/459] PNNG
[00:40:27] [16/459] AMCA
[00:40:28] [17/459] ISTN
[00:40:29] [18/459] PIIC
[00:40:30] [19/459] AHMH
[00:40:31] [20/459] ASHN
[00:40:32] [21/459] INHY
[00:40:33] [22/459] SRMO
[00:40:35] [23/459] PIMH
[00:40:36] [24/459] PVTS
[00:40:37] [25/459] MMCA
[00:40:37] [26/459] AKYJ
[00:40:38] [27/459] BRKH
[00:40:39] [28/459] MAHM
[00:40:40] [29/459] CPHY
[00:40:41] [30/459] PVTP
[00:40:42] [31/459] SMMR
[00:40:42] [32/459] PVHM
[00:40:43] [33/459] SNDY
[00:40:44] [34/459] GOKU
[00:40:45] [35/459] ACEV
[00:40:46] [36/459] PVUM
[00:40:47] [37/459] VSWA
[00:40:48] [38/459] IPRS
[00:40:49] [39/459] ASGN
[00:40:50] [40/459] BKMV
[00:40:51] [41/459] PVYH
[00:40:52] [42/459] INKM
[00:40:53] [43/459] ARJU
[00:40:54] [44/459] JJPP
[00:40:55] [45/459] SSRM
[00:40:56] [46/459] HMHD
[00:40:57] [47/459] SNKH
[00:40:58] [48/459] ACHI
[00:40:59] [49/459] MRAA
[00:41:00] [50/459] INMH
[00:41:01] [51/459] ARMH
[00:41:02] [52/459] DVRR
[00:41:03] [53/459] SUDA
[00:41:04] [54/459] MCSS
[00:41:05] [55/459] VRKC
[00:41:06] [56/459] PRCX
[00:41:07] [57/459] ASJY
[00:41:08] [58/459] MTHY
[00:41:09] [59/459] SRCM
[00:41:10] [60/459] TVHY
[00:41:11] [61/459] STHD
[00:41:12] [62/459] CPCL
[00:41:13] [63/459] PSMJ
[00:41:14] [64/459] MRGT
[00:41:16] [65/459] ARYH
[00:41:16] [66/459] VTRB
[00:41:17] [67/459] SCHC
[00:41:19] [68/459] MRRG
[00:41:20] [69/459] SPCB
[00:41:21] [70/459] AMCM
[00:41:21] [71/459] IVNM
[00:41:22] [72/459] TRHY
[00:41:23] [73/459] PTTH
[00:41:24] [74/459] RKMH
[00:41:24] [75/459] PRCS
[00:41:25] [76/459] VAJA
[00:41:27] [77/459] BJNG
[00:41:28] [78/459] SCVM
[00:41:29] [79/459] GNHB
[00:41:30] [80/459] TLUR
[00:41:31] [81/459] UKCC
[00:41:31] [82/459] SRKR
[00:41:33] [83/459] RMKN
[00:41:34] [84/459] SLRT
[00:41:34] [85/459] LKMT
[00:41:35] [86/459] SSRJ
[00:41:37] [87/459] SPHT
[00:41:38] [88/459] ANTT
[00:41:39] [89/459] SRCH
[00:41:40] [90/459] SRCA
[00:41:41] [91/459] ARTH
[00:41:42] [92/459] MCBH
[00:41:43] [93/459] SNIB
[00:41:44] [94/459] SART
[00:41:44] [95/459] SKTA
[00:41:45] [96/459] YAKT
[00:41:46] [97/459] MLCK
[00:41:47] [98/459] ANTS
[00:41:48] [99/459] DGCA
[00:41:49] [100/459] SGMP
[00:41:49] [101/459] ASWN
[00:41:50] [102/459] KFVU
[00:41:51] [103/459] POOR
[00:41:52] [104/459] GKDN
[00:41:52] [105/459] EOSE
[00:41:53] [106/459] GTTT
[00:41:55] [107/459] ARRO
[00:41:56] [108/459] CMMK
[00:41:57] [109/459] MSCN
[00:41:58] [110/459] GDKH
[00:42:00] [111/459] DLMT
[00:42:01] [112/459] PVMF
[00:42:02] [113/459] CPCK
[00:42:03] [114/459] VMHE
[00:42:04] [115/459] PVLC
[00:42:05] [116/459] PCVB
[00:42:06] [117/459] SNYK
[00:42:07] [118/459] KTEK
[00:42:08] [119/459] PCNM
[00:42:09] [120/459] NTTR
[00:42:10] [121/459] CPSK
[00:42:11] [122/459] JMMA
[00:42:12] [123/459] GCFK
[00:42:13] [124/459] MYCA
[00:42:14] [125/459] KSNP
[00:42:15] [126/459] PMCE
[00:42:17] [127/459] SCKI
[00:42:18] [128/459] FSMA
[00:42:18] [129/459] CETA
[00:42:19] [130/459] MCIK
[00:42:20] [131/459] MYCR
[00:42:21] [132/459] EVMP
[00:42:23] [133/459] SSGT
[00:42:23] [134/459] KCTK
[00:42:24] [135/459] ZTKC
[00:42:25] [136/459] MMTA
[00:42:25] [137/459] MAJT
[00:42:26] [138/459] ACPK
[00:42:27] [139/459] JMAX
[00:42:28] [140/459] SETK
[00:42:29] [141/459] CAIS
[00:42:30] [142/459] AGCD
[00:42:31] [143/459] URCL
[00:42:32] [144/459] VTDS
[00:42:33] [145/459] JCNM
[00:42:34] [146/459] KCAM
[00:42:35] [147/459] ADCU
[00:42:36] [148/459] GXYN
[00:42:37] [149/459] SMJG
[00:42:37] [150/459] EYCJ
[00:42:38] [151/459] CCEJ
[00:42:39] [152/459] MARS
[00:42:40] [153/459] CPVJ
[00:42:41] [154/459] INVP
[00:42:41] [155/459] CPOV
[00:42:42] [156/459] VIJK
[00:42:43] [157/459] LAIM
[00:42:44] [158/459] STHV
[00:42:45] [159/459] SVLJ
[00:42:46] [160/459] ATVJ
[00:42:47] [161/459] JTSC
[00:42:47] [162/459] RMTV
[00:42:48] [163/459] MGGG
[00:42:49] [164/459] SWTH
[00:42:50] [165/459] INVJ
[00:42:51] [166/459] PRSV
[00:42:52] [167/459] JATV
[00:42:53] [168/459] RCVD
[00:42:53] [169/459] BDMA
[00:42:54] [170/459] BLJI
[00:42:55] [171/459] SWOT
[00:42:56] [172/459] SWRN
[00:42:57] [173/459] TVRA
[00:42:58] [174/459] VCSV
[00:42:58] [175/459] NVRN
[00:43:00] [176/459] SIKC
[00:43:01] [177/459] VAKR
[00:43:02] [178/459] SYLN
[00:43:03] [179/459] KLJL
[00:43:04] [180/459] LKMY
[00:43:04] [181/459] VSLY
[00:43:06] [182/459] CIKO
[00:43:07] [183/459] GPBG
[00:43:08] [184/459] CECM
[00:43:09] [185/459] SLKB
[00:43:10] [186/459] MTBO
[00:43:11] [187/459] SSHB
[00:43:12] [188/459] VPCS
[00:43:12] [189/459] RCSR
[00:43:13] [190/459] RJRM
[00:43:14] [191/459] KPPB
[00:43:15] [192/459] SEDC
[00:43:16] [193/459] SCAI
[00:43:17] [194/459] RMTR
[00:43:19] [195/459] ASST
[00:43:19] [196/459] GCAK
[00:43:20] [197/459] ANNK
[00:43:21] [198/459] KDDF
[00:43:22] [199/459] NRDP
[00:43:23] [200/459] PLAK
[00:43:23] [201/459] GCMC
[00:43:25] [202/459] ALPY
[00:43:26] [203/459] SICE
[00:43:27] [204/459] SISR
[00:43:27] [205/459] SRPZ
[00:43:28] [206/459] SRSW
[00:43:29] [207/459] SUYA
[00:43:30] [208/459] AMMT
[00:43:31] [209/459] BHCU
[00:43:32] [210/459] KLPA
[00:43:33] [211/459] NVKH
[00:43:34] [212/459] JMRC
[00:43:35] [213/459] KTTT
[00:43:36] [214/459] MAGH
[00:43:36] [215/459] MMMX
[00:43:37] [216/459] SALJ
[00:43:38] [217/459] GTJA
[00:43:39] [218/459] MAHT
[00:43:40] [219/459] SSNN
[00:43:40] [220/459] ARRP
[00:43:41] [221/459] ATNS
[00:43:42] [222/459] SKDT
[00:43:43] [223/459] ACAT
[00:43:44] [224/459] APRC
[00:43:45] [225/459] SWAG
[00:43:46] [226/459] SDPT
[00:43:47] [227/459] STPS
[00:43:48] [228/459] WWCZ
[00:43:49] [229/459] LLCH
[00:43:49] [230/459] MZHA
[00:43:50] [231/459] CRJG
[00:43:51] [232/459] JGTK
[00:43:52] [233/459] KCSR
[00:43:53] [234/459] CHTL
[00:43:54] [235/459] EDSR
[00:43:55] [236/459] CSWO
[00:43:55] [237/459] CPVM
[00:43:56] [238/459] MXBY
[00:43:57] [239/459] FMMA
[00:43:58] [240/459] POVI
[00:43:59] [241/459] MTHB
[00:44:00] [242/459] INRC
[00:44:01] [243/459] PIPP
[00:44:01] [244/459] BMXC
[00:44:03] [245/459] PCMM
[00:44:04] [246/459] PMKM
[00:44:05] [247/459] GATY
[00:44:05] [248/459] IMCM
[00:44:06] [249/459] POPE
[00:44:07] [250/459] MTCR
[00:44:08] [251/459] PVAE
[00:44:09] [252/459] PVMI
[00:44:10] [253/459] CPNM
[00:44:11] [254/459] FMRL
[00:44:12] [255/459] MCIW
[00:44:13] [256/459] MXBO
[00:44:14] [257/459] FMKY
[00:44:15] [258/459] FMDA
[00:44:17] [259/459] THAB
[00:44:18] [260/459] PRCW
[00:44:19] [261/459] PITI
[00:44:19] [262/459] MCFF
[00:44:20] [263/459] PDDV
[00:44:21] [264/459] MCRM
[00:44:22] [265/459] KKMB
[00:44:23] [266/459] INKO
[00:44:24] [267/459] PLXP
[00:44:25] [268/459] MMHA
[00:44:25] [269/459] FMVS
[00:44:27] [270/459] POLM
[00:44:27] [271/459] STER
[00:44:28] [272/459] PVWJ
[00:44:29] [273/459] IMJW
[00:44:30] [274/459] FNAN
[00:44:31] [275/459] CAGL
[00:44:32] [276/459] IPBG
[00:44:33] [277/459] SMFV
[00:44:34] [278/459] MMMR
[00:44:35] [279/459] MMWM
[00:44:36] [280/459] FNCM
[00:44:36] [281/459] MDVA
[00:44:37] [282/459] MMET
[00:44:38] [283/459] MIDO
[00:44:39] [284/459] INNP
[00:44:41] [285/459] MIFU
[00:44:42] [286/459] MMSZ
[00:44:42] [287/459] BMXA
[00:44:44] [288/459] MCAA
[00:44:44] [289/459] SCVP
[00:44:46] [290/459] PLUS
[00:44:46] [291/459] MUCK
[00:44:47] [292/459] MTMA
[00:44:48] [293/459] HPVR
[00:44:49] [294/459] PMPK
[00:44:49] [295/459] MAJB
[00:44:50] [296/459] CTRR
[00:44:51] [297/459] MCTG
[00:44:51] [298/459] MACE
[00:44:52] [299/459] AAAS
[00:44:53] [300/459] CPVV
[00:44:54] [301/459] RCHG
[00:44:55] [302/459] MCNE
[00:44:56] [303/459] EMNC
[00:44:57] [304/459] MCAN
[00:44:58] [305/459] TCDM
[00:44:59] [306/459] IRGT
[00:45:00] [307/459] GCMG
[00:45:00] [308/459] MXSN
[00:45:01] [309/459] MXCK
[00:45:02] [310/459] MCRC
[00:45:03] [311/459] RSMI
[00:45:05] [312/459] WAML
[00:45:05] [313/459] MTSC
[00:45:06] [314/459] FMDR
[00:45:07] [315/459] LEPV
[00:45:08] [316/459] MTGD
[00:45:09] [317/459] IMOB
[00:45:10] [318/459] CLMM
[00:45:11] [319/459] PZCD
[00:45:12] [320/459] GOCS
[00:45:13] [321/459] KCMA
[00:45:14] [322/459] CCMP
[00:45:15] [323/459] MTSU
[00:45:15] [324/459] SNGL
[00:45:16] [325/459] MMMC
[00:45:17] [326/459] MMAA
[00:45:18] [327/459] GCDM
[00:45:19] [328/459] KTMV
[00:45:20] [329/459] AETE
[00:45:22] [330/459] OMCS
[00:45:22] [331/459] GDCD
[00:45:23] [332/459] NYMD
[00:45:24] [333/459] RNCV
[00:45:25] [334/459] KKMT
[00:45:26] [335/459] GDTH
[00:45:26] [336/459] KMMV
[00:45:27] [337/459] NHCG
[00:45:28] [338/459] PJDW
[00:45:29] [339/459] MMCV
[00:45:30] [340/459] FQSA
[00:45:31] [341/459] KURL
[00:45:32] [342/459] NNNX
[00:45:33] [343/459] AMAU
[00:45:33] [344/459] VVVM
[00:45:34] [345/459] VECU
[00:45:35] [346/459] WCVR
[00:45:36] [347/459] MTGG
[00:45:37] [348/459] SGTG
[00:45:38] [349/459] MNTG
[00:45:39] [350/459] JDDG
[00:45:39] [351/459] MBTK
[00:45:40] [352/459] SGCD
[00:45:41] [353/459] MCTC
[00:45:42] [354/459] JTPC
[00:45:42] [355/459] SDKT
[00:45:43] [356/459] KRCC
[00:45:44] [357/459] RMMD
[00:45:45] [358/459] AAME
[00:45:46] [359/459] TMWC
[00:45:47] [360/459] NRWY
[00:45:48] [361/459] CITD
[00:45:48] [362/459] VERD
[00:45:49] [363/459] MKSK
[00:45:50] [364/459] STSM
[00:45:51] [365/459] MJDG
[00:45:52] [366/459] RKPM
[00:45:53] [367/459] SSCE
[00:45:54] [368/459] VMAE
[00:45:55] [369/459] SBRU
[00:45:55] [370/459] AMBC
[00:45:56] [371/459] AMLU
[00:45:56] [372/459] INVZ
[00:45:57] [373/459] LGTV
[00:45:58] [374/459] SVAD
[00:45:59] [375/459] SMSA
[00:46:00] [376/459] SPCZ
[00:46:01] [377/459] GTCX
[00:46:02] [378/459] SCSL
[00:46:02] [379/459] SAHU
[00:46:03] [380/459] NCDA
[00:46:04] [381/459] SCCG
[00:46:05] [382/459] VKTL
[00:46:06] [383/459] PUUJ
[00:46:07] [384/459] STEJ
[00:46:07] [385/459] RJAL
[00:46:09] [386/459] ACJC
[00:46:10] [387/459] VTHC
[00:46:10] [388/459] ARVB
[00:46:11] [389/459] AUBB
[00:46:12] [390/459] GDBR
[00:46:13] [391/459] PVND
[00:46:14] [392/459] BGRJ
[00:46:15] [393/459] RJMM
[00:46:16] [394/459] MCSA
[00:46:16] [395/459] BODA
[00:46:17] [396/459] JAGG
[00:46:18] [397/459] SCGA
[00:46:19] [398/459] LRCM
[00:46:20] [399/459] CPCN
[00:46:20] [400/459] SSTF
[00:46:21] [401/459] SRXP
[00:46:22] [402/459] CNFX
[00:46:23] [403/459] ANDI
[00:46:23] [404/459] SYEW
[00:46:24] [405/459] RCRE
[00:46:25] [406/459] SCRW
[00:46:26] [407/459] MBKR
[00:46:27] [408/459] ASNT
[00:46:27] [409/459] JTMT
[00:46:28] [410/459] SHAY
[00:46:29] [411/459] VRTH
[00:46:30] [412/459] SPTI
[00:46:31] [413/459] DPTD
[00:46:32] [414/459] TGSN
[00:46:33] [415/459] RCWV
[00:46:34] [416/459] OCUR
[00:46:34] [417/459] KSTC
[00:46:35] [418/459] SANI
[00:46:36] [419/459] MLCA
[00:46:37] [420/459] EGCA
[00:46:38] [421/459] SYSN
[00:46:39] [422/459] PKTA
[00:46:39] [423/459] PRCC
[00:46:40] [424/459] KSTR
[00:46:41] [425/459] SNTP
[00:46:42] [426/459] RCHA
[00:46:43] [427/459] SEEA
[00:46:45] [428/459] ALAT
[00:46:45] [429/459] AATV
[00:46:46] [430/459] RJTE
[00:46:46] [431/459] AAPP
[00:46:47] [432/459] PMMH
[00:46:48] [433/459] INRJ
[00:46:49] [434/459] SARB
[00:46:50] [435/459] PCJL
[00:46:51] [436/459] PFJJ
[00:46:52] [437/459] GRDC
[00:46:52] [438/459] BCBA
[00:46:53] [439/459] VIXL
[00:46:54] [440/459] CSTL
[00:46:55] [441/459] MTDK
[00:46:56] [442/459] TDAC
[00:46:57] [443/459] GTDN
[00:46:57] [444/459] TTDE
[00:46:58] [445/459] ASTS
[00:46:59] [446/459] CPNS
[00:46:59] [447/459] PVVW
[00:47:00] [448/459] USEB
[00:47:02] [449/459] DTYN
[00:47:02] [450/459] PVLE
[00:47:03] [451/459] CIPS
[00:47:04] [452/459] PAEG
[00:47:04] [453/459] PTCW
[00:47:05] [454/459] G3SR
[00:47:06] [455/459] PGND
[00:47:07] [456/459] INVM
[00:47:08] [457/459] SPIA
[00:47:09] [458/459] PCSN
[00:47:09] [459/459] PPGV
[00:47:10] ✅ DONE | Shows=0 | Movies=0
