[00:40:13] 🚀 BMS DAILY TRACKER STARTED
[00:40:13] [1/459] MBDC
[00:40:13] 🧠 New identity
[00:40:14] [2/459] CHKM
[00:40:15] [3/459] JTKZ
[00:40:16] [4/459] CMCT
[00:40:17] [5/459] ASHO
[00:40:18] [6/459] ECDG
[00:40:19] [7/459] SPAT
[00:40:19] [8/459] HILC
[00:40:20] [9/459] SPPH
[00:40:21] [10/459] SBHN
[00:40:22] [11/459] RRCA
[00:40:22] [12/459] APAA
[00:40:23] [13/459] RAME
[00:40:24] [14/459] TMMS
[00:40:25] [15/459] BATK
[00:40:27] [16/459] LKOP
[00:40:28] [17/459] AMTT
[00:40:29] [18/459] PTGK
[00:40:29] [19/459] ANRS
[00:40:30] [20/459] VWBW
[00:40:32] [21/459] SVFG
[00:40:33] [22/459] STAT
[00:40:35] [23/459] GDCV
[00:40:35] [24/459] VEBI
[00:40:36] [25/459] VDSS
[00:40:37] [26/459] NTHV
[00:40:39] [27/459] AOCH
[00:40:39] [28/459] KASR
[00:40:40] [29/459] AYCS
[00:40:41] [30/459] SHAI
[00:40:43] [31/459] SKPE
[00:40:43] [32/459] SBTA
[00:40:44] [33/459] RTTD
[00:40:45] [34/459] CCJD
[00:40:46] [35/459] RSJJ
[00:40:47] [36/459] RKND
[00:40:48] [37/459] SVTX
[00:40:49] [38/459] BAKM
[00:40:50] [39/459] SVDC
[00:40:50] [40/459] MNCV
[00:40:52] [41/459] SJGC
[00:40:53] [42/459] MTPK
[00:40:53] [43/459] GATP
[00:40:54] [44/459] ABTS
[00:40:55] [45/459] ABDE
[00:40:56] [46/459] RCNM
[00:40:56] [47/459] KTHV
[00:40:57] [48/459] MDGJ
[00:40:58] [49/459] SMLM
[00:40:59] [50/459] JTMA
[00:41:00] [51/459] ACKP
[00:41:00] [52/459] SRTA
[00:41:01] [53/459] STAY
[00:41:02] [54/459] MAVO
[00:41:03] [55/459] APTS
[00:41:04] [56/459] OMEA
[00:41:06] [57/459] TTFD
[00:41:06] [58/459] MJCU
[00:41:07] [59/459] CXTE
[00:41:08] [60/459] CTPX
[00:41:09] [61/459] ASSL
[00:41:10] [62/459] CMVB
[00:41:11] [63/459] VPUR
[00:41:12] [64/459] JJDA
[00:41:12] [65/459] INBL
[00:41:13] [66/459] BIKB
[00:41:14] [67/459] NTBB
[00:41:15] [68/459] GLOB
[00:41:16] [69/459] SNTB
[00:41:17] [70/459] CHGV
[00:41:19] [71/459] SSBZ
[00:41:19] [72/459] PRDB
[00:41:20] [73/459] ISMT
[00:41:21] [74/459] MCSD
[00:41:22] [75/459] JBTT
[00:41:23] [76/459] GEKR
[00:41:24] [77/459] PVUN
[00:41:24] [78/459] NRTB
[00:41:25] [79/459] PRAA
[00:41:27] [80/459] PCBL
[00:41:28] [81/459] PTCM
[00:41:29] [82/459] KHNN
[00:41:30] [83/459] OMJE
[00:41:31] [84/459] STGN
[00:41:32] [85/459] RPMS
[00:41:32] [86/459] NWAD
[00:41:34] [87/459] BLCK
[00:41:35] [88/459] SVAA
[00:41:36] [89/459] URVM
[00:41:37] [90/459] ANTM
[00:41:38] [91/459] VJYM
[00:41:39] [92/459] MAZZ
[00:41:40] [93/459] CSHM
[00:41:41] [94/459] WGMH
[00:41:42] [95/459] SALN
[00:41:43] [96/459] BRTP
[00:41:45] [97/459] SVTA
[00:41:46] [98/459] SBTP
[00:41:47] [99/459] VLSS
[00:41:48] [100/459] SRJA
[00:41:50] [101/459] ANCG
[00:41:50] [102/459] CGGC
[00:41:51] [103/459] CRJA
[00:41:52] [104/459] USCR
[00:41:53] [105/459] MMEF
[00:41:54] [106/459] JCRJ
[00:41:55] [107/459] ADCM
[00:41:56] [108/459] BMYK
[00:41:56] [109/459] KICS
[00:41:57] [110/459] MBBT
[00:41:58] [111/459] MACK
[00:41:59] [112/459] CLDR
[00:42:00] [113/459] JYCR
[00:42:01] [114/459] DCRP
[00:42:02] [115/459] RAHT
[00:42:03] [116/459] CSSM
[00:42:04] [117/459] ATPK
[00:42:05] [118/459] KLRT
[00:42:06] [119/459] SRDD
[00:42:07] [120/459] CKMC
[00:42:08] [121/459] KRVM
[00:42:09] [122/459] AKCP
[00:42:10] [123/459] CNCV
[00:42:10] [124/459] PACT
[00:42:11] [125/459] NATP
[00:42:12] [126/459] PCPK
[00:42:13] [127/459] SMHO
[00:42:14] [128/459] CWTK
[00:42:15] [129/459] RVKZ
[00:42:15] [130/459] ASPD
[00:42:16] [131/459] VTKZ
[00:42:17] [132/459] LCSO
[00:42:18] [133/459] PRDY
[00:42:19] [134/459] RCAP
[00:42:19] [135/459] RGAR
[00:42:21] [136/459] RCAC
[00:42:21] [137/459] PMOD
[00:42:22] [138/459] PVCN
[00:42:23] [139/459] SCRZ
[00:42:24] [140/459] PVPC
[00:42:25] [141/459] STID
[00:42:26] [142/459] NEDD
[00:42:27] [143/459] BNBA
[00:42:27] [144/459] NTCD
[00:42:28] [145/459] OCDE
[00:42:29] [146/459] CCDU
[00:42:30] [147/459] CRXH
[00:42:31] [148/459] VLVT
[00:42:32] [149/459] CICI
[00:42:33] [150/459] SUCB
[00:42:34] [151/459] TCBP
[00:42:35] [152/459] SCCY
[00:42:36] [153/459] LXCY
[00:42:37] [154/459] NCMD
[00:42:38] [155/459] PHCS
[00:42:38] [156/459] DUXR
[00:42:39] [157/459] VNKS
[00:42:40] [158/459] SEDP
[00:42:41] [159/459] SVEN
[00:42:42] [160/459] SRKM
[00:42:43] [161/459] JTLT
[00:42:44] [162/459] SVSS
[00:42:45] [163/459] AMDE
[00:42:46] [164/459] WVRN
[00:42:46] [165/459] ISMG
[00:42:47] [166/459] WVKS
[00:42:49] [167/459] USCG
[00:42:50] [168/459] IOTG
[00:42:51] [169/459] RRJM
[00:42:52] [170/459] EDMP
[00:42:53] [171/459] SCGZ
[00:42:53] [172/459] GMGX
[00:42:54] [173/459] OMTP
[00:42:55] [174/459] MITD
[00:42:56] [175/459] SMMD
[00:42:57] [176/459] STML
[00:42:58] [177/459] MCFS
[00:42:58] [178/459] FPKA
[00:42:59] [179/459] OMLR
[00:43:00] [180/459] KKSC
[00:43:01] [181/459] RVMA
[00:43:02] [182/459] SCLL
[00:43:03] [183/459] SCDK
[00:43:04] [184/459] SXMI
[00:43:05] [185/459] SHDN
[00:43:06] [186/459] PAAD
[00:43:07] [187/459] UUCB
[00:43:08] [188/459] JHOL
[00:43:09] [189/459] SGWT
[00:43:10] [190/459] SRII
[00:43:10] [191/459] SGCK
[00:43:12] [192/459] SVVB
[00:43:13] [193/459] DMHA
[00:43:14] [194/459] PPNL
[00:43:15] [195/459] CPNL
[00:43:16] [196/459] WVLD
[00:43:17] [197/459] PSLV
[00:43:17] [198/459] VTTL
[00:43:18] [199/459] NPAD
[00:43:20] [200/459] PVCS
[00:43:21] [201/459] MCHL
[00:43:22] [202/459] PPLL
[00:43:22] [203/459] MALO
[00:43:23] [204/459] SWBH
[00:43:25] [205/459] PUGB
[00:43:26] [206/459] INBB
[00:43:27] [207/459] INNS
[00:43:28] [208/459] MCPT
[00:43:29] [209/459] SCMI
[00:43:29] [210/459] OCON
[00:43:30] [211/459] SCSM
[00:43:31] [212/459] RJVN
[00:43:32] [213/459] AMDK
[00:43:33] [214/459] ISMR
[00:43:34] [215/459] SMTD
[00:43:35] [216/459] VTDD
[00:43:36] [217/459] PDDZ
[00:43:37] [218/459] PCCK
[00:43:38] [219/459] INAM
[00:43:39] [220/459] FNKT
[00:43:41] [221/459] GDKA
[00:43:41] [222/459] MAYU
[00:43:42] [223/459] TCGU
[00:43:43] [224/459] KDCA
[00:43:44] [225/459] DOMY
[00:43:45] [226/459] PDDD
[00:43:46] [227/459] BJTS
[00:43:47] [228/459] VTCA
[00:43:48] [229/459] SBTM
[00:43:48] [230/459] SEET
[00:43:49] [231/459] SSTJ
[00:43:50] [232/459] SVNT
[00:43:51] [233/459] PPPR
[00:43:52] [234/459] PVYS
[00:43:54] [235/459] IOSE
[00:43:54] [236/459] ACTV
[00:43:55] [237/459] APVE
[00:43:56] [238/459] TCCL
[00:43:57] [239/459] SCMO
[00:43:58] [240/459] SAUM
[00:43:59] [241/459] KCJS
[00:44:00] [242/459] NJCJ
[00:44:00] [243/459] NECF
[00:44:01] [244/459] CCGW
[00:44:02] [245/459] CCMG
[00:44:03] [246/459] NYRG
[00:44:04] [247/459] NCSQ
[00:44:04] [248/459] GRCG
[00:44:05] [249/459] CCBT
[00:44:06] [250/459] ACGA
[00:44:07] [251/459] INAG
[00:44:08] [252/459] FUCG
[00:44:10] [253/459] AICF
[00:44:10] [254/459] GRGA
[00:44:11] [255/459] GDCN
[00:44:12] [256/459] RRCG
[00:44:13] [257/459] SDCH
[00:44:13] [258/459] WVJM
[00:44:14] [259/459] JCCZ
[00:44:16] [260/459] CNCL
[00:44:17] [261/459] TMLV
[00:44:17] [262/459] MEMB
[00:44:18] [263/459] SGTD
[00:44:19] [264/459] CONX
[00:44:20] [265/459] CCMH
[00:44:20] [266/459] ACMC
[00:44:21] [267/459] DTPD
[00:44:22] [268/459] POJA
[00:44:23] [269/459] FNBH
[00:44:25] [270/459] CGCB
[00:44:25] [271/459] RACN
[00:44:26] [272/459] JTSM
[00:44:26] [273/459] SCDN
[00:44:27] [274/459] AACK
[00:44:28] [275/459] RMCE
[00:44:28] [276/459] BSGB
[00:44:29] [277/459] MRCB
[00:44:30] [278/459] SRVR
[00:44:31] [279/459] VTKK
[00:44:32] [280/459] AMST
[00:44:33] [281/459] APCY
[00:44:34] [282/459] LMHO
[00:44:36] [283/459] MTZH
[00:44:37] [284/459] AMZB
[00:44:37] [285/459] SUVT
[00:44:38] [286/459] RCIP
[00:44:39] [287/459] KESR
[00:44:40] [288/459] SNKC
[00:44:41] [289/459] SCED
[00:44:41] [290/459] DVCA
[00:44:42] [291/459] VCDT
[00:44:43] [292/459] RRDI
[00:44:44] [293/459] DFCH
[00:44:45] [294/459] INSC
[00:44:45] [295/459] RGTR
[00:44:47] [296/459] FMOT
[00:44:48] [297/459] SCPM
[00:44:48] [298/459] GCDT
[00:44:50] [299/459] BRKT
[00:44:51] [300/459] DEMP
[00:44:52] [301/459] SRLC
[00:44:53] [302/459] KSTT
[00:44:54] [303/459] SMMT
[00:44:55] [304/459] SILM
[00:44:55] [305/459] JCVM
[00:44:56] [306/459] KCSV
[00:44:57] [307/459] MHLK
[00:44:58] [308/459] SLVL
[00:44:59] [309/459] RJKP
[00:45:00] [310/459] BBPC
[00:45:00] [311/459] MXCB
[00:45:01] [312/459] TCPK
[00:45:02] [313/459] RTBR
[00:45:03] [314/459] GAUT
[00:45:04] [315/459] DVCF
[00:45:05] [316/459] JTSB
[00:45:06] [317/459] SBLS
[00:45:07] [318/459] UDAY
[00:45:09] [319/459] PTNP
[00:45:09] [320/459] DMKT
[00:45:10] [321/459] NTDT
[00:45:11] [322/459] SHDJ
[00:45:12] [323/459] OTNC
[00:45:12] [324/459] RNTW
[00:45:13] [325/459] GCMI
[00:45:14] [326/459] CRCM
[00:45:16] [327/459] NNCZ
[00:45:17] [328/459] OEMO
[00:45:17] [329/459] PVJM
[00:45:19] [330/459] CPJI
[00:45:20] [331/459] RMCJ
[00:45:21] [332/459] CNWJ
[00:45:21] [333/459] EPJM
[00:45:22] [334/459] FNJJ
[00:45:23] [335/459] GCMJ
[00:45:24] [336/459] INPS
[00:45:25] [337/459] BICJ
[00:45:26] [338/459] ISTJ
[00:45:27] [339/459] INJC
[00:45:28] [340/459] GLXJ
[00:45:28] [341/459] INEM
[00:45:29] [342/459] JTMN
[00:45:30] [343/459] FRCJ
[00:45:31] [344/459] DDJP
[00:45:32] [345/459] INJV
[00:45:33] [346/459] GOLC
[00:45:34] [347/459] KOCI
[00:45:35] [348/459] FSTD
[00:45:36] [349/459] PACJ
[00:45:36] [350/459] GMCN
[00:45:37] [351/459] MMDJ
[00:45:38] [352/459] GODH
[00:45:39] [353/459] SKYN
[00:45:41] [354/459] NCTH
[00:45:42] [355/459] SKVZ
[00:45:43] [356/459] SVML
[00:45:44] [357/459] ACVZ
[00:45:44] [358/459] SURA
[00:45:45] [359/459] RTRB
[00:45:46] [360/459] LLCT
[00:45:47] [361/459] ATTS
[00:45:48] [362/459] JYCM
[00:45:48] [363/459] CTKR
[00:45:50] [364/459] LCKR
[00:45:51] [365/459] NYCV
[00:45:51] [366/459] NYOH
[00:45:52] [367/459] NOVX
[00:45:53] [368/459] MRGK
[00:45:54] [369/459] MOON
[00:45:55] [370/459] SBUC
[00:45:55] [371/459] GSVA
[00:45:56] [372/459] VIAK
[00:45:57] [373/459] SMVZ
[00:45:58] [374/459] MATE
[00:45:59] [375/459] RDCN
[00:46:00] [376/459] ASBL
[00:46:01] [377/459] ASVS
[00:46:01] [378/459] ASSR
[00:46:02] [379/459] SSKN
[00:46:03] [380/459] DRPV
[00:46:04] [381/459] MRHT
[00:46:05] [382/459] BSCN
[00:46:06] [383/459] RKNX
[00:46:07] [384/459] MSMC
[00:46:08] [385/459] MSCJ
[00:46:09] [386/459] BTBJ
[00:46:09] [387/459] MJCC
[00:46:10] [388/459] IOMM
[00:46:11] [389/459] ADGR
[00:46:12] [390/459] MYCP
[00:46:13] [391/459] IGCM
[00:46:14] [392/459] PGRK
[00:46:14] [393/459] VPGO
[00:46:16] [394/459] KOMS
[00:46:17] [395/459] URGG
[00:46:17] [396/459] GOST
[00:46:19] [397/459] LACT
[00:46:20] [398/459] BWCM
[00:46:20] [399/459] NCCW
[00:46:21] [400/459] SKYC
[00:46:23] [401/459] CCPM
[00:46:23] [402/459] VCBT
[00:46:23] [403/459] SDKR
[00:46:24] [404/459] CTYB
[00:46:25] [405/459] SHCX
[00:46:26] [406/459] RCUN
[00:46:26] [407/459] CNRA
[00:46:27] [408/459] RFCA
[00:46:28] [409/459] RDCU
[00:46:29] [410/459] SARK
[00:46:30] [411/459] SPPP
[00:46:31] [412/459] ADMB
[00:46:31] [413/459] JYOE
[00:46:32] [414/459] SRMD
[00:46:33] [415/459] RJDH
[00:46:34] [416/459] SSTD
[00:46:35] [417/459] AACV
[00:46:35] [418/459] PPVD
[00:46:36] [419/459] STCP
[00:46:37] [420/459] ANJR
[00:46:38] [421/459] ANLS
[00:46:39] [422/459] BIJO
[00:46:40] [423/459] AVAB
[00:46:41] [424/459] SPMD
[00:46:42] [425/459] SVJL
[00:46:43] [426/459] SDDJ
[00:46:43] [427/459] SLTU
[00:46:44] [428/459] SAKA
[00:46:45] [429/459] PMAM
[00:46:46] [430/459] FNAM
[00:46:46] [431/459] ACAM
[00:46:47] [432/459] SCMM
[00:46:48] [433/459] PMAK
[00:46:49] [434/459] NYSA
[00:46:50] [435/459] FCPA
[00:46:51] [436/459] GDAN
[00:46:52] [437/459] RSCA
[00:46:53] [438/459] DMAN
[00:46:54] [439/459] DZCM
[00:46:55] [440/459] NSGL
[00:46:56] [441/459] CCPP
[00:46:56] [442/459] PSMG
[00:46:57] [443/459] GSER
[00:46:58] [444/459] FCCT
[00:46:59] [445/459] FCTB
[00:47:00] [446/459] LCNK
[00:47:01] [447/459] SKTY
[00:47:01] [448/459] INAA
[00:47:02] [449/459] RCWN
[00:47:03] [450/459] VAIS
[00:47:04] [451/459] CVMN
[00:47:05] [452/459] INTS
[00:47:05] [453/459] FRGS
[00:47:06] [454/459] DTCK
[00:47:07] [455/459] MCMH
[00:47:08] [456/459] ECRR
[00:47:09] [457/459] RLLP
[00:47:10] [458/459] CCSN
[00:47:10] [459/459] CCBA
[00:47:11] ✅ DONE | Shows=0 | Movies=0
[01:43:13] 🚀 BMS DAILY TRACKER STARTED
[01:43:13] [1/459] MBDC
[01:43:13] 🧠 New identity
[01:43:14] [2/459] CHKM
[01:43:15] [3/459] JTKZ
[01:43:17] [4/459] CMCT
[01:43:18] [5/459] ASHO
[01:43:19] [6/459] ECDG
[01:43:19] [7/459] SPAT
[01:43:20] [8/459] HILC
[01:43:22] [9/459] SPPH
[01:43:23] [10/459] SBHN
[01:43:24] [11/459] RRCA
[01:43:25] [12/459] APAA
[01:43:26] [13/459] RAME
[01:43:27] [14/459] TMMS
[01:43:28] [15/459] BATK
[01:43:29] [16/459] LKOP
[01:43:31] [17/459] AMTT
[01:43:32] [18/459] PTGK
[01:43:33] [19/459] ANRS
[01:43:34] [20/459] VWBW
[01:43:35] [21/459] SVFG
[01:43:37] [22/459] STAT
[01:43:37] [23/459] GDCV
[01:43:38] [24/459] VEBI
[01:43:39] [25/459] VDSS
[01:43:40] [26/459] NTHV
[01:43:41] [27/459] AOCH
[01:43:42] [28/459] KASR
[01:43:43] [29/459] AYCS
[01:43:43] [30/459] SHAI
[01:43:44] [31/459] SKPE
[01:43:45] [32/459] SBTA
[01:43:46] [33/459] RTTD
[01:43:47] [34/459] CCJD
[01:43:48] [35/459] RSJJ
[01:43:48] [36/459] RKND
[01:43:49] [37/459] SVTX
[01:43:50] [38/459] BAKM
[01:43:51] [39/459] SVDC
[01:43:52] [40/459] MNCV
[01:43:53] [41/459] SJGC
[01:43:56] [42/459] MTPK
[01:43:57] [43/459] GATP
[01:43:58] [44/459] ABTS
[01:43:58] [45/459] ABDE
[01:43:59] [46/459] RCNM
[01:44:00] [47/459] KTHV
[01:44:01] [48/459] MDGJ
[01:44:02] [49/459] SMLM
[01:44:03] [50/459] JTMA
[01:44:04] [51/459] ACKP
[01:44:05] [52/459] SRTA
[01:44:06] [53/459] STAY
[01:44:07] [54/459] MAVO
[01:44:08] [55/459] APTS
[01:44:09] [56/459] OMEA
[01:44:10] [57/459] TTFD
[01:44:11] [58/459] MJCU
[01:44:12] [59/459] CXTE
[01:44:13] [60/459] CTPX
[01:44:14] [61/459] ASSL
[01:44:15] [62/459] CMVB
[01:44:16] [63/459] VPUR
[01:44:17] [64/459] JJDA
[01:44:18] [65/459] INBL
[01:44:19] [66/459] BIKB
[01:44:20] [67/459] NTBB
[01:44:20] [68/459] GLOB
[01:44:21] [69/459] SNTB
[01:44:22] [70/459] CHGV
[01:44:23] [71/459] SSBZ
[01:44:24] [72/459] PRDB
[01:44:25] [73/459] ISMT
[01:44:26] [74/459] MCSD
[01:44:27] [75/459] JBTT
[01:44:28] [76/459] GEKR
[01:44:29] [77/459] PVUN
[01:44:30] [78/459] NRTB
[01:44:31] [79/459] PRAA
[01:44:32] [80/459] PCBL
[01:44:33] [81/459] PTCM
[01:44:34] [82/459] KHNN
[01:44:35] [83/459] OMJE
[01:44:36] [84/459] STGN
[01:44:37] [85/459] RPMS
[01:44:38] [86/459] NWAD
[01:44:39] [87/459] BLCK
[01:44:40] [88/459] SVAA
[01:44:41] [89/459] URVM
[01:44:42] [90/459] ANTM
[01:44:43] [91/459] VJYM
[01:44:44] [92/459] MAZZ
[01:44:45] [93/459] CSHM
[01:44:46] [94/459] WGMH
[01:44:47] [95/459] SALN
[01:44:48] [96/459] BRTP
[01:44:49] [97/459] SVTA
[01:44:50] [98/459] SBTP
[01:44:51] [99/459] VLSS
[01:44:52] [100/459] SRJA
[01:44:53] [101/459] ANCG
[01:44:54] [102/459] CGGC
[01:44:55] [103/459] CRJA
[01:44:56] [104/459] USCR
[01:44:57] [105/459] MMEF
[01:44:58] [106/459] JCRJ
[01:44:59] [107/459] ADCM
[01:45:00] [108/459] BMYK
[01:45:01] [109/459] KICS
[01:45:02] [110/459] MBBT
[01:45:04] [111/459] MACK
[01:45:04] [112/459] CLDR
[01:45:05] [113/459] JYCR
[01:45:06] [114/459] DCRP
[01:45:07] [115/459] RAHT
[01:45:09] [116/459] CSSM
[01:45:09] [117/459] ATPK
[01:45:10] [118/459] KLRT
[01:45:11] [119/459] SRDD
[01:45:12] [120/459] CKMC
[01:45:13] [121/459] KRVM
[01:45:14] [122/459] AKCP
[01:45:15] [123/459] CNCV
[01:45:16] [124/459] PACT
[01:45:17] [125/459] NATP
[01:45:18] [126/459] PCPK
[01:45:19] [127/459] SMHO
[01:45:20] [128/459] CWTK
[01:45:21] [129/459] RVKZ
[01:45:21] [130/459] ASPD
[01:45:23] [131/459] VTKZ
[01:45:24] [132/459] LCSO
[01:45:25] [133/459] PRDY
[01:45:26] [134/459] RCAP
[01:45:27] [135/459] RGAR
[01:45:29] [136/459] RCAC
[01:45:29] [137/459] PMOD
[01:45:30] [138/459] PVCN
[01:45:32] [139/459] SCRZ
[01:45:33] [140/459] PVPC
[01:45:34] [141/459] STID
[01:45:35] [142/459] NEDD
[01:45:36] [143/459] BNBA
[01:45:37] [144/459] NTCD
[01:45:37] [145/459] OCDE
[01:45:39] [146/459] CCDU
[01:45:40] [147/459] CRXH
[01:45:41] [148/459] VLVT
[01:45:42] [149/459] CICI
[01:45:43] [150/459] SUCB
[01:45:44] [151/459] TCBP
[01:45:45] [152/459] SCCY
[01:45:46] [153/459] LXCY
[01:45:47] [154/459] NCMD
[01:45:48] [155/459] PHCS
[01:45:49] [156/459] DUXR
[01:45:50] [157/459] VNKS
[01:45:51] [158/459] SEDP
[01:45:52] [159/459] SVEN
[01:45:53] [160/459] SRKM
[01:45:54] [161/459] JTLT
[01:45:55] [162/459] SVSS
[01:45:56] [163/459] AMDE
[01:45:57] [164/459] WVRN
[01:45:58] [165/459] ISMG
[01:45:59] [166/459] WVKS
[01:45:59] [167/459] USCG
[01:46:00] [168/459] IOTG
[01:46:01] [169/459] RRJM
[01:46:02] [170/459] EDMP
[01:46:03] [171/459] SCGZ
[01:46:04] [172/459] GMGX
[01:46:05] [173/459] OMTP
[01:46:06] [174/459] MITD
[01:46:07] [175/459] SMMD
[01:46:08] [176/459] STML
[01:46:09] [177/459] MCFS
[01:46:10] [178/459] FPKA
[01:46:11] [179/459] OMLR
[01:46:12] [180/459] KKSC
[01:46:13] [181/459] RVMA
[01:46:14] [182/459] SCLL
[01:46:14] [183/459] SCDK
[01:46:15] [184/459] SXMI
[01:46:16] [185/459] SHDN
[01:46:17] [186/459] PAAD
[01:46:18] [187/459] UUCB
[01:46:19] [188/459] JHOL
[01:46:20] [189/459] SGWT
[01:46:21] [190/459] SRII
[01:46:21] [191/459] SGCK
[01:46:23] [192/459] SVVB
[01:46:23] [193/459] DMHA
[01:46:24] [194/459] PPNL
[01:46:25] [195/459] CPNL
[01:46:26] [196/459] WVLD
[01:46:27] [197/459] PSLV
[01:46:28] [198/459] VTTL
[01:46:29] [199/459] NPAD
[01:46:30] [200/459] PVCS
[01:46:31] [201/459] MCHL
[01:46:32] [202/459] PPLL
[01:46:33] [203/459] MALO
[01:46:34] [204/459] SWBH
[01:46:35] [205/459] PUGB
[01:46:36] [206/459] INBB
[01:46:37] [207/459] INNS
[01:46:38] [208/459] MCPT
[01:46:39] [209/459] SCMI
[01:46:39] [210/459] OCON
[01:46:41] [211/459] SCSM
[01:46:41] [212/459] RJVN
[01:46:42] [213/459] AMDK
[01:46:43] [214/459] ISMR
[01:46:44] [215/459] SMTD
[01:46:45] [216/459] VTDD
[01:46:46] [217/459] PDDZ
[01:46:47] [218/459] PCCK
[01:46:48] [219/459] INAM
[01:46:49] [220/459] FNKT
[01:46:50] [221/459] GDKA
[01:46:51] [222/459] MAYU
[01:46:51] [223/459] TCGU
[01:46:52] [224/459] KDCA
[01:46:53] [225/459] DOMY
[01:46:54] [226/459] PDDD
[01:46:55] [227/459] BJTS
[01:46:55] [228/459] VTCA
[01:46:57] [229/459] SBTM
[01:46:57] [230/459] SEET
[01:46:58] [231/459] SSTJ
[01:46:59] [232/459] SVNT
[01:47:00] [233/459] PPPR
[01:47:01] [234/459] PVYS
[01:47:02] [235/459] IOSE
[01:47:03] [236/459] ACTV
[01:47:04] [237/459] APVE
[01:47:04] [238/459] TCCL
[01:47:05] [239/459] SCMO
[01:47:06] [240/459] SAUM
[01:47:07] [241/459] KCJS
[01:47:08] [242/459] NJCJ
[01:47:09] [243/459] NECF
[01:47:10] [244/459] CCGW
[01:47:11] [245/459] CCMG
[01:47:12] [246/459] NYRG
[01:47:13] [247/459] NCSQ
[01:47:14] [248/459] GRCG
[01:47:15] [249/459] CCBT
[01:47:15] [250/459] ACGA
[01:47:16] [251/459] INAG
[01:47:18] [252/459] FUCG
[01:47:19] [253/459] AICF
[01:47:20] [254/459] GRGA
[01:47:21] [255/459] GDCN
[01:47:21] [256/459] RRCG
[01:47:22] [257/459] SDCH
[01:47:23] [258/459] WVJM
[01:47:24] [259/459] JCCZ
[01:47:25] [260/459] CNCL
[01:47:26] [261/459] TMLV
[01:47:27] [262/459] MEMB
[01:47:28] [263/459] SGTD
[01:47:29] [264/459] CONX
[01:47:30] [265/459] CCMH
[01:47:31] [266/459] ACMC
[01:47:31] [267/459] DTPD
[01:47:32] [268/459] POJA
[01:47:33] [269/459] FNBH
[01:47:34] [270/459] CGCB
[01:47:35] [271/459] RACN
[01:47:36] [272/459] JTSM
[01:47:37] [273/459] SCDN
[01:47:38] [274/459] AACK
[01:47:39] [275/459] RMCE
[01:47:40] [276/459] BSGB
[01:47:41] [277/459] MRCB
[01:47:42] [278/459] SRVR
[01:47:43] [279/459] VTKK
[01:47:44] [280/459] AMST
[01:47:45] [281/459] APCY
[01:47:46] [282/459] LMHO
[01:47:48] [283/459] MTZH
[01:47:49] [284/459] AMZB
[01:47:49] [285/459] SUVT
[01:47:50] [286/459] RCIP
[01:47:51] [287/459] KESR
[01:47:52] [288/459] SNKC
[01:47:53] [289/459] SCED
[01:47:54] [290/459] DVCA
[01:47:55] [291/459] VCDT
[01:47:56] [292/459] RRDI
[01:47:57] [293/459] DFCH
[01:47:58] [294/459] INSC
[01:47:59] [295/459] RGTR
[01:48:00] [296/459] FMOT
[01:48:01] [297/459] SCPM
[01:48:03] [298/459] GCDT
[01:48:04] [299/459] BRKT
[01:48:05] [300/459] DEMP
[01:48:06] [301/459] SRLC
[01:48:07] [302/459] KSTT
[01:48:07] [303/459] SMMT
[01:48:08] [304/459] SILM
[01:48:09] [305/459] JCVM
[01:48:10] [306/459] KCSV
[01:48:11] [307/459] MHLK
[01:48:12] [308/459] SLVL
[01:48:13] [309/459] RJKP
[01:48:14] [310/459] BBPC
[01:48:15] [311/459] MXCB
[01:48:16] [312/459] TCPK
[01:48:17] [313/459] RTBR
[01:48:18] [314/459] GAUT
[01:48:19] [315/459] DVCF
[01:48:19] [316/459] JTSB
[01:48:20] [317/459] SBLS
[01:48:21] [318/459] UDAY
[01:48:22] [319/459] PTNP
[01:48:23] [320/459] DMKT
[01:48:24] [321/459] NTDT
[01:48:25] [322/459] SHDJ
[01:48:26] [323/459] OTNC
[01:48:27] [324/459] RNTW
[01:48:28] [325/459] GCMI
[01:48:29] [326/459] CRCM
[01:48:30] [327/459] NNCZ
[01:48:31] [328/459] OEMO
[01:48:32] [329/459] PVJM
[01:48:33] [330/459] CPJI
[01:48:33] [331/459] RMCJ
[01:48:34] [332/459] CNWJ
[01:48:35] [333/459] EPJM
[01:48:36] [334/459] FNJJ
[01:48:36] [335/459] GCMJ
[01:48:37] [336/459] INPS
[01:48:38] [337/459] BICJ
[01:48:39] [338/459] ISTJ
[01:48:40] [339/459] INJC
[01:48:41] [340/459] GLXJ
[01:48:42] [341/459] INEM
[01:48:43] [342/459] JTMN
[01:48:44] [343/459] FRCJ
[01:48:44] [344/459] DDJP
[01:48:45] [345/459] INJV
[01:48:46] [346/459] GOLC
[01:48:47] [347/459] KOCI
[01:48:48] [348/459] FSTD
[01:48:48] [349/459] PACJ
[01:48:49] [350/459] GMCN
[01:48:50] [351/459] MMDJ
[01:48:51] [352/459] GODH
[01:48:52] [353/459] SKYN
[01:48:54] [354/459] NCTH
[01:48:54] [355/459] SKVZ
[01:48:56] [356/459] SVML
[01:48:56] [357/459] ACVZ
[01:48:57] [358/459] SURA
[01:48:58] [359/459] RTRB
[01:48:58] [360/459] LLCT
[01:49:00] [361/459] ATTS
[01:49:01] [362/459] JYCM
[01:49:02] [363/459] CTKR
[01:49:03] [364/459] LCKR
[01:49:04] [365/459] NYCV
[01:49:05] [366/459] NYOH
[01:49:05] [367/459] NOVX
[01:49:06] [368/459] MRGK
[01:49:07] [369/459] MOON
[01:49:08] [370/459] SBUC
[01:49:09] [371/459] GSVA
[01:49:10] [372/459] VIAK
[01:49:11] [373/459] SMVZ
[01:49:12] [374/459] MATE
[01:49:13] [375/459] RDCN
[01:49:14] [376/459] ASBL
[01:49:15] [377/459] ASVS
[01:49:15] [378/459] ASSR
[01:49:16] [379/459] SSKN
[01:49:17] [380/459] DRPV
[01:49:18] [381/459] MRHT
[01:49:19] [382/459] BSCN
[01:49:20] [383/459] RKNX
[01:49:21] [384/459] MSMC
[01:49:22] [385/459] MSCJ
[01:49:23] [386/459] BTBJ
[01:49:24] [387/459] MJCC
[01:49:25] [388/459] IOMM
[01:49:26] [389/459] ADGR
[01:49:27] [390/459] MYCP
[01:49:28] [391/459] IGCM
[01:49:29] [392/459] PGRK
[01:49:30] [393/459] VPGO
[01:49:31] [394/459] KOMS
[01:49:32] [395/459] URGG
[01:49:33] [396/459] GOST
[01:49:34] [397/459] LACT
[01:49:34] [398/459] BWCM
[01:49:35] [399/459] NCCW
[01:49:36] [400/459] SKYC
[01:49:37] [401/459] CCPM
[01:49:38] [402/459] VCBT
[01:49:39] [403/459] SDKR
[01:49:40] [404/459] CTYB
[01:49:40] [405/459] SHCX
[01:49:41] [406/459] RCUN
[01:49:42] [407/459] CNRA
[01:49:43] [408/459] RFCA
[01:49:44] [409/459] RDCU
[01:49:44] [410/459] SARK
[01:49:45] [411/459] SPPP
[01:49:46] [412/459] ADMB
[01:49:48] [413/459] JYOE
[01:49:48] [414/459] SRMD
[01:49:49] [415/459] RJDH
[01:49:50] [416/459] SSTD
[01:49:50] [417/459] AACV
[01:49:51] [418/459] PPVD
[01:49:52] [419/459] STCP
[01:49:53] [420/459] ANJR
[01:49:54] [421/459] ANLS
[01:49:55] [422/459] BIJO
[01:49:56] [423/459] AVAB
[01:49:57] [424/459] SPMD
[01:49:58] [425/459] SVJL
[01:49:59] [426/459] SDDJ
[01:50:01] [427/459] SLTU
[01:50:01] [428/459] SAKA
[01:50:02] [429/459] PMAM
[01:50:03] [430/459] FNAM
[01:50:04] [431/459] ACAM
[01:50:06] [432/459] SCMM
[01:50:06] [433/459] PMAK
[01:50:07] [434/459] NYSA
[01:50:08] [435/459] FCPA
[01:50:09] [436/459] GDAN
[01:50:09] [437/459] RSCA
[01:50:10] [438/459] DMAN
[01:50:11] [439/459] DZCM
[01:50:12] [440/459] NSGL
[01:50:13] [441/459] CCPP
[01:50:14] [442/459] PSMG
[01:50:14] [443/459] GSER
[01:50:16] [444/459] FCCT
[01:50:16] [445/459] FCTB
[01:50:17] [446/459] LCNK
[01:50:18] [447/459] SKTY
[01:50:20] [448/459] INAA
[01:50:21] [449/459] RCWN
[01:50:22] [450/459] VAIS
[01:50:22] [451/459] CVMN
[01:50:23] [452/459] INTS
[01:50:24] [453/459] FRGS
[01:50:25] [454/459] DTCK
[01:50:26] [455/459] MCMH
[01:50:27] [456/459] ECRR
[01:50:28] [457/459] RLLP
[01:50:29] [458/459] CCSN
[01:50:30] [459/459] CCBA
[01:50:31] ✅ DONE | Shows=0 | Movies=0
