[00:40:12] 🚀 BMS DAILY TRACKER STARTED
[00:40:12] [1/459] MCCZ
[00:40:12] 🧠 New identity
[00:40:13] [2/459] FRPU
[00:40:13] [3/459] SKSI
[00:40:14] [4/459] SSCK
[00:40:15] [5/459] SRDC
[00:40:16] [6/459] RSCZ
[00:40:17] [7/459] PRVT
[00:40:18] [8/459] GAGJ
[00:40:19] [9/459] SMHG
[00:40:20] [10/459] JTST
[00:40:20] [11/459] MYTH
[00:40:21] [12/459] JPCC
[00:40:22] [13/459] ACDC
[00:40:23] [14/459] SVFP
[00:40:24] [15/459] SFCM
[00:40:24] [16/459] RUPK
[00:40:26] [17/459] NTCR
[00:40:27] [18/459] RTCH
[00:40:28] [19/459] SCMH
[00:40:29] [20/459] SVYM
[00:40:30] [21/459] SPYM
[00:40:31] [22/459] SMMF
[00:40:32] [23/459] CLLB
[00:40:32] [24/459] FMCB
[00:40:33] [25/459] BBTC
[00:40:34] [26/459] NTHS
[00:40:35] [27/459] PKKJ
[00:40:36] [28/459] MTJA
[00:40:37] [29/459] PMSJ
[00:40:38] [30/459] JMJU
[00:40:38] [31/459] SRAD
[00:40:39] [32/459] MJMC
[00:40:40] [33/459] DFRM
[00:40:41] [34/459] PMRS
[00:40:42] [35/459] RKPP
[00:40:43] [36/459] BMBK
[00:40:44] [37/459] NEWS
[00:40:44] [38/459] SALB
[00:40:46] [39/459] SCPW
[00:40:47] [40/459] RAYL
[00:40:48] [41/459] CMGJ
[00:40:49] [42/459] JRCR
[00:40:49] [43/459] SRTB
[00:40:50] [44/459] ETPB
[00:40:51] [45/459] MXBN
[00:40:53] [46/459] TOPE
[00:40:54] [47/459] SNLJ
[00:40:55] [48/459] CDDP
[00:40:56] [49/459] APCX
[00:40:57] [50/459] TALP
[00:40:58] [51/459] RRMP
[00:40:59] [52/459] MAHB
[00:41:00] [53/459] MTKR
[00:41:01] [54/459] KSKL
[00:41:02] [55/459] RJLT
[00:41:02] [56/459] ATAS
[00:41:03] [57/459] AMHR
[00:41:04] [58/459] RSRM
[00:41:05] [59/459] GCAT
[00:41:06] [60/459] SMML
[00:41:07] [61/459] ACCD
[00:41:08] [62/459] VYDA
[00:41:09] [63/459] MSKT
[00:41:09] [64/459] AVDM
[00:41:10] [65/459] ASMH
[00:41:11] [66/459] VTMB
[00:41:12] [67/459] WVMB
[00:41:14] [68/459] PPMN
[00:41:14] [69/459] MTMD
[00:41:15] [70/459] SMMO
[00:41:16] [71/459] DLPB
[00:41:17] [72/459] AKMD
[00:41:18] [73/459] SHRR
[00:41:19] [74/459] ASCO
[00:41:19] [75/459] CZVX
[00:41:20] [76/459] GCBB
[00:41:21] [77/459] ATBM
[00:41:22] [78/459] TCGM
[00:41:23] [79/459] UMSE
[00:41:23] [80/459] NKCL
[00:41:24] [81/459] BTLR
[00:41:25] [82/459] GOCL
[00:41:26] [83/459] MIRN
[00:41:27] [84/459] THEC
[00:41:28] [85/459] SPPB
[00:41:29] [86/459] PMMM
[00:41:30] [87/459] GGMC
[00:41:30] [88/459] AVSR
[00:41:31] [89/459] RDMH
[00:41:32] [90/459] JSRS
[00:41:33] [91/459] VKGP
[00:41:33] [92/459] ACRT
[00:41:35] [93/459] GCBA
[00:41:36] [94/459] GTCP
[00:41:37] [95/459] AKFC
[00:41:38] [96/459] INCS
[00:41:38] [97/459] SMCK
[00:41:39] [98/459] BRUN
[00:41:40] [99/459] RPPC
[00:41:41] [100/459] PAYD
[00:41:42] [101/459] SVVT
[00:41:43] [102/459] RNCC
[00:41:43] [103/459] PCRC
[00:41:44] [104/459] PMRM
[00:41:45] [105/459] CCRP
[00:41:46] [106/459] INCR
[00:41:47] [107/459] ZTMP
[00:41:48] [108/459] MCNR
[00:41:49] [109/459] INRP
[00:41:50] [110/459] STRC
[00:41:50] [111/459] RATI
[00:41:51] [112/459] PBTR
[00:41:52] [113/459] CMHP
[00:41:53] [114/459] ZECJ
[00:41:54] [115/459] CCCB
[00:41:55] [116/459] BWCB
[00:41:56] [117/459] CCAT
[00:41:57] [118/459] KGCM
[00:41:58] [119/459] INPT
[00:41:59] [120/459] FNCO
[00:42:00] [121/459] SRMJ
[00:42:01] [122/459] PFSC
[00:42:02] [123/459] PBMC
[00:42:03] [124/459] KARP
[00:42:04] [125/459] KOVI
[00:42:05] [126/459] ACXL
[00:42:05] [127/459] GKCC
[00:42:06] [128/459] ASCC
[00:42:07] [129/459] SETC
[00:42:08] [130/459] KACC
[00:42:08] [131/459] KAVE
[00:42:09] [132/459] CNTC
[00:42:10] [133/459] MEEN
[00:42:11] [134/459] BMRV
[00:42:12] [135/459] SVAM
[00:42:13] [136/459] VTBP
[00:42:14] [137/459] VCKN
[00:42:15] [138/459] SGTK
[00:42:16] [139/459] RCGS
[00:42:17] [140/459] RCCB
[00:42:18] [141/459] RKSR
[00:42:19] [142/459] RKCU
[00:42:20] [143/459] GIBH
[00:42:20] [144/459] CXBS
[00:42:21] [145/459] GGCB
[00:42:22] [146/459] SCPB
[00:42:22] [147/459] AKTB
[00:42:23] [148/459] SRBU
[00:42:24] [149/459] CSSA
[00:42:25] [150/459] MYAN
[00:42:26] [151/459] EXCA
[00:42:26] [152/459] CKSA
[00:42:27] [153/459] JTNM
[00:42:28] [154/459] CXKT
[00:42:29] [155/459] NCLM
[00:42:30] [156/459] JAAD
[00:42:30] [157/459] RDCR
[00:42:31] [158/459] MEER
[00:42:32] [159/459] SIBT
[00:42:33] [160/459] PVVB
[00:42:35] [161/459] FNPN
[00:42:36] [162/459] CRPX
[00:42:37] [163/459] STET
[00:42:38] [164/459] METE
[00:42:39] [165/459] BJML
[00:42:40] [166/459] MAVT
[00:42:41] [167/459] MSRM
[00:42:42] [168/459] TJMP
[00:42:44] [169/459] MHCK
[00:42:45] [170/459] SVGP
[00:42:45] [171/459] KRRC
[00:42:46] [172/459] IMCH
[00:42:47] [173/459] CMCS
[00:42:49] [174/459] SGND
[00:42:50] [175/459] RNAT
[00:42:51] [176/459] PRTN
[00:42:51] [177/459] MPTN
[00:42:52] [178/459] ARCC
[00:42:53] [179/459] NTTE
[00:42:54] [180/459] ABND
[00:42:55] [181/459] KCSN
[00:42:56] [182/459] KCSA
[00:42:57] [183/459] DCKT
[00:42:58] [184/459] MBBR
[00:42:59] [185/459] RAMU
[00:42:59] [186/459] RACW
[00:43:00] [187/459] MCHP
[00:43:01] [188/459] TMHM
[00:43:02] [189/459] STXH
[00:43:03] [190/459] AGSG
[00:43:04] [191/459] SIRA
[00:43:04] [192/459] RCAN
[00:43:05] [193/459] CWTB
[00:43:06] [194/459] VTYM
[00:43:07] [195/459] RRPP
[00:43:09] [196/459] ASMR
[00:43:10] [197/459] RONO
[00:43:10] [198/459] MEMR
[00:43:12] [199/459] CTMR
[00:43:13] [200/459] PMTT
[00:43:14] [201/459] PSLX
[00:43:14] [202/459] IPPL
[00:43:15] [203/459] MMSG
[00:43:16] [204/459] INEL
[00:43:17] [205/459] COAC
[00:43:19] [206/459] WVLK
[00:43:19] [207/459] PPXL
[00:43:20] [208/459] PSML
[00:43:21] [209/459] FNLK
[00:43:22] [210/459] ILUM
[00:43:23] [211/459] ILCM
[00:43:24] [212/459] MSNL
[00:43:24] [213/459] VINB
[00:43:25] [214/459] SALW
[00:43:26] [215/459] PRTB
[00:43:27] [216/459] NCIL
[00:43:28] [217/459] PSUL
[00:43:29] [218/459] SCLK
[00:43:29] [219/459] ADDC
[00:43:30] [220/459] OACL
[00:43:31] [221/459] OOCF
[00:43:32] [222/459] GPMF
[00:43:32] [223/459] SSDG
[00:43:33] [224/459] SKRS
[00:43:34] [225/459] NTTP
[00:43:35] [226/459] SLTP
[00:43:36] [227/459] JTLC
[00:43:37] [228/459] POON
[00:43:38] [229/459] CCPC
[00:43:39] [230/459] DCKC
[00:43:40] [231/459] CPRT
[00:43:41] [232/459] EYHZ
[00:43:42] [233/459] ARBL
[00:43:43] [234/459] SBTB
[00:43:44] [235/459] MMCK
[00:43:45] [236/459] PLMR
[00:43:47] [237/459] BIJH
[00:43:47] [238/459] SDRT
[00:43:49] [239/459] PRDC
[00:43:50] [240/459] OMJA
[00:43:51] [241/459] VKCR
[00:43:52] [242/459] ATRT
[00:43:53] [243/459] WVRP
[00:43:54] [244/459] MVRP
[00:43:55] [245/459] FCAX
[00:43:56] [246/459] CTLC
[00:43:57] [247/459] JCHB
[00:43:58] [248/459] SELP
[00:43:59] [249/459] VCPG
[00:44:00] [250/459] ASCX
[00:44:01] [251/459] EOCS
[00:44:02] [252/459] RCPH
[00:44:03] [253/459] RJTM
[00:44:04] [254/459] SGMD
[00:44:05] [255/459] SVJT
[00:44:06] [256/459] SPPO
[00:44:07] [257/459] MNRL
[00:44:08] [258/459] KNOX
[00:44:09] [259/459] GIER
[00:44:10] [260/459] PJMS
[00:44:11] [261/459] UNSP
[00:44:12] [262/459] JETP
[00:44:13] [263/459] VTWA
[00:44:14] [264/459] SCJI
[00:44:15] [265/459] CBZZ
[00:44:16] [266/459] SDCJ
[00:44:17] [267/459] RRCC
[00:44:18] [268/459] VNKG
[00:44:19] [269/459] LKTO
[00:44:19] [270/459] PJRM
[00:44:20] [271/459] NVRM
[00:44:21] [272/459] SJCS
[00:44:22] [273/459] VIGK
[00:44:23] [274/459] ANST
[00:44:23] [275/459] JTTS
[00:44:24] [276/459] NTST
[00:44:25] [277/459] PREB
[00:44:26] [278/459] TSCZ
[00:44:27] [279/459] CDCM
[00:44:28] [280/459] ELYE
[00:44:28] [281/459] INBS
[00:44:29] [282/459] SMGC
[00:44:30] [283/459] UTMP
[00:44:31] [284/459] INTA
[00:44:32] [285/459] OMPT
[00:44:33] [286/459] SCIR
[00:44:34] [287/459] GCKJ
[00:44:35] [288/459] INOG
[00:44:36] [289/459] SMGB
[00:44:37] [290/459] MCSG
[00:44:38] [291/459] STKG
[00:44:39] [292/459] TTKG
[00:44:39] [293/459] SRTR
[00:44:40] [294/459] ETTR
[00:44:42] [295/459] GGGZ
[00:44:43] [296/459] IPGM
[00:44:45] [297/459] FCDH
[00:44:46] [298/459] DESB
[00:44:46] [299/459] VNTP
[00:44:48] [300/459] ANNT
[00:44:49] [301/459] SLTI
[00:44:50] [302/459] MAJU
[00:44:50] [303/459] JCXP
[00:44:51] [304/459] HARK
[00:44:52] [305/459] JPCJ
[00:44:53] [306/459] RXBD
[00:44:53] [307/459] PTKJ
[00:44:54] [308/459] CMTU
[00:44:56] [309/459] SWOR
[00:44:57] [310/459] JMEX
[00:44:57] [311/459] DTPT
[00:44:58] [312/459] VGMM
[00:44:59] [313/459] VCSG
[00:45:00] [314/459] CVCG
[00:45:02] [315/459] TNTT
[00:45:03] [316/459] SHRM
[00:45:04] [317/459] CGKD
[00:45:05] [318/459] EKCM
[00:45:07] [319/459] SDCX
[00:45:08] [320/459] SBTE
[00:45:09] [321/459] STKJ
[00:45:10] [322/459] TPCE
[00:45:11] [323/459] JTNP
[00:45:12] [324/459] LPCH
[00:45:13] [325/459] CPUO
[00:45:14] [326/459] APSU
[00:45:14] [327/459] RTHC
[00:45:15] [328/459] PTBU
[00:45:16] [329/459] CUCC
[00:45:17] [330/459] CPSA
[00:45:18] [331/459] SUAY
[00:45:19] [332/459] AYAA
[00:45:19] [333/459] MUCH
[00:45:20] [334/459] PCIN
[00:45:21] [335/459] JRRM
[00:45:22] [336/459] KATS
[00:45:23] [337/459] MHFF
[00:45:24] [338/459] ESYM
[00:45:24] [339/459] STYV
[00:45:25] [340/459] SDKG
[00:45:26] [341/459] SMTI
[00:45:27] [342/459] NYCS
[00:45:28] [343/459] MTBG
[00:45:28] [344/459] RHCA
[00:45:29] [345/459] PCKH
[00:45:30] [346/459] ARCR
[00:45:31] [347/459] NCMB
[00:45:32] [348/459] SHYC
[00:45:32] [349/459] LACK
[00:45:33] [350/459] MTCM
[00:45:34] [351/459] RRBN
[00:45:35] [352/459] MYDC
[00:45:37] [353/459] STCS
[00:45:38] [354/459] CONN
[00:45:39] [355/459] SIPS
[00:45:40] [356/459] SMMX
[00:45:40] [357/459] SCBY
[00:45:41] [358/459] SUAP
[00:45:42] [359/459] RSMK
[00:45:43] [360/459] STKP
[00:45:45] [361/459] CIPC
[00:45:46] [362/459] KKCI
[00:45:46] [363/459] CTNK
[00:45:47] [364/459] MMTZ
[00:45:48] [365/459] DCCO
[00:45:50] [366/459] VNMN
[00:45:51] [367/459] RLCN
[00:45:51] [368/459] CMMS
[00:45:52] [369/459] AYOU
[00:45:53] [370/459] SSCN
[00:45:54] [371/459] SMXN
[00:45:55] [372/459] ASSK
[00:45:56] [373/459] VCKM
[00:45:57] [374/459] PCPH
[00:45:57] [375/459] PADM
[00:45:58] [376/459] IESA
[00:45:59] [377/459] VCSP
[00:46:00] [378/459] AEST
[00:46:01] [379/459] VTNR
[00:46:02] [380/459] GTTA
[00:46:03] [381/459] CMMM
[00:46:04] [382/459] AHKT
[00:46:06] [383/459] SIJI
[00:46:07] [384/459] VCEI
[00:46:07] [385/459] SAKR
[00:46:08] [386/459] VSMT
[00:46:09] [387/459] SSCT
[00:46:11] [388/459] USTR
[00:46:12] [389/459] MTKT
[00:46:13] [390/459] TGMP
[00:46:14] [391/459] SIVC
[00:46:15] [392/459] KICT
[00:46:15] [393/459] DAMD
[00:46:16] [394/459] CNPT
[00:46:18] [395/459] RVTT
[00:46:19] [396/459] SNCM
[00:46:20] [397/459] GHTE
[00:46:21] [398/459] PPAM
[00:46:21] [399/459] PVAA
[00:46:22] [400/459] CPAO
[00:46:24] [401/459] HAMD
[00:46:25] [402/459] RCCA
[00:46:25] [403/459] MPCH
[00:46:26] [404/459] ARED
[00:46:27] [405/459] RRCV
[00:46:28] [406/459] MTRB
[00:46:29] [407/459] CKUA
[00:46:30] [408/459] ABMP
[00:46:31] [409/459] RCWA
[00:46:32] [410/459] CGAR
[00:46:33] [411/459] METH
[00:46:35] [412/459] WAGA
[00:46:36] [413/459] MCMA
[00:46:36] [414/459] CSMP
[00:46:37] [415/459] RCNK
[00:46:38] [416/459] PSTM
[00:46:39] [417/459] CSEP
[00:46:40] [418/459] AMGD
[00:46:41] [419/459] CSTE
[00:46:41] [420/459] CONS
[00:46:42] [421/459] APPX
[00:46:43] [422/459] MABC
[00:46:44] [423/459] CXST
[00:46:45] [424/459] MATN
[00:46:46] [425/459] MACZ
[00:46:48] [426/459] MASA
[00:46:48] [427/459] MBSX
[00:46:50] [428/459] CSST
[00:46:51] [429/459] APCL
[00:46:52] [430/459] CGOS
[00:46:52] [431/459] CPEC
[00:46:53] [432/459] MCCP
[00:46:54] [433/459] BSSO
[00:46:55] [434/459] SJKA
[00:46:56] [435/459] CGBO
[00:46:57] [436/459] MVSK
[00:46:57] [437/459] HVCA
[00:46:58] [438/459] NAMD
[00:46:59] [439/459] DEVI
[00:47:00] [440/459] SCSV
[00:47:00] [441/459] PSMA
[00:47:02] [442/459] CLDJ
[00:47:02] [443/459] NMAD
[00:47:03] [444/459] CGMO
[00:47:04] [445/459] MCNA
[00:47:05] [446/459] OCBN
[00:47:06] [447/459] CPEM
[00:47:07] [448/459] CPSM
[00:47:07] [449/459] RCAD
[00:47:08] [450/459] CPMU
[00:47:09] [451/459] DICD
[00:47:10] [452/459] CHOE
[00:47:10] [453/459] PDJM
[00:47:12] [454/459] SSTU
[00:47:14] [455/459] VNRN
[00:47:15] [456/459] PVLG
[00:47:16] [457/459] SWBL
[00:47:17] [458/459] SCAB
[00:47:19] [459/459] RDDA
[00:47:20] ✅ DONE | Shows=1 | Movies=1
[01:43:12] 🚀 BMS DAILY TRACKER STARTED
[01:43:12] [1/459] MCCZ
[01:43:12] 🧠 New identity
[01:43:13] [2/459] FRPU
[01:43:14] [3/459] SKSI
[01:43:15] [4/459] SSCK
[01:43:16] [5/459] SRDC
[01:43:17] [6/459] RSCZ
[01:43:19] [7/459] PRVT
[01:43:20] [8/459] GAGJ
[01:43:21] [9/459] SMHG
[01:43:22] [10/459] JTST
[01:43:23] [11/459] MYTH
[01:43:24] [12/459] JPCC
[01:43:25] [13/459] ACDC
[01:43:26] [14/459] SVFP
[01:43:26] [15/459] SFCM
[01:43:27] [16/459] RUPK
[01:43:28] [17/459] NTCR
[01:43:29] [18/459] RTCH
[01:43:30] [19/459] SCMH
[01:43:30] [20/459] SVYM
[01:43:32] [21/459] SPYM
[01:43:32] [22/459] SMMF
[01:43:34] [23/459] CLLB
[01:43:34] [24/459] FMCB
[01:43:35] [25/459] BBTC
[01:43:36] [26/459] NTHS
[01:43:37] [27/459] PKKJ
[01:43:38] [28/459] MTJA
[01:43:39] [29/459] PMSJ
[01:43:40] [30/459] JMJU
[01:43:41] [31/459] SRAD
[01:43:42] [32/459] MJMC
[01:43:43] [33/459] DFRM
[01:43:44] [34/459] PMRS
[01:43:44] [35/459] RKPP
[01:43:45] [36/459] BMBK
[01:43:46] [37/459] NEWS
[01:43:47] [38/459] SALB
[01:43:48] [39/459] SCPW
[01:43:49] [40/459] RAYL
[01:43:50] [41/459] CMGJ
[01:43:51] [42/459] JRCR
[01:43:52] [43/459] SRTB
[01:43:53] [44/459] ETPB
[01:43:54] [45/459] MXBN
[01:43:55] [46/459] TOPE
[01:43:56] [47/459] SNLJ
[01:43:57] [48/459] CDDP
[01:43:58] [49/459] APCX
[01:43:59] [50/459] TALP
[01:44:00] [51/459] RRMP
[01:44:01] [52/459] MAHB
[01:44:02] [53/459] MTKR
[01:44:03] [54/459] KSKL
[01:44:04] [55/459] RJLT
[01:44:05] [56/459] ATAS
[01:44:06] [57/459] AMHR
[01:44:07] [58/459] RSRM
[01:44:08] [59/459] GCAT
[01:44:09] [60/459] SMML
[01:44:10] [61/459] ACCD
[01:44:11] [62/459] VYDA
[01:44:12] [63/459] MSKT
[01:44:12] [64/459] AVDM
[01:44:13] [65/459] ASMH
[01:44:14] [66/459] VTMB
[01:44:16] [67/459] WVMB
[01:44:16] [68/459] PPMN
[01:44:17] [69/459] MTMD
[01:44:19] [70/459] SMMO
[01:44:20] [71/459] DLPB
[01:44:21] [72/459] AKMD
[01:44:22] [73/459] SHRR
[01:44:23] [74/459] ASCO
[01:44:24] [75/459] CZVX
[01:44:25] [76/459] GCBB
[01:44:26] [77/459] ATBM
[01:44:27] [78/459] TCGM
[01:44:27] [79/459] UMSE
[01:44:28] [80/459] NKCL
[01:44:29] [81/459] BTLR
[01:44:30] [82/459] GOCL
[01:44:31] [83/459] MIRN
[01:44:32] [84/459] THEC
[01:44:33] [85/459] SPPB
[01:44:35] [86/459] PMMM
[01:44:36] [87/459] GGMC
[01:44:37] [88/459] AVSR
[01:44:38] [89/459] RDMH
[01:44:39] [90/459] JSRS
[01:44:40] [91/459] VKGP
[01:44:41] [92/459] ACRT
[01:44:42] [93/459] GCBA
[01:44:43] [94/459] GTCP
[01:44:44] [95/459] AKFC
[01:44:45] [96/459] INCS
[01:44:46] [97/459] SMCK
[01:44:47] [98/459] BRUN
[01:44:48] [99/459] RPPC
[01:44:49] [100/459] PAYD
[01:44:50] [101/459] SVVT
[01:44:51] [102/459] RNCC
[01:44:51] [103/459] PCRC
[01:44:52] [104/459] PMRM
[01:44:53] [105/459] CCRP
[01:44:54] [106/459] INCR
[01:44:55] [107/459] ZTMP
[01:44:56] [108/459] MCNR
[01:44:57] [109/459] INRP
[01:44:58] [110/459] STRC
[01:44:59] [111/459] RATI
[01:45:00] [112/459] PBTR
[01:45:02] [113/459] CMHP
[01:45:03] [114/459] ZECJ
[01:45:04] [115/459] CCCB
[01:45:05] [116/459] BWCB
[01:45:06] [117/459] CCAT
[01:45:06] [118/459] KGCM
[01:45:07] [119/459] INPT
[01:45:08] [120/459] FNCO
[01:45:09] [121/459] SRMJ
[01:45:10] [122/459] PFSC
[01:45:11] [123/459] PBMC
[01:45:12] [124/459] KARP
[01:45:13] [125/459] KOVI
[01:45:14] [126/459] ACXL
[01:45:15] [127/459] GKCC
[01:45:15] [128/459] ASCC
[01:45:16] [129/459] SETC
[01:45:17] [130/459] KACC
[01:45:18] [131/459] KAVE
[01:45:19] [132/459] CNTC
[01:45:20] [133/459] MEEN
[01:45:22] [134/459] BMRV
[01:45:23] [135/459] SVAM
[01:45:24] [136/459] VTBP
[01:45:24] [137/459] VCKN
[01:45:25] [138/459] SGTK
[01:45:26] [139/459] RCGS
[01:45:27] [140/459] RCCB
[01:45:29] [141/459] RKSR
[01:45:30] [142/459] RKCU
[01:45:31] [143/459] GIBH
[01:45:32] [144/459] CXBS
[01:45:33] [145/459] GGCB
[01:45:34] [146/459] SCPB
[01:45:35] [147/459] AKTB
[01:45:36] [148/459] SRBU
[01:45:37] [149/459] CSSA
[01:45:38] [150/459] MYAN
[01:45:39] [151/459] EXCA
[01:45:41] [152/459] CKSA
[01:45:41] [153/459] JTNM
[01:45:42] [154/459] CXKT
[01:45:43] [155/459] NCLM
[01:45:44] [156/459] JAAD
[01:45:45] [157/459] RDCR
[01:45:46] [158/459] MEER
[01:45:47] [159/459] SIBT
[01:45:48] [160/459] PVVB
[01:45:49] [161/459] FNPN
[01:45:50] [162/459] CRPX
[01:45:51] [163/459] STET
[01:45:52] [164/459] METE
[01:45:53] [165/459] BJML
[01:45:54] [166/459] MAVT
[01:45:55] [167/459] MSRM
[01:45:56] [168/459] TJMP
[01:45:56] [169/459] MHCK
[01:45:57] [170/459] SVGP
[01:45:58] [171/459] KRRC
[01:45:59] [172/459] IMCH
[01:46:01] [173/459] CMCS
[01:46:02] [174/459] SGND
[01:46:02] [175/459] RNAT
[01:46:03] [176/459] PRTN
[01:46:04] [177/459] MPTN
[01:46:05] [178/459] ARCC
[01:46:06] [179/459] NTTE
[01:46:07] [180/459] ABND
[01:46:08] [181/459] KCSN
[01:46:09] [182/459] KCSA
[01:46:10] [183/459] DCKT
[01:46:11] [184/459] MBBR
[01:46:12] [185/459] RAMU
[01:46:13] [186/459] RACW
[01:46:14] [187/459] MCHP
[01:46:16] [188/459] TMHM
[01:46:16] [189/459] STXH
[01:46:17] [190/459] AGSG
[01:46:18] [191/459] SIRA
[01:46:20] [192/459] RCAN
[01:46:21] [193/459] CWTB
[01:46:21] [194/459] VTYM
[01:46:22] [195/459] RRPP
[01:46:23] [196/459] ASMR
[01:46:24] [197/459] RONO
[01:46:25] [198/459] MEMR
[01:46:26] [199/459] CTMR
[01:46:27] [200/459] PMTT
[01:46:28] [201/459] PSLX
[01:46:29] [202/459] IPPL
[01:46:30] [203/459] MMSG
[01:46:31] [204/459] INEL
[01:46:32] [205/459] COAC
[01:46:33] [206/459] WVLK
[01:46:34] [207/459] PPXL
[01:46:35] [208/459] PSML
[01:46:36] [209/459] FNLK
[01:46:37] [210/459] ILUM
[01:46:38] [211/459] ILCM
[01:46:39] [212/459] MSNL
[01:46:40] [213/459] VINB
[01:46:41] [214/459] SALW
[01:46:42] [215/459] PRTB
[01:46:43] [216/459] NCIL
[01:46:44] [217/459] PSUL
[01:46:45] [218/459] SCLK
[01:46:46] [219/459] ADDC
[01:46:47] [220/459] OACL
[01:46:48] [221/459] OOCF
[01:46:49] [222/459] GPMF
[01:46:49] [223/459] SSDG
[01:46:50] [224/459] SKRS
[01:46:51] [225/459] NTTP
[01:46:52] [226/459] SLTP
[01:46:53] [227/459] JTLC
[01:46:54] [228/459] POON
[01:46:55] [229/459] CCPC
[01:46:56] [230/459] DCKC
[01:46:57] [231/459] CPRT
[01:46:58] [232/459] EYHZ
[01:46:59] [233/459] ARBL
[01:47:00] [234/459] SBTB
[01:47:01] [235/459] MMCK
[01:47:01] [236/459] PLMR
[01:47:02] [237/459] BIJH
[01:47:03] [238/459] SDRT
[01:47:04] [239/459] PRDC
[01:47:05] [240/459] OMJA
[01:47:06] [241/459] VKCR
[01:47:07] [242/459] ATRT
[01:47:08] [243/459] WVRP
[01:47:09] [244/459] MVRP
[01:47:10] [245/459] FCAX
[01:47:11] [246/459] CTLC
[01:47:12] [247/459] JCHB
[01:47:13] [248/459] SELP
[01:47:14] [249/459] VCPG
[01:47:15] [250/459] ASCX
[01:47:16] [251/459] EOCS
[01:47:17] [252/459] RCPH
[01:47:18] [253/459] RJTM
[01:47:19] [254/459] SGMD
[01:47:20] [255/459] SVJT
[01:47:21] [256/459] SPPO
[01:47:22] [257/459] MNRL
[01:47:23] [258/459] KNOX
[01:47:23] [259/459] GIER
[01:47:24] [260/459] PJMS
[01:47:25] [261/459] UNSP
[01:47:26] [262/459] JETP
[01:47:27] [263/459] VTWA
[01:47:29] [264/459] SCJI
[01:47:30] [265/459] CBZZ
[01:47:30] [266/459] SDCJ
[01:47:31] [267/459] RRCC
[01:47:32] [268/459] VNKG
[01:47:33] [269/459] LKTO
[01:47:34] [270/459] PJRM
[01:47:36] [271/459] NVRM
[01:47:36] [272/459] SJCS
[01:47:37] [273/459] VIGK
[01:47:38] [274/459] ANST
[01:47:39] [275/459] JTTS
[01:47:40] [276/459] NTST
[01:47:41] [277/459] PREB
[01:47:42] [278/459] TSCZ
[01:47:43] [279/459] CDCM
[01:47:44] [280/459] ELYE
[01:47:45] [281/459] INBS
[01:47:46] [282/459] SMGC
[01:47:47] [283/459] UTMP
[01:47:48] [284/459] INTA
[01:47:49] [285/459] OMPT
[01:47:50] [286/459] SCIR
[01:47:51] [287/459] GCKJ
[01:47:51] [288/459] INOG
[01:47:52] [289/459] SMGB
[01:47:54] [290/459] MCSG
[01:47:55] [291/459] STKG
[01:47:55] [292/459] TTKG
[01:47:56] [293/459] SRTR
[01:47:57] [294/459] ETTR
[01:47:58] [295/459] GGGZ
[01:47:59] [296/459] IPGM
[01:47:59] [297/459] FCDH
[01:48:00] [298/459] DESB
[01:48:01] [299/459] VNTP
[01:48:02] [300/459] ANNT
[01:48:03] [301/459] SLTI
[01:48:04] [302/459] MAJU
[01:48:05] [303/459] JCXP
[01:48:06] [304/459] HARK
[01:48:08] [305/459] JPCJ
[01:48:08] [306/459] RXBD
[01:48:09] [307/459] PTKJ
[01:48:10] [308/459] CMTU
[01:48:11] [309/459] SWOR
[01:48:12] [310/459] JMEX
[01:48:13] [311/459] DTPT
[01:48:14] [312/459] VGMM
[01:48:15] [313/459] VCSG
[01:48:16] [314/459] CVCG
[01:48:17] [315/459] TNTT
[01:48:18] [316/459] SHRM
[01:48:19] [317/459] CGKD
[01:48:20] [318/459] EKCM
[01:48:21] [319/459] SDCX
[01:48:22] [320/459] SBTE
[01:48:23] [321/459] STKJ
[01:48:24] [322/459] TPCE
[01:48:25] [323/459] JTNP
[01:48:26] [324/459] LPCH
[01:48:28] [325/459] CPUO
[01:48:28] [326/459] APSU
[01:48:30] [327/459] RTHC
[01:48:31] [328/459] PTBU
[01:48:32] [329/459] CUCC
[01:48:33] [330/459] CPSA
[01:48:33] [331/459] SUAY
[01:48:34] [332/459] AYAA
[01:48:35] [333/459] MUCH
[01:48:36] [334/459] PCIN
[01:48:37] [335/459] JRRM
[01:48:38] [336/459] KATS
[01:48:39] [337/459] MHFF
[01:48:40] [338/459] ESYM
[01:48:41] [339/459] STYV
[01:48:42] [340/459] SDKG
[01:48:43] [341/459] SMTI
[01:48:43] [342/459] NYCS
[01:48:44] [343/459] MTBG
[01:48:46] [344/459] RHCA
[01:48:47] [345/459] PCKH
[01:48:47] [346/459] ARCR
[01:48:48] [347/459] NCMB
[01:48:49] [348/459] SHYC
[01:48:51] [349/459] LACK
[01:48:51] [350/459] MTCM
[01:48:52] [351/459] RRBN
[01:48:53] [352/459] MYDC
[01:48:54] [353/459] STCS
[01:48:55] [354/459] CONN
[01:48:56] [355/459] SIPS
[01:48:57] [356/459] SMMX
[01:48:59] [357/459] SCBY
[01:49:00] [358/459] SUAP
[01:49:00] [359/459] RSMK
[01:49:01] [360/459] STKP
[01:49:02] [361/459] CIPC
[01:49:03] [362/459] KKCI
[01:49:04] [363/459] CTNK
[01:49:05] [364/459] MMTZ
[01:49:07] [365/459] DCCO
[01:49:08] [366/459] VNMN
[01:49:09] [367/459] RLCN
[01:49:09] [368/459] CMMS
[01:49:10] [369/459] AYOU
[01:49:11] [370/459] SSCN
[01:49:12] [371/459] SMXN
[01:49:13] [372/459] ASSK
[01:49:14] [373/459] VCKM
[01:49:15] [374/459] PCPH
[01:49:16] [375/459] PADM
[01:49:17] [376/459] IESA
[01:49:18] [377/459] VCSP
[01:49:19] [378/459] AEST
[01:49:20] [379/459] VTNR
[01:49:21] [380/459] GTTA
[01:49:22] [381/459] CMMM
[01:49:23] [382/459] AHKT
[01:49:24] [383/459] SIJI
[01:49:25] [384/459] VCEI
[01:49:26] [385/459] SAKR
[01:49:27] [386/459] VSMT
[01:49:28] [387/459] SSCT
[01:49:29] [388/459] USTR
[01:49:30] [389/459] MTKT
[01:49:31] [390/459] TGMP
[01:49:32] [391/459] SIVC
[01:49:33] [392/459] KICT
[01:49:34] [393/459] DAMD
[01:49:35] [394/459] CNPT
[01:49:36] [395/459] RVTT
[01:49:36] [396/459] SNCM
[01:49:37] [397/459] GHTE
[01:49:38] [398/459] PPAM
[01:49:39] [399/459] PVAA
[01:49:40] [400/459] CPAO
[01:49:41] [401/459] HAMD
[01:49:42] [402/459] RCCA
[01:49:43] [403/459] MPCH
[01:49:44] [404/459] ARED
[01:49:45] [405/459] RRCV
[01:49:46] [406/459] MTRB
[01:49:47] [407/459] CKUA
[01:49:48] [408/459] ABMP
[01:49:49] [409/459] RCWA
[01:49:50] [410/459] CGAR
[01:49:51] [411/459] METH
[01:49:52] [412/459] WAGA
[01:49:52] [413/459] MCMA
[01:49:53] [414/459] CSMP
[01:49:54] [415/459] RCNK
[01:49:55] [416/459] PSTM
[01:49:57] [417/459] CSEP
[01:49:57] [418/459] AMGD
[01:49:58] [419/459] CSTE
[01:49:59] [420/459] CONS
[01:50:00] [421/459] APPX
[01:50:01] [422/459] MABC
[01:50:02] [423/459] CXST
[01:50:03] [424/459] MATN
[01:50:04] [425/459] MACZ
[01:50:04] [426/459] MASA
[01:50:05] [427/459] MBSX
[01:50:06] [428/459] CSST
[01:50:08] [429/459] APCL
[01:50:09] [430/459] CGOS
[01:50:10] [431/459] CPEC
[01:50:11] [432/459] MCCP
[01:50:12] [433/459] BSSO
[01:50:13] [434/459] SJKA
[01:50:14] [435/459] CGBO
[01:50:14] [436/459] MVSK
[01:50:15] [437/459] HVCA
[01:50:16] [438/459] NAMD
[01:50:17] [439/459] DEVI
[01:50:18] [440/459] SCSV
[01:50:19] [441/459] PSMA
[01:50:20] [442/459] CLDJ
[01:50:21] [443/459] NMAD
[01:50:22] [444/459] CGMO
[01:50:23] [445/459] MCNA
[01:50:24] [446/459] OCBN
[01:50:25] [447/459] CPEM
[01:50:26] [448/459] CPSM
[01:50:27] [449/459] RCAD
[01:50:28] [450/459] CPMU
[01:50:29] [451/459] DICD
[01:50:30] [452/459] CHOE
[01:50:31] [453/459] PDJM
[01:50:32] [454/459] SSTU
[01:50:33] [455/459] VNRN
[01:50:34] [456/459] PVLG
[01:50:35] [457/459] SWBL
[01:50:36] [458/459] SCAB
[01:50:37] [459/459] RDDA
[01:50:39] ✅ DONE | Shows=1 | Movies=1
