[00:40:15] 🚀 BMS DAILY TRACKER STARTED
[00:40:15] [1/296] CDCA
[00:40:15] 🧠 New identity
[00:40:16] [2/296] MNSR
[00:40:16] [3/296] CSSL
[00:40:17] [4/296] BGGM
[00:40:18] [5/296] MANT
[00:40:20] [6/296] SOOY
[00:40:21] [7/296] VPPK
[00:40:22] [8/296] MYHJ
[00:40:23] [9/296] KSCK
[00:40:24] [10/296] KATK
[00:40:25] [11/296] RTRT
[00:40:26] [12/296] SSTT
[00:40:27] [13/296] SSTV
[00:40:28] [14/296] LACM
[00:40:29] [15/296] SGMG
[00:40:30] [16/296] KACX
[00:40:31] [17/296] GVCP
[00:40:32] [18/296] CSNC
[00:40:33] [19/296] SXCB
[00:40:34] [20/296] BAHS
[00:40:35] [21/296] PCBI
[00:40:36] [22/296] PSSM
[00:40:37] [23/296] RCOK
[00:40:38] [24/296] SCPF
[00:40:38] [25/296] SSAS
[00:40:39] [26/296] EVMM
[00:40:40] [27/296] SYCB
[00:40:41] [28/296] GCKI
[00:40:42] [29/296] IAET
[00:40:43] [30/296] DDTD
[00:40:44] [31/296] GMDH
[00:40:44] [32/296] STLE
[00:40:45] [33/296] JTRA
[00:40:46] [34/296] RPPA
[00:40:47] [35/296] ARUT
[00:40:48] [36/296] JTVM
[00:40:49] [37/296] SWRH
[00:40:49] [38/296] DCPC
[00:40:50] [39/296] RAPR
[00:40:51] [40/296] GCRT
[00:40:52] [41/296] ATUN
[00:40:53] [42/296] LTRM
[00:40:54] [43/296] TASR
[00:40:55] [44/296] RLLC
[00:40:56] [45/296] MABI
[00:40:57] [46/296] SVHB
[00:40:58] [47/296] NVTB
[00:41:00] [48/296] KCKG
[00:41:00] [49/296] SSRN
[00:41:01] [50/296] VDDC
[00:41:02] [51/296] GKTK
[00:41:03] [52/296] YFSN
[00:41:04] [53/296] GCSG
[00:41:05] [54/296] ESSM
[00:41:06] [55/296] KRIH
[00:41:07] [56/296] GCDS
[00:41:08] [57/296] CCSH
[00:41:09] [58/296] ACSK
[00:41:10] [59/296] APRK
[00:41:10] [60/296] ADKM
[00:41:11] [61/296] SRDM
[00:41:12] [62/296] RMOG
[00:41:13] [63/296] SJMY
[00:41:13] [64/296] PGGC
[00:41:14] [65/296] INGM
[00:41:15] [66/296] LSCB
[00:41:16] [67/296] STAD
[00:41:17] [68/296] MCCR
[00:41:18] [69/296] ABCC
[00:41:19] [70/296] RKCC
[00:41:19] [71/296] RTCR
[00:41:20] [72/296] GGBC
[00:41:22] [73/296] GCSD
[00:41:23] [74/296] LPTY
[00:41:24] [75/296] MCFD
[00:41:25] [76/296] HENN
[00:41:25] [77/296] SMKU
[00:41:26] [78/296] TNZC
[00:41:27] [79/296] DRCD
[00:41:28] [80/296] DLCD
[00:41:29] [81/296] RCDA
[00:41:30] [82/296] COSM
[00:41:30] [83/296] MCMJ
[00:41:31] [84/296] CSTR
[00:41:32] [85/296] CVDK
[00:41:33] [86/296] INRR
[00:41:33] [87/296] RJRT
[00:41:34] [88/296] IRMR
[00:41:35] [89/296] SRCF
[00:41:36] [90/296] GRCR
[00:41:37] [91/296] SURC
[00:41:37] [92/296] NMNH
[00:41:38] [93/296] SVBL
[00:41:39] [94/296] KACI
[00:41:40] [95/296] TDGO
[00:41:42] [96/296] KTBR
[00:41:42] [97/296] PMAD
[00:41:43] [98/296] CCPN
[00:41:44] [99/296] SBTK
[00:41:45] [100/296] LMDK
[00:41:45] [101/296] PGDA
[00:41:47] [102/296] SRML
[00:41:48] [103/296] EVCK
[00:41:49] [104/296] RTTK
[00:41:50] [105/296] SRTU
[00:41:51] [106/296] VRSA
[00:41:52] [107/296] VARS
[00:41:53] [108/296] DSCZ
[00:41:54] [109/296] GAGA
[00:41:55] [110/296] SARV
[00:41:55] [111/296] SEEG
[00:41:57] [112/296] GLCA
[00:41:59] [113/296] APAS
[00:41:59] [114/296] VCIA
[00:42:00] [115/296] SJTA
[00:42:01] [116/296] SABM
[00:42:02] [117/296] PPAG
[00:42:03] [118/296] RVCA
[00:42:04] [119/296] CCIA
[00:42:05] [120/296] HTAG
[00:42:06] [121/296] SMBI
[00:42:06] [122/296] MCJR
[00:42:07] [123/296] CCJR
[00:42:08] [124/296] SINF
[00:42:09] [125/296] CPLX
[00:42:10] [126/296] KKTJ
[00:42:11] [127/296] GDBW
[00:42:12] [128/296] CSUB
[00:42:13] [129/296] DABA
[00:42:14] [130/296] TITR
[00:42:15] [131/296] NYCR
[00:42:16] [132/296] RTRY
[00:42:17] [133/296] JTJL
[00:42:18] [134/296] SJCP
[00:42:19] [135/296] KCCA
[00:42:19] [136/296] MLPG
[00:42:20] [137/296] VRCK
[00:42:22] [138/296] SRIN
[00:42:23] [139/296] CXMK
[00:42:24] [140/296] SKAD
[00:42:25] [141/296] AVTR
[00:42:26] [142/296] PTAJ
[00:42:27] [143/296] SCNK
[00:42:28] [144/296] STTI
[00:42:29] [145/296] KACR
[00:42:29] [146/296] SSDX
[00:42:30] [147/296] VRTJ
[00:42:31] [148/296] RAJD
[00:42:32] [149/296] SCIP
[00:42:33] [150/296] RJSL
[00:42:34] [151/296] ARRS
[00:42:35] [152/296] ASMS
[00:42:36] [153/296] RDTS
[00:42:37] [154/296] DVMY
[00:42:37] [155/296] RASA
[00:42:39] [156/296] INOM
[00:42:40] [157/296] SPRS
[00:42:41] [158/296] SGCS
[00:42:41] [159/296] SALM
[00:42:42] [160/296] PKHC
[00:42:43] [161/296] RCSV
[00:42:44] [162/296] CPKC
[00:42:45] [163/296] AACD
[00:42:47] [164/296] GGCV
[00:42:47] [165/296] SMKD
[00:42:48] [166/296] NBCH
[00:42:49] [167/296] AMCB
[00:42:50] [168/296] OPCN
[00:42:50] [169/296] DCIN
[00:42:52] [170/296] INGW
[00:42:54] [171/296] PKKW
[00:42:54] [172/296] FNGW
[00:42:56] [173/296] GCGD
[00:42:57] [174/296] MSTW
[00:42:57] [175/296] KCCG
[00:42:58] [176/296] MRSS
[00:42:59] [177/296] CLCF
[00:43:00] [178/296] EETS
[00:43:01] [179/296] AATR
[00:43:02] [180/296] CMMN
[00:43:03] [181/296] SCCJ
[00:43:04] [182/296] CDTK
[00:43:05] [183/296] AICP
[00:43:06] [184/296] FNBP
[00:43:07] [185/296] CBPB
[00:43:07] [186/296] CPAS
[00:43:08] [187/296] MAPM
[00:43:09] [188/296] PASD
[00:43:10] [189/296] JCMN
[00:43:11] [190/296] MALB
[00:43:12] [191/296] SACG
[00:43:13] [192/296] DDRX
[00:43:14] [193/296] DDXB
[00:43:15] [194/296] RAMC
[00:43:15] [195/296] SANC
[00:43:16] [196/296] BCBP
[00:43:17] [197/296] ALPC
[00:43:18] [198/296] RBAC
[00:43:19] [199/296] RAJL
[00:43:19] [200/296] MPDX
[00:43:20] [201/296] MUSC
[00:43:21] [202/296] VKMK
[00:43:22] [203/296] SKCG
[00:43:22] [204/296] ANCN
[00:43:23] [205/296] MMCJ
[00:43:24] [206/296] DCAK
[00:43:25] [207/296] SCKG
[00:43:27] [208/296] LMCK
[00:43:28] [209/296] CKKX
[00:43:29] [210/296] ANKU
[00:43:30] [211/296] CSMD
[00:43:31] [212/296] MKMP
[00:43:33] [213/296] SVBG
[00:43:34] [214/296] ROOP
[00:43:34] [215/296] GDMT
[00:43:35] [216/296] FPPF
[00:43:36] [217/296] SFUU
[00:43:37] [218/296] ANCB
[00:43:38] [219/296] SMMC
[00:43:39] [220/296] UGKT
[00:43:40] [221/296] JVRM
[00:43:41] [222/296] BATG
[00:43:41] [223/296] RATE
[00:43:42] [224/296] SKME
[00:43:43] [225/296] LMTP
[00:43:45] [226/296] TCBD
[00:43:46] [227/296] ESBD
[00:43:47] [228/296] GDCU
[00:43:48] [229/296] SNKT
[00:43:49] [230/296] SRNK
[00:43:49] [231/296] SMED
[00:43:50] [232/296] CSQS
[00:43:51] [233/296] ALCS
[00:43:52] [234/296] KCKN
[00:43:53] [235/296] VCCL
[00:43:54] [236/296] MCDA
[00:43:55] [237/296] SHMI
[00:43:55] [238/296] SKHA
[00:43:56] [239/296] SVFK
[00:43:57] [240/296] INVB
[00:43:58] [241/296] MELD
[00:43:59] [242/296] JTYS
[00:44:00] [243/296] INCM
[00:44:01] [244/296] MCDV
[00:44:02] [245/296] KSGK
[00:44:03] [246/296] ICMG
[00:44:04] [247/296] CSCV
[00:44:05] [248/296] STMD
[00:44:06] [249/296] STTR
[00:44:07] [250/296] INVC
[00:44:08] [251/296] JTBL
[00:44:09] [252/296] SRVV
[00:44:10] [253/296] MAVC
[00:44:10] [254/296] SRPP
[00:44:11] [255/296] JGDM
[00:44:12] [256/296] MBSJ
[00:44:13] [257/296] SSLL
[00:44:14] [258/296] SLKP
[00:44:15] [259/296] NSRV
[00:44:15] [260/296] UTDV
[00:44:16] [261/296] KICM
[00:44:17] [262/296] KCMD
[00:44:18] [263/296] TTPP
[00:44:19] [264/296] KMPV
[00:44:20] [265/296] SKTV
[00:44:21] [266/296] STCV
[00:44:21] [267/296] SRDA
[00:44:22] [268/296] JTSX
[00:44:23] [269/296] STBV
[00:44:24] [270/296] APVZ
[00:44:25] [271/296] GSTV
[00:44:26] [272/296] NMVS
[00:44:26] [273/296] SKRT
[00:44:27] [274/296] RMDV
[00:44:29] [275/296] RATG
[00:44:30] [276/296] SJYV
[00:44:30] [277/296] NDGP
[00:44:31] [278/296] SNDG
[00:44:32] [279/296] INSR
[00:44:33] [280/296] INSO
[00:44:34] [281/296] CCSI
[00:44:35] [282/296] RASM
[00:44:36] [283/296] NEWC
[00:44:36] [284/296] VSHL
[00:44:37] [285/296] BISW
[00:44:38] [286/296] GCNG
[00:44:39] [287/296] CWSC
[00:44:40] [288/296] SKAN
[00:44:41] [289/296] SEHP
[00:44:41] [290/296] CCOA
[00:44:42] [291/296] MCAJ
[00:44:43] [292/296] ACDE
[00:44:44] [293/296] AACM
[00:44:46] [294/296] JJCK
[00:44:46] [295/296] RCMO
[00:44:47] [296/296] GDAW
[00:44:48] ✅ DONE | Shows=0 | Movies=0
