[00:40:17] 🚀 BMS DAILY TRACKER STARTED
[00:40:17] [1/324] GCTA
[00:40:17] 🧠 New identity
[00:40:19] [2/324] TOPN
[00:40:20] [3/324] MCUS
[00:40:21] [4/324] SHRL
[00:40:21] [5/324] UPTP
[00:40:23] [6/324] TMMP
[00:40:24] [7/324] DNRP
[00:40:24] [8/324] SRLT
[00:40:25] [9/324] RCNS
[00:40:26] [10/324] DCBH
[00:40:27] [11/324] NAGJ
[00:40:28] [12/324] JVRC
[00:40:29] [13/324] KRJG
[00:40:30] [14/324] SRTJ
[00:40:31] [15/324] CMXM
[00:40:32] [16/324] STMI
[00:40:33] [17/324] SLST
[00:40:34] [18/324] DTCN
[00:40:35] [19/324] STYN
[00:40:36] [20/324] SZVR
[00:40:37] [21/324] SRKO
[00:40:38] [22/324] JTGT
[00:40:38] [23/324] SVFD
[00:40:39] [24/324] SISD
[00:40:40] [25/324] ABDD
[00:40:41] [26/324] DRCA
[00:40:42] [27/324] AVCS
[00:40:43] [28/324] MVKH
[00:40:44] [29/324] ACPR
[00:40:45] [30/324] STIP
[00:40:46] [31/324] MTRA
[00:40:47] [32/324] RMKH
[00:40:48] [33/324] NKRL
[00:40:49] [34/324] PCWN
[00:40:50] [35/324] BLMT
[00:40:51] [36/324] GDPG
[00:40:52] [37/324] SRMX
[00:40:53] [38/324] JACP
[00:40:54] [39/324] CPSH
[00:40:55] [40/324] MCCD
[00:40:56] [41/324] ECGH
[00:40:57] [42/324] MKCK
[00:40:58] [43/324] SRMM
[00:40:59] [44/324] SKYR
[00:41:00] [45/324] PCKC
[00:41:01] [46/324] JCMA
[00:41:03] [47/324] BSMP
[00:41:03] [48/324] VSPA
[00:41:04] [49/324] DJYA
[00:41:06] [50/324] DIMP
[00:41:07] [51/324] FXDR
[00:41:08] [52/324] SSRC
[00:41:11] [53/324] STHP
[00:41:12] [54/324] CPPD
[00:41:13] [55/324] FCLK
[00:41:14] [56/324] SCPP
[00:41:15] [57/324] DCMJ
[00:41:16] [58/324] RCCR
[00:41:17] [59/324] INMT
[00:41:18] [60/324] LXTK
[00:41:18] [61/324] SRYK
[00:41:19] [62/324] SGDK
[00:41:20] [63/324] PPKA
[00:41:21] [64/324] SPKA
[00:41:22] [65/324] CGHH
[00:41:23] [66/324] DCJN
[00:41:24] [67/324] SRKV
[00:41:25] [68/324] SAJC
[00:41:26] [69/324] SUSR
[00:41:27] [70/324] STYG
[00:41:28] [71/324] NTKP
[00:41:28] [72/324] AKTG
[00:41:29] [73/324] CGCM
[00:41:30] [74/324] TULC
[00:41:31] [75/324] NYYZ
[00:41:32] [76/324] NYBW
[00:41:33] [77/324] MACB
[00:41:33] [78/324] SLVT
[00:41:34] [79/324] SANA
[00:41:35] [80/324] ACMR
[00:41:36] [81/324] CPKN
[00:41:38] [82/324] DLGK
[00:41:39] [83/324] CWCK
[00:41:40] [84/324] FDDH
[00:41:41] [85/324] MMMD
[00:41:42] [86/324] CMEH
[00:41:43] [87/324] GGGV
[00:41:43] [88/324] SPJL
[00:41:44] [89/324] RCCD
[00:41:45] [90/324] STTZ
[00:41:46] [91/324] BTCF
[00:41:47] [92/324] TSTZ
[00:41:47] [93/324] IPMM
[00:41:48] [94/324] PMPW
[00:41:49] [95/324] PCMZ
[00:41:50] [96/324] ESEM
[00:41:51] [97/324] PIPO
[00:41:52] [98/324] MATK
[00:41:53] [99/324] PGHM
[00:41:54] [100/324] CTSR
[00:41:56] [101/324] CYKR
[00:41:56] [102/324] MSCM
[00:41:57] [103/324] RFNP
[00:41:58] [104/324] PDCP
[00:41:59] [105/324] NPSE
[00:42:00] [106/324] MKML
[00:42:01] [107/324] FTDP
[00:42:02] [108/324] MMXA
[00:42:03] [109/324] CEPO
[00:42:04] [110/324] CMVP
[00:42:05] [111/324] SGTH
[00:42:06] [112/324] SAYN
[00:42:07] [113/324] URVS
[00:42:08] [114/324] VJTN
[00:42:08] [115/324] BBYK
[00:42:09] [116/324] SHBO
[00:42:10] [117/324] VCMR
[00:42:11] [118/324] MACT
[00:42:12] [119/324] JMNP
[00:42:13] [120/324] VICS
[00:42:14] [121/324] VCDA
[00:42:15] [122/324] GCMM
[00:42:16] [123/324] INVS
[00:42:17] [124/324] SCGM
[00:42:18] [125/324] PCDA
[00:42:19] [126/324] KDCT
[00:42:20] [127/324] JACS
[00:42:21] [128/324] GMMC
[00:42:22] [129/324] AICM
[00:42:23] [130/324] TJCM
[00:42:24] [131/324] RMTI
[00:42:24] [132/324] SHAC
[00:42:25] [133/324] APJC
[00:42:26] [134/324] GCTG
[00:42:27] [135/324] SSMC
[00:42:28] [136/324] THRM
[00:42:29] [137/324] RBCT
[00:42:30] [138/324] DIKT
[00:42:31] [139/324] MIDL
[00:42:32] [140/324] VCSN
[00:42:33] [141/324] SKTG
[00:42:33] [142/324] SMWC
[00:42:34] [143/324] MNKH
[00:42:35] [144/324] PIAT
[00:42:36] [145/324] LTTP
[00:42:37] [146/324] PTPU
[00:42:38] [147/324] ACMG
[00:42:40] [148/324] SHMM
[00:42:41] [149/324] MCMN
[00:42:42] [150/324] GLDC
[00:42:43] [151/324] HOUT
[00:42:44] [152/324] SVRP
[00:42:45] [153/324] PVDN
[00:42:46] [154/324] SCPY
[00:42:47] [155/324] DTPY
[00:42:48] [156/324] GKCS
[00:42:49] [157/324] NCAM
[00:42:50] [158/324] BSRM
[00:42:51] [159/324] RCLC
[00:42:52] [160/324] SKKD
[00:42:53] [161/324] ACHU
[00:42:54] [162/324] RSCF
[00:42:55] [163/324] IMSH
[00:42:56] [164/324] MACX
[00:42:57] [165/324] HMMW
[00:42:58] [166/324] JTCP
[00:42:59] [167/324] SREN
[00:43:00] [168/324] PJRR
[00:43:01] [169/324] INAC
[00:43:02] [170/324] BMCA
[00:43:03] [171/324] SHCB
[00:43:04] [172/324] GABA
[00:43:05] [173/324] SBCT
[00:43:06] [174/324] GCMA
[00:43:07] [175/324] MYTK
[00:43:07] [176/324] INZS
[00:43:09] [177/324] RMIK
[00:43:09] [178/324] NYCH
[00:43:11] [179/324] RAVE
[00:43:12] [180/324] PSXM
[00:43:13] [181/324] MCGP
[00:43:13] [182/324] PDDK
[00:43:14] [183/324] SPCK
[00:43:16] [184/324] MCRL
[00:43:17] [185/324] MHKT
[00:43:18] [186/324] ANRR
[00:43:19] [187/324] SAPK
[00:43:20] [188/324] NCUK
[00:43:21] [189/324] JUGA
[00:43:22] [190/324] DBSC
[00:43:22] [191/324] LALK
[00:43:24] [192/324] GUCK
[00:43:25] [193/324] STSG
[00:43:26] [194/324] PPPZ
[00:43:28] [195/324] CNCY
[00:43:28] [196/324] MTAR
[00:43:30] [197/324] VNKD
[00:43:30] [198/324] KMAJ
[00:43:31] [199/324] ACXK
[00:43:32] [200/324] UTKC
[00:43:33] [201/324] PBLK
[00:43:34] [202/324] ACBX
[00:43:35] [203/324] PTGM
[00:43:36] [204/324] BTDA
[00:43:37] [205/324] PJMB
[00:43:37] [206/324] TPDA
[00:43:38] [207/324] AMOE
[00:43:39] [208/324] PRHT
[00:43:40] [209/324] PRTA
[00:43:41] [210/324] STAM
[00:43:42] [211/324] MSAA
[00:43:43] [212/324] SDLU
[00:43:43] [213/324] RCHH
[00:43:44] [214/324] KANT
[00:43:46] [215/324] FCRT
[00:43:47] [216/324] DNKM
[00:43:48] [217/324] RYCP
[00:43:49] [218/324] MYRP
[00:43:50] [219/324] PPAK
[00:43:51] [220/324] NVPK
[00:43:52] [221/324] PRMC
[00:43:53] [222/324] JBCS
[00:43:54] [223/324] GXCK
[00:43:55] [224/324] USKO
[00:43:56] [225/324] GTEM
[00:43:57] [226/324] SMBU
[00:43:58] [227/324] VETC
[00:43:59] [228/324] LCDA
[00:44:00] [229/324] MTVT
[00:44:00] [230/324] PYCP
[00:44:01] [231/324] PNSC
[00:44:02] [232/324] PPCC
[00:44:03] [233/324] TGRT
[00:44:04] [234/324] JYOT
[00:44:05] [235/324] SRCZ
[00:44:06] [236/324] SJTE
[00:44:07] [237/324] DESC
[00:44:09] [238/324] JHVN
[00:44:10] [239/324] IPSG
[00:44:10] [240/324] IPCM
[00:44:11] [241/324] PDRS
[00:44:12] [242/324] ANCV
[00:44:13] [243/324] CMVV
[00:44:14] [244/324] SHYP
[00:44:15] [245/324] DNCS
[00:44:16] [246/324] GAJK
[00:44:17] [247/324] AKTN
[00:44:17] [248/324] KAYA
[00:44:19] [249/324] SBRC
[00:44:20] [250/324] CHTP
[00:44:20] [251/324] SHRT
[00:44:21] [252/324] BCKU
[00:44:22] [253/324] FCPS
[00:44:23] [254/324] ARDD
[00:44:24] [255/324] CPCM
[00:44:25] [256/324] CGSM
[00:44:26] [257/324] PSMP
[00:44:28] [258/324] SDAL
[00:44:28] [259/324] RTNB
[00:44:29] [260/324] LMCR
[00:44:30] [261/324] CIMA
[00:44:31] [262/324] RNAS
[00:44:31] [263/324] LITH
[00:44:32] [264/324] PBOX
[00:44:33] [265/324] FRTS
[00:44:34] [266/324] RKIC
[00:44:35] [267/324] PTAI
[00:44:36] [268/324] GCIC
[00:44:37] [269/324] FNAS
[00:44:38] [270/324] SCAR
[00:44:39] [271/324] MTCA
[00:44:40] [272/324] SCTS
[00:44:40] [273/324] SYCS
[00:44:41] [274/324] RDMS
[00:44:42] [275/324] KAMP
[00:44:44] [276/324] ERSD
[00:44:44] [277/324] MJMJ
[00:44:45] [278/324] SRCJ
[00:44:46] [279/324] SCXE
[00:44:46] [280/324] SVFR
[00:44:47] [281/324] BHCS
[00:44:48] [282/324] IMCC
[00:44:49] [283/324] PCBO
[00:44:50] [284/324] PRVN
[00:44:51] [285/324] AUPM
[00:44:52] [286/324] INBW
[00:44:53] [287/324] SVCW
[00:44:54] [288/324] RKCF
[00:44:55] [289/324] UVBH
[00:44:56] [290/324] DNCY
[00:44:57] [291/324] ABCN
[00:44:57] [292/324] PRUR
[00:44:58] [293/324] PFMR
[00:44:59] [294/324] RKCN
[00:45:00] [295/324] CFEA
[00:45:01] [296/324] SDBG
[00:45:02] [297/324] SNAR
[00:45:03] [298/324] YISI
[00:45:04] [299/324] JCFF
[00:45:05] [300/324] VTRK
[00:45:06] [301/324] PCLZ
[00:45:07] [302/324] DIMY
[00:45:08] [303/324] BBTS
[00:45:09] [304/324] GATH
[00:45:10] [305/324] GTMN
[00:45:11] [306/324] VTMH
[00:45:12] [307/324] CCKP
[00:45:13] [308/324] GPKA
[00:45:14] [309/324] MHCL
[00:45:15] [310/324] ATCL
[00:45:16] [311/324] SBCK
[00:45:17] [312/324] AMMR
[00:45:18] [313/324] MADC
[00:45:19] [314/324] TMMA
[00:45:20] [315/324] CACC
[00:45:21] [316/324] CHAL
[00:45:21] [317/324] DURG
[00:45:22] [318/324] GMKU
[00:45:23] [319/324] GECA
[00:45:24] [320/324] KYRR
[00:45:25] [321/324] KSDE
[00:45:25] [322/324] LMCI
[00:45:26] [323/324] NKCP
[00:45:27] [324/324] BGTC
[00:45:28] ✅ DONE | Shows=0 | Movies=0
[01:43:15] 🚀 BMS DAILY TRACKER STARTED
[01:43:15] [1/324] GCTA
[01:43:15] 🧠 New identity
[01:43:16] [2/324] TOPN
[01:43:17] [3/324] MCUS
[01:43:18] [4/324] SHRL
[01:43:19] [5/324] UPTP
[01:43:20] [6/324] TMMP
[01:43:21] [7/324] DNRP
[01:43:22] [8/324] SRLT
[01:43:23] [9/324] RCNS
[01:43:24] [10/324] DCBH
[01:43:25] [11/324] NAGJ
[01:43:26] [12/324] JVRC
[01:43:27] [13/324] KRJG
[01:43:28] [14/324] SRTJ
[01:43:29] [15/324] CMXM
[01:43:30] [16/324] STMI
[01:43:31] [17/324] SLST
[01:43:32] [18/324] DTCN
[01:43:33] [19/324] STYN
[01:43:35] [20/324] SZVR
[01:43:35] [21/324] SRKO
[01:43:36] [22/324] JTGT
[01:43:37] [23/324] SVFD
[01:43:38] [24/324] SISD
[01:43:39] [25/324] ABDD
[01:43:40] [26/324] DRCA
[01:43:41] [27/324] AVCS
[01:43:42] [28/324] MVKH
[01:43:43] [29/324] ACPR
[01:43:44] [30/324] STIP
[01:43:45] [31/324] MTRA
[01:43:46] [32/324] RMKH
[01:43:48] [33/324] NKRL
[01:43:48] [34/324] PCWN
[01:43:49] [35/324] BLMT
[01:43:50] [36/324] GDPG
[01:43:51] [37/324] SRMX
[01:43:51] [38/324] JACP
[01:43:52] [39/324] CPSH
[01:43:53] [40/324] MCCD
[01:43:54] [41/324] ECGH
[01:43:55] [42/324] MKCK
[01:43:56] [43/324] SRMM
[01:43:57] [44/324] SKYR
[01:43:58] [45/324] PCKC
[01:43:59] [46/324] JCMA
[01:44:00] [47/324] BSMP
[01:44:02] [48/324] VSPA
[01:44:03] [49/324] DJYA
[01:44:03] [50/324] DIMP
[01:44:04] [51/324] FXDR
[01:44:05] [52/324] SSRC
[01:44:06] [53/324] STHP
[01:44:07] [54/324] CPPD
[01:44:08] [55/324] FCLK
[01:44:09] [56/324] SCPP
[01:44:10] [57/324] DCMJ
[01:44:11] [58/324] RCCR
[01:44:12] [59/324] INMT
[01:44:13] [60/324] LXTK
[01:44:14] [61/324] SRYK
[01:44:14] [62/324] SGDK
[01:44:15] [63/324] PPKA
[01:44:16] [64/324] SPKA
[01:44:17] [65/324] CGHH
[01:44:18] [66/324] DCJN
[01:44:19] [67/324] SRKV
[01:44:20] [68/324] SAJC
[01:44:21] [69/324] SUSR
[01:44:22] [70/324] STYG
[01:44:23] [71/324] NTKP
[01:44:23] [72/324] AKTG
[01:44:24] [73/324] CGCM
[01:44:25] [74/324] TULC
[01:44:26] [75/324] NYYZ
[01:44:27] [76/324] NYBW
[01:44:28] [77/324] MACB
[01:44:29] [78/324] SLVT
[01:44:30] [79/324] SANA
[01:44:31] [80/324] ACMR
[01:44:32] [81/324] CPKN
[01:44:33] [82/324] DLGK
[01:44:34] [83/324] CWCK
[01:44:35] [84/324] FDDH
[01:44:36] [85/324] MMMD
[01:44:37] [86/324] CMEH
[01:44:38] [87/324] GGGV
[01:44:39] [88/324] SPJL
[01:44:40] [89/324] RCCD
[01:44:41] [90/324] STTZ
[01:44:42] [91/324] BTCF
[01:44:43] [92/324] TSTZ
[01:44:43] [93/324] IPMM
[01:44:45] [94/324] PMPW
[01:44:46] [95/324] PCMZ
[01:44:47] [96/324] ESEM
[01:44:48] [97/324] PIPO
[01:44:49] [98/324] MATK
[01:44:50] [99/324] PGHM
[01:44:51] [100/324] CTSR
[01:44:52] [101/324] CYKR
[01:44:53] [102/324] MSCM
[01:44:54] [103/324] RFNP
[01:44:55] [104/324] PDCP
[01:44:57] [105/324] NPSE
[01:44:57] [106/324] MKML
[01:44:58] [107/324] FTDP
[01:44:59] [108/324] MMXA
[01:45:00] [109/324] CEPO
[01:45:01] [110/324] CMVP
[01:45:02] [111/324] SGTH
[01:45:03] [112/324] SAYN
[01:45:04] [113/324] URVS
[01:45:05] [114/324] VJTN
[01:45:06] [115/324] BBYK
[01:45:07] [116/324] SHBO
[01:45:08] [117/324] VCMR
[01:45:09] [118/324] MACT
[01:45:09] [119/324] JMNP
[01:45:10] [120/324] VICS
[01:45:11] [121/324] VCDA
[01:45:12] [122/324] GCMM
[01:45:13] [123/324] INVS
[01:45:14] [124/324] SCGM
[01:45:15] [125/324] PCDA
[01:45:16] [126/324] KDCT
[01:45:17] [127/324] JACS
[01:45:18] [128/324] GMMC
[01:45:19] [129/324] AICM
[01:45:19] [130/324] TJCM
[01:45:20] [131/324] RMTI
[01:45:21] [132/324] SHAC
[01:45:22] [133/324] APJC
[01:45:23] [134/324] GCTG
[01:45:24] [135/324] SSMC
[01:45:25] [136/324] THRM
[01:45:26] [137/324] RBCT
[01:45:27] [138/324] DIKT
[01:45:28] [139/324] MIDL
[01:45:30] [140/324] VCSN
[01:45:31] [141/324] SKTG
[01:45:32] [142/324] SMWC
[01:45:32] [143/324] MNKH
[01:45:33] [144/324] PIAT
[01:45:34] [145/324] LTTP
[01:45:35] [146/324] PTPU
[01:45:36] [147/324] ACMG
[01:45:37] [148/324] SHMM
[01:45:37] [149/324] MCMN
[01:45:38] [150/324] GLDC
[01:45:39] [151/324] HOUT
[01:45:40] [152/324] SVRP
[01:45:41] [153/324] PVDN
[01:45:42] [154/324] SCPY
[01:45:43] [155/324] DTPY
[01:45:44] [156/324] GKCS
[01:45:45] [157/324] NCAM
[01:45:46] [158/324] BSRM
[01:45:47] [159/324] RCLC
[01:45:48] [160/324] SKKD
[01:45:49] [161/324] ACHU
[01:45:50] [162/324] RSCF
[01:45:50] [163/324] IMSH
[01:45:51] [164/324] MACX
[01:45:52] [165/324] HMMW
[01:45:53] [166/324] JTCP
[01:45:54] [167/324] SREN
[01:45:55] [168/324] PJRR
[01:45:56] [169/324] INAC
[01:45:57] [170/324] BMCA
[01:45:58] [171/324] SHCB
[01:45:59] [172/324] GABA
[01:46:00] [173/324] SBCT
[01:46:01] [174/324] GCMA
[01:46:01] [175/324] MYTK
[01:46:02] [176/324] INZS
[01:46:04] [177/324] RMIK
[01:46:05] [178/324] NYCH
[01:46:06] [179/324] RAVE
[01:46:07] [180/324] PSXM
[01:46:08] [181/324] MCGP
[01:46:09] [182/324] PDDK
[01:46:10] [183/324] SPCK
[01:46:11] [184/324] MCRL
[01:46:12] [185/324] MHKT
[01:46:13] [186/324] ANRR
[01:46:14] [187/324] SAPK
[01:46:15] [188/324] NCUK
[01:46:16] [189/324] JUGA
[01:46:16] [190/324] DBSC
[01:46:18] [191/324] LALK
[01:46:19] [192/324] GUCK
[01:46:20] [193/324] STSG
[01:46:20] [194/324] PPPZ
[01:46:22] [195/324] CNCY
[01:46:23] [196/324] MTAR
[01:46:23] [197/324] VNKD
[01:46:25] [198/324] KMAJ
[01:46:26] [199/324] ACXK
[01:46:29] [200/324] UTKC
[01:46:30] [201/324] PBLK
[01:46:31] [202/324] ACBX
[01:46:32] [203/324] PTGM
[01:46:33] [204/324] BTDA
[01:46:33] [205/324] PJMB
[01:46:35] [206/324] TPDA
[01:46:35] [207/324] AMOE
[01:46:36] [208/324] PRHT
[01:46:37] [209/324] PRTA
[01:46:38] [210/324] STAM
[01:46:39] [211/324] MSAA
[01:46:39] [212/324] SDLU
[01:46:40] [213/324] RCHH
[01:46:41] [214/324] KANT
[01:46:42] [215/324] FCRT
[01:46:43] [216/324] DNKM
[01:46:44] [217/324] RYCP
[01:46:45] [218/324] MYRP
[01:46:46] [219/324] PPAK
[01:46:46] [220/324] NVPK
[01:46:47] [221/324] PRMC
[01:46:48] [222/324] JBCS
[01:46:50] [223/324] GXCK
[01:46:50] [224/324] USKO
[01:46:52] [225/324] GTEM
[01:46:53] [226/324] SMBU
[01:46:53] [227/324] VETC
[01:46:54] [228/324] LCDA
[01:46:55] [229/324] MTVT
[01:46:56] [230/324] PYCP
[01:46:57] [231/324] PNSC
[01:46:58] [232/324] PPCC
[01:46:59] [233/324] TGRT
[01:46:59] [234/324] JYOT
[01:47:00] [235/324] SRCZ
[01:47:01] [236/324] SJTE
[01:47:02] [237/324] DESC
[01:47:04] [238/324] JHVN
[01:47:05] [239/324] IPSG
[01:47:05] [240/324] IPCM
[01:47:07] [241/324] PDRS
[01:47:08] [242/324] ANCV
[01:47:09] [243/324] CMVV
[01:47:10] [244/324] SHYP
[01:47:11] [245/324] DNCS
[01:47:12] [246/324] GAJK
[01:47:13] [247/324] AKTN
[01:47:14] [248/324] KAYA
[01:47:15] [249/324] SBRC
[01:47:16] [250/324] CHTP
[01:47:17] [251/324] SHRT
[01:47:18] [252/324] BCKU
[01:47:19] [253/324] FCPS
[01:47:19] [254/324] ARDD
[01:47:20] [255/324] CPCM
[01:47:21] [256/324] CGSM
[01:47:22] [257/324] PSMP
[01:47:23] [258/324] SDAL
[01:47:24] [259/324] RTNB
[01:47:25] [260/324] LMCR
[01:47:26] [261/324] CIMA
[01:47:27] [262/324] RNAS
[01:47:28] [263/324] LITH
[01:47:29] [264/324] PBOX
[01:47:29] [265/324] FRTS
[01:47:30] [266/324] RKIC
[01:47:31] [267/324] PTAI
[01:47:32] [268/324] GCIC
[01:47:33] [269/324] FNAS
[01:47:34] [270/324] SCAR
[01:47:35] [271/324] MTCA
[01:47:36] [272/324] SCTS
[01:47:37] [273/324] SYCS
[01:47:38] [274/324] RDMS
[01:47:39] [275/324] KAMP
[01:47:40] [276/324] ERSD
[01:47:41] [277/324] MJMJ
[01:47:42] [278/324] SRCJ
[01:47:43] [279/324] SCXE
[01:47:44] [280/324] SVFR
[01:47:45] [281/324] BHCS
[01:47:46] [282/324] IMCC
[01:47:46] [283/324] PCBO
[01:47:47] [284/324] PRVN
[01:47:48] [285/324] AUPM
[01:47:49] [286/324] INBW
[01:47:50] [287/324] SVCW
[01:47:51] [288/324] RKCF
[01:47:52] [289/324] UVBH
[01:47:52] [290/324] DNCY
[01:47:53] [291/324] ABCN
[01:47:54] [292/324] PRUR
[01:47:55] [293/324] PFMR
[01:47:56] [294/324] RKCN
[01:47:57] [295/324] CFEA
[01:47:58] [296/324] SDBG
[01:47:59] [297/324] SNAR
[01:47:59] [298/324] YISI
[01:48:00] [299/324] JCFF
[01:48:01] [300/324] VTRK
[01:48:02] [301/324] PCLZ
[01:48:03] [302/324] DIMY
[01:48:04] [303/324] BBTS
[01:48:05] [304/324] GATH
[01:48:06] [305/324] GTMN
[01:48:07] [306/324] VTMH
[01:48:08] [307/324] CCKP
[01:48:09] [308/324] GPKA
[01:48:10] [309/324] MHCL
[01:48:11] [310/324] ATCL
[01:48:12] [311/324] SBCK
[01:48:13] [312/324] AMMR
[01:48:13] [313/324] MADC
[01:48:14] [314/324] TMMA
[01:48:15] [315/324] CACC
[01:48:16] [316/324] CHAL
[01:48:17] [317/324] DURG
[01:48:18] [318/324] GMKU
[01:48:19] [319/324] GECA
[01:48:20] [320/324] KYRR
[01:48:22] [321/324] KSDE
[01:48:22] [322/324] LMCI
[01:48:23] [323/324] NKCP
[01:48:24] [324/324] BGTC
[01:48:26] ✅ DONE | Shows=0 | Movies=0
[02:41:05] 🚀 BMS DAILY TRACKER STARTED
[02:41:05] [1/324] GCTA
[02:41:05] 🧠 New identity
[02:41:06] [2/324] TOPN
[02:41:07] [3/324] MCUS
[02:41:08] [4/324] SHRL
[02:41:09] [5/324] UPTP
[02:41:10] [6/324] TMMP
[02:41:11] [7/324] DNRP
[02:41:12] [8/324] SRLT
[02:41:13] [9/324] RCNS
[02:41:14] [10/324] DCBH
[02:41:16] [11/324] NAGJ
[02:41:17] [12/324] JVRC
[02:41:18] [13/324] KRJG
[02:41:19] [14/324] SRTJ
[02:41:20] [15/324] CMXM
[02:41:21] [16/324] STMI
[02:41:21] [17/324] SLST
[02:41:22] [18/324] DTCN
[02:41:23] [19/324] STYN
[02:41:24] [20/324] SZVR
[02:41:26] [21/324] SRKO
[02:41:27] [22/324] JTGT
[02:41:28] [23/324] SVFD
[02:41:29] [24/324] SISD
[02:41:29] [25/324] ABDD
[02:41:30] [26/324] DRCA
[02:41:31] [27/324] AVCS
[02:41:32] [28/324] MVKH
[02:41:33] [29/324] ACPR
[02:41:34] [30/324] STIP
[02:41:35] [31/324] MTRA
[02:41:36] [32/324] RMKH
[02:41:37] [33/324] NKRL
[02:41:38] [34/324] PCWN
[02:41:39] [35/324] BLMT
[02:41:40] [36/324] GDPG
[02:41:41] [37/324] SRMX
[02:41:42] [38/324] JACP
[02:41:43] [39/324] CPSH
[02:41:44] [40/324] MCCD
[02:41:46] [41/324] ECGH
[02:41:47] [42/324] MKCK
[02:41:47] [43/324] SRMM
[02:41:48] [44/324] SKYR
[02:41:50] [45/324] PCKC
[02:41:51] [46/324] JCMA
[02:41:52] [47/324] BSMP
[02:41:52] [48/324] VSPA
[02:41:53] [49/324] DJYA
[02:41:54] [50/324] DIMP
[02:41:55] [51/324] FXDR
[02:41:56] [52/324] SSRC
[02:41:57] [53/324] STHP
[02:41:58] [54/324] CPPD
[02:41:59] [55/324] FCLK
[02:42:00] [56/324] SCPP
[02:42:01] [57/324] DCMJ
[02:42:02] [58/324] RCCR
[02:42:03] [59/324] INMT
[02:42:04] [60/324] LXTK
[02:42:05] [61/324] SRYK
[02:42:05] [62/324] SGDK
[02:42:06] [63/324] PPKA
[02:42:07] [64/324] SPKA
[02:42:08] [65/324] CGHH
[02:42:09] [66/324] DCJN
[02:42:09] [67/324] SRKV
[02:42:11] [68/324] SAJC
[02:42:12] [69/324] SUSR
[02:42:13] [70/324] STYG
[02:42:15] [71/324] NTKP
[02:42:17] [72/324] AKTG
[02:42:17] [73/324] CGCM
[02:42:18] [74/324] TULC
[02:42:19] [75/324] NYYZ
[02:42:20] [76/324] NYBW
[02:42:21] [77/324] MACB
[02:42:22] [78/324] SLVT
[02:42:24] [79/324] SANA
[02:42:25] [80/324] ACMR
[02:42:25] [81/324] CPKN
[02:42:26] [82/324] DLGK
[02:42:27] [83/324] CWCK
[02:42:28] [84/324] FDDH
[02:42:29] [85/324] MMMD
[02:42:29] [86/324] CMEH
[02:42:30] [87/324] GGGV
[02:42:31] [88/324] SPJL
[02:42:32] [89/324] RCCD
[02:42:33] [90/324] STTZ
[02:42:33] [91/324] BTCF
[02:42:34] [92/324] TSTZ
[02:42:35] [93/324] IPMM
[02:42:36] [94/324] PMPW
[02:42:36] [95/324] PCMZ
[02:42:38] [96/324] ESEM
[02:42:38] [97/324] PIPO
[02:42:39] [98/324] MATK
[02:42:40] [99/324] PGHM
[02:42:42] [100/324] CTSR
[02:42:43] [101/324] CYKR
[02:42:44] [102/324] MSCM
[02:42:45] [103/324] RFNP
[02:42:45] [104/324] PDCP
[02:42:46] [105/324] NPSE
[02:42:47] [106/324] MKML
[02:42:48] [107/324] FTDP
[02:42:49] [108/324] MMXA
[02:42:50] [109/324] CEPO
[02:42:51] [110/324] CMVP
[02:42:52] [111/324] SGTH
[02:42:52] [112/324] SAYN
[02:42:54] [113/324] URVS
[02:42:54] [114/324] VJTN
[02:42:55] [115/324] BBYK
[02:42:56] [116/324] SHBO
[02:42:57] [117/324] VCMR
[02:42:58] [118/324] MACT
[02:42:59] [119/324] JMNP
[02:43:00] [120/324] VICS
[02:43:01] [121/324] VCDA
[02:43:01] [122/324] GCMM
[02:43:02] [123/324] INVS
[02:43:03] [124/324] SCGM
[02:43:05] [125/324] PCDA
[02:43:06] [126/324] KDCT
[02:43:06] [127/324] JACS
[02:43:07] [128/324] GMMC
[02:43:08] [129/324] AICM
[02:43:09] [130/324] TJCM
[02:43:10] [131/324] RMTI
[02:43:11] [132/324] SHAC
[02:43:11] [133/324] APJC
[02:43:12] [134/324] GCTG
[02:43:13] [135/324] SSMC
[02:43:14] [136/324] THRM
[02:43:15] [137/324] RBCT
[02:43:16] [138/324] DIKT
[02:43:17] [139/324] MIDL
[02:43:17] [140/324] VCSN
[02:43:18] [141/324] SKTG
[02:43:19] [142/324] SMWC
[02:43:20] [143/324] MNKH
[02:43:21] [144/324] PIAT
[02:43:22] [145/324] LTTP
[02:43:23] [146/324] PTPU
[02:43:24] [147/324] ACMG
[02:43:25] [148/324] SHMM
[02:43:25] [149/324] MCMN
[02:43:26] [150/324] GLDC
[02:43:28] [151/324] HOUT
[02:43:29] [152/324] SVRP
[02:43:30] [153/324] PVDN
[02:43:30] [154/324] SCPY
[02:43:31] [155/324] DTPY
[02:43:32] [156/324] GKCS
[02:43:33] [157/324] NCAM
[02:43:34] [158/324] BSRM
[02:43:35] [159/324] RCLC
[02:43:35] [160/324] SKKD
[02:43:36] [161/324] ACHU
[02:43:37] [162/324] RSCF
[02:43:37] [163/324] IMSH
[02:43:38] [164/324] MACX
[02:43:39] [165/324] HMMW
[02:43:40] [166/324] JTCP
[02:43:41] [167/324] SREN
[02:43:42] [168/324] PJRR
[02:43:43] [169/324] INAC
[02:43:44] [170/324] BMCA
[02:43:45] [171/324] SHCB
[02:43:46] [172/324] GABA
[02:43:47] [173/324] SBCT
[02:43:48] [174/324] GCMA
[02:43:49] [175/324] MYTK
[02:43:50] [176/324] INZS
[02:43:52] [177/324] RMIK
[02:43:53] [178/324] NYCH
[02:43:54] [179/324] RAVE
[02:43:55] [180/324] PSXM
[02:43:56] [181/324] MCGP
[02:43:57] [182/324] PDDK
[02:43:58] [183/324] SPCK
[02:43:59] [184/324] MCRL
[02:44:00] [185/324] MHKT
[02:44:01] [186/324] ANRR
[02:44:01] [187/324] SAPK
[02:44:02] [188/324] NCUK
[02:44:03] [189/324] JUGA
[02:44:04] [190/324] DBSC
[02:44:05] [191/324] LALK
[02:44:06] [192/324] GUCK
[02:44:07] [193/324] STSG
[02:44:07] [194/324] PPPZ
[02:44:08] [195/324] CNCY
[02:44:09] [196/324] MTAR
[02:44:10] [197/324] VNKD
[02:44:10] [198/324] KMAJ
[02:44:11] [199/324] ACXK
[02:44:12] [200/324] UTKC
[02:44:13] [201/324] PBLK
[02:44:14] [202/324] ACBX
[02:44:15] [203/324] PTGM
[02:44:16] [204/324] BTDA
[02:44:17] [205/324] PJMB
[02:44:17] [206/324] TPDA
[02:44:18] [207/324] AMOE
[02:44:19] [208/324] PRHT
[02:44:20] [209/324] PRTA
[02:44:21] [210/324] STAM
[02:44:22] [211/324] MSAA
[02:44:23] [212/324] SDLU
[02:44:24] [213/324] RCHH
[02:44:25] [214/324] KANT
[02:44:26] [215/324] FCRT
[02:44:27] [216/324] DNKM
[02:44:28] [217/324] RYCP
[02:44:29] [218/324] MYRP
[02:44:30] [219/324] PPAK
[02:44:31] [220/324] NVPK
[02:44:31] [221/324] PRMC
[02:44:33] [222/324] JBCS
[02:44:33] [223/324] GXCK
[02:44:34] [224/324] USKO
[02:44:36] [225/324] GTEM
[02:44:37] [226/324] SMBU
[02:44:37] [227/324] VETC
[02:44:38] [228/324] LCDA
[02:44:39] [229/324] MTVT
[02:44:40] [230/324] PYCP
[02:44:41] [231/324] PNSC
[02:44:42] [232/324] PPCC
[02:44:43] [233/324] TGRT
[02:44:44] [234/324] JYOT
[02:44:45] [235/324] SRCZ
[02:44:46] [236/324] SJTE
[02:44:46] [237/324] DESC
[02:44:47] [238/324] JHVN
[02:44:48] [239/324] IPSG
[02:44:49] [240/324] IPCM
[02:44:50] [241/324] PDRS
[02:44:51] [242/324] ANCV
[02:44:51] [243/324] CMVV
[02:44:52] [244/324] SHYP
[02:44:54] [245/324] DNCS
[02:44:55] [246/324] GAJK
[02:44:56] [247/324] AKTN
[02:44:57] [248/324] KAYA
[02:44:58] [249/324] SBRC
[02:44:59] [250/324] CHTP
[02:45:00] [251/324] SHRT
[02:45:01] [252/324] BCKU
[02:45:02] [253/324] FCPS
[02:45:02] [254/324] ARDD
[02:45:03] [255/324] CPCM
[02:45:04] [256/324] CGSM
[02:45:05] [257/324] PSMP
[02:45:06] [258/324] SDAL
[02:45:07] [259/324] RTNB
[02:45:07] [260/324] LMCR
[02:45:08] [261/324] CIMA
[02:45:09] [262/324] RNAS
[02:45:10] [263/324] LITH
[02:45:11] [264/324] PBOX
[02:45:12] [265/324] FRTS
[02:45:12] [266/324] RKIC
[02:45:13] [267/324] PTAI
[02:45:14] [268/324] GCIC
[02:45:15] [269/324] FNAS
[02:45:16] [270/324] SCAR
[02:45:16] [271/324] MTCA
[02:45:17] [272/324] SCTS
[02:45:18] [273/324] SYCS
[02:45:19] [274/324] RDMS
[02:45:20] [275/324] KAMP
[02:45:21] [276/324] ERSD
[02:45:22] [277/324] MJMJ
[02:45:22] [278/324] SRCJ
[02:45:23] [279/324] SCXE
[02:45:24] [280/324] SVFR
[02:45:25] [281/324] BHCS
[02:45:26] [282/324] IMCC
[02:45:27] [283/324] PCBO
[02:45:28] [284/324] PRVN
[02:45:29] [285/324] AUPM
[02:45:29] [286/324] INBW
[02:45:31] [287/324] SVCW
[02:45:32] [288/324] RKCF
[02:45:33] [289/324] UVBH
[02:45:34] [290/324] DNCY
[02:45:34] [291/324] ABCN
[02:45:35] [292/324] PRUR
[02:45:36] [293/324] PFMR
[02:45:37] [294/324] RKCN
[02:45:37] [295/324] CFEA
[02:45:38] [296/324] SDBG
[02:45:39] [297/324] SNAR
[02:45:40] [298/324] YISI
[02:45:41] [299/324] JCFF
[02:45:42] [300/324] VTRK
[02:45:43] [301/324] PCLZ
[02:45:43] [302/324] DIMY
[02:45:44] [303/324] BBTS
[02:45:45] [304/324] GATH
[02:45:47] [305/324] GTMN
[02:45:47] [306/324] VTMH
[02:45:48] [307/324] CCKP
[02:45:48] [308/324] GPKA
[02:45:49] [309/324] MHCL
[02:45:50] [310/324] ATCL
[02:45:51] [311/324] SBCK
[02:45:52] [312/324] AMMR
[02:45:53] [313/324] MADC
[02:45:54] [314/324] TMMA
[02:45:55] [315/324] CACC
[02:45:56] [316/324] CHAL
[02:45:57] [317/324] DURG
[02:45:57] [318/324] GMKU
[02:45:58] [319/324] GECA
[02:45:59] [320/324] KYRR
[02:46:00] [321/324] KSDE
[02:46:01] [322/324] LMCI
[02:46:02] [323/324] NKCP
[02:46:03] [324/324] BGTC
[02:46:04] ✅ DONE | Shows=0 | Movies=0
