[00:40:13] 🚀 BMS DAILY TRACKER STARTED
[00:40:13] [1/459] NECA
[00:40:13] 🧠 New identity
[00:40:14] [2/459] BJLC
[00:40:15] [3/459] BASU
[00:40:16] [4/459] RUPI
[00:40:17] [5/459] LCBK
[00:40:18] [6/459] PMAC
[00:40:19] [7/459] AMLC
[00:40:20] [8/459] LICL
[00:40:21] [9/459] UDMM
[00:40:22] [10/459] STBZ
[00:40:23] [11/459] UUBT
[00:40:24] [12/459] SJKC
[00:40:25] [13/459] TUAL
[00:40:26] [14/459] MRSE
[00:40:27] [15/459] RMRK
[00:40:28] [16/459] TTKP
[00:40:29] [17/459] KTKO
[00:40:30] [18/459] SDBK
[00:40:31] [19/459] MCPR
[00:40:32] [20/459] CHTI
[00:40:33] [21/459] GCCP
[00:40:34] [22/459] SRMY
[00:40:35] [23/459] NYST
[00:40:36] [24/459] NYAG
[00:40:37] [25/459] SBMT
[00:40:38] [26/459] INGA
[00:40:39] [27/459] WSIC
[00:40:40] [28/459] SCSS
[00:40:42] [29/459] COPG
[00:40:43] [30/459] RCGR
[00:40:44] [31/459] TCZA
[00:40:45] [32/459] CNLP
[00:40:46] [33/459] CLKN
[00:40:47] [34/459] LHDF
[00:40:48] [35/459] ELKC
[00:40:49] [36/459] VCEM
[00:40:50] [37/459] SSZA
[00:40:50] [38/459] KRMT
[00:40:51] [39/459] LCMV
[00:40:52] [40/459] AYCZ
[00:40:53] [41/459] CUMS
[00:40:54] [42/459] BOCK
[00:40:56] [43/459] PNMR
[00:40:56] [44/459] PJCP
[00:40:57] [45/459] JDDD
[00:40:58] [46/459] STMS
[00:41:00] [47/459] FLMB
[00:41:01] [48/459] PKCM
[00:41:02] [49/459] SPPR
[00:41:02] [50/459] EYLH
[00:41:03] [51/459] RJCC
[00:41:04] [52/459] MMPS
[00:41:05] [53/459] SHMX
[00:41:06] [54/459] CCNL
[00:41:07] [55/459] RCNV
[00:41:08] [56/459] MAAG
[00:41:09] [57/459] LXCM
[00:41:10] [58/459] RCNI
[00:41:11] [59/459] SNNI
[00:41:12] [60/459] LALC
[00:41:13] [61/459] SOCN
[00:41:14] [62/459] JHTP
[00:41:15] [63/459] PITP
[00:41:16] [64/459] CCKW
[00:41:17] [65/459] MCMC
[00:41:19] [66/459] DEES
[00:41:19] [67/459] SABT
[00:41:21] [68/459] VSPP
[00:41:22] [69/459] ABCT
[00:41:23] [70/459] JVTB
[00:41:23] [71/459] VCBD
[00:41:24] [72/459] RMGG
[00:41:25] [73/459] RNMH
[00:41:26] [74/459] SPGL
[00:41:27] [75/459] JTTR
[00:41:27] [76/459] SICS
[00:41:28] [77/459] SRMI
[00:41:29] [78/459] SSIJ
[00:41:31] [79/459] KFMT
[00:41:31] [80/459] VBIT
[00:41:32] [81/459] JKCT
[00:41:34] [82/459] GCGP
[00:41:35] [83/459] GDCS
[00:41:36] [84/459] TRBA
[00:41:37] [85/459] QUST
[00:41:38] [86/459] VSHM
[00:41:39] [87/459] SDCP
[00:41:40] [88/459] SNVS
[00:41:41] [89/459] NYTO
[00:41:42] [90/459] URWC
[00:41:42] [91/459] GTWH
[00:41:43] [92/459] PFCM
[00:41:45] [93/459] KRTA
[00:41:46] [94/459] AXMC
[00:41:46] [95/459] EVMC
[00:41:47] [96/459] HGSM
[00:41:48] [97/459] ACVM
[00:41:49] [98/459] PSKL
[00:41:50] [99/459] RDMP
[00:41:51] [100/459] RHGH
[00:41:53] [101/459] OMCM
[00:41:54] [102/459] DCCP
[00:41:54] [103/459] MCPB
[00:41:55] [104/459] ALCI
[00:41:56] [105/459] BLMX
[00:41:57] [106/459] BTMV
[00:41:58] [107/459] FVPN
[00:41:59] [108/459] CMAR
[00:42:00] [109/459] CEIM
[00:42:00] [110/459] CMVA
[00:42:01] [111/459] CPIV
[00:42:02] [112/459] CNPE
[00:42:03] [113/459] COLV
[00:42:04] [114/459] DNNV
[00:42:05] [115/459] HCAD
[00:42:06] [116/459] TAKA
[00:42:07] [117/459] INVD
[00:42:08] [118/459] IRMM
[00:42:09] [119/459] INSE
[00:42:10] [120/459] MRSW
[00:42:10] [121/459] MCVD
[00:42:11] [122/459] MCSO
[00:42:12] [123/459] PEVM
[00:42:13] [124/459] PVNL
[00:42:14] [125/459] PTCV
[00:42:15] [126/459] PRTC
[00:42:16] [127/459] RCVA
[00:42:16] [128/459] MTBN
[00:42:17] [129/459] LUCP
[00:42:18] [130/459] FMPT
[00:42:19] [131/459] JLSL
[00:42:20] [132/459] SBHA
[00:42:21] [133/459] SHRC
[00:42:22] [134/459] AVPS
[00:42:23] [135/459] STPM
[00:42:24] [136/459] ATRD
[00:42:25] [137/459] VTED
[00:42:26] [138/459] ACAI
[00:42:27] [139/459] SMAE
[00:42:27] [140/459] VMAT
[00:42:28] [141/459] LKCT
[00:42:29] [142/459] JTVK
[00:42:30] [143/459] PRTY
[00:42:31] [144/459] GETT
[00:42:32] [145/459] ESAP
[00:42:33] [146/459] NCPM
[00:42:35] [147/459] PCPA
[00:42:36] [148/459] MMOM
[00:42:37] [149/459] PHUP
[00:42:38] [150/459] CCPI
[00:42:38] [151/459] CNTD
[00:42:39] [152/459] NLJR
[00:42:41] [153/459] SRNG
[00:42:42] [154/459] MHAL
[00:42:42] [155/459] PNSM
[00:42:43] [156/459] DRMY
[00:42:44] [157/459] CCMU
[00:42:45] [158/459] SCMY
[00:42:46] [159/459] PVSY
[00:42:47] [160/459] SDLM
[00:42:48] [161/459] ICCM
[00:42:48] [162/459] PYSU
[00:42:49] [163/459] GATM
[00:42:50] [164/459] WOTM
[00:42:51] [165/459] RKTS
[00:42:51] [166/459] PMTY
[00:42:52] [167/459] LYMS
[00:42:53] [168/459] TGCA
[00:42:54] [169/459] DSTA
[00:42:55] [170/459] CNGE
[00:42:56] [171/459] VSTG
[00:42:57] [172/459] GTCK
[00:42:58] [173/459] TGNT
[00:42:59] [174/459] ASLC
[00:42:59] [175/459] SSST
[00:43:00] [176/459] KBTT
[00:43:01] [177/459] HKCP
[00:43:02] [178/459] SWLC
[00:43:03] [179/459] RTND
[00:43:04] [180/459] PKKT
[00:43:04] [181/459] HSTK
[00:43:05] [182/459] SPTT
[00:43:06] [183/459] IMPM
[00:43:07] [184/459] SCMV
[00:43:07] [185/459] SPCT
[00:43:08] [186/459] JBCA
[00:43:09] [187/459] ATTR
[00:43:10] [188/459] SPMT
[00:43:11] [189/459] LCTM
[00:43:12] [190/459] SCVL
[00:43:13] [191/459] SCVT
[00:43:14] [192/459] KRIC
[00:43:14] [193/459] CTMG
[00:43:15] [194/459] ACNC
[00:43:16] [195/459] DMCK
[00:43:17] [196/459] KMTV
[00:43:18] [197/459] PFCJ
[00:43:20] [198/459] VNMD
[00:43:20] [199/459] VPCZ
[00:43:21] [200/459] SRYR
[00:43:22] [201/459] SYTR
[00:43:23] [202/459] GATR
[00:43:24] [203/459] URTR
[00:43:25] [204/459] MKSM
[00:43:26] [205/459] VSMH
[00:43:27] [206/459] SKRJ
[00:43:27] [207/459] SSJR
[00:43:29] [208/459] SVSM
[00:43:30] [209/459] RUCM
[00:43:31] [210/459] PRKN
[00:43:32] [211/459] RROH
[00:43:33] [212/459] SCTN
[00:43:33] [213/459] RTDM
[00:43:34] [214/459] ASRM
[00:43:35] [215/459] SKMD
[00:43:37] [216/459] SUTD
[00:43:39] [217/459] SADM
[00:43:39] [218/459] WCNR
[00:43:40] [219/459] CNED
[00:43:41] [220/459] MPDB
[00:43:42] [221/459] KTBH
[00:43:44] [222/459] IDRM
[00:43:45] [223/459] PJJT
[00:43:46] [224/459] PFCV
[00:43:47] [225/459] AACT
[00:43:49] [226/459] AAAD
[00:43:49] [227/459] ANES
[00:43:50] [228/459] MNCA
[00:43:51] [229/459] RMGU
[00:43:52] [230/459] DLCN
[00:43:54] [231/459] LJWT
[00:43:54] [232/459] MCBG
[00:43:55] [233/459] MYBG
[00:43:56] [234/459] GCCA
[00:43:57] [235/459] GCGA
[00:43:57] [236/459] ECGN
[00:43:58] [237/459] PRAB
[00:44:00] [238/459] PNMP
[00:44:01] [239/459] GCPT
[00:44:02] [240/459] ROYN
[00:44:03] [241/459] VATM
[00:44:04] [242/459] KSNT
[00:44:05] [243/459] ACTC
[00:44:06] [244/459] PLTD
[00:44:07] [245/459] SKMK
[00:44:08] [246/459] CMTT
[00:44:08] [247/459] SMXP
[00:44:09] [248/459] SCMX
[00:44:10] [249/459] ACXN
[00:44:11] [250/459] ASWT
[00:44:12] [251/459] VVVL
[00:44:13] [252/459] NAGO
[00:44:14] [253/459] SNCN
[00:44:15] [254/459] MCKP
[00:44:16] [255/459] SAMO
[00:44:16] [256/459] JBTV
[00:44:17] [257/459] DCVV
[00:44:19] [258/459] KMSV
[00:44:19] [259/459] KDCN
[00:44:20] [260/459] CNCP
[00:44:21] [261/459] HAMC
[00:44:22] [262/459] CCVZ
[00:44:23] [263/459] NCCK
[00:44:24] [264/459] MCHR
[00:44:25] [265/459] SCHT
[00:44:26] [266/459] ESSH
[00:44:26] [267/459] CUJC
[00:44:28] [268/459] PECP
[00:44:28] [269/459] PMMI
[00:44:29] [270/459] PCCH
[00:44:30] [271/459] PRPM
[00:44:31] [272/459] PVKL
[00:44:31] [273/459] CBSM
[00:44:32] [274/459] PVCZ
[00:44:33] [275/459] PCVV
[00:44:34] [276/459] CTMJ
[00:44:35] [277/459] RCPS
[00:44:36] [278/459] PCIT
[00:44:36] [279/459] FNCH
[00:44:37] [280/459] INZD
[00:44:38] [281/459] INPC
[00:44:39] [282/459] LCZP
[00:44:39] [283/459] SMCB
[00:44:40] [284/459] PTSB
[00:44:41] [285/459] TPSI
[00:44:43] [286/459] KHMJ
[00:44:43] [287/459] RCCJ
[00:44:44] [288/459] NCJA
[00:44:45] [289/459] NCJN
[00:44:45] [290/459] BTDP
[00:44:47] [291/459] PADY
[00:44:48] [292/459] NYBH
[00:44:49] [293/459] MTBR
[00:44:50] [294/459] KRBC
[00:44:50] [295/459] DKTI
[00:44:51] [296/459] ANAN
[00:44:52] [297/459] INBP
[00:44:53] [298/459] PATB
[00:44:54] [299/459] RGNT
[00:44:54] [300/459] CGPM
[00:44:55] [301/459] INTN
[00:44:56] [302/459] MCMP
[00:44:57] [303/459] ASRG
[00:44:58] [304/459] CXJD
[00:44:59] [305/459] SPCP
[00:44:59] [306/459] CSTP
[00:45:00] [307/459] PKVC
[00:45:01] [308/459] ESCP
[00:45:02] [309/459] CAEP
[00:45:03] [310/459] CCSP
[00:45:03] [311/459] KTPC
[00:45:04] [312/459] DACA
[00:45:05] [313/459] NVKY
[00:45:07] [314/459] PTIN
[00:45:08] [315/459] SCIN
[00:45:09] [316/459] MCTY
[00:45:10] [317/459] PCMX
[00:45:11] [318/459] INIC
[00:45:11] [319/459] MMZM
[00:45:12] [320/459] SSLP
[00:45:13] [321/459] DTDT
[00:45:14] [322/459] FFCX
[00:45:15] [323/459] RCMM
[00:45:16] [324/459] KYID
[00:45:16] [325/459] CSCI
[00:45:17] [326/459] FCMC
[00:45:18] [327/459] MMXI
[00:45:19] [328/459] ASTC
[00:45:20] [329/459] CMRA
[00:45:20] [330/459] DICI
[00:45:22] [331/459] KDIN
[00:45:23] [332/459] PRFI
[00:45:23] [333/459] SVFC
[00:45:24] [334/459] UCPL
[00:45:25] [335/459] COOC
[00:45:26] [336/459] SCAL
[00:45:28] [337/459] SVFF
[00:45:28] [338/459] VCMG
[00:45:30] [339/459] UUCT
[00:45:30] [340/459] GCSE
[00:45:31] [341/459] SUSC
[00:45:32] [342/459] MISC
[00:45:33] [343/459] RMBL
[00:45:34] [344/459] CMXN
[00:45:35] [345/459] PVBK
[00:45:35] [346/459] HHCG
[00:45:36] [347/459] SCAG
[00:45:38] [348/459] CNPR
[00:45:39] [349/459] CSER
[00:45:40] [350/459] HLWD
[00:45:40] [351/459] BOLY
[00:45:41] [352/459] SSPG
[00:45:42] [353/459] MUPX
[00:45:43] [354/459] HAMR
[00:45:44] [355/459] SDNC
[00:45:45] [356/459] RTEN
[00:45:46] [357/459] SDTD
[00:45:47] [358/459] KAWS
[00:45:48] [359/459] CMZX
[00:45:49] [360/459] DCDD
[00:45:50] [361/459] ALSN
[00:45:51] [362/459] IMXS
[00:45:52] [363/459] PVFF
[00:45:52] [364/459] PVOO
[00:45:53] [365/459] CFBS
[00:45:54] [366/459] PVER
[00:45:55] [367/459] PPNX
[00:45:57] [368/459] CNRM
[00:45:57] [369/459] PVWW
[00:45:58] [370/459] INMB
[00:45:59] [371/459] CPJR
[00:45:59] [372/459] INRZ
[00:46:00] [373/459] PMSR
[00:46:01] [374/459] GPGM
[00:46:02] [375/459] PGWB
[00:46:03] [376/459] PMBR
[00:46:04] [377/459] GPAM
[00:46:05] [378/459] INBC
[00:46:06] [379/459] PZVK
[00:46:07] [380/459] CPEB
[00:46:09] [381/459] FMLB
[00:46:09] [382/459] INBG
[00:46:09] [383/459] GPBR
[00:46:10] [384/459] PAAS
[00:46:11] [385/459] VTBR
[00:46:12] [386/459] GPMY
[00:46:12] [387/459] GYBU
[00:46:14] [388/459] INBJ
[00:46:15] [389/459] LKTH
[00:46:16] [390/459] NSBR
[00:46:17] [391/459] PDRD
[00:46:18] [392/459] VRBL
[00:46:19] [393/459] VTGB
[00:46:20] [394/459] VTSK
[00:46:20] [395/459] BKDV
[00:46:21] [396/459] SVTB
[00:46:22] [397/459] MLDT
[00:46:23] [398/459] NRBL
[00:46:24] [399/459] SLTR
[00:46:25] [400/459] VNKA
[00:46:25] [401/459] TDCA
[00:46:26] [402/459] INBM
[00:46:27] [403/459] SSNR
[00:46:28] [404/459] BHAC
[00:46:29] [405/459] SDSD
[00:46:29] [406/459] SAMP
[00:46:30] [407/459] RATK
[00:46:31] [408/459] KCBI
[00:46:32] [409/459] URBL
[00:46:33] [410/459] MKBG
[00:46:33] [411/459] ASTB
[00:46:34] [412/459] VBWT
[00:46:35] [413/459] GPSM
[00:46:37] [414/459] ROON
[00:46:38] [415/459] CHTH
[00:46:38] [416/459] SSPA
[00:46:39] [417/459] ANBL
[00:46:40] [418/459] VTBE
[00:46:41] [419/459] SVKT
[00:46:42] [420/459] SVYK
[00:46:43] [421/459] PTBK
[00:46:43] [422/459] RKTB
[00:46:44] [423/459] BALT
[00:46:45] [424/459] STSV
[00:46:46] [425/459] VCCB
[00:46:47] [426/459] SLTB
[00:46:48] [427/459] SBCR
[00:46:48] [428/459] VDCS
[00:46:50] [429/459] MDKI
[00:46:51] [430/459] SMRN
[00:46:52] [431/459] PTBC
[00:46:53] [432/459] RADI
[00:46:54] [433/459] ADCR
[00:46:54] [434/459] SDCS
[00:46:55] [435/459] SRPJ
[00:46:56] [436/459] ARTS
[00:46:57] [437/459] SRHK
[00:46:57] [438/459] SPAY
[00:46:58] [439/459] GPTB
[00:46:59] [440/459] SNNN
[00:47:00] [441/459] BALJ
[00:47:01] [442/459] TRIG
[00:47:02] [443/459] GTYT
[00:47:03] [444/459] ATGN
[00:47:04] [445/459] ANTE
[00:47:04] [446/459] BDCG
[00:47:05] [447/459] VECI
[00:47:06] [448/459] SCPR
[00:47:07] [449/459] RTEA
[00:47:08] [450/459] JSAI
[00:47:08] [451/459] VJTP
[00:47:09] [452/459] GNDS
[00:47:10] [453/459] PAXA
[00:47:11] [454/459] CGGM
[00:47:12] [455/459] ACKZ
[00:47:12] [456/459] EMCC
[00:47:14] [457/459] KLSK
[00:47:15] [458/459] AVCK
[00:47:15] [459/459] JTCK
[00:47:16] ✅ DONE | Shows=0 | Movies=0
[01:43:22] 🚀 BMS DAILY TRACKER STARTED
[01:43:22] [1/459] NECA
[01:43:22] 🧠 New identity
[01:43:23] [2/459] BJLC
[01:43:23] [3/459] BASU
[01:43:25] [4/459] RUPI
[01:43:25] [5/459] LCBK
[01:43:26] [6/459] PMAC
[01:43:27] [7/459] AMLC
[01:43:28] [8/459] LICL
[01:43:30] [9/459] UDMM
[01:43:31] [10/459] STBZ
[01:43:32] [11/459] UUBT
[01:43:33] [12/459] SJKC
[01:43:33] [13/459] TUAL
[01:43:34] [14/459] MRSE
[01:43:35] [15/459] RMRK
[01:43:36] [16/459] TTKP
[01:43:37] [17/459] KTKO
[01:43:38] [18/459] SDBK
[01:43:39] [19/459] MCPR
[01:43:40] [20/459] CHTI
[01:43:41] [21/459] GCCP
[01:43:42] [22/459] SRMY
[01:43:42] [23/459] NYST
[01:43:43] [24/459] NYAG
[01:43:44] [25/459] SBMT
[01:43:45] [26/459] INGA
[01:43:46] [27/459] WSIC
[01:43:47] [28/459] SCSS
[01:43:48] [29/459] COPG
[01:43:49] [30/459] RCGR
[01:43:49] [31/459] TCZA
[01:43:50] [32/459] CNLP
[01:43:52] [33/459] CLKN
[01:43:53] [34/459] LHDF
[01:43:54] [35/459] ELKC
[01:43:55] [36/459] VCEM
[01:43:56] [37/459] SSZA
[01:43:57] [38/459] KRMT
[01:43:58] [39/459] LCMV
[01:43:59] [40/459] AYCZ
[01:44:00] [41/459] CUMS
[01:44:01] [42/459] BOCK
[01:44:02] [43/459] PNMR
[01:44:03] [44/459] PJCP
[01:44:04] [45/459] JDDD
[01:44:05] [46/459] STMS
[01:44:06] [47/459] FLMB
[01:44:07] [48/459] PKCM
[01:44:08] [49/459] SPPR
[01:44:09] [50/459] EYLH
[01:44:10] [51/459] RJCC
[01:44:11] [52/459] MMPS
[01:44:11] [53/459] SHMX
[01:44:13] [54/459] CCNL
[01:44:14] [55/459] RCNV
[01:44:15] [56/459] MAAG
[01:44:15] [57/459] LXCM
[01:44:16] [58/459] RCNI
[01:44:18] [59/459] SNNI
[01:44:19] [60/459] LALC
[01:44:19] [61/459] SOCN
[01:44:20] [62/459] JHTP
[01:44:21] [63/459] PITP
[01:44:22] [64/459] CCKW
[01:44:23] [65/459] MCMC
[01:44:24] [66/459] DEES
[01:44:25] [67/459] SABT
[01:44:26] [68/459] VSPP
[01:44:27] [69/459] ABCT
[01:44:27] [70/459] JVTB
[01:44:28] [71/459] VCBD
[01:44:29] [72/459] RMGG
[01:44:30] [73/459] RNMH
[01:44:31] [74/459] SPGL
[01:44:31] [75/459] JTTR
[01:44:32] [76/459] SICS
[01:44:34] [77/459] SRMI
[01:44:35] [78/459] SSIJ
[01:44:36] [79/459] KFMT
[01:44:37] [80/459] VBIT
[01:44:38] [81/459] JKCT
[01:44:39] [82/459] GCGP
[01:44:40] [83/459] GDCS
[01:44:42] [84/459] TRBA
[01:44:42] [85/459] QUST
[01:44:43] [86/459] VSHM
[01:44:45] [87/459] SDCP
[01:44:45] [88/459] SNVS
[01:44:46] [89/459] NYTO
[01:44:47] [90/459] URWC
[01:44:48] [91/459] GTWH
[01:44:49] [92/459] PFCM
[01:44:51] [93/459] KRTA
[01:44:52] [94/459] AXMC
[01:44:52] [95/459] EVMC
[01:44:53] [96/459] HGSM
[01:44:54] [97/459] ACVM
[01:44:55] [98/459] PSKL
[01:44:56] [99/459] RDMP
[01:44:57] [100/459] RHGH
[01:44:58] [101/459] OMCM
[01:44:59] [102/459] DCCP
[01:44:59] [103/459] MCPB
[01:45:00] [104/459] ALCI
[01:45:01] [105/459] BLMX
[01:45:02] [106/459] BTMV
[01:45:03] [107/459] FVPN
[01:45:04] [108/459] CMAR
[01:45:05] [109/459] CEIM
[01:45:06] [110/459] CMVA
[01:45:08] [111/459] CPIV
[01:45:09] [112/459] CNPE
[01:45:09] [113/459] COLV
[01:45:10] [114/459] DNNV
[01:45:11] [115/459] HCAD
[01:45:12] [116/459] TAKA
[01:45:14] [117/459] INVD
[01:45:15] [118/459] IRMM
[01:45:16] [119/459] INSE
[01:45:17] [120/459] MRSW
[01:45:18] [121/459] MCVD
[01:45:19] [122/459] MCSO
[01:45:20] [123/459] PEVM
[01:45:21] [124/459] PVNL
[01:45:22] [125/459] PTCV
[01:45:23] [126/459] PRTC
[01:45:24] [127/459] RCVA
[01:45:25] [128/459] MTBN
[01:45:26] [129/459] LUCP
[01:45:27] [130/459] FMPT
[01:45:27] [131/459] JLSL
[01:45:29] [132/459] SBHA
[01:45:30] [133/459] SHRC
[01:45:31] [134/459] AVPS
[01:45:32] [135/459] STPM
[01:45:33] [136/459] ATRD
[01:45:33] [137/459] VTED
[01:45:34] [138/459] ACAI
[01:45:35] [139/459] SMAE
[01:45:36] [140/459] VMAT
[01:45:37] [141/459] LKCT
[01:45:38] [142/459] JTVK
[01:45:39] [143/459] PRTY
[01:45:40] [144/459] GETT
[01:45:41] [145/459] ESAP
[01:45:43] [146/459] NCPM
[01:45:44] [147/459] PCPA
[01:45:45] [148/459] MMOM
[01:45:46] [149/459] PHUP
[01:45:47] [150/459] CCPI
[01:45:48] [151/459] CNTD
[01:45:50] [152/459] NLJR
[01:45:51] [153/459] SRNG
[01:45:52] [154/459] MHAL
[01:45:54] [155/459] PNSM
[01:45:55] [156/459] DRMY
[01:45:56] [157/459] CCMU
[01:45:57] [158/459] SCMY
[01:45:58] [159/459] PVSY
[01:45:59] [160/459] SDLM
[01:46:00] [161/459] ICCM
[01:46:02] [162/459] PYSU
[01:46:03] [163/459] GATM
[01:46:04] [164/459] WOTM
[01:46:05] [165/459] RKTS
[01:46:05] [166/459] PMTY
[01:46:06] [167/459] LYMS
[01:46:07] [168/459] TGCA
[01:46:08] [169/459] DSTA
[01:46:09] [170/459] CNGE
[01:46:10] [171/459] VSTG
[01:46:11] [172/459] GTCK
[01:46:12] [173/459] TGNT
[01:46:12] [174/459] ASLC
[01:46:13] [175/459] SSST
[01:46:14] [176/459] KBTT
[01:46:15] [177/459] HKCP
[01:46:16] [178/459] SWLC
[01:46:17] [179/459] RTND
[01:46:18] [180/459] PKKT
[01:46:19] [181/459] HSTK
[01:46:19] [182/459] SPTT
[01:46:21] [183/459] IMPM
[01:46:23] [184/459] SCMV
[01:46:24] [185/459] SPCT
[01:46:25] [186/459] JBCA
[01:46:25] [187/459] ATTR
[01:46:27] [188/459] SPMT
[01:46:28] [189/459] LCTM
[01:46:28] [190/459] SCVL
[01:46:29] [191/459] SCVT
[01:46:30] [192/459] KRIC
[01:46:31] [193/459] CTMG
[01:46:32] [194/459] ACNC
[01:46:34] [195/459] DMCK
[01:46:35] [196/459] KMTV
[01:46:36] [197/459] PFCJ
[01:46:36] [198/459] VNMD
[01:46:37] [199/459] VPCZ
[01:46:38] [200/459] SRYR
[01:46:40] [201/459] SYTR
[01:46:41] [202/459] GATR
[01:46:42] [203/459] URTR
[01:46:43] [204/459] MKSM
[01:46:44] [205/459] VSMH
[01:46:45] [206/459] SKRJ
[01:46:46] [207/459] SSJR
[01:46:47] [208/459] SVSM
[01:46:47] [209/459] RUCM
[01:46:48] [210/459] PRKN
[01:46:49] [211/459] RROH
[01:46:50] [212/459] SCTN
[01:46:51] [213/459] RTDM
[01:46:52] [214/459] ASRM
[01:46:53] [215/459] SKMD
[01:46:54] [216/459] SUTD
[01:46:55] [217/459] SADM
[01:46:55] [218/459] WCNR
[01:46:56] [219/459] CNED
[01:46:57] [220/459] MPDB
[01:46:58] [221/459] KTBH
[01:46:59] [222/459] IDRM
[01:47:00] [223/459] PJJT
[01:47:01] [224/459] PFCV
[01:47:02] [225/459] AACT
[01:47:02] [226/459] AAAD
[01:47:03] [227/459] ANES
[01:47:04] [228/459] MNCA
[01:47:05] [229/459] RMGU
[01:47:07] [230/459] DLCN
[01:47:07] [231/459] LJWT
[01:47:08] [232/459] MCBG
[01:47:09] [233/459] MYBG
[01:47:10] [234/459] GCCA
[01:47:11] [235/459] GCGA
[01:47:13] [236/459] ECGN
[01:47:14] [237/459] PRAB
[01:47:15] [238/459] PNMP
[01:47:16] [239/459] GCPT
[01:47:17] [240/459] ROYN
[01:47:18] [241/459] VATM
[01:47:19] [242/459] KSNT
[01:47:20] [243/459] ACTC
[01:47:21] [244/459] PLTD
[01:47:22] [245/459] SKMK
[01:47:22] [246/459] CMTT
[01:47:23] [247/459] SMXP
[01:47:24] [248/459] SCMX
[01:47:26] [249/459] ACXN
[01:47:27] [250/459] ASWT
[01:47:28] [251/459] VVVL
[01:47:28] [252/459] NAGO
[01:47:30] [253/459] SNCN
[01:47:30] [254/459] MCKP
[01:47:32] [255/459] SAMO
[01:47:33] [256/459] JBTV
[01:47:33] [257/459] DCVV
[01:47:35] [258/459] KMSV
[01:47:36] [259/459] KDCN
[01:47:37] [260/459] CNCP
[01:47:38] [261/459] HAMC
[01:47:39] [262/459] CCVZ
[01:47:40] [263/459] NCCK
[01:47:40] [264/459] MCHR
[01:47:41] [265/459] SCHT
[01:47:42] [266/459] ESSH
[01:47:43] [267/459] CUJC
[01:47:44] [268/459] PECP
[01:47:45] [269/459] PMMI
[01:47:46] [270/459] PCCH
[01:47:47] [271/459] PRPM
[01:47:48] [272/459] PVKL
[01:47:49] [273/459] CBSM
[01:47:50] [274/459] PVCZ
[01:47:51] [275/459] PCVV
[01:47:52] [276/459] CTMJ
[01:47:54] [277/459] RCPS
[01:47:55] [278/459] PCIT
[01:47:56] [279/459] FNCH
[01:47:57] [280/459] INZD
[01:47:58] [281/459] INPC
[01:47:59] [282/459] LCZP
[01:48:00] [283/459] SMCB
[01:48:01] [284/459] PTSB
[01:48:01] [285/459] TPSI
[01:48:02] [286/459] KHMJ
[01:48:03] [287/459] RCCJ
[01:48:04] [288/459] NCJA
[01:48:05] [289/459] NCJN
[01:48:05] [290/459] BTDP
[01:48:06] [291/459] PADY
[01:48:07] [292/459] NYBH
[01:48:08] [293/459] MTBR
[01:48:09] [294/459] KRBC
[01:48:10] [295/459] DKTI
[01:48:11] [296/459] ANAN
[01:48:12] [297/459] INBP
[01:48:13] [298/459] PATB
[01:48:13] [299/459] RGNT
[01:48:14] [300/459] CGPM
[01:48:15] [301/459] INTN
[01:48:16] [302/459] MCMP
[01:48:18] [303/459] ASRG
[01:48:19] [304/459] CXJD
[01:48:20] [305/459] SPCP
[01:48:20] [306/459] CSTP
[01:48:21] [307/459] PKVC
[01:48:22] [308/459] ESCP
[01:48:23] [309/459] CAEP
[01:48:24] [310/459] CCSP
[01:48:25] [311/459] KTPC
[01:48:25] [312/459] DACA
[01:48:26] [313/459] NVKY
[01:48:27] [314/459] PTIN
[01:48:28] [315/459] SCIN
[01:48:29] [316/459] MCTY
[01:48:30] [317/459] PCMX
[01:48:31] [318/459] INIC
[01:48:32] [319/459] MMZM
[01:48:33] [320/459] SSLP
[01:48:35] [321/459] DTDT
[01:48:36] [322/459] FFCX
[01:48:37] [323/459] RCMM
[01:48:38] [324/459] KYID
[01:48:38] [325/459] CSCI
[01:48:39] [326/459] FCMC
[01:48:40] [327/459] MMXI
[01:48:41] [328/459] ASTC
[01:48:42] [329/459] CMRA
[01:48:43] [330/459] DICI
[01:48:43] [331/459] KDIN
[01:48:45] [332/459] PRFI
[01:48:46] [333/459] SVFC
[01:48:47] [334/459] UCPL
[01:48:49] [335/459] COOC
[01:48:49] [336/459] SCAL
[01:48:50] [337/459] SVFF
[01:48:51] [338/459] VCMG
[01:48:52] [339/459] UUCT
[01:48:53] [340/459] GCSE
[01:48:54] [341/459] SUSC
[01:48:55] [342/459] MISC
[01:48:56] [343/459] RMBL
[01:48:57] [344/459] CMXN
[01:48:58] [345/459] PVBK
[01:48:59] [346/459] HHCG
[01:49:01] [347/459] SCAG
[01:49:01] [348/459] CNPR
[01:49:03] [349/459] CSER
[01:49:04] [350/459] HLWD
[01:49:05] [351/459] BOLY
[01:49:06] [352/459] SSPG
[01:49:06] [353/459] MUPX
[01:49:07] [354/459] HAMR
[01:49:08] [355/459] SDNC
[01:49:09] [356/459] RTEN
[01:49:10] [357/459] SDTD
[01:49:11] [358/459] KAWS
[01:49:12] [359/459] CMZX
[01:49:13] [360/459] DCDD
[01:49:13] [361/459] ALSN
[01:49:14] [362/459] IMXS
[01:49:16] [363/459] PVFF
[01:49:17] [364/459] PVOO
[01:49:18] [365/459] CFBS
[01:49:19] [366/459] PVER
[01:49:20] [367/459] PPNX
[01:49:21] [368/459] CNRM
[01:49:22] [369/459] PVWW
[01:49:23] [370/459] INMB
[01:49:24] [371/459] CPJR
[01:49:24] [372/459] INRZ
[01:49:25] [373/459] PMSR
[01:49:26] [374/459] GPGM
[01:49:27] [375/459] PGWB
[01:49:28] [376/459] PMBR
[01:49:30] [377/459] GPAM
[01:49:31] [378/459] INBC
[01:49:31] [379/459] PZVK
[01:49:32] [380/459] CPEB
[01:49:34] [381/459] FMLB
[01:49:34] [382/459] INBG
[01:49:35] [383/459] GPBR
[01:49:37] [384/459] PAAS
[01:49:37] [385/459] VTBR
[01:49:39] [386/459] GPMY
[01:49:40] [387/459] GYBU
[01:49:41] [388/459] INBJ
[01:49:42] [389/459] LKTH
[01:49:43] [390/459] NSBR
[01:49:43] [391/459] PDRD
[01:49:44] [392/459] VRBL
[01:49:45] [393/459] VTGB
[01:49:46] [394/459] VTSK
[01:49:47] [395/459] BKDV
[01:49:48] [396/459] SVTB
[01:49:49] [397/459] MLDT
[01:49:50] [398/459] NRBL
[01:49:51] [399/459] SLTR
[01:49:52] [400/459] VNKA
[01:49:53] [401/459] TDCA
[01:49:55] [402/459] INBM
[01:49:55] [403/459] SSNR
[01:49:56] [404/459] BHAC
[01:49:57] [405/459] SDSD
[01:49:58] [406/459] SAMP
[01:49:59] [407/459] RATK
[01:50:00] [408/459] KCBI
[01:50:01] [409/459] URBL
[01:50:02] [410/459] MKBG
[01:50:02] [411/459] ASTB
[01:50:03] [412/459] VBWT
[01:50:04] [413/459] GPSM
[01:50:06] [414/459] ROON
[01:50:07] [415/459] CHTH
[01:50:07] [416/459] SSPA
[01:50:08] [417/459] ANBL
[01:50:10] [418/459] VTBE
[01:50:12] [419/459] SVKT
[01:50:12] [420/459] SVYK
[01:50:13] [421/459] PTBK
[01:50:14] [422/459] RKTB
[01:50:15] [423/459] BALT
[01:50:16] [424/459] STSV
[01:50:17] [425/459] VCCB
[01:50:18] [426/459] SLTB
[01:50:19] [427/459] SBCR
[01:50:20] [428/459] VDCS
[01:50:21] [429/459] MDKI
[01:50:22] [430/459] SMRN
[01:50:24] [431/459] PTBC
[01:50:24] [432/459] RADI
[01:50:25] [433/459] ADCR
[01:50:26] [434/459] SDCS
[01:50:28] [435/459] SRPJ
[01:50:29] [436/459] ARTS
[01:50:30] [437/459] SRHK
[01:50:31] [438/459] SPAY
[01:50:31] [439/459] GPTB
[01:50:32] [440/459] SNNN
[01:50:34] [441/459] BALJ
[01:50:35] [442/459] TRIG
[01:50:36] [443/459] GTYT
[01:50:37] [444/459] ATGN
[01:50:38] [445/459] ANTE
[01:50:39] [446/459] BDCG
[01:50:40] [447/459] VECI
[01:50:41] [448/459] SCPR
[01:50:42] [449/459] RTEA
[01:50:43] [450/459] JSAI
[01:50:43] [451/459] VJTP
[01:50:45] [452/459] GNDS
[01:50:45] [453/459] PAXA
[01:50:47] [454/459] CGGM
[01:50:48] [455/459] ACKZ
[01:50:49] [456/459] EMCC
[01:50:50] [457/459] KLSK
[01:50:51] [458/459] AVCK
[01:50:51] [459/459] JTCK
[01:50:52] ✅ DONE | Shows=0 | Movies=0
