[00:39:20] 🚀 BMS DAILY TRACKER STARTED
[00:39:20] [1/324] GCTA
[00:39:20] 🧠 New identity
[00:39:21] [2/324] TOPN
[00:39:22] [3/324] MCUS
[00:39:22] [4/324] SHRL
[00:39:23] [5/324] UPTP
[00:39:25] [6/324] TMMP
[00:39:26] [7/324] DNRP
[00:39:27] [8/324] SRLT
[00:39:28] [9/324] RCNS
[00:39:29] [10/324] DCBH
[00:39:30] [11/324] NAGJ
[00:39:31] [12/324] JVRC
[00:39:32] [13/324] KRJG
[00:39:33] [14/324] SRTJ
[00:39:34] [15/324] CMXM
[00:39:35] [16/324] STMI
[00:39:35] [17/324] SLST
[00:39:36] [18/324] DTCN
[00:39:37] [19/324] STYN
[00:39:38] [20/324] SZVR
[00:39:39] [21/324] SRKO
[00:39:40] [22/324] JTGT
[00:39:40] [23/324] SVFD
[00:39:41] [24/324] SISD
[00:39:42] [25/324] ABDD
[00:39:44] [26/324] DRCA
[00:39:45] [27/324] AVCS
[00:39:45] [28/324] MVKH
[00:39:46] [29/324] ACPR
[00:39:47] [30/324] STIP
[00:39:48] [31/324] MTRA
[00:39:49] [32/324] RMKH
[00:39:50] [33/324] NKRL
[00:39:52] [34/324] PCWN
[00:39:53] [35/324] BLMT
[00:39:54] [36/324] GDPG
[00:39:56] [37/324] SRMX
[00:39:57] [38/324] JACP
[00:39:58] [39/324] CPSH
[00:39:59] [40/324] MCCD
[00:40:00] [41/324] ECGH
[00:40:01] [42/324] MKCK
[00:40:02] [43/324] SRMM
[00:40:03] [44/324] SKYR
[00:40:03] [45/324] PCKC
[00:40:04] [46/324] JCMA
[00:40:06] [47/324] BSMP
[00:40:07] [48/324] VSPA
[00:40:08] [49/324] DJYA
[00:40:09] [50/324] DIMP
[00:40:10] [51/324] FXDR
[00:40:11] [52/324] SSRC
[00:40:12] [53/324] STHP
[00:40:13] [54/324] CPPD
[00:40:13] [55/324] FCLK
[00:40:14] [56/324] SCPP
[00:40:15] [57/324] DCMJ
[00:40:16] [58/324] RCCR
[00:40:17] [59/324] INMT
[00:40:18] [60/324] LXTK
[00:40:19] [61/324] SRYK
[00:40:20] [62/324] SGDK
[00:40:21] [63/324] PPKA
[00:40:22] [64/324] SPKA
[00:40:23] [65/324] CGHH
[00:40:24] [66/324] DCJN
[00:40:26] [67/324] SRKV
[00:40:27] [68/324] SAJC
[00:40:28] [69/324] SUSR
[00:40:29] [70/324] STYG
[00:40:30] [71/324] NTKP
[00:40:30] [72/324] AKTG
[00:40:31] [73/324] CGCM
[00:40:32] [74/324] TULC
[00:40:33] [75/324] NYYZ
[00:40:34] [76/324] NYBW
[00:40:35] [77/324] MACB
[00:40:36] [78/324] SLVT
[00:40:36] [79/324] SANA
[00:40:38] [80/324] ACMR
[00:40:38] [81/324] CPKN
[00:40:40] [82/324] DLGK
[00:40:41] [83/324] CWCK
[00:40:42] [84/324] FDDH
[00:40:43] [85/324] MMMD
[00:40:44] [86/324] CMEH
[00:40:45] [87/324] GGGV
[00:40:46] [88/324] SPJL
[00:40:47] [89/324] RCCD
[00:40:48] [90/324] STTZ
[00:40:49] [91/324] BTCF
[00:40:50] [92/324] TSTZ
[00:40:50] [93/324] IPMM
[00:40:52] [94/324] PMPW
[00:40:54] [95/324] PCMZ
[00:40:55] [96/324] ESEM
[00:40:56] [97/324] PIPO
[00:40:56] [98/324] MATK
[00:40:58] [99/324] PGHM
[00:40:58] [100/324] CTSR
[00:40:59] [101/324] CYKR
[00:41:00] [102/324] MSCM
[00:41:01] [103/324] RFNP
[00:41:02] [104/324] PDCP
[00:41:02] [105/324] NPSE
[00:41:04] [106/324] MKML
[00:41:05] [107/324] FTDP
[00:41:05] [108/324] MMXA
[00:41:07] [109/324] CEPO
[00:41:08] [110/324] CMVP
[00:41:09] [111/324] SGTH
[00:41:10] [112/324] SAYN
[00:41:11] [113/324] URVS
[00:41:12] [114/324] VJTN
[00:41:13] [115/324] BBYK
[00:41:15] [116/324] SHBO
[00:41:16] [117/324] VCMR
[00:41:17] [118/324] MACT
[00:41:18] [119/324] JMNP
[00:41:19] [120/324] VICS
[00:41:20] [121/324] VCDA
[00:41:21] [122/324] GCMM
[00:41:22] [123/324] INVS
[00:41:23] [124/324] SCGM
[00:41:23] [125/324] PCDA
[00:41:24] [126/324] KDCT
[00:41:26] [127/324] JACS
[00:41:27] [128/324] GMMC
[00:41:28] [129/324] AICM
[00:41:29] [130/324] TJCM
[00:41:30] [131/324] RMTI
[00:41:31] [132/324] SHAC
[00:41:32] [133/324] APJC
[00:41:33] [134/324] GCTG
[00:41:34] [135/324] SSMC
[00:41:35] [136/324] THRM
[00:41:36] [137/324] RBCT
[00:41:37] [138/324] DIKT
[00:41:38] [139/324] MIDL
[00:41:38] [140/324] VCSN
[00:41:39] [141/324] SKTG
[00:41:40] [142/324] SMWC
[00:41:41] [143/324] MNKH
[00:41:42] [144/324] PIAT
[00:41:42] [145/324] LTTP
[00:41:44] [146/324] PTPU
[00:41:45] [147/324] ACMG
[00:41:46] [148/324] SHMM
[00:41:47] [149/324] MCMN
[00:41:48] [150/324] GLDC
[00:41:49] [151/324] HOUT
[00:41:50] [152/324] SVRP
[00:41:51] [153/324] PVDN
[00:41:52] [154/324] SCPY
[00:41:53] [155/324] DTPY
[00:41:54] [156/324] GKCS
[00:41:55] [157/324] NCAM
[00:41:56] [158/324] BSRM
[00:41:57] [159/324] RCLC
[00:41:58] [160/324] SKKD
[00:41:59] [161/324] ACHU
[00:42:00] [162/324] RSCF
[00:42:01] [163/324] IMSH
[00:42:01] [164/324] MACX
[00:42:02] [165/324] HMMW
[00:42:03] [166/324] JTCP
[00:42:05] [167/324] SREN
[00:42:05] [168/324] PJRR
[00:42:07] [169/324] INAC
[00:42:08] [170/324] BMCA
[00:42:09] [171/324] SHCB
[00:42:10] [172/324] GABA
[00:42:10] [173/324] SBCT
[00:42:11] [174/324] GCMA
[00:42:12] [175/324] MYTK
[00:42:13] [176/324] INZS
[00:42:14] [177/324] RMIK
[00:42:15] [178/324] NYCH
[00:42:16] [179/324] RAVE
[00:42:16] [180/324] PSXM
[00:42:17] [181/324] MCGP
[00:42:18] [182/324] PDDK
[00:42:19] [183/324] SPCK
[00:42:20] [184/324] MCRL
[00:42:21] [185/324] MHKT
[00:42:22] [186/324] ANRR
[00:42:23] [187/324] SAPK
[00:42:24] [188/324] NCUK
[00:42:24] [189/324] JUGA
[00:42:25] [190/324] DBSC
[00:42:26] [191/324] LALK
[00:42:27] [192/324] GUCK
[00:42:28] [193/324] STSG
[00:42:28] [194/324] PPPZ
[00:42:29] [195/324] CNCY
[00:42:30] [196/324] MTAR
[00:42:32] [197/324] VNKD
[00:42:33] [198/324] KMAJ
[00:42:34] [199/324] ACXK
[00:42:34] [200/324] UTKC
[00:42:35] [201/324] PBLK
[00:42:36] [202/324] ACBX
[00:42:37] [203/324] PTGM
[00:42:38] [204/324] BTDA
[00:42:39] [205/324] PJMB
[00:42:40] [206/324] TPDA
[00:42:40] [207/324] AMOE
[00:42:41] [208/324] PRHT
[00:42:42] [209/324] PRTA
[00:42:43] [210/324] STAM
[00:42:45] [211/324] MSAA
[00:42:46] [212/324] SDLU
[00:42:46] [213/324] RCHH
[00:42:47] [214/324] KANT
[00:42:48] [215/324] FCRT
[00:42:49] [216/324] DNKM
[00:42:50] [217/324] RYCP
[00:42:51] [218/324] MYRP
[00:42:52] [219/324] PPAK
[00:42:52] [220/324] NVPK
[00:42:53] [221/324] PRMC
[00:42:54] [222/324] JBCS
[00:42:55] [223/324] GXCK
[00:42:56] [224/324] USKO
[00:42:57] [225/324] GTEM
[00:42:58] [226/324] SMBU
[00:42:59] [227/324] VETC
[00:43:00] [228/324] LCDA
[00:43:00] [229/324] MTVT
[00:43:01] [230/324] PYCP
[00:43:02] [231/324] PNSC
[00:43:03] [232/324] PPCC
[00:43:03] [233/324] TGRT
[00:43:04] [234/324] JYOT
[00:43:05] [235/324] SRCZ
[00:43:06] [236/324] SJTE
[00:43:07] [237/324] DESC
[00:43:08] [238/324] JHVN
[00:43:08] [239/324] IPSG
[00:43:09] [240/324] IPCM
[00:43:10] [241/324] PDRS
[00:43:11] [242/324] ANCV
[00:43:13] [243/324] CMVV
[00:43:13] [244/324] SHYP
[00:43:14] [245/324] DNCS
[00:43:15] [246/324] GAJK
[00:43:16] [247/324] AKTN
[00:43:17] [248/324] KAYA
[00:43:18] [249/324] SBRC
[00:43:18] [250/324] CHTP
[00:43:20] [251/324] SHRT
[00:43:21] [252/324] BCKU
[00:43:22] [253/324] FCPS
[00:43:24] [254/324] ARDD
[00:43:25] [255/324] CPCM
[00:43:26] [256/324] CGSM
[00:43:27] [257/324] PSMP
[00:43:28] [258/324] SDAL
[00:43:29] [259/324] RTNB
[00:43:30] [260/324] LMCR
[00:43:30] [261/324] CIMA
[00:43:31] [262/324] RNAS
[00:43:32] [263/324] LITH
[00:43:33] [264/324] PBOX
[00:43:34] [265/324] FRTS
[00:43:35] [266/324] RKIC
[00:43:36] [267/324] PTAI
[00:43:37] [268/324] GCIC
[00:43:37] [269/324] FNAS
[00:43:38] [270/324] SCAR
[00:43:39] [271/324] MTCA
[00:43:40] [272/324] SCTS
[00:43:41] [273/324] SYCS
[00:43:43] [274/324] RDMS
[00:43:44] [275/324] KAMP
[00:43:45] [276/324] ERSD
[00:43:46] [277/324] MJMJ
[00:43:47] [278/324] SRCJ
[00:43:47] [279/324] SCXE
[00:43:48] [280/324] SVFR
[00:43:49] [281/324] BHCS
[00:43:50] [282/324] IMCC
[00:43:51] [283/324] PCBO
[00:43:52] [284/324] PRVN
[00:43:53] [285/324] AUPM
[00:43:54] [286/324] INBW
[00:43:55] [287/324] SVCW
[00:43:56] [288/324] RKCF
[00:43:57] [289/324] UVBH
[00:43:58] [290/324] DNCY
[00:43:59] [291/324] ABCN
[00:43:59] [292/324] PRUR
[00:44:00] [293/324] PFMR
[00:44:01] [294/324] RKCN
[00:44:02] [295/324] CFEA
[00:44:03] [296/324] SDBG
[00:44:04] [297/324] SNAR
[00:44:05] [298/324] YISI
[00:44:06] [299/324] JCFF
[00:44:07] [300/324] VTRK
[00:44:08] [301/324] PCLZ
[00:44:09] [302/324] DIMY
[00:44:10] [303/324] BBTS
[00:44:10] [304/324] GATH
[00:44:11] [305/324] GTMN
[00:44:12] [306/324] VTMH
[00:44:13] [307/324] CCKP
[00:44:14] [308/324] GPKA
[00:44:15] [309/324] MHCL
[00:44:16] [310/324] ATCL
[00:44:17] [311/324] SBCK
[00:44:18] [312/324] AMMR
[00:44:19] [313/324] MADC
[00:44:20] [314/324] TMMA
[00:44:21] [315/324] CACC
[00:44:22] [316/324] CHAL
[00:44:23] [317/324] DURG
[00:44:24] [318/324] GMKU
[00:44:25] [319/324] GECA
[00:44:26] [320/324] KYRR
[00:44:27] [321/324] KSDE
[00:44:28] [322/324] LMCI
[00:44:28] [323/324] NKCP
[00:44:30] [324/324] BGTC
[00:44:31] ✅ DONE | Shows=4 | Movies=1
