[00:39:20] 🚀 BMS DAILY TRACKER STARTED
[00:39:20] [1/459] NECA
[00:39:20] 🧠 New identity
[00:39:21] [2/459] BJLC
[00:39:22] [3/459] BASU
[00:39:23] [4/459] RUPI
[00:39:24] [5/459] LCBK
[00:39:25] [6/459] PMAC
[00:39:26] [7/459] AMLC
[00:39:26] [8/459] LICL
[00:39:27] [9/459] UDMM
[00:39:29] [10/459] STBZ
[00:39:30] [11/459] UUBT
[00:39:31] [12/459] SJKC
[00:39:32] [13/459] TUAL
[00:39:33] [14/459] MRSE
[00:39:34] [15/459] RMRK
[00:39:35] [16/459] TTKP
[00:39:35] [17/459] KTKO
[00:39:36] [18/459] SDBK
[00:39:37] [19/459] MCPR
[00:39:38] [20/459] CHTI
[00:39:39] [21/459] GCCP
[00:39:39] [22/459] SRMY
[00:39:40] [23/459] NYST
[00:39:41] [24/459] NYAG
[00:39:42] [25/459] SBMT
[00:39:43] [26/459] INGA
[00:39:43] [27/459] WSIC
[00:39:44] [28/459] SCSS
[00:39:45] [29/459] COPG
[00:39:46] [30/459] RCGR
[00:39:48] [31/459] TCZA
[00:39:48] [32/459] CNLP
[00:39:49] [33/459] CLKN
[00:39:50] [34/459] LHDF
[00:39:51] [35/459] ELKC
[00:39:52] [36/459] VCEM
[00:39:53] [37/459] SSZA
[00:39:54] [38/459] KRMT
[00:39:55] [39/459] LCMV
[00:39:56] [40/459] AYCZ
[00:39:56] [41/459] CUMS
[00:39:57] [42/459] BOCK
[00:39:58] [43/459] PNMR
[00:39:59] [44/459] PJCP
[00:40:00] [45/459] JDDD
[00:40:01] [46/459] STMS
[00:40:02] [47/459] FLMB
[00:40:02] [48/459] PKCM
[00:40:03] [49/459] SPPR
[00:40:04] [50/459] EYLH
[00:40:05] [51/459] RJCC
[00:40:06] [52/459] MMPS
[00:40:07] [53/459] SHMX
[00:40:08] [54/459] CCNL
[00:40:09] [55/459] RCNV
[00:40:10] [56/459] MAAG
[00:40:10] [57/459] LXCM
[00:40:11] [58/459] RCNI
[00:40:12] [59/459] SNNI
[00:40:13] [60/459] LALC
[00:40:14] [61/459] SOCN
[00:40:15] [62/459] JHTP
[00:40:16] [63/459] PITP
[00:40:16] [64/459] CCKW
[00:40:17] [65/459] MCMC
[00:40:18] [66/459] DEES
[00:40:20] [67/459] SABT
[00:40:21] [68/459] VSPP
[00:40:21] [69/459] ABCT
[00:40:22] [70/459] JVTB
[00:40:23] [71/459] VCBD
[00:40:24] [72/459] RMGG
[00:40:25] [73/459] RNMH
[00:40:25] [74/459] SPGL
[00:40:27] [75/459] JTTR
[00:40:28] [76/459] SICS
[00:40:29] [77/459] SRMI
[00:40:30] [78/459] SSIJ
[00:40:30] [79/459] KFMT
[00:40:32] [80/459] VBIT
[00:40:33] [81/459] JKCT
[00:40:34] [82/459] GCGP
[00:40:35] [83/459] GDCS
[00:40:35] [84/459] TRBA
[00:40:36] [85/459] QUST
[00:40:37] [86/459] VSHM
[00:40:38] [87/459] SDCP
[00:40:39] [88/459] SNVS
[00:40:40] [89/459] NYTO
[00:40:41] [90/459] URWC
[00:40:41] [91/459] GTWH
[00:40:42] [92/459] PFCM
[00:40:43] [93/459] KRTA
[00:40:44] [94/459] AXMC
[00:40:45] [95/459] EVMC
[00:40:46] [96/459] HGSM
[00:40:47] [97/459] ACVM
[00:40:48] [98/459] PSKL
[00:40:48] [99/459] RDMP
[00:40:49] [100/459] RHGH
[00:40:50] [101/459] OMCM
[00:40:51] [102/459] DCCP
[00:40:52] [103/459] MCPB
[00:40:53] [104/459] ALCI
[00:40:53] [105/459] BLMX
[00:40:54] [106/459] BTMV
[00:40:56] [107/459] FVPN
[00:40:57] [108/459] CMAR
[00:40:58] [109/459] CEIM
[00:40:59] [110/459] CMVA
[00:40:59] [111/459] CPIV
[00:41:00] [112/459] CNPE
[00:41:01] [113/459] COLV
[00:41:02] [114/459] DNNV
[00:41:03] [115/459] HCAD
[00:41:04] [116/459] TAKA
[00:41:05] [117/459] INVD
[00:41:06] [118/459] IRMM
[00:41:07] [119/459] INSE
[00:41:07] [120/459] MRSW
[00:41:08] [121/459] MCVD
[00:41:09] [122/459] MCSO
[00:41:10] [123/459] PEVM
[00:41:11] [124/459] PVNL
[00:41:11] [125/459] PTCV
[00:41:12] [126/459] PRTC
[00:41:13] [127/459] RCVA
[00:41:14] [128/459] MTBN
[00:41:14] [129/459] LUCP
[00:41:15] [130/459] FMPT
[00:41:16] [131/459] JLSL
[00:41:16] [132/459] SBHA
[00:41:18] [133/459] SHRC
[00:41:19] [134/459] AVPS
[00:41:20] [135/459] STPM
[00:41:20] [136/459] ATRD
[00:41:21] [137/459] VTED
[00:41:22] [138/459] ACAI
[00:41:23] [139/459] SMAE
[00:41:24] [140/459] VMAT
[00:41:25] [141/459] LKCT
[00:41:26] [142/459] JTVK
[00:41:27] [143/459] PRTY
[00:41:27] [144/459] GETT
[00:41:28] [145/459] ESAP
[00:41:29] [146/459] NCPM
[00:41:30] [147/459] PCPA
[00:41:31] [148/459] MMOM
[00:41:31] [149/459] PHUP
[00:41:32] [150/459] CCPI
[00:41:33] [151/459] CNTD
[00:41:34] [152/459] NLJR
[00:41:35] [153/459] SRNG
[00:41:36] [154/459] MHAL
[00:41:36] [155/459] PNSM
[00:41:37] [156/459] DRMY
[00:41:38] [157/459] CCMU
[00:41:39] [158/459] SCMY
[00:41:40] [159/459] PVSY
[00:41:42] [160/459] SDLM
[00:41:42] [161/459] ICCM
[00:41:43] [162/459] PYSU
[00:41:44] [163/459] GATM
[00:41:45] [164/459] WOTM
[00:41:46] [165/459] RKTS
[00:41:47] [166/459] PMTY
[00:41:48] [167/459] LYMS
[00:41:49] [168/459] TGCA
[00:41:50] [169/459] DSTA
[00:41:51] [170/459] CNGE
[00:41:52] [171/459] VSTG
[00:41:53] [172/459] GTCK
[00:41:54] [173/459] TGNT
[00:41:55] [174/459] ASLC
[00:41:56] [175/459] SSST
[00:41:56] [176/459] KBTT
[00:41:57] [177/459] HKCP
[00:41:58] [178/459] SWLC
[00:41:59] [179/459] RTND
[00:42:00] [180/459] PKKT
[00:42:00] [181/459] HSTK
[00:42:01] [182/459] SPTT
[00:42:02] [183/459] IMPM
[00:42:03] [184/459] SCMV
[00:42:04] [185/459] SPCT
[00:42:05] [186/459] JBCA
[00:42:05] [187/459] ATTR
[00:42:06] [188/459] SPMT
[00:42:07] [189/459] LCTM
[00:42:08] [190/459] SCVL
[00:42:09] [191/459] SCVT
[00:42:09] [192/459] KRIC
[00:42:10] [193/459] CTMG
[00:42:11] [194/459] ACNC
[00:42:12] [195/459] DMCK
[00:42:13] [196/459] KMTV
[00:42:14] [197/459] PFCJ
[00:42:14] [198/459] VNMD
[00:42:15] [199/459] VPCZ
[00:42:16] [200/459] SRYR
[00:42:17] [201/459] SYTR
[00:42:18] [202/459] GATR
[00:42:18] [203/459] URTR
[00:42:19] [204/459] MKSM
[00:42:20] [205/459] VSMH
[00:42:21] [206/459] SKRJ
[00:42:22] [207/459] SSJR
[00:42:23] [208/459] SVSM
[00:42:23] [209/459] RUCM
[00:42:24] [210/459] PRKN
[00:42:25] [211/459] RROH
[00:42:26] [212/459] SCTN
[00:42:27] [213/459] RTDM
[00:42:28] [214/459] ASRM
[00:42:29] [215/459] SKMD
[00:42:30] [216/459] SUTD
[00:42:30] [217/459] SADM
[00:42:31] [218/459] WCNR
[00:42:32] [219/459] CNED
[00:42:33] [220/459] MPDB
[00:42:34] [221/459] KTBH
[00:42:34] [222/459] IDRM
[00:42:36] [223/459] PJJT
[00:42:37] [224/459] PFCV
[00:42:38] [225/459] AACT
[00:42:38] [226/459] AAAD
[00:42:40] [227/459] ANES
[00:42:41] [228/459] MNCA
[00:42:41] [229/459] RMGU
[00:42:42] [230/459] DLCN
[00:42:43] [231/459] LJWT
[00:42:44] [232/459] MCBG
[00:42:45] [233/459] MYBG
[00:42:46] [234/459] GCCA
[00:42:46] [235/459] GCGA
[00:42:47] [236/459] ECGN
[00:42:49] [237/459] PRAB
[00:42:49] [238/459] PNMP
[00:42:51] [239/459] GCPT
[00:42:52] [240/459] ROYN
[00:42:52] [241/459] VATM
[00:42:53] [242/459] KSNT
[00:42:54] [243/459] ACTC
[00:42:55] [244/459] PLTD
[00:42:55] [245/459] SKMK
[00:42:56] [246/459] CMTT
[00:42:57] [247/459] SMXP
[00:42:58] [248/459] SCMX
[00:42:59] [249/459] ACXN
[00:43:00] [250/459] ASWT
[00:43:01] [251/459] VVVL
[00:43:02] [252/459] NAGO
[00:43:03] [253/459] SNCN
[00:43:04] [254/459] MCKP
[00:43:05] [255/459] SAMO
[00:43:06] [256/459] JBTV
[00:43:07] [257/459] DCVV
[00:43:08] [258/459] KMSV
[00:43:09] [259/459] KDCN
[00:43:10] [260/459] CNCP
[00:43:11] [261/459] HAMC
[00:43:12] [262/459] CCVZ
[00:43:13] [263/459] NCCK
[00:43:14] [264/459] MCHR
[00:43:15] [265/459] SCHT
[00:43:16] [266/459] ESSH
[00:43:16] [267/459] CUJC
[00:43:17] [268/459] PECP
[00:43:18] [269/459] PMMI
[00:43:19] [270/459] PCCH
[00:43:20] [271/459] PRPM
[00:43:21] [272/459] PVKL
[00:43:22] [273/459] CBSM
[00:43:22] [274/459] PVCZ
[00:43:23] [275/459] PCVV
[00:43:24] [276/459] CTMJ
[00:43:25] [277/459] RCPS
[00:43:26] [278/459] PCIT
[00:43:26] [279/459] FNCH
[00:43:28] [280/459] INZD
[00:43:28] [281/459] INPC
[00:43:29] [282/459] LCZP
[00:43:30] [283/459] SMCB
[00:43:31] [284/459] PTSB
[00:43:32] [285/459] TPSI
[00:43:33] [286/459] KHMJ
[00:43:34] [287/459] RCCJ
[00:43:34] [288/459] NCJA
[00:43:35] [289/459] NCJN
[00:43:36] [290/459] BTDP
[00:43:37] [291/459] PADY
[00:43:38] [292/459] NYBH
[00:43:39] [293/459] MTBR
[00:43:40] [294/459] KRBC
[00:43:41] [295/459] DKTI
[00:43:42] [296/459] ANAN
[00:43:42] [297/459] INBP
[00:43:43] [298/459] PATB
[00:43:44] [299/459] RGNT
[00:43:45] [300/459] CGPM
[00:43:45] [301/459] INTN
[00:43:46] [302/459] MCMP
[00:43:47] [303/459] ASRG
[00:43:48] [304/459] CXJD
[00:43:49] [305/459] SPCP
[00:43:50] [306/459] CSTP
[00:43:51] [307/459] PKVC
[00:43:52] [308/459] ESCP
[00:43:53] [309/459] CAEP
[00:43:54] [310/459] CCSP
[00:43:55] [311/459] KTPC
[00:43:55] [312/459] DACA
[00:43:56] [313/459] NVKY
[00:43:57] [314/459] PTIN
[00:43:58] [315/459] SCIN
[00:43:59] [316/459] MCTY
[00:44:00] [317/459] PCMX
[00:44:01] [318/459] INIC
[00:44:02] [319/459] MMZM
[00:44:03] [320/459] SSLP
[00:44:03] [321/459] DTDT
[00:44:04] [322/459] FFCX
[00:44:05] [323/459] RCMM
[00:44:06] [324/459] KYID
[00:44:07] [325/459] CSCI
[00:44:08] [326/459] FCMC
[00:44:09] [327/459] MMXI
[00:44:10] [328/459] ASTC
[00:44:11] [329/459] CMRA
[00:44:11] [330/459] DICI
[00:44:12] [331/459] KDIN
[00:44:13] [332/459] PRFI
[00:44:15] [333/459] SVFC
[00:44:16] [334/459] UCPL
[00:44:16] [335/459] COOC
[00:44:18] [336/459] SCAL
[00:44:18] [337/459] SVFF
[00:44:19] [338/459] VCMG
[00:44:20] [339/459] UUCT
[00:44:21] [340/459] GCSE
[00:44:22] [341/459] SUSC
[00:44:23] [342/459] MISC
[00:44:24] [343/459] RMBL
[00:44:25] [344/459] CMXN
[00:44:25] [345/459] PVBK
[00:44:26] [346/459] HHCG
[00:44:27] [347/459] SCAG
[00:44:29] [348/459] CNPR
[00:44:29] [349/459] CSER
[00:44:30] [350/459] HLWD
[00:44:31] [351/459] BOLY
[00:44:31] [352/459] SSPG
[00:44:32] [353/459] MUPX
[00:44:33] [354/459] HAMR
[00:44:34] [355/459] SDNC
[00:44:34] [356/459] RTEN
[00:44:35] [357/459] SDTD
[00:44:36] [358/459] KAWS
[00:44:37] [359/459] CMZX
[00:44:38] [360/459] DCDD
[00:44:39] [361/459] ALSN
[00:44:39] [362/459] IMXS
[00:44:40] [363/459] PVFF
[00:44:41] [364/459] PVOO
[00:44:42] [365/459] CFBS
[00:44:43] [366/459] PVER
[00:44:43] [367/459] PPNX
[00:44:44] [368/459] CNRM
[00:44:45] [369/459] PVWW
[00:44:46] [370/459] INMB
[00:44:47] [371/459] CPJR
[00:44:48] [372/459] INRZ
[00:44:49] [373/459] PMSR
[00:44:49] [374/459] GPGM
[00:44:50] [375/459] PGWB
[00:44:51] [376/459] PMBR
[00:44:52] [377/459] GPAM
[00:44:53] [378/459] INBC
[00:44:54] [379/459] PZVK
[00:44:55] [380/459] CPEB
[00:44:56] [381/459] FMLB
[00:44:56] [382/459] INBG
[00:44:58] [383/459] GPBR
[00:44:59] [384/459] PAAS
[00:44:59] [385/459] VTBR
[00:45:00] [386/459] GPMY
[00:45:01] [387/459] GYBU
[00:45:02] [388/459] INBJ
[00:45:03] [389/459] LKTH
[00:45:03] [390/459] NSBR
[00:45:04] [391/459] PDRD
[00:45:05] [392/459] VRBL
[00:45:06] [393/459] VTGB
[00:45:07] [394/459] VTSK
[00:45:07] [395/459] BKDV
[00:45:08] [396/459] SVTB
[00:45:09] [397/459] MLDT
[00:45:10] [398/459] NRBL
[00:45:11] [399/459] SLTR
[00:45:11] [400/459] VNKA
[00:45:13] [401/459] TDCA
[00:45:13] [402/459] INBM
[00:45:14] [403/459] SSNR
[00:45:15] [404/459] BHAC
[00:45:16] [405/459] SDSD
[00:45:17] [406/459] SAMP
[00:45:17] [407/459] RATK
[00:45:18] [408/459] KCBI
[00:45:19] [409/459] URBL
[00:45:20] [410/459] MKBG
[00:45:21] [411/459] ASTB
[00:45:22] [412/459] VBWT
[00:45:22] [413/459] GPSM
[00:45:23] [414/459] ROON
[00:45:24] [415/459] CHTH
[00:45:25] [416/459] SSPA
[00:45:25] [417/459] ANBL
[00:45:26] [418/459] VTBE
[00:45:27] [419/459] SVKT
[00:45:28] [420/459] SVYK
[00:45:29] [421/459] PTBK
[00:45:29] [422/459] RKTB
[00:45:30] [423/459] BALT
[00:45:32] [424/459] STSV
[00:45:33] [425/459] VCCB
[00:45:33] [426/459] SLTB
[00:45:34] [427/459] SBCR
[00:45:35] [428/459] VDCS
[00:45:36] [429/459] MDKI
[00:45:37] [430/459] SMRN
[00:45:37] [431/459] PTBC
[00:45:38] [432/459] RADI
[00:45:39] [433/459] ADCR
[00:45:39] [434/459] SDCS
[00:45:40] [435/459] SRPJ
[00:45:41] [436/459] ARTS
[00:45:41] [437/459] SRHK
[00:45:42] [438/459] SPAY
[00:45:43] [439/459] GPTB
[00:45:44] [440/459] SNNN
[00:45:45] [441/459] BALJ
[00:45:45] [442/459] TRIG
[00:45:46] [443/459] GTYT
[00:45:47] [444/459] ATGN
[00:45:48] [445/459] ANTE
[00:45:49] [446/459] BDCG
[00:45:50] [447/459] VECI
[00:45:51] [448/459] SCPR
[00:45:51] [449/459] RTEA
[00:45:52] [450/459] JSAI
[00:45:53] [451/459] VJTP
[00:45:54] [452/459] GNDS
[00:45:55] [453/459] PAXA
[00:45:55] [454/459] CGGM
[00:45:56] [455/459] ACKZ
[00:45:57] [456/459] EMCC
[00:45:58] [457/459] KLSK
[00:45:59] [458/459] AVCK
[00:46:00] [459/459] JTCK
[00:46:01] ✅ DONE | Shows=0 | Movies=0
[01:42:22] 🚀 BMS DAILY TRACKER STARTED
[01:42:22] [1/459] NECA
[01:42:22] 🧠 New identity
[01:42:23] [2/459] BJLC
[01:42:24] [3/459] BASU
[01:42:25] [4/459] RUPI
[01:42:26] [5/459] LCBK
[01:42:28] [6/459] PMAC
[01:42:29] [7/459] AMLC
[01:42:30] [8/459] LICL
[01:42:31] [9/459] UDMM
[01:42:32] [10/459] STBZ
[01:42:32] [11/459] UUBT
[01:42:34] [12/459] SJKC
[01:42:35] [13/459] TUAL
[01:42:36] [14/459] MRSE
[01:42:37] [15/459] RMRK
[01:42:38] [16/459] TTKP
[01:42:39] [17/459] KTKO
[01:42:40] [18/459] SDBK
[01:42:41] [19/459] MCPR
[01:42:42] [20/459] CHTI
[01:42:43] [21/459] GCCP
[01:42:43] 🔄 Identity reset
[01:42:43] ❌ GCCP | RuntimeError
[01:42:44] [22/459] SRMY
[01:42:44] 🧠 New identity
[01:42:44] [23/459] NYST
[01:42:46] [24/459] NYAG
[01:42:47] [25/459] SBMT
[01:42:48] [26/459] INGA
[01:42:49] [27/459] WSIC
[01:42:49] [28/459] SCSS
[01:42:50] [29/459] COPG
[01:42:51] [30/459] RCGR
[01:42:52] [31/459] TCZA
[01:42:54] [32/459] CNLP
[01:42:55] [33/459] CLKN
[01:42:56] [34/459] LHDF
[01:42:57] [35/459] ELKC
[01:42:58] [36/459] VCEM
[01:42:59] [37/459] SSZA
[01:43:00] [38/459] KRMT
[01:43:01] [39/459] LCMV
[01:43:02] [40/459] AYCZ
[01:43:03] [41/459] CUMS
[01:43:04] [42/459] BOCK
[01:43:05] [43/459] PNMR
[01:43:06] [44/459] PJCP
[01:43:07] [45/459] JDDD
[01:43:07] [46/459] STMS
[01:43:08] [47/459] FLMB
[01:43:09] [48/459] PKCM
[01:43:11] [49/459] SPPR
[01:43:12] [50/459] EYLH
[01:43:13] [51/459] RJCC
[01:43:14] [52/459] MMPS
[01:43:14] [53/459] SHMX
[01:43:16] [54/459] CCNL
[01:43:17] [55/459] RCNV
[01:43:18] [56/459] MAAG
[01:43:19] [57/459] LXCM
[01:43:20] [58/459] RCNI
[01:43:22] [59/459] SNNI
[01:43:24] [60/459] LALC
[01:43:25] [61/459] SOCN
[01:43:26] [62/459] JHTP
[01:43:28] [63/459] PITP
[01:43:29] [64/459] CCKW
[01:43:31] [65/459] MCMC
[01:43:33] [66/459] DEES
[01:43:35] [67/459] SABT
[01:43:36] [68/459] VSPP
[01:43:37] [69/459] ABCT
[01:43:39] [70/459] JVTB
[01:43:42] [71/459] VCBD
[01:43:43] [72/459] RMGG
[01:43:45] [73/459] RNMH
[01:43:47] [74/459] SPGL
[01:43:48] [75/459] JTTR
[01:43:49] [76/459] SICS
[01:43:50] [77/459] SRMI
[01:43:51] [78/459] SSIJ
[01:43:52] [79/459] KFMT
[01:43:53] [80/459] VBIT
[01:43:57] [81/459] JKCT
[01:43:57] [82/459] GCGP
[01:43:59] [83/459] GDCS
[01:44:01] [84/459] TRBA
[01:44:03] [85/459] QUST
[01:44:04] [86/459] VSHM
[01:44:05] [87/459] SDCP
[01:44:06] [88/459] SNVS
[01:44:07] [89/459] NYTO
[01:44:09] [90/459] URWC
[01:44:10] [91/459] GTWH
[01:44:11] [92/459] PFCM
[01:44:11] [93/459] KRTA
[01:44:12] [94/459] AXMC
[01:44:14] [95/459] EVMC
[01:44:15] [96/459] HGSM
[01:44:16] [97/459] ACVM
[01:44:18] [98/459] PSKL
[01:44:19] [99/459] RDMP
[01:44:22] [100/459] RHGH
[01:44:22] [101/459] OMCM
[01:44:27] [102/459] DCCP
[01:44:29] [103/459] MCPB
[01:44:30] [104/459] ALCI
[01:44:31] [105/459] BLMX
[01:44:32] [106/459] BTMV
[01:44:35] [107/459] FVPN
[01:44:36] [108/459] CMAR
[01:44:37] [109/459] CEIM
[01:44:38] [110/459] CMVA
[01:44:39] [111/459] CPIV
[01:44:40] [112/459] CNPE
[01:44:45] [113/459] COLV
[01:44:46] [114/459] DNNV
[01:44:48] [115/459] HCAD
[01:44:49] [116/459] TAKA
[01:44:50] [117/459] INVD
[01:44:51] [118/459] IRMM
[01:44:52] [119/459] INSE
[01:44:53] [120/459] MRSW
[01:44:53] [121/459] MCVD
[01:44:54] [122/459] MCSO
[01:44:57] [123/459] PEVM
[01:44:58] [124/459] PVNL
[01:45:00] [125/459] PTCV
[01:45:01] [126/459] PRTC
[01:45:03] [127/459] RCVA
[01:45:04] [128/459] MTBN
[01:45:05] [129/459] LUCP
[01:45:06] [130/459] FMPT
[01:45:08] [131/459] JLSL
[01:45:11] [132/459] SBHA
[01:45:14] [133/459] SHRC
[01:45:15] [134/459] AVPS
[01:45:16] [135/459] STPM
[01:45:17] [136/459] ATRD
[01:45:17] [137/459] VTED
[01:45:19] [138/459] ACAI
[01:45:20] [139/459] SMAE
[01:45:21] [140/459] VMAT
[01:45:22] [141/459] LKCT
[01:45:24] [142/459] JTVK
[01:45:24] [143/459] PRTY
[01:45:25] [144/459] GETT
[01:45:27] [145/459] ESAP
[01:45:30] [146/459] NCPM
[01:45:30] [147/459] PCPA
[01:45:32] [148/459] MMOM
[01:45:37] [149/459] PHUP
[01:45:42] [150/459] CCPI
[01:45:44] [151/459] CNTD
[01:45:45] [152/459] NLJR
[01:45:46] [153/459] SRNG
[01:45:48] [154/459] MHAL
[01:45:48] [155/459] PNSM
[01:45:50] [156/459] DRMY
[01:45:52] [157/459] CCMU
[01:45:53] [158/459] SCMY
[01:45:53] [159/459] PVSY
[01:45:54] [160/459] SDLM
[01:45:55] [161/459] ICCM
[01:45:56] [162/459] PYSU
[01:45:57] [163/459] GATM
[01:45:58] [164/459] WOTM
[01:45:59] [165/459] RKTS
[01:46:02] [166/459] PMTY
[01:46:02] [167/459] LYMS
[01:46:04] [168/459] TGCA
[01:46:05] [169/459] DSTA
[01:46:05] [170/459] CNGE
[01:46:06] [171/459] VSTG
[01:46:07] [172/459] GTCK
[01:46:11] [173/459] TGNT
[01:46:12] [174/459] ASLC
[01:46:12] [175/459] SSST
[01:46:13] [176/459] KBTT
[01:46:14] [177/459] HKCP
[01:46:16] [178/459] SWLC
[01:46:17] [179/459] RTND
[01:46:18] [180/459] PKKT
[01:46:19] [181/459] HSTK
[01:46:20] [182/459] SPTT
[01:46:21] [183/459] IMPM
[01:46:22] [184/459] SCMV
[01:46:23] [185/459] SPCT
[01:46:26] [186/459] JBCA
[01:46:26] [187/459] ATTR
[01:46:27] [188/459] SPMT
[01:46:28] [189/459] LCTM
[01:46:29] [190/459] SCVL
[01:46:29] [191/459] SCVT
[01:46:30] [192/459] KRIC
[01:46:34] [193/459] CTMG
[01:46:35] [194/459] ACNC
[01:46:35] [195/459] DMCK
[01:46:37] [196/459] KMTV
[01:46:37] [197/459] PFCJ
[01:46:39] [198/459] VNMD
[01:46:39] [199/459] VPCZ
[01:46:40] [200/459] SRYR
[01:46:41] [201/459] SYTR
[01:46:42] [202/459] GATR
[01:46:43] [203/459] URTR
[01:46:45] [204/459] MKSM
[01:46:46] [205/459] VSMH
[01:46:47] [206/459] SKRJ
[01:46:47] [207/459] SSJR
[01:46:48] [208/459] SVSM
[01:46:49] [209/459] RUCM
[01:46:49] [210/459] PRKN
[01:46:50] [211/459] RROH
[01:46:53] [212/459] SCTN
[01:46:53] [213/459] RTDM
[01:46:54] [214/459] ASRM
[01:46:54] [215/459] SKMD
[01:46:59] [216/459] SUTD
[01:47:00] [217/459] SADM
[01:47:01] [218/459] WCNR
[01:47:02] [219/459] CNED
[01:47:02] [220/459] MPDB
[01:47:03] [221/459] KTBH
[01:47:03] [222/459] IDRM
[01:47:04] [223/459] PJJT
[01:47:05] [224/459] PFCV
[01:47:07] [225/459] AACT
[01:47:08] [226/459] AAAD
[01:47:09] [227/459] ANES
[01:47:10] [228/459] MNCA
[01:47:11] [229/459] RMGU
[01:47:14] [230/459] DLCN
[01:47:15] [231/459] LJWT
[01:47:16] [232/459] MCBG
[01:47:17] [233/459] MYBG
[01:47:19] [234/459] GCCA
[01:47:19] [235/459] GCGA
[01:47:20] [236/459] ECGN
[01:47:21] [237/459] PRAB
[01:47:22] [238/459] PNMP
[01:47:23] [239/459] GCPT
[01:47:23] [240/459] ROYN
[01:47:24] [241/459] VATM
[01:47:24] [242/459] KSNT
[01:47:26] [243/459] ACTC
[01:47:31] [244/459] PLTD
[01:47:32] [245/459] SKMK
[01:47:32] [246/459] CMTT
[01:47:35] [247/459] SMXP
[01:47:36] [248/459] SCMX
[01:47:38] [249/459] ACXN
[01:47:39] [250/459] ASWT
[01:47:40] [251/459] VVVL
[01:47:41] [252/459] NAGO
[01:47:42] [253/459] SNCN
[01:47:43] [254/459] MCKP
[01:47:44] [255/459] SAMO
[01:47:44] [256/459] JBTV
[01:47:45] [257/459] DCVV
[01:47:45] [258/459] KMSV
[01:47:46] [259/459] KDCN
[01:47:47] [260/459] CNCP
[01:47:50] [261/459] HAMC
[01:47:50] [262/459] CCVZ
[01:47:51] [263/459] NCCK
[01:47:52] [264/459] MCHR
[01:47:53] [265/459] SCHT
[01:47:54] [266/459] ESSH
[01:47:54] [267/459] CUJC
[01:47:55] [268/459] PECP
[01:47:56] [269/459] PMMI
[01:47:56] [270/459] PCCH
[01:47:58] [271/459] PRPM
[01:48:03] [272/459] PVKL
[01:48:04] [273/459] CBSM
[01:48:06] [274/459] PVCZ
[01:48:09] [275/459] PCVV
[01:48:10] [276/459] CTMJ
[01:48:11] [277/459] RCPS
[01:48:11] [278/459] PCIT
[01:48:12] [279/459] FNCH
[01:48:12] [280/459] INZD
[01:48:13] [281/459] INPC
[01:48:15] [282/459] LCZP
[01:48:15] [283/459] SMCB
[01:48:16] [284/459] PTSB
[01:48:16] [285/459] TPSI
[01:48:17] [286/459] KHMJ
[01:48:18] [287/459] RCCJ
[01:48:18] [288/459] NCJA
[01:48:19] [289/459] NCJN
[01:48:20] [290/459] BTDP
[01:48:21] [291/459] PADY
[01:48:21] [292/459] NYBH
[01:48:22] [293/459] MTBR
[01:48:26] [294/459] KRBC
[01:48:26] [295/459] DKTI
[01:48:27] [296/459] ANAN
[01:48:28] [297/459] INBP
[01:48:28] [298/459] PATB
[01:48:29] [299/459] RGNT
[01:48:29] [300/459] CGPM
[01:48:30] [301/459] INTN
[01:48:31] [302/459] MCMP
[01:48:33] [303/459] ASRG
[01:48:34] [304/459] CXJD
[01:48:34] [305/459] SPCP
[01:48:35] [306/459] CSTP
[01:48:36] [307/459] PKVC
[01:48:37] [308/459] ESCP
[01:48:38] [309/459] CAEP
[01:48:40] [310/459] CCSP
[01:48:40] [311/459] KTPC
[01:48:43] [312/459] DACA
[01:48:43] [313/459] NVKY
[01:48:44] [314/459] PTIN
[01:48:45] [315/459] SCIN
[01:48:45] [316/459] MCTY
[01:48:46] [317/459] PCMX
[01:48:48] [318/459] INIC
[01:48:49] [319/459] MMZM
[01:48:49] [320/459] SSLP
[01:48:51] [321/459] DTDT
[01:48:51] [322/459] FFCX
[01:48:52] [323/459] RCMM
[01:48:53] [324/459] KYID
[01:48:55] [325/459] CSCI
[01:48:55] [326/459] FCMC
[01:48:56] [327/459] MMXI
[01:48:57] [328/459] ASTC
[01:48:58] [329/459] CMRA
[01:48:58] [330/459] DICI
[01:49:00] [331/459] KDIN
[01:49:00] [332/459] PRFI
[01:49:01] [333/459] SVFC
[01:49:02] [334/459] UCPL
[01:49:03] [335/459] COOC
[01:49:04] [336/459] SCAL
[01:49:05] [337/459] SVFF
[01:49:06] [338/459] VCMG
[01:49:07] [339/459] UUCT
[01:49:08] [340/459] GCSE
[01:49:08] [341/459] SUSC
[01:49:09] [342/459] MISC
[01:49:10] [343/459] RMBL
[01:49:11] [344/459] CMXN
[01:49:12] [345/459] PVBK
[01:49:13] [346/459] HHCG
[01:49:14] [347/459] SCAG
[01:49:15] [348/459] CNPR
[01:49:16] [349/459] CSER
[01:49:17] [350/459] HLWD
[01:49:18] [351/459] BOLY
[01:49:18] [352/459] SSPG
[01:49:19] [353/459] MUPX
[01:49:20] [354/459] HAMR
[01:49:21] [355/459] SDNC
[01:49:21] [356/459] RTEN
[01:49:22] [357/459] SDTD
[01:49:23] [358/459] KAWS
[01:49:23] [359/459] CMZX
[01:49:24] [360/459] DCDD
[01:49:25] [361/459] ALSN
[01:49:26] [362/459] IMXS
[01:49:26] [363/459] PVFF
[01:49:27] [364/459] PVOO
[01:49:29] [365/459] CFBS
[01:49:30] [366/459] PVER
[01:49:31] [367/459] PPNX
[01:49:32] [368/459] CNRM
[01:49:32] [369/459] PVWW
[01:49:34] [370/459] INMB
[01:49:35] [371/459] CPJR
[01:49:36] [372/459] INRZ
[01:49:37] [373/459] PMSR
[01:49:38] [374/459] GPGM
[01:49:40] [375/459] PGWB
[01:49:40] [376/459] PMBR
[01:49:42] [377/459] GPAM
[01:49:42] [378/459] INBC
[01:49:44] [379/459] PZVK
[01:49:44] [380/459] CPEB
[01:49:45] [381/459] FMLB
[01:49:46] [382/459] INBG
[01:49:47] [383/459] GPBR
[01:49:48] [384/459] PAAS
[01:49:48] [385/459] VTBR
[01:49:49] [386/459] GPMY
[01:49:50] [387/459] GYBU
[01:49:51] [388/459] INBJ
[01:49:52] [389/459] LKTH
[01:49:53] [390/459] NSBR
[01:49:53] [391/459] PDRD
[01:49:54] [392/459] VRBL
[01:49:55] [393/459] VTGB
[01:49:56] [394/459] VTSK
[01:49:57] [395/459] BKDV
[01:49:58] [396/459] SVTB
[01:49:59] [397/459] MLDT
[01:50:00] [398/459] NRBL
[01:50:01] [399/459] SLTR
[01:50:02] [400/459] VNKA
[01:50:02] [401/459] TDCA
[01:50:03] [402/459] INBM
[01:50:04] [403/459] SSNR
[01:50:05] [404/459] BHAC
[01:50:07] [405/459] SDSD
[01:50:08] [406/459] SAMP
[01:50:08] [407/459] RATK
[01:50:09] [408/459] KCBI
[01:50:10] [409/459] URBL
[01:50:10] [410/459] MKBG
[01:50:11] [411/459] ASTB
[01:50:11] [412/459] VBWT
[01:50:13] [413/459] GPSM
[01:50:14] [414/459] ROON
[01:50:15] [415/459] CHTH
[01:50:15] [416/459] SSPA
[01:50:16] [417/459] ANBL
[01:50:17] [418/459] VTBE
[01:50:18] [419/459] SVKT
[01:50:19] [420/459] SVYK
[01:50:21] [421/459] PTBK
[01:50:22] [422/459] RKTB
[01:50:23] [423/459] BALT
[01:50:23] [424/459] STSV
[01:50:25] [425/459] VCCB
[01:50:26] [426/459] SLTB
[01:50:27] [427/459] SBCR
[01:50:28] [428/459] VDCS
[01:50:29] [429/459] MDKI
[01:50:30] [430/459] SMRN
[01:50:30] [431/459] PTBC
[01:50:31] [432/459] RADI
[01:50:32] [433/459] ADCR
[01:50:32] [434/459] SDCS
[01:50:34] [435/459] SRPJ
[01:50:35] [436/459] ARTS
[01:50:35] [437/459] SRHK
[01:50:36] [438/459] SPAY
[01:50:37] [439/459] GPTB
[01:50:37] [440/459] SNNN
[01:50:38] [441/459] BALJ
[01:50:39] [442/459] TRIG
[01:50:40] [443/459] GTYT
[01:50:41] [444/459] ATGN
[01:50:42] [445/459] ANTE
[01:50:43] [446/459] BDCG
[01:50:44] [447/459] VECI
[01:50:46] [448/459] SCPR
[01:50:47] [449/459] RTEA
[01:50:47] [450/459] JSAI
[01:50:48] [451/459] VJTP
[01:50:49] [452/459] GNDS
[01:50:50] [453/459] PAXA
[01:50:51] [454/459] CGGM
[01:50:51] [455/459] ACKZ
[01:50:52] [456/459] EMCC
[01:50:53] [457/459] KLSK
[01:50:55] [458/459] AVCK
[01:50:55] [459/459] JTCK
[01:50:57] ✅ DONE | Shows=0 | Movies=0
[02:40:35] 🚀 BMS DAILY TRACKER STARTED
[02:40:35] [1/459] NECA
[02:40:35] 🧠 New identity
[02:40:36] [2/459] BJLC
[02:40:37] [3/459] BASU
[02:40:38] [4/459] RUPI
[02:40:39] [5/459] LCBK
[02:40:40] [6/459] PMAC
[02:40:42] [7/459] AMLC
[02:40:43] [8/459] LICL
[02:40:44] [9/459] UDMM
[02:40:45] [10/459] STBZ
[02:40:46] [11/459] UUBT
[02:40:46] [12/459] SJKC
[02:40:47] [13/459] TUAL
[02:40:48] [14/459] MRSE
[02:40:49] [15/459] RMRK
[02:40:50] [16/459] TTKP
[02:40:51] [17/459] KTKO
[02:40:52] [18/459] SDBK
[02:40:52] [19/459] MCPR
[02:40:54] [20/459] CHTI
[02:40:55] [21/459] GCCP
[02:40:56] [22/459] SRMY
[02:40:57] [23/459] NYST
[02:40:58] [24/459] NYAG
[02:40:59] [25/459] SBMT
[02:41:00] [26/459] INGA
[02:41:00] [27/459] WSIC
[02:41:01] [28/459] SCSS
[02:41:03] [29/459] COPG
[02:41:03] [30/459] RCGR
[02:41:04] [31/459] TCZA
[02:41:05] [32/459] CNLP
[02:41:06] [33/459] CLKN
[02:41:07] [34/459] LHDF
[02:41:08] [35/459] ELKC
[02:41:09] [36/459] VCEM
[02:41:09] [37/459] SSZA
[02:41:10] [38/459] KRMT
[02:41:11] [39/459] LCMV
[02:41:12] [40/459] AYCZ
[02:41:13] [41/459] CUMS
[02:41:14] [42/459] BOCK
[02:41:15] [43/459] PNMR
[02:41:16] [44/459] PJCP
[02:41:17] [45/459] JDDD
[02:41:18] [46/459] STMS
[02:41:18] [47/459] FLMB
[02:41:19] [48/459] PKCM
[02:41:20] [49/459] SPPR
[02:41:21] [50/459] EYLH
[02:41:21] [51/459] RJCC
[02:41:22] [52/459] MMPS
[02:41:23] [53/459] SHMX
[02:41:24] [54/459] CCNL
[02:41:25] [55/459] RCNV
[02:41:25] [56/459] MAAG
[02:41:26] [57/459] LXCM
[02:41:27] [58/459] RCNI
[02:41:28] [59/459] SNNI
[02:41:29] [60/459] LALC
[02:41:29] [61/459] SOCN
[02:41:30] [62/459] JHTP
[02:41:31] [63/459] PITP
[02:41:32] [64/459] CCKW
[02:41:32] [65/459] MCMC
[02:41:33] [66/459] DEES
[02:41:34] [67/459] SABT
[02:41:35] [68/459] VSPP
[02:41:36] [69/459] ABCT
[02:41:37] [70/459] JVTB
[02:41:39] [71/459] VCBD
[02:41:40] [72/459] RMGG
[02:41:40] [73/459] RNMH
[02:41:41] [74/459] SPGL
[02:41:42] [75/459] JTTR
[02:41:43] [76/459] SICS
[02:41:44] [77/459] SRMI
[02:41:45] [78/459] SSIJ
[02:41:47] [79/459] KFMT
[02:41:48] [80/459] VBIT
[02:41:48] [81/459] JKCT
[02:41:49] [82/459] GCGP
[02:41:50] [83/459] GDCS
[02:41:51] [84/459] TRBA
[02:41:52] [85/459] QUST
[02:41:53] [86/459] VSHM
[02:41:53] [87/459] SDCP
[02:41:54] [88/459] SNVS
[02:41:55] [89/459] NYTO
[02:41:55] [90/459] URWC
[02:41:56] [91/459] GTWH
[02:41:57] [92/459] PFCM
[02:41:59] [93/459] KRTA
[02:42:00] [94/459] AXMC
[02:42:00] [95/459] EVMC
[02:42:01] [96/459] HGSM
[02:42:02] [97/459] ACVM
[02:42:03] [98/459] PSKL
[02:42:04] [99/459] RDMP
[02:42:05] [100/459] RHGH
[02:42:06] [101/459] OMCM
[02:42:07] [102/459] DCCP
[02:42:08] [103/459] MCPB
[02:42:09] [104/459] ALCI
[02:42:09] [105/459] BLMX
[02:42:10] [106/459] BTMV
[02:42:11] [107/459] FVPN
[02:42:12] [108/459] CMAR
[02:42:13] [109/459] CEIM
[02:42:14] [110/459] CMVA
[02:42:15] [111/459] CPIV
[02:42:16] [112/459] CNPE
[02:42:16] [113/459] COLV
[02:42:17] [114/459] DNNV
[02:42:18] [115/459] HCAD
[02:42:19] [116/459] TAKA
[02:42:20] [117/459] INVD
[02:42:21] [118/459] IRMM
[02:42:22] [119/459] INSE
[02:42:23] [120/459] MRSW
[02:42:23] [121/459] MCVD
[02:42:24] [122/459] MCSO
[02:42:25] [123/459] PEVM
[02:42:26] [124/459] PVNL
[02:42:27] [125/459] PTCV
[02:42:28] [126/459] PRTC
[02:42:29] [127/459] RCVA
[02:42:30] [128/459] MTBN
[02:42:31] [129/459] LUCP
[02:42:32] [130/459] FMPT
[02:42:33] [131/459] JLSL
[02:42:33] [132/459] SBHA
[02:42:34] [133/459] SHRC
[02:42:35] [134/459] AVPS
[02:42:35] [135/459] STPM
[02:42:36] [136/459] ATRD
[02:42:37] [137/459] VTED
[02:42:38] [138/459] ACAI
[02:42:39] [139/459] SMAE
[02:42:40] [140/459] VMAT
[02:42:41] [141/459] LKCT
[02:42:42] [142/459] JTVK
[02:42:43] [143/459] PRTY
[02:42:44] [144/459] GETT
[02:42:45] [145/459] ESAP
[02:42:46] [146/459] NCPM
[02:42:47] [147/459] PCPA
[02:42:48] [148/459] MMOM
[02:42:48] [149/459] PHUP
[02:42:49] [150/459] CCPI
[02:42:50] [151/459] CNTD
[02:42:51] [152/459] NLJR
[02:42:52] [153/459] SRNG
[02:42:52] [154/459] MHAL
[02:42:54] [155/459] PNSM
[02:42:54] [156/459] DRMY
[02:42:55] [157/459] CCMU
[02:42:56] [158/459] SCMY
[02:42:57] [159/459] PVSY
[02:42:58] [160/459] SDLM
[02:42:58] [161/459] ICCM
[02:42:59] [162/459] PYSU
[02:43:00] [163/459] GATM
[02:43:01] [164/459] WOTM
[02:43:02] [165/459] RKTS
[02:43:03] [166/459] PMTY
[02:43:03] [167/459] LYMS
[02:43:04] [168/459] TGCA
[02:43:05] [169/459] DSTA
[02:43:06] [170/459] CNGE
[02:43:07] [171/459] VSTG
[02:43:07] [172/459] GTCK
[02:43:08] [173/459] TGNT
[02:43:09] [174/459] ASLC
[02:43:10] [175/459] SSST
[02:43:11] [176/459] KBTT
[02:43:12] [177/459] HKCP
[02:43:13] [178/459] SWLC
[02:43:14] [179/459] RTND
[02:43:15] [180/459] PKKT
[02:43:16] [181/459] HSTK
[02:43:16] [182/459] SPTT
[02:43:17] [183/459] IMPM
[02:43:18] [184/459] SCMV
[02:43:19] [185/459] SPCT
[02:43:19] [186/459] JBCA
[02:43:20] [187/459] ATTR
[02:43:21] [188/459] SPMT
[02:43:22] [189/459] LCTM
[02:43:24] [190/459] SCVL
[02:43:24] [191/459] SCVT
[02:43:25] [192/459] KRIC
[02:43:26] [193/459] CTMG
[02:43:27] [194/459] ACNC
[02:43:28] [195/459] DMCK
[02:43:29] [196/459] KMTV
[02:43:30] [197/459] PFCJ
[02:43:31] [198/459] VNMD
[02:43:31] [199/459] VPCZ
[02:43:32] [200/459] SRYR
[02:43:33] [201/459] SYTR
[02:43:34] [202/459] GATR
[02:43:34] [203/459] URTR
[02:43:35] [204/459] MKSM
[02:43:36] [205/459] VSMH
[02:43:37] [206/459] SKRJ
[02:43:37] [207/459] SSJR
[02:43:38] [208/459] SVSM
[02:43:39] [209/459] RUCM
[02:43:39] [210/459] PRKN
[02:43:40] [211/459] RROH
[02:43:41] [212/459] SCTN
[02:43:42] [213/459] RTDM
[02:43:43] [214/459] ASRM
[02:43:44] [215/459] SKMD
[02:43:44] [216/459] SUTD
[02:43:45] [217/459] SADM
[02:43:46] [218/459] WCNR
[02:43:47] [219/459] CNED
[02:43:48] [220/459] MPDB
[02:43:49] [221/459] KTBH
[02:43:50] [222/459] IDRM
[02:43:51] [223/459] PJJT
[02:43:51] [224/459] PFCV
[02:43:52] [225/459] AACT
[02:43:53] [226/459] AAAD
[02:43:55] [227/459] ANES
[02:43:56] [228/459] MNCA
[02:43:57] [229/459] RMGU
[02:43:58] [230/459] DLCN
[02:43:59] [231/459] LJWT
[02:44:00] [232/459] MCBG
[02:44:01] [233/459] MYBG
[02:44:01] [234/459] GCCA
[02:44:03] [235/459] GCGA
[02:44:04] [236/459] ECGN
[02:44:05] [237/459] PRAB
[02:44:05] [238/459] PNMP
[02:44:06] [239/459] GCPT
[02:44:07] [240/459] ROYN
[02:44:08] [241/459] VATM
[02:44:08] [242/459] KSNT
[02:44:09] [243/459] ACTC
[02:44:10] [244/459] PLTD
[02:44:11] [245/459] SKMK
[02:44:12] [246/459] CMTT
[02:44:13] [247/459] SMXP
[02:44:14] [248/459] SCMX
[02:44:14] [249/459] ACXN
[02:44:15] [250/459] ASWT
[02:44:16] [251/459] VVVL
[02:44:17] [252/459] NAGO
[02:44:17] [253/459] SNCN
[02:44:18] [254/459] MCKP
[02:44:19] [255/459] SAMO
[02:44:20] [256/459] JBTV
[02:44:21] [257/459] DCVV
[02:44:23] [258/459] KMSV
[02:44:23] [259/459] KDCN
[02:44:24] [260/459] CNCP
[02:44:25] [261/459] HAMC
[02:44:26] [262/459] CCVZ
[02:44:27] [263/459] NCCK
[02:44:28] [264/459] MCHR
[02:44:28] [265/459] SCHT
[02:44:29] [266/459] ESSH
[02:44:31] [267/459] CUJC
[02:44:32] [268/459] PECP
[02:44:33] [269/459] PMMI
[02:44:33] [270/459] PCCH
[02:44:34] [271/459] PRPM
[02:44:35] [272/459] PVKL
[02:44:36] [273/459] CBSM
[02:44:37] [274/459] PVCZ
[02:44:38] [275/459] PCVV
[02:44:39] [276/459] CTMJ
[02:44:40] [277/459] RCPS
[02:44:41] [278/459] PCIT
[02:44:42] [279/459] FNCH
[02:44:43] [280/459] INZD
[02:44:44] [281/459] INPC
[02:44:44] [282/459] LCZP
[02:44:46] [283/459] SMCB
[02:44:46] [284/459] PTSB
[02:44:48] [285/459] TPSI
[02:44:49] [286/459] KHMJ
[02:44:50] [287/459] RCCJ
[02:44:51] [288/459] NCJA
[02:44:52] [289/459] NCJN
[02:44:53] [290/459] BTDP
[02:44:54] [291/459] PADY
[02:44:54] [292/459] NYBH
[02:44:55] [293/459] MTBR
[02:44:56] [294/459] KRBC
[02:44:57] [295/459] DKTI
[02:44:58] [296/459] ANAN
[02:44:59] [297/459] INBP
[02:45:00] [298/459] PATB
[02:45:00] [299/459] RGNT
[02:45:02] [300/459] CGPM
[02:45:03] [301/459] INTN
[02:45:04] [302/459] MCMP
[02:45:04] [303/459] ASRG
[02:45:05] [304/459] CXJD
[02:45:06] [305/459] SPCP
[02:45:07] [306/459] CSTP
[02:45:08] [307/459] PKVC
[02:45:09] [308/459] ESCP
[02:45:09] [309/459] CAEP
[02:45:10] [310/459] CCSP
[02:45:11] [311/459] KTPC
[02:45:12] [312/459] DACA
[02:45:12] [313/459] NVKY
[02:45:13] [314/459] PTIN
[02:45:14] [315/459] SCIN
[02:45:14] [316/459] MCTY
[02:45:15] [317/459] PCMX
[02:45:16] [318/459] INIC
[02:45:17] [319/459] MMZM
[02:45:18] [320/459] SSLP
[02:45:18] [321/459] DTDT
[02:45:19] [322/459] FFCX
[02:45:21] [323/459] RCMM
[02:45:21] [324/459] KYID
[02:45:22] [325/459] CSCI
[02:45:23] [326/459] FCMC
[02:45:24] [327/459] MMXI
[02:45:25] [328/459] ASTC
[02:45:26] [329/459] CMRA
[02:45:27] [330/459] DICI
[02:45:28] [331/459] KDIN
[02:45:29] [332/459] PRFI
[02:45:30] [333/459] SVFC
[02:45:31] [334/459] UCPL
[02:45:31] [335/459] COOC
[02:45:33] [336/459] SCAL
[02:45:34] [337/459] SVFF
[02:45:34] [338/459] VCMG
[02:45:36] [339/459] UUCT
[02:45:36] [340/459] GCSE
[02:45:37] [341/459] SUSC
[02:45:38] [342/459] MISC
[02:45:38] [343/459] RMBL
[02:45:39] [344/459] CMXN
[02:45:40] [345/459] PVBK
[02:45:41] [346/459] HHCG
[02:45:41] [347/459] SCAG
[02:45:42] [348/459] CNPR
[02:45:43] [349/459] CSER
[02:45:44] [350/459] HLWD
[02:45:44] [351/459] BOLY
[02:45:45] [352/459] SSPG
[02:45:46] [353/459] MUPX
[02:45:47] [354/459] HAMR
[02:45:47] [355/459] SDNC
[02:45:48] [356/459] RTEN
[02:45:49] [357/459] SDTD
[02:45:50] [358/459] KAWS
[02:45:51] [359/459] CMZX
[02:45:52] [360/459] DCDD
[02:45:52] [361/459] ALSN
[02:45:53] [362/459] IMXS
[02:45:54] [363/459] PVFF
[02:45:55] [364/459] PVOO
[02:45:56] [365/459] CFBS
[02:45:56] [366/459] PVER
[02:45:57] [367/459] PPNX
[02:45:58] [368/459] CNRM
[02:45:58] [369/459] PVWW
[02:45:59] [370/459] INMB
[02:46:00] [371/459] CPJR
[02:46:01] [372/459] INRZ
[02:46:02] [373/459] PMSR
[02:46:02] [374/459] GPGM
[02:46:03] [375/459] PGWB
[02:46:04] [376/459] PMBR
[02:46:05] [377/459] GPAM
[02:46:06] [378/459] INBC
[02:46:06] [379/459] PZVK
[02:46:07] [380/459] CPEB
[02:46:08] [381/459] FMLB
[02:46:09] [382/459] INBG
[02:46:09] [383/459] GPBR
[02:46:10] [384/459] PAAS
[02:46:11] [385/459] VTBR
[02:46:11] [386/459] GPMY
[02:46:12] [387/459] GYBU
[02:46:13] [388/459] INBJ
[02:46:14] [389/459] LKTH
[02:46:15] [390/459] NSBR
[02:46:15] [391/459] PDRD
[02:46:16] [392/459] VRBL
[02:46:17] [393/459] VTGB
[02:46:18] [394/459] VTSK
[02:46:18] [395/459] BKDV
[02:46:19] [396/459] SVTB
[02:46:20] [397/459] MLDT
[02:46:21] [398/459] NRBL
[02:46:22] [399/459] SLTR
[02:46:23] [400/459] VNKA
[02:46:24] [401/459] TDCA
[02:46:24] [402/459] INBM
[02:46:25] [403/459] SSNR
[02:46:26] [404/459] BHAC
[02:46:27] [405/459] SDSD
[02:46:27] [406/459] SAMP
[02:46:28] [407/459] RATK
[02:46:29] [408/459] KCBI
[02:46:30] [409/459] URBL
[02:46:31] [410/459] MKBG
[02:46:32] [411/459] ASTB
[02:46:33] [412/459] VBWT
[02:46:34] [413/459] GPSM
[02:46:34] [414/459] ROON
[02:46:35] [415/459] CHTH
[02:46:36] [416/459] SSPA
[02:46:37] [417/459] ANBL
[02:46:38] [418/459] VTBE
[02:46:38] [419/459] SVKT
[02:46:39] [420/459] SVYK
[02:46:40] [421/459] PTBK
[02:46:41] [422/459] RKTB
[02:46:41] [423/459] BALT
[02:46:42] [424/459] STSV
[02:46:43] [425/459] VCCB
[02:46:44] [426/459] SLTB
[02:46:44] [427/459] SBCR
[02:46:45] [428/459] VDCS
[02:46:46] [429/459] MDKI
[02:46:47] [430/459] SMRN
[02:46:47] [431/459] PTBC
[02:46:48] [432/459] RADI
[02:46:49] [433/459] ADCR
[02:46:50] [434/459] SDCS
[02:46:51] [435/459] SRPJ
[02:46:52] [436/459] ARTS
[02:46:52] [437/459] SRHK
[02:46:53] [438/459] SPAY
[02:46:54] [439/459] GPTB
[02:46:55] [440/459] SNNN
[02:46:56] [441/459] BALJ
[02:46:56] [442/459] TRIG
[02:46:57] [443/459] GTYT
[02:46:58] [444/459] ATGN
[02:46:59] [445/459] ANTE
[02:46:59] [446/459] BDCG
[02:47:00] [447/459] VECI
[02:47:01] [448/459] SCPR
[02:47:02] [449/459] RTEA
[02:47:03] [450/459] JSAI
[02:47:04] [451/459] VJTP
[02:47:04] [452/459] GNDS
[02:47:05] [453/459] PAXA
[02:47:06] [454/459] CGGM
[02:47:07] [455/459] ACKZ
[02:47:08] [456/459] EMCC
[02:47:09] [457/459] KLSK
[02:47:09] [458/459] AVCK
[02:47:10] [459/459] JTCK
[02:47:11] ✅ DONE | Shows=0 | Movies=0
[03:41:47] 🚀 BMS DAILY TRACKER STARTED
[03:41:47] [1/459] NECA
[03:41:47] 🧠 New identity
[03:41:48] [2/459] BJLC
[03:41:50] [3/459] BASU
[03:41:50] [4/459] RUPI
[03:41:51] [5/459] LCBK
[03:41:52] [6/459] PMAC
[03:41:53] [7/459] AMLC
[03:41:54] [8/459] LICL
[03:41:55] [9/459] UDMM
[03:41:56] [10/459] STBZ
[03:41:57] [11/459] UUBT
[03:41:58] [12/459] SJKC
[03:41:58] [13/459] TUAL
[03:41:59] [14/459] MRSE
[03:42:00] [15/459] RMRK
[03:42:01] [16/459] TTKP
[03:42:02] [17/459] KTKO
[03:42:03] [18/459] SDBK
[03:42:04] [19/459] MCPR
[03:42:05] [20/459] CHTI
[03:42:05] [21/459] GCCP
[03:42:07] [22/459] SRMY
[03:42:08] [23/459] NYST
[03:42:08] [24/459] NYAG
[03:42:09] [25/459] SBMT
[03:42:10] [26/459] INGA
[03:42:12] [27/459] WSIC
[03:42:13] [28/459] SCSS
[03:42:13] [29/459] COPG
[03:42:14] [30/459] RCGR
[03:42:15] [31/459] TCZA
[03:42:16] [32/459] CNLP
[03:42:18] [33/459] CLKN
[03:42:18] [34/459] LHDF
[03:42:19] [35/459] ELKC
[03:42:20] [36/459] VCEM
[03:42:21] [37/459] SSZA
[03:42:22] [38/459] KRMT
[03:42:23] [39/459] LCMV
[03:42:24] [40/459] AYCZ
[03:42:25] [41/459] CUMS
[03:42:26] [42/459] BOCK
[03:42:26] [43/459] PNMR
[03:42:27] [44/459] PJCP
[03:42:28] [45/459] JDDD
[03:42:29] [46/459] STMS
[03:42:30] [47/459] FLMB
[03:42:31] [48/459] PKCM
[03:42:32] [49/459] SPPR
[03:42:33] [50/459] EYLH
[03:42:34] [51/459] RJCC
[03:42:35] [52/459] MMPS
[03:42:35] [53/459] SHMX
[03:42:36] [54/459] CCNL
[03:42:38] [55/459] RCNV
[03:42:39] [56/459] MAAG
[03:42:40] [57/459] LXCM
[03:42:41] [58/459] RCNI
[03:42:42] [59/459] SNNI
[03:42:43] [60/459] LALC
[03:42:44] [61/459] SOCN
[03:42:45] [62/459] JHTP
[03:42:46] [63/459] PITP
[03:42:47] [64/459] CCKW
[03:42:48] [65/459] MCMC
[03:42:48] [66/459] DEES
[03:42:49] [67/459] SABT
[03:42:50] [68/459] VSPP
[03:42:52] [69/459] ABCT
[03:42:53] [70/459] JVTB
[03:42:53] [71/459] VCBD
[03:42:54] [72/459] RMGG
[03:42:55] [73/459] RNMH
[03:42:56] [74/459] SPGL
[03:42:57] [75/459] JTTR
[03:42:58] [76/459] SICS
[03:42:59] [77/459] SRMI
[03:42:59] [78/459] SSIJ
[03:43:00] [79/459] KFMT
[03:43:01] [80/459] VBIT
[03:43:02] [81/459] JKCT
[03:43:03] [82/459] GCGP
[03:43:04] [83/459] GDCS
[03:43:04] [84/459] TRBA
[03:43:05] [85/459] QUST
[03:43:06] [86/459] VSHM
[03:43:07] [87/459] SDCP
[03:43:08] [88/459] SNVS
[03:43:09] [89/459] NYTO
[03:43:10] [90/459] URWC
[03:43:10] [91/459] GTWH
[03:43:11] [92/459] PFCM
[03:43:12] [93/459] KRTA
[03:43:13] [94/459] AXMC
[03:43:14] [95/459] EVMC
[03:43:15] [96/459] HGSM
[03:43:16] [97/459] ACVM
[03:43:17] [98/459] PSKL
[03:43:18] [99/459] RDMP
[03:43:19] [100/459] RHGH
[03:43:20] [101/459] OMCM
[03:43:20] [102/459] DCCP
[03:43:21] [103/459] MCPB
[03:43:22] [104/459] ALCI
[03:43:23] [105/459] BLMX
[03:43:24] [106/459] BTMV
[03:43:25] [107/459] FVPN
[03:43:26] [108/459] CMAR
[03:43:26] [109/459] CEIM
[03:43:27] [110/459] CMVA
[03:43:28] [111/459] CPIV
[03:43:29] [112/459] CNPE
[03:43:30] [113/459] COLV
[03:43:31] [114/459] DNNV
[03:43:31] [115/459] HCAD
[03:43:32] [116/459] TAKA
[03:43:33] [117/459] INVD
[03:43:34] [118/459] IRMM
[03:43:35] [119/459] INSE
[03:43:36] [120/459] MRSW
[03:43:37] [121/459] MCVD
[03:43:38] [122/459] MCSO
[03:43:38] [123/459] PEVM
[03:43:39] [124/459] PVNL
[03:43:41] [125/459] PTCV
[03:43:42] [126/459] PRTC
[03:43:44] [127/459] RCVA
[03:43:44] [128/459] MTBN
[03:43:45] [129/459] LUCP
[03:43:46] [130/459] FMPT
[03:43:48] [131/459] JLSL
[03:43:48] [132/459] SBHA
[03:43:49] [133/459] SHRC
[03:43:50] [134/459] AVPS
[03:43:52] [135/459] STPM
[03:43:54] [136/459] ATRD
[03:43:54] [137/459] VTED
[03:43:56] [138/459] ACAI
[03:43:56] [139/459] SMAE
[03:43:57] [140/459] VMAT
[03:43:58] [141/459] LKCT
[03:43:59] [142/459] JTVK
[03:44:00] [143/459] PRTY
[03:44:01] [144/459] GETT
[03:44:02] [145/459] ESAP
[03:44:02] [146/459] NCPM
[03:44:03] [147/459] PCPA
[03:44:04] [148/459] MMOM
[03:44:05] [149/459] PHUP
[03:44:06] [150/459] CCPI
[03:44:08] [151/459] CNTD
[03:44:09] [152/459] NLJR
[03:44:10] [153/459] SRNG
[03:44:10] [154/459] MHAL
[03:44:11] [155/459] PNSM
[03:44:12] [156/459] DRMY
[03:44:13] [157/459] CCMU
[03:44:14] [158/459] SCMY
[03:44:15] [159/459] PVSY
[03:44:15] [160/459] SDLM
[03:44:16] [161/459] ICCM
[03:44:17] [162/459] PYSU
[03:44:18] [163/459] GATM
[03:44:19] [164/459] WOTM
[03:44:19] [165/459] RKTS
[03:44:20] [166/459] PMTY
[03:44:21] [167/459] LYMS
[03:44:22] [168/459] TGCA
[03:44:23] [169/459] DSTA
[03:44:24] [170/459] CNGE
[03:44:25] [171/459] VSTG
[03:44:26] [172/459] GTCK
[03:44:27] [173/459] TGNT
[03:44:28] [174/459] ASLC
[03:44:29] [175/459] SSST
[03:44:30] [176/459] KBTT
[03:44:30] [177/459] HKCP
[03:44:31] [178/459] SWLC
[03:44:32] [179/459] RTND
[03:44:33] [180/459] PKKT
[03:44:34] [181/459] HSTK
[03:44:35] [182/459] SPTT
[03:44:36] [183/459] IMPM
[03:44:36] [184/459] SCMV
[03:44:37] [185/459] SPCT
[03:44:38] [186/459] JBCA
[03:44:39] [187/459] ATTR
[03:44:40] [188/459] SPMT
[03:44:41] [189/459] LCTM
[03:44:42] [190/459] SCVL
[03:44:43] [191/459] SCVT
[03:44:44] [192/459] KRIC
[03:44:45] [193/459] CTMG
[03:44:46] [194/459] ACNC
[03:44:47] [195/459] DMCK
[03:44:48] [196/459] KMTV
[03:44:49] [197/459] PFCJ
[03:44:50] [198/459] VNMD
[03:44:51] [199/459] VPCZ
[03:44:52] [200/459] SRYR
[03:44:53] [201/459] SYTR
[03:44:54] [202/459] GATR
[03:44:55] [203/459] URTR
[03:44:56] [204/459] MKSM
[03:44:57] [205/459] VSMH
[03:44:58] [206/459] SKRJ
[03:44:59] [207/459] SSJR
[03:44:59] [208/459] SVSM
[03:45:00] [209/459] RUCM
[03:45:01] [210/459] PRKN
[03:45:02] [211/459] RROH
[03:45:03] [212/459] SCTN
[03:45:04] [213/459] RTDM
[03:45:05] [214/459] ASRM
[03:45:06] [215/459] SKMD
[03:45:07] [216/459] SUTD
[03:45:08] [217/459] SADM
[03:45:08] [218/459] WCNR
[03:45:09] [219/459] CNED
[03:45:10] [220/459] MPDB
[03:45:12] [221/459] KTBH
[03:45:13] [222/459] IDRM
[03:45:14] [223/459] PJJT
[03:45:16] [224/459] PFCV
[03:45:17] [225/459] AACT
[03:45:18] [226/459] AAAD
[03:45:19] [227/459] ANES
[03:45:20] [228/459] MNCA
[03:45:21] [229/459] RMGU
[03:45:21] [230/459] DLCN
[03:45:22] [231/459] LJWT
[03:45:24] [232/459] MCBG
[03:45:25] [233/459] MYBG
[03:45:26] [234/459] GCCA
[03:45:26] [235/459] GCGA
[03:45:27] [236/459] ECGN
[03:45:29] [237/459] PRAB
[03:45:30] [238/459] PNMP
[03:45:31] [239/459] GCPT
[03:45:32] [240/459] ROYN
[03:45:33] [241/459] VATM
[03:45:34] [242/459] KSNT
[03:45:35] [243/459] ACTC
[03:45:36] [244/459] PLTD
[03:45:37] [245/459] SKMK
[03:45:38] [246/459] CMTT
[03:45:39] [247/459] SMXP
[03:45:40] [248/459] SCMX
[03:45:42] [249/459] ACXN
[03:45:43] [250/459] ASWT
[03:45:44] [251/459] VVVL
[03:45:45] [252/459] NAGO
[03:45:46] [253/459] SNCN
[03:45:47] [254/459] MCKP
[03:45:48] [255/459] SAMO
[03:45:49] [256/459] JBTV
[03:45:50] [257/459] DCVV
[03:45:50] [258/459] KMSV
[03:45:51] [259/459] KDCN
[03:45:52] [260/459] CNCP
[03:45:53] [261/459] HAMC
[03:45:53] [262/459] CCVZ
[03:45:54] [263/459] NCCK
[03:45:55] [264/459] MCHR
[03:45:56] [265/459] SCHT
[03:45:57] [266/459] ESSH
[03:45:58] [267/459] CUJC
[03:45:58] [268/459] PECP
[03:45:59] [269/459] PMMI
[03:46:00] [270/459] PCCH
[03:46:01] [271/459] PRPM
[03:46:02] [272/459] PVKL
[03:46:03] [273/459] CBSM
[03:46:04] [274/459] PVCZ
[03:46:05] [275/459] PCVV
[03:46:06] [276/459] CTMJ
[03:46:08] [277/459] RCPS
[03:46:08] [278/459] PCIT
[03:46:09] [279/459] FNCH
[03:46:10] [280/459] INZD
[03:46:11] [281/459] INPC
[03:46:12] [282/459] LCZP
[03:46:13] [283/459] SMCB
[03:46:14] [284/459] PTSB
[03:46:15] [285/459] TPSI
[03:46:17] [286/459] KHMJ
[03:46:18] [287/459] RCCJ
[03:46:18] [288/459] NCJA
[03:46:19] [289/459] NCJN
[03:46:21] [290/459] BTDP
[03:46:22] [291/459] PADY
[03:46:23] [292/459] NYBH
[03:46:24] [293/459] MTBR
[03:46:24] [294/459] KRBC
[03:46:25] [295/459] DKTI
[03:46:26] [296/459] ANAN
[03:46:27] [297/459] INBP
[03:46:28] [298/459] PATB
[03:46:29] [299/459] RGNT
[03:46:29] [300/459] CGPM
[03:46:30] [301/459] INTN
[03:46:31] [302/459] MCMP
[03:46:32] [303/459] ASRG
[03:46:34] [304/459] CXJD
[03:46:34] [305/459] SPCP
[03:46:35] [306/459] CSTP
[03:46:35] [307/459] PKVC
[03:46:36] [308/459] ESCP
[03:46:38] [309/459] CAEP
[03:46:39] [310/459] CCSP
[03:46:40] [311/459] KTPC
[03:46:40] [312/459] DACA
[03:46:41] [313/459] NVKY
[03:46:42] [314/459] PTIN
[03:46:43] [315/459] SCIN
[03:46:43] [316/459] MCTY
[03:46:44] [317/459] PCMX
[03:46:45] [318/459] INIC
[03:46:46] [319/459] MMZM
[03:46:46] [320/459] SSLP
[03:46:47] [321/459] DTDT
[03:46:48] [322/459] FFCX
[03:46:50] [323/459] RCMM
[03:46:51] [324/459] KYID
[03:46:51] [325/459] CSCI
[03:46:52] [326/459] FCMC
[03:46:53] [327/459] MMXI
[03:46:54] [328/459] ASTC
[03:46:55] [329/459] CMRA
[03:46:56] [330/459] DICI
[03:46:56] [331/459] KDIN
[03:46:57] [332/459] PRFI
[03:46:58] [333/459] SVFC
[03:46:58] [334/459] UCPL
[03:46:59] [335/459] COOC
[03:47:00] [336/459] SCAL
[03:47:01] [337/459] SVFF
[03:47:02] [338/459] VCMG
[03:47:02] [339/459] UUCT
[03:47:03] [340/459] GCSE
[03:47:04] [341/459] SUSC
[03:47:05] [342/459] MISC
[03:47:07] [343/459] RMBL
[03:47:07] [344/459] CMXN
[03:47:08] [345/459] PVBK
[03:47:09] [346/459] HHCG
[03:47:11] [347/459] SCAG
[03:47:12] [348/459] CNPR
[03:47:12] [349/459] CSER
[03:47:13] [350/459] HLWD
[03:47:14] [351/459] BOLY
[03:47:15] [352/459] SSPG
[03:47:16] [353/459] MUPX
[03:47:17] [354/459] HAMR
[03:47:18] [355/459] SDNC
[03:47:19] [356/459] RTEN
[03:47:20] [357/459] SDTD
[03:47:21] [358/459] KAWS
[03:47:21] [359/459] CMZX
[03:47:22] [360/459] DCDD
[03:47:23] [361/459] ALSN
[03:47:24] [362/459] IMXS
[03:47:25] [363/459] PVFF
[03:47:26] [364/459] PVOO
[03:47:27] [365/459] CFBS
[03:47:28] [366/459] PVER
[03:47:28] [367/459] PPNX
[03:47:29] [368/459] CNRM
[03:47:31] [369/459] PVWW
[03:47:32] [370/459] INMB
[03:47:33] [371/459] CPJR
[03:47:33] [372/459] INRZ
[03:47:34] [373/459] PMSR
[03:47:35] [374/459] GPGM
[03:47:36] [375/459] PGWB
[03:47:37] [376/459] PMBR
[03:47:37] [377/459] GPAM
[03:47:38] [378/459] INBC
[03:47:39] [379/459] PZVK
[03:47:40] [380/459] CPEB
[03:47:40] [381/459] FMLB
[03:47:41] [382/459] INBG
[03:47:42] [383/459] GPBR
[03:47:43] [384/459] PAAS
[03:47:43] [385/459] VTBR
[03:47:44] [386/459] GPMY
[03:47:45] [387/459] GYBU
[03:47:46] [388/459] INBJ
[03:47:46] [389/459] LKTH
[03:47:47] [390/459] NSBR
[03:47:48] [391/459] PDRD
[03:47:49] [392/459] VRBL
[03:47:50] [393/459] VTGB
[03:47:52] [394/459] VTSK
[03:47:52] [395/459] BKDV
[03:47:53] [396/459] SVTB
[03:47:53] [397/459] MLDT
[03:47:54] [398/459] NRBL
[03:47:55] [399/459] SLTR
[03:47:56] [400/459] VNKA
[03:47:57] [401/459] TDCA
[03:47:58] [402/459] INBM
[03:47:58] [403/459] SSNR
[03:47:59] [404/459] BHAC
[03:48:00] [405/459] SDSD
[03:48:01] [406/459] SAMP
[03:48:02] [407/459] RATK
[03:48:03] [408/459] KCBI
[03:48:04] [409/459] URBL
[03:48:05] [410/459] MKBG
[03:48:06] [411/459] ASTB
[03:48:07] [412/459] VBWT
[03:48:07] [413/459] GPSM
[03:48:08] [414/459] ROON
[03:48:09] [415/459] CHTH
[03:48:10] [416/459] SSPA
[03:48:11] [417/459] ANBL
[03:48:11] [418/459] VTBE
[03:48:12] [419/459] SVKT
[03:48:13] [420/459] SVYK
[03:48:14] [421/459] PTBK
[03:48:15] [422/459] RKTB
[03:48:15] [423/459] BALT
[03:48:16] [424/459] STSV
[03:48:17] [425/459] VCCB
[03:48:18] [426/459] SLTB
[03:48:19] [427/459] SBCR
[03:48:19] [428/459] VDCS
[03:48:20] [429/459] MDKI
[03:48:21] [430/459] SMRN
[03:48:22] [431/459] PTBC
[03:48:23] [432/459] RADI
[03:48:23] [433/459] ADCR
[03:48:25] [434/459] SDCS
[03:48:25] [435/459] SRPJ
[03:48:26] [436/459] ARTS
[03:48:27] [437/459] SRHK
[03:48:28] [438/459] SPAY
[03:48:28] [439/459] GPTB
[03:48:29] [440/459] SNNN
[03:48:31] [441/459] BALJ
[03:48:32] [442/459] TRIG
[03:48:33] [443/459] GTYT
[03:48:34] [444/459] ATGN
[03:48:35] [445/459] ANTE
[03:48:36] [446/459] BDCG
[03:48:36] [447/459] VECI
[03:48:37] [448/459] SCPR
[03:48:38] [449/459] RTEA
[03:48:39] [450/459] JSAI
[03:48:39] [451/459] VJTP
[03:48:40] [452/459] GNDS
[03:48:41] [453/459] PAXA
[03:48:42] [454/459] CGGM
[03:48:43] [455/459] ACKZ
[03:48:43] [456/459] EMCC
[03:48:45] [457/459] KLSK
[03:48:46] [458/459] AVCK
[03:48:47] [459/459] JTCK
[03:48:47] ✅ DONE | Shows=7 | Movies=3
[04:41:10] 🚀 BMS DAILY TRACKER STARTED
[04:41:10] [1/459] NECA
[04:41:10] 🧠 New identity
[04:41:11] [2/459] BJLC
[04:41:12] [3/459] BASU
[04:41:14] [4/459] RUPI
[04:41:15] [5/459] LCBK
[04:41:16] [6/459] PMAC
[04:41:17] [7/459] AMLC
[04:41:18] [8/459] LICL
[04:41:19] [9/459] UDMM
[04:41:20] [10/459] STBZ
[04:41:21] [11/459] UUBT
[04:41:22] [12/459] SJKC
[04:41:23] [13/459] TUAL
[04:41:24] [14/459] MRSE
[04:41:25] [15/459] RMRK
[04:41:26] [16/459] TTKP
[04:41:27] [17/459] KTKO
[04:41:28] [18/459] SDBK
[04:41:29] [19/459] MCPR
[04:41:30] [20/459] CHTI
[04:41:31] [21/459] GCCP
[04:41:32] [22/459] SRMY
[04:41:33] [23/459] NYST
[04:41:34] [24/459] NYAG
[04:41:35] [25/459] SBMT
[04:41:36] [26/459] INGA
[04:41:37] [27/459] WSIC
[04:41:38] [28/459] SCSS
[04:41:39] [29/459] COPG
[04:41:39] [30/459] RCGR
[04:41:41] [31/459] TCZA
[04:41:41] [32/459] CNLP
[04:41:42] [33/459] CLKN
[04:41:44] [34/459] LHDF
[04:41:45] [35/459] ELKC
[04:41:45] [36/459] VCEM
[04:41:47] [37/459] SSZA
[04:41:48] [38/459] KRMT
[04:41:49] [39/459] LCMV
[04:41:50] [40/459] AYCZ
[04:41:51] [41/459] CUMS
[04:41:52] [42/459] BOCK
[04:41:53] [43/459] PNMR
[04:41:54] [44/459] PJCP
[04:41:55] [45/459] JDDD
[04:41:56] [46/459] STMS
[04:41:57] [47/459] FLMB
[04:41:58] [48/459] PKCM
[04:41:59] [49/459] SPPR
[04:41:59] [50/459] EYLH
[04:42:00] [51/459] RJCC
[04:42:01] [52/459] MMPS
[04:42:02] [53/459] SHMX
[04:42:03] [54/459] CCNL
[04:42:04] [55/459] RCNV
[04:42:05] [56/459] MAAG
[04:42:06] [57/459] LXCM
[04:42:07] [58/459] RCNI
[04:42:07] [59/459] SNNI
[04:42:09] [60/459] LALC
[04:42:10] [61/459] SOCN
[04:42:11] [62/459] JHTP
[04:42:12] [63/459] PITP
[04:42:13] [64/459] CCKW
[04:42:13] [65/459] MCMC
[04:42:14] [66/459] DEES
[04:42:15] [67/459] SABT
[04:42:16] [68/459] VSPP
[04:42:17] [69/459] ABCT
[04:42:18] [70/459] JVTB
[04:42:19] [71/459] VCBD
[04:42:20] [72/459] RMGG
[04:42:21] [73/459] RNMH
[04:42:22] [74/459] SPGL
[04:42:22] [75/459] JTTR
[04:42:24] [76/459] SICS
[04:42:25] [77/459] SRMI
[04:42:26] [78/459] SSIJ
[04:42:27] [79/459] KFMT
[04:42:27] [80/459] VBIT
[04:42:28] [81/459] JKCT
[04:42:29] [82/459] GCGP
[04:42:30] [83/459] GDCS
[04:42:31] [84/459] TRBA
[04:42:32] [85/459] QUST
[04:42:33] [86/459] VSHM
[04:42:34] [87/459] SDCP
[04:42:35] [88/459] SNVS
[04:42:36] [89/459] NYTO
[04:42:37] [90/459] URWC
[04:42:38] [91/459] GTWH
[04:42:38] [92/459] PFCM
[04:42:39] [93/459] KRTA
[04:42:40] [94/459] AXMC
[04:42:41] [95/459] EVMC
[04:42:43] [96/459] HGSM
[04:42:44] [97/459] ACVM
[04:42:44] [98/459] PSKL
[04:42:45] [99/459] RDMP
[04:42:46] [100/459] RHGH
[04:42:47] [101/459] OMCM
[04:42:48] [102/459] DCCP
[04:42:49] [103/459] MCPB
[04:42:50] [104/459] ALCI
[04:42:51] [105/459] BLMX
[04:42:52] [106/459] BTMV
[04:42:53] [107/459] FVPN
[04:42:54] [108/459] CMAR
[04:42:55] [109/459] CEIM
[04:42:56] [110/459] CMVA
[04:42:57] [111/459] CPIV
[04:42:58] [112/459] CNPE
[04:42:59] [113/459] COLV
[04:43:00] [114/459] DNNV
[04:43:01] [115/459] HCAD
[04:43:02] [116/459] TAKA
[04:43:03] [117/459] INVD
[04:43:05] [118/459] IRMM
[04:43:06] [119/459] INSE
[04:43:07] [120/459] MRSW
[04:43:08] [121/459] MCVD
[04:43:09] [122/459] MCSO
[04:43:10] [123/459] PEVM
[04:43:11] [124/459] PVNL
[04:43:12] [125/459] PTCV
[04:43:13] [126/459] PRTC
[04:43:15] [127/459] RCVA
[04:43:15] [128/459] MTBN
[04:43:16] [129/459] LUCP
[04:43:17] [130/459] FMPT
[04:43:19] [131/459] JLSL
[04:43:20] [132/459] SBHA
[04:43:21] [133/459] SHRC
[04:43:22] [134/459] AVPS
[04:43:23] [135/459] STPM
[04:43:24] [136/459] ATRD
[04:43:25] [137/459] VTED
[04:43:26] [138/459] ACAI
[04:43:27] [139/459] SMAE
[04:43:28] [140/459] VMAT
[04:43:29] [141/459] LKCT
[04:43:30] [142/459] JTVK
[04:43:31] [143/459] PRTY
[04:43:32] [144/459] GETT
[04:43:32] [145/459] ESAP
[04:43:33] [146/459] NCPM
[04:43:34] [147/459] PCPA
[04:43:35] [148/459] MMOM
[04:43:36] [149/459] PHUP
[04:43:37] [150/459] CCPI
[04:43:38] [151/459] CNTD
[04:43:39] [152/459] NLJR
[04:43:40] [153/459] SRNG
[04:43:41] [154/459] MHAL
[04:43:42] [155/459] PNSM
[04:43:43] [156/459] DRMY
[04:43:44] [157/459] CCMU
[04:43:45] [158/459] SCMY
[04:43:46] [159/459] PVSY
[04:43:47] [160/459] SDLM
[04:43:47] [161/459] ICCM
[04:43:48] [162/459] PYSU
[04:43:49] [163/459] GATM
[04:43:51] [164/459] WOTM
[04:43:52] [165/459] RKTS
[04:43:52] [166/459] PMTY
[04:43:53] [167/459] LYMS
[04:43:54] [168/459] TGCA
[04:43:55] [169/459] DSTA
[04:43:56] [170/459] CNGE
[04:43:57] [171/459] VSTG
[04:43:58] [172/459] GTCK
[04:43:59] [173/459] TGNT
[04:43:59] [174/459] ASLC
[04:44:00] [175/459] SSST
[04:44:01] [176/459] KBTT
[04:44:03] [177/459] HKCP
[04:44:04] [178/459] SWLC
[04:44:05] [179/459] RTND
[04:44:06] [180/459] PKKT
[04:44:06] [181/459] HSTK
[04:44:07] [182/459] SPTT
[04:44:08] [183/459] IMPM
[04:44:09] [184/459] SCMV
[04:44:10] [185/459] SPCT
[04:44:10] [186/459] JBCA
[04:44:11] [187/459] ATTR
[04:44:12] [188/459] SPMT
[04:44:13] [189/459] LCTM
[04:44:15] [190/459] SCVL
[04:44:16] [191/459] SCVT
[04:44:16] [192/459] KRIC
[04:44:17] [193/459] CTMG
[04:44:18] [194/459] ACNC
[04:44:19] [195/459] DMCK
[04:44:20] [196/459] KMTV
[04:44:21] [197/459] PFCJ
[04:44:22] [198/459] VNMD
[04:44:23] [199/459] VPCZ
[04:44:24] [200/459] SRYR
[04:44:25] [201/459] SYTR
[04:44:26] [202/459] GATR
[04:44:27] [203/459] URTR
[04:44:27] [204/459] MKSM
[04:44:28] [205/459] VSMH
[04:44:29] [206/459] SKRJ
[04:44:30] [207/459] SSJR
[04:44:31] [208/459] SVSM
[04:44:32] [209/459] RUCM
[04:44:33] [210/459] PRKN
[04:44:34] [211/459] RROH
[04:44:35] [212/459] SCTN
[04:44:36] [213/459] RTDM
[04:44:37] [214/459] ASRM
[04:44:38] [215/459] SKMD
[04:44:39] [216/459] SUTD
[04:44:40] [217/459] SADM
[04:44:41] [218/459] WCNR
[04:44:41] [219/459] CNED
[04:44:42] [220/459] MPDB
[04:44:43] [221/459] KTBH
[04:44:44] [222/459] IDRM
[04:44:45] [223/459] PJJT
[04:44:45] [224/459] PFCV
[04:44:46] [225/459] AACT
[04:44:47] [226/459] AAAD
[04:44:48] [227/459] ANES
[04:44:49] [228/459] MNCA
[04:44:50] [229/459] RMGU
[04:44:52] [230/459] DLCN
[04:44:53] [231/459] LJWT
[04:44:54] [232/459] MCBG
[04:44:55] [233/459] MYBG
[04:44:56] [234/459] GCCA
[04:44:57] [235/459] GCGA
[04:44:58] [236/459] ECGN
[04:44:59] [237/459] PRAB
[04:44:59] [238/459] PNMP
[04:45:00] [239/459] GCPT
[04:45:01] [240/459] ROYN
[04:45:02] [241/459] VATM
[04:45:03] [242/459] KSNT
[04:45:04] [243/459] ACTC
[04:45:05] [244/459] PLTD
[04:45:06] [245/459] SKMK
[04:45:07] [246/459] CMTT
[04:45:08] [247/459] SMXP
[04:45:09] [248/459] SCMX
[04:45:10] [249/459] ACXN
[04:45:11] [250/459] ASWT
[04:45:12] [251/459] VVVL
[04:45:13] [252/459] NAGO
[04:45:14] [253/459] SNCN
[04:45:15] [254/459] MCKP
[04:45:16] [255/459] SAMO
[04:45:17] [256/459] JBTV
[04:45:18] [257/459] DCVV
[04:45:20] [258/459] KMSV
[04:45:21] [259/459] KDCN
[04:45:22] [260/459] CNCP
[04:45:23] [261/459] HAMC
[04:45:24] [262/459] CCVZ
[04:45:25] [263/459] NCCK
[04:45:26] [264/459] MCHR
[04:45:27] [265/459] SCHT
[04:45:28] [266/459] ESSH
[04:45:29] [267/459] CUJC
[04:45:29] [268/459] PECP
[04:45:31] [269/459] PMMI
[04:45:32] [270/459] PCCH
[04:45:33] [271/459] PRPM
[04:45:34] [272/459] PVKL
[04:45:34] [273/459] CBSM
[04:45:35] [274/459] PVCZ
[04:45:36] [275/459] PCVV
[04:45:37] [276/459] CTMJ
[04:45:38] [277/459] RCPS
[04:45:39] [278/459] PCIT
[04:45:40] [279/459] FNCH
[04:45:41] [280/459] INZD
[04:45:42] [281/459] INPC
[04:45:43] [282/459] LCZP
[04:45:45] [283/459] SMCB
[04:45:46] [284/459] PTSB
[04:45:47] [285/459] TPSI
[04:45:49] [286/459] KHMJ
[04:45:49] [287/459] RCCJ
[04:45:50] [288/459] NCJA
[04:45:51] [289/459] NCJN
[04:45:52] [290/459] BTDP
[04:45:53] [291/459] PADY
[04:45:54] [292/459] NYBH
[04:45:55] [293/459] MTBR
[04:45:56] [294/459] KRBC
[04:45:57] [295/459] DKTI
[04:45:57] [296/459] ANAN
[04:45:58] [297/459] INBP
[04:45:59] [298/459] PATB
[04:46:00] [299/459] RGNT
[04:46:01] [300/459] CGPM
[04:46:02] [301/459] INTN
[04:46:03] [302/459] MCMP
[04:46:04] [303/459] ASRG
[04:46:05] [304/459] CXJD
[04:46:05] [305/459] SPCP
[04:46:06] [306/459] CSTP
[04:46:07] [307/459] PKVC
[04:46:08] [308/459] ESCP
[04:46:09] [309/459] CAEP
[04:46:10] [310/459] CCSP
[04:46:11] [311/459] KTPC
[04:46:12] [312/459] DACA
[04:46:13] [313/459] NVKY
[04:46:13] [314/459] PTIN
[04:46:15] [315/459] SCIN
[04:46:15] [316/459] MCTY
[04:46:16] [317/459] PCMX
[04:46:17] [318/459] INIC
[04:46:18] [319/459] MMZM
[04:46:19] [320/459] SSLP
[04:46:20] [321/459] DTDT
[04:46:21] [322/459] FFCX
[04:46:22] [323/459] RCMM
[04:46:23] [324/459] KYID
[04:46:24] [325/459] CSCI
[04:46:24] [326/459] FCMC
[04:46:25] [327/459] MMXI
[04:46:26] [328/459] ASTC
[04:46:27] [329/459] CMRA
[04:46:28] [330/459] DICI
[04:46:29] [331/459] KDIN
[04:46:30] [332/459] PRFI
[04:46:31] [333/459] SVFC
[04:46:32] [334/459] UCPL
[04:46:33] [335/459] COOC
[04:46:34] [336/459] SCAL
[04:46:35] [337/459] SVFF
[04:46:36] [338/459] VCMG
[04:46:36] [339/459] UUCT
[04:46:38] [340/459] GCSE
[04:46:39] [341/459] SUSC
[04:46:39] [342/459] MISC
[04:46:40] [343/459] RMBL
[04:46:41] [344/459] CMXN
[04:46:42] [345/459] PVBK
[04:46:42] [346/459] HHCG
[04:46:43] [347/459] SCAG
[04:46:44] [348/459] CNPR
[04:46:45] [349/459] CSER
[04:46:46] [350/459] HLWD
[04:46:48] [351/459] BOLY
[04:46:48] [352/459] SSPG
[04:46:49] [353/459] MUPX
[04:46:50] [354/459] HAMR
[04:46:51] [355/459] SDNC
[04:46:52] [356/459] RTEN
[04:46:53] [357/459] SDTD
[04:46:54] [358/459] KAWS
[04:46:54] [359/459] CMZX
[04:46:55] [360/459] DCDD
[04:46:56] [361/459] ALSN
[04:46:57] [362/459] IMXS
[04:46:58] [363/459] PVFF
[04:46:59] [364/459] PVOO
[04:47:00] [365/459] CFBS
[04:47:01] [366/459] PVER
[04:47:02] [367/459] PPNX
[04:47:02] [368/459] CNRM
[04:47:03] [369/459] PVWW
[04:47:04] [370/459] INMB
[04:47:05] [371/459] CPJR
[04:47:06] [372/459] INRZ
[04:47:07] [373/459] PMSR
[04:47:08] [374/459] GPGM
[04:47:09] [375/459] PGWB
[04:47:10] [376/459] PMBR
[04:47:10] [377/459] GPAM
[04:47:11] [378/459] INBC
[04:47:12] [379/459] PZVK
[04:47:13] [380/459] CPEB
[04:47:14] [381/459] FMLB
[04:47:15] [382/459] INBG
[04:47:16] [383/459] GPBR
[04:47:16] [384/459] PAAS
[04:47:17] [385/459] VTBR
[04:47:18] [386/459] GPMY
[04:47:19] [387/459] GYBU
[04:47:20] [388/459] INBJ
[04:47:21] [389/459] LKTH
[04:47:22] [390/459] NSBR
[04:47:23] [391/459] PDRD
[04:47:24] [392/459] VRBL
[04:47:25] [393/459] VTGB
[04:47:25] [394/459] VTSK
[04:47:26] [395/459] BKDV
[04:47:27] [396/459] SVTB
[04:47:28] [397/459] MLDT
[04:47:29] [398/459] NRBL
[04:47:31] [399/459] SLTR
[04:47:31] [400/459] VNKA
[04:47:32] [401/459] TDCA
[04:47:33] [402/459] INBM
[04:47:34] [403/459] SSNR
[04:47:34] [404/459] BHAC
[04:47:35] [405/459] SDSD
[04:47:36] [406/459] SAMP
[04:47:37] [407/459] RATK
[04:47:38] [408/459] KCBI
[04:47:39] [409/459] URBL
[04:47:40] [410/459] MKBG
[04:47:41] [411/459] ASTB
[04:47:42] [412/459] VBWT
[04:47:43] [413/459] GPSM
[04:47:44] [414/459] ROON
[04:47:45] [415/459] CHTH
[04:47:45] [416/459] SSPA
[04:47:47] [417/459] ANBL
[04:47:47] [418/459] VTBE
[04:47:49] [419/459] SVKT
[04:47:49] [420/459] SVYK
[04:47:50] [421/459] PTBK
[04:47:51] [422/459] RKTB
[04:47:52] [423/459] BALT
[04:47:53] [424/459] STSV
[04:47:54] [425/459] VCCB
[04:47:55] [426/459] SLTB
[04:47:55] [427/459] SBCR
[04:47:56] [428/459] VDCS
[04:47:57] [429/459] MDKI
[04:47:59] [430/459] SMRN
[04:47:59] [431/459] PTBC
[04:48:00] [432/459] RADI
[04:48:01] [433/459] ADCR
[04:48:01] [434/459] SDCS
[04:48:02] [435/459] SRPJ
[04:48:03] [436/459] ARTS
[04:48:04] [437/459] SRHK
[04:48:05] [438/459] SPAY
[04:48:07] [439/459] GPTB
[04:48:07] [440/459] SNNN
[04:48:08] [441/459] BALJ
[04:48:09] [442/459] TRIG
[04:48:10] [443/459] GTYT
[04:48:11] [444/459] ATGN
[04:48:12] [445/459] ANTE
[04:48:13] [446/459] BDCG
[04:48:14] [447/459] VECI
[04:48:15] [448/459] SCPR
[04:48:16] [449/459] RTEA
[04:48:17] [450/459] JSAI
[04:48:17] [451/459] VJTP
[04:48:18] [452/459] GNDS
[04:48:19] [453/459] PAXA
[04:48:20] [454/459] CGGM
[04:48:21] [455/459] ACKZ
[04:48:22] [456/459] EMCC
[04:48:23] [457/459] KLSK
[04:48:23] [458/459] AVCK
[04:48:24] [459/459] JTCK
[04:48:25] ✅ DONE | Shows=18 | Movies=8
