[00:39:22] 🚀 BMS DAILY TRACKER STARTED
[00:39:22] [1/445] TGMR
[00:39:22] 🧠 New identity
[00:39:23] [2/445] CXKR
[00:39:23] [3/445] SROP
[00:39:24] [4/445] GTSV
[00:39:25] [5/445] SNTY
[00:39:26] [6/445] SMYY
[00:39:28] [7/445] CNCS
[00:39:29] [8/445] CSTM
[00:39:30] [9/445] NUCD
[00:39:30] [10/445] SHCZ
[00:39:31] [11/445] NJCT
[00:39:32] [12/445] COPC
[00:39:33] [13/445] STVV
[00:39:34] [14/445] SKRN
[00:39:35] [15/445] APPZ
[00:39:36] [16/445] YMGN
[00:39:36] [17/445] SVTU
[00:39:37] [18/445] GTAD
[00:39:38] [19/445] PSUS
[00:39:39] [20/445] SMCD
[00:39:39] [21/445] CMCM
[00:39:40] [22/445] SYCT
[00:39:41] [23/445] STLY
[00:39:42] [24/445] CMHU
[00:39:43] [25/445] CMSA
[00:39:44] [26/445] CLCU
[00:39:45] [27/445] PPNT
[00:39:46] [28/445] JTAB
[00:39:46] [29/445] BUUC
[00:39:47] [30/445] BSVK
[00:39:48] [31/445] VVVQ
[00:39:49] [32/445] TKMU
[00:39:50] [33/445] ESYL
[00:39:51] [34/445] ACHP
[00:39:52] [35/445] BTKD
[00:39:53] [36/445] DESA
[00:39:55] [37/445] GBCT
[00:39:55] [38/445] BLLD
[00:39:56] [39/445] SKNT
[00:39:57] [40/445] SSTE
[00:39:58] [41/445] VJMR
[00:39:59] [42/445] NTPU
[00:40:01] [43/445] RDKN
[00:40:01] [44/445] ADGC
[00:40:02] [45/445] VRBP
[00:40:03] [46/445] NMNA
[00:40:05] [47/445] CMMX
[00:40:06] [48/445] PTKO
[00:40:07] [49/445] RBML
[00:40:08] [50/445] SAIC
[00:40:09] [51/445] SVTJ
[00:40:10] [52/445] MRTE
[00:40:11] [53/445] RBTP
[00:40:12] [54/445] NLPS
[00:40:13] [55/445] GTNA
[00:40:13] [56/445] DGGC
[00:40:14] [57/445] SMCR
[00:40:15] [58/445] SCGD
[00:40:16] [59/445] SRRJ
[00:40:17] [60/445] CNRY
[00:40:18] [61/445] KTDI
[00:40:19] [62/445] SNJL
[00:40:19] [63/445] RKMD
[00:40:20] [64/445] SMDC
[00:40:21] [65/445] TADG
[00:40:22] [66/445] MCGS
[00:40:23] [67/445] PETK
[00:40:24] [68/445] CHAG
[00:40:25] [69/445] KSTL
[00:40:26] [70/445] AADS
[00:40:27] [71/445] NTHZ
[00:40:27] [72/445] HCKI
[00:40:28] [73/445] SSEF
[00:40:29] [74/445] MCGX
[00:40:30] [75/445] ERRA
[00:40:30] [76/445] SDTW
[00:40:31] [77/445] RMPK
[00:40:32] [78/445] PTHK
[00:40:33] [79/445] PXCS
[00:40:34] [80/445] SVLU
[00:40:35] [81/445] STAH
[00:40:36] [82/445] JRGF
[00:40:37] [83/445] CDOK
[00:40:38] [84/445] CMSG
[00:40:38] [85/445] APTD
[00:40:39] [86/445] KMPG
[00:40:40] [87/445] MUTJ
[00:40:41] [88/445] VCCI
[00:40:42] [89/445] URBE
[00:40:42] [90/445] TCTS
[00:40:43] [91/445] STSN
[00:40:44] [92/445] AKCH
[00:40:45] [93/445] APSC
[00:40:46] [94/445] VLTB
[00:40:46] [95/445] SANU
[00:40:47] [96/445] AXAM
[00:40:48] [97/445] MGMG
[00:40:49] [98/445] HTBY
[00:40:50] [99/445] MMZS
[00:40:51] [100/445] SUDR
[00:40:51] [101/445] CCAD
[00:40:52] [102/445] SKKC
[00:40:53] [103/445] RMCD
[00:40:54] [104/445] SBCQ
[00:40:55] [105/445] DCCT
[00:40:55] [106/445] VTKP
[00:40:56] [107/445] MLAM
[00:40:57] [108/445] SAVT
[00:40:58] [109/445] GEPL
[00:40:59] [110/445] AMCD
[00:41:00] [111/445] CCXR
[00:41:01] [112/445] GRNG
[00:41:01] [113/445] EBCA
[00:41:02] [114/445] CNVG
[00:41:03] [115/445] MWSS
[00:41:04] [116/445] VBOR
[00:41:05] [117/445] NEEB
[00:41:06] [118/445] SUTH
[00:41:06] [119/445] ANDB
[00:41:07] [120/445] MMXS
[00:41:08] [121/445] CNPD
[00:41:09] [122/445] SDCE
[00:41:10] [123/445] DHCB
[00:41:11] [124/445] ODEN
[00:41:12] [125/445] TNTC
[00:41:14] [126/445] VBKM
[00:41:15] [127/445] RZYM
[00:41:16] [128/445] JEMC
[00:41:16] [129/445] CMAU
[00:41:17] [130/445] SIVP
[00:41:18] [131/445] ATAG
[00:41:19] [132/445] CHTM
[00:41:19] [133/445] AAEE
[00:41:20] [134/445] IWPM
[00:41:21] [135/445] KCMW
[00:41:22] [136/445] MCTD
[00:41:23] [137/445] SPWR
[00:41:24] [138/445] SDPO
[00:41:25] [139/445] PCSK
[00:41:25] [140/445] ACHV
[00:41:26] [141/445] SVLA
[00:41:27] [142/445] PICT
[00:41:28] [143/445] BXDR
[00:41:29] [144/445] SPWA
[00:41:30] [145/445] MCKO
[00:41:31] [146/445] RTHK
[00:41:32] [147/445] CCMF
[00:41:33] [148/445] MRGB
[00:41:34] [149/445] CPLC
[00:41:35] [150/445] RACD
[00:41:36] [151/445] ATKT
[00:41:37] [152/445] SARN
[00:41:38] [153/445] KKUI
[00:41:39] [154/445] RGCM
[00:41:40] [155/445] BRVP
[00:41:41] [156/445] HRSR
[00:41:42] [157/445] GKGM
[00:41:43] [158/445] TTCD
[00:41:44] [159/445] PTTI
[00:41:44] [160/445] MPTT
[00:41:45] [161/445] CVTT
[00:41:46] [162/445] PCXD
[00:41:47] [163/445] GCDC
[00:41:48] [164/445] CCCF
[00:41:49] [165/445] MRAD
[00:41:50] [166/445] CPLK
[00:41:51] [167/445] SATB
[00:41:53] [168/445] SNVG
[00:41:54] [169/445] JMBA
[00:41:55] [170/445] TEJA
[00:41:55] [171/445] STYO
[00:41:56] [172/445] JTBP
[00:41:57] [173/445] KRGD
[00:41:58] [174/445] SLJJ
[00:41:59] [175/445] SPTJ
[00:42:00] [176/445] SWJG
[00:42:01] [177/445] LKRT
[00:42:02] [178/445] KCKA
[00:42:04] [179/445] SNCR
[00:42:05] [180/445] SMKL
[00:42:06] [181/445] GCFA
[00:42:07] [182/445] DDCK
[00:42:08] [183/445] NCHJ
[00:42:09] [184/445] RDMA
[00:42:10] [185/445] SVSV
[00:42:10] [186/445] SCJG
[00:42:11] [187/445] VKLP
[00:42:12] [188/445] NWCC
[00:42:13] [189/445] VKNS
[00:42:14] [190/445] SDDP
[00:42:15] [191/445] ACSI
[00:42:16] [192/445] SATG
[00:42:17] [193/445] SCMW
[00:42:18] [194/445] LKTK
[00:42:19] [195/445] VCKV
[00:42:20] [196/445] KKPE
[00:42:21] [197/445] KIGH
[00:42:22] [198/445] SRPM
[00:42:23] [199/445] SCAH
[00:42:24] [200/445] MUTA
[00:42:25] [201/445] SEPU
[00:42:26] [202/445] INOA
[00:42:27] [203/445] BASK
[00:42:28] [204/445] NECB
[00:42:29] [205/445] GTTG
[00:42:30] [206/445] ASSA
[00:42:31] [207/445] ANCL
[00:42:32] [208/445] GCTI
[00:42:33] [209/445] RCTS
[00:42:33] [210/445] ACNL
[00:42:34] [211/445] MYCT
[00:42:36] [212/445] NMHT
[00:42:37] [213/445] MDIT
[00:42:38] [214/445] LATG
[00:42:39] [215/445] SMTY
[00:42:40] [216/445] CVCT
[00:42:40] [217/445] RAMB
[00:42:41] [218/445] TGMS
[00:42:42] [219/445] BHEL
[00:42:43] [220/445] SHCT
[00:42:44] [221/445] SVCT
[00:42:45] [222/445] MRIY
[00:42:45] [223/445] SARO
[00:42:46] [224/445] STCT
[00:42:47] [225/445] JKKC
[00:42:48] [226/445] PLTT
[00:42:49] [227/445] SRNT
[00:42:49] [228/445] YAST
[00:42:50] [229/445] PERL
[00:42:51] [230/445] CICM
[00:42:52] [231/445] MMTR
[00:42:53] [232/445] ABTK
[00:42:53] [233/445] ATYY
[00:42:54] [234/445] ASTK
[00:42:55] [235/445] VVCK
[00:42:56] [236/445] ATKY
[00:42:57] [237/445] GWEK
[00:42:58] [238/445] SVFH
[00:42:59] [239/445] SLTA
[00:42:59] [240/445] AASH
[00:43:00] [241/445] ACXB
[00:43:01] [242/445] SMTX
[00:43:02] [243/445] AZDH
[00:43:02] [244/445] CMMH
[00:43:03] [245/445] SCSZ
[00:43:04] [246/445] SCKP
[00:43:05] [247/445] NXTM
[00:43:07] [248/445] NWCS
[00:43:08] [249/445] CXMH
[00:43:08] [250/445] PCMA
[00:43:09] [251/445] SGCM
[00:43:10] [252/445] SDTU
[00:43:11] [253/445] MMVI
[00:43:12] [254/445] JKCM
[00:43:13] [255/445] VCMM
[00:43:13] [256/445] SYEE
[00:43:14] [257/445] VASD
[00:43:15] [258/445] BDRB
[00:43:16] [259/445] LASM
[00:43:17] [260/445] DCRL
[00:43:19] [261/445] DVPM
[00:43:20] [262/445] SBMJ
[00:43:20] [263/445] CBMU
[00:43:21] [264/445] IUBS
[00:43:22] [265/445] INAP
[00:43:23] [266/445] SRRC
[00:43:23] [267/445] SAGR
[00:43:24] [268/445] CPMJ
[00:43:25] [269/445] ATJL
[00:43:26] [270/445] NNTD
[00:43:27] [271/445] JHCJ
[00:43:28] [272/445] CMMP
[00:43:28] [273/445] RSDR
[00:43:29] [274/445] AMTI
[00:43:30] [275/445] NYSG
[00:43:31] [276/445] AVSG
[00:43:32] [277/445] SYTP
[00:43:33] [278/445] LARC
[00:43:33] [279/445] RJTP
[00:43:34] [280/445] LAKC
[00:43:35] [281/445] MCXE
[00:43:36] [282/445] CCZC
[00:43:38] [283/445] AVCH
[00:43:38] [284/445] CMBE
[00:43:39] [285/445] MRRC
[00:43:40] [286/445] PCPY
[00:43:41] [287/445] SRMH
[00:43:42] [288/445] SVGS
[00:43:43] [289/445] PCSE
[00:43:44] [290/445] SVFT
[00:43:45] [291/445] TNZP
[00:43:45] [292/445] ICTP
[00:43:47] [293/445] ACTZ
[00:43:48] [294/445] GTUR
[00:43:49] [295/445] MAFC
[00:43:50] [296/445] MINL
[00:43:50] [297/445] MRCL
[00:43:51] [298/445] RCRP
[00:43:52] [299/445] RFFG
[00:43:53] [300/445] RMAS
[00:43:54] [301/445] INVR
[00:43:55] [302/445] RMAR
[00:43:55] [303/445] CNIS
[00:43:56] [304/445] RHRJ
[00:43:57] [305/445] INXR
[00:43:58] [306/445] VALT
[00:43:59] [307/445] LCSH
[00:43:59] [308/445] CMVS
[00:44:00] [309/445] CNMS
[00:44:01] [310/445] ROOG
[00:44:03] [311/445] ISRM
[00:44:04] [312/445] RCRM
[00:44:04] [313/445] ACJA
[00:44:05] [314/445] RCVS
[00:44:06] [315/445] CPUS
[00:44:07] [316/445] TGCS
[00:44:08] [317/445] RKCJ
[00:44:08] [318/445] MKSB
[00:44:09] [319/445] TCSJ
[00:44:10] [320/445] RMGP
[00:44:11] [321/445] CLLP
[00:44:12] [322/445] RCMV
[00:44:12] [323/445] CCKS
[00:44:13] [324/445] RSRP
[00:44:14] [325/445] APLP
[00:44:15] [326/445] CNVS
[00:44:16] [327/445] RMVY
[00:44:16] [328/445] PGBD
[00:44:17] [329/445] KLMS
[00:44:19] [330/445] RUST
[00:44:20] [331/445] MASM
[00:44:20] [332/445] BACS
[00:44:21] [333/445] BWST
[00:44:22] [334/445] RRFH
[00:44:23] [335/445] SJTM
[00:44:24] [336/445] BEMR
[00:44:24] [337/445] MCGR
[00:44:25] [338/445] SDSK
[00:44:26] [339/445] VBOL
[00:44:27] [340/445] RMGM
[00:44:28] [341/445] NOPL
[00:44:29] [342/445] MKJK
[00:44:29] [343/445] CVRN
[00:44:30] [344/445] MMEN
[00:44:31] [345/445] AMNG
[00:44:32] [346/445] INTM
[00:44:32] [347/445] SLCZ
[00:44:33] [348/445] AMJN
[00:44:34] [349/445] ACJN
[00:44:35] [350/445] AMKN
[00:44:36] [351/445] BTCN
[00:44:37] [352/445] AMBT
[00:44:37] [353/445] PACN
[00:44:38] [354/445] LCNS
[00:44:39] [355/445] PPKC
[00:44:41] [356/445] JYYN
[00:44:42] [357/445] JTNR
[00:44:42] [358/445] GTEE
[00:44:43] [359/445] SRNM
[00:44:44] [360/445] SDTC
[00:44:45] [361/445] VPCA
[00:44:45] [362/445] VLRA
[00:44:46] [363/445] SHKR
[00:44:47] [364/445] SBKD
[00:44:48] [365/445] SAAD
[00:44:49] [366/445] JTGN
[00:44:50] [367/445] SLAM
[00:44:51] [368/445] VTPM
[00:44:52] [369/445] ANPT
[00:44:53] [370/445] PUNB
[00:44:53] [371/445] CPKT
[00:44:54] [372/445] CNWE
[00:44:55] [373/445] ECPP
[00:44:56] [374/445] CPAR
[00:44:57] [375/445] ESBW
[00:44:58] [376/445] PKPU
[00:44:59] [377/445] CPRP
[00:45:00] [378/445] RAHU
[00:45:00] [379/445] RHMN
[00:45:01] [380/445] FMJP
[00:45:02] [381/445] CTMP
[00:45:03] [382/445] INPN
[00:45:04] [383/445] STTG
[00:45:05] [384/445] CTRD
[00:45:06] [385/445] PUVB
[00:45:06] [386/445] ESVP
[00:45:07] [387/445] CPFT
[00:45:08] [388/445] LCPC
[00:45:09] [389/445] VBCT
[00:45:10] [390/445] FSCW
[00:45:10] [391/445] VCMP
[00:45:11] [392/445] ASHC
[00:45:12] [393/445] VLCX
[00:45:13] [394/445] SHEV
[00:45:14] [395/445] APCO
[00:45:16] [396/445] SILC
[00:45:16] [397/445] SNMR
[00:45:17] [398/445] KYBO
[00:45:18] [399/445] SATK
[00:45:18] [400/445] SSCS
[00:45:19] [401/445] CLSB
[00:45:20] [402/445] KMJR
[00:45:20] [403/445] FSCK
[00:45:21] [404/445] NNKA
[00:45:22] [405/445] CLMK
[00:45:23] [406/445] DMPZ
[00:45:24] [407/445] INQM
[00:45:26] [408/445] CAML
[00:45:26] [409/445] INRK
[00:45:27] [410/445] IMKN
[00:45:27] [411/445] SVNR
[00:45:28] [412/445] INSL
[00:45:28] [413/445] MSMA
[00:45:29] [414/445] MCKK
[00:45:30] [415/445] FCHP
[00:45:31] [416/445] SFCR
[00:45:32] [417/445] NACK
[00:45:33] [418/445] PVAK
[00:45:33] [419/445] INER
[00:45:35] [420/445] RDBK
[00:45:35] [421/445] SVFN
[00:45:36] [422/445] IFRM
[00:45:37] [423/445] ATCK
[00:45:37] [424/445] ASKO
[00:45:38] [425/445] STKT
[00:45:39] [426/445] SVFB
[00:45:40] [427/445] INKS
[00:45:40] [428/445] PCRA
[00:45:41] [429/445] ATJA
[00:45:42] [430/445] IMJN
[00:45:43] [431/445] INHD
[00:45:44] [432/445] BARA
[00:45:45] [433/445] MCSL
[00:45:46] [434/445] RTOY
[00:45:46] [435/445] MENO
[00:45:47] [436/445] PUDM
[00:45:48] [437/445] PRCN
[00:45:48] [438/445] JMJR
[00:45:49] [439/445] SSGK
[00:45:50] [440/445] SSRL
[00:45:51] [441/445] JYKL
[00:45:52] [442/445] ACNB
[00:45:53] [443/445] SONP
[00:45:54] [444/445] EMCI
[00:45:55] [445/445] MRJH
[00:45:56] ✅ DONE | Shows=0 | Movies=0
