[00:39:25] 🚀 BMS DAILY TRACKER STARTED
[00:39:25] [1/296] CDCA
[00:39:25] 🧠 New identity
[00:39:26] [2/296] MNSR
[00:39:27] [3/296] CSSL
[00:39:28] [4/296] BGGM
[00:39:29] [5/296] MANT
[00:39:31] [6/296] SOOY
[00:39:32] [7/296] VPPK
[00:39:32] [8/296] MYHJ
[00:39:33] [9/296] KSCK
[00:39:34] [10/296] KATK
[00:39:35] [11/296] RTRT
[00:39:36] [12/296] SSTT
[00:39:37] [13/296] SSTV
[00:39:38] [14/296] LACM
[00:39:39] [15/296] SGMG
[00:39:40] [16/296] KACX
[00:39:41] [17/296] GVCP
[00:39:42] [18/296] CSNC
[00:39:43] [19/296] SXCB
[00:39:45] [20/296] BAHS
[00:39:45] [21/296] PCBI
[00:39:47] [22/296] PSSM
[00:39:48] [23/296] RCOK
[00:39:49] [24/296] SCPF
[00:39:49] [25/296] SSAS
[00:39:50] [26/296] EVMM
[00:39:51] [27/296] SYCB
[00:39:52] [28/296] GCKI
[00:39:53] [29/296] IAET
[00:39:54] [30/296] DDTD
[00:39:55] [31/296] GMDH
[00:39:56] [32/296] STLE
[00:39:57] [33/296] JTRA
[00:39:58] [34/296] RPPA
[00:39:59] [35/296] ARUT
[00:40:00] [36/296] JTVM
[00:40:00] [37/296] SWRH
[00:40:01] [38/296] DCPC
[00:40:02] [39/296] RAPR
[00:40:03] [40/296] GCRT
[00:40:04] [41/296] ATUN
[00:40:05] [42/296] LTRM
[00:40:06] [43/296] TASR
[00:40:07] [44/296] RLLC
[00:40:08] [45/296] MABI
[00:40:09] [46/296] SVHB
[00:40:10] [47/296] NVTB
[00:40:10] [48/296] KCKG
[00:40:11] [49/296] SSRN
[00:40:12] [50/296] VDDC
[00:40:13] [51/296] GKTK
[00:40:13] [52/296] YFSN
[00:40:14] [53/296] GCSG
[00:40:15] [54/296] ESSM
[00:40:16] [55/296] KRIH
[00:40:17] [56/296] GCDS
[00:40:18] [57/296] CCSH
[00:40:19] [58/296] ACSK
[00:40:19] [59/296] APRK
[00:40:20] [60/296] ADKM
[00:40:21] [61/296] SRDM
[00:40:22] [62/296] RMOG
[00:40:23] [63/296] SJMY
[00:40:23] [64/296] PGGC
[00:40:24] [65/296] INGM
[00:40:25] [66/296] LSCB
[00:40:26] [67/296] STAD
[00:40:26] [68/296] MCCR
[00:40:27] [69/296] ABCC
[00:40:28] [70/296] RKCC
[00:40:29] [71/296] RTCR
[00:40:30] [72/296] GGBC
[00:40:31] [73/296] GCSD
[00:40:32] [74/296] LPTY
[00:40:32] [75/296] MCFD
[00:40:33] [76/296] HENN
[00:40:34] [77/296] SMKU
[00:40:35] [78/296] TNZC
[00:40:36] [79/296] DRCD
[00:40:37] [80/296] DLCD
[00:40:38] [81/296] RCDA
[00:40:38] [82/296] COSM
[00:40:39] [83/296] MCMJ
[00:40:40] [84/296] CSTR
[00:40:41] [85/296] CVDK
[00:40:41] [86/296] INRR
[00:40:42] [87/296] RJRT
[00:40:43] [88/296] IRMR
[00:40:44] [89/296] SRCF
[00:40:44] [90/296] GRCR
[00:40:45] [91/296] SURC
[00:40:46] [92/296] NMNH
[00:40:47] [93/296] SVBL
[00:40:48] [94/296] KACI
[00:40:49] [95/296] TDGO
[00:40:50] [96/296] KTBR
[00:40:50] [97/296] PMAD
[00:40:51] [98/296] CCPN
[00:40:52] [99/296] SBTK
[00:40:53] [100/296] LMDK
[00:40:54] [101/296] PGDA
[00:40:55] [102/296] SRML
[00:40:56] [103/296] EVCK
[00:40:57] [104/296] RTTK
[00:40:58] [105/296] SRTU
[00:40:59] [106/296] VRSA
[00:41:00] [107/296] VARS
[00:41:00] [108/296] DSCZ
[00:41:01] [109/296] GAGA
[00:41:02] [110/296] SARV
[00:41:03] [111/296] SEEG
[00:41:05] [112/296] GLCA
[00:41:06] [113/296] APAS
[00:41:07] [114/296] VCIA
[00:41:08] [115/296] SJTA
[00:41:09] [116/296] SABM
[00:41:10] [117/296] PPAG
[00:41:11] [118/296] RVCA
[00:41:12] [119/296] CCIA
[00:41:13] [120/296] HTAG
[00:41:14] [121/296] SMBI
[00:41:14] [122/296] MCJR
[00:41:15] [123/296] CCJR
[00:41:16] [124/296] SINF
[00:41:17] [125/296] CPLX
[00:41:18] [126/296] KKTJ
[00:41:18] [127/296] GDBW
[00:41:19] [128/296] CSUB
[00:41:20] [129/296] DABA
[00:41:21] [130/296] TITR
[00:41:22] [131/296] NYCR
[00:41:23] [132/296] RTRY
[00:41:24] [133/296] JTJL
[00:41:25] [134/296] SJCP
[00:41:26] [135/296] KCCA
[00:41:27] [136/296] MLPG
[00:41:27] [137/296] VRCK
[00:41:28] [138/296] SRIN
[00:41:29] [139/296] CXMK
[00:41:30] [140/296] SKAD
[00:41:31] [141/296] AVTR
[00:41:32] [142/296] PTAJ
[00:41:32] [143/296] SCNK
[00:41:33] [144/296] STTI
[00:41:34] [145/296] KACR
[00:41:35] [146/296] SSDX
[00:41:36] [147/296] VRTJ
[00:41:37] [148/296] RAJD
[00:41:37] [149/296] SCIP
[00:41:38] [150/296] RJSL
[00:41:39] [151/296] ARRS
[00:41:40] [152/296] ASMS
[00:41:41] [153/296] RDTS
[00:41:41] [154/296] DVMY
[00:41:42] [155/296] RASA
[00:41:43] [156/296] INOM
[00:41:44] [157/296] SPRS
[00:41:44] [158/296] SGCS
[00:41:45] [159/296] SALM
[00:41:46] [160/296] PKHC
[00:41:47] [161/296] RCSV
[00:41:48] [162/296] CPKC
[00:41:48] [163/296] AACD
[00:41:49] [164/296] GGCV
[00:41:50] [165/296] SMKD
[00:41:51] [166/296] NBCH
[00:41:52] [167/296] AMCB
[00:41:53] [168/296] OPCN
[00:41:54] [169/296] DCIN
[00:41:55] [170/296] INGW
[00:41:56] [171/296] PKKW
[00:41:56] [172/296] FNGW
[00:41:57] [173/296] GCGD
[00:41:58] [174/296] MSTW
[00:41:59] [175/296] KCCG
[00:42:00] [176/296] MRSS
[00:42:01] [177/296] CLCF
[00:42:02] [178/296] EETS
[00:42:03] [179/296] AATR
[00:42:03] [180/296] CMMN
[00:42:04] [181/296] SCCJ
[00:42:05] [182/296] CDTK
[00:42:06] [183/296] AICP
[00:42:07] [184/296] FNBP
[00:42:07] [185/296] CBPB
[00:42:08] [186/296] CPAS
[00:42:09] [187/296] MAPM
[00:42:10] [188/296] PASD
[00:42:11] [189/296] JCMN
[00:42:12] [190/296] MALB
[00:42:13] [191/296] SACG
[00:42:13] [192/296] DDRX
[00:42:14] [193/296] DDXB
[00:42:15] [194/296] RAMC
[00:42:16] [195/296] SANC
[00:42:17] [196/296] BCBP
[00:42:18] [197/296] ALPC
[00:42:19] [198/296] RBAC
[00:42:20] [199/296] RAJL
[00:42:20] [200/296] MPDX
[00:42:21] [201/296] MUSC
[00:42:22] [202/296] VKMK
[00:42:23] [203/296] SKCG
[00:42:24] [204/296] ANCN
[00:42:25] [205/296] MMCJ
[00:42:25] [206/296] DCAK
[00:42:26] [207/296] SCKG
[00:42:27] [208/296] LMCK
[00:42:28] [209/296] CKKX
[00:42:29] [210/296] ANKU
[00:42:30] [211/296] CSMD
[00:42:32] [212/296] MKMP
[00:42:33] [213/296] SVBG
[00:42:33] [214/296] ROOP
[00:42:34] [215/296] GDMT
[00:42:35] [216/296] FPPF
[00:42:36] [217/296] SFUU
[00:42:37] [218/296] ANCB
[00:42:38] [219/296] SMMC
[00:42:39] [220/296] UGKT
[00:42:40] [221/296] JVRM
[00:42:40] [222/296] BATG
[00:42:41] [223/296] RATE
[00:42:42] [224/296] SKME
[00:42:43] [225/296] LMTP
[00:42:43] [226/296] TCBD
[00:42:44] [227/296] ESBD
[00:42:45] [228/296] GDCU
[00:42:46] [229/296] SNKT
[00:42:47] [230/296] SRNK
[00:42:48] [231/296] SMED
[00:42:49] [232/296] CSQS
[00:42:50] [233/296] ALCS
[00:42:51] [234/296] KCKN
[00:42:52] [235/296] VCCL
[00:42:53] [236/296] MCDA
[00:42:54] [237/296] SHMI
[00:42:54] [238/296] SKHA
[00:42:55] [239/296] SVFK
[00:42:56] [240/296] INVB
[00:42:57] [241/296] MELD
[00:42:58] [242/296] JTYS
[00:42:59] [243/296] INCM
[00:43:00] [244/296] MCDV
[00:43:01] [245/296] KSGK
[00:43:01] [246/296] ICMG
[00:43:02] [247/296] CSCV
[00:43:04] [248/296] STMD
[00:43:05] [249/296] STTR
[00:43:05] [250/296] INVC
[00:43:06] [251/296] JTBL
[00:43:07] [252/296] SRVV
[00:43:08] [253/296] MAVC
[00:43:09] [254/296] SRPP
[00:43:10] [255/296] JGDM
[00:43:11] [256/296] MBSJ
[00:43:12] [257/296] SSLL
[00:43:13] [258/296] SLKP
[00:43:14] [259/296] NSRV
[00:43:15] [260/296] UTDV
[00:43:16] [261/296] KICM
[00:43:17] [262/296] KCMD
[00:43:18] [263/296] TTPP
[00:43:19] [264/296] KMPV
[00:43:19] [265/296] SKTV
[00:43:20] [266/296] STCV
[00:43:21] [267/296] SRDA
[00:43:22] [268/296] JTSX
[00:43:23] [269/296] STBV
[00:43:24] [270/296] APVZ
[00:43:24] [271/296] GSTV
[00:43:25] [272/296] NMVS
[00:43:26] [273/296] SKRT
[00:43:27] [274/296] RMDV
[00:43:28] [275/296] RATG
[00:43:28] [276/296] SJYV
[00:43:29] [277/296] NDGP
[00:43:30] [278/296] SNDG
[00:43:31] [279/296] INSR
[00:43:32] [280/296] INSO
[00:43:33] [281/296] CCSI
[00:43:34] [282/296] RASM
[00:43:34] [283/296] NEWC
[00:43:35] [284/296] VSHL
[00:43:36] [285/296] BISW
[00:43:37] [286/296] GCNG
[00:43:38] [287/296] CWSC
[00:43:39] [288/296] SKAN
[00:43:39] [289/296] SEHP
[00:43:40] [290/296] CCOA
[00:43:41] [291/296] MCAJ
[00:43:42] [292/296] ACDE
[00:43:43] [293/296] AACM
[00:43:45] [294/296] JJCK
[00:43:45] [295/296] RCMO
[00:43:46] [296/296] GDAW
[00:43:47] ✅ DONE | Shows=0 | Movies=0
[01:42:26] 🚀 BMS DAILY TRACKER STARTED
[01:42:26] [1/296] CDCA
[01:42:26] 🧠 New identity
[01:42:27] [2/296] MNSR
[01:42:28] [3/296] CSSL
[01:42:29] [4/296] BGGM
[01:42:30] [5/296] MANT
[01:42:31] [6/296] SOOY
[01:42:32] [7/296] VPPK
[01:42:33] [8/296] MYHJ
[01:42:35] [9/296] KSCK
[01:42:36] [10/296] KATK
[01:42:36] [11/296] RTRT
[01:42:37] [12/296] SSTT
[01:42:38] [13/296] SSTV
[01:42:39] [14/296] LACM
[01:42:40] [15/296] SGMG
[01:42:41] [16/296] KACX
[01:42:42] [17/296] GVCP
[01:42:42] [18/296] CSNC
[01:42:43] [19/296] SXCB
[01:42:44] [20/296] BAHS
[01:42:45] [21/296] PCBI
[01:42:46] [22/296] PSSM
[01:42:47] [23/296] RCOK
[01:42:47] [24/296] SCPF
[01:42:48] [25/296] SSAS
[01:42:49] [26/296] EVMM
[01:42:50] [27/296] SYCB
[01:42:52] [28/296] GCKI
[01:42:53] [29/296] IAET
[01:42:53] [30/296] DDTD
[01:42:55] [31/296] GMDH
[01:42:56] [32/296] STLE
[01:42:57] [33/296] JTRA
[01:42:57] [34/296] RPPA
[01:42:58] [35/296] ARUT
[01:42:59] [36/296] JTVM
[01:43:00] [37/296] SWRH
[01:43:01] [38/296] DCPC
[01:43:02] [39/296] RAPR
[01:43:03] [40/296] GCRT
[01:43:04] [41/296] ATUN
[01:43:05] [42/296] LTRM
[01:43:06] [43/296] TASR
[01:43:07] [44/296] RLLC
[01:43:08] [45/296] MABI
[01:43:09] [46/296] SVHB
[01:43:10] [47/296] NVTB
[01:43:11] [48/296] KCKG
[01:43:12] [49/296] SSRN
[01:43:12] [50/296] VDDC
[01:43:13] [51/296] GKTK
[01:43:14] [52/296] YFSN
[01:43:15] [53/296] GCSG
[01:43:16] [54/296] ESSM
[01:43:17] [55/296] KRIH
[01:43:17] [56/296] GCDS
[01:43:18] [57/296] CCSH
[01:43:19] [58/296] ACSK
[01:43:20] [59/296] APRK
[01:43:21] [60/296] ADKM
[01:43:23] [61/296] SRDM
[01:43:24] [62/296] RMOG
[01:43:25] [63/296] SJMY
[01:43:26] [64/296] PGGC
[01:43:27] [65/296] INGM
[01:43:28] [66/296] LSCB
[01:43:30] [67/296] STAD
[01:43:31] [68/296] MCCR
[01:43:31] [69/296] ABCC
[01:43:32] [70/296] RKCC
[01:43:33] [71/296] RTCR
[01:43:34] [72/296] GGBC
[01:43:35] [73/296] GCSD
[01:43:37] [74/296] LPTY
[01:43:38] [75/296] MCFD
[01:43:39] [76/296] HENN
[01:43:39] [77/296] SMKU
[01:43:40] [78/296] TNZC
[01:43:41] [79/296] DRCD
[01:43:42] [80/296] DLCD
[01:43:44] [81/296] RCDA
[01:43:45] [82/296] COSM
[01:43:46] [83/296] MCMJ
[01:43:47] [84/296] CSTR
[01:43:48] [85/296] CVDK
[01:43:51] [86/296] INRR
[01:43:52] [87/296] RJRT
[01:43:53] [88/296] IRMR
[01:43:54] [89/296] SRCF
[01:43:55] [90/296] GRCR
[01:43:55] [91/296] SURC
[01:43:56] [92/296] NMNH
[01:43:57] [93/296] SVBL
[01:43:58] [94/296] KACI
[01:43:59] [95/296] TDGO
[01:44:01] [96/296] KTBR
[01:44:02] [97/296] PMAD
[01:44:02] [98/296] CCPN
[01:44:03] [99/296] SBTK
[01:44:05] [100/296] LMDK
[01:44:05] [101/296] PGDA
[01:44:07] [102/296] SRML
[01:44:08] [103/296] EVCK
[01:44:08] [104/296] RTTK
[01:44:10] [105/296] SRTU
[01:44:11] [106/296] VRSA
[01:44:13] [107/296] VARS
[01:44:13] [108/296] DSCZ
[01:44:14] [109/296] GAGA
[01:44:15] [110/296] SARV
[01:44:16] [111/296] SEEG
[01:44:17] [112/296] GLCA
[01:44:19] [113/296] APAS
[01:44:20] [114/296] VCIA
[01:44:21] [115/296] SJTA
[01:44:21] [116/296] SABM
[01:44:22] [117/296] PPAG
[01:44:23] [118/296] RVCA
[01:44:25] [119/296] CCIA
[01:44:26] [120/296] HTAG
[01:44:27] [121/296] SMBI
[01:44:28] [122/296] MCJR
[01:44:29] [123/296] CCJR
[01:44:30] [124/296] SINF
[01:44:31] [125/296] CPLX
[01:44:31] [126/296] KKTJ
[01:44:34] [127/296] GDBW
[01:44:34] [128/296] CSUB
[01:44:35] [129/296] DABA
[01:44:36] [130/296] TITR
[01:44:37] [131/296] NYCR
[01:44:38] [132/296] RTRY
[01:44:39] [133/296] JTJL
[01:44:40] [134/296] SJCP
[01:44:41] [135/296] KCCA
[01:44:42] [136/296] MLPG
[01:44:43] [137/296] VRCK
[01:44:44] [138/296] SRIN
[01:44:44] [139/296] CXMK
[01:44:45] [140/296] SKAD
[01:44:46] [141/296] AVTR
[01:44:47] [142/296] PTAJ
[01:44:48] [143/296] SCNK
[01:44:49] [144/296] STTI
[01:44:50] [145/296] KACR
[01:44:50] [146/296] SSDX
[01:44:51] [147/296] VRTJ
[01:44:53] [148/296] RAJD
[01:44:54] [149/296] SCIP
[01:44:55] [150/296] RJSL
[01:44:56] [151/296] ARRS
[01:44:56] [152/296] ASMS
[01:44:57] [153/296] RDTS
[01:44:58] [154/296] DVMY
[01:44:59] [155/296] RASA
[01:45:00] [156/296] INOM
[01:45:01] [157/296] SPRS
[01:45:02] [158/296] SGCS
[01:45:03] [159/296] SALM
[01:45:04] [160/296] PKHC
[01:45:04] [161/296] RCSV
[01:45:05] [162/296] CPKC
[01:45:06] [163/296] AACD
[01:45:07] [164/296] GGCV
[01:45:08] [165/296] SMKD
[01:45:09] [166/296] NBCH
[01:45:09] [167/296] AMCB
[01:45:11] [168/296] OPCN
[01:45:12] [169/296] DCIN
[01:45:13] [170/296] INGW
[01:45:14] [171/296] PKKW
[01:45:15] [172/296] FNGW
[01:45:16] [173/296] GCGD
[01:45:17] [174/296] MSTW
[01:45:18] [175/296] KCCG
[01:45:19] [176/296] MRSS
[01:45:20] [177/296] CLCF
[01:45:22] [178/296] EETS
[01:45:22] [179/296] AATR
[01:45:23] [180/296] CMMN
[01:45:24] [181/296] SCCJ
[01:45:25] [182/296] CDTK
[01:45:26] [183/296] AICP
[01:45:27] [184/296] FNBP
[01:45:28] [185/296] CBPB
[01:45:29] [186/296] CPAS
[01:45:30] [187/296] MAPM
[01:45:32] [188/296] PASD
[01:45:32] [189/296] JCMN
[01:45:34] [190/296] MALB
[01:45:34] [191/296] SACG
[01:45:35] [192/296] DDRX
[01:45:36] [193/296] DDXB
[01:45:37] [194/296] RAMC
[01:45:38] [195/296] SANC
[01:45:39] [196/296] BCBP
[01:45:40] [197/296] ALPC
[01:45:41] [198/296] RBAC
[01:45:42] [199/296] RAJL
[01:45:43] [200/296] MPDX
[01:45:43] [201/296] MUSC
[01:45:44] [202/296] VKMK
[01:45:45] [203/296] SKCG
[01:45:46] [204/296] ANCN
[01:45:47] [205/296] MMCJ
[01:45:49] [206/296] DCAK
[01:45:49] [207/296] SCKG
[01:45:50] [208/296] LMCK
[01:45:51] [209/296] CKKX
[01:45:52] [210/296] ANKU
[01:45:54] [211/296] CSMD
[01:45:54] [212/296] MKMP
[01:45:56] [213/296] SVBG
[01:45:57] [214/296] ROOP
[01:45:58] [215/296] GDMT
[01:45:59] [216/296] FPPF
[01:46:00] [217/296] SFUU
[01:46:01] [218/296] ANCB
[01:46:02] [219/296] SMMC
[01:46:03] [220/296] UGKT
[01:46:03] [221/296] JVRM
[01:46:04] [222/296] BATG
[01:46:05] [223/296] RATE
[01:46:06] [224/296] SKME
[01:46:07] [225/296] LMTP
[01:46:08] [226/296] TCBD
[01:46:09] [227/296] ESBD
[01:46:10] [228/296] GDCU
[01:46:11] [229/296] SNKT
[01:46:12] [230/296] SRNK
[01:46:13] [231/296] SMED
[01:46:14] [232/296] CSQS
[01:46:15] [233/296] ALCS
[01:46:16] [234/296] KCKN
[01:46:16] [235/296] VCCL
[01:46:17] [236/296] MCDA
[01:46:18] [237/296] SHMI
[01:46:20] [238/296] SKHA
[01:46:21] [239/296] SVFK
[01:46:22] [240/296] INVB
[01:46:23] [241/296] MELD
[01:46:24] [242/296] JTYS
[01:46:24] [243/296] INCM
[01:46:25] [244/296] MCDV
[01:46:26] [245/296] KSGK
[01:46:28] [246/296] ICMG
[01:46:28] [247/296] CSCV
[01:46:29] [248/296] STMD
[01:46:30] [249/296] STTR
[01:46:31] [250/296] INVC
[01:46:32] [251/296] JTBL
[01:46:32] [252/296] SRVV
[01:46:34] [253/296] MAVC
[01:46:35] [254/296] SRPP
[01:46:36] [255/296] JGDM
[01:46:36] [256/296] MBSJ
[01:46:37] [257/296] SSLL
[01:46:38] [258/296] SLKP
[01:46:39] [259/296] NSRV
[01:46:42] [260/296] UTDV
[01:46:43] [261/296] KICM
[01:46:44] [262/296] KCMD
[01:46:44] [263/296] TTPP
[01:46:45] [264/296] KMPV
[01:46:46] [265/296] SKTV
[01:46:47] [266/296] STCV
[01:46:48] [267/296] SRDA
[01:46:48] [268/296] JTSX
[01:46:50] [269/296] STBV
[01:46:51] [270/296] APVZ
[01:46:52] [271/296] GSTV
[01:46:53] [272/296] NMVS
[01:46:54] [273/296] SKRT
[01:46:55] [274/296] RMDV
[01:46:56] [275/296] RATG
[01:46:57] [276/296] SJYV
[01:46:58] [277/296] NDGP
[01:46:58] [278/296] SNDG
[01:46:59] [279/296] INSR
[01:47:00] [280/296] INSO
[01:47:01] [281/296] CCSI
[01:47:02] [282/296] RASM
[01:47:03] [283/296] NEWC
[01:47:05] [284/296] VSHL
[01:47:05] [285/296] BISW
[01:47:06] [286/296] GCNG
[01:47:07] [287/296] CWSC
[01:47:08] [288/296] SKAN
[01:47:11] [289/296] SEHP
[01:47:12] [290/296] CCOA
[01:47:13] [291/296] MCAJ
[01:47:14] [292/296] ACDE
[01:47:15] [293/296] AACM
[01:47:16] [294/296] JJCK
[01:47:16] [295/296] RCMO
[01:47:17] [296/296] GDAW
[01:47:18] ✅ DONE | Shows=0 | Movies=0
[02:40:33] 🚀 BMS DAILY TRACKER STARTED
[02:40:34] [1/296] CDCA
[02:40:34] 🧠 New identity
[02:40:35] [2/296] MNSR
[02:40:36] [3/296] CSSL
[02:40:36] [4/296] BGGM
[02:40:38] [5/296] MANT
[02:40:39] [6/296] SOOY
[02:40:40] [7/296] VPPK
[02:40:41] [8/296] MYHJ
[02:40:42] [9/296] KSCK
[02:40:43] [10/296] KATK
[02:40:44] [11/296] RTRT
[02:40:45] [12/296] SSTT
[02:40:45] [13/296] SSTV
[02:40:46] [14/296] LACM
[02:40:47] [15/296] SGMG
[02:40:48] [16/296] KACX
[02:40:48] [17/296] GVCP
[02:40:49] [18/296] CSNC
[02:40:50] [19/296] SXCB
[02:40:51] [20/296] BAHS
[02:40:52] [21/296] PCBI
[02:40:53] [22/296] PSSM
[02:40:54] [23/296] RCOK
[02:40:54] [24/296] SCPF
[02:40:55] [25/296] SSAS
[02:40:56] [26/296] EVMM
[02:40:57] [27/296] SYCB
[02:40:58] [28/296] GCKI
[02:41:00] [29/296] IAET
[02:41:01] [30/296] DDTD
[02:41:02] [31/296] GMDH
[02:41:02] [32/296] STLE
[02:41:03] [33/296] JTRA
[02:41:04] [34/296] RPPA
[02:41:05] [35/296] ARUT
[02:41:07] [36/296] JTVM
[02:41:08] [37/296] SWRH
[02:41:08] [38/296] DCPC
[02:41:09] [39/296] RAPR
[02:41:10] [40/296] GCRT
[02:41:11] [41/296] ATUN
[02:41:12] [42/296] LTRM
[02:41:13] [43/296] TASR
[02:41:14] [44/296] RLLC
[02:41:15] [45/296] MABI
[02:41:17] [46/296] SVHB
[02:41:17] [47/296] NVTB
[02:41:18] [48/296] KCKG
[02:41:19] [49/296] SSRN
[02:41:20] [50/296] VDDC
[02:41:21] [51/296] GKTK
[02:41:22] [52/296] YFSN
[02:41:22] [53/296] GCSG
[02:41:23] [54/296] ESSM
[02:41:24] [55/296] KRIH
[02:41:24] [56/296] GCDS
[02:41:25] [57/296] CCSH
[02:41:26] [58/296] ACSK
[02:41:28] [59/296] APRK
[02:41:29] [60/296] ADKM
[02:41:29] [61/296] SRDM
[02:41:30] [62/296] RMOG
[02:41:31] [63/296] SJMY
[02:41:32] [64/296] PGGC
[02:41:33] [65/296] INGM
[02:41:33] [66/296] LSCB
[02:41:34] [67/296] STAD
[02:41:35] [68/296] MCCR
[02:41:36] [69/296] ABCC
[02:41:37] [70/296] RKCC
[02:41:37] [71/296] RTCR
[02:41:38] [72/296] GGBC
[02:41:39] [73/296] GCSD
[02:41:40] [74/296] LPTY
[02:41:41] [75/296] MCFD
[02:41:42] [76/296] HENN
[02:41:43] [77/296] SMKU
[02:41:44] [78/296] TNZC
[02:41:45] [79/296] DRCD
[02:41:46] [80/296] DLCD
[02:41:47] [81/296] RCDA
[02:41:48] [82/296] COSM
[02:41:49] [83/296] MCMJ
[02:41:50] [84/296] CSTR
[02:41:51] [85/296] CVDK
[02:41:51] [86/296] INRR
[02:41:52] [87/296] RJRT
[02:41:53] [88/296] IRMR
[02:41:54] [89/296] SRCF
[02:41:55] [90/296] GRCR
[02:41:56] [91/296] SURC
[02:41:57] [92/296] NMNH
[02:41:57] [93/296] SVBL
[02:41:59] [94/296] KACI
[02:42:00] [95/296] TDGO
[02:42:01] [96/296] KTBR
[02:42:02] [97/296] PMAD
[02:42:03] [98/296] CCPN
[02:42:04] [99/296] SBTK
[02:42:05] [100/296] LMDK
[02:42:06] [101/296] PGDA
[02:42:07] [102/296] SRML
[02:42:08] [103/296] EVCK
[02:42:08] [104/296] RTTK
[02:42:09] [105/296] SRTU
[02:42:11] [106/296] VRSA
[02:42:12] [107/296] VARS
[02:42:12] [108/296] DSCZ
[02:42:13] [109/296] GAGA
[02:42:14] [110/296] SARV
[02:42:15] [111/296] SEEG
[02:42:16] [112/296] GLCA
[02:42:17] [113/296] APAS
[02:42:18] [114/296] VCIA
[02:42:19] [115/296] SJTA
[02:42:20] [116/296] SABM
[02:42:20] [117/296] PPAG
[02:42:21] [118/296] RVCA
[02:42:22] [119/296] CCIA
[02:42:24] [120/296] HTAG
[02:42:25] [121/296] SMBI
[02:42:26] [122/296] MCJR
[02:42:27] [123/296] CCJR
[02:42:28] [124/296] SINF
[02:42:29] [125/296] CPLX
[02:42:29] [126/296] KKTJ
[02:42:30] [127/296] GDBW
[02:42:32] [128/296] CSUB
[02:42:33] [129/296] DABA
[02:42:34] [130/296] TITR
[02:42:34] [131/296] NYCR
[02:42:35] [132/296] RTRY
[02:42:36] [133/296] JTJL
[02:42:37] [134/296] SJCP
[02:42:38] [135/296] KCCA
[02:42:38] [136/296] MLPG
[02:42:39] [137/296] VRCK
[02:42:40] [138/296] SRIN
[02:42:41] [139/296] CXMK
[02:42:42] [140/296] SKAD
[02:42:42] [141/296] AVTR
[02:42:43] [142/296] PTAJ
[02:42:44] [143/296] SCNK
[02:42:46] [144/296] STTI
[02:42:47] [145/296] KACR
[02:42:47] [146/296] SSDX
[02:42:48] [147/296] VRTJ
[02:42:49] [148/296] RAJD
[02:42:50] [149/296] SCIP
[02:42:51] [150/296] RJSL
[02:42:51] [151/296] ARRS
[02:42:52] [152/296] ASMS
[02:42:53] [153/296] RDTS
[02:42:54] [154/296] DVMY
[02:42:55] [155/296] RASA
[02:42:56] [156/296] INOM
[02:42:57] [157/296] SPRS
[02:42:57] [158/296] SGCS
[02:42:58] [159/296] SALM
[02:42:59] [160/296] PKHC
[02:43:01] [161/296] RCSV
[02:43:01] [162/296] CPKC
[02:43:02] [163/296] AACD
[02:43:03] [164/296] GGCV
[02:43:04] [165/296] SMKD
[02:43:05] [166/296] NBCH
[02:43:06] [167/296] AMCB
[02:43:07] [168/296] OPCN
[02:43:08] [169/296] DCIN
[02:43:09] [170/296] INGW
[02:43:10] [171/296] PKKW
[02:43:11] [172/296] FNGW
[02:43:11] [173/296] GCGD
[02:43:12] [174/296] MSTW
[02:43:13] [175/296] KCCG
[02:43:14] [176/296] MRSS
[02:43:14] [177/296] CLCF
[02:43:16] [178/296] EETS
[02:43:17] [179/296] AATR
[02:43:18] [180/296] CMMN
[02:43:19] [181/296] SCCJ
[02:43:19] [182/296] CDTK
[02:43:20] [183/296] AICP
[02:43:21] [184/296] FNBP
[02:43:22] [185/296] CBPB
[02:43:23] [186/296] CPAS
[02:43:23] [187/296] MAPM
[02:43:24] [188/296] PASD
[02:43:25] [189/296] JCMN
[02:43:26] [190/296] MALB
[02:43:27] [191/296] SACG
[02:43:28] [192/296] DDRX
[02:43:29] [193/296] DDXB
[02:43:29] [194/296] RAMC
[02:43:30] [195/296] SANC
[02:43:31] [196/296] BCBP
[02:43:32] [197/296] ALPC
[02:43:33] [198/296] RBAC
[02:43:33] [199/296] RAJL
[02:43:34] [200/296] MPDX
[02:43:35] [201/296] MUSC
[02:43:36] [202/296] VKMK
[02:43:37] [203/296] SKCG
[02:43:38] [204/296] ANCN
[02:43:39] [205/296] MMCJ
[02:43:40] [206/296] DCAK
[02:43:41] [207/296] SCKG
[02:43:42] [208/296] LMCK
[02:43:43] [209/296] CKKX
[02:43:44] [210/296] ANKU
[02:43:45] [211/296] CSMD
[02:43:46] [212/296] MKMP
[02:43:47] [213/296] SVBG
[02:43:48] [214/296] ROOP
[02:43:48] [215/296] GDMT
[02:43:49] [216/296] FPPF
[02:43:50] [217/296] SFUU
[02:43:51] [218/296] ANCB
[02:43:52] [219/296] SMMC
[02:43:52] [220/296] UGKT
[02:43:53] [221/296] JVRM
[02:43:54] [222/296] BATG
[02:43:55] [223/296] RATE
[02:43:56] [224/296] SKME
[02:43:57] [225/296] LMTP
[02:43:58] [226/296] TCBD
[02:43:59] [227/296] ESBD
[02:44:00] [228/296] GDCU
[02:44:01] [229/296] SNKT
[02:44:02] [230/296] SRNK
[02:44:02] [231/296] SMED
[02:44:03] [232/296] CSQS
[02:44:04] [233/296] ALCS
[02:44:05] [234/296] KCKN
[02:44:05] [235/296] VCCL
[02:44:06] [236/296] MCDA
[02:44:07] [237/296] SHMI
[02:44:08] [238/296] SKHA
[02:44:09] [239/296] SVFK
[02:44:10] [240/296] INVB
[02:44:11] [241/296] MELD
[02:44:12] [242/296] JTYS
[02:44:13] [243/296] INCM
[02:44:13] [244/296] MCDV
[02:44:14] [245/296] KSGK
[02:44:15] [246/296] ICMG
[02:44:16] [247/296] CSCV
[02:44:17] [248/296] STMD
[02:44:18] [249/296] STTR
[02:44:18] [250/296] INVC
[02:44:19] [251/296] JTBL
[02:44:20] [252/296] SRVV
[02:44:21] [253/296] MAVC
[02:44:22] [254/296] SRPP
[02:44:23] [255/296] JGDM
[02:44:24] [256/296] MBSJ
[02:44:24] [257/296] SSLL
[02:44:25] [258/296] SLKP
[02:44:26] [259/296] NSRV
[02:44:27] [260/296] UTDV
[02:44:28] [261/296] KICM
[02:44:28] [262/296] KCMD
[02:44:29] [263/296] TTPP
[02:44:31] [264/296] KMPV
[02:44:32] [265/296] SKTV
[02:44:33] [266/296] STCV
[02:44:33] [267/296] SRDA
[02:44:34] [268/296] JTSX
[02:44:35] [269/296] STBV
[02:44:36] [270/296] APVZ
[02:44:37] [271/296] GSTV
[02:44:38] [272/296] NMVS
[02:44:38] [273/296] SKRT
[02:44:39] [274/296] RMDV
[02:44:40] [275/296] RATG
[02:44:41] [276/296] SJYV
[02:44:42] [277/296] NDGP
[02:44:42] [278/296] SNDG
[02:44:43] [279/296] INSR
[02:44:44] [280/296] INSO
[02:44:45] [281/296] CCSI
[02:44:46] [282/296] RASM
[02:44:47] [283/296] NEWC
[02:44:48] [284/296] VSHL
[02:44:48] [285/296] BISW
[02:44:49] [286/296] GCNG
[02:44:50] [287/296] CWSC
[02:44:51] [288/296] SKAN
[02:44:51] [289/296] SEHP
[02:44:53] [290/296] CCOA
[02:44:54] [291/296] MCAJ
[02:44:55] [292/296] ACDE
[02:44:56] [293/296] AACM
[02:44:57] [294/296] JJCK
[02:44:57] [295/296] RCMO
[02:44:58] [296/296] GDAW
[02:44:59] ✅ DONE | Shows=0 | Movies=0
[03:41:46] 🚀 BMS DAILY TRACKER STARTED
[03:41:46] [1/296] CDCA
[03:41:46] 🧠 New identity
[03:41:47] [2/296] MNSR
[03:41:48] [3/296] CSSL
[03:41:49] [4/296] BGGM
[03:41:50] [5/296] MANT
[03:41:51] [6/296] SOOY
[03:41:51] [7/296] VPPK
[03:41:52] [8/296] MYHJ
[03:41:53] [9/296] KSCK
[03:41:54] [10/296] KATK
[03:41:55] [11/296] RTRT
[03:41:56] [12/296] SSTT
[03:41:57] [13/296] SSTV
[03:41:58] [14/296] LACM
[03:41:58] [15/296] SGMG
[03:41:59] [16/296] KACX
[03:42:00] [17/296] GVCP
[03:42:01] [18/296] CSNC
[03:42:02] [19/296] SXCB
[03:42:03] [20/296] BAHS
[03:42:04] [21/296] PCBI
[03:42:04] [22/296] PSSM
[03:42:05] [23/296] RCOK
[03:42:06] [24/296] SCPF
[03:42:07] [25/296] SSAS
[03:42:08] [26/296] EVMM
[03:42:09] [27/296] SYCB
[03:42:10] [28/296] GCKI
[03:42:11] [29/296] IAET
[03:42:11] [30/296] DDTD
[03:42:12] [31/296] GMDH
[03:42:13] [32/296] STLE
[03:42:14] [33/296] JTRA
[03:42:15] [34/296] RPPA
[03:42:16] [35/296] ARUT
[03:42:16] [36/296] JTVM
[03:42:17] [37/296] SWRH
[03:42:18] [38/296] DCPC
[03:42:20] [39/296] RAPR
[03:42:20] [40/296] GCRT
[03:42:21] [41/296] ATUN
[03:42:22] [42/296] LTRM
[03:42:23] [43/296] TASR
[03:42:24] [44/296] RLLC
[03:42:25] [45/296] MABI
[03:42:26] [46/296] SVHB
[03:42:27] [47/296] NVTB
[03:42:27] [48/296] KCKG
[03:42:29] [49/296] SSRN
[03:42:30] [50/296] VDDC
[03:42:30] [51/296] GKTK
[03:42:31] [52/296] YFSN
[03:42:32] [53/296] GCSG
[03:42:33] [54/296] ESSM
[03:42:33] [55/296] KRIH
[03:42:34] [56/296] GCDS
[03:42:35] [57/296] CCSH
[03:42:36] [58/296] ACSK
[03:42:37] [59/296] APRK
[03:42:38] [60/296] ADKM
[03:42:39] [61/296] SRDM
[03:42:40] [62/296] RMOG
[03:42:41] [63/296] SJMY
[03:42:42] [64/296] PGGC
[03:42:42] [65/296] INGM
[03:42:44] [66/296] LSCB
[03:42:44] [67/296] STAD
[03:42:45] [68/296] MCCR
[03:42:46] [69/296] ABCC
[03:42:47] [70/296] RKCC
[03:42:48] [71/296] RTCR
[03:42:49] [72/296] GGBC
[03:42:50] [73/296] GCSD
[03:42:51] [74/296] LPTY
[03:42:52] [75/296] MCFD
[03:42:53] [76/296] HENN
[03:42:54] [77/296] SMKU
[03:42:55] [78/296] TNZC
[03:42:56] [79/296] DRCD
[03:42:57] [80/296] DLCD
[03:42:58] [81/296] RCDA
[03:42:59] [82/296] COSM
[03:43:00] [83/296] MCMJ
[03:43:01] [84/296] CSTR
[03:43:01] [85/296] CVDK
[03:43:02] [86/296] INRR
[03:43:03] [87/296] RJRT
[03:43:04] [88/296] IRMR
[03:43:05] [89/296] SRCF
[03:43:06] [90/296] GRCR
[03:43:07] [91/296] SURC
[03:43:08] [92/296] NMNH
[03:43:08] [93/296] SVBL
[03:43:09] [94/296] KACI
[03:43:10] [95/296] TDGO
[03:43:11] [96/296] KTBR
[03:43:12] [97/296] PMAD
[03:43:13] [98/296] CCPN
[03:43:13] [99/296] SBTK
[03:43:14] [100/296] LMDK
[03:43:15] [101/296] PGDA
[03:43:16] [102/296] SRML
[03:43:17] [103/296] EVCK
[03:43:18] [104/296] RTTK
[03:43:19] [105/296] SRTU
[03:43:20] [106/296] VRSA
[03:43:21] [107/296] VARS
[03:43:22] [108/296] DSCZ
[03:43:23] [109/296] GAGA
[03:43:24] [110/296] SARV
[03:43:25] [111/296] SEEG
[03:43:26] [112/296] GLCA
[03:43:27] [113/296] APAS
[03:43:27] [114/296] VCIA
[03:43:28] [115/296] SJTA
[03:43:29] [116/296] SABM
[03:43:30] [117/296] PPAG
[03:43:31] [118/296] RVCA
[03:43:32] [119/296] CCIA
[03:43:32] [120/296] HTAG
[03:43:34] [121/296] SMBI
[03:43:35] [122/296] MCJR
[03:43:36] [123/296] CCJR
[03:43:37] [124/296] SINF
[03:43:38] [125/296] CPLX
[03:43:39] [126/296] KKTJ
[03:43:40] [127/296] GDBW
[03:43:41] [128/296] CSUB
[03:43:42] [129/296] DABA
[03:43:42] [130/296] TITR
[03:43:43] [131/296] NYCR
[03:43:44] [132/296] RTRY
[03:43:45] [133/296] JTJL
[03:43:46] [134/296] SJCP
[03:43:47] [135/296] KCCA
[03:43:48] [136/296] MLPG
[03:43:49] [137/296] VRCK
[03:43:50] [138/296] SRIN
[03:43:51] [139/296] CXMK
[03:43:52] [140/296] SKAD
[03:43:53] [141/296] AVTR
[03:43:53] [142/296] PTAJ
[03:43:54] [143/296] SCNK
[03:43:55] [144/296] STTI
[03:43:56] [145/296] KACR
[03:43:57] [146/296] SSDX
[03:43:57] [147/296] VRTJ
[03:43:59] [148/296] RAJD
[03:43:59] [149/296] SCIP
[03:44:00] [150/296] RJSL
[03:44:01] [151/296] ARRS
[03:44:02] [152/296] ASMS
[03:44:02] [153/296] RDTS
[03:44:03] [154/296] DVMY
[03:44:04] [155/296] RASA
[03:44:05] [156/296] INOM
[03:44:06] [157/296] SPRS
[03:44:07] [158/296] SGCS
[03:44:08] [159/296] SALM
[03:44:09] [160/296] PKHC
[03:44:09] [161/296] RCSV
[03:44:10] [162/296] CPKC
[03:44:11] [163/296] AACD
[03:44:12] [164/296] GGCV
[03:44:13] [165/296] SMKD
[03:44:14] [166/296] NBCH
[03:44:14] [167/296] AMCB
[03:44:15] [168/296] OPCN
[03:44:16] [169/296] DCIN
[03:44:17] [170/296] INGW
[03:44:18] [171/296] PKKW
[03:44:19] [172/296] FNGW
[03:44:20] [173/296] GCGD
[03:44:20] [174/296] MSTW
[03:44:21] [175/296] KCCG
[03:44:22] [176/296] MRSS
[03:44:23] [177/296] CLCF
[03:44:24] [178/296] EETS
[03:44:24] [179/296] AATR
[03:44:25] [180/296] CMMN
[03:44:26] [181/296] SCCJ
[03:44:27] [182/296] CDTK
[03:44:28] [183/296] AICP
[03:44:29] [184/296] FNBP
[03:44:29] [185/296] CBPB
[03:44:30] [186/296] CPAS
[03:44:31] [187/296] MAPM
[03:44:32] [188/296] PASD
[03:44:33] [189/296] JCMN
[03:44:34] [190/296] MALB
[03:44:35] [191/296] SACG
[03:44:36] [192/296] DDRX
[03:44:37] [193/296] DDXB
[03:44:38] [194/296] RAMC
[03:44:39] [195/296] SANC
[03:44:40] [196/296] BCBP
[03:44:41] [197/296] ALPC
[03:44:41] [198/296] RBAC
[03:44:42] [199/296] RAJL
[03:44:43] [200/296] MPDX
[03:44:44] [201/296] MUSC
[03:44:45] [202/296] VKMK
[03:44:46] [203/296] SKCG
[03:44:47] [204/296] ANCN
[03:44:47] [205/296] MMCJ
[03:44:48] [206/296] DCAK
[03:44:49] [207/296] SCKG
[03:44:50] [208/296] LMCK
[03:44:51] [209/296] CKKX
[03:44:51] [210/296] ANKU
[03:44:52] [211/296] CSMD
[03:44:53] [212/296] MKMP
[03:44:54] [213/296] SVBG
[03:44:55] [214/296] ROOP
[03:44:56] [215/296] GDMT
[03:44:56] [216/296] FPPF
[03:44:57] [217/296] SFUU
[03:44:58] [218/296] ANCB
[03:44:59] [219/296] SMMC
[03:45:00] [220/296] UGKT
[03:45:02] [221/296] JVRM
[03:45:02] [222/296] BATG
[03:45:03] [223/296] RATE
[03:45:05] [224/296] SKME
[03:45:06] [225/296] LMTP
[03:45:06] [226/296] TCBD
[03:45:07] [227/296] ESBD
[03:45:08] [228/296] GDCU
[03:45:09] [229/296] SNKT
[03:45:10] [230/296] SRNK
[03:45:11] [231/296] SMED
[03:45:12] [232/296] CSQS
[03:45:12] [233/296] ALCS
[03:45:14] [234/296] KCKN
[03:45:15] [235/296] VCCL
[03:45:15] [236/296] MCDA
[03:45:16] [237/296] SHMI
[03:45:17] [238/296] SKHA
[03:45:18] [239/296] SVFK
[03:45:19] [240/296] INVB
[03:45:19] [241/296] MELD
[03:45:20] [242/296] JTYS
[03:45:21] [243/296] INCM
[03:45:22] [244/296] MCDV
[03:45:23] [245/296] KSGK
[03:45:24] [246/296] ICMG
[03:45:24] [247/296] CSCV
[03:45:25] [248/296] STMD
[03:45:26] [249/296] STTR
[03:45:27] [250/296] INVC
[03:45:27] [251/296] JTBL
[03:45:28] [252/296] SRVV
[03:45:29] [253/296] MAVC
[03:45:30] [254/296] SRPP
[03:45:31] [255/296] JGDM
[03:45:31] [256/296] MBSJ
[03:45:32] [257/296] SSLL
[03:45:33] [258/296] SLKP
[03:45:34] [259/296] NSRV
[03:45:35] [260/296] UTDV
[03:45:36] [261/296] KICM
[03:45:37] [262/296] KCMD
[03:45:38] [263/296] TTPP
[03:45:39] [264/296] KMPV
[03:45:40] [265/296] SKTV
[03:45:40] [266/296] STCV
[03:45:41] [267/296] SRDA
[03:45:42] [268/296] JTSX
[03:45:43] [269/296] STBV
[03:45:44] [270/296] APVZ
[03:45:44] [271/296] GSTV
[03:45:45] [272/296] NMVS
[03:45:46] [273/296] SKRT
[03:45:47] [274/296] RMDV
[03:45:48] [275/296] RATG
[03:45:49] [276/296] SJYV
[03:45:51] [277/296] NDGP
[03:45:52] [278/296] SNDG
[03:45:53] [279/296] INSR
[03:45:54] [280/296] INSO
[03:45:54] [281/296] CCSI
[03:45:55] [282/296] RASM
[03:45:56] [283/296] NEWC
[03:45:57] [284/296] VSHL
[03:45:58] [285/296] BISW
[03:45:59] [286/296] GCNG
[03:46:00] [287/296] CWSC
[03:46:02] [288/296] SKAN
[03:46:02] [289/296] SEHP
[03:46:03] [290/296] CCOA
[03:46:04] [291/296] MCAJ
[03:46:05] [292/296] ACDE
[03:46:06] [293/296] AACM
[03:46:07] [294/296] JJCK
[03:46:07] [295/296] RCMO
[03:46:08] [296/296] GDAW
[03:46:09] ✅ DONE | Shows=0 | Movies=0
[04:41:11] 🚀 BMS DAILY TRACKER STARTED
[04:41:11] [1/296] CDCA
[04:41:11] 🧠 New identity
[04:41:12] [2/296] MNSR
[04:41:13] [3/296] CSSL
[04:41:14] [4/296] BGGM
[04:41:15] [5/296] MANT
[04:41:16] [6/296] SOOY
[04:41:16] [7/296] VPPK
[04:41:17] [8/296] MYHJ
[04:41:18] [9/296] KSCK
[04:41:19] [10/296] KATK
[04:41:20] [11/296] RTRT
[04:41:21] [12/296] SSTT
[04:41:22] [13/296] SSTV
[04:41:23] [14/296] LACM
[04:41:24] [15/296] SGMG
[04:41:25] [16/296] KACX
[04:41:26] [17/296] GVCP
[04:41:27] [18/296] CSNC
[04:41:27] [19/296] SXCB
[04:41:28] [20/296] BAHS
[04:41:29] [21/296] PCBI
[04:41:30] [22/296] PSSM
[04:41:31] [23/296] RCOK
[04:41:32] [24/296] SCPF
[04:41:33] [25/296] SSAS
[04:41:35] [26/296] EVMM
[04:41:36] [27/296] SYCB
[04:41:36] [28/296] GCKI
[04:41:37] [29/296] IAET
[04:41:38] [30/296] DDTD
[04:41:39] [31/296] GMDH
[04:41:40] [32/296] STLE
[04:41:41] [33/296] JTRA
[04:41:42] [34/296] RPPA
[04:41:43] [35/296] ARUT
[04:41:44] [36/296] JTVM
[04:41:45] [37/296] SWRH
[04:41:46] [38/296] DCPC
[04:41:47] [39/296] RAPR
[04:41:48] [40/296] GCRT
[04:41:49] [41/296] ATUN
[04:41:50] [42/296] LTRM
[04:41:51] [43/296] TASR
[04:41:52] [44/296] RLLC
[04:41:53] [45/296] MABI
[04:41:54] [46/296] SVHB
[04:41:55] [47/296] NVTB
[04:41:57] [48/296] KCKG
[04:41:58] [49/296] SSRN
[04:41:59] [50/296] VDDC
[04:42:00] [51/296] GKTK
[04:42:00] [52/296] YFSN
[04:42:01] [53/296] GCSG
[04:42:03] [54/296] ESSM
[04:42:04] [55/296] KRIH
[04:42:05] [56/296] GCDS
[04:42:06] [57/296] CCSH
[04:42:07] [58/296] ACSK
[04:42:08] [59/296] APRK
[04:42:09] [60/296] ADKM
[04:42:09] [61/296] SRDM
[04:42:10] [62/296] RMOG
[04:42:11] [63/296] SJMY
[04:42:12] [64/296] PGGC
[04:42:13] [65/296] INGM
[04:42:14] [66/296] LSCB
[04:42:15] [67/296] STAD
[04:42:16] [68/296] MCCR
[04:42:17] [69/296] ABCC
[04:42:18] [70/296] RKCC
[04:42:19] [71/296] RTCR
[04:42:20] [72/296] GGBC
[04:42:21] [73/296] GCSD
[04:42:22] [74/296] LPTY
[04:42:23] [75/296] MCFD
[04:42:24] [76/296] HENN
[04:42:25] [77/296] SMKU
[04:42:26] [78/296] TNZC
[04:42:27] [79/296] DRCD
[04:42:28] [80/296] DLCD
[04:42:29] [81/296] RCDA
[04:42:30] [82/296] COSM
[04:42:31] [83/296] MCMJ
[04:42:32] [84/296] CSTR
[04:42:33] [85/296] CVDK
[04:42:34] [86/296] INRR
[04:42:35] [87/296] RJRT
[04:42:36] [88/296] IRMR
[04:42:37] [89/296] SRCF
[04:42:37] [90/296] GRCR
[04:42:38] [91/296] SURC
[04:42:39] [92/296] NMNH
[04:42:40] [93/296] SVBL
[04:42:41] [94/296] KACI
[04:42:42] [95/296] TDGO
[04:42:43] [96/296] KTBR
[04:42:44] [97/296] PMAD
[04:42:45] [98/296] CCPN
[04:42:46] [99/296] SBTK
[04:42:47] [100/296] LMDK
[04:42:48] [101/296] PGDA
[04:42:48] [102/296] SRML
[04:42:49] [103/296] EVCK
[04:42:50] [104/296] RTTK
[04:42:51] [105/296] SRTU
[04:42:53] [106/296] VRSA
[04:42:54] [107/296] VARS
[04:42:55] [108/296] DSCZ
[04:42:56] [109/296] GAGA
[04:42:57] [110/296] SARV
[04:42:57] [111/296] SEEG
[04:42:58] [112/296] GLCA
[04:42:59] [113/296] APAS
[04:43:00] [114/296] VCIA
[04:43:01] [115/296] SJTA
[04:43:02] [116/296] SABM
[04:43:04] [117/296] PPAG
[04:43:05] [118/296] RVCA
[04:43:05] [119/296] CCIA
[04:43:06] [120/296] HTAG
[04:43:08] [121/296] SMBI
[04:43:09] [122/296] MCJR
[04:43:10] [123/296] CCJR
[04:43:11] [124/296] SINF
[04:43:12] [125/296] CPLX
[04:43:13] [126/296] KKTJ
[04:43:14] [127/296] GDBW
[04:43:15] [128/296] CSUB
[04:43:16] [129/296] DABA
[04:43:17] [130/296] TITR
[04:43:18] [131/296] NYCR
[04:43:19] [132/296] RTRY
[04:43:20] [133/296] JTJL
[04:43:20] [134/296] SJCP
[04:43:21] [135/296] KCCA
[04:43:22] [136/296] MLPG
[04:43:23] [137/296] VRCK
[04:43:24] [138/296] SRIN
[04:43:25] [139/296] CXMK
[04:43:26] [140/296] SKAD
[04:43:27] [141/296] AVTR
[04:43:28] [142/296] PTAJ
[04:43:29] [143/296] SCNK
[04:43:30] [144/296] STTI
[04:43:31] [145/296] KACR
[04:43:32] [146/296] SSDX
[04:43:33] [147/296] VRTJ
[04:43:34] [148/296] RAJD
[04:43:35] [149/296] SCIP
[04:43:36] [150/296] RJSL
[04:43:37] [151/296] ARRS
[04:43:38] [152/296] ASMS
[04:43:39] [153/296] RDTS
[04:43:40] [154/296] DVMY
[04:43:41] [155/296] RASA
[04:43:41] [156/296] INOM
[04:43:42] [157/296] SPRS
[04:43:43] [158/296] SGCS
[04:43:44] [159/296] SALM
[04:43:45] [160/296] PKHC
[04:43:46] [161/296] RCSV
[04:43:47] [162/296] CPKC
[04:43:48] [163/296] AACD
[04:43:49] [164/296] GGCV
[04:43:50] [165/296] SMKD
[04:43:51] [166/296] NBCH
[04:43:52] [167/296] AMCB
[04:43:53] [168/296] OPCN
[04:43:55] [169/296] DCIN
[04:43:56] [170/296] INGW
[04:43:57] [171/296] PKKW
[04:43:58] [172/296] FNGW
[04:44:00] [173/296] GCGD
[04:44:01] [174/296] MSTW
[04:44:01] [175/296] KCCG
[04:44:02] [176/296] MRSS
[04:44:03] [177/296] CLCF
[04:44:04] [178/296] EETS
[04:44:05] [179/296] AATR
[04:44:06] [180/296] CMMN
[04:44:07] [181/296] SCCJ
[04:44:08] [182/296] CDTK
[04:44:09] [183/296] AICP
[04:44:11] [184/296] FNBP
[04:44:12] [185/296] CBPB
[04:44:13] [186/296] CPAS
[04:44:14] [187/296] MAPM
[04:44:15] [188/296] PASD
[04:44:16] [189/296] JCMN
[04:44:17] [190/296] MALB
[04:44:18] [191/296] SACG
[04:44:19] [192/296] DDRX
[04:44:20] [193/296] DDXB
[04:44:20] [194/296] RAMC
[04:44:21] [195/296] SANC
[04:44:22] [196/296] BCBP
[04:44:23] [197/296] ALPC
[04:44:24] [198/296] RBAC
[04:44:25] [199/296] RAJL
[04:44:26] [200/296] MPDX
[04:44:27] [201/296] MUSC
[04:44:28] [202/296] VKMK
[04:44:29] [203/296] SKCG
[04:44:29] [204/296] ANCN
[04:44:30] [205/296] MMCJ
[04:44:31] [206/296] DCAK
[04:44:32] [207/296] SCKG
[04:44:33] [208/296] LMCK
[04:44:34] [209/296] CKKX
[04:44:35] [210/296] ANKU
[04:44:36] [211/296] CSMD
[04:44:38] [212/296] MKMP
[04:44:38] [213/296] SVBG
[04:44:40] [214/296] ROOP
[04:44:41] [215/296] GDMT
[04:44:42] [216/296] FPPF
[04:44:43] [217/296] SFUU
[04:44:44] [218/296] ANCB
[04:44:46] [219/296] SMMC
[04:44:47] [220/296] UGKT
[04:44:48] [221/296] JVRM
[04:44:49] [222/296] BATG
[04:44:49] [223/296] RATE
[04:44:50] [224/296] SKME
[04:44:51] [225/296] LMTP
[04:44:52] [226/296] TCBD
[04:44:53] [227/296] ESBD
[04:44:55] [228/296] GDCU
[04:44:56] [229/296] SNKT
[04:44:57] [230/296] SRNK
[04:44:58] [231/296] SMED
[04:44:59] [232/296] CSQS
[04:45:00] [233/296] ALCS
[04:45:01] [234/296] KCKN
[04:45:02] [235/296] VCCL
[04:45:03] [236/296] MCDA
[04:45:04] [237/296] SHMI
[04:45:05] [238/296] SKHA
[04:45:06] [239/296] SVFK
[04:45:07] [240/296] INVB
[04:45:08] [241/296] MELD
[04:45:09] [242/296] JTYS
[04:45:10] [243/296] INCM
[04:45:11] [244/296] MCDV
[04:45:12] [245/296] KSGK
[04:45:13] [246/296] ICMG
[04:45:14] [247/296] CSCV
[04:45:15] [248/296] STMD
[04:45:16] [249/296] STTR
[04:45:17] [250/296] INVC
[04:45:18] [251/296] JTBL
[04:45:19] [252/296] SRVV
[04:45:20] [253/296] MAVC
[04:45:21] [254/296] SRPP
[04:45:22] [255/296] JGDM
[04:45:23] [256/296] MBSJ
[04:45:24] [257/296] SSLL
[04:45:25] [258/296] SLKP
[04:45:26] [259/296] NSRV
[04:45:27] [260/296] UTDV
[04:45:28] [261/296] KICM
[04:45:28] [262/296] KCMD
[04:45:29] [263/296] TTPP
[04:45:31] [264/296] KMPV
[04:45:31] [265/296] SKTV
[04:45:32] [266/296] STCV
[04:45:33] [267/296] SRDA
[04:45:34] [268/296] JTSX
[04:45:35] [269/296] STBV
[04:45:36] [270/296] APVZ
[04:45:37] [271/296] GSTV
[04:45:37] [272/296] NMVS
[04:45:39] [273/296] SKRT
[04:45:40] [274/296] RMDV
[04:45:41] [275/296] RATG
[04:45:42] [276/296] SJYV
[04:45:43] [277/296] NDGP
[04:45:44] [278/296] SNDG
[04:45:45] [279/296] INSR
[04:45:46] [280/296] INSO
[04:45:47] [281/296] CCSI
[04:45:48] [282/296] RASM
[04:45:49] [283/296] NEWC
[04:45:50] [284/296] VSHL
[04:45:51] [285/296] BISW
[04:45:52] [286/296] GCNG
[04:45:52] [287/296] CWSC
[04:45:53] [288/296] SKAN
[04:45:55] [289/296] SEHP
[04:45:56] [290/296] CCOA
[04:45:57] [291/296] MCAJ
[04:45:58] [292/296] ACDE
[04:46:00] [293/296] AACM
[04:46:01] [294/296] JJCK
[04:46:02] [295/296] RCMO
[04:46:02] [296/296] GDAW
[04:46:03] ✅ DONE | Shows=3 | Movies=2
[06:30:10] 🚀 BMS DAILY TRACKER STARTED
[06:30:10] [1/296] CDCA
[06:30:10] 🧠 New identity
[06:30:12] [2/296] MNSR
[06:30:13] [3/296] CSSL
[06:30:14] [4/296] BGGM
[06:30:15] [5/296] MANT
[06:30:16] [6/296] SOOY
[06:30:17] [7/296] VPPK
[06:30:18] [8/296] MYHJ
[06:30:18] [9/296] KSCK
[06:30:20] [10/296] KATK
[06:30:21] [11/296] RTRT
[06:30:22] [12/296] SSTT
[06:30:23] [13/296] SSTV
[06:30:24] [14/296] LACM
[06:30:24] [15/296] SGMG
[06:30:25] [16/296] KACX
[06:30:26] [17/296] GVCP
[06:30:27] [18/296] CSNC
[06:30:28] [19/296] SXCB
[06:30:29] [20/296] BAHS
[06:30:30] [21/296] PCBI
[06:30:31] [22/296] PSSM
[06:30:32] [23/296] RCOK
[06:30:33] [24/296] SCPF
[06:30:34] [25/296] SSAS
[06:30:35] [26/296] EVMM
[06:30:36] [27/296] SYCB
[06:30:37] [28/296] GCKI
[06:30:38] [29/296] IAET
[06:30:39] [30/296] DDTD
[06:30:40] [31/296] GMDH
[06:30:41] [32/296] STLE
[06:30:42] [33/296] JTRA
[06:30:43] [34/296] RPPA
[06:30:44] [35/296] ARUT
[06:30:45] [36/296] JTVM
[06:30:46] [37/296] SWRH
[06:30:47] [38/296] DCPC
[06:30:48] [39/296] RAPR
[06:30:49] [40/296] GCRT
[06:30:50] [41/296] ATUN
[06:30:51] [42/296] LTRM
[06:30:53] [43/296] TASR
[06:30:53] [44/296] RLLC
[06:30:54] [45/296] MABI
[06:30:55] [46/296] SVHB
[06:30:56] [47/296] NVTB
[06:30:58] [48/296] KCKG
[06:30:59] [49/296] SSRN
[06:31:00] [50/296] VDDC
[06:31:01] [51/296] GKTK
[06:31:02] [52/296] YFSN
[06:31:03] [53/296] GCSG
[06:31:03] [54/296] ESSM
[06:31:04] [55/296] KRIH
[06:31:05] [56/296] GCDS
[06:31:06] [57/296] CCSH
[06:31:07] [58/296] ACSK
[06:31:08] [59/296] APRK
[06:31:09] [60/296] ADKM
[06:31:10] [61/296] SRDM
[06:31:11] [62/296] RMOG
[06:31:12] [63/296] SJMY
[06:31:13] [64/296] PGGC
[06:31:15] [65/296] INGM
[06:31:16] [66/296] LSCB
[06:31:16] [67/296] STAD
[06:31:17] [68/296] MCCR
[06:31:18] [69/296] ABCC
[06:31:19] [70/296] RKCC
[06:31:20] [71/296] RTCR
[06:31:21] [72/296] GGBC
[06:31:22] [73/296] GCSD
[06:31:23] [74/296] LPTY
[06:31:24] [75/296] MCFD
[06:31:25] [76/296] HENN
[06:31:26] [77/296] SMKU
[06:31:27] [78/296] TNZC
[06:31:28] [79/296] DRCD
[06:31:29] [80/296] DLCD
[06:31:31] [81/296] RCDA
[06:31:32] [82/296] COSM
[06:31:32] [83/296] MCMJ
[06:31:33] [84/296] CSTR
[06:31:34] [85/296] CVDK
[06:31:35] [86/296] INRR
[06:31:36] [87/296] RJRT
[06:31:37] [88/296] IRMR
[06:31:38] [89/296] SRCF
[06:31:39] [90/296] GRCR
[06:31:40] [91/296] SURC
[06:31:41] [92/296] NMNH
[06:31:42] [93/296] SVBL
[06:31:43] [94/296] KACI
[06:31:44] [95/296] TDGO
[06:31:45] [96/296] KTBR
[06:31:46] [97/296] PMAD
[06:31:47] [98/296] CCPN
[06:31:48] [99/296] SBTK
[06:31:49] [100/296] LMDK
[06:31:51] [101/296] PGDA
[06:31:51] [102/296] SRML
[06:31:53] [103/296] EVCK
[06:31:53] [104/296] RTTK
[06:31:55] [105/296] SRTU
[06:31:56] [106/296] VRSA
[06:31:57] [107/296] VARS
[06:31:58] [108/296] DSCZ
[06:31:59] [109/296] GAGA
[06:31:59] [110/296] SARV
[06:32:00] [111/296] SEEG
[06:32:01] [112/296] GLCA
[06:32:02] [113/296] APAS
[06:32:03] [114/296] VCIA
[06:32:04] [115/296] SJTA
[06:32:05] [116/296] SABM
[06:32:06] [117/296] PPAG
[06:32:07] [118/296] RVCA
[06:32:07] [119/296] CCIA
[06:32:08] [120/296] HTAG
[06:32:09] [121/296] SMBI
[06:32:10] [122/296] MCJR
[06:32:11] [123/296] CCJR
[06:32:12] [124/296] SINF
[06:32:13] [125/296] CPLX
[06:32:14] [126/296] KKTJ
[06:32:15] [127/296] GDBW
[06:32:16] [128/296] CSUB
[06:32:17] [129/296] DABA
[06:32:18] [130/296] TITR
[06:32:19] [131/296] NYCR
[06:32:20] [132/296] RTRY
[06:32:21] [133/296] JTJL
[06:32:22] [134/296] SJCP
[06:32:23] [135/296] KCCA
[06:32:24] [136/296] MLPG
[06:32:25] [137/296] VRCK
[06:32:26] [138/296] SRIN
[06:32:26] [139/296] CXMK
[06:32:27] [140/296] SKAD
[06:32:28] [141/296] AVTR
[06:32:30] [142/296] PTAJ
[06:32:31] [143/296] SCNK
[06:32:32] [144/296] STTI
[06:32:32] [145/296] KACR
[06:32:33] [146/296] SSDX
[06:32:34] [147/296] VRTJ
[06:32:35] [148/296] RAJD
[06:32:36] [149/296] SCIP
[06:32:37] [150/296] RJSL
[06:32:38] [151/296] ARRS
[06:32:39] [152/296] ASMS
[06:32:40] [153/296] RDTS
[06:32:41] [154/296] DVMY
[06:32:42] [155/296] RASA
[06:32:42] [156/296] INOM
[06:32:43] [157/296] SPRS
[06:32:44] [158/296] SGCS
[06:32:45] [159/296] SALM
[06:32:46] [160/296] PKHC
[06:32:47] [161/296] RCSV
[06:32:47] [162/296] CPKC
[06:32:49] [163/296] AACD
[06:32:50] [164/296] GGCV
[06:32:51] [165/296] SMKD
[06:32:52] [166/296] NBCH
[06:32:53] [167/296] AMCB
[06:32:54] [168/296] OPCN
[06:32:55] [169/296] DCIN
[06:32:56] [170/296] INGW
[06:32:57] [171/296] PKKW
[06:32:58] [172/296] FNGW
[06:32:59] [173/296] GCGD
[06:32:59] [174/296] MSTW
[06:33:01] [175/296] KCCG
[06:33:01] [176/296] MRSS
[06:33:02] [177/296] CLCF
[06:33:03] [178/296] EETS
[06:33:04] [179/296] AATR
[06:33:05] [180/296] CMMN
[06:33:06] [181/296] SCCJ
[06:33:07] [182/296] CDTK
[06:33:08] [183/296] AICP
[06:33:09] [184/296] FNBP
[06:33:10] [185/296] CBPB
[06:33:11] [186/296] CPAS
[06:33:12] [187/296] MAPM
[06:33:13] [188/296] PASD
[06:33:14] [189/296] JCMN
[06:33:15] [190/296] MALB
[06:33:15] [191/296] SACG
[06:33:16] [192/296] DDRX
[06:33:17] [193/296] DDXB
[06:33:18] [194/296] RAMC
[06:33:19] [195/296] SANC
[06:33:20] [196/296] BCBP
[06:33:21] [197/296] ALPC
[06:33:22] [198/296] RBAC
[06:33:23] [199/296] RAJL
[06:33:24] [200/296] MPDX
[06:33:26] [201/296] MUSC
[06:33:27] [202/296] VKMK
[06:33:28] [203/296] SKCG
[06:33:29] [204/296] ANCN
[06:33:30] [205/296] MMCJ
[06:33:31] [206/296] DCAK
[06:33:32] [207/296] SCKG
[06:33:33] [208/296] LMCK
[06:33:34] [209/296] CKKX
[06:33:35] [210/296] ANKU
[06:33:35] [211/296] CSMD
[06:33:36] [212/296] MKMP
[06:33:37] [213/296] SVBG
[06:33:38] [214/296] ROOP
[06:33:39] [215/296] GDMT
[06:33:40] [216/296] FPPF
[06:33:41] [217/296] SFUU
[06:33:42] [218/296] ANCB
[06:33:43] [219/296] SMMC
[06:33:44] [220/296] UGKT
[06:33:46] [221/296] JVRM
[06:33:47] [222/296] BATG
[06:33:48] [223/296] RATE
[06:33:49] [224/296] SKME
[06:33:50] [225/296] LMTP
[06:33:51] [226/296] TCBD
[06:33:52] [227/296] ESBD
[06:33:53] [228/296] GDCU
[06:33:54] [229/296] SNKT
[06:33:54] [230/296] SRNK
[06:33:55] [231/296] SMED
[06:33:56] [232/296] CSQS
[06:33:57] [233/296] ALCS
[06:33:58] [234/296] KCKN
[06:33:59] [235/296] VCCL
[06:34:00] [236/296] MCDA
[06:34:01] [237/296] SHMI
[06:34:02] [238/296] SKHA
[06:34:03] [239/296] SVFK
[06:34:04] [240/296] INVB
[06:34:05] [241/296] MELD
[06:34:06] [242/296] JTYS
[06:34:07] [243/296] INCM
[06:34:08] [244/296] MCDV
[06:34:09] [245/296] KSGK
[06:34:10] [246/296] ICMG
[06:34:11] [247/296] CSCV
[06:34:12] [248/296] STMD
[06:34:12] [249/296] STTR
[06:34:13] [250/296] INVC
[06:34:14] [251/296] JTBL
[06:34:15] [252/296] SRVV
[06:34:16] [253/296] MAVC
[06:34:18] [254/296] SRPP
[06:34:19] [255/296] JGDM
[06:34:20] [256/296] MBSJ
[06:34:21] [257/296] SSLL
[06:34:22] [258/296] SLKP
[06:34:23] [259/296] NSRV
[06:34:24] [260/296] UTDV
[06:34:25] [261/296] KICM
[06:34:26] [262/296] KCMD
[06:34:26] [263/296] TTPP
[06:34:27] [264/296] KMPV
[06:34:28] [265/296] SKTV
[06:34:30] [266/296] STCV
[06:34:31] [267/296] SRDA
[06:34:32] [268/296] JTSX
[06:34:33] [269/296] STBV
[06:34:33] [270/296] APVZ
[06:34:34] [271/296] GSTV
[06:34:35] [272/296] NMVS
[06:34:36] [273/296] SKRT
[06:34:37] [274/296] RMDV
[06:34:38] [275/296] RATG
[06:34:39] [276/296] SJYV
[06:34:40] [277/296] NDGP
[06:34:41] [278/296] SNDG
[06:34:42] [279/296] INSR
[06:34:43] [280/296] INSO
[06:34:43] [281/296] CCSI
[06:34:44] [282/296] RASM
[06:34:45] [283/296] NEWC
[06:34:46] [284/296] VSHL
[06:34:47] [285/296] BISW
[06:34:48] [286/296] GCNG
[06:34:49] [287/296] CWSC
[06:34:50] [288/296] SKAN
[06:34:51] [289/296] SEHP
[06:34:52] [290/296] CCOA
[06:34:53] [291/296] MCAJ
[06:34:54] [292/296] ACDE
[06:34:55] [293/296] AACM
[06:34:56] [294/296] JJCK
[06:34:56] [295/296] RCMO
[06:34:57] [296/296] GDAW
[06:34:58] ✅ DONE | Shows=75 | Movies=12
[08:38:20] 🚀 BMS DAILY TRACKER STARTED
[08:38:20] [1/296] CDCA
[08:38:20] 🧠 New identity
[08:38:21] [2/296] MNSR
[08:38:22] [3/296] CSSL
[08:38:23] [4/296] BGGM
[08:38:24] [5/296] MANT
[08:38:25] [6/296] SOOY
[08:38:27] [7/296] VPPK
[08:38:27] [8/296] MYHJ
[08:38:28] [9/296] KSCK
[08:38:29] [10/296] KATK
[08:38:30] [11/296] RTRT
[08:38:31] [12/296] SSTT
[08:38:32] [13/296] SSTV
[08:38:33] [14/296] LACM
[08:38:34] [15/296] SGMG
[08:38:35] [16/296] KACX
[08:38:36] [17/296] GVCP
[08:38:37] [18/296] CSNC
[08:38:38] [19/296] SXCB
[08:38:38] [20/296] BAHS
[08:38:39] [21/296] PCBI
[08:38:40] [22/296] PSSM
[08:38:41] [23/296] RCOK
[08:38:42] [24/296] SCPF
[08:38:43] [25/296] SSAS
[08:38:44] [26/296] EVMM
[08:38:44] [27/296] SYCB
[08:38:45] [28/296] GCKI
[08:38:46] [29/296] IAET
[08:38:47] [30/296] DDTD
[08:38:47] [31/296] GMDH
[08:38:48] [32/296] STLE
[08:38:49] [33/296] JTRA
[08:38:50] [34/296] RPPA
[08:38:51] [35/296] ARUT
[08:38:52] [36/296] JTVM
[08:38:53] [37/296] SWRH
[08:38:53] [38/296] DCPC
[08:38:55] [39/296] RAPR
[08:38:56] [40/296] GCRT
[08:38:56] [41/296] ATUN
[08:38:57] [42/296] LTRM
[08:38:58] [43/296] TASR
[08:38:59] [44/296] RLLC
[08:39:00] [45/296] MABI
[08:39:01] [46/296] SVHB
[08:39:01] [47/296] NVTB
[08:39:02] [48/296] KCKG
[08:39:03] [49/296] SSRN
[08:39:04] [50/296] VDDC
[08:39:05] [51/296] GKTK
[08:39:06] [52/296] YFSN
[08:39:07] [53/296] GCSG
[08:39:08] [54/296] ESSM
[08:39:09] [55/296] KRIH
[08:39:10] [56/296] GCDS
[08:39:11] [57/296] CCSH
[08:39:12] [58/296] ACSK
[08:39:13] [59/296] APRK
[08:39:15] [60/296] ADKM
[08:39:15] [61/296] SRDM
[08:39:16] [62/296] RMOG
[08:39:17] [63/296] SJMY
[08:39:18] [64/296] PGGC
[08:39:19] [65/296] INGM
[08:39:20] [66/296] LSCB
[08:39:20] [67/296] STAD
[08:39:21] [68/296] MCCR
[08:39:22] [69/296] ABCC
[08:39:23] [70/296] RKCC
[08:39:24] [71/296] RTCR
[08:39:25] [72/296] GGBC
[08:39:26] [73/296] GCSD
[08:39:27] [74/296] LPTY
[08:39:27] [75/296] MCFD
[08:39:29] [76/296] HENN
[08:39:30] [77/296] SMKU
[08:39:31] [78/296] TNZC
[08:39:32] [79/296] DRCD
[08:39:32] [80/296] DLCD
[08:39:33] [81/296] RCDA
[08:39:34] [82/296] COSM
[08:39:35] [83/296] MCMJ
[08:39:37] [84/296] CSTR
[08:39:38] [85/296] CVDK
[08:39:39] [86/296] INRR
[08:39:39] [87/296] RJRT
[08:39:40] [88/296] IRMR
[08:39:41] [89/296] SRCF
[08:39:43] [90/296] GRCR
[08:39:43] [91/296] SURC
[08:39:44] [92/296] NMNH
[08:39:45] [93/296] SVBL
[08:39:46] [94/296] KACI
[08:39:47] [95/296] TDGO
[08:39:48] [96/296] KTBR
[08:39:49] [97/296] PMAD
[08:39:51] [98/296] CCPN
[08:39:52] [99/296] SBTK
[08:39:53] [100/296] LMDK
[08:39:54] [101/296] PGDA
[08:39:55] [102/296] SRML
[08:39:56] [103/296] EVCK
[08:39:57] [104/296] RTTK
[08:39:57] [105/296] SRTU
[08:39:58] [106/296] VRSA
[08:39:59] [107/296] VARS
[08:40:00] [108/296] DSCZ
[08:40:01] [109/296] GAGA
[08:40:02] [110/296] SARV
[08:40:03] [111/296] SEEG
[08:40:04] [112/296] GLCA
[08:40:05] [113/296] APAS
[08:40:05] [114/296] VCIA
[08:40:06] [115/296] SJTA
[08:40:07] [116/296] SABM
[08:40:08] [117/296] PPAG
[08:40:09] [118/296] RVCA
[08:40:10] [119/296] CCIA
[08:40:12] [120/296] HTAG
[08:40:12] [121/296] SMBI
[08:40:13] [122/296] MCJR
[08:40:14] [123/296] CCJR
[08:40:15] [124/296] SINF
[08:40:16] [125/296] CPLX
[08:40:17] [126/296] KKTJ
[08:40:17] [127/296] GDBW
[08:40:19] [128/296] CSUB
[08:40:20] [129/296] DABA
[08:40:21] [130/296] TITR
[08:40:23] [131/296] NYCR
[08:40:24] [132/296] RTRY
[08:40:25] [133/296] JTJL
[08:40:26] [134/296] SJCP
[08:40:26] [135/296] KCCA
[08:40:27] [136/296] MLPG
[08:40:28] [137/296] VRCK
[08:40:29] [138/296] SRIN
[08:40:29] [139/296] CXMK
[08:40:30] [140/296] SKAD
[08:40:31] [141/296] AVTR
[08:40:32] [142/296] PTAJ
[08:40:33] [143/296] SCNK
[08:40:34] [144/296] STTI
[08:40:35] [145/296] KACR
[08:40:35] [146/296] SSDX
[08:40:36] [147/296] VRTJ
[08:40:37] [148/296] RAJD
[08:40:38] [149/296] SCIP
[08:40:39] [150/296] RJSL
[08:40:40] [151/296] ARRS
[08:40:41] [152/296] ASMS
[08:40:42] [153/296] RDTS
[08:40:43] [154/296] DVMY
[08:40:44] [155/296] RASA
[08:40:45] [156/296] INOM
[08:40:45] [157/296] SPRS
[08:40:46] [158/296] SGCS
[08:40:47] [159/296] SALM
[08:40:49] [160/296] PKHC
[08:40:50] [161/296] RCSV
[08:40:51] [162/296] CPKC
[08:40:51] [163/296] AACD
[08:40:52] [164/296] GGCV
[08:40:53] [165/296] SMKD
[08:40:55] [166/296] NBCH
[08:40:57] [167/296] AMCB
[08:40:58] [168/296] OPCN
[08:40:58] [169/296] DCIN
[08:40:59] [170/296] INGW
[08:41:00] [171/296] PKKW
[08:41:01] [172/296] FNGW
[08:41:02] [173/296] GCGD
[08:41:03] [174/296] MSTW
[08:41:03] [175/296] KCCG
[08:41:04] [176/296] MRSS
[08:41:05] [177/296] CLCF
[08:41:06] [178/296] EETS
[08:41:07] [179/296] AATR
[08:41:08] [180/296] CMMN
[08:41:09] [181/296] SCCJ
[08:41:09] [182/296] CDTK
[08:41:10] [183/296] AICP
[08:41:11] [184/296] FNBP
[08:41:12] [185/296] CBPB
[08:41:13] [186/296] CPAS
[08:41:14] [187/296] MAPM
[08:41:15] [188/296] PASD
[08:41:16] [189/296] JCMN
[08:41:17] [190/296] MALB
[08:41:17] [191/296] SACG
[08:41:18] [192/296] DDRX
[08:41:19] [193/296] DDXB
[08:41:20] [194/296] RAMC
[08:41:21] [195/296] SANC
[08:41:22] [196/296] BCBP
[08:41:23] [197/296] ALPC
[08:41:24] [198/296] RBAC
[08:41:25] [199/296] RAJL
[08:41:26] [200/296] MPDX
[08:41:26] [201/296] MUSC
[08:41:27] [202/296] VKMK
[08:41:28] [203/296] SKCG
[08:41:29] [204/296] ANCN
[08:41:31] [205/296] MMCJ
[08:41:32] [206/296] DCAK
[08:41:32] [207/296] SCKG
[08:41:33] [208/296] LMCK
[08:41:34] [209/296] CKKX
[08:41:35] [210/296] ANKU
[08:41:36] [211/296] CSMD
[08:41:37] [212/296] MKMP
[08:41:38] [213/296] SVBG
[08:41:38] [214/296] ROOP
[08:41:39] [215/296] GDMT
[08:41:40] [216/296] FPPF
[08:41:41] [217/296] SFUU
[08:41:41] [218/296] ANCB
[08:41:42] [219/296] SMMC
[08:41:43] [220/296] UGKT
[08:41:45] [221/296] JVRM
[08:41:45] [222/296] BATG
[08:41:46] [223/296] RATE
[08:41:47] [224/296] SKME
[08:41:48] [225/296] LMTP
[08:41:49] [226/296] TCBD
[08:41:50] [227/296] ESBD
[08:41:50] [228/296] GDCU
[08:41:51] [229/296] SNKT
[08:41:52] [230/296] SRNK
[08:41:53] [231/296] SMED
[08:41:53] [232/296] CSQS
[08:41:54] [233/296] ALCS
[08:41:55] [234/296] KCKN
[08:41:56] [235/296] VCCL
[08:41:57] [236/296] MCDA
[08:41:57] [237/296] SHMI
[08:41:58] [238/296] SKHA
[08:41:59] [239/296] SVFK
[08:42:00] [240/296] INVB
[08:42:01] [241/296] MELD
[08:42:02] [242/296] JTYS
[08:42:02] [243/296] INCM
[08:42:04] [244/296] MCDV
[08:42:05] [245/296] KSGK
[08:42:06] [246/296] ICMG
[08:42:08] [247/296] CSCV
[08:42:08] [248/296] STMD
[08:42:09] [249/296] STTR
[08:42:10] [250/296] INVC
[08:42:11] [251/296] JTBL
[08:42:12] [252/296] SRVV
[08:42:13] [253/296] MAVC
[08:42:13] [254/296] SRPP
[08:42:14] [255/296] JGDM
[08:42:15] [256/296] MBSJ
[08:42:16] [257/296] SSLL
[08:42:17] [258/296] SLKP
[08:42:18] [259/296] NSRV
[08:42:19] [260/296] UTDV
[08:42:20] [261/296] KICM
[08:42:21] [262/296] KCMD
[08:42:22] [263/296] TTPP
[08:42:23] [264/296] KMPV
[08:42:24] [265/296] SKTV
[08:42:24] [266/296] STCV
[08:42:25] [267/296] SRDA
[08:42:26] [268/296] JTSX
[08:42:27] [269/296] STBV
[08:42:28] [270/296] APVZ
[08:42:29] [271/296] GSTV
[08:42:30] [272/296] NMVS
[08:42:31] [273/296] SKRT
[08:42:32] [274/296] RMDV
[08:42:33] [275/296] RATG
[08:42:33] [276/296] SJYV
[08:42:34] [277/296] NDGP
[08:42:35] [278/296] SNDG
[08:42:36] [279/296] INSR
[08:42:37] [280/296] INSO
[08:42:38] [281/296] CCSI
[08:42:39] [282/296] RASM
[08:42:40] [283/296] NEWC
[08:42:40] [284/296] VSHL
[08:42:41] [285/296] BISW
[08:42:42] [286/296] GCNG
[08:42:43] [287/296] CWSC
[08:42:44] [288/296] SKAN
[08:42:45] [289/296] SEHP
[08:42:46] [290/296] CCOA
[08:42:47] [291/296] MCAJ
[08:42:48] [292/296] ACDE
[08:42:49] [293/296] AACM
[08:42:50] [294/296] JJCK
[08:42:51] [295/296] RCMO
[08:42:53] [296/296] GDAW
[08:42:54] ✅ DONE | Shows=454 | Movies=54
[10:09:53] 🚀 BMS DAILY TRACKER STARTED
[10:09:53] [1/296] CDCA
[10:09:53] 🧠 New identity
[10:09:54] [2/296] MNSR
[10:09:55] [3/296] CSSL
[10:09:56] [4/296] BGGM
[10:09:57] [5/296] MANT
[10:09:58] [6/296] SOOY
[10:09:59] [7/296] VPPK
[10:10:00] [8/296] MYHJ
[10:10:01] [9/296] KSCK
[10:10:02] [10/296] KATK
[10:10:03] [11/296] RTRT
[10:10:05] [12/296] SSTT
[10:10:05] [13/296] SSTV
[10:10:06] [14/296] LACM
[10:10:07] [15/296] SGMG
[10:10:08] [16/296] KACX
[10:10:09] [17/296] GVCP
[10:10:10] [18/296] CSNC
[10:10:11] [19/296] SXCB
[10:10:12] [20/296] BAHS
[10:10:12] [21/296] PCBI
[10:10:13] [22/296] PSSM
[10:10:14] [23/296] RCOK
[10:10:16] [24/296] SCPF
[10:10:16] [25/296] SSAS
[10:10:17] [26/296] EVMM
[10:10:18] [27/296] SYCB
[10:10:19] [28/296] GCKI
[10:10:20] [29/296] IAET
[10:10:21] [30/296] DDTD
[10:10:22] [31/296] GMDH
[10:10:23] [32/296] STLE
[10:10:24] [33/296] JTRA
[10:10:25] [34/296] RPPA
[10:10:26] [35/296] ARUT
[10:10:27] [36/296] JTVM
[10:10:28] [37/296] SWRH
[10:10:29] [38/296] DCPC
[10:10:30] [39/296] RAPR
[10:10:32] [40/296] GCRT
[10:10:32] [41/296] ATUN
[10:10:33] [42/296] LTRM
[10:10:34] [43/296] TASR
[10:10:35] [44/296] RLLC
[10:10:36] [45/296] MABI
[10:10:37] [46/296] SVHB
[10:10:38] [47/296] NVTB
[10:10:39] [48/296] KCKG
[10:10:40] [49/296] SSRN
[10:10:41] [50/296] VDDC
[10:10:43] [51/296] GKTK
[10:10:44] [52/296] YFSN
[10:10:44] [53/296] GCSG
[10:10:45] [54/296] ESSM
[10:10:47] [55/296] KRIH
[10:10:48] [56/296] GCDS
[10:10:49] [57/296] CCSH
[10:10:50] [58/296] ACSK
[10:10:51] [59/296] APRK
[10:10:51] [60/296] ADKM
[10:10:52] [61/296] SRDM
[10:10:53] [62/296] RMOG
[10:10:54] [63/296] SJMY
[10:10:55] [64/296] PGGC
[10:10:56] [65/296] INGM
[10:10:57] [66/296] LSCB
[10:10:58] [67/296] STAD
[10:10:59] [68/296] MCCR
[10:11:00] [69/296] ABCC
[10:11:01] [70/296] RKCC
[10:11:02] [71/296] RTCR
[10:11:03] [72/296] GGBC
[10:11:04] [73/296] GCSD
[10:11:05] [74/296] LPTY
[10:11:06] [75/296] MCFD
[10:11:08] [76/296] HENN
[10:11:09] [77/296] SMKU
[10:11:09] [78/296] TNZC
[10:11:11] [79/296] DRCD
[10:11:12] [80/296] DLCD
[10:11:13] [81/296] RCDA
[10:11:14] [82/296] COSM
[10:11:15] [83/296] MCMJ
[10:11:16] [84/296] CSTR
[10:11:17] [85/296] CVDK
[10:11:18] [86/296] INRR
[10:11:19] [87/296] RJRT
[10:11:20] [88/296] IRMR
[10:11:20] [89/296] SRCF
[10:11:21] [90/296] GRCR
[10:11:22] [91/296] SURC
[10:11:23] [92/296] NMNH
[10:11:24] [93/296] SVBL
[10:11:24] [94/296] KACI
[10:11:25] [95/296] TDGO
[10:11:26] [96/296] KTBR
[10:11:27] [97/296] PMAD
[10:11:28] [98/296] CCPN
[10:11:29] [99/296] SBTK
[10:11:31] [100/296] LMDK
[10:11:32] [101/296] PGDA
[10:11:33] [102/296] SRML
[10:11:34] [103/296] EVCK
[10:11:35] [104/296] RTTK
[10:11:36] [105/296] SRTU
[10:11:37] [106/296] VRSA
[10:11:39] [107/296] VARS
[10:11:40] [108/296] DSCZ
[10:11:41] [109/296] GAGA
[10:11:42] [110/296] SARV
[10:11:43] [111/296] SEEG
[10:11:44] [112/296] GLCA
[10:11:45] [113/296] APAS
[10:11:46] [114/296] VCIA
[10:11:47] [115/296] SJTA
[10:11:48] [116/296] SABM
[10:11:49] [117/296] PPAG
[10:11:49] [118/296] RVCA
[10:11:50] [119/296] CCIA
[10:11:52] [120/296] HTAG
[10:11:52] [121/296] SMBI
[10:11:53] [122/296] MCJR
[10:11:54] [123/296] CCJR
[10:11:55] [124/296] SINF
[10:11:57] [125/296] CPLX
[10:11:58] [126/296] KKTJ
[10:11:59] [127/296] GDBW
[10:11:59] [128/296] CSUB
[10:12:00] [129/296] DABA
[10:12:01] [130/296] TITR
[10:12:02] [131/296] NYCR
[10:12:03] [132/296] RTRY
[10:12:04] [133/296] JTJL
[10:12:05] [134/296] SJCP
[10:12:05] [135/296] KCCA
[10:12:06] [136/296] MLPG
[10:12:07] [137/296] VRCK
[10:12:08] [138/296] SRIN
[10:12:09] [139/296] CXMK
[10:12:10] [140/296] SKAD
[10:12:10] [141/296] AVTR
[10:12:11] [142/296] PTAJ
[10:12:12] [143/296] SCNK
[10:12:13] [144/296] STTI
[10:12:14] [145/296] KACR
[10:12:15] [146/296] SSDX
[10:12:17] [147/296] VRTJ
[10:12:18] [148/296] RAJD
[10:12:19] [149/296] SCIP
[10:12:20] [150/296] RJSL
[10:12:21] [151/296] ARRS
[10:12:23] [152/296] ASMS
[10:12:23] [153/296] RDTS
[10:12:25] [154/296] DVMY
[10:12:26] [155/296] RASA
[10:12:27] [156/296] INOM
[10:12:28] [157/296] SPRS
[10:12:29] [158/296] SGCS
[10:12:30] [159/296] SALM
[10:12:31] [160/296] PKHC
[10:12:32] [161/296] RCSV
[10:12:33] [162/296] CPKC
[10:12:34] [163/296] AACD
[10:12:35] [164/296] GGCV
[10:12:35] [165/296] SMKD
[10:12:36] [166/296] NBCH
[10:12:38] [167/296] AMCB
[10:12:39] [168/296] OPCN
[10:12:39] [169/296] DCIN
[10:12:40] [170/296] INGW
[10:12:42] [171/296] PKKW
[10:12:42] [172/296] FNGW
[10:12:44] [173/296] GCGD
[10:12:44] [174/296] MSTW
[10:12:45] [175/296] KCCG
[10:12:46] [176/296] MRSS
[10:12:47] [177/296] CLCF
[10:12:48] [178/296] EETS
[10:12:49] [179/296] AATR
[10:12:50] [180/296] CMMN
[10:12:51] [181/296] SCCJ
[10:12:52] [182/296] CDTK
[10:12:53] [183/296] AICP
[10:12:55] [184/296] FNBP
[10:12:56] [185/296] CBPB
[10:12:57] [186/296] CPAS
[10:12:57] [187/296] MAPM
[10:12:59] [188/296] PASD
[10:13:00] [189/296] JCMN
[10:13:01] [190/296] MALB
[10:13:02] [191/296] SACG
[10:13:03] [192/296] DDRX
[10:13:04] [193/296] DDXB
[10:13:04] [194/296] RAMC
[10:13:05] [195/296] SANC
[10:13:06] [196/296] BCBP
[10:13:07] [197/296] ALPC
[10:13:08] [198/296] RBAC
[10:13:08] [199/296] RAJL
[10:13:09] [200/296] MPDX
[10:13:11] [201/296] MUSC
[10:13:12] [202/296] VKMK
[10:13:13] [203/296] SKCG
[10:13:14] [204/296] ANCN
[10:13:15] [205/296] MMCJ
[10:13:16] [206/296] DCAK
[10:13:16] [207/296] SCKG
[10:13:17] [208/296] LMCK
[10:13:19] [209/296] CKKX
[10:13:20] [210/296] ANKU
[10:13:20] [211/296] CSMD
[10:13:21] [212/296] MKMP
[10:13:22] [213/296] SVBG
[10:13:23] [214/296] ROOP
[10:13:24] [215/296] GDMT
[10:13:25] [216/296] FPPF
[10:13:26] [217/296] SFUU
[10:13:26] [218/296] ANCB
[10:13:28] [219/296] SMMC
[10:13:28] [220/296] UGKT
[10:13:29] [221/296] JVRM
[10:13:30] [222/296] BATG
[10:13:31] [223/296] RATE
[10:13:33] [224/296] SKME
[10:13:34] [225/296] LMTP
[10:13:35] [226/296] TCBD
[10:13:36] [227/296] ESBD
[10:13:36] [228/296] GDCU
[10:13:38] [229/296] SNKT
[10:13:39] [230/296] SRNK
[10:13:40] [231/296] SMED
[10:13:41] [232/296] CSQS
[10:13:42] [233/296] ALCS
[10:13:44] [234/296] KCKN
[10:13:45] [235/296] VCCL
[10:13:46] [236/296] MCDA
[10:13:46] [237/296] SHMI
[10:13:48] [238/296] SKHA
[10:13:49] [239/296] SVFK
[10:13:50] [240/296] INVB
[10:13:51] [241/296] MELD
[10:13:52] [242/296] JTYS
[10:13:53] [243/296] INCM
[10:13:54] [244/296] MCDV
[10:13:55] [245/296] KSGK
[10:13:56] [246/296] ICMG
[10:13:57] [247/296] CSCV
[10:13:58] [248/296] STMD
[10:13:59] [249/296] STTR
[10:13:59] [250/296] INVC
[10:14:01] [251/296] JTBL
[10:14:02] [252/296] SRVV
[10:14:03] [253/296] MAVC
[10:14:04] [254/296] SRPP
[10:14:05] [255/296] JGDM
[10:14:06] [256/296] MBSJ
[10:14:08] [257/296] SSLL
[10:14:08] [258/296] SLKP
[10:14:09] [259/296] NSRV
[10:14:10] [260/296] UTDV
[10:14:12] [261/296] KICM
[10:14:13] [262/296] KCMD
[10:14:14] [263/296] TTPP
[10:14:16] [264/296] KMPV
[10:14:16] [265/296] SKTV
[10:14:17] [266/296] STCV
[10:14:17] [267/296] SRDA
[10:14:18] [268/296] JTSX
[10:14:19] [269/296] STBV
[10:14:20] [270/296] APVZ
[10:14:21] [271/296] GSTV
[10:14:22] [272/296] NMVS
[10:14:23] [273/296] SKRT
[10:14:24] [274/296] RMDV
[10:14:24] [275/296] RATG
[10:14:26] [276/296] SJYV
[10:14:28] [277/296] NDGP
[10:14:28] [278/296] SNDG
[10:14:30] [279/296] INSR
[10:14:30] [280/296] INSO
[10:14:31] [281/296] CCSI
[10:14:33] [282/296] RASM
[10:14:34] [283/296] NEWC
[10:14:35] [284/296] VSHL
[10:14:36] [285/296] BISW
[10:14:37] [286/296] GCNG
[10:14:38] [287/296] CWSC
[10:14:38] [288/296] SKAN
[10:14:39] [289/296] SEHP
[10:14:40] [290/296] CCOA
[10:14:41] [291/296] MCAJ
[10:14:43] [292/296] ACDE
[10:14:43] [293/296] AACM
[10:14:44] [294/296] JJCK
[10:14:45] [295/296] RCMO
[10:14:45] [296/296] GDAW
[10:14:46] ✅ DONE | Shows=617 | Movies=58
[10:49:51] 🚀 BMS DAILY TRACKER STARTED
[10:49:51] [1/296] CDCA
[10:49:51] 🧠 New identity
[10:49:53] [2/296] MNSR
[10:49:54] [3/296] CSSL
[10:49:55] [4/296] BGGM
[10:49:56] [5/296] MANT
[10:49:57] [6/296] SOOY
[10:49:58] [7/296] VPPK
[10:49:59] [8/296] MYHJ
[10:50:00] [9/296] KSCK
[10:50:01] [10/296] KATK
[10:50:02] [11/296] RTRT
[10:50:03] [12/296] SSTT
[10:50:04] [13/296] SSTV
[10:50:05] [14/296] LACM
[10:50:06] [15/296] SGMG
[10:50:07] [16/296] KACX
[10:50:08] [17/296] GVCP
[10:50:09] [18/296] CSNC
[10:50:10] [19/296] SXCB
[10:50:11] [20/296] BAHS
[10:50:12] [21/296] PCBI
[10:50:12] [22/296] PSSM
[10:50:13] [23/296] RCOK
[10:50:14] [24/296] SCPF
[10:50:15] [25/296] SSAS
[10:50:16] [26/296] EVMM
[10:50:17] [27/296] SYCB
[10:50:18] [28/296] GCKI
[10:50:20] [29/296] IAET
[10:50:21] [30/296] DDTD
[10:50:22] [31/296] GMDH
[10:50:23] [32/296] STLE
[10:50:24] [33/296] JTRA
[10:50:24] [34/296] RPPA
[10:50:25] [35/296] ARUT
[10:50:27] [36/296] JTVM
[10:50:28] [37/296] SWRH
[10:50:29] [38/296] DCPC
[10:50:30] [39/296] RAPR
[10:50:31] [40/296] GCRT
[10:50:32] [41/296] ATUN
[10:50:32] [42/296] LTRM
[10:50:33] [43/296] TASR
[10:50:34] [44/296] RLLC
[10:50:35] [45/296] MABI
[10:50:36] [46/296] SVHB
[10:50:37] [47/296] NVTB
[10:50:38] [48/296] KCKG
[10:50:39] [49/296] SSRN
[10:50:39] [50/296] VDDC
[10:50:40] [51/296] GKTK
[10:50:41] [52/296] YFSN
[10:50:42] [53/296] GCSG
[10:50:43] [54/296] ESSM
[10:50:44] [55/296] KRIH
[10:50:45] [56/296] GCDS
[10:50:46] [57/296] CCSH
[10:50:47] [58/296] ACSK
[10:50:48] [59/296] APRK
[10:50:49] [60/296] ADKM
[10:50:50] [61/296] SRDM
[10:50:51] [62/296] RMOG
[10:50:52] [63/296] SJMY
[10:50:53] [64/296] PGGC
[10:50:54] [65/296] INGM
[10:50:55] [66/296] LSCB
[10:50:56] [67/296] STAD
[10:50:56] [68/296] MCCR
[10:50:57] [69/296] ABCC
[10:50:58] [70/296] RKCC
[10:50:59] [71/296] RTCR
[10:51:01] [72/296] GGBC
[10:51:02] [73/296] GCSD
[10:51:03] [74/296] LPTY
[10:51:04] [75/296] MCFD
[10:51:05] [76/296] HENN
[10:51:06] [77/296] SMKU
[10:51:07] [78/296] TNZC
[10:51:09] [79/296] DRCD
[10:51:09] [80/296] DLCD
[10:51:11] [81/296] RCDA
[10:51:12] [82/296] COSM
[10:51:12] [83/296] MCMJ
[10:51:13] [84/296] CSTR
[10:51:14] [85/296] CVDK
[10:51:15] [86/296] INRR
[10:51:16] [87/296] RJRT
[10:51:17] [88/296] IRMR
[10:51:18] [89/296] SRCF
[10:51:19] [90/296] GRCR
[10:51:20] [91/296] SURC
[10:51:21] [92/296] NMNH
[10:51:22] [93/296] SVBL
[10:51:23] [94/296] KACI
[10:51:24] [95/296] TDGO
[10:51:25] [96/296] KTBR
[10:51:26] [97/296] PMAD
[10:51:27] [98/296] CCPN
[10:51:28] [99/296] SBTK
[10:51:29] [100/296] LMDK
[10:51:30] [101/296] PGDA
[10:51:31] [102/296] SRML
[10:51:32] [103/296] EVCK
[10:51:33] [104/296] RTTK
[10:51:34] [105/296] SRTU
[10:51:35] [106/296] VRSA
[10:51:36] [107/296] VARS
[10:51:37] [108/296] DSCZ
[10:51:38] [109/296] GAGA
[10:51:39] [110/296] SARV
[10:51:40] [111/296] SEEG
[10:51:41] [112/296] GLCA
[10:51:42] [113/296] APAS
[10:51:43] [114/296] VCIA
[10:51:44] [115/296] SJTA
[10:51:45] [116/296] SABM
[10:51:46] [117/296] PPAG
[10:51:47] [118/296] RVCA
[10:51:48] [119/296] CCIA
[10:51:48] [120/296] HTAG
[10:51:49] [121/296] SMBI
[10:51:50] [122/296] MCJR
[10:51:51] [123/296] CCJR
[10:51:53] [124/296] SINF
[10:51:54] [125/296] CPLX
[10:51:55] [126/296] KKTJ
[10:51:55] [127/296] GDBW
[10:51:56] [128/296] CSUB
[10:51:57] [129/296] DABA
[10:51:58] [130/296] TITR
[10:51:59] [131/296] NYCR
[10:52:00] [132/296] RTRY
[10:52:01] [133/296] JTJL
[10:52:02] [134/296] SJCP
[10:52:03] [135/296] KCCA
[10:52:04] [136/296] MLPG
[10:52:05] [137/296] VRCK
[10:52:07] [138/296] SRIN
[10:52:08] [139/296] CXMK
[10:52:09] [140/296] SKAD
[10:52:10] [141/296] AVTR
[10:52:11] [142/296] PTAJ
[10:52:12] [143/296] SCNK
[10:52:13] [144/296] STTI
[10:52:14] [145/296] KACR
[10:52:15] [146/296] SSDX
[10:52:16] [147/296] VRTJ
[10:52:17] [148/296] RAJD
[10:52:18] [149/296] SCIP
[10:52:19] [150/296] RJSL
[10:52:20] [151/296] ARRS
[10:52:21] [152/296] ASMS
[10:52:22] [153/296] RDTS
[10:52:23] [154/296] DVMY
[10:52:24] [155/296] RASA
[10:52:25] [156/296] INOM
[10:52:27] [157/296] SPRS
[10:52:27] [158/296] SGCS
[10:52:28] [159/296] SALM
[10:52:29] [160/296] PKHC
[10:52:30] [161/296] RCSV
[10:52:31] [162/296] CPKC
[10:52:33] [163/296] AACD
[10:52:34] [164/296] GGCV
[10:52:35] [165/296] SMKD
[10:52:36] [166/296] NBCH
[10:52:37] [167/296] AMCB
[10:52:38] [168/296] OPCN
[10:52:39] [169/296] DCIN
[10:52:41] [170/296] INGW
[10:52:41] [171/296] PKKW
[10:52:42] [172/296] FNGW
[10:52:43] [173/296] GCGD
[10:52:45] [174/296] MSTW
[10:52:46] [175/296] KCCG
[10:52:47] [176/296] MRSS
[10:52:48] [177/296] CLCF
[10:52:49] [178/296] EETS
[10:52:50] [179/296] AATR
[10:52:51] [180/296] CMMN
[10:52:53] [181/296] SCCJ
[10:52:53] [182/296] CDTK
[10:52:54] [183/296] AICP
[10:52:55] [184/296] FNBP
[10:52:56] [185/296] CBPB
[10:52:57] [186/296] CPAS
[10:52:58] [187/296] MAPM
[10:52:59] [188/296] PASD
[10:53:00] [189/296] JCMN
[10:53:01] [190/296] MALB
[10:53:02] [191/296] SACG
[10:53:03] [192/296] DDRX
[10:53:04] [193/296] DDXB
[10:53:05] [194/296] RAMC
[10:53:06] [195/296] SANC
[10:53:07] [196/296] BCBP
[10:53:08] [197/296] ALPC
[10:53:09] [198/296] RBAC
[10:53:10] [199/296] RAJL
[10:53:11] [200/296] MPDX
[10:53:12] [201/296] MUSC
[10:53:13] [202/296] VKMK
[10:53:15] [203/296] SKCG
[10:53:16] [204/296] ANCN
[10:53:16] [205/296] MMCJ
[10:53:17] [206/296] DCAK
[10:53:18] [207/296] SCKG
[10:53:19] [208/296] LMCK
[10:53:20] [209/296] CKKX
[10:53:21] [210/296] ANKU
[10:53:22] [211/296] CSMD
[10:53:23] [212/296] MKMP
[10:53:24] [213/296] SVBG
[10:53:25] [214/296] ROOP
[10:53:26] [215/296] GDMT
[10:53:27] [216/296] FPPF
[10:53:28] [217/296] SFUU
[10:53:29] [218/296] ANCB
[10:53:31] [219/296] SMMC
[10:53:32] [220/296] UGKT
[10:53:33] [221/296] JVRM
[10:53:34] [222/296] BATG
[10:53:35] [223/296] RATE
[10:53:36] [224/296] SKME
[10:53:37] [225/296] LMTP
[10:53:38] [226/296] TCBD
[10:53:39] [227/296] ESBD
[10:53:39] [228/296] GDCU
[10:53:40] [229/296] SNKT
[10:53:41] [230/296] SRNK
[10:53:42] [231/296] SMED
[10:53:43] [232/296] CSQS
[10:53:44] [233/296] ALCS
[10:53:45] [234/296] KCKN
[10:53:46] [235/296] VCCL
[10:53:47] [236/296] MCDA
[10:53:48] [237/296] SHMI
[10:53:49] [238/296] SKHA
[10:53:50] [239/296] SVFK
[10:53:52] [240/296] INVB
[10:53:53] [241/296] MELD
[10:53:54] [242/296] JTYS
[10:53:56] [243/296] INCM
[10:53:56] [244/296] MCDV
[10:53:57] [245/296] KSGK
[10:53:58] [246/296] ICMG
[10:53:59] [247/296] CSCV
[10:54:00] [248/296] STMD
[10:54:01] [249/296] STTR
[10:54:02] [250/296] INVC
[10:54:04] [251/296] JTBL
[10:54:05] [252/296] SRVV
[10:54:06] [253/296] MAVC
[10:54:07] [254/296] SRPP
[10:54:08] [255/296] JGDM
[10:54:09] [256/296] MBSJ
[10:54:10] [257/296] SSLL
[10:54:11] [258/296] SLKP
[10:54:12] [259/296] NSRV
[10:54:13] [260/296] UTDV
[10:54:14] [261/296] KICM
[10:54:15] [262/296] KCMD
[10:54:16] [263/296] TTPP
[10:54:17] [264/296] KMPV
[10:54:18] [265/296] SKTV
[10:54:19] [266/296] STCV
[10:54:21] [267/296] SRDA
[10:54:22] [268/296] JTSX
[10:54:23] [269/296] STBV
[10:54:24] [270/296] APVZ
[10:54:25] [271/296] GSTV
[10:54:26] [272/296] NMVS
[10:54:27] [273/296] SKRT
[10:54:28] [274/296] RMDV
[10:54:29] [275/296] RATG
[10:54:30] [276/296] SJYV
[10:54:31] [277/296] NDGP
[10:54:32] [278/296] SNDG
[10:54:33] [279/296] INSR
[10:54:34] [280/296] INSO
[10:54:35] [281/296] CCSI
[10:54:36] [282/296] RASM
[10:54:37] [283/296] NEWC
[10:54:38] [284/296] VSHL
[10:54:39] [285/296] BISW
[10:54:39] [286/296] GCNG
[10:54:40] [287/296] CWSC
[10:54:42] [288/296] SKAN
[10:54:43] [289/296] SEHP
[10:54:44] [290/296] CCOA
[10:54:45] [291/296] MCAJ
[10:54:46] [292/296] ACDE
[10:54:48] [293/296] AACM
[10:54:48] [294/296] JJCK
[10:54:49] [295/296] RCMO
[10:54:50] [296/296] GDAW
[10:54:51] ✅ DONE | Shows=729 | Movies=61
[11:49:12] 🚀 BMS DAILY TRACKER STARTED
[11:49:12] [1/296] CDCA
[11:49:12] 🧠 New identity
[11:49:14] [2/296] MNSR
[11:49:16] [3/296] CSSL
[11:49:17] [4/296] BGGM
[11:49:19] [5/296] MANT
[11:49:20] [6/296] SOOY
[11:49:21] [7/296] VPPK
[11:49:22] [8/296] MYHJ
[11:49:23] [9/296] KSCK
[11:49:24] [10/296] KATK
[11:49:26] [11/296] RTRT
[11:49:27] [12/296] SSTT
[11:49:29] [13/296] SSTV
[11:49:30] [14/296] LACM
[11:49:31] [15/296] SGMG
[11:49:33] [16/296] KACX
[11:49:34] [17/296] GVCP
[11:49:35] [18/296] CSNC
[11:49:36] [19/296] SXCB
[11:49:38] [20/296] BAHS
[11:49:40] [21/296] PCBI
[11:49:40] [22/296] PSSM
[11:49:42] [23/296] RCOK
[11:49:43] [24/296] SCPF
[11:49:45] [25/296] SSAS
[11:49:47] [26/296] EVMM
[11:49:48] [27/296] SYCB
[11:49:49] [28/296] GCKI
[11:49:51] [29/296] IAET
[11:49:52] [30/296] DDTD
[11:49:53] [31/296] GMDH
[11:49:54] [32/296] STLE
[11:49:56] [33/296] JTRA
[11:49:57] [34/296] RPPA
[11:49:58] [35/296] ARUT
[11:49:59] [36/296] JTVM
[11:50:01] [37/296] SWRH
[11:50:02] [38/296] DCPC
[11:50:04] [39/296] RAPR
[11:50:04] [40/296] GCRT
[11:50:05] [41/296] ATUN
[11:50:07] [42/296] LTRM
[11:50:08] [43/296] TASR
[11:50:10] [44/296] RLLC
[11:50:11] [45/296] MABI
[11:50:13] [46/296] SVHB
[11:50:14] [47/296] NVTB
[11:50:15] [48/296] KCKG
[11:50:16] [49/296] SSRN
[11:50:18] [50/296] VDDC
[11:50:19] [51/296] GKTK
[11:50:20] [52/296] YFSN
[11:50:21] [53/296] GCSG
[11:50:22] [54/296] ESSM
[11:50:24] [55/296] KRIH
[11:50:26] [56/296] GCDS
[11:50:27] [57/296] CCSH
[11:50:28] [58/296] ACSK
[11:50:29] [59/296] APRK
[11:50:31] [60/296] ADKM
[11:50:32] [61/296] SRDM
[11:50:33] [62/296] RMOG
[11:50:35] [63/296] SJMY
[11:50:36] [64/296] PGGC
[11:50:37] [65/296] INGM
[11:50:39] [66/296] LSCB
[11:50:40] [67/296] STAD
[11:50:42] [68/296] MCCR
[11:50:43] [69/296] ABCC
[11:50:44] [70/296] RKCC
[11:50:46] [71/296] RTCR
[11:50:48] [72/296] GGBC
[11:50:48] [73/296] GCSD
[11:50:50] [74/296] LPTY
[11:50:51] [75/296] MCFD
[11:50:52] [76/296] HENN
[11:50:54] [77/296] SMKU
[11:50:55] [78/296] TNZC
[11:50:56] [79/296] DRCD
[11:50:58] [80/296] DLCD
[11:50:59] [81/296] RCDA
[11:51:00] [82/296] COSM
[11:51:01] [83/296] MCMJ
[11:51:03] [84/296] CSTR
[11:51:04] [85/296] CVDK
[11:51:05] [86/296] INRR
[11:51:07] [87/296] RJRT
[11:51:08] [88/296] IRMR
[11:51:09] [89/296] SRCF
[11:51:10] [90/296] GRCR
[11:51:11] [91/296] SURC
[11:51:12] [92/296] NMNH
[11:51:14] [93/296] SVBL
[11:51:15] [94/296] KACI
[11:51:16] [95/296] TDGO
[11:51:18] [96/296] KTBR
[11:51:19] [97/296] PMAD
[11:51:20] [98/296] CCPN
[11:51:22] [99/296] SBTK
[11:51:22] [100/296] LMDK
[11:51:24] [101/296] PGDA
[11:51:25] [102/296] SRML
[11:51:26] [103/296] EVCK
[11:51:27] [104/296] RTTK
[11:51:29] [105/296] SRTU
[11:51:30] [106/296] VRSA
[11:51:31] [107/296] VARS
[11:51:33] [108/296] DSCZ
[11:51:34] [109/296] GAGA
[11:51:36] [110/296] SARV
[11:51:37] [111/296] SEEG
[11:51:38] [112/296] GLCA
[11:51:39] [113/296] APAS
[11:51:41] [114/296] VCIA
[11:51:42] [115/296] SJTA
[11:51:44] [116/296] SABM
[11:51:46] [117/296] PPAG
[11:51:47] [118/296] RVCA
[11:51:48] [119/296] CCIA
[11:51:49] [120/296] HTAG
[11:51:50] [121/296] SMBI
[11:51:51] [122/296] MCJR
[11:51:52] [123/296] CCJR
[11:51:53] [124/296] SINF
[11:51:54] [125/296] CPLX
[11:51:55] [126/296] KKTJ
[11:51:56] [127/296] GDBW
[11:51:58] [128/296] CSUB
[11:51:59] [129/296] DABA
[11:52:00] [130/296] TITR
[11:52:01] [131/296] NYCR
[11:52:03] [132/296] RTRY
[11:52:04] [133/296] JTJL
[11:52:05] [134/296] SJCP
[11:52:06] [135/296] KCCA
[11:52:08] [136/296] MLPG
[11:52:09] [137/296] VRCK
[11:52:10] [138/296] SRIN
[11:52:11] [139/296] CXMK
[11:52:13] [140/296] SKAD
[11:52:14] [141/296] AVTR
[11:52:16] [142/296] PTAJ
[11:52:16] [143/296] SCNK
[11:52:18] [144/296] STTI
[11:52:19] [145/296] KACR
[11:52:21] [146/296] SSDX
[11:52:22] [147/296] VRTJ
[11:52:23] [148/296] RAJD
[11:52:24] [149/296] SCIP
[11:52:25] [150/296] RJSL
[11:52:26] [151/296] ARRS
[11:52:28] [152/296] ASMS
[11:52:29] [153/296] RDTS
[11:52:30] [154/296] DVMY
[11:52:30] [155/296] RASA
[11:52:32] [156/296] INOM
[11:52:33] [157/296] SPRS
[11:52:35] [158/296] SGCS
[11:52:36] [159/296] SALM
[11:52:37] [160/296] PKHC
[11:52:38] [161/296] RCSV
[11:52:40] [162/296] CPKC
[11:52:41] [163/296] AACD
[11:52:41] [164/296] GGCV
[11:52:43] [165/296] SMKD
[11:52:44] [166/296] NBCH
[11:52:45] [167/296] AMCB
[11:52:46] [168/296] OPCN
[11:52:47] [169/296] DCIN
[11:52:48] [170/296] INGW
[11:52:50] [171/296] PKKW
[11:52:51] [172/296] FNGW
[11:52:52] [173/296] GCGD
[11:52:53] [174/296] MSTW
[11:52:54] [175/296] KCCG
[11:52:55] [176/296] MRSS
[11:52:57] [177/296] CLCF
[11:52:58] [178/296] EETS
[11:52:59] [179/296] AATR
[11:53:01] [180/296] CMMN
[11:53:02] [181/296] SCCJ
[11:53:03] [182/296] CDTK
[11:53:04] [183/296] AICP
[11:53:06] [184/296] FNBP
[11:53:07] [185/296] CBPB
[11:53:08] [186/296] CPAS
[11:53:10] [187/296] MAPM
[11:53:11] [188/296] PASD
[11:53:13] [189/296] JCMN
[11:53:14] [190/296] MALB
[11:53:15] [191/296] SACG
[11:53:17] [192/296] DDRX
[11:53:18] [193/296] DDXB
[11:53:19] [194/296] RAMC
[11:53:20] [195/296] SANC
[11:53:21] [196/296] BCBP
[11:53:22] [197/296] ALPC
[11:53:24] [198/296] RBAC
[11:53:25] [199/296] RAJL
[11:53:25] [200/296] MPDX
[11:53:26] [201/296] MUSC
[11:53:27] [202/296] VKMK
[11:53:29] [203/296] SKCG
[11:53:30] [204/296] ANCN
[11:53:31] [205/296] MMCJ
[11:53:33] [206/296] DCAK
[11:53:33] [207/296] SCKG
[11:53:34] [208/296] LMCK
[11:53:36] [209/296] CKKX
[11:53:37] [210/296] ANKU
[11:53:39] [211/296] CSMD
[11:53:40] [212/296] MKMP
[11:53:41] [213/296] SVBG
[11:53:43] [214/296] ROOP
[11:53:44] [215/296] GDMT
[11:53:45] [216/296] FPPF
[11:53:47] [217/296] SFUU
[11:53:48] [218/296] ANCB
[11:53:50] [219/296] SMMC
[11:53:51] [220/296] UGKT
[11:53:51] [221/296] JVRM
[11:53:52] [222/296] BATG
[11:53:54] [223/296] RATE
[11:53:55] [224/296] SKME
[11:53:57] [225/296] LMTP
[11:53:58] [226/296] TCBD
[11:54:00] [227/296] ESBD
[11:54:01] [228/296] GDCU
[11:54:02] [229/296] SNKT
[11:54:03] [230/296] SRNK
[11:54:04] [231/296] SMED
[11:54:05] [232/296] CSQS
[11:54:07] [233/296] ALCS
[11:54:08] [234/296] KCKN
[11:54:10] [235/296] VCCL
[11:54:11] [236/296] MCDA
[11:54:12] [237/296] SHMI
[11:54:13] [238/296] SKHA
[11:54:14] [239/296] SVFK
[11:54:15] [240/296] INVB
[11:54:17] [241/296] MELD
[11:54:19] [242/296] JTYS
[11:54:19] [243/296] INCM
[11:54:20] [244/296] MCDV
[11:54:21] [245/296] KSGK
[11:54:22] [246/296] ICMG
[11:54:23] [247/296] CSCV
[11:54:25] [248/296] STMD
[11:54:25] [249/296] STTR
[11:54:27] [250/296] INVC
[11:54:28] [251/296] JTBL
[11:54:30] [252/296] SRVV
[11:54:30] [253/296] MAVC
[11:54:31] [254/296] SRPP
[11:54:33] [255/296] JGDM
[11:54:35] [256/296] MBSJ
[11:54:35] [257/296] SSLL
[11:54:36] [258/296] SLKP
[11:54:38] [259/296] NSRV
[11:54:39] [260/296] UTDV
[11:54:40] [261/296] KICM
[11:54:42] [262/296] KCMD
[11:54:43] [263/296] TTPP
[11:54:44] [264/296] KMPV
[11:54:45] [265/296] SKTV
[11:54:47] [266/296] STCV
[11:54:48] [267/296] SRDA
[11:54:49] [268/296] JTSX
[11:54:51] [269/296] STBV
[11:54:51] [270/296] APVZ
[11:54:53] [271/296] GSTV
[11:54:54] [272/296] NMVS
[11:54:55] [273/296] SKRT
[11:54:56] [274/296] RMDV
[11:54:57] [275/296] RATG
[11:54:59] [276/296] SJYV
[11:55:00] [277/296] NDGP
[11:55:01] [278/296] SNDG
[11:55:03] [279/296] INSR
[11:55:04] [280/296] INSO
[11:55:05] [281/296] CCSI
[11:55:07] [282/296] RASM
[11:55:08] [283/296] NEWC
[11:55:09] [284/296] VSHL
[11:55:10] [285/296] BISW
[11:55:11] [286/296] GCNG
[11:55:12] [287/296] CWSC
[11:55:13] [288/296] SKAN
[11:55:15] [289/296] SEHP
[11:55:16] [290/296] CCOA
[11:55:17] [291/296] MCAJ
[11:55:18] [292/296] ACDE
[11:55:20] [293/296] AACM
[11:55:21] [294/296] JJCK
[11:55:23] [295/296] RCMO
[11:55:24] [296/296] GDAW
[11:55:26] ✅ DONE | Shows=964 | Movies=67
[12:45:55] 🚀 BMS DAILY TRACKER STARTED
[12:45:55] [1/296] CDCA
[12:45:55] 🧠 New identity
[12:45:57] [2/296] MNSR
[12:45:58] [3/296] CSSL
[12:46:00] [4/296] BGGM
[12:46:01] [5/296] MANT
[12:46:03] [6/296] SOOY
[12:46:04] [7/296] VPPK
[12:46:06] [8/296] MYHJ
[12:46:07] [9/296] KSCK
[12:46:08] [10/296] KATK
[12:46:09] [11/296] RTRT
[12:46:11] [12/296] SSTT
[12:46:12] [13/296] SSTV
[12:46:14] [14/296] LACM
[12:46:15] [15/296] SGMG
[12:46:17] [16/296] KACX
[12:46:19] [17/296] GVCP
[12:46:20] [18/296] CSNC
[12:46:21] [19/296] SXCB
[12:46:23] [20/296] BAHS
[12:46:24] [21/296] PCBI
[12:46:26] [22/296] PSSM
[12:46:28] [23/296] RCOK
[12:46:29] [24/296] SCPF
[12:46:30] [25/296] SSAS
[12:46:31] [26/296] EVMM
[12:46:33] [27/296] SYCB
[12:46:34] [28/296] GCKI
[12:46:35] [29/296] IAET
[12:46:37] [30/296] DDTD
[12:46:39] [31/296] GMDH
[12:46:40] [32/296] STLE
[12:46:42] [33/296] JTRA
[12:46:44] [34/296] RPPA
[12:46:45] [35/296] ARUT
[12:46:46] [36/296] JTVM
[12:46:48] [37/296] SWRH
[12:46:49] [38/296] DCPC
[12:46:51] [39/296] RAPR
[12:46:53] [40/296] GCRT
[12:46:54] [41/296] ATUN
[12:46:55] [42/296] LTRM
[12:46:57] [43/296] TASR
[12:46:58] [44/296] RLLC
[12:46:59] [45/296] MABI
[12:47:01] [46/296] SVHB
[12:47:02] [47/296] NVTB
[12:47:04] [48/296] KCKG
[12:47:05] [49/296] SSRN
[12:47:07] [50/296] VDDC
[12:47:09] [51/296] GKTK
[12:47:10] [52/296] YFSN
[12:47:12] [53/296] GCSG
[12:47:14] [54/296] ESSM
[12:47:15] [55/296] KRIH
[12:47:17] [56/296] GCDS
[12:47:19] [57/296] CCSH
[12:47:20] [58/296] ACSK
[12:47:22] [59/296] APRK
[12:47:23] [60/296] ADKM
[12:47:24] [61/296] SRDM
[12:47:25] [62/296] RMOG
[12:47:27] [63/296] SJMY
[12:47:28] [64/296] PGGC
[12:47:30] [65/296] INGM
[12:47:31] [66/296] LSCB
[12:47:32] [67/296] STAD
[12:47:33] [68/296] MCCR
[12:47:35] [69/296] ABCC
[12:47:36] [70/296] RKCC
[12:47:38] [71/296] RTCR
[12:47:39] [72/296] GGBC
[12:47:41] [73/296] GCSD
[12:47:42] [74/296] LPTY
[12:47:43] [75/296] MCFD
[12:47:44] [76/296] HENN
[12:47:46] [77/296] SMKU
[12:47:47] [78/296] TNZC
[12:47:48] [79/296] DRCD
[12:47:50] [80/296] DLCD
[12:47:51] [81/296] RCDA
[12:47:53] [82/296] COSM
[12:47:55] [83/296] MCMJ
[12:47:55] [84/296] CSTR
[12:47:57] [85/296] CVDK
[12:47:59] [86/296] INRR
[12:48:00] [87/296] RJRT
[12:48:02] [88/296] IRMR
[12:48:03] [89/296] SRCF
[12:48:04] [90/296] GRCR
[12:48:05] [91/296] SURC
[12:48:07] [92/296] NMNH
[12:48:08] [93/296] SVBL
[12:48:09] [94/296] KACI
[12:48:10] [95/296] TDGO
[12:48:12] [96/296] KTBR
[12:48:13] [97/296] PMAD
[12:48:14] [98/296] CCPN
[12:48:16] [99/296] SBTK
[12:48:18] [100/296] LMDK
[12:48:19] [101/296] PGDA
[12:48:21] [102/296] SRML
[12:48:22] [103/296] EVCK
[12:48:23] [104/296] RTTK
[12:48:25] [105/296] SRTU
[12:48:26] [106/296] VRSA
[12:48:28] [107/296] VARS
[12:48:29] [108/296] DSCZ
[12:48:30] [109/296] GAGA
[12:48:32] [110/296] SARV
[12:48:34] [111/296] SEEG
[12:48:35] [112/296] GLCA
[12:48:37] [113/296] APAS
[12:48:38] [114/296] VCIA
[12:48:39] [115/296] SJTA
[12:48:40] [116/296] SABM
[12:48:41] [117/296] PPAG
[12:48:43] [118/296] RVCA
[12:48:45] [119/296] CCIA
[12:48:46] [120/296] HTAG
[12:48:48] [121/296] SMBI
[12:48:49] [122/296] MCJR
[12:48:51] [123/296] CCJR
[12:48:53] [124/296] SINF
[12:48:54] [125/296] CPLX
[12:48:55] [126/296] KKTJ
[12:48:57] [127/296] GDBW
[12:48:58] [128/296] CSUB
[12:49:00] [129/296] DABA
[12:49:00] [130/296] TITR
[12:49:02] [131/296] NYCR
[12:49:04] [132/296] RTRY
[12:49:05] [133/296] JTJL
[12:49:07] [134/296] SJCP
[12:49:08] [135/296] KCCA
[12:49:10] [136/296] MLPG
[12:49:12] [137/296] VRCK
[12:49:13] [138/296] SRIN
[12:49:15] [139/296] CXMK
[12:49:17] [140/296] SKAD
[12:49:18] [141/296] AVTR
[12:49:20] [142/296] PTAJ
[12:49:22] [143/296] SCNK
[12:49:23] [144/296] STTI
[12:49:24] [145/296] KACR
[12:49:26] [146/296] SSDX
[12:49:27] [147/296] VRTJ
[12:49:29] [148/296] RAJD
[12:49:30] [149/296] SCIP
[12:49:32] [150/296] RJSL
[12:49:33] [151/296] ARRS
[12:49:34] [152/296] ASMS
[12:49:35] [153/296] RDTS
[12:49:37] [154/296] DVMY
[12:49:38] [155/296] RASA
[12:49:40] [156/296] INOM
[12:49:41] [157/296] SPRS
[12:49:43] [158/296] SGCS
[12:49:43] [159/296] SALM
[12:49:45] [160/296] PKHC
[12:49:47] [161/296] RCSV
[12:49:47] [162/296] CPKC
[12:49:49] [163/296] AACD
[12:49:50] [164/296] GGCV
[12:49:52] [165/296] SMKD
[12:49:53] [166/296] NBCH
[12:49:55] [167/296] AMCB
[12:49:56] [168/296] OPCN
[12:49:57] [169/296] DCIN
[12:49:58] [170/296] INGW
[12:49:59] [171/296] PKKW
[12:50:01] [172/296] FNGW
[12:50:02] [173/296] GCGD
[12:50:04] [174/296] MSTW
[12:50:06] [175/296] KCCG
[12:50:07] [176/296] MRSS
[12:50:09] [177/296] CLCF
[12:50:10] [178/296] EETS
[12:50:12] [179/296] AATR
[12:50:14] [180/296] CMMN
[12:50:15] [181/296] SCCJ
[12:50:16] [182/296] CDTK
[12:50:17] [183/296] AICP
[12:50:18] [184/296] FNBP
[12:50:20] [185/296] CBPB
[12:50:21] [186/296] CPAS
[12:50:22] [187/296] MAPM
[12:50:24] [188/296] PASD
[12:50:25] [189/296] JCMN
[12:50:26] [190/296] MALB
[12:50:27] [191/296] SACG
[12:50:28] [192/296] DDRX
[12:50:29] [193/296] DDXB
[12:50:31] [194/296] RAMC
[12:50:33] [195/296] SANC
[12:50:34] [196/296] BCBP
[12:50:36] [197/296] ALPC
[12:50:38] [198/296] RBAC
[12:50:39] [199/296] RAJL
[12:50:41] [200/296] MPDX
[12:50:43] [201/296] MUSC
[12:50:44] [202/296] VKMK
[12:50:45] [203/296] SKCG
[12:50:46] [204/296] ANCN
[12:50:48] [205/296] MMCJ
[12:50:49] [206/296] DCAK
[12:50:50] [207/296] SCKG
[12:50:52] [208/296] LMCK
[12:50:53] [209/296] CKKX
[12:50:54] [210/296] ANKU
[12:50:55] [211/296] CSMD
[12:50:56] [212/296] MKMP
[12:50:58] [213/296] SVBG
[12:50:59] [214/296] ROOP
[12:51:00] [215/296] GDMT
[12:51:02] [216/296] FPPF
[12:51:04] [217/296] SFUU
[12:51:06] [218/296] ANCB
[12:51:07] [219/296] SMMC
[12:51:09] [220/296] UGKT
[12:51:11] [221/296] JVRM
[12:51:12] [222/296] BATG
[12:51:13] [223/296] RATE
[12:51:15] [224/296] SKME
[12:51:16] [225/296] LMTP
[12:51:18] [226/296] TCBD
[12:51:20] [227/296] ESBD
[12:51:21] [228/296] GDCU
[12:51:22] [229/296] SNKT
[12:51:23] [230/296] SRNK
[12:51:24] [231/296] SMED
[12:51:26] [232/296] CSQS
[12:51:27] [233/296] ALCS
[12:51:29] [234/296] KCKN
[12:51:31] [235/296] VCCL
[12:51:32] [236/296] MCDA
[12:51:34] [237/296] SHMI
[12:51:36] [238/296] SKHA
[12:51:37] [239/296] SVFK
[12:51:39] [240/296] INVB
[12:51:40] [241/296] MELD
[12:51:41] [242/296] JTYS
[12:51:42] [243/296] INCM
[12:51:43] [244/296] MCDV
[12:51:44] [245/296] KSGK
[12:51:45] [246/296] ICMG
[12:51:47] [247/296] CSCV
[12:51:48] [248/296] STMD
[12:51:50] [249/296] STTR
[12:51:51] [250/296] INVC
[12:51:52] [251/296] JTBL
[12:51:53] [252/296] SRVV
[12:51:55] [253/296] MAVC
[12:51:56] [254/296] SRPP
[12:51:58] [255/296] JGDM
[12:52:00] [256/296] MBSJ
[12:52:01] [257/296] SSLL
[12:52:03] [258/296] SLKP
[12:52:04] [259/296] NSRV
[12:52:06] [260/296] UTDV
[12:52:06] [261/296] KICM
[12:52:07] [262/296] KCMD
[12:52:09] [263/296] TTPP
[12:52:11] [264/296] KMPV
[12:52:12] [265/296] SKTV
[12:52:13] [266/296] STCV
[12:52:14] [267/296] SRDA
[12:52:15] [268/296] JTSX
[12:52:17] [269/296] STBV
[12:52:18] [270/296] APVZ
[12:52:19] [271/296] GSTV
[12:52:21] [272/296] NMVS
[12:52:22] [273/296] SKRT
[12:52:24] [274/296] RMDV
[12:52:25] [275/296] RATG
[12:52:27] [276/296] SJYV
[12:52:28] [277/296] NDGP
[12:52:29] [278/296] SNDG
[12:52:30] [279/296] INSR
[12:52:31] [280/296] INSO
[12:52:32] [281/296] CCSI
[12:52:33] [282/296] RASM
[12:52:34] [283/296] NEWC
[12:52:36] [284/296] VSHL
[12:52:37] [285/296] BISW
[12:52:38] [286/296] GCNG
[12:52:40] [287/296] CWSC
[12:52:41] [288/296] SKAN
[12:52:42] [289/296] SEHP
[12:52:44] [290/296] CCOA
[12:52:46] [291/296] MCAJ
[12:52:47] [292/296] ACDE
[12:52:49] [293/296] AACM
[12:52:50] [294/296] JJCK
[12:52:51] [295/296] RCMO
[12:52:52] [296/296] GDAW
[12:52:53] ✅ DONE | Shows=1082 | Movies=67
