[00:39:20] 🚀 BMS DAILY TRACKER STARTED
[00:39:20] [1/459] MBDC
[00:39:20] 🧠 New identity
[00:39:21] [2/459] CHKM
[00:39:22] [3/459] JTKZ
[00:39:23] [4/459] CMCT
[00:39:24] [5/459] ASHO
[00:39:25] [6/459] ECDG
[00:39:27] [7/459] SPAT
[00:39:28] [8/459] HILC
[00:39:29] [9/459] SPPH
[00:39:30] [10/459] SBHN
[00:39:31] [11/459] RRCA
[00:39:32] [12/459] APAA
[00:39:33] [13/459] RAME
[00:39:33] [14/459] TMMS
[00:39:34] [15/459] BATK
[00:39:36] [16/459] LKOP
[00:39:37] [17/459] AMTT
[00:39:38] [18/459] PTGK
[00:39:38] [19/459] ANRS
[00:39:39] [20/459] VWBW
[00:39:40] [21/459] SVFG
[00:39:41] [22/459] STAT
[00:39:41] [23/459] GDCV
[00:39:42] [24/459] VEBI
[00:39:43] [25/459] VDSS
[00:39:44] [26/459] NTHV
[00:39:45] [27/459] AOCH
[00:39:46] [28/459] KASR
[00:39:47] [29/459] AYCS
[00:39:48] [30/459] SHAI
[00:39:49] [31/459] SKPE
[00:39:50] [32/459] SBTA
[00:39:50] [33/459] RTTD
[00:39:51] [34/459] CCJD
[00:39:52] [35/459] RSJJ
[00:39:53] [36/459] RKND
[00:39:54] [37/459] SVTX
[00:39:54] [38/459] BAKM
[00:39:55] [39/459] SVDC
[00:39:56] [40/459] MNCV
[00:39:57] [41/459] SJGC
[00:39:58] [42/459] MTPK
[00:39:59] [43/459] GATP
[00:39:59] [44/459] ABTS
[00:40:00] [45/459] ABDE
[00:40:01] [46/459] RCNM
[00:40:02] [47/459] KTHV
[00:40:03] [48/459] MDGJ
[00:40:04] [49/459] SMLM
[00:40:05] [50/459] JTMA
[00:40:06] [51/459] ACKP
[00:40:07] [52/459] SRTA
[00:40:08] [53/459] STAY
[00:40:08] [54/459] MAVO
[00:40:10] [55/459] APTS
[00:40:11] [56/459] OMEA
[00:40:11] [57/459] TTFD
[00:40:12] [58/459] MJCU
[00:40:13] [59/459] CXTE
[00:40:14] [60/459] CTPX
[00:40:15] [61/459] ASSL
[00:40:15] [62/459] CMVB
[00:40:16] [63/459] VPUR
[00:40:17] [64/459] JJDA
[00:40:18] [65/459] INBL
[00:40:19] [66/459] BIKB
[00:40:20] [67/459] NTBB
[00:40:21] [68/459] GLOB
[00:40:22] [69/459] SNTB
[00:40:23] [70/459] CHGV
[00:40:23] [71/459] SSBZ
[00:40:25] [72/459] PRDB
[00:40:26] [73/459] ISMT
[00:40:27] [74/459] MCSD
[00:40:28] [75/459] JBTT
[00:40:29] [76/459] GEKR
[00:40:30] [77/459] PVUN
[00:40:31] [78/459] NRTB
[00:40:32] [79/459] PRAA
[00:40:32] [80/459] PCBL
[00:40:33] [81/459] PTCM
[00:40:35] [82/459] KHNN
[00:40:35] [83/459] OMJE
[00:40:36] [84/459] STGN
[00:40:37] [85/459] RPMS
[00:40:38] [86/459] NWAD
[00:40:39] [87/459] BLCK
[00:40:40] [88/459] SVAA
[00:40:41] [89/459] URVM
[00:40:42] [90/459] ANTM
[00:40:43] [91/459] VJYM
[00:40:44] [92/459] MAZZ
[00:40:44] [93/459] CSHM
[00:40:45] [94/459] WGMH
[00:40:46] [95/459] SALN
[00:40:47] [96/459] BRTP
[00:40:48] [97/459] SVTA
[00:40:49] [98/459] SBTP
[00:40:49] [99/459] VLSS
[00:40:50] [100/459] SRJA
[00:40:51] [101/459] ANCG
[00:40:52] [102/459] CGGC
[00:40:53] [103/459] CRJA
[00:40:54] [104/459] USCR
[00:40:54] [105/459] MMEF
[00:40:55] [106/459] JCRJ
[00:40:56] [107/459] ADCM
[00:40:57] [108/459] BMYK
[00:40:59] [109/459] KICS
[00:40:59] [110/459] MBBT
[00:41:00] [111/459] MACK
[00:41:01] [112/459] CLDR
[00:41:02] [113/459] JYCR
[00:41:03] [114/459] DCRP
[00:41:04] [115/459] RAHT
[00:41:04] [116/459] CSSM
[00:41:05] [117/459] ATPK
[00:41:06] [118/459] KLRT
[00:41:07] [119/459] SRDD
[00:41:07] [120/459] CKMC
[00:41:08] [121/459] KRVM
[00:41:09] [122/459] AKCP
[00:41:10] [123/459] CNCV
[00:41:10] [124/459] PACT
[00:41:11] [125/459] NATP
[00:41:12] [126/459] PCPK
[00:41:13] [127/459] SMHO
[00:41:14] [128/459] CWTK
[00:41:15] [129/459] RVKZ
[00:41:16] [130/459] ASPD
[00:41:17] [131/459] VTKZ
[00:41:17] [132/459] LCSO
[00:41:18] [133/459] PRDY
[00:41:19] [134/459] RCAP
[00:41:20] [135/459] RGAR
[00:41:21] [136/459] RCAC
[00:41:22] [137/459] PMOD
[00:41:23] [138/459] PVCN
[00:41:24] [139/459] SCRZ
[00:41:25] [140/459] PVPC
[00:41:25] [141/459] STID
[00:41:26] [142/459] NEDD
[00:41:27] [143/459] BNBA
[00:41:27] [144/459] NTCD
[00:41:28] [145/459] OCDE
[00:41:29] [146/459] CCDU
[00:41:30] [147/459] CRXH
[00:41:31] [148/459] VLVT
[00:41:32] [149/459] CICI
[00:41:33] [150/459] SUCB
[00:41:34] [151/459] TCBP
[00:41:35] [152/459] SCCY
[00:41:35] [153/459] LXCY
[00:41:36] [154/459] NCMD
[00:41:37] [155/459] PHCS
[00:41:38] [156/459] DUXR
[00:41:39] [157/459] VNKS
[00:41:40] [158/459] SEDP
[00:41:40] [159/459] SVEN
[00:41:41] [160/459] SRKM
[00:41:42] [161/459] JTLT
[00:41:43] [162/459] SVSS
[00:41:44] [163/459] AMDE
[00:41:45] [164/459] WVRN
[00:41:45] [165/459] ISMG
[00:41:46] [166/459] WVKS
[00:41:47] [167/459] USCG
[00:41:48] [168/459] IOTG
[00:41:49] [169/459] RRJM
[00:41:50] [170/459] EDMP
[00:41:51] [171/459] SCGZ
[00:41:51] [172/459] GMGX
[00:41:52] [173/459] OMTP
[00:41:53] [174/459] MITD
[00:41:54] [175/459] SMMD
[00:41:55] [176/459] STML
[00:41:56] [177/459] MCFS
[00:41:56] [178/459] FPKA
[00:41:57] [179/459] OMLR
[00:41:58] [180/459] KKSC
[00:41:59] [181/459] RVMA
[00:42:00] [182/459] SCLL
[00:42:00] [183/459] SCDK
[00:42:01] [184/459] SXMI
[00:42:02] [185/459] SHDN
[00:42:03] [186/459] PAAD
[00:42:04] [187/459] UUCB
[00:42:04] [188/459] JHOL
[00:42:05] [189/459] SGWT
[00:42:06] [190/459] SRII
[00:42:07] [191/459] SGCK
[00:42:08] [192/459] SVVB
[00:42:09] [193/459] DMHA
[00:42:10] [194/459] PPNL
[00:42:11] [195/459] CPNL
[00:42:12] [196/459] WVLD
[00:42:13] [197/459] PSLV
[00:42:14] [198/459] VTTL
[00:42:14] [199/459] NPAD
[00:42:15] [200/459] PVCS
[00:42:16] [201/459] MCHL
[00:42:17] [202/459] PPLL
[00:42:17] [203/459] MALO
[00:42:19] [204/459] SWBH
[00:42:20] [205/459] PUGB
[00:42:21] [206/459] INBB
[00:42:22] [207/459] INNS
[00:42:23] [208/459] MCPT
[00:42:24] [209/459] SCMI
[00:42:25] [210/459] OCON
[00:42:26] [211/459] SCSM
[00:42:28] [212/459] RJVN
[00:42:29] [213/459] AMDK
[00:42:29] [214/459] ISMR
[00:42:30] [215/459] SMTD
[00:42:31] [216/459] VTDD
[00:42:32] [217/459] PDDZ
[00:42:33] [218/459] PCCK
[00:42:33] [219/459] INAM
[00:42:34] [220/459] FNKT
[00:42:36] [221/459] GDKA
[00:42:36] [222/459] MAYU
[00:42:37] [223/459] TCGU
[00:42:38] [224/459] KDCA
[00:42:39] [225/459] DOMY
[00:42:39] [226/459] PDDD
[00:42:40] [227/459] BJTS
[00:42:41] [228/459] VTCA
[00:42:42] [229/459] SBTM
[00:42:43] [230/459] SEET
[00:42:43] [231/459] SSTJ
[00:42:45] [232/459] SVNT
[00:42:46] [233/459] PPPR
[00:42:47] [234/459] PVYS
[00:42:48] [235/459] IOSE
[00:42:48] [236/459] ACTV
[00:42:49] [237/459] APVE
[00:42:50] [238/459] TCCL
[00:42:51] [239/459] SCMO
[00:42:52] [240/459] SAUM
[00:42:52] [241/459] KCJS
[00:42:53] [242/459] NJCJ
[00:42:54] [243/459] NECF
[00:42:55] [244/459] CCGW
[00:42:55] [245/459] CCMG
[00:42:56] [246/459] NYRG
[00:42:57] [247/459] NCSQ
[00:42:57] [248/459] GRCG
[00:42:58] [249/459] CCBT
[00:42:59] [250/459] ACGA
[00:43:00] [251/459] INAG
[00:43:01] [252/459] FUCG
[00:43:02] [253/459] AICF
[00:43:02] [254/459] GRGA
[00:43:03] [255/459] GDCN
[00:43:04] [256/459] RRCG
[00:43:05] [257/459] SDCH
[00:43:06] [258/459] WVJM
[00:43:07] [259/459] JCCZ
[00:43:08] [260/459] CNCL
[00:43:08] [261/459] TMLV
[00:43:09] [262/459] MEMB
[00:43:10] [263/459] SGTD
[00:43:11] [264/459] CONX
[00:43:11] [265/459] CCMH
[00:43:12] [266/459] ACMC
[00:43:13] [267/459] DTPD
[00:43:14] [268/459] POJA
[00:43:15] [269/459] FNBH
[00:43:15] [270/459] CGCB
[00:43:16] [271/459] RACN
[00:43:17] [272/459] JTSM
[00:43:18] [273/459] SCDN
[00:43:19] [274/459] AACK
[00:43:20] [275/459] RMCE
[00:43:21] [276/459] BSGB
[00:43:22] [277/459] MRCB
[00:43:22] [278/459] SRVR
[00:43:23] [279/459] VTKK
[00:43:25] [280/459] AMST
[00:43:26] [281/459] APCY
[00:43:26] [282/459] LMHO
[00:43:28] [283/459] MTZH
[00:43:29] [284/459] AMZB
[00:43:30] [285/459] SUVT
[00:43:30] [286/459] RCIP
[00:43:31] [287/459] KESR
[00:43:32] [288/459] SNKC
[00:43:33] [289/459] SCED
[00:43:34] [290/459] DVCA
[00:43:36] [291/459] VCDT
[00:43:36] [292/459] RRDI
[00:43:37] [293/459] DFCH
[00:43:38] [294/459] INSC
[00:43:39] [295/459] RGTR
[00:43:40] [296/459] FMOT
[00:43:41] [297/459] SCPM
[00:43:41] [298/459] GCDT
[00:43:42] [299/459] BRKT
[00:43:43] [300/459] DEMP
[00:43:44] [301/459] SRLC
[00:43:45] [302/459] KSTT
[00:43:46] [303/459] SMMT
[00:43:46] [304/459] SILM
[00:43:47] [305/459] JCVM
[00:43:48] [306/459] KCSV
[00:43:49] [307/459] MHLK
[00:43:50] [308/459] SLVL
[00:43:50] [309/459] RJKP
[00:43:51] [310/459] BBPC
[00:43:52] [311/459] MXCB
[00:43:53] [312/459] TCPK
[00:43:54] [313/459] RTBR
[00:43:55] [314/459] GAUT
[00:43:55] [315/459] DVCF
[00:43:56] [316/459] JTSB
[00:43:57] [317/459] SBLS
[00:43:58] [318/459] UDAY
[00:43:59] [319/459] PTNP
[00:44:00] [320/459] DMKT
[00:44:01] [321/459] NTDT
[00:44:02] [322/459] SHDJ
[00:44:03] [323/459] OTNC
[00:44:04] [324/459] RNTW
[00:44:05] [325/459] GCMI
[00:44:05] [326/459] CRCM
[00:44:06] [327/459] NNCZ
[00:44:07] [328/459] OEMO
[00:44:08] [329/459] PVJM
[00:44:09] [330/459] CPJI
[00:44:10] [331/459] RMCJ
[00:44:11] [332/459] CNWJ
[00:44:11] [333/459] EPJM
[00:44:13] [334/459] FNJJ
[00:44:13] [335/459] GCMJ
[00:44:14] [336/459] INPS
[00:44:16] [337/459] BICJ
[00:44:16] [338/459] ISTJ
[00:44:17] [339/459] INJC
[00:44:17] [340/459] GLXJ
[00:44:18] [341/459] INEM
[00:44:19] [342/459] JTMN
[00:44:20] [343/459] FRCJ
[00:44:21] [344/459] DDJP
[00:44:22] [345/459] INJV
[00:44:22] [346/459] GOLC
[00:44:23] [347/459] KOCI
[00:44:24] [348/459] FSTD
[00:44:25] [349/459] PACJ
[00:44:25] [350/459] GMCN
[00:44:26] [351/459] MMDJ
[00:44:27] [352/459] GODH
[00:44:28] [353/459] SKYN
[00:44:29] [354/459] NCTH
[00:44:29] [355/459] SKVZ
[00:44:30] [356/459] SVML
[00:44:31] [357/459] ACVZ
[00:44:32] [358/459] SURA
[00:44:33] [359/459] RTRB
[00:44:33] [360/459] LLCT
[00:44:34] [361/459] ATTS
[00:44:36] [362/459] JYCM
[00:44:36] [363/459] CTKR
[00:44:37] [364/459] LCKR
[00:44:38] [365/459] NYCV
[00:44:39] [366/459] NYOH
[00:44:40] [367/459] NOVX
[00:44:40] [368/459] MRGK
[00:44:41] [369/459] MOON
[00:44:42] [370/459] SBUC
[00:44:43] [371/459] GSVA
[00:44:43] [372/459] VIAK
[00:44:44] [373/459] SMVZ
[00:44:45] [374/459] MATE
[00:44:46] [375/459] RDCN
[00:44:47] [376/459] ASBL
[00:44:47] [377/459] ASVS
[00:44:48] [378/459] ASSR
[00:44:49] [379/459] SSKN
[00:44:50] [380/459] DRPV
[00:44:51] [381/459] MRHT
[00:44:51] [382/459] BSCN
[00:44:52] [383/459] RKNX
[00:44:53] [384/459] MSMC
[00:44:54] [385/459] MSCJ
[00:44:54] [386/459] BTBJ
[00:44:55] [387/459] MJCC
[00:44:56] [388/459] IOMM
[00:44:57] [389/459] ADGR
[00:44:58] [390/459] MYCP
[00:44:58] [391/459] IGCM
[00:44:59] [392/459] PGRK
[00:45:00] [393/459] VPGO
[00:45:01] [394/459] KOMS
[00:45:02] [395/459] URGG
[00:45:03] [396/459] GOST
[00:45:04] [397/459] LACT
[00:45:04] [398/459] BWCM
[00:45:05] [399/459] NCCW
[00:45:06] [400/459] SKYC
[00:45:07] [401/459] CCPM
[00:45:07] [402/459] VCBT
[00:45:08] [403/459] SDKR
[00:45:09] [404/459] CTYB
[00:45:10] [405/459] SHCX
[00:45:11] [406/459] RCUN
[00:45:11] [407/459] CNRA
[00:45:13] [408/459] RFCA
[00:45:14] [409/459] RDCU
[00:45:14] [410/459] SARK
[00:45:15] [411/459] SPPP
[00:45:16] [412/459] ADMB
[00:45:17] [413/459] JYOE
[00:45:17] [414/459] SRMD
[00:45:19] [415/459] RJDH
[00:45:21] [416/459] SSTD
[00:45:21] [417/459] AACV
[00:45:22] [418/459] PPVD
[00:45:23] [419/459] STCP
[00:45:23] [420/459] ANJR
[00:45:24] [421/459] ANLS
[00:45:25] [422/459] BIJO
[00:45:26] [423/459] AVAB
[00:45:27] [424/459] SPMD
[00:45:28] [425/459] SVJL
[00:45:29] [426/459] SDDJ
[00:45:29] [427/459] SLTU
[00:45:30] [428/459] SAKA
[00:45:31] [429/459] PMAM
[00:45:32] [430/459] FNAM
[00:45:33] [431/459] ACAM
[00:45:33] [432/459] SCMM
[00:45:34] [433/459] PMAK
[00:45:35] [434/459] NYSA
[00:45:36] [435/459] FCPA
[00:45:36] [436/459] GDAN
[00:45:37] [437/459] RSCA
[00:45:39] [438/459] DMAN
[00:45:39] [439/459] DZCM
[00:45:40] [440/459] NSGL
[00:45:41] [441/459] CCPP
[00:45:43] [442/459] PSMG
[00:45:44] [443/459] GSER
[00:45:44] [444/459] FCCT
[00:45:45] [445/459] FCTB
[00:45:46] [446/459] LCNK
[00:45:47] [447/459] SKTY
[00:45:47] [448/459] INAA
[00:45:49] [449/459] RCWN
[00:45:49] [450/459] VAIS
[00:45:50] [451/459] CVMN
[00:45:51] [452/459] INTS
[00:45:52] [453/459] FRGS
[00:45:53] [454/459] DTCK
[00:45:54] [455/459] MCMH
[00:45:55] [456/459] ECRR
[00:45:55] [457/459] RLLP
[00:45:56] [458/459] CCSN
[00:45:57] [459/459] CCBA
[00:45:58] ✅ DONE | Shows=1 | Movies=1
