[00:39:17] 🚀 BMS DAILY TRACKER STARTED
[00:39:17] [1/459] MCCZ
[00:39:17] 🧠 New identity
[00:39:19] [2/459] FRPU
[00:39:20] [3/459] SKSI
[00:39:21] [4/459] SSCK
[00:39:22] [5/459] SRDC
[00:39:23] [6/459] RSCZ
[00:39:23] [7/459] PRVT
[00:39:24] [8/459] GAGJ
[00:39:25] [9/459] SMHG
[00:39:26] [10/459] JTST
[00:39:27] [11/459] MYTH
[00:39:28] [12/459] JPCC
[00:39:29] [13/459] ACDC
[00:39:30] [14/459] SVFP
[00:39:31] [15/459] SFCM
[00:39:32] [16/459] RUPK
[00:39:33] [17/459] NTCR
[00:39:33] [18/459] RTCH
[00:39:34] [19/459] SCMH
[00:39:35] [20/459] SVYM
[00:39:36] [21/459] SPYM
[00:39:37] [22/459] SMMF
[00:39:38] [23/459] CLLB
[00:39:39] [24/459] FMCB
[00:39:40] [25/459] BBTC
[00:39:41] [26/459] NTHS
[00:39:41] [27/459] PKKJ
[00:39:42] [28/459] MTJA
[00:39:43] [29/459] PMSJ
[00:39:44] [30/459] JMJU
[00:39:45] [31/459] SRAD
[00:39:45] [32/459] MJMC
[00:39:46] [33/459] DFRM
[00:39:47] [34/459] PMRS
[00:39:48] [35/459] RKPP
[00:39:49] [36/459] BMBK
[00:39:50] [37/459] NEWS
[00:39:51] [38/459] SALB
[00:39:52] [39/459] SCPW
[00:39:53] [40/459] RAYL
[00:39:53] [41/459] CMGJ
[00:39:54] [42/459] JRCR
[00:39:55] [43/459] SRTB
[00:39:56] [44/459] ETPB
[00:39:57] [45/459] MXBN
[00:39:58] [46/459] TOPE
[00:39:59] [47/459] SNLJ
[00:40:00] [48/459] CDDP
[00:40:01] [49/459] APCX
[00:40:02] [50/459] TALP
[00:40:03] [51/459] RRMP
[00:40:04] [52/459] MAHB
[00:40:05] [53/459] MTKR
[00:40:06] [54/459] KSKL
[00:40:07] [55/459] RJLT
[00:40:08] [56/459] ATAS
[00:40:09] [57/459] AMHR
[00:40:10] [58/459] RSRM
[00:40:11] [59/459] GCAT
[00:40:12] [60/459] SMML
[00:40:12] [61/459] ACCD
[00:40:13] [62/459] VYDA
[00:40:14] [63/459] MSKT
[00:40:15] [64/459] AVDM
[00:40:16] [65/459] ASMH
[00:40:17] [66/459] VTMB
[00:40:18] [67/459] WVMB
[00:40:18] [68/459] PPMN
[00:40:19] [69/459] MTMD
[00:40:20] [70/459] SMMO
[00:40:21] [71/459] DLPB
[00:40:22] [72/459] AKMD
[00:40:23] [73/459] SHRR
[00:40:24] [74/459] ASCO
[00:40:24] [75/459] CZVX
[00:40:25] [76/459] GCBB
[00:40:26] [77/459] ATBM
[00:40:27] [78/459] TCGM
[00:40:28] [79/459] UMSE
[00:40:29] [80/459] NKCL
[00:40:30] [81/459] BTLR
[00:40:30] [82/459] GOCL
[00:40:31] [83/459] MIRN
[00:40:32] [84/459] THEC
[00:40:33] [85/459] SPPB
[00:40:33] [86/459] PMMM
[00:40:34] [87/459] GGMC
[00:40:35] [88/459] AVSR
[00:40:36] [89/459] RDMH
[00:40:37] [90/459] JSRS
[00:40:37] [91/459] VKGP
[00:40:38] [92/459] ACRT
[00:40:39] [93/459] GCBA
[00:40:40] [94/459] GTCP
[00:40:40] [95/459] AKFC
[00:40:42] [96/459] INCS
[00:40:43] [97/459] SMCK
[00:40:44] [98/459] BRUN
[00:40:45] [99/459] RPPC
[00:40:45] [100/459] PAYD
[00:40:46] [101/459] SVVT
[00:40:47] [102/459] RNCC
[00:40:48] [103/459] PCRC
[00:40:49] [104/459] PMRM
[00:40:50] [105/459] CCRP
[00:40:50] [106/459] INCR
[00:40:51] [107/459] ZTMP
[00:40:52] [108/459] MCNR
[00:40:53] [109/459] INRP
[00:40:53] [110/459] STRC
[00:40:54] [111/459] RATI
[00:40:55] [112/459] PBTR
[00:40:56] [113/459] CMHP
[00:40:56] [114/459] ZECJ
[00:40:57] [115/459] CCCB
[00:40:58] [116/459] BWCB
[00:40:59] [117/459] CCAT
[00:41:00] [118/459] KGCM
[00:41:01] [119/459] INPT
[00:41:02] [120/459] FNCO
[00:41:02] [121/459] SRMJ
[00:41:03] [122/459] PFSC
[00:41:04] [123/459] PBMC
[00:41:05] [124/459] KARP
[00:41:05] [125/459] KOVI
[00:41:06] [126/459] ACXL
[00:41:07] [127/459] GKCC
[00:41:08] [128/459] ASCC
[00:41:09] [129/459] SETC
[00:41:09] [130/459] KACC
[00:41:10] [131/459] KAVE
[00:41:11] [132/459] CNTC
[00:41:11] [133/459] MEEN
[00:41:12] [134/459] BMRV
[00:41:13] [135/459] SVAM
[00:41:14] [136/459] VTBP
[00:41:15] [137/459] VCKN
[00:41:17] [138/459] SGTK
[00:41:18] [139/459] RCGS
[00:41:19] [140/459] RCCB
[00:41:19] [141/459] RKSR
[00:41:20] [142/459] RKCU
[00:41:22] [143/459] GIBH
[00:41:23] [144/459] CXBS
[00:41:23] [145/459] GGCB
[00:41:24] [146/459] SCPB
[00:41:25] [147/459] AKTB
[00:41:26] [148/459] SRBU
[00:41:27] [149/459] CSSA
[00:41:27] [150/459] MYAN
[00:41:28] [151/459] EXCA
[00:41:29] [152/459] CKSA
[00:41:30] [153/459] JTNM
[00:41:30] [154/459] CXKT
[00:41:31] [155/459] NCLM
[00:41:32] [156/459] JAAD
[00:41:33] [157/459] RDCR
[00:41:33] [158/459] MEER
[00:41:34] [159/459] SIBT
[00:41:35] [160/459] PVVB
[00:41:36] [161/459] FNPN
[00:41:36] [162/459] CRPX
[00:41:37] [163/459] STET
[00:41:38] [164/459] METE
[00:41:38] [165/459] BJML
[00:41:39] [166/459] MAVT
[00:41:40] [167/459] MSRM
[00:41:41] [168/459] TJMP
[00:41:42] [169/459] MHCK
[00:41:43] [170/459] SVGP
[00:41:43] [171/459] KRRC
[00:41:44] [172/459] IMCH
[00:41:45] [173/459] CMCS
[00:41:46] [174/459] SGND
[00:41:46] [175/459] RNAT
[00:41:47] [176/459] PRTN
[00:41:48] [177/459] MPTN
[00:41:49] [178/459] ARCC
[00:41:50] [179/459] NTTE
[00:41:51] [180/459] ABND
[00:41:52] [181/459] KCSN
[00:41:52] [182/459] KCSA
[00:41:53] [183/459] DCKT
[00:41:54] [184/459] MBBR
[00:41:56] [185/459] RAMU
[00:41:56] [186/459] RACW
[00:41:57] [187/459] MCHP
[00:41:58] [188/459] TMHM
[00:41:59] [189/459] STXH
[00:42:00] [190/459] AGSG
[00:42:01] [191/459] SIRA
[00:42:01] [192/459] RCAN
[00:42:03] [193/459] CWTB
[00:42:04] [194/459] VTYM
[00:42:05] [195/459] RRPP
[00:42:06] [196/459] ASMR
[00:42:07] [197/459] RONO
[00:42:08] [198/459] MEMR
[00:42:09] [199/459] CTMR
[00:42:10] [200/459] PMTT
[00:42:11] [201/459] PSLX
[00:42:12] [202/459] IPPL
[00:42:13] [203/459] MMSG
[00:42:13] [204/459] INEL
[00:42:14] [205/459] COAC
[00:42:15] [206/459] WVLK
[00:42:16] [207/459] PPXL
[00:42:17] [208/459] PSML
[00:42:18] [209/459] FNLK
[00:42:19] [210/459] ILUM
[00:42:20] [211/459] ILCM
[00:42:21] [212/459] MSNL
[00:42:22] [213/459] VINB
[00:42:23] [214/459] SALW
[00:42:24] [215/459] PRTB
[00:42:25] [216/459] NCIL
[00:42:26] [217/459] PSUL
[00:42:27] [218/459] SCLK
[00:42:28] [219/459] ADDC
[00:42:30] [220/459] OACL
[00:42:30] [221/459] OOCF
[00:42:31] [222/459] GPMF
[00:42:32] [223/459] SSDG
[00:42:33] [224/459] SKRS
[00:42:34] [225/459] NTTP
[00:42:34] [226/459] SLTP
[00:42:35] [227/459] JTLC
[00:42:36] [228/459] POON
[00:42:37] [229/459] CCPC
[00:42:38] [230/459] DCKC
[00:42:38] [231/459] CPRT
[00:42:39] [232/459] EYHZ
[00:42:40] [233/459] ARBL
[00:42:41] [234/459] SBTB
[00:42:42] [235/459] MMCK
[00:42:43] [236/459] PLMR
[00:42:44] [237/459] BIJH
[00:42:45] [238/459] SDRT
[00:42:45] [239/459] PRDC
[00:42:46] [240/459] OMJA
[00:42:47] [241/459] VKCR
[00:42:48] [242/459] ATRT
[00:42:49] [243/459] WVRP
[00:42:49] [244/459] MVRP
[00:42:50] [245/459] FCAX
[00:42:51] [246/459] CTLC
[00:42:51] [247/459] JCHB
[00:42:52] [248/459] SELP
[00:42:53] [249/459] VCPG
[00:42:54] [250/459] ASCX
[00:42:55] [251/459] EOCS
[00:42:56] [252/459] RCPH
[00:42:56] [253/459] RJTM
[00:42:58] [254/459] SGMD
[00:42:58] [255/459] SVJT
[00:42:59] [256/459] SPPO
[00:43:00] [257/459] MNRL
[00:43:01] [258/459] KNOX
[00:43:02] [259/459] GIER
[00:43:02] [260/459] PJMS
[00:43:03] [261/459] UNSP
[00:43:04] [262/459] JETP
[00:43:05] [263/459] VTWA
[00:43:06] [264/459] SCJI
[00:43:07] [265/459] CBZZ
[00:43:07] [266/459] SDCJ
[00:43:09] [267/459] RRCC
[00:43:10] [268/459] VNKG
[00:43:10] [269/459] LKTO
[00:43:11] [270/459] PJRM
[00:43:12] [271/459] NVRM
[00:43:13] [272/459] SJCS
[00:43:14] [273/459] VIGK
[00:43:15] [274/459] ANST
[00:43:16] [275/459] JTTS
[00:43:17] [276/459] NTST
[00:43:18] [277/459] PREB
[00:43:18] [278/459] TSCZ
[00:43:19] [279/459] CDCM
[00:43:20] [280/459] ELYE
[00:43:21] [281/459] INBS
[00:43:22] [282/459] SMGC
[00:43:22] [283/459] UTMP
[00:43:23] [284/459] INTA
[00:43:24] [285/459] OMPT
[00:43:25] [286/459] SCIR
[00:43:26] [287/459] GCKJ
[00:43:26] [288/459] INOG
[00:43:27] [289/459] SMGB
[00:43:28] [290/459] MCSG
[00:43:29] [291/459] STKG
[00:43:30] [292/459] TTKG
[00:43:31] [293/459] SRTR
[00:43:32] [294/459] ETTR
[00:43:32] [295/459] GGGZ
[00:43:33] [296/459] IPGM
[00:43:34] [297/459] FCDH
[00:43:35] [298/459] DESB
[00:43:36] [299/459] VNTP
[00:43:36] [300/459] ANNT
[00:43:38] [301/459] SLTI
[00:43:38] [302/459] MAJU
[00:43:39] [303/459] JCXP
[00:43:40] [304/459] HARK
[00:43:41] [305/459] JPCJ
[00:43:42] [306/459] RXBD
[00:43:43] [307/459] PTKJ
[00:43:44] [308/459] CMTU
[00:43:45] [309/459] SWOR
[00:43:46] [310/459] JMEX
[00:43:47] [311/459] DTPT
[00:43:48] [312/459] VGMM
[00:43:49] [313/459] VCSG
[00:43:50] [314/459] CVCG
[00:43:51] [315/459] TNTT
[00:43:52] [316/459] SHRM
[00:43:53] [317/459] CGKD
[00:43:53] [318/459] EKCM
[00:43:54] [319/459] SDCX
[00:43:55] [320/459] SBTE
[00:43:56] [321/459] STKJ
[00:43:57] [322/459] TPCE
[00:43:58] [323/459] JTNP
[00:43:59] [324/459] LPCH
[00:43:59] [325/459] CPUO
[00:44:00] [326/459] APSU
[00:44:01] [327/459] RTHC
[00:44:02] [328/459] PTBU
[00:44:03] [329/459] CUCC
[00:44:03] [330/459] CPSA
[00:44:04] [331/459] SUAY
[00:44:05] [332/459] AYAA
[00:44:06] [333/459] MUCH
[00:44:07] [334/459] PCIN
[00:44:07] [335/459] JRRM
[00:44:08] [336/459] KATS
[00:44:09] [337/459] MHFF
[00:44:10] [338/459] ESYM
[00:44:11] [339/459] STYV
[00:44:12] [340/459] SDKG
[00:44:13] [341/459] SMTI
[00:44:13] [342/459] NYCS
[00:44:14] [343/459] MTBG
[00:44:15] [344/459] RHCA
[00:44:16] [345/459] PCKH
[00:44:17] [346/459] ARCR
[00:44:18] [347/459] NCMB
[00:44:19] [348/459] SHYC
[00:44:20] [349/459] LACK
[00:44:21] [350/459] MTCM
[00:44:22] [351/459] RRBN
[00:44:23] [352/459] MYDC
[00:44:24] [353/459] STCS
[00:44:25] [354/459] CONN
[00:44:26] [355/459] SIPS
[00:44:27] [356/459] SMMX
[00:44:28] [357/459] SCBY
[00:44:28] [358/459] SUAP
[00:44:29] [359/459] RSMK
[00:44:30] [360/459] STKP
[00:44:31] [361/459] CIPC
[00:44:32] [362/459] KKCI
[00:44:33] [363/459] CTNK
[00:44:34] [364/459] MMTZ
[00:44:34] [365/459] DCCO
[00:44:35] [366/459] VNMN
[00:44:36] [367/459] RLCN
[00:44:37] [368/459] CMMS
[00:44:37] [369/459] AYOU
[00:44:38] [370/459] SSCN
[00:44:39] [371/459] SMXN
[00:44:40] [372/459] ASSK
[00:44:41] [373/459] VCKM
[00:44:41] [374/459] PCPH
[00:44:42] [375/459] PADM
[00:44:43] [376/459] IESA
[00:44:43] [377/459] VCSP
[00:44:44] [378/459] AEST
[00:44:46] [379/459] VTNR
[00:44:47] [380/459] GTTA
[00:44:48] [381/459] CMMM
[00:44:48] [382/459] AHKT
[00:44:49] [383/459] SIJI
[00:44:50] [384/459] VCEI
[00:44:51] [385/459] SAKR
[00:44:52] [386/459] VSMT
[00:44:53] [387/459] SSCT
[00:44:54] [388/459] USTR
[00:44:54] [389/459] MTKT
[00:44:55] [390/459] TGMP
[00:44:56] [391/459] SIVC
[00:44:57] [392/459] KICT
[00:44:58] [393/459] DAMD
[00:44:59] [394/459] CNPT
[00:44:59] [395/459] RVTT
[00:45:00] [396/459] SNCM
[00:45:01] [397/459] GHTE
[00:45:02] [398/459] PPAM
[00:45:03] [399/459] PVAA
[00:45:03] [400/459] CPAO
[00:45:04] [401/459] HAMD
[00:45:05] [402/459] RCCA
[00:45:06] [403/459] MPCH
[00:45:07] [404/459] ARED
[00:45:08] [405/459] RRCV
[00:45:08] [406/459] MTRB
[00:45:09] [407/459] CKUA
[00:45:10] [408/459] ABMP
[00:45:11] [409/459] RCWA
[00:45:12] [410/459] CGAR
[00:45:13] [411/459] METH
[00:45:13] [412/459] WAGA
[00:45:14] [413/459] MCMA
[00:45:15] [414/459] CSMP
[00:45:16] [415/459] RCNK
[00:45:17] [416/459] PSTM
[00:45:18] [417/459] CSEP
[00:45:18] [418/459] AMGD
[00:45:19] [419/459] CSTE
[00:45:20] [420/459] CONS
[00:45:21] [421/459] APPX
[00:45:22] [422/459] MABC
[00:45:23] [423/459] CXST
[00:45:24] [424/459] MATN
[00:45:24] [425/459] MACZ
[00:45:25] [426/459] MASA
[00:45:26] [427/459] MBSX
[00:45:27] [428/459] CSST
[00:45:27] [429/459] APCL
[00:45:28] [430/459] CGOS
[00:45:29] [431/459] CPEC
[00:45:30] [432/459] MCCP
[00:45:31] [433/459] BSSO
[00:45:32] [434/459] SJKA
[00:45:33] [435/459] CGBO
[00:45:33] [436/459] MVSK
[00:45:34] [437/459] HVCA
[00:45:35] [438/459] NAMD
[00:45:36] [439/459] DEVI
[00:45:37] [440/459] SCSV
[00:45:37] [441/459] PSMA
[00:45:38] [442/459] CLDJ
[00:45:39] [443/459] NMAD
[00:45:40] [444/459] CGMO
[00:45:40] [445/459] MCNA
[00:45:41] [446/459] OCBN
[00:45:42] [447/459] CPEM
[00:45:43] [448/459] CPSM
[00:45:44] [449/459] RCAD
[00:45:45] [450/459] CPMU
[00:45:46] [451/459] DICD
[00:45:47] [452/459] CHOE
[00:45:47] [453/459] PDJM
[00:45:48] [454/459] SSTU
[00:45:50] [455/459] VNRN
[00:45:50] [456/459] PVLG
[00:45:51] [457/459] SWBL
[00:45:51] [458/459] SCAB
[00:45:52] [459/459] RDDA
[00:45:53] ✅ DONE | Shows=1 | Movies=1
[01:42:22] 🚀 BMS DAILY TRACKER STARTED
[01:42:22] [1/459] MCCZ
[01:42:22] 🧠 New identity
[01:42:23] [2/459] FRPU
[01:42:23] [3/459] SKSI
[01:42:24] [4/459] SSCK
[01:42:25] [5/459] SRDC
[01:42:26] [6/459] RSCZ
[01:42:27] [7/459] PRVT
[01:42:28] [8/459] GAGJ
[01:42:29] [9/459] SMHG
[01:42:30] [10/459] JTST
[01:42:31] [11/459] MYTH
[01:42:32] [12/459] JPCC
[01:42:33] [13/459] ACDC
[01:42:34] [14/459] SVFP
[01:42:35] [15/459] SFCM
[01:42:36] [16/459] RUPK
[01:42:37] [17/459] NTCR
[01:42:38] [18/459] RTCH
[01:42:39] [19/459] SCMH
[01:42:39] [20/459] SVYM
[01:42:40] [21/459] SPYM
[01:42:41] [22/459] SMMF
[01:42:42] [23/459] CLLB
[01:42:43] [24/459] FMCB
[01:42:44] [25/459] BBTC
[01:42:46] [26/459] NTHS
[01:42:47] [27/459] PKKJ
[01:42:48] [28/459] MTJA
[01:42:49] [29/459] PMSJ
[01:42:50] [30/459] JMJU
[01:42:51] [31/459] SRAD
[01:42:53] [32/459] MJMC
[01:42:54] [33/459] DFRM
[01:42:55] [34/459] PMRS
[01:42:56] [35/459] RKPP
[01:42:57] [36/459] BMBK
[01:42:58] [37/459] NEWS
[01:42:59] [38/459] SALB
[01:43:00] [39/459] SCPW
[01:43:01] [40/459] RAYL
[01:43:02] [41/459] CMGJ
[01:43:03] [42/459] JRCR
[01:43:04] [43/459] SRTB
[01:43:05] [44/459] ETPB
[01:43:05] [45/459] MXBN
[01:43:07] [46/459] TOPE
[01:43:08] [47/459] SNLJ
[01:43:09] [48/459] CDDP
[01:43:09] [49/459] APCX
[01:43:11] [50/459] TALP
[01:43:12] [51/459] RRMP
[01:43:13] [52/459] MAHB
[01:43:13] [53/459] MTKR
[01:43:15] [54/459] KSKL
[01:43:16] [55/459] RJLT
[01:43:17] [56/459] ATAS
[01:43:18] [57/459] AMHR
[01:43:19] [58/459] RSRM
[01:43:20] [59/459] GCAT
[01:43:21] [60/459] SMML
[01:43:22] [61/459] ACCD
[01:43:23] [62/459] VYDA
[01:43:24] [63/459] MSKT
[01:43:25] [64/459] AVDM
[01:43:28] [65/459] ASMH
[01:43:30] [66/459] VTMB
[01:43:34] [67/459] WVMB
[01:43:35] [68/459] PPMN
[01:43:36] [69/459] MTMD
[01:43:37] [70/459] SMMO
[01:43:38] [71/459] DLPB
[01:43:39] [72/459] AKMD
[01:43:40] [73/459] SHRR
[01:43:44] [74/459] ASCO
[01:43:45] [75/459] CZVX
[01:43:49] [76/459] GCBB
[01:43:50] [77/459] ATBM
[01:43:51] [78/459] TCGM
[01:43:52] [79/459] UMSE
[01:43:53] [80/459] NKCL
[01:43:54] [81/459] BTLR
[01:43:55] [82/459] GOCL
[01:43:56] [83/459] MIRN
[01:43:59] [84/459] THEC
[01:44:00] [85/459] SPPB
[01:44:01] [86/459] PMMM
[01:44:03] [87/459] GGMC
[01:44:04] [88/459] AVSR
[01:44:04] [89/459] RDMH
[01:44:06] [90/459] JSRS
[01:44:06] [91/459] VKGP
[01:44:08] [92/459] ACRT
[01:44:09] [93/459] GCBA
[01:44:11] [94/459] GTCP
[01:44:14] [95/459] AKFC
[01:44:15] [96/459] INCS
[01:44:16] [97/459] SMCK
[01:44:16] [98/459] BRUN
[01:44:18] [99/459] RPPC
[01:44:19] [100/459] PAYD
[01:44:20] [101/459] SVVT
[01:44:23] [102/459] RNCC
[01:44:23] [103/459] PCRC
[01:44:24] [104/459] PMRM
[01:44:25] [105/459] CCRP
[01:44:27] [106/459] INCR
[01:44:29] [107/459] ZTMP
[01:44:33] [108/459] MCNR
[01:44:35] [109/459] INRP
[01:44:35] [110/459] STRC
[01:44:36] [111/459] RATI
[01:44:37] [112/459] PBTR
[01:44:38] [113/459] CMHP
[01:44:39] [114/459] ZECJ
[01:44:40] [115/459] CCCB
[01:44:41] [116/459] BWCB
[01:44:42] [117/459] CCAT
[01:44:43] [118/459] KGCM
[01:44:44] [119/459] INPT
[01:44:49] [120/459] FNCO
[01:44:50] [121/459] SRMJ
[01:45:00] [122/459] PFSC
[01:45:03] [123/459] PBMC
[01:45:04] [124/459] KARP
[01:45:06] [125/459] KOVI
[01:45:08] [126/459] ACXL
[01:45:09] [127/459] GKCC
[01:45:10] [128/459] ASCC
[01:45:12] [129/459] SETC
[01:45:14] [130/459] KACC
[01:45:15] [131/459] KAVE
[01:45:16] [132/459] CNTC
[01:45:20] [133/459] MEEN
[01:45:22] [134/459] BMRV
[01:45:23] [135/459] SVAM
[01:45:24] [136/459] VTBP
[01:45:24] [137/459] VCKN
[01:45:25] [138/459] SGTK
[01:45:26] [139/459] RCGS
[01:45:27] [140/459] RCCB
[01:45:28] [141/459] RKSR
[01:45:29] [142/459] RKCU
[01:45:29] [143/459] GIBH
[01:45:31] [144/459] CXBS
[01:45:32] [145/459] GGCB
[01:45:33] [146/459] SCPB
[01:45:34] [147/459] AKTB
[01:45:35] [148/459] SRBU
[01:45:36] [149/459] CSSA
[01:45:40] [150/459] MYAN
[01:45:40] [151/459] EXCA
[01:45:41] [152/459] CKSA
[01:45:42] [153/459] JTNM
[01:45:44] [154/459] CXKT
[01:45:45] [155/459] NCLM
[01:45:47] [156/459] JAAD
[01:45:48] [157/459] RDCR
[01:45:49] [158/459] MEER
[01:45:55] [159/459] SIBT
[01:45:56] [160/459] PVVB
[01:45:57] [161/459] FNPN
[01:45:58] [162/459] CRPX
[01:45:58] [163/459] STET
[01:45:59] [164/459] METE
[01:46:00] [165/459] BJML
[01:46:01] [166/459] MAVT
[01:46:02] [167/459] MSRM
[01:46:02] [168/459] TJMP
[01:46:06] [169/459] MHCK
[01:46:06] [170/459] SVGP
[01:46:08] [171/459] KRRC
[01:46:09] [172/459] IMCH
[01:46:10] [173/459] CMCS
[01:46:11] [174/459] SGND
[01:46:12] [175/459] RNAT
[01:46:13] [176/459] PRTN
[01:46:13] [177/459] MPTN
[01:46:15] [178/459] ARCC
[01:46:16] [179/459] NTTE
[01:46:17] [180/459] ABND
[01:46:18] [181/459] KCSN
[01:46:20] [182/459] KCSA
[01:46:21] [183/459] DCKT
[01:46:23] [184/459] MBBR
[01:46:25] [185/459] RAMU
[01:46:25] [186/459] RACW
[01:46:28] [187/459] MCHP
[01:46:29] [188/459] TMHM
[01:46:29] [189/459] STXH
[01:46:30] [190/459] AGSG
[01:46:31] [191/459] SIRA
[01:46:32] [192/459] RCAN
[01:46:33] [193/459] CWTB
[01:46:34] [194/459] VTYM
[01:46:34] [195/459] RRPP
[01:46:36] [196/459] ASMR
[01:46:37] [197/459] RONO
[01:46:38] [198/459] MEMR
[01:46:39] [199/459] CTMR
[01:46:39] [200/459] PMTT
[01:46:41] [201/459] PSLX
[01:46:42] [202/459] IPPL
[01:46:43] [203/459] MMSG
[01:46:43] [204/459] INEL
[01:46:44] [205/459] COAC
[01:46:45] [206/459] WVLK
[01:46:46] [207/459] PPXL
[01:46:47] [208/459] PSML
[01:46:47] [209/459] FNLK
[01:46:49] [210/459] ILUM
[01:46:49] [211/459] ILCM
[01:46:50] [212/459] MSNL
[01:46:51] [213/459] VINB
[01:46:52] [214/459] SALW
[01:46:54] [215/459] PRTB
[01:46:54] [216/459] NCIL
[01:46:55] [217/459] PSUL
[01:46:57] [218/459] SCLK
[01:46:58] [219/459] ADDC
[01:47:00] [220/459] OACL
[01:47:01] [221/459] OOCF
[01:47:03] [222/459] GPMF
[01:47:04] [223/459] SSDG
[01:47:05] [224/459] SKRS
[01:47:05] [225/459] NTTP
[01:47:06] [226/459] SLTP
[01:47:07] [227/459] JTLC
[01:47:08] [228/459] POON
[01:47:08] [229/459] CCPC
[01:47:09] [230/459] DCKC
[01:47:10] [231/459] CPRT
[01:47:11] [232/459] EYHZ
[01:47:12] [233/459] ARBL
[01:47:12] [234/459] SBTB
[01:47:13] [235/459] MMCK
[01:47:14] [236/459] PLMR
[01:47:15] [237/459] BIJH
[01:47:19] [238/459] SDRT
[01:47:20] [239/459] PRDC
[01:47:21] [240/459] OMJA
[01:47:22] [241/459] VKCR
[01:47:24] [242/459] ATRT
[01:47:25] [243/459] WVRP
[01:47:25] [244/459] MVRP
[01:47:27] [245/459] FCAX
[01:47:28] [246/459] CTLC
[01:47:29] [247/459] JCHB
[01:47:31] [248/459] SELP
[01:47:31] [249/459] VCPG
[01:47:32] [250/459] ASCX
[01:47:34] [251/459] EOCS
[01:47:35] [252/459] RCPH
[01:47:36] [253/459] RJTM
[01:47:38] [254/459] SGMD
[01:47:39] [255/459] SVJT
[01:47:40] [256/459] SPPO
[01:47:41] [257/459] MNRL
[01:47:41] [258/459] KNOX
[01:47:42] [259/459] GIER
[01:47:43] [260/459] PJMS
[01:47:44] [261/459] UNSP
[01:47:45] [262/459] JETP
[01:47:46] [263/459] VTWA
[01:47:46] [264/459] SCJI
[01:47:47] [265/459] CBZZ
[01:47:50] [266/459] SDCJ
[01:47:52] [267/459] RRCC
[01:47:53] [268/459] VNKG
[01:47:54] [269/459] LKTO
[01:47:58] [270/459] PJRM
[01:47:59] [271/459] NVRM
[01:48:00] [272/459] SJCS
[01:48:01] [273/459] VIGK
[01:48:02] [274/459] ANST
[01:48:03] [275/459] JTTS
[01:48:04] [276/459] NTST
[01:48:05] [277/459] PREB
[01:48:06] [278/459] TSCZ
[01:48:07] [279/459] CDCM
[01:48:08] [280/459] ELYE
[01:48:09] [281/459] INBS
[01:48:11] [282/459] SMGC
[01:48:12] [283/459] UTMP
[01:48:13] [284/459] INTA
[01:48:14] [285/459] OMPT
[01:48:15] [286/459] SCIR
[01:48:17] [287/459] GCKJ
[01:48:19] [288/459] INOG
[01:48:20] [289/459] SMGB
[01:48:21] [290/459] MCSG
[01:48:22] [291/459] STKG
[01:48:23] [292/459] TTKG
[01:48:24] [293/459] SRTR
[01:48:25] [294/459] ETTR
[01:48:26] [295/459] GGGZ
[01:48:27] [296/459] IPGM
[01:48:28] [297/459] FCDH
[01:48:29] [298/459] DESB
[01:48:29] [299/459] VNTP
[01:48:31] [300/459] ANNT
[01:48:31] [301/459] SLTI
[01:48:32] [302/459] MAJU
[01:48:33] [303/459] JCXP
[01:48:34] [304/459] HARK
[01:48:35] [305/459] JPCJ
[01:48:36] [306/459] RXBD
[01:48:39] [307/459] PTKJ
[01:48:40] [308/459] CMTU
[01:48:40] [309/459] SWOR
[01:48:41] [310/459] JMEX
[01:48:43] [311/459] DTPT
[01:48:45] [312/459] VGMM
[01:48:47] [313/459] VCSG
[01:48:48] [314/459] CVCG
[01:48:49] [315/459] TNTT
[01:48:49] [316/459] SHRM
[01:48:50] [317/459] CGKD
[01:48:51] [318/459] EKCM
[01:48:53] [319/459] SDCX
[01:48:54] [320/459] SBTE
[01:48:54] [321/459] STKJ
[01:48:55] [322/459] TPCE
[01:48:56] [323/459] JTNP
[01:48:57] [324/459] LPCH
[01:48:58] [325/459] CPUO
[01:48:59] [326/459] APSU
[01:49:00] [327/459] RTHC
[01:49:02] [328/459] PTBU
[01:49:04] [329/459] CUCC
[01:49:04] [330/459] CPSA
[01:49:07] [331/459] SUAY
[01:49:08] [332/459] AYAA
[01:49:10] [333/459] MUCH
[01:49:11] [334/459] PCIN
[01:49:12] [335/459] JRRM
[01:49:14] [336/459] KATS
[01:49:14] [337/459] MHFF
[01:49:17] [338/459] ESYM
[01:49:19] [339/459] STYV
[01:49:20] [340/459] SDKG
[01:49:22] [341/459] SMTI
[01:49:23] [342/459] NYCS
[01:49:24] [343/459] MTBG
[01:49:25] [344/459] RHCA
[01:49:26] [345/459] PCKH
[01:49:27] [346/459] ARCR
[01:49:28] [347/459] NCMB
[01:49:29] [348/459] SHYC
[01:49:30] [349/459] LACK
[01:49:32] [350/459] MTCM
[01:49:34] [351/459] RRBN
[01:49:35] [352/459] MYDC
[01:49:36] [353/459] STCS
[01:49:37] [354/459] CONN
[01:49:38] [355/459] SIPS
[01:49:39] [356/459] SMMX
[01:49:40] [357/459] SCBY
[01:49:41] [358/459] SUAP
[01:49:42] [359/459] RSMK
[01:49:43] [360/459] STKP
[01:49:44] [361/459] CIPC
[01:49:46] [362/459] KKCI
[01:49:46] [363/459] CTNK
[01:49:48] [364/459] MMTZ
[01:49:50] [365/459] DCCO
[01:49:51] [366/459] VNMN
[01:49:52] [367/459] RLCN
[01:49:53] [368/459] CMMS
[01:49:54] [369/459] AYOU
[01:49:54] [370/459] SSCN
[01:49:55] [371/459] SMXN
[01:49:56] [372/459] ASSK
[01:49:57] [373/459] VCKM
[01:49:58] [374/459] PCPH
[01:49:59] [375/459] PADM
[01:50:00] [376/459] IESA
[01:50:01] [377/459] VCSP
[01:50:02] [378/459] AEST
[01:50:03] [379/459] VTNR
[01:50:04] [380/459] GTTA
[01:50:05] [381/459] CMMM
[01:50:06] [382/459] AHKT
[01:50:07] [383/459] SIJI
[01:50:08] [384/459] VCEI
[01:50:09] [385/459] SAKR
[01:50:10] [386/459] VSMT
[01:50:11] [387/459] SSCT
[01:50:12] [388/459] USTR
[01:50:14] [389/459] MTKT
[01:50:16] [390/459] TGMP
[01:50:17] [391/459] SIVC
[01:50:19] [392/459] KICT
[01:50:20] [393/459] DAMD
[01:50:21] [394/459] CNPT
[01:50:22] [395/459] RVTT
[01:50:23] [396/459] SNCM
[01:50:24] [397/459] GHTE
[01:50:25] [398/459] PPAM
[01:50:26] [399/459] PVAA
[01:50:27] [400/459] CPAO
[01:50:28] [401/459] HAMD
[01:50:29] [402/459] RCCA
[01:50:30] [403/459] MPCH
[01:50:31] [404/459] ARED
[01:50:31] [405/459] RRCV
[01:50:33] [406/459] MTRB
[01:50:34] [407/459] CKUA
[01:50:34] [408/459] ABMP
[01:50:35] [409/459] RCWA
[01:50:36] [410/459] CGAR
[01:50:37] [411/459] METH
[01:50:38] [412/459] WAGA
[01:50:40] [413/459] MCMA
[01:50:41] [414/459] CSMP
[01:50:41] [415/459] RCNK
[01:50:42] [416/459] PSTM
[01:50:43] [417/459] CSEP
[01:50:45] [418/459] AMGD
[01:50:45] [419/459] CSTE
[01:50:46] [420/459] CONS
[01:50:47] [421/459] APPX
[01:50:48] [422/459] MABC
[01:50:48] [423/459] CXST
[01:50:50] [424/459] MATN
[01:50:51] [425/459] MACZ
[01:50:53] [426/459] MASA
[01:50:54] [427/459] MBSX
[01:50:55] [428/459] CSST
[01:50:55] [429/459] APCL
[01:50:56] [430/459] CGOS
[01:50:57] [431/459] CPEC
[01:50:59] [432/459] MCCP
[01:50:59] [433/459] BSSO
[01:51:00] [434/459] SJKA
[01:51:01] [435/459] CGBO
[01:51:02] [436/459] MVSK
[01:51:03] [437/459] HVCA
[01:51:04] [438/459] NAMD
[01:51:05] [439/459] DEVI
[01:51:06] [440/459] SCSV
[01:51:07] [441/459] PSMA
[01:51:08] [442/459] CLDJ
[01:51:09] [443/459] NMAD
[01:51:10] [444/459] CGMO
[01:51:11] [445/459] MCNA
[01:51:11] [446/459] OCBN
[01:51:12] [447/459] CPEM
[01:51:13] [448/459] CPSM
[01:51:14] [449/459] RCAD
[01:51:15] [450/459] CPMU
[01:51:16] [451/459] DICD
[01:51:17] [452/459] CHOE
[01:51:18] [453/459] PDJM
[01:51:19] [454/459] SSTU
[01:51:19] [455/459] VNRN
[01:51:20] [456/459] PVLG
[01:51:21] [457/459] SWBL
[01:51:22] [458/459] SCAB
[01:51:23] [459/459] RDDA
[01:51:24] ✅ DONE | Shows=1 | Movies=1
