[00:39:29] 🚀 BMS DAILY TRACKER STARTED
[00:39:29] [1/459] FNDB
[00:39:29] 🧠 New identity
[00:39:30] [2/459] AMBH
[00:39:30] [3/459] PRHN
[00:39:32] [4/459] ACPM
[00:39:32] [5/459] PVFS
[00:39:33] [6/459] AACN
[00:39:35] [7/459] ACAS
[00:39:36] [8/459] CTNR
[00:39:37] [9/459] MMAH
[00:39:37] [10/459] CPMH
[00:39:39] [11/459] IGMH
[00:39:39] [12/459] ABCS
[00:39:40] [13/459] CMMA
[00:39:42] [14/459] GPRH
[00:39:43] [15/459] PNNG
[00:39:44] [16/459] AMCA
[00:39:44] [17/459] ISTN
[00:39:46] [18/459] PIIC
[00:39:48] [19/459] AHMH
[00:39:48] [20/459] ASHN
[00:39:49] [21/459] INHY
[00:39:50] [22/459] SRMO
[00:39:51] [23/459] PIMH
[00:39:52] [24/459] PVTS
[00:39:53] [25/459] MMCA
[00:39:54] [26/459] AKYJ
[00:39:55] [27/459] BRKH
[00:39:56] [28/459] MAHM
[00:39:57] [29/459] CPHY
[00:39:57] [30/459] PVTP
[00:39:58] [31/459] SMMR
[00:39:59] [32/459] PVHM
[00:40:00] [33/459] SNDY
[00:40:01] [34/459] GOKU
[00:40:02] [35/459] ACEV
[00:40:03] [36/459] PVUM
[00:40:03] [37/459] VSWA
[00:40:04] [38/459] IPRS
[00:40:05] [39/459] ASGN
[00:40:06] [40/459] BKMV
[00:40:06] [41/459] PVYH
[00:40:08] [42/459] INKM
[00:40:09] [43/459] ARJU
[00:40:10] [44/459] JJPP
[00:40:11] [45/459] SSRM
[00:40:11] [46/459] HMHD
[00:40:12] [47/459] SNKH
[00:40:13] [48/459] ACHI
[00:40:14] [49/459] MRAA
[00:40:14] [50/459] INMH
[00:40:15] [51/459] ARMH
[00:40:16] [52/459] DVRR
[00:40:17] [53/459] SUDA
[00:40:18] [54/459] MCSS
[00:40:19] [55/459] VRKC
[00:40:20] [56/459] PRCX
[00:40:21] [57/459] ASJY
[00:40:22] [58/459] MTHY
[00:40:23] [59/459] SRCM
[00:40:24] [60/459] TVHY
[00:40:25] [61/459] STHD
[00:40:26] [62/459] CPCL
[00:40:27] [63/459] PSMJ
[00:40:27] [64/459] MRGT
[00:40:28] [65/459] ARYH
[00:40:30] [66/459] VTRB
[00:40:31] [67/459] SCHC
[00:40:32] [68/459] MRRG
[00:40:32] [69/459] SPCB
[00:40:33] [70/459] AMCM
[00:40:34] [71/459] IVNM
[00:40:35] [72/459] TRHY
[00:40:36] [73/459] PTTH
[00:40:37] [74/459] RKMH
[00:40:38] [75/459] PRCS
[00:40:39] [76/459] VAJA
[00:40:40] [77/459] BJNG
[00:40:41] [78/459] SCVM
[00:40:42] [79/459] GNHB
[00:40:42] [80/459] TLUR
[00:40:43] [81/459] UKCC
[00:40:44] [82/459] SRKR
[00:40:45] [83/459] RMKN
[00:40:46] [84/459] SLRT
[00:40:47] [85/459] LKMT
[00:40:47] [86/459] SSRJ
[00:40:48] [87/459] SPHT
[00:40:49] [88/459] ANTT
[00:40:50] [89/459] SRCH
[00:40:51] [90/459] SRCA
[00:40:51] [91/459] ARTH
[00:40:52] [92/459] MCBH
[00:40:53] [93/459] SNIB
[00:40:54] [94/459] SART
[00:40:55] [95/459] SKTA
[00:40:55] [96/459] YAKT
[00:40:56] [97/459] MLCK
[00:40:57] [98/459] ANTS
[00:40:58] [99/459] DGCA
[00:40:58] [100/459] SGMP
[00:41:00] [101/459] ASWN
[00:41:01] [102/459] KFVU
[00:41:01] [103/459] POOR
[00:41:02] [104/459] GKDN
[00:41:03] [105/459] EOSE
[00:41:04] [106/459] GTTT
[00:41:05] [107/459] ARRO
[00:41:06] [108/459] CMMK
[00:41:07] [109/459] MSCN
[00:41:07] [110/459] GDKH
[00:41:08] [111/459] DLMT
[00:41:09] [112/459] PVMF
[00:41:10] [113/459] CPCK
[00:41:11] [114/459] VMHE
[00:41:11] [115/459] PVLC
[00:41:12] [116/459] PCVB
[00:41:13] [117/459] SNYK
[00:41:15] [118/459] KTEK
[00:41:17] [119/459] PCNM
[00:41:17] [120/459] NTTR
[00:41:18] [121/459] CPSK
[00:41:19] [122/459] JMMA
[00:41:20] [123/459] GCFK
[00:41:21] [124/459] MYCA
[00:41:22] [125/459] KSNP
[00:41:22] [126/459] PMCE
[00:41:23] [127/459] SCKI
[00:41:25] [128/459] FSMA
[00:41:26] [129/459] CETA
[00:41:27] [130/459] MCIK
[00:41:28] [131/459] MYCR
[00:41:29] [132/459] EVMP
[00:41:31] [133/459] SSGT
[00:41:31] [134/459] KCTK
[00:41:32] [135/459] ZTKC
[00:41:33] [136/459] MMTA
[00:41:34] [137/459] MAJT
[00:41:35] [138/459] ACPK
[00:41:36] [139/459] JMAX
[00:41:37] [140/459] SETK
[00:41:37] [141/459] CAIS
[00:41:39] [142/459] AGCD
[00:41:40] [143/459] URCL
[00:41:41] [144/459] VTDS
[00:41:41] [145/459] JCNM
[00:41:42] [146/459] KCAM
[00:41:43] [147/459] ADCU
[00:41:44] [148/459] GXYN
[00:41:45] [149/459] SMJG
[00:41:46] [150/459] EYCJ
[00:41:47] [151/459] CCEJ
[00:41:48] [152/459] MARS
[00:41:49] [153/459] CPVJ
[00:41:50] [154/459] INVP
[00:41:51] [155/459] CPOV
[00:41:52] [156/459] VIJK
[00:41:53] [157/459] LAIM
[00:41:54] [158/459] STHV
[00:41:54] [159/459] SVLJ
[00:41:55] [160/459] ATVJ
[00:41:56] [161/459] JTSC
[00:41:57] [162/459] RMTV
[00:41:58] [163/459] MGGG
[00:41:59] [164/459] SWTH
[00:42:00] [165/459] INVJ
[00:42:00] [166/459] PRSV
[00:42:01] [167/459] JATV
[00:42:02] [168/459] RCVD
[00:42:03] [169/459] BDMA
[00:42:04] [170/459] BLJI
[00:42:05] [171/459] SWOT
[00:42:06] [172/459] SWRN
[00:42:07] [173/459] TVRA
[00:42:08] [174/459] VCSV
[00:42:09] [175/459] NVRN
[00:42:09] [176/459] SIKC
[00:42:10] [177/459] VAKR
[00:42:11] [178/459] SYLN
[00:42:12] [179/459] KLJL
[00:42:13] [180/459] LKMY
[00:42:14] [181/459] VSLY
[00:42:15] [182/459] CIKO
[00:42:16] [183/459] GPBG
[00:42:16] [184/459] CECM
[00:42:17] [185/459] SLKB
[00:42:18] [186/459] MTBO
[00:42:19] [187/459] SSHB
[00:42:20] [188/459] VPCS
[00:42:22] [189/459] RCSR
[00:42:23] [190/459] RJRM
[00:42:24] [191/459] KPPB
[00:42:25] [192/459] SEDC
[00:42:26] [193/459] SCAI
[00:42:26] [194/459] RMTR
[00:42:27] [195/459] ASST
[00:42:28] [196/459] GCAK
[00:42:29] [197/459] ANNK
[00:42:30] [198/459] KDDF
[00:42:31] [199/459] NRDP
[00:42:31] [200/459] PLAK
[00:42:32] [201/459] GCMC
[00:42:33] [202/459] ALPY
[00:42:34] [203/459] SICE
[00:42:34] [204/459] SISR
[00:42:35] [205/459] SRPZ
[00:42:36] [206/459] SRSW
[00:42:37] [207/459] SUYA
[00:42:38] [208/459] AMMT
[00:42:39] [209/459] BHCU
[00:42:40] [210/459] KLPA
[00:42:41] [211/459] NVKH
[00:42:42] [212/459] JMRC
[00:42:43] [213/459] KTTT
[00:42:44] [214/459] MAGH
[00:42:44] [215/459] MMMX
[00:42:45] [216/459] SALJ
[00:42:46] [217/459] GTJA
[00:42:47] [218/459] MAHT
[00:42:48] [219/459] SSNN
[00:42:49] [220/459] ARRP
[00:42:49] [221/459] ATNS
[00:42:51] [222/459] SKDT
[00:42:52] [223/459] ACAT
[00:42:53] [224/459] APRC
[00:42:53] [225/459] SWAG
[00:42:54] [226/459] SDPT
[00:42:56] [227/459] STPS
[00:42:56] [228/459] WWCZ
[00:42:58] [229/459] LLCH
[00:42:59] [230/459] MZHA
[00:43:00] [231/459] CRJG
[00:43:02] [232/459] JGTK
[00:43:03] [233/459] KCSR
[00:43:04] [234/459] CHTL
[00:43:04] [235/459] EDSR
[00:43:05] [236/459] CSWO
[00:43:06] [237/459] CPVM
[00:43:07] [238/459] MXBY
[00:43:08] [239/459] FMMA
[00:43:08] [240/459] POVI
[00:43:10] [241/459] MTHB
[00:43:11] [242/459] INRC
[00:43:11] [243/459] PIPP
[00:43:12] [244/459] BMXC
[00:43:13] [245/459] PCMM
[00:43:15] [246/459] PMKM
[00:43:15] [247/459] GATY
[00:43:16] [248/459] IMCM
[00:43:17] [249/459] POPE
[00:43:18] [250/459] MTCR
[00:43:19] [251/459] PVAE
[00:43:19] [252/459] PVMI
[00:43:21] [253/459] CPNM
[00:43:22] [254/459] FMRL
[00:43:23] [255/459] MCIW
[00:43:24] [256/459] MXBO
[00:43:24] [257/459] FMKY
[00:43:25] [258/459] FMDA
[00:43:26] [259/459] THAB
[00:43:27] [260/459] PRCW
[00:43:28] [261/459] PITI
[00:43:29] [262/459] MCFF
[00:43:30] [263/459] PDDV
[00:43:31] [264/459] MCRM
[00:43:31] [265/459] KKMB
[00:43:32] [266/459] INKO
[00:43:33] [267/459] PLXP
[00:43:34] [268/459] MMHA
[00:43:35] [269/459] FMVS
[00:43:36] [270/459] POLM
[00:43:36] [271/459] STER
[00:43:37] [272/459] PVWJ
[00:43:38] [273/459] IMJW
[00:43:39] [274/459] FNAN
[00:43:40] [275/459] CAGL
[00:43:41] [276/459] IPBG
[00:43:41] [277/459] SMFV
[00:43:42] [278/459] MMMR
[00:43:43] [279/459] MMWM
[00:43:44] [280/459] FNCM
[00:43:45] [281/459] MDVA
[00:43:46] [282/459] MMET
[00:43:47] [283/459] MIDO
[00:43:48] [284/459] INNP
[00:43:49] [285/459] MIFU
[00:43:49] [286/459] MMSZ
[00:43:50] [287/459] BMXA
[00:43:51] [288/459] MCAA
[00:43:53] [289/459] SCVP
[00:43:53] [290/459] PLUS
[00:43:54] [291/459] MUCK
[00:43:54] [292/459] MTMA
[00:43:55] [293/459] HPVR
[00:43:56] [294/459] PMPK
[00:43:57] [295/459] MAJB
[00:43:58] [296/459] CTRR
[00:43:59] [297/459] MCTG
[00:43:59] [298/459] MACE
[00:44:00] [299/459] AAAS
[00:44:01] [300/459] CPVV
[00:44:02] [301/459] RCHG
[00:44:03] [302/459] MCNE
[00:44:04] [303/459] EMNC
[00:44:05] [304/459] MCAN
[00:44:05] [305/459] TCDM
[00:44:06] [306/459] IRGT
[00:44:07] [307/459] GCMG
[00:44:08] [308/459] MXSN
[00:44:08] [309/459] MXCK
[00:44:09] [310/459] MCRC
[00:44:10] [311/459] RSMI
[00:44:11] [312/459] WAML
[00:44:12] [313/459] MTSC
[00:44:13] [314/459] FMDR
[00:44:14] [315/459] LEPV
[00:44:15] [316/459] MTGD
[00:44:16] [317/459] IMOB
[00:44:17] [318/459] CLMM
[00:44:18] [319/459] PZCD
[00:44:18] [320/459] GOCS
[00:44:19] [321/459] KCMA
[00:44:21] [322/459] CCMP
[00:44:21] [323/459] MTSU
[00:44:22] [324/459] SNGL
[00:44:23] [325/459] MMMC
[00:44:24] [326/459] MMAA
[00:44:25] [327/459] GCDM
[00:44:26] [328/459] KTMV
[00:44:27] [329/459] AETE
[00:44:28] [330/459] OMCS
[00:44:29] [331/459] GDCD
[00:44:30] [332/459] NYMD
[00:44:31] [333/459] RNCV
[00:44:32] [334/459] KKMT
[00:44:33] [335/459] GDTH
[00:44:33] [336/459] KMMV
[00:44:34] [337/459] NHCG
[00:44:35] [338/459] PJDW
[00:44:35] [339/459] MMCV
[00:44:36] [340/459] FQSA
[00:44:37] [341/459] KURL
[00:44:38] [342/459] NNNX
[00:44:38] [343/459] AMAU
[00:44:39] [344/459] VVVM
[00:44:40] [345/459] VECU
[00:44:41] [346/459] WCVR
[00:44:41] [347/459] MTGG
[00:44:42] [348/459] SGTG
[00:44:44] [349/459] MNTG
[00:44:44] [350/459] JDDG
[00:44:45] [351/459] MBTK
[00:44:46] [352/459] SGCD
[00:44:47] [353/459] MCTC
[00:44:47] [354/459] JTPC
[00:44:48] [355/459] SDKT
[00:44:49] [356/459] KRCC
[00:44:50] [357/459] RMMD
[00:44:51] [358/459] AAME
[00:44:52] [359/459] TMWC
[00:44:52] [360/459] NRWY
[00:44:53] [361/459] CITD
[00:44:55] [362/459] VERD
[00:44:56] [363/459] MKSK
[00:44:56] [364/459] STSM
[00:44:57] [365/459] MJDG
[00:44:58] [366/459] RKPM
[00:44:59] [367/459] SSCE
[00:44:59] [368/459] VMAE
[00:45:00] [369/459] SBRU
[00:45:01] [370/459] AMBC
[00:45:02] [371/459] AMLU
[00:45:03] [372/459] INVZ
[00:45:04] [373/459] LGTV
[00:45:05] [374/459] SVAD
[00:45:05] [375/459] SMSA
[00:45:06] [376/459] SPCZ
[00:45:07] [377/459] GTCX
[00:45:08] [378/459] SCSL
[00:45:09] [379/459] SAHU
[00:45:09] [380/459] NCDA
[00:45:11] [381/459] SCCG
[00:45:12] [382/459] VKTL
[00:45:12] [383/459] PUUJ
[00:45:13] [384/459] STEJ
[00:45:14] [385/459] RJAL
[00:45:14] [386/459] ACJC
[00:45:15] [387/459] VTHC
[00:45:16] [388/459] ARVB
[00:45:17] [389/459] AUBB
[00:45:18] [390/459] GDBR
[00:45:19] [391/459] PVND
[00:45:19] [392/459] BGRJ
[00:45:21] [393/459] RJMM
[00:45:21] [394/459] MCSA
[00:45:22] [395/459] BODA
[00:45:23] [396/459] JAGG
[00:45:24] [397/459] SCGA
[00:45:25] [398/459] LRCM
[00:45:26] [399/459] CPCN
[00:45:27] [400/459] SSTF
[00:45:28] [401/459] SRXP
[00:45:28] [402/459] CNFX
[00:45:29] [403/459] ANDI
[00:45:30] [404/459] SYEW
[00:45:31] [405/459] RCRE
[00:45:32] [406/459] SCRW
[00:45:33] [407/459] MBKR
[00:45:34] [408/459] ASNT
[00:45:35] [409/459] JTMT
[00:45:36] [410/459] SHAY
[00:45:36] [411/459] VRTH
[00:45:37] [412/459] SPTI
[00:45:38] [413/459] DPTD
[00:45:38] [414/459] TGSN
[00:45:39] [415/459] RCWV
[00:45:40] [416/459] OCUR
[00:45:42] [417/459] KSTC
[00:45:42] [418/459] SANI
[00:45:43] [419/459] MLCA
[00:45:44] [420/459] EGCA
[00:45:44] [421/459] SYSN
[00:45:45] [422/459] PKTA
[00:45:46] [423/459] PRCC
[00:45:47] [424/459] KSTR
[00:45:47] [425/459] SNTP
[00:45:49] [426/459] RCHA
[00:45:49] [427/459] SEEA
[00:45:50] [428/459] ALAT
[00:45:51] [429/459] AATV
[00:45:52] [430/459] RJTE
[00:45:52] [431/459] AAPP
[00:45:53] [432/459] PMMH
[00:45:54] [433/459] INRJ
[00:45:55] [434/459] SARB
[00:45:56] [435/459] PCJL
[00:45:56] [436/459] PFJJ
[00:45:57] [437/459] GRDC
[00:45:58] [438/459] BCBA
[00:45:59] [439/459] VIXL
[00:46:00] [440/459] CSTL
[00:46:01] [441/459] MTDK
[00:46:01] [442/459] TDAC
[00:46:02] [443/459] GTDN
[00:46:03] [444/459] TTDE
[00:46:04] [445/459] ASTS
[00:46:04] [446/459] CPNS
[00:46:05] [447/459] PVVW
[00:46:06] [448/459] USEB
[00:46:07] [449/459] DTYN
[00:46:08] [450/459] PVLE
[00:46:09] [451/459] CIPS
[00:46:10] [452/459] PAEG
[00:46:10] [453/459] PTCW
[00:46:11] [454/459] G3SR
[00:46:13] [455/459] PGND
[00:46:13] [456/459] INVM
[00:46:14] [457/459] SPIA
[00:46:15] [458/459] PCSN
[00:46:16] [459/459] PPGV
[00:46:17] ✅ DONE | Shows=3 | Movies=1
