[00:38:40] 🚀 BMS DAILY TRACKER STARTED
[00:38:40] [1/459] NECA
[00:38:40] 🧠 New identity
[00:38:41] [2/459] BJLC
[00:38:42] [3/459] BASU
[00:38:43] [4/459] RUPI
[00:38:44] [5/459] LCBK
[00:38:45] [6/459] PMAC
[00:38:46] [7/459] AMLC
[00:38:47] [8/459] LICL
[00:38:47] [9/459] UDMM
[00:38:48] [10/459] STBZ
[00:38:49] [11/459] UUBT
[00:38:50] [12/459] SJKC
[00:38:51] [13/459] TUAL
[00:38:52] [14/459] MRSE
[00:38:53] [15/459] RMRK
[00:38:53] [16/459] TTKP
[00:38:54] [17/459] KTKO
[00:38:55] [18/459] SDBK
[00:38:56] [19/459] MCPR
[00:38:58] [20/459] CHTI
[00:38:58] [21/459] GCCP
[00:38:59] [22/459] SRMY
[00:39:00] [23/459] NYST
[00:39:01] [24/459] NYAG
[00:39:02] [25/459] SBMT
[00:39:03] [26/459] INGA
[00:39:04] [27/459] WSIC
[00:39:04] [28/459] SCSS
[00:39:05] [29/459] COPG
[00:39:06] [30/459] RCGR
[00:39:07] [31/459] TCZA
[00:39:08] [32/459] CNLP
[00:39:09] [33/459] CLKN
[00:39:10] [34/459] LHDF
[00:39:11] [35/459] ELKC
[00:39:12] [36/459] VCEM
[00:39:13] [37/459] SSZA
[00:39:13] [38/459] KRMT
[00:39:14] [39/459] LCMV
[00:39:15] [40/459] AYCZ
[00:39:16] [41/459] CUMS
[00:39:17] [42/459] BOCK
[00:39:17] [43/459] PNMR
[00:39:18] [44/459] PJCP
[00:39:19] [45/459] JDDD
[00:39:20] [46/459] STMS
[00:39:21] [47/459] FLMB
[00:39:22] [48/459] PKCM
[00:39:22] [49/459] SPPR
[00:39:23] [50/459] EYLH
[00:39:24] [51/459] RJCC
[00:39:25] [52/459] MMPS
[00:39:26] [53/459] SHMX
[00:39:27] [54/459] CCNL
[00:39:28] [55/459] RCNV
[00:39:29] [56/459] MAAG
[00:39:30] [57/459] LXCM
[00:39:31] [58/459] RCNI
[00:39:32] [59/459] SNNI
[00:39:33] [60/459] LALC
[00:39:34] [61/459] SOCN
[00:39:35] [62/459] JHTP
[00:39:35] [63/459] PITP
[00:39:36] [64/459] CCKW
[00:39:37] [65/459] MCMC
[00:39:38] [66/459] DEES
[00:39:39] [67/459] SABT
[00:39:40] [68/459] VSPP
[00:39:41] [69/459] ABCT
[00:39:43] [70/459] JVTB
[00:39:44] [71/459] VCBD
[00:39:44] [72/459] RMGG
[00:39:46] [73/459] RNMH
[00:39:47] [74/459] SPGL
[00:39:47] [75/459] JTTR
[00:39:48] [76/459] SICS
[00:39:49] [77/459] SRMI
[00:39:50] [78/459] SSIJ
[00:39:51] [79/459] KFMT
[00:39:51] [80/459] VBIT
[00:39:52] [81/459] JKCT
[00:39:53] [82/459] GCGP
[00:39:54] [83/459] GDCS
[00:39:55] [84/459] TRBA
[00:39:56] [85/459] QUST
[00:39:57] [86/459] VSHM
[00:39:58] [87/459] SDCP
[00:39:58] [88/459] SNVS
[00:39:59] [89/459] NYTO
[00:40:00] [90/459] URWC
[00:40:01] [91/459] GTWH
[00:40:02] [92/459] PFCM
[00:40:03] [93/459] KRTA
[00:40:04] [94/459] AXMC
[00:40:05] [95/459] EVMC
[00:40:06] [96/459] HGSM
[00:40:07] [97/459] ACVM
[00:40:08] [98/459] PSKL
[00:40:08] [99/459] RDMP
[00:40:09] [100/459] RHGH
[00:40:10] [101/459] OMCM
[00:40:12] [102/459] DCCP
[00:40:13] [103/459] MCPB
[00:40:13] [104/459] ALCI
[00:40:14] [105/459] BLMX
[00:40:15] [106/459] BTMV
[00:40:16] [107/459] FVPN
[00:40:17] [108/459] CMAR
[00:40:17] [109/459] CEIM
[00:40:18] [110/459] CMVA
[00:40:19] [111/459] CPIV
[00:40:20] [112/459] CNPE
[00:40:21] [113/459] COLV
[00:40:21] [114/459] DNNV
[00:40:22] [115/459] HCAD
[00:40:24] [116/459] TAKA
[00:40:25] [117/459] INVD
[00:40:25] [118/459] IRMM
[00:40:27] [119/459] INSE
[00:40:28] [120/459] MRSW
[00:40:28] [121/459] MCVD
[00:40:29] [122/459] MCSO
[00:40:30] [123/459] PEVM
[00:40:31] [124/459] PVNL
[00:40:32] [125/459] PTCV
[00:40:33] [126/459] PRTC
[00:40:34] [127/459] RCVA
[00:40:35] [128/459] MTBN
[00:40:36] [129/459] LUCP
[00:40:36] [130/459] FMPT
[00:40:37] [131/459] JLSL
[00:40:38] [132/459] SBHA
[00:40:39] [133/459] SHRC
[00:40:40] [134/459] AVPS
[00:40:41] [135/459] STPM
[00:40:41] [136/459] ATRD
[00:40:42] [137/459] VTED
[00:40:43] [138/459] ACAI
[00:40:44] [139/459] SMAE
[00:40:45] [140/459] VMAT
[00:40:46] [141/459] LKCT
[00:40:46] [142/459] JTVK
[00:40:47] [143/459] PRTY
[00:40:48] [144/459] GETT
[00:40:48] [145/459] ESAP
[00:40:49] [146/459] NCPM
[00:40:50] [147/459] PCPA
[00:40:51] [148/459] MMOM
[00:40:52] [149/459] PHUP
[00:40:53] [150/459] CCPI
[00:40:53] [151/459] CNTD
[00:40:54] [152/459] NLJR
[00:40:55] [153/459] SRNG
[00:40:56] [154/459] MHAL
[00:40:57] [155/459] PNSM
[00:40:58] [156/459] DRMY
[00:40:58] [157/459] CCMU
[00:40:59] [158/459] SCMY
[00:41:00] [159/459] PVSY
[00:41:01] [160/459] SDLM
[00:41:02] [161/459] ICCM
[00:41:03] [162/459] PYSU
[00:41:04] [163/459] GATM
[00:41:05] [164/459] WOTM
[00:41:06] [165/459] RKTS
[00:41:06] [166/459] PMTY
[00:41:07] [167/459] LYMS
[00:41:08] [168/459] TGCA
[00:41:09] [169/459] DSTA
[00:41:10] [170/459] CNGE
[00:41:11] [171/459] VSTG
[00:41:11] [172/459] GTCK
[00:41:12] [173/459] TGNT
[00:41:14] [174/459] ASLC
[00:41:14] [175/459] SSST
[00:41:15] [176/459] KBTT
[00:41:16] [177/459] HKCP
[00:41:18] [178/459] SWLC
[00:41:18] [179/459] RTND
[00:41:19] [180/459] PKKT
[00:41:20] [181/459] HSTK
[00:41:20] [182/459] SPTT
[00:41:22] [183/459] IMPM
[00:41:22] [184/459] SCMV
[00:41:23] [185/459] SPCT
[00:41:24] [186/459] JBCA
[00:41:25] [187/459] ATTR
[00:41:25] [188/459] SPMT
[00:41:26] [189/459] LCTM
[00:41:27] [190/459] SCVL
[00:41:28] [191/459] SCVT
[00:41:29] [192/459] KRIC
[00:41:29] [193/459] CTMG
[00:41:30] [194/459] ACNC
[00:41:31] [195/459] DMCK
[00:41:32] [196/459] KMTV
[00:41:33] [197/459] PFCJ
[00:41:33] [198/459] VNMD
[00:41:34] [199/459] VPCZ
[00:41:35] [200/459] SRYR
[00:41:36] [201/459] SYTR
[00:41:37] [202/459] GATR
[00:41:38] [203/459] URTR
[00:41:39] [204/459] MKSM
[00:41:39] [205/459] VSMH
[00:41:41] [206/459] SKRJ
[00:41:41] [207/459] SSJR
[00:41:42] [208/459] SVSM
[00:41:43] [209/459] RUCM
[00:41:43] [210/459] PRKN
[00:41:44] [211/459] RROH
[00:41:46] [212/459] SCTN
[00:41:46] [213/459] RTDM
[00:41:47] [214/459] ASRM
[00:41:48] [215/459] SKMD
[00:41:48] [216/459] SUTD
[00:41:50] [217/459] SADM
[00:41:50] [218/459] WCNR
[00:41:51] [219/459] CNED
[00:41:52] [220/459] MPDB
[00:41:53] [221/459] KTBH
[00:41:54] [222/459] IDRM
[00:41:54] [223/459] PJJT
[00:41:55] [224/459] PFCV
[00:41:56] [225/459] AACT
[00:41:57] [226/459] AAAD
[00:41:58] [227/459] ANES
[00:41:58] [228/459] MNCA
[00:41:59] [229/459] RMGU
[00:42:00] [230/459] DLCN
[00:42:01] [231/459] LJWT
[00:42:02] [232/459] MCBG
[00:42:03] [233/459] MYBG
[00:42:04] [234/459] GCCA
[00:42:04] [235/459] GCGA
[00:42:05] [236/459] ECGN
[00:42:06] [237/459] PRAB
[00:42:06] [238/459] PNMP
[00:42:07] [239/459] GCPT
[00:42:08] [240/459] ROYN
[00:42:09] [241/459] VATM
[00:42:10] [242/459] KSNT
[00:42:10] [243/459] ACTC
[00:42:11] [244/459] PLTD
[00:42:13] [245/459] SKMK
[00:42:13] [246/459] CMTT
[00:42:14] [247/459] SMXP
[00:42:15] [248/459] SCMX
[00:42:16] [249/459] ACXN
[00:42:16] [250/459] ASWT
[00:42:17] [251/459] VVVL
[00:42:18] [252/459] NAGO
[00:42:19] [253/459] SNCN
[00:42:20] [254/459] MCKP
[00:42:21] [255/459] SAMO
[00:42:21] [256/459] JBTV
[00:42:22] [257/459] DCVV
[00:42:23] [258/459] KMSV
[00:42:24] [259/459] KDCN
[00:42:25] [260/459] CNCP
[00:42:25] [261/459] HAMC
[00:42:26] [262/459] CCVZ
[00:42:27] [263/459] NCCK
[00:42:28] [264/459] MCHR
[00:42:29] [265/459] SCHT
[00:42:30] [266/459] ESSH
[00:42:31] [267/459] CUJC
[00:42:31] [268/459] PECP
[00:42:32] [269/459] PMMI
[00:42:33] [270/459] PCCH
[00:42:34] [271/459] PRPM
[00:42:34] [272/459] PVKL
[00:42:35] [273/459] CBSM
[00:42:37] [274/459] PVCZ
[00:42:37] [275/459] PCVV
[00:42:38] [276/459] CTMJ
[00:42:39] [277/459] RCPS
[00:42:40] [278/459] PCIT
[00:42:41] [279/459] FNCH
[00:42:42] [280/459] INZD
[00:42:43] [281/459] INPC
[00:42:44] [282/459] LCZP
[00:42:44] [283/459] SMCB
[00:42:45] [284/459] PTSB
[00:42:46] [285/459] TPSI
[00:42:47] [286/459] KHMJ
[00:42:48] [287/459] RCCJ
[00:42:49] [288/459] NCJA
[00:42:50] [289/459] NCJN
[00:42:51] [290/459] BTDP
[00:42:51] [291/459] PADY
[00:42:52] [292/459] NYBH
[00:42:54] [293/459] MTBR
[00:42:54] [294/459] KRBC
[00:42:55] [295/459] DKTI
[00:42:55] [296/459] ANAN
[00:42:56] [297/459] INBP
[00:42:57] [298/459] PATB
[00:42:58] [299/459] RGNT
[00:42:59] [300/459] CGPM
[00:43:00] [301/459] INTN
[00:43:01] [302/459] MCMP
[00:43:01] [303/459] ASRG
[00:43:02] [304/459] CXJD
[00:43:03] [305/459] SPCP
[00:43:04] [306/459] CSTP
[00:43:05] [307/459] PKVC
[00:43:06] [308/459] ESCP
[00:43:06] [309/459] CAEP
[00:43:08] [310/459] CCSP
[00:43:08] [311/459] KTPC
[00:43:09] [312/459] DACA
[00:43:10] [313/459] NVKY
[00:43:10] [314/459] PTIN
[00:43:11] [315/459] SCIN
[00:43:12] [316/459] MCTY
[00:43:13] [317/459] PCMX
[00:43:13] [318/459] INIC
[00:43:14] [319/459] MMZM
[00:43:15] [320/459] SSLP
[00:43:16] [321/459] DTDT
[00:43:17] [322/459] FFCX
[00:43:18] [323/459] RCMM
[00:43:19] [324/459] KYID
[00:43:19] [325/459] CSCI
[00:43:20] [326/459] FCMC
[00:43:21] [327/459] MMXI
[00:43:22] [328/459] ASTC
[00:43:23] [329/459] CMRA
[00:43:23] [330/459] DICI
[00:43:24] [331/459] KDIN
[00:43:25] [332/459] PRFI
[00:43:26] [333/459] SVFC
[00:43:27] [334/459] UCPL
[00:43:28] [335/459] COOC
[00:43:29] [336/459] SCAL
[00:43:30] [337/459] SVFF
[00:43:31] [338/459] VCMG
[00:43:31] [339/459] UUCT
[00:43:32] [340/459] GCSE
[00:43:33] [341/459] SUSC
[00:43:34] [342/459] MISC
[00:43:35] [343/459] RMBL
[00:43:36] [344/459] CMXN
[00:43:37] [345/459] PVBK
[00:43:37] [346/459] HHCG
[00:43:38] [347/459] SCAG
[00:43:39] [348/459] CNPR
[00:43:40] [349/459] CSER
[00:43:41] [350/459] HLWD
[00:43:42] [351/459] BOLY
[00:43:43] [352/459] SSPG
[00:43:43] [353/459] MUPX
[00:43:44] [354/459] HAMR
[00:43:46] [355/459] SDNC
[00:43:47] [356/459] RTEN
[00:43:47] [357/459] SDTD
[00:43:48] [358/459] KAWS
[00:43:49] [359/459] CMZX
[00:43:50] [360/459] DCDD
[00:43:50] [361/459] ALSN
[00:43:51] [362/459] IMXS
[00:43:53] [363/459] PVFF
[00:43:54] [364/459] PVOO
[00:43:54] [365/459] CFBS
[00:43:55] [366/459] PVER
[00:43:56] [367/459] PPNX
[00:43:56] [368/459] CNRM
[00:43:57] [369/459] PVWW
[00:43:58] [370/459] INMB
[00:43:58] [371/459] CPJR
[00:43:59] [372/459] INRZ
[00:44:00] [373/459] PMSR
[00:44:01] [374/459] GPGM
[00:44:02] [375/459] PGWB
[00:44:03] [376/459] PMBR
[00:44:03] [377/459] GPAM
[00:44:04] [378/459] INBC
[00:44:05] [379/459] PZVK
[00:44:06] [380/459] CPEB
[00:44:07] [381/459] FMLB
[00:44:09] [382/459] INBG
[00:44:09] [383/459] GPBR
[00:44:10] [384/459] PAAS
[00:44:11] [385/459] VTBR
[00:44:12] [386/459] GPMY
[00:44:12] [387/459] GYBU
[00:44:13] [388/459] INBJ
[00:44:14] [389/459] LKTH
[00:44:15] [390/459] NSBR
[00:44:16] [391/459] PDRD
[00:44:17] [392/459] VRBL
[00:44:17] [393/459] VTGB
[00:44:18] [394/459] VTSK
[00:44:19] [395/459] BKDV
[00:44:19] [396/459] SVTB
[00:44:20] [397/459] MLDT
[00:44:21] [398/459] NRBL
[00:44:22] [399/459] SLTR
[00:44:23] [400/459] VNKA
[00:44:24] [401/459] TDCA
[00:44:25] [402/459] INBM
[00:44:26] [403/459] SSNR
[00:44:26] [404/459] BHAC
[00:44:27] [405/459] SDSD
[00:44:28] [406/459] SAMP
[00:44:29] [407/459] RATK
[00:44:30] [408/459] KCBI
[00:44:30] [409/459] URBL
[00:44:32] [410/459] MKBG
[00:44:33] [411/459] ASTB
[00:44:33] [412/459] VBWT
[00:44:34] [413/459] GPSM
[00:44:35] [414/459] ROON
[00:44:36] [415/459] CHTH
[00:44:38] [416/459] SSPA
[00:44:38] [417/459] ANBL
[00:44:39] [418/459] VTBE
[00:44:39] [419/459] SVKT
[00:44:40] [420/459] SVYK
[00:44:41] [421/459] PTBK
[00:44:41] [422/459] RKTB
[00:44:42] [423/459] BALT
[00:44:43] [424/459] STSV
[00:44:45] [425/459] VCCB
[00:44:45] [426/459] SLTB
[00:44:46] [427/459] SBCR
[00:44:47] [428/459] VDCS
[00:44:48] [429/459] MDKI
[00:44:49] [430/459] SMRN
[00:44:49] [431/459] PTBC
[00:44:50] [432/459] RADI
[00:44:51] [433/459] ADCR
[00:44:52] [434/459] SDCS
[00:44:52] [435/459] SRPJ
[00:44:53] [436/459] ARTS
[00:44:54] [437/459] SRHK
[00:44:55] [438/459] SPAY
[00:44:56] [439/459] GPTB
[00:44:56] [440/459] SNNN
[00:44:57] [441/459] BALJ
[00:44:58] [442/459] TRIG
[00:44:59] [443/459] GTYT
[00:45:00] [444/459] ATGN
[00:45:01] [445/459] ANTE
[00:45:02] [446/459] BDCG
[00:45:02] [447/459] VECI
[00:45:03] [448/459] SCPR
[00:45:04] [449/459] RTEA
[00:45:04] [450/459] JSAI
[00:45:06] [451/459] VJTP
[00:45:07] [452/459] GNDS
[00:45:08] [453/459] PAXA
[00:45:09] [454/459] CGGM
[00:45:09] [455/459] ACKZ
[00:45:10] [456/459] EMCC
[00:45:11] [457/459] KLSK
[00:45:12] [458/459] AVCK
[00:45:13] [459/459] JTCK
[00:45:13] ✅ DONE | Shows=0 | Movies=0
[01:42:37] 🚀 BMS DAILY TRACKER STARTED
[01:42:37] [1/459] NECA
[01:42:37] 🧠 New identity
[01:42:38] [2/459] BJLC
[01:42:39] [3/459] BASU
[01:42:40] [4/459] RUPI
[01:42:41] [5/459] LCBK
[01:42:42] [6/459] PMAC
[01:42:43] [7/459] AMLC
[01:42:44] [8/459] LICL
[01:42:46] [9/459] UDMM
[01:42:46] [10/459] STBZ
[01:42:48] [11/459] UUBT
[01:42:49] [12/459] SJKC
[01:42:50] [13/459] TUAL
[01:42:51] [14/459] MRSE
[01:42:52] [15/459] RMRK
[01:42:53] [16/459] TTKP
[01:42:54] [17/459] KTKO
[01:42:54] [18/459] SDBK
[01:42:55] [19/459] MCPR
[01:42:56] [20/459] CHTI
[01:42:57] [21/459] GCCP
[01:42:58] [22/459] SRMY
[01:42:59] [23/459] NYST
[01:43:00] [24/459] NYAG
[01:43:00] [25/459] SBMT
[01:43:01] [26/459] INGA
[01:43:02] [27/459] WSIC
[01:43:03] [28/459] SCSS
[01:43:05] [29/459] COPG
[01:43:06] [30/459] RCGR
[01:43:07] [31/459] TCZA
[01:43:08] [32/459] CNLP
[01:43:09] [33/459] CLKN
[01:43:10] [34/459] LHDF
[01:43:10] [35/459] ELKC
[01:43:12] [36/459] VCEM
[01:43:13] [37/459] SSZA
[01:43:14] [38/459] KRMT
[01:43:15] [39/459] LCMV
[01:43:16] [40/459] AYCZ
[01:43:17] [41/459] CUMS
[01:43:18] [42/459] BOCK
[01:43:18] [43/459] PNMR
[01:43:19] [44/459] PJCP
[01:43:20] [45/459] JDDD
[01:43:21] [46/459] STMS
[01:43:21] [47/459] FLMB
[01:43:23] [48/459] PKCM
[01:43:24] [49/459] SPPR
[01:43:25] [50/459] EYLH
[01:43:26] [51/459] RJCC
[01:43:27] [52/459] MMPS
[01:43:27] [53/459] SHMX
[01:43:29] [54/459] CCNL
[01:43:30] [55/459] RCNV
[01:43:31] [56/459] MAAG
[01:43:32] [57/459] LXCM
[01:43:33] [58/459] RCNI
[01:43:34] [59/459] SNNI
[01:43:35] [60/459] LALC
[01:43:36] [61/459] SOCN
[01:43:37] [62/459] JHTP
[01:43:38] [63/459] PITP
[01:43:38] [64/459] CCKW
[01:43:39] [65/459] MCMC
[01:43:40] [66/459] DEES
[01:43:41] [67/459] SABT
[01:43:42] [68/459] VSPP
[01:43:43] [69/459] ABCT
[01:43:44] [70/459] JVTB
[01:43:44] [71/459] VCBD
[01:43:45] [72/459] RMGG
[01:43:46] [73/459] RNMH
[01:43:47] [74/459] SPGL
[01:43:48] [75/459] JTTR
[01:43:49] [76/459] SICS
[01:43:51] [77/459] SRMI
[01:43:51] [78/459] SSIJ
[01:43:52] [79/459] KFMT
[01:43:53] [80/459] VBIT
[01:43:54] [81/459] JKCT
[01:43:55] [82/459] GCGP
[01:43:56] [83/459] GDCS
[01:43:57] [84/459] TRBA
[01:43:57] [85/459] QUST
[01:43:58] [86/459] VSHM
[01:43:59] [87/459] SDCP
[01:44:00] [88/459] SNVS
[01:44:02] [89/459] NYTO
[01:44:02] [90/459] URWC
[01:44:03] [91/459] GTWH
[01:44:04] [92/459] PFCM
[01:44:05] [93/459] KRTA
[01:44:06] [94/459] AXMC
[01:44:07] [95/459] EVMC
[01:44:08] [96/459] HGSM
[01:44:09] [97/459] ACVM
[01:44:10] [98/459] PSKL
[01:44:11] [99/459] RDMP
[01:44:12] [100/459] RHGH
[01:44:13] [101/459] OMCM
[01:44:14] [102/459] DCCP
[01:44:14] [103/459] MCPB
[01:44:15] [104/459] ALCI
[01:44:16] [105/459] BLMX
[01:44:17] [106/459] BTMV
[01:44:18] [107/459] FVPN
[01:44:19] [108/459] CMAR
[01:44:20] [109/459] CEIM
[01:44:20] [110/459] CMVA
[01:44:21] [111/459] CPIV
[01:44:22] [112/459] CNPE
[01:44:23] [113/459] COLV
[01:44:24] [114/459] DNNV
[01:44:25] [115/459] HCAD
[01:44:25] [116/459] TAKA
[01:44:26] [117/459] INVD
[01:44:28] [118/459] IRMM
[01:44:29] [119/459] INSE
[01:44:29] [120/459] MRSW
[01:44:30] [121/459] MCVD
[01:44:31] [122/459] MCSO
[01:44:32] [123/459] PEVM
[01:44:33] [124/459] PVNL
[01:44:34] [125/459] PTCV
[01:44:35] [126/459] PRTC
[01:44:36] [127/459] RCVA
[01:44:37] [128/459] MTBN
[01:44:38] [129/459] LUCP
[01:44:39] [130/459] FMPT
[01:44:40] [131/459] JLSL
[01:44:41] [132/459] SBHA
[01:44:42] [133/459] SHRC
[01:44:42] [134/459] AVPS
[01:44:43] [135/459] STPM
[01:44:44] [136/459] ATRD
[01:44:45] [137/459] VTED
[01:44:46] [138/459] ACAI
[01:44:47] [139/459] SMAE
[01:44:48] [140/459] VMAT
[01:44:49] [141/459] LKCT
[01:44:50] [142/459] JTVK
[01:44:51] [143/459] PRTY
[01:44:52] [144/459] GETT
[01:44:53] [145/459] ESAP
[01:44:54] [146/459] NCPM
[01:44:55] [147/459] PCPA
[01:44:56] [148/459] MMOM
[01:44:57] [149/459] PHUP
[01:44:58] [150/459] CCPI
[01:44:59] [151/459] CNTD
[01:45:00] [152/459] NLJR
[01:45:02] [153/459] SRNG
[01:45:03] [154/459] MHAL
[01:45:03] [155/459] PNSM
[01:45:04] [156/459] DRMY
[01:45:05] [157/459] CCMU
[01:45:06] [158/459] SCMY
[01:45:07] [159/459] PVSY
[01:45:08] [160/459] SDLM
[01:45:09] [161/459] ICCM
[01:45:11] [162/459] PYSU
[01:45:12] [163/459] GATM
[01:45:13] [164/459] WOTM
[01:45:14] [165/459] RKTS
[01:45:15] [166/459] PMTY
[01:45:16] [167/459] LYMS
[01:45:17] [168/459] TGCA
[01:45:18] [169/459] DSTA
[01:45:19] [170/459] CNGE
[01:45:20] [171/459] VSTG
[01:45:20] [172/459] GTCK
[01:45:21] [173/459] TGNT
[01:45:22] [174/459] ASLC
[01:45:23] [175/459] SSST
[01:45:24] [176/459] KBTT
[01:45:25] [177/459] HKCP
[01:45:25] [178/459] SWLC
[01:45:26] [179/459] RTND
[01:45:27] [180/459] PKKT
[01:45:28] [181/459] HSTK
[01:45:29] [182/459] SPTT
[01:45:30] [183/459] IMPM
[01:45:31] [184/459] SCMV
[01:45:32] [185/459] SPCT
[01:45:33] [186/459] JBCA
[01:45:34] [187/459] ATTR
[01:45:36] [188/459] SPMT
[01:45:37] [189/459] LCTM
[01:45:39] [190/459] SCVL
[01:45:39] [191/459] SCVT
[01:45:41] [192/459] KRIC
[01:45:42] [193/459] CTMG
[01:45:43] [194/459] ACNC
[01:45:43] [195/459] DMCK
[01:45:44] [196/459] KMTV
[01:45:45] [197/459] PFCJ
[01:45:47] [198/459] VNMD
[01:45:48] [199/459] VPCZ
[01:45:48] [200/459] SRYR
[01:45:49] [201/459] SYTR
[01:45:50] [202/459] GATR
[01:45:51] [203/459] URTR
[01:45:53] [204/459] MKSM
[01:45:53] [205/459] VSMH
[01:45:54] [206/459] SKRJ
[01:45:55] [207/459] SSJR
[01:45:56] [208/459] SVSM
[01:45:57] [209/459] RUCM
[01:45:57] [210/459] PRKN
[01:45:58] [211/459] RROH
[01:45:59] [212/459] SCTN
[01:46:00] [213/459] RTDM
[01:46:01] [214/459] ASRM
[01:46:01] [215/459] SKMD
[01:46:03] [216/459] SUTD
[01:46:04] [217/459] SADM
[01:46:05] [218/459] WCNR
[01:46:06] [219/459] CNED
[01:46:08] [220/459] MPDB
[01:46:09] [221/459] KTBH
[01:46:09] [222/459] IDRM
[01:46:10] [223/459] PJJT
[01:46:11] [224/459] PFCV
[01:46:12] [225/459] AACT
[01:46:13] [226/459] AAAD
[01:46:14] [227/459] ANES
[01:46:16] [228/459] MNCA
[01:46:17] [229/459] RMGU
[01:46:17] [230/459] DLCN
[01:46:18] [231/459] LJWT
[01:46:19] [232/459] MCBG
[01:46:20] [233/459] MYBG
[01:46:21] [234/459] GCCA
[01:46:21] [235/459] GCGA
[01:46:22] [236/459] ECGN
[01:46:23] [237/459] PRAB
[01:46:24] [238/459] PNMP
[01:46:25] [239/459] GCPT
[01:46:26] [240/459] ROYN
[01:46:27] [241/459] VATM
[01:46:28] [242/459] KSNT
[01:46:29] [243/459] ACTC
[01:46:30] [244/459] PLTD
[01:46:30] [245/459] SKMK
[01:46:31] [246/459] CMTT
[01:46:32] [247/459] SMXP
[01:46:33] [248/459] SCMX
[01:46:34] [249/459] ACXN
[01:46:35] [250/459] ASWT
[01:46:36] [251/459] VVVL
[01:46:37] [252/459] NAGO
[01:46:38] [253/459] SNCN
[01:46:39] [254/459] MCKP
[01:46:39] [255/459] SAMO
[01:46:40] [256/459] JBTV
[01:46:41] [257/459] DCVV
[01:46:42] [258/459] KMSV
[01:46:42] [259/459] KDCN
[01:46:43] [260/459] CNCP
[01:46:44] [261/459] HAMC
[01:46:45] [262/459] CCVZ
[01:46:46] [263/459] NCCK
[01:46:47] [264/459] MCHR
[01:46:48] [265/459] SCHT
[01:46:49] [266/459] ESSH
[01:46:50] [267/459] CUJC
[01:46:50] [268/459] PECP
[01:46:51] [269/459] PMMI
[01:46:52] [270/459] PCCH
[01:46:53] [271/459] PRPM
[01:46:54] [272/459] PVKL
[01:46:55] [273/459] CBSM
[01:46:56] [274/459] PVCZ
[01:46:57] [275/459] PCVV
[01:46:58] [276/459] CTMJ
[01:46:59] [277/459] RCPS
[01:47:00] [278/459] PCIT
[01:47:01] [279/459] FNCH
[01:47:01] [280/459] INZD
[01:47:02] [281/459] INPC
[01:47:03] [282/459] LCZP
[01:47:04] [283/459] SMCB
[01:47:06] [284/459] PTSB
[01:47:07] [285/459] TPSI
[01:47:08] [286/459] KHMJ
[01:47:08] [287/459] RCCJ
[01:47:09] [288/459] NCJA
[01:47:10] [289/459] NCJN
[01:47:12] [290/459] BTDP
[01:47:13] [291/459] PADY
[01:47:14] [292/459] NYBH
[01:47:15] [293/459] MTBR
[01:47:16] [294/459] KRBC
[01:47:17] [295/459] DKTI
[01:47:18] [296/459] ANAN
[01:47:18] [297/459] INBP
[01:47:19] [298/459] PATB
[01:47:20] [299/459] RGNT
[01:47:21] [300/459] CGPM
[01:47:22] [301/459] INTN
[01:47:23] [302/459] MCMP
[01:47:24] [303/459] ASRG
[01:47:25] [304/459] CXJD
[01:47:26] [305/459] SPCP
[01:47:27] [306/459] CSTP
[01:47:28] [307/459] PKVC
[01:47:29] [308/459] ESCP
[01:47:29] [309/459] CAEP
[01:47:30] [310/459] CCSP
[01:47:31] [311/459] KTPC
[01:47:32] [312/459] DACA
[01:47:33] [313/459] NVKY
[01:47:33] [314/459] PTIN
[01:47:34] [315/459] SCIN
[01:47:35] [316/459] MCTY
[01:47:36] [317/459] PCMX
[01:47:37] [318/459] INIC
[01:47:38] [319/459] MMZM
[01:47:40] [320/459] SSLP
[01:47:41] [321/459] DTDT
[01:47:41] [322/459] FFCX
[01:47:42] [323/459] RCMM
[01:47:43] [324/459] KYID
[01:47:44] [325/459] CSCI
[01:47:45] [326/459] FCMC
[01:47:46] [327/459] MMXI
[01:47:46] [328/459] ASTC
[01:47:47] [329/459] CMRA
[01:47:48] [330/459] DICI
[01:47:49] [331/459] KDIN
[01:47:50] [332/459] PRFI
[01:47:50] [333/459] SVFC
[01:47:51] [334/459] UCPL
[01:47:52] [335/459] COOC
[01:47:53] [336/459] SCAL
[01:47:54] [337/459] SVFF
[01:47:55] [338/459] VCMG
[01:47:55] [339/459] UUCT
[01:47:56] [340/459] GCSE
[01:47:57] [341/459] SUSC
[01:47:58] [342/459] MISC
[01:47:59] [343/459] RMBL
[01:48:01] [344/459] CMXN
[01:48:02] [345/459] PVBK
[01:48:03] [346/459] HHCG
[01:48:04] [347/459] SCAG
[01:48:05] [348/459] CNPR
[01:48:06] [349/459] CSER
[01:48:07] [350/459] HLWD
[01:48:08] [351/459] BOLY
[01:48:08] [352/459] SSPG
[01:48:09] [353/459] MUPX
[01:48:10] [354/459] HAMR
[01:48:11] [355/459] SDNC
[01:48:12] [356/459] RTEN
[01:48:12] [357/459] SDTD
[01:48:13] [358/459] KAWS
[01:48:14] [359/459] CMZX
[01:48:15] [360/459] DCDD
[01:48:16] [361/459] ALSN
[01:48:17] [362/459] IMXS
[01:48:18] [363/459] PVFF
[01:48:18] [364/459] PVOO
[01:48:19] [365/459] CFBS
[01:48:20] [366/459] PVER
[01:48:22] [367/459] PPNX
[01:48:23] [368/459] CNRM
[01:48:23] [369/459] PVWW
[01:48:25] [370/459] INMB
[01:48:26] [371/459] CPJR
[01:48:27] [372/459] INRZ
[01:48:28] [373/459] PMSR
[01:48:28] [374/459] GPGM
[01:48:29] [375/459] PGWB
[01:48:30] [376/459] PMBR
[01:48:31] [377/459] GPAM
[01:48:32] [378/459] INBC
[01:48:33] [379/459] PZVK
[01:48:34] [380/459] CPEB
[01:48:34] [381/459] FMLB
[01:48:36] [382/459] INBG
[01:48:37] [383/459] GPBR
[01:48:38] [384/459] PAAS
[01:48:39] [385/459] VTBR
[01:48:40] [386/459] GPMY
[01:48:40] [387/459] GYBU
[01:48:41] [388/459] INBJ
[01:48:42] [389/459] LKTH
[01:48:43] [390/459] NSBR
[01:48:44] [391/459] PDRD
[01:48:45] [392/459] VRBL
[01:48:47] [393/459] VTGB
[01:48:49] [394/459] VTSK
[01:48:50] [395/459] BKDV
[01:48:50] [396/459] SVTB
[01:48:51] [397/459] MLDT
[01:48:52] [398/459] NRBL
[01:48:53] [399/459] SLTR
[01:48:54] [400/459] VNKA
[01:48:54] [401/459] TDCA
[01:48:55] [402/459] INBM
[01:48:56] [403/459] SSNR
[01:48:57] [404/459] BHAC
[01:48:58] [405/459] SDSD
[01:48:59] [406/459] SAMP
[01:48:59] [407/459] RATK
[01:49:00] [408/459] KCBI
[01:49:01] [409/459] URBL
[01:49:02] [410/459] MKBG
[01:49:02] [411/459] ASTB
[01:49:03] [412/459] VBWT
[01:49:04] [413/459] GPSM
[01:49:06] [414/459] ROON
[01:49:07] [415/459] CHTH
[01:49:08] [416/459] SSPA
[01:49:09] [417/459] ANBL
[01:49:09] [418/459] VTBE
[01:49:10] [419/459] SVKT
[01:49:11] [420/459] SVYK
[01:49:12] [421/459] PTBK
[01:49:14] [422/459] RKTB
[01:49:14] [423/459] BALT
[01:49:15] [424/459] STSV
[01:49:16] [425/459] VCCB
[01:49:17] [426/459] SLTB
[01:49:18] [427/459] SBCR
[01:49:18] [428/459] VDCS
[01:49:19] [429/459] MDKI
[01:49:20] [430/459] SMRN
[01:49:21] [431/459] PTBC
[01:49:22] [432/459] RADI
[01:49:22] [433/459] ADCR
[01:49:23] [434/459] SDCS
[01:49:24] [435/459] SRPJ
[01:49:25] [436/459] ARTS
[01:49:26] [437/459] SRHK
[01:49:27] [438/459] SPAY
[01:49:28] [439/459] GPTB
[01:49:29] [440/459] SNNN
[01:49:30] [441/459] BALJ
[01:49:31] [442/459] TRIG
[01:49:32] [443/459] GTYT
[01:49:33] [444/459] ATGN
[01:49:35] [445/459] ANTE
[01:49:36] [446/459] BDCG
[01:49:36] [447/459] VECI
[01:49:37] [448/459] SCPR
[01:49:39] [449/459] RTEA
[01:49:40] [450/459] JSAI
[01:49:41] [451/459] VJTP
[01:49:42] [452/459] GNDS
[01:49:42] [453/459] PAXA
[01:49:43] [454/459] CGGM
[01:49:44] [455/459] ACKZ
[01:49:45] [456/459] EMCC
[01:49:46] [457/459] KLSK
[01:49:47] [458/459] AVCK
[01:49:47] [459/459] JTCK
[01:49:49] ✅ DONE | Shows=0 | Movies=0
