[00:38:40] 🚀 BMS DAILY TRACKER STARTED
[00:38:40] [1/459] MBDC
[00:38:40] 🧠 New identity
[00:38:41] [2/459] CHKM
[00:38:42] [3/459] JTKZ
[00:38:43] [4/459] CMCT
[00:38:44] [5/459] ASHO
[00:38:45] [6/459] ECDG
[00:38:45] [7/459] SPAT
[00:38:46] [8/459] HILC
[00:38:47] [9/459] SPPH
[00:38:48] [10/459] SBHN
[00:38:48] [11/459] RRCA
[00:38:49] [12/459] APAA
[00:38:50] [13/459] RAME
[00:38:51] [14/459] TMMS
[00:38:52] [15/459] BATK
[00:38:53] [16/459] LKOP
[00:38:54] [17/459] AMTT
[00:38:55] [18/459] PTGK
[00:38:56] [19/459] ANRS
[00:38:58] [20/459] VWBW
[00:39:00] [21/459] SVFG
[00:39:02] [22/459] STAT
[00:39:03] [23/459] GDCV
[00:39:03] [24/459] VEBI
[00:39:04] [25/459] VDSS
[00:39:05] [26/459] NTHV
[00:39:06] [27/459] AOCH
[00:39:07] [28/459] KASR
[00:39:08] [29/459] AYCS
[00:39:09] [30/459] SHAI
[00:39:09] [31/459] SKPE
[00:39:10] [32/459] SBTA
[00:39:11] [33/459] RTTD
[00:39:12] [34/459] CCJD
[00:39:13] [35/459] RSJJ
[00:39:13] [36/459] RKND
[00:39:14] [37/459] SVTX
[00:39:15] [38/459] BAKM
[00:39:17] [39/459] SVDC
[00:39:18] [40/459] MNCV
[00:39:19] [41/459] SJGC
[00:39:19] [42/459] MTPK
[00:39:20] [43/459] GATP
[00:39:21] [44/459] ABTS
[00:39:22] [45/459] ABDE
[00:39:23] [46/459] RCNM
[00:39:24] [47/459] KTHV
[00:39:25] [48/459] MDGJ
[00:39:25] [49/459] SMLM
[00:39:26] [50/459] JTMA
[00:39:27] [51/459] ACKP
[00:39:28] [52/459] SRTA
[00:39:29] [53/459] STAY
[00:39:30] [54/459] MAVO
[00:39:31] [55/459] APTS
[00:39:32] [56/459] OMEA
[00:39:33] [57/459] TTFD
[00:39:34] [58/459] MJCU
[00:39:35] [59/459] CXTE
[00:39:36] [60/459] CTPX
[00:39:37] [61/459] ASSL
[00:39:38] [62/459] CMVB
[00:39:39] [63/459] VPUR
[00:39:40] [64/459] JJDA
[00:39:41] [65/459] INBL
[00:39:42] [66/459] BIKB
[00:39:43] [67/459] NTBB
[00:39:44] [68/459] GLOB
[00:39:45] [69/459] SNTB
[00:39:45] [70/459] CHGV
[00:39:46] [71/459] SSBZ
[00:39:47] [72/459] PRDB
[00:39:48] [73/459] ISMT
[00:39:49] [74/459] MCSD
[00:39:50] [75/459] JBTT
[00:39:50] [76/459] GEKR
[00:39:52] [77/459] PVUN
[00:39:53] [78/459] NRTB
[00:39:54] [79/459] PRAA
[00:39:55] [80/459] PCBL
[00:39:56] [81/459] PTCM
[00:39:57] [82/459] KHNN
[00:39:58] [83/459] OMJE
[00:39:59] [84/459] STGN
[00:40:00] [85/459] RPMS
[00:40:01] [86/459] NWAD
[00:40:02] [87/459] BLCK
[00:40:04] [88/459] SVAA
[00:40:05] [89/459] URVM
[00:40:06] [90/459] ANTM
[00:40:07] [91/459] VJYM
[00:40:08] [92/459] MAZZ
[00:40:09] [93/459] CSHM
[00:40:10] [94/459] WGMH
[00:40:10] [95/459] SALN
[00:40:11] [96/459] BRTP
[00:40:13] [97/459] SVTA
[00:40:14] [98/459] SBTP
[00:40:15] [99/459] VLSS
[00:40:16] [100/459] SRJA
[00:40:17] [101/459] ANCG
[00:40:17] [102/459] CGGC
[00:40:18] [103/459] CRJA
[00:40:19] [104/459] USCR
[00:40:20] [105/459] MMEF
[00:40:20] [106/459] JCRJ
[00:40:21] [107/459] ADCM
[00:40:23] [108/459] BMYK
[00:40:24] [109/459] KICS
[00:40:25] [110/459] MBBT
[00:40:25] [111/459] MACK
[00:40:27] [112/459] CLDR
[00:40:28] [113/459] JYCR
[00:40:30] [114/459] DCRP
[00:40:31] [115/459] RAHT
[00:40:31] [116/459] CSSM
[00:40:32] [117/459] ATPK
[00:40:33] [118/459] KLRT
[00:40:34] [119/459] SRDD
[00:40:35] [120/459] CKMC
[00:40:36] [121/459] KRVM
[00:40:37] [122/459] AKCP
[00:40:38] [123/459] CNCV
[00:40:40] [124/459] PACT
[00:40:40] [125/459] NATP
[00:40:42] [126/459] PCPK
[00:40:42] [127/459] SMHO
[00:40:43] [128/459] CWTK
[00:40:44] [129/459] RVKZ
[00:40:45] [130/459] ASPD
[00:40:46] [131/459] VTKZ
[00:40:47] [132/459] LCSO
[00:40:48] [133/459] PRDY
[00:40:48] [134/459] RCAP
[00:40:49] [135/459] RGAR
[00:40:50] [136/459] RCAC
[00:40:51] [137/459] PMOD
[00:40:52] [138/459] PVCN
[00:40:53] [139/459] SCRZ
[00:40:54] [140/459] PVPC
[00:40:56] [141/459] STID
[00:40:57] [142/459] NEDD
[00:40:58] [143/459] BNBA
[00:40:59] [144/459] NTCD
[00:41:00] [145/459] OCDE
[00:41:01] [146/459] CCDU
[00:41:02] [147/459] CRXH
[00:41:03] [148/459] VLVT
[00:41:04] [149/459] CICI
[00:41:05] [150/459] SUCB
[00:41:06] [151/459] TCBP
[00:41:07] [152/459] SCCY
[00:41:07] [153/459] LXCY
[00:41:08] [154/459] NCMD
[00:41:09] [155/459] PHCS
[00:41:10] [156/459] DUXR
[00:41:11] [157/459] VNKS
[00:41:12] [158/459] SEDP
[00:41:14] [159/459] SVEN
[00:41:15] [160/459] SRKM
[00:41:15] [161/459] JTLT
[00:41:16] [162/459] SVSS
[00:41:18] [163/459] AMDE
[00:41:19] [164/459] WVRN
[00:41:20] [165/459] ISMG
[00:41:21] [166/459] WVKS
[00:41:22] [167/459] USCG
[00:41:24] [168/459] IOTG
[00:41:24] [169/459] RRJM
[00:41:25] [170/459] EDMP
[00:41:26] [171/459] SCGZ
[00:41:27] [172/459] GMGX
[00:41:27] [173/459] OMTP
[00:41:28] [174/459] MITD
[00:41:29] [175/459] SMMD
[00:41:31] [176/459] STML
[00:41:32] [177/459] MCFS
[00:41:33] [178/459] FPKA
[00:41:33] [179/459] OMLR
[00:41:34] [180/459] KKSC
[00:41:35] [181/459] RVMA
[00:41:36] [182/459] SCLL
[00:41:37] [183/459] SCDK
[00:41:38] [184/459] SXMI
[00:41:39] [185/459] SHDN
[00:41:39] [186/459] PAAD
[00:41:40] [187/459] UUCB
[00:41:41] [188/459] JHOL
[00:41:42] [189/459] SGWT
[00:41:43] [190/459] SRII
[00:41:43] [191/459] SGCK
[00:41:44] [192/459] SVVB
[00:41:46] [193/459] DMHA
[00:41:47] [194/459] PPNL
[00:41:48] [195/459] CPNL
[00:41:48] [196/459] WVLD
[00:41:49] [197/459] PSLV
[00:41:50] [198/459] VTTL
[00:41:51] [199/459] NPAD
[00:41:52] [200/459] PVCS
[00:41:53] [201/459] MCHL
[00:41:54] [202/459] PPLL
[00:41:55] [203/459] MALO
[00:41:55] [204/459] SWBH
[00:41:57] [205/459] PUGB
[00:41:58] [206/459] INBB
[00:41:59] [207/459] INNS
[00:42:00] [208/459] MCPT
[00:42:01] [209/459] SCMI
[00:42:02] [210/459] OCON
[00:42:03] [211/459] SCSM
[00:42:04] [212/459] RJVN
[00:42:05] [213/459] AMDK
[00:42:05] [214/459] ISMR
[00:42:06] [215/459] SMTD
[00:42:07] [216/459] VTDD
[00:42:08] [217/459] PDDZ
[00:42:09] [218/459] PCCK
[00:42:10] [219/459] INAM
[00:42:11] [220/459] FNKT
[00:42:12] [221/459] GDKA
[00:42:13] [222/459] MAYU
[00:42:13] [223/459] TCGU
[00:42:14] [224/459] KDCA
[00:42:15] [225/459] DOMY
[00:42:16] [226/459] PDDD
[00:42:17] [227/459] BJTS
[00:42:18] [228/459] VTCA
[00:42:19] [229/459] SBTM
[00:42:20] [230/459] SEET
[00:42:21] [231/459] SSTJ
[00:42:22] [232/459] SVNT
[00:42:24] [233/459] PPPR
[00:42:24] [234/459] PVYS
[00:42:25] [235/459] IOSE
[00:42:27] [236/459] ACTV
[00:42:27] [237/459] APVE
[00:42:29] [238/459] TCCL
[00:42:30] [239/459] SCMO
[00:42:31] [240/459] SAUM
[00:42:32] [241/459] KCJS
[00:42:33] [242/459] NJCJ
[00:42:34] [243/459] NECF
[00:42:35] [244/459] CCGW
[00:42:35] [245/459] CCMG
[00:42:36] [246/459] NYRG
[00:42:38] [247/459] NCSQ
[00:42:39] [248/459] GRCG
[00:42:39] [249/459] CCBT
[00:42:40] [250/459] ACGA
[00:42:41] [251/459] INAG
[00:42:42] [252/459] FUCG
[00:42:43] [253/459] AICF
[00:42:44] [254/459] GRGA
[00:42:45] [255/459] GDCN
[00:42:46] [256/459] RRCG
[00:42:47] [257/459] SDCH
[00:42:48] [258/459] WVJM
[00:42:49] [259/459] JCCZ
[00:42:50] [260/459] CNCL
[00:42:51] [261/459] TMLV
[00:42:52] [262/459] MEMB
[00:42:54] [263/459] SGTD
[00:42:54] [264/459] CONX
[00:42:55] [265/459] CCMH
[00:42:56] [266/459] ACMC
[00:42:57] [267/459] DTPD
[00:42:58] [268/459] POJA
[00:42:59] [269/459] FNBH
[00:42:59] [270/459] CGCB
[00:43:00] [271/459] RACN
[00:43:01] [272/459] JTSM
[00:43:02] [273/459] SCDN
[00:43:03] [274/459] AACK
[00:43:04] [275/459] RMCE
[00:43:05] [276/459] BSGB
[00:43:06] [277/459] MRCB
[00:43:07] [278/459] SRVR
[00:43:08] [279/459] VTKK
[00:43:09] [280/459] AMST
[00:43:10] [281/459] APCY
[00:43:11] [282/459] LMHO
[00:43:12] [283/459] MTZH
[00:43:12] [284/459] AMZB
[00:43:13] [285/459] SUVT
[00:43:14] [286/459] RCIP
[00:43:15] [287/459] KESR
[00:43:17] [288/459] SNKC
[00:43:17] [289/459] SCED
[00:43:18] [290/459] DVCA
[00:43:19] [291/459] VCDT
[00:43:20] [292/459] RRDI
[00:43:20] [293/459] DFCH
[00:43:21] [294/459] INSC
[00:43:22] [295/459] RGTR
[00:43:23] [296/459] FMOT
[00:43:24] [297/459] SCPM
[00:43:25] [298/459] GCDT
[00:43:26] [299/459] BRKT
[00:43:27] [300/459] DEMP
[00:43:28] [301/459] SRLC
[00:43:29] [302/459] KSTT
[00:43:30] [303/459] SMMT
[00:43:30] [304/459] SILM
[00:43:31] [305/459] JCVM
[00:43:32] [306/459] KCSV
[00:43:33] [307/459] MHLK
[00:43:34] [308/459] SLVL
[00:43:35] [309/459] RJKP
[00:43:36] [310/459] BBPC
[00:43:36] [311/459] MXCB
[00:43:37] [312/459] TCPK
[00:43:39] [313/459] RTBR
[00:43:40] [314/459] GAUT
[00:43:42] [315/459] DVCF
[00:43:43] [316/459] JTSB
[00:43:43] [317/459] SBLS
[00:43:44] [318/459] UDAY
[00:43:45] [319/459] PTNP
[00:43:47] [320/459] DMKT
[00:43:48] [321/459] NTDT
[00:43:48] [322/459] SHDJ
[00:43:49] [323/459] OTNC
[00:43:50] [324/459] RNTW
[00:43:51] [325/459] GCMI
[00:43:51] [326/459] CRCM
[00:43:52] [327/459] NNCZ
[00:43:53] [328/459] OEMO
[00:43:54] [329/459] PVJM
[00:43:56] [330/459] CPJI
[00:43:56] [331/459] RMCJ
[00:43:57] [332/459] CNWJ
[00:43:58] [333/459] EPJM
[00:43:59] [334/459] FNJJ
[00:44:00] [335/459] GCMJ
[00:44:01] [336/459] INPS
[00:44:02] [337/459] BICJ
[00:44:03] [338/459] ISTJ
[00:44:04] [339/459] INJC
[00:44:05] [340/459] GLXJ
[00:44:05] [341/459] INEM
[00:44:06] [342/459] JTMN
[00:44:07] [343/459] FRCJ
[00:44:08] [344/459] DDJP
[00:44:09] [345/459] INJV
[00:44:10] [346/459] GOLC
[00:44:11] [347/459] KOCI
[00:44:11] [348/459] FSTD
[00:44:12] [349/459] PACJ
[00:44:13] [350/459] GMCN
[00:44:14] [351/459] MMDJ
[00:44:16] [352/459] GODH
[00:44:17] [353/459] SKYN
[00:44:18] [354/459] NCTH
[00:44:19] [355/459] SKVZ
[00:44:20] [356/459] SVML
[00:44:21] [357/459] ACVZ
[00:44:22] [358/459] SURA
[00:44:23] [359/459] RTRB
[00:44:24] [360/459] LLCT
[00:44:25] [361/459] ATTS
[00:44:26] [362/459] JYCM
[00:44:26] [363/459] CTKR
[00:44:27] [364/459] LCKR
[00:44:28] [365/459] NYCV
[00:44:29] [366/459] NYOH
[00:44:30] [367/459] NOVX
[00:44:30] [368/459] MRGK
[00:44:31] [369/459] MOON
[00:44:32] [370/459] SBUC
[00:44:33] [371/459] GSVA
[00:44:34] [372/459] VIAK
[00:44:35] [373/459] SMVZ
[00:44:36] [374/459] MATE
[00:44:37] [375/459] RDCN
[00:44:39] [376/459] ASBL
[00:44:40] [377/459] ASVS
[00:44:41] [378/459] ASSR
[00:44:42] [379/459] SSKN
[00:44:43] [380/459] DRPV
[00:44:44] [381/459] MRHT
[00:44:45] [382/459] BSCN
[00:44:46] [383/459] RKNX
[00:44:47] [384/459] MSMC
[00:44:48] [385/459] MSCJ
[00:44:49] [386/459] BTBJ
[00:44:49] [387/459] MJCC
[00:44:50] [388/459] IOMM
[00:44:51] [389/459] ADGR
[00:44:52] [390/459] MYCP
[00:44:53] [391/459] IGCM
[00:44:54] [392/459] PGRK
[00:44:55] [393/459] VPGO
[00:44:56] [394/459] KOMS
[00:44:58] [395/459] URGG
[00:44:59] [396/459] GOST
[00:45:00] [397/459] LACT
[00:45:01] [398/459] BWCM
[00:45:02] [399/459] NCCW
[00:45:03] [400/459] SKYC
[00:45:05] [401/459] CCPM
[00:45:06] [402/459] VCBT
[00:45:07] [403/459] SDKR
[00:45:07] [404/459] CTYB
[00:45:08] [405/459] SHCX
[00:45:09] [406/459] RCUN
[00:45:10] [407/459] CNRA
[00:45:11] [408/459] RFCA
[00:45:12] [409/459] RDCU
[00:45:13] [410/459] SARK
[00:45:14] [411/459] SPPP
[00:45:14] [412/459] ADMB
[00:45:16] [413/459] JYOE
[00:45:17] [414/459] SRMD
[00:45:18] [415/459] RJDH
[00:45:19] [416/459] SSTD
[00:45:19] [417/459] AACV
[00:45:20] [418/459] PPVD
[00:45:21] [419/459] STCP
[00:45:23] [420/459] ANJR
[00:45:23] [421/459] ANLS
[00:45:24] [422/459] BIJO
[00:45:25] [423/459] AVAB
[00:45:26] [424/459] SPMD
[00:45:27] [425/459] SVJL
[00:45:28] [426/459] SDDJ
[00:45:29] [427/459] SLTU
[00:45:30] [428/459] SAKA
[00:45:31] [429/459] PMAM
[00:45:33] [430/459] FNAM
[00:45:33] [431/459] ACAM
[00:45:34] [432/459] SCMM
[00:45:35] [433/459] PMAK
[00:45:36] [434/459] NYSA
[00:45:37] [435/459] FCPA
[00:45:38] [436/459] GDAN
[00:45:38] [437/459] RSCA
[00:45:39] [438/459] DMAN
[00:45:40] [439/459] DZCM
[00:45:41] [440/459] NSGL
[00:45:42] [441/459] CCPP
[00:45:43] [442/459] PSMG
[00:45:44] [443/459] GSER
[00:45:44] [444/459] FCCT
[00:45:45] [445/459] FCTB
[00:45:47] [446/459] LCNK
[00:45:48] [447/459] SKTY
[00:45:49] [448/459] INAA
[00:45:50] [449/459] RCWN
[00:45:51] [450/459] VAIS
[00:45:51] [451/459] CVMN
[00:45:52] [452/459] INTS
[00:45:53] [453/459] FRGS
[00:45:54] [454/459] DTCK
[00:45:55] [455/459] MCMH
[00:45:57] [456/459] ECRR
[00:45:58] [457/459] RLLP
[00:45:59] [458/459] CCSN
[00:45:59] [459/459] CCBA
[00:46:00] ✅ DONE | Shows=0 | Movies=0
[01:42:37] 🚀 BMS DAILY TRACKER STARTED
[01:42:37] [1/459] MBDC
[01:42:37] 🧠 New identity
[01:42:39] [2/459] CHKM
[01:42:41] [3/459] JTKZ
[01:42:42] [4/459] CMCT
[01:42:42] [5/459] ASHO
[01:42:43] [6/459] ECDG
[01:42:44] [7/459] SPAT
[01:42:45] [8/459] HILC
[01:42:47] [9/459] SPPH
[01:42:48] [10/459] SBHN
[01:42:48] [11/459] RRCA
[01:42:49] [12/459] APAA
[01:42:50] [13/459] RAME
[01:42:51] [14/459] TMMS
[01:42:52] [15/459] BATK
[01:42:53] [16/459] LKOP
[01:42:54] [17/459] AMTT
[01:42:55] [18/459] PTGK
[01:42:56] [19/459] ANRS
[01:42:57] [20/459] VWBW
[01:42:57] [21/459] SVFG
[01:42:58] [22/459] STAT
[01:43:00] [23/459] GDCV
[01:43:00] [24/459] VEBI
[01:43:01] [25/459] VDSS
[01:43:02] [26/459] NTHV
[01:43:03] [27/459] AOCH
[01:43:04] [28/459] KASR
[01:43:05] [29/459] AYCS
[01:43:06] [30/459] SHAI
[01:43:07] [31/459] SKPE
[01:43:08] [32/459] SBTA
[01:43:08] [33/459] RTTD
[01:43:09] [34/459] CCJD
[01:43:10] [35/459] RSJJ
[01:43:11] [36/459] RKND
[01:43:12] [37/459] SVTX
[01:43:13] [38/459] BAKM
[01:43:14] [39/459] SVDC
[01:43:14] [40/459] MNCV
[01:43:15] [41/459] SJGC
[01:43:16] [42/459] MTPK
[01:43:17] [43/459] GATP
[01:43:18] [44/459] ABTS
[01:43:19] [45/459] ABDE
[01:43:20] [46/459] RCNM
[01:43:21] [47/459] KTHV
[01:43:22] [48/459] MDGJ
[01:43:23] [49/459] SMLM
[01:43:25] [50/459] JTMA
[01:43:26] [51/459] ACKP
[01:43:26] [52/459] SRTA
[01:43:27] [53/459] STAY
[01:43:28] [54/459] MAVO
[01:43:29] [55/459] APTS
[01:43:30] [56/459] OMEA
[01:43:31] [57/459] TTFD
[01:43:31] [58/459] MJCU
[01:43:33] [59/459] CXTE
[01:43:34] [60/459] CTPX
[01:43:35] [61/459] ASSL
[01:43:36] [62/459] CMVB
[01:43:37] [63/459] VPUR
[01:43:38] [64/459] JJDA
[01:43:39] [65/459] INBL
[01:43:39] [66/459] BIKB
[01:43:40] [67/459] NTBB
[01:43:41] [68/459] GLOB
[01:43:42] [69/459] SNTB
[01:43:43] [70/459] CHGV
[01:43:44] [71/459] SSBZ
[01:43:45] [72/459] PRDB
[01:43:46] [73/459] ISMT
[01:43:47] [74/459] MCSD
[01:43:48] [75/459] JBTT
[01:43:48] [76/459] GEKR
[01:43:50] [77/459] PVUN
[01:43:51] [78/459] NRTB
[01:43:52] [79/459] PRAA
[01:43:54] [80/459] PCBL
[01:43:55] [81/459] PTCM
[01:43:55] [82/459] KHNN
[01:43:57] [83/459] OMJE
[01:43:58] [84/459] STGN
[01:43:59] [85/459] RPMS
[01:44:01] [86/459] NWAD
[01:44:02] [87/459] BLCK
[01:44:03] [88/459] SVAA
[01:44:03] [89/459] URVM
[01:44:04] [90/459] ANTM
[01:44:05] [91/459] VJYM
[01:44:06] [92/459] MAZZ
[01:44:07] [93/459] CSHM
[01:44:08] [94/459] WGMH
[01:44:08] [95/459] SALN
[01:44:09] [96/459] BRTP
[01:44:11] [97/459] SVTA
[01:44:12] [98/459] SBTP
[01:44:13] [99/459] VLSS
[01:44:13] [100/459] SRJA
[01:44:14] [101/459] ANCG
[01:44:16] [102/459] CGGC
[01:44:17] [103/459] CRJA
[01:44:18] [104/459] USCR
[01:44:19] [105/459] MMEF
[01:44:20] [106/459] JCRJ
[01:44:21] [107/459] ADCM
[01:44:22] [108/459] BMYK
[01:44:23] [109/459] KICS
[01:44:24] [110/459] MBBT
[01:44:25] [111/459] MACK
[01:44:26] [112/459] CLDR
[01:44:26] [113/459] JYCR
[01:44:27] [114/459] DCRP
[01:44:28] [115/459] RAHT
[01:44:30] [116/459] CSSM
[01:44:31] [117/459] ATPK
[01:44:32] [118/459] KLRT
[01:44:32] [119/459] SRDD
[01:44:33] [120/459] CKMC
[01:44:34] [121/459] KRVM
[01:44:35] [122/459] AKCP
[01:44:36] [123/459] CNCV
[01:44:36] [124/459] PACT
[01:44:37] [125/459] NATP
[01:44:38] [126/459] PCPK
[01:44:40] [127/459] SMHO
[01:44:41] [128/459] CWTK
[01:44:41] [129/459] RVKZ
[01:44:42] [130/459] ASPD
[01:44:43] [131/459] VTKZ
[01:44:45] [132/459] LCSO
[01:44:46] [133/459] PRDY
[01:44:46] [134/459] RCAP
[01:44:47] [135/459] RGAR
[01:44:48] [136/459] RCAC
[01:44:49] [137/459] PMOD
[01:44:50] [138/459] PVCN
[01:44:51] [139/459] SCRZ
[01:44:51] [140/459] PVPC
[01:44:53] [141/459] STID
[01:44:54] [142/459] NEDD
[01:44:55] [143/459] BNBA
[01:44:56] [144/459] NTCD
[01:44:57] [145/459] OCDE
[01:44:58] [146/459] CCDU
[01:44:59] [147/459] CRXH
[01:45:00] [148/459] VLVT
[01:45:01] [149/459] CICI
[01:45:01] [150/459] SUCB
[01:45:02] [151/459] TCBP
[01:45:03] [152/459] SCCY
[01:45:04] [153/459] LXCY
[01:45:05] [154/459] NCMD
[01:45:06] [155/459] PHCS
[01:45:07] [156/459] DUXR
[01:45:08] [157/459] VNKS
[01:45:09] [158/459] SEDP
[01:45:10] [159/459] SVEN
[01:45:11] [160/459] SRKM
[01:45:11] [161/459] JTLT
[01:45:12] [162/459] SVSS
[01:45:13] [163/459] AMDE
[01:45:14] [164/459] WVRN
[01:45:15] [165/459] ISMG
[01:45:16] [166/459] WVKS
[01:45:17] [167/459] USCG
[01:45:18] [168/459] IOTG
[01:45:19] [169/459] RRJM
[01:45:20] [170/459] EDMP
[01:45:21] [171/459] SCGZ
[01:45:22] [172/459] GMGX
[01:45:23] [173/459] OMTP
[01:45:24] [174/459] MITD
[01:45:24] [175/459] SMMD
[01:45:25] [176/459] STML
[01:45:26] [177/459] MCFS
[01:45:27] [178/459] FPKA
[01:45:28] [179/459] OMLR
[01:45:29] [180/459] KKSC
[01:45:30] [181/459] RVMA
[01:45:31] [182/459] SCLL
[01:45:32] [183/459] SCDK
[01:45:33] [184/459] SXMI
[01:45:34] [185/459] SHDN
[01:45:34] [186/459] PAAD
[01:45:36] [187/459] UUCB
[01:45:37] [188/459] JHOL
[01:45:38] [189/459] SGWT
[01:45:39] [190/459] SRII
[01:45:40] [191/459] SGCK
[01:45:40] [192/459] SVVB
[01:45:41] [193/459] DMHA
[01:45:42] [194/459] PPNL
[01:45:44] [195/459] CPNL
[01:45:45] [196/459] WVLD
[01:45:46] [197/459] PSLV
[01:45:47] [198/459] VTTL
[01:45:47] [199/459] NPAD
[01:45:48] [200/459] PVCS
[01:45:49] [201/459] MCHL
[01:45:50] [202/459] PPLL
[01:45:51] [203/459] MALO
[01:45:52] [204/459] SWBH
[01:45:53] [205/459] PUGB
[01:45:54] [206/459] INBB
[01:45:55] [207/459] INNS
[01:45:56] [208/459] MCPT
[01:45:57] [209/459] SCMI
[01:45:58] [210/459] OCON
[01:45:59] [211/459] SCSM
[01:46:00] [212/459] RJVN
[01:46:00] [213/459] AMDK
[01:46:01] [214/459] ISMR
[01:46:02] [215/459] SMTD
[01:46:03] [216/459] VTDD
[01:46:05] [217/459] PDDZ
[01:46:06] [218/459] PCCK
[01:46:06] [219/459] INAM
[01:46:07] [220/459] FNKT
[01:46:08] [221/459] GDKA
[01:46:09] [222/459] MAYU
[01:46:09] [223/459] TCGU
[01:46:10] [224/459] KDCA
[01:46:12] [225/459] DOMY
[01:46:13] [226/459] PDDD
[01:46:14] [227/459] BJTS
[01:46:16] [228/459] VTCA
[01:46:17] [229/459] SBTM
[01:46:18] [230/459] SEET
[01:46:19] [231/459] SSTJ
[01:46:20] [232/459] SVNT
[01:46:21] [233/459] PPPR
[01:46:22] [234/459] PVYS
[01:46:23] [235/459] IOSE
[01:46:23] [236/459] ACTV
[01:46:24] [237/459] APVE
[01:46:25] [238/459] TCCL
[01:46:26] [239/459] SCMO
[01:46:27] [240/459] SAUM
[01:46:28] [241/459] KCJS
[01:46:29] [242/459] NJCJ
[01:46:30] [243/459] NECF
[01:46:31] [244/459] CCGW
[01:46:31] [245/459] CCMG
[01:46:32] [246/459] NYRG
[01:46:33] [247/459] NCSQ
[01:46:34] [248/459] GRCG
[01:46:35] [249/459] CCBT
[01:46:36] [250/459] ACGA
[01:46:37] [251/459] INAG
[01:46:38] [252/459] FUCG
[01:46:39] [253/459] AICF
[01:46:40] [254/459] GRGA
[01:46:41] [255/459] GDCN
[01:46:42] [256/459] RRCG
[01:46:42] [257/459] SDCH
[01:46:43] [258/459] WVJM
[01:46:44] [259/459] JCCZ
[01:46:45] [260/459] CNCL
[01:46:46] [261/459] TMLV
[01:46:46] [262/459] MEMB
[01:46:47] [263/459] SGTD
[01:46:48] [264/459] CONX
[01:46:49] [265/459] CCMH
[01:46:50] [266/459] ACMC
[01:46:51] [267/459] DTPD
[01:46:52] [268/459] POJA
[01:46:53] [269/459] FNBH
[01:46:54] [270/459] CGCB
[01:46:55] [271/459] RACN
[01:46:56] [272/459] JTSM
[01:46:57] [273/459] SCDN
[01:46:58] [274/459] AACK
[01:46:59] [275/459] RMCE
[01:47:00] [276/459] BSGB
[01:47:00] [277/459] MRCB
[01:47:01] [278/459] SRVR
[01:47:02] [279/459] VTKK
[01:47:04] [280/459] AMST
[01:47:05] [281/459] APCY
[01:47:07] [282/459] LMHO
[01:47:08] [283/459] MTZH
[01:47:09] [284/459] AMZB
[01:47:10] [285/459] SUVT
[01:47:10] [286/459] RCIP
[01:47:12] [287/459] KESR
[01:47:13] [288/459] SNKC
[01:47:14] [289/459] SCED
[01:47:15] [290/459] DVCA
[01:47:17] [291/459] VCDT
[01:47:18] [292/459] RRDI
[01:47:19] [293/459] DFCH
[01:47:20] [294/459] INSC
[01:47:21] [295/459] RGTR
[01:47:21] [296/459] FMOT
[01:47:22] [297/459] SCPM
[01:47:23] [298/459] GCDT
[01:47:24] [299/459] BRKT
[01:47:25] [300/459] DEMP
[01:47:26] [301/459] SRLC
[01:47:26] [302/459] KSTT
[01:47:27] [303/459] SMMT
[01:47:28] [304/459] SILM
[01:47:30] [305/459] JCVM
[01:47:32] [306/459] KCSV
[01:47:32] [307/459] MHLK
[01:47:33] [308/459] SLVL
[01:47:34] [309/459] RJKP
[01:47:35] [310/459] BBPC
[01:47:36] [311/459] MXCB
[01:47:37] [312/459] TCPK
[01:47:38] [313/459] RTBR
[01:47:39] [314/459] GAUT
[01:47:40] [315/459] DVCF
[01:47:41] [316/459] JTSB
[01:47:42] [317/459] SBLS
[01:47:43] [318/459] UDAY
[01:47:43] [319/459] PTNP
[01:47:44] [320/459] DMKT
[01:47:45] [321/459] NTDT
[01:47:46] [322/459] SHDJ
[01:47:47] [323/459] OTNC
[01:47:48] [324/459] RNTW
[01:47:49] [325/459] GCMI
[01:47:50] [326/459] CRCM
[01:47:51] [327/459] NNCZ
[01:47:52] [328/459] OEMO
[01:47:54] [329/459] PVJM
[01:47:55] [330/459] CPJI
[01:47:56] [331/459] RMCJ
[01:47:57] [332/459] CNWJ
[01:47:58] [333/459] EPJM
[01:47:59] [334/459] FNJJ
[01:48:00] [335/459] GCMJ
[01:48:00] [336/459] INPS
[01:48:01] [337/459] BICJ
[01:48:02] [338/459] ISTJ
[01:48:03] [339/459] INJC
[01:48:04] [340/459] GLXJ
[01:48:05] [341/459] INEM
[01:48:06] [342/459] JTMN
[01:48:07] [343/459] FRCJ
[01:48:08] [344/459] DDJP
[01:48:08] [345/459] INJV
[01:48:09] [346/459] GOLC
[01:48:10] [347/459] KOCI
[01:48:11] [348/459] FSTD
[01:48:12] [349/459] PACJ
[01:48:13] [350/459] GMCN
[01:48:14] [351/459] MMDJ
[01:48:15] [352/459] GODH
[01:48:15] [353/459] SKYN
[01:48:16] [354/459] NCTH
[01:48:17] [355/459] SKVZ
[01:48:18] [356/459] SVML
[01:48:19] [357/459] ACVZ
[01:48:20] [358/459] SURA
[01:48:21] [359/459] RTRB
[01:48:22] [360/459] LLCT
[01:48:23] [361/459] ATTS
[01:48:24] [362/459] JYCM
[01:48:24] [363/459] CTKR
[01:48:25] [364/459] LCKR
[01:48:26] [365/459] NYCV
[01:48:27] [366/459] NYOH
[01:48:28] [367/459] NOVX
[01:48:29] [368/459] MRGK
[01:48:30] [369/459] MOON
[01:48:31] [370/459] SBUC
[01:48:32] [371/459] GSVA
[01:48:33] [372/459] VIAK
[01:48:35] [373/459] SMVZ
[01:48:36] [374/459] MATE
[01:48:37] [375/459] RDCN
[01:48:37] [376/459] ASBL
[01:48:38] [377/459] ASVS
[01:48:39] [378/459] ASSR
[01:48:40] [379/459] SSKN
[01:48:42] [380/459] DRPV
[01:48:43] [381/459] MRHT
[01:48:44] [382/459] BSCN
[01:48:45] [383/459] RKNX
[01:48:45] [384/459] MSMC
[01:48:46] [385/459] MSCJ
[01:48:48] [386/459] BTBJ
[01:48:49] [387/459] MJCC
[01:48:50] [388/459] IOMM
[01:48:50] [389/459] ADGR
[01:48:51] [390/459] MYCP
[01:48:52] [391/459] IGCM
[01:48:54] [392/459] PGRK
[01:48:55] [393/459] VPGO
[01:48:55] [394/459] KOMS
[01:48:56] [395/459] URGG
[01:48:57] [396/459] GOST
[01:48:58] [397/459] LACT
[01:49:00] [398/459] BWCM
[01:49:02] [399/459] NCCW
[01:49:02] [400/459] SKYC
[01:49:03] [401/459] CCPM
[01:49:04] [402/459] VCBT
[01:49:05] [403/459] SDKR
[01:49:06] [404/459] CTYB
[01:49:07] [405/459] SHCX
[01:49:08] [406/459] RCUN
[01:49:09] [407/459] CNRA
[01:49:10] [408/459] RFCA
[01:49:11] [409/459] RDCU
[01:49:12] [410/459] SARK
[01:49:13] [411/459] SPPP
[01:49:14] [412/459] ADMB
[01:49:15] [413/459] JYOE
[01:49:16] [414/459] SRMD
[01:49:17] [415/459] RJDH
[01:49:17] [416/459] SSTD
[01:49:18] [417/459] AACV
[01:49:19] [418/459] PPVD
[01:49:20] [419/459] STCP
[01:49:21] [420/459] ANJR
[01:49:22] [421/459] ANLS
[01:49:22] [422/459] BIJO
[01:49:23] [423/459] AVAB
[01:49:24] [424/459] SPMD
[01:49:25] [425/459] SVJL
[01:49:26] [426/459] SDDJ
[01:49:27] [427/459] SLTU
[01:49:28] [428/459] SAKA
[01:49:29] [429/459] PMAM
[01:49:30] [430/459] FNAM
[01:49:31] [431/459] ACAM
[01:49:32] [432/459] SCMM
[01:49:32] [433/459] PMAK
[01:49:33] [434/459] NYSA
[01:49:34] [435/459] FCPA
[01:49:35] [436/459] GDAN
[01:49:36] [437/459] RSCA
[01:49:37] [438/459] DMAN
[01:49:38] [439/459] DZCM
[01:49:39] [440/459] NSGL
[01:49:41] [441/459] CCPP
[01:49:43] [442/459] PSMG
[01:49:44] [443/459] GSER
[01:49:45] [444/459] FCCT
[01:49:45] [445/459] FCTB
[01:49:47] [446/459] LCNK
[01:49:48] [447/459] SKTY
[01:49:49] [448/459] INAA
[01:49:50] [449/459] RCWN
[01:49:50] [450/459] VAIS
[01:49:51] [451/459] CVMN
[01:49:52] [452/459] INTS
[01:49:53] [453/459] FRGS
[01:49:54] [454/459] DTCK
[01:49:55] [455/459] MCMH
[01:49:56] [456/459] ECRR
[01:49:57] [457/459] RLLP
[01:49:58] [458/459] CCSN
[01:49:59] [459/459] CCBA
[01:50:00] ✅ DONE | Shows=0 | Movies=0
