[00:38:30] 🚀 BMS DAILY TRACKER STARTED
[00:38:30] [1/324] GCTA
[00:38:30] 🧠 New identity
[00:38:31] [2/324] TOPN
[00:38:32] [3/324] MCUS
[00:38:33] [4/324] SHRL
[00:38:34] [5/324] UPTP
[00:38:35] [6/324] TMMP
[00:38:36] [7/324] DNRP
[00:38:36] [8/324] SRLT
[00:38:37] [9/324] RCNS
[00:38:38] [10/324] DCBH
[00:38:39] [11/324] NAGJ
[00:38:40] [12/324] JVRC
[00:38:41] [13/324] KRJG
[00:38:42] [14/324] SRTJ
[00:38:43] [15/324] CMXM
[00:38:44] [16/324] STMI
[00:38:45] [17/324] SLST
[00:38:46] [18/324] DTCN
[00:38:47] [19/324] STYN
[00:38:48] [20/324] SZVR
[00:38:49] [21/324] SRKO
[00:38:50] [22/324] JTGT
[00:38:51] [23/324] SVFD
[00:38:52] [24/324] SISD
[00:38:52] [25/324] ABDD
[00:38:53] [26/324] DRCA
[00:38:54] [27/324] AVCS
[00:38:55] [28/324] MVKH
[00:38:56] [29/324] ACPR
[00:38:58] [30/324] STIP
[00:38:59] [31/324] MTRA
[00:39:00] [32/324] RMKH
[00:39:02] [33/324] NKRL
[00:39:03] [34/324] PCWN
[00:39:04] [35/324] BLMT
[00:39:05] [36/324] GDPG
[00:39:06] [37/324] SRMX
[00:39:07] [38/324] JACP
[00:39:07] [39/324] CPSH
[00:39:08] [40/324] MCCD
[00:39:09] [41/324] ECGH
[00:39:10] [42/324] MKCK
[00:39:11] [43/324] SRMM
[00:39:12] [44/324] SKYR
[00:39:13] [45/324] PCKC
[00:39:14] [46/324] JCMA
[00:39:14] [47/324] BSMP
[00:39:15] [48/324] VSPA
[00:39:17] [49/324] DJYA
[00:39:18] [50/324] DIMP
[00:39:19] [51/324] FXDR
[00:39:20] [52/324] SSRC
[00:39:21] [53/324] STHP
[00:39:22] [54/324] CPPD
[00:39:23] [55/324] FCLK
[00:39:23] [56/324] SCPP
[00:39:24] [57/324] DCMJ
[00:39:25] [58/324] RCCR
[00:39:27] [59/324] INMT
[00:39:28] [60/324] LXTK
[00:39:28] [61/324] SRYK
[00:39:29] [62/324] SGDK
[00:39:30] [63/324] PPKA
[00:39:31] [64/324] SPKA
[00:39:32] [65/324] CGHH
[00:39:33] [66/324] DCJN
[00:39:34] [67/324] SRKV
[00:39:35] [68/324] SAJC
[00:39:36] [69/324] SUSR
[00:39:37] [70/324] STYG
[00:39:38] [71/324] NTKP
[00:39:39] [72/324] AKTG
[00:39:39] [73/324] CGCM
[00:39:40] [74/324] TULC
[00:39:42] [75/324] NYYZ
[00:39:43] [76/324] NYBW
[00:39:44] [77/324] MACB
[00:39:45] [78/324] SLVT
[00:39:45] [79/324] SANA
[00:39:46] [80/324] ACMR
[00:39:47] [81/324] CPKN
[00:39:48] [82/324] DLGK
[00:39:49] [83/324] CWCK
[00:39:50] [84/324] FDDH
[00:39:51] [85/324] MMMD
[00:39:52] [86/324] CMEH
[00:39:53] [87/324] GGGV
[00:39:54] [88/324] SPJL
[00:39:55] [89/324] RCCD
[00:39:56] [90/324] STTZ
[00:39:57] [91/324] BTCF
[00:39:58] [92/324] TSTZ
[00:39:59] [93/324] IPMM
[00:40:00] [94/324] PMPW
[00:40:01] [95/324] PCMZ
[00:40:02] [96/324] ESEM
[00:40:03] [97/324] PIPO
[00:40:04] [98/324] MATK
[00:40:05] [99/324] PGHM
[00:40:05] [100/324] CTSR
[00:40:06] [101/324] CYKR
[00:40:07] [102/324] MSCM
[00:40:08] [103/324] RFNP
[00:40:09] [104/324] PDCP
[00:40:10] [105/324] NPSE
[00:40:11] [106/324] MKML
[00:40:13] [107/324] FTDP
[00:40:14] [108/324] MMXA
[00:40:15] [109/324] CEPO
[00:40:16] [110/324] CMVP
[00:40:18] [111/324] SGTH
[00:40:18] [112/324] SAYN
[00:40:19] [113/324] URVS
[00:40:20] [114/324] VJTN
[00:40:21] [115/324] BBYK
[00:40:22] [116/324] SHBO
[00:40:23] [117/324] VCMR
[00:40:24] [118/324] MACT
[00:40:24] [119/324] JMNP
[00:40:25] [120/324] VICS
[00:40:26] [121/324] VCDA
[00:40:27] [122/324] GCMM
[00:40:28] [123/324] INVS
[00:40:29] [124/324] SCGM
[00:40:30] [125/324] PCDA
[00:40:30] [126/324] KDCT
[00:40:31] [127/324] JACS
[00:40:32] [128/324] GMMC
[00:40:33] [129/324] AICM
[00:40:33] [130/324] TJCM
[00:40:35] [131/324] RMTI
[00:40:36] [132/324] SHAC
[00:40:36] [133/324] APJC
[00:40:37] [134/324] GCTG
[00:40:38] [135/324] SSMC
[00:40:39] [136/324] THRM
[00:40:40] [137/324] RBCT
[00:40:41] [138/324] DIKT
[00:40:41] [139/324] MIDL
[00:40:42] [140/324] VCSN
[00:40:44] [141/324] SKTG
[00:40:45] [142/324] SMWC
[00:40:46] [143/324] MNKH
[00:40:47] [144/324] PIAT
[00:40:48] [145/324] LTTP
[00:40:49] [146/324] PTPU
[00:40:50] [147/324] ACMG
[00:40:50] [148/324] SHMM
[00:40:51] [149/324] MCMN
[00:40:52] [150/324] GLDC
[00:40:53] [151/324] HOUT
[00:40:54] [152/324] SVRP
[00:40:54] [153/324] PVDN
[00:40:55] [154/324] SCPY
[00:40:56] [155/324] DTPY
[00:40:57] [156/324] GKCS
[00:40:58] [157/324] NCAM
[00:40:59] [158/324] BSRM
[00:41:00] [159/324] RCLC
[00:41:01] [160/324] SKKD
[00:41:03] [161/324] ACHU
[00:41:04] [162/324] RSCF
[00:41:05] [163/324] IMSH
[00:41:06] [164/324] MACX
[00:41:07] [165/324] HMMW
[00:41:07] [166/324] JTCP
[00:41:08] [167/324] SREN
[00:41:09] [168/324] PJRR
[00:41:10] [169/324] INAC
[00:41:12] [170/324] BMCA
[00:41:13] [171/324] SHCB
[00:41:13] [172/324] GABA
[00:41:14] [173/324] SBCT
[00:41:15] [174/324] GCMA
[00:41:16] [175/324] MYTK
[00:41:17] [176/324] INZS
[00:41:18] [177/324] RMIK
[00:41:18] [178/324] NYCH
[00:41:19] [179/324] RAVE
[00:41:20] [180/324] PSXM
[00:41:21] [181/324] MCGP
[00:41:22] [182/324] PDDK
[00:41:23] [183/324] SPCK
[00:41:23] [184/324] MCRL
[00:41:24] [185/324] MHKT
[00:41:25] [186/324] ANRR
[00:41:26] [187/324] SAPK
[00:41:28] [188/324] NCUK
[00:41:29] [189/324] JUGA
[00:41:30] [190/324] DBSC
[00:41:30] [191/324] LALK
[00:41:31] [192/324] GUCK
[00:41:32] [193/324] STSG
[00:41:34] [194/324] PPPZ
[00:41:35] [195/324] CNCY
[00:41:36] [196/324] MTAR
[00:41:37] [197/324] VNKD
[00:41:38] [198/324] KMAJ
[00:41:39] [199/324] ACXK
[00:41:40] [200/324] UTKC
[00:41:41] [201/324] PBLK
[00:41:42] [202/324] ACBX
[00:41:42] [203/324] PTGM
[00:41:43] [204/324] BTDA
[00:41:44] [205/324] PJMB
[00:41:45] [206/324] TPDA
[00:41:46] [207/324] AMOE
[00:41:47] [208/324] PRHT
[00:41:48] [209/324] PRTA
[00:41:49] [210/324] STAM
[00:41:50] [211/324] MSAA
[00:41:51] [212/324] SDLU
[00:41:52] [213/324] RCHH
[00:41:53] [214/324] KANT
[00:41:54] [215/324] FCRT
[00:41:55] [216/324] DNKM
[00:41:55] [217/324] RYCP
[00:41:56] [218/324] MYRP
[00:41:57] [219/324] PPAK
[00:41:59] [220/324] NVPK
[00:42:00] [221/324] PRMC
[00:42:01] [222/324] JBCS
[00:42:01] [223/324] GXCK
[00:42:02] [224/324] USKO
[00:42:03] [225/324] GTEM
[00:42:04] [226/324] SMBU
[00:42:05] [227/324] VETC
[00:42:06] [228/324] LCDA
[00:42:07] [229/324] MTVT
[00:42:08] [230/324] PYCP
[00:42:09] [231/324] PNSC
[00:42:11] [232/324] PPCC
[00:42:12] [233/324] TGRT
[00:42:12] [234/324] JYOT
[00:42:13] [235/324] SRCZ
[00:42:14] [236/324] SJTE
[00:42:15] [237/324] DESC
[00:42:16] [238/324] JHVN
[00:42:17] [239/324] IPSG
[00:42:18] [240/324] IPCM
[00:42:19] [241/324] PDRS
[00:42:21] [242/324] ANCV
[00:42:22] [243/324] CMVV
[00:42:23] [244/324] SHYP
[00:42:24] [245/324] DNCS
[00:42:25] [246/324] GAJK
[00:42:25] [247/324] AKTN
[00:42:26] [248/324] KAYA
[00:42:27] [249/324] SBRC
[00:42:28] [250/324] CHTP
[00:42:30] [251/324] SHRT
[00:42:31] [252/324] BCKU
[00:42:31] [253/324] FCPS
[00:42:32] [254/324] ARDD
[00:42:33] [255/324] CPCM
[00:42:34] [256/324] CGSM
[00:42:36] [257/324] PSMP
[00:42:36] [258/324] SDAL
[00:42:37] [259/324] RTNB
[00:42:38] [260/324] LMCR
[00:42:39] [261/324] CIMA
[00:42:40] [262/324] RNAS
[00:42:41] [263/324] LITH
[00:42:42] [264/324] PBOX
[00:42:43] [265/324] FRTS
[00:42:44] [266/324] RKIC
[00:42:45] [267/324] PTAI
[00:42:46] [268/324] GCIC
[00:42:47] [269/324] FNAS
[00:42:47] [270/324] SCAR
[00:42:48] [271/324] MTCA
[00:42:49] [272/324] SCTS
[00:42:51] [273/324] SYCS
[00:42:52] [274/324] RDMS
[00:42:52] [275/324] KAMP
[00:42:53] [276/324] ERSD
[00:42:55] [277/324] MJMJ
[00:42:55] [278/324] SRCJ
[00:42:56] [279/324] SCXE
[00:42:57] [280/324] SVFR
[00:42:58] [281/324] BHCS
[00:42:59] [282/324] IMCC
[00:43:00] [283/324] PCBO
[00:43:00] [284/324] PRVN
[00:43:01] [285/324] AUPM
[00:43:02] [286/324] INBW
[00:43:03] [287/324] SVCW
[00:43:04] [288/324] RKCF
[00:43:05] [289/324] UVBH
[00:43:05] [290/324] DNCY
[00:43:06] [291/324] ABCN
[00:43:07] [292/324] PRUR
[00:43:08] [293/324] PFMR
[00:43:09] [294/324] RKCN
[00:43:10] [295/324] CFEA
[00:43:12] [296/324] SDBG
[00:43:13] [297/324] SNAR
[00:43:13] [298/324] YISI
[00:43:14] [299/324] JCFF
[00:43:15] [300/324] VTRK
[00:43:16] [301/324] PCLZ
[00:43:17] [302/324] DIMY
[00:43:18] [303/324] BBTS
[00:43:20] [304/324] GATH
[00:43:22] [305/324] GTMN
[00:43:23] [306/324] VTMH
[00:43:25] [307/324] CCKP
[00:43:27] [308/324] GPKA
[00:43:27] [309/324] MHCL
[00:43:28] [310/324] ATCL
[00:43:29] [311/324] SBCK
[00:43:30] [312/324] AMMR
[00:43:31] [313/324] MADC
[00:43:31] [314/324] TMMA
[00:43:32] [315/324] CACC
[00:43:33] [316/324] CHAL
[00:43:34] [317/324] DURG
[00:43:35] [318/324] GMKU
[00:43:36] [319/324] GECA
[00:43:36] [320/324] KYRR
[00:43:37] [321/324] KSDE
[00:43:39] [322/324] LMCI
[00:43:41] [323/324] NKCP
[00:43:42] [324/324] BGTC
[00:43:42] ✅ DONE | Shows=0 | Movies=0
