[00:38:32] 🚀 BMS DAILY TRACKER STARTED
[00:38:32] [1/445] TGMR
[00:38:33] 🧠 New identity
[00:38:34] [2/445] CXKR
[00:38:35] [3/445] SROP
[00:38:36] [4/445] GTSV
[00:38:36] [5/445] SNTY
[00:38:37] [6/445] SMYY
[00:38:39] [7/445] CNCS
[00:38:40] [8/445] CSTM
[00:38:41] [9/445] NUCD
[00:38:41] [10/445] SHCZ
[00:38:42] [11/445] NJCT
[00:38:43] [12/445] COPC
[00:38:45] [13/445] STVV
[00:38:46] [14/445] SKRN
[00:38:47] [15/445] APPZ
[00:38:47] [16/445] YMGN
[00:38:48] [17/445] SVTU
[00:38:50] [18/445] GTAD
[00:38:51] [19/445] PSUS
[00:38:52] [20/445] SMCD
[00:38:53] [21/445] CMCM
[00:38:53] [22/445] SYCT
[00:38:54] [23/445] STLY
[00:38:55] [24/445] CMHU
[00:38:56] [25/445] CMSA
[00:38:57] [26/445] CLCU
[00:38:58] [27/445] PPNT
[00:38:59] [28/445] JTAB
[00:39:00] [29/445] BUUC
[00:39:00] [30/445] BSVK
[00:39:01] [31/445] VVVQ
[00:39:02] [32/445] TKMU
[00:39:02] [33/445] ESYL
[00:39:04] [34/445] ACHP
[00:39:05] [35/445] BTKD
[00:39:05] [36/445] DESA
[00:39:07] [37/445] GBCT
[00:39:08] [38/445] BLLD
[00:39:09] [39/445] SKNT
[00:39:10] [40/445] SSTE
[00:39:11] [41/445] VJMR
[00:39:12] [42/445] NTPU
[00:39:13] [43/445] RDKN
[00:39:13] [44/445] ADGC
[00:39:14] [45/445] VRBP
[00:39:15] [46/445] NMNA
[00:39:16] [47/445] CMMX
[00:39:17] [48/445] PTKO
[00:39:18] [49/445] RBML
[00:39:19] [50/445] SAIC
[00:39:20] [51/445] SVTJ
[00:39:21] [52/445] MRTE
[00:39:21] [53/445] RBTP
[00:39:22] [54/445] NLPS
[00:39:23] [55/445] GTNA
[00:39:24] [56/445] DGGC
[00:39:25] [57/445] SMCR
[00:39:26] [58/445] SCGD
[00:39:27] [59/445] SRRJ
[00:39:28] [60/445] CNRY
[00:39:28] [61/445] KTDI
[00:39:29] [62/445] SNJL
[00:39:30] [63/445] RKMD
[00:39:32] [64/445] SMDC
[00:39:33] [65/445] TADG
[00:39:34] [66/445] MCGS
[00:39:35] [67/445] PETK
[00:39:36] [68/445] CHAG
[00:39:37] [69/445] KSTL
[00:39:38] [70/445] AADS
[00:39:39] [71/445] NTHZ
[00:39:40] [72/445] HCKI
[00:39:40] [73/445] SSEF
[00:39:41] [74/445] MCGX
[00:39:42] [75/445] ERRA
[00:39:43] [76/445] SDTW
[00:39:44] [77/445] RMPK
[00:39:44] [78/445] PTHK
[00:39:45] [79/445] PXCS
[00:39:46] [80/445] SVLU
[00:39:47] [81/445] STAH
[00:39:49] [82/445] JRGF
[00:39:50] [83/445] CDOK
[00:39:50] [84/445] CMSG
[00:39:51] [85/445] APTD
[00:39:52] [86/445] KMPG
[00:39:53] [87/445] MUTJ
[00:39:53] [88/445] VCCI
[00:39:54] [89/445] URBE
[00:39:55] [90/445] TCTS
[00:39:57] [91/445] STSN
[00:39:58] [92/445] AKCH
[00:39:59] [93/445] APSC
[00:40:00] [94/445] VLTB
[00:40:01] [95/445] SANU
[00:40:01] [96/445] AXAM
[00:40:02] [97/445] MGMG
[00:40:03] [98/445] HTBY
[00:40:04] [99/445] MMZS
[00:40:05] [100/445] SUDR
[00:40:06] [101/445] CCAD
[00:40:07] [102/445] SKKC
[00:40:07] [103/445] RMCD
[00:40:08] [104/445] SBCQ
[00:40:09] [105/445] DCCT
[00:40:10] [106/445] VTKP
[00:40:11] [107/445] MLAM
[00:40:12] [108/445] SAVT
[00:40:13] [109/445] GEPL
[00:40:14] [110/445] AMCD
[00:40:15] [111/445] CCXR
[00:40:16] [112/445] GRNG
[00:40:17] [113/445] EBCA
[00:40:18] [114/445] CNVG
[00:40:19] [115/445] MWSS
[00:40:19] [116/445] VBOR
[00:40:20] [117/445] NEEB
[00:40:21] [118/445] SUTH
[00:40:22] [119/445] ANDB
[00:40:23] [120/445] MMXS
[00:40:23] [121/445] CNPD
[00:40:24] [122/445] SDCE
[00:40:25] [123/445] DHCB
[00:40:26] [124/445] ODEN
[00:40:27] [125/445] TNTC
[00:40:28] [126/445] VBKM
[00:40:28] [127/445] RZYM
[00:40:29] [128/445] JEMC
[00:40:30] [129/445] CMAU
[00:40:31] [130/445] SIVP
[00:40:32] [131/445] ATAG
[00:40:33] [132/445] CHTM
[00:40:34] [133/445] AAEE
[00:40:35] [134/445] IWPM
[00:40:36] [135/445] KCMW
[00:40:36] [136/445] MCTD
[00:40:37] [137/445] SPWR
[00:40:38] [138/445] SDPO
[00:40:39] [139/445] PCSK
[00:40:40] [140/445] ACHV
[00:40:41] [141/445] SVLA
[00:40:41] [142/445] PICT
[00:40:42] [143/445] BXDR
[00:40:43] [144/445] SPWA
[00:40:44] [145/445] MCKO
[00:40:45] [146/445] RTHK
[00:40:46] [147/445] CCMF
[00:40:47] [148/445] MRGB
[00:40:47] [149/445] CPLC
[00:40:48] [150/445] RACD
[00:40:49] [151/445] ATKT
[00:40:50] [152/445] SARN
[00:40:51] [153/445] KKUI
[00:40:51] [154/445] RGCM
[00:40:52] [155/445] BRVP
[00:40:53] [156/445] HRSR
[00:40:54] [157/445] GKGM
[00:40:55] [158/445] TTCD
[00:40:56] [159/445] PTTI
[00:40:57] [160/445] MPTT
[00:40:57] [161/445] CVTT
[00:40:58] [162/445] PCXD
[00:40:59] [163/445] GCDC
[00:41:00] [164/445] CCCF
[00:41:01] [165/445] MRAD
[00:41:01] [166/445] CPLK
[00:41:02] [167/445] SATB
[00:41:03] [168/445] SNVG
[00:41:04] [169/445] JMBA
[00:41:05] [170/445] TEJA
[00:41:06] [171/445] STYO
[00:41:07] [172/445] JTBP
[00:41:08] [173/445] KRGD
[00:41:09] [174/445] SLJJ
[00:41:10] [175/445] SPTJ
[00:41:10] [176/445] SWJG
[00:41:11] [177/445] LKRT
[00:41:12] [178/445] KCKA
[00:41:13] [179/445] SNCR
[00:41:14] [180/445] SMKL
[00:41:14] [181/445] GCFA
[00:41:15] [182/445] DDCK
[00:41:16] [183/445] NCHJ
[00:41:16] [184/445] RDMA
[00:41:17] [185/445] SVSV
[00:41:18] [186/445] SCJG
[00:41:19] [187/445] VKLP
[00:41:21] [188/445] NWCC
[00:41:21] [189/445] VKNS
[00:41:22] [190/445] SDDP
[00:41:22] [191/445] ACSI
[00:41:23] [192/445] SATG
[00:41:24] [193/445] SCMW
[00:41:25] [194/445] LKTK
[00:41:25] [195/445] VCKV
[00:41:26] [196/445] KKPE
[00:41:27] [197/445] KIGH
[00:41:28] [198/445] SRPM
[00:41:29] [199/445] SCAH
[00:41:30] [200/445] MUTA
[00:41:30] [201/445] SEPU
[00:41:31] [202/445] INOA
[00:41:31] [203/445] BASK
[00:41:32] [204/445] NECB
[00:41:33] [205/445] GTTG
[00:41:34] [206/445] ASSA
[00:41:35] [207/445] ANCL
[00:41:35] [208/445] GCTI
[00:41:36] [209/445] RCTS
[00:41:38] [210/445] ACNL
[00:41:39] [211/445] MYCT
[00:41:39] [212/445] NMHT
[00:41:40] [213/445] MDIT
[00:41:42] [214/445] LATG
[00:41:42] [215/445] SMTY
[00:41:43] [216/445] CVCT
[00:41:44] [217/445] RAMB
[00:41:44] [218/445] TGMS
[00:41:46] [219/445] BHEL
[00:41:46] [220/445] SHCT
[00:41:47] [221/445] SVCT
[00:41:48] [222/445] MRIY
[00:41:49] [223/445] SARO
[00:41:50] [224/445] STCT
[00:41:51] [225/445] JKKC
[00:41:52] [226/445] PLTT
[00:41:53] [227/445] SRNT
[00:41:54] [228/445] YAST
[00:41:54] [229/445] PERL
[00:41:55] [230/445] CICM
[00:41:56] [231/445] MMTR
[00:41:57] [232/445] ABTK
[00:41:58] [233/445] ATYY
[00:41:59] [234/445] ASTK
[00:42:00] [235/445] VVCK
[00:42:01] [236/445] ATKY
[00:42:01] [237/445] GWEK
[00:42:02] [238/445] SVFH
[00:42:03] [239/445] SLTA
[00:42:04] [240/445] AASH
[00:42:05] [241/445] ACXB
[00:42:06] [242/445] SMTX
[00:42:07] [243/445] AZDH
[00:42:08] [244/445] CMMH
[00:42:08] [245/445] SCSZ
[00:42:09] [246/445] SCKP
[00:42:10] [247/445] NXTM
[00:42:11] [248/445] NWCS
[00:42:12] [249/445] CXMH
[00:42:13] [250/445] PCMA
[00:42:13] [251/445] SGCM
[00:42:14] [252/445] SDTU
[00:42:15] [253/445] MMVI
[00:42:16] [254/445] JKCM
[00:42:17] [255/445] VCMM
[00:42:18] [256/445] SYEE
[00:42:19] [257/445] VASD
[00:42:19] [258/445] BDRB
[00:42:20] [259/445] LASM
[00:42:21] [260/445] DCRL
[00:42:22] [261/445] DVPM
[00:42:23] [262/445] SBMJ
[00:42:24] [263/445] CBMU
[00:42:25] [264/445] IUBS
[00:42:26] [265/445] INAP
[00:42:26] [266/445] SRRC
[00:42:27] [267/445] SAGR
[00:42:28] [268/445] CPMJ
[00:42:29] [269/445] ATJL
[00:42:30] [270/445] NNTD
[00:42:31] [271/445] JHCJ
[00:42:32] [272/445] CMMP
[00:42:33] [273/445] RSDR
[00:42:34] [274/445] AMTI
[00:42:35] [275/445] NYSG
[00:42:35] [276/445] AVSG
[00:42:36] [277/445] SYTP
[00:42:37] [278/445] LARC
[00:42:38] [279/445] RJTP
[00:42:39] [280/445] LAKC
[00:42:40] [281/445] MCXE
[00:42:40] [282/445] CCZC
[00:42:41] [283/445] AVCH
[00:42:42] [284/445] CMBE
[00:42:43] [285/445] MRRC
[00:42:43] [286/445] PCPY
[00:42:44] [287/445] SRMH
[00:42:45] [288/445] SVGS
[00:42:46] [289/445] PCSE
[00:42:47] [290/445] SVFT
[00:42:48] [291/445] TNZP
[00:42:49] [292/445] ICTP
[00:42:49] [293/445] ACTZ
[00:42:51] [294/445] GTUR
[00:42:51] [295/445] MAFC
[00:42:52] [296/445] MINL
[00:42:53] [297/445] MRCL
[00:42:54] [298/445] RCRP
[00:42:55] [299/445] RFFG
[00:42:56] [300/445] RMAS
[00:42:57] [301/445] INVR
[00:42:57] [302/445] RMAR
[00:42:58] [303/445] CNIS
[00:42:59] [304/445] RHRJ
[00:43:00] [305/445] INXR
[00:43:01] [306/445] VALT
[00:43:01] [307/445] LCSH
[00:43:02] [308/445] CMVS
[00:43:03] [309/445] CNMS
[00:43:04] [310/445] ROOG
[00:43:05] [311/445] ISRM
[00:43:06] [312/445] RCRM
[00:43:06] [313/445] ACJA
[00:43:07] [314/445] RCVS
[00:43:08] [315/445] CPUS
[00:43:09] [316/445] TGCS
[00:43:10] [317/445] RKCJ
[00:43:11] [318/445] MKSB
[00:43:12] [319/445] TCSJ
[00:43:13] [320/445] RMGP
[00:43:13] [321/445] CLLP
[00:43:14] [322/445] RCMV
[00:43:15] [323/445] CCKS
[00:43:16] [324/445] RSRP
[00:43:17] [325/445] APLP
[00:43:18] [326/445] CNVS
[00:43:18] [327/445] RMVY
[00:43:19] [328/445] PGBD
[00:43:20] [329/445] KLMS
[00:43:21] [330/445] RUST
[00:43:22] [331/445] MASM
[00:43:23] [332/445] BACS
[00:43:24] [333/445] BWST
[00:43:25] [334/445] RRFH
[00:43:25] [335/445] SJTM
[00:43:26] [336/445] BEMR
[00:43:27] [337/445] MCGR
[00:43:28] [338/445] SDSK
[00:43:29] [339/445] VBOL
[00:43:30] [340/445] RMGM
[00:43:31] [341/445] NOPL
[00:43:32] [342/445] MKJK
[00:43:33] [343/445] CVRN
[00:43:34] [344/445] MMEN
[00:43:35] [345/445] AMNG
[00:43:35] [346/445] INTM
[00:43:36] [347/445] SLCZ
[00:43:37] [348/445] AMJN
[00:43:38] [349/445] ACJN
[00:43:38] [350/445] AMKN
[00:43:39] [351/445] BTCN
[00:43:40] [352/445] AMBT
[00:43:41] [353/445] PACN
[00:43:42] [354/445] LCNS
[00:43:43] [355/445] PPKC
[00:43:44] [356/445] JYYN
[00:43:44] [357/445] JTNR
[00:43:45] [358/445] GTEE
[00:43:46] [359/445] SRNM
[00:43:47] [360/445] SDTC
[00:43:48] [361/445] VPCA
[00:43:48] [362/445] VLRA
[00:43:50] [363/445] SHKR
[00:43:50] [364/445] SBKD
[00:43:51] [365/445] SAAD
[00:43:52] [366/445] JTGN
[00:43:53] [367/445] SLAM
[00:43:54] [368/445] VTPM
[00:43:54] [369/445] ANPT
[00:43:55] [370/445] PUNB
[00:43:56] [371/445] CPKT
[00:43:57] [372/445] CNWE
[00:43:58] [373/445] ECPP
[00:43:58] [374/445] CPAR
[00:44:00] [375/445] ESBW
[00:44:01] [376/445] PKPU
[00:44:02] [377/445] CPRP
[00:44:02] [378/445] RAHU
[00:44:03] [379/445] RHMN
[00:44:04] [380/445] FMJP
[00:44:05] [381/445] CTMP
[00:44:05] [382/445] INPN
[00:44:06] [383/445] STTG
[00:44:07] [384/445] CTRD
[00:44:08] [385/445] PUVB
[00:44:09] [386/445] ESVP
[00:44:10] [387/445] CPFT
[00:44:11] [388/445] LCPC
[00:44:11] [389/445] VBCT
[00:44:12] [390/445] FSCW
[00:44:13] [391/445] VCMP
[00:44:14] [392/445] ASHC
[00:44:16] [393/445] VLCX
[00:44:16] [394/445] SHEV
[00:44:17] [395/445] APCO
[00:44:18] [396/445] SILC
[00:44:19] [397/445] SNMR
[00:44:20] [398/445] KYBO
[00:44:20] [399/445] SATK
[00:44:21] [400/445] SSCS
[00:44:22] [401/445] CLSB
[00:44:23] [402/445] KMJR
[00:44:24] [403/445] FSCK
[00:44:25] [404/445] NNKA
[00:44:26] [405/445] CLMK
[00:44:26] [406/445] DMPZ
[00:44:27] [407/445] INQM
[00:44:28] [408/445] CAML
[00:44:29] [409/445] INRK
[00:44:30] [410/445] IMKN
[00:44:30] [411/445] SVNR
[00:44:31] [412/445] INSL
[00:44:32] [413/445] MSMA
[00:44:33] [414/445] MCKK
[00:44:34] [415/445] FCHP
[00:44:35] [416/445] SFCR
[00:44:36] [417/445] NACK
[00:44:37] [418/445] PVAK
[00:44:37] [419/445] INER
[00:44:38] [420/445] RDBK
[00:44:39] [421/445] SVFN
[00:44:40] [422/445] IFRM
[00:44:41] [423/445] ATCK
[00:44:42] [424/445] ASKO
[00:44:42] [425/445] STKT
[00:44:43] [426/445] SVFB
[00:44:44] [427/445] INKS
[00:44:45] [428/445] PCRA
[00:44:45] [429/445] ATJA
[00:44:46] [430/445] IMJN
[00:44:47] [431/445] INHD
[00:44:48] [432/445] BARA
[00:44:48] [433/445] MCSL
[00:44:49] [434/445] RTOY
[00:44:50] [435/445] MENO
[00:44:51] [436/445] PUDM
[00:44:52] [437/445] PRCN
[00:44:53] [438/445] JMJR
[00:44:53] [439/445] SSGK
[00:44:54] [440/445] SSRL
[00:44:55] [441/445] JYKL
[00:44:56] [442/445] ACNB
[00:44:57] [443/445] SONP
[00:44:58] [444/445] EMCI
[00:44:58] [445/445] MRJH
[00:44:59] ✅ DONE | Shows=0 | Movies=0
[01:42:34] 🚀 BMS DAILY TRACKER STARTED
[01:42:34] [1/445] TGMR
[01:42:34] 🧠 New identity
[01:42:36] [2/445] CXKR
[01:42:36] [3/445] SROP
[01:42:37] [4/445] GTSV
[01:42:38] [5/445] SNTY
[01:42:39] [6/445] SMYY
[01:42:40] [7/445] CNCS
[01:42:41] [8/445] CSTM
[01:42:41] [9/445] NUCD
[01:42:42] [10/445] SHCZ
[01:42:43] [11/445] NJCT
[01:42:44] [12/445] COPC
[01:42:45] [13/445] STVV
[01:42:46] [14/445] SKRN
[01:42:46] [15/445] APPZ
[01:42:47] [16/445] YMGN
[01:42:48] [17/445] SVTU
[01:42:50] [18/445] GTAD
[01:42:52] [19/445] PSUS
[01:42:53] [20/445] SMCD
[01:42:54] [21/445] CMCM
[01:42:55] [22/445] SYCT
[01:42:55] [23/445] STLY
[01:42:56] [24/445] CMHU
[01:42:57] [25/445] CMSA
[01:42:58] [26/445] CLCU
[01:42:59] [27/445] PPNT
[01:43:00] [28/445] JTAB
[01:43:01] [29/445] BUUC
[01:43:02] [30/445] BSVK
[01:43:03] [31/445] VVVQ
[01:43:03] [32/445] TKMU
[01:43:04] [33/445] ESYL
[01:43:06] [34/445] ACHP
[01:43:07] [35/445] BTKD
[01:43:08] [36/445] DESA
[01:43:09] [37/445] GBCT
[01:43:09] [38/445] BLLD
[01:43:10] [39/445] SKNT
[01:43:12] [40/445] SSTE
[01:43:13] [41/445] VJMR
[01:43:13] [42/445] NTPU
[01:43:14] [43/445] RDKN
[01:43:15] [44/445] ADGC
[01:43:17] [45/445] VRBP
[01:43:18] [46/445] NMNA
[01:43:19] [47/445] CMMX
[01:43:20] [48/445] PTKO
[01:43:21] [49/445] RBML
[01:43:21] [50/445] SAIC
[01:43:22] [51/445] SVTJ
[01:43:23] [52/445] MRTE
[01:43:24] [53/445] RBTP
[01:43:25] [54/445] NLPS
[01:43:26] [55/445] GTNA
[01:43:27] [56/445] DGGC
[01:43:27] [57/445] SMCR
[01:43:28] [58/445] SCGD
[01:43:29] [59/445] SRRJ
[01:43:30] [60/445] CNRY
[01:43:31] [61/445] KTDI
[01:43:31] [62/445] SNJL
[01:43:32] [63/445] RKMD
[01:43:33] [64/445] SMDC
[01:43:34] [65/445] TADG
[01:43:35] [66/445] MCGS
[01:43:36] [67/445] PETK
[01:43:36] [68/445] CHAG
[01:43:37] [69/445] KSTL
[01:43:38] [70/445] AADS
[01:43:39] [71/445] NTHZ
[01:43:40] [72/445] HCKI
[01:43:41] [73/445] SSEF
[01:43:41] [74/445] MCGX
[01:43:42] [75/445] ERRA
[01:43:43] [76/445] SDTW
[01:43:44] [77/445] RMPK
[01:43:44] [78/445] PTHK
[01:43:45] [79/445] PXCS
[01:43:46] [80/445] SVLU
[01:43:47] [81/445] STAH
[01:43:48] [82/445] JRGF
[01:43:48] [83/445] CDOK
[01:43:49] [84/445] CMSG
[01:43:50] [85/445] APTD
[01:43:51] [86/445] KMPG
[01:43:52] [87/445] MUTJ
[01:43:53] [88/445] VCCI
[01:43:53] [89/445] URBE
[01:43:54] [90/445] TCTS
[01:43:55] [91/445] STSN
[01:43:56] [92/445] AKCH
[01:43:57] [93/445] APSC
[01:43:58] [94/445] VLTB
[01:43:58] [95/445] SANU
[01:43:59] [96/445] AXAM
[01:44:00] [97/445] MGMG
[01:44:01] [98/445] HTBY
[01:44:02] [99/445] MMZS
[01:44:02] [100/445] SUDR
[01:44:03] [101/445] CCAD
[01:44:04] [102/445] SKKC
[01:44:05] [103/445] RMCD
[01:44:06] [104/445] SBCQ
[01:44:07] [105/445] DCCT
[01:44:07] [106/445] VTKP
[01:44:08] [107/445] MLAM
[01:44:09] [108/445] SAVT
[01:44:10] [109/445] GEPL
[01:44:11] [110/445] AMCD
[01:44:12] [111/445] CCXR
[01:44:12] [112/445] GRNG
[01:44:13] [113/445] EBCA
[01:44:14] [114/445] CNVG
[01:44:16] [115/445] MWSS
[01:44:17] [116/445] VBOR
[01:44:18] [117/445] NEEB
[01:44:19] [118/445] SUTH
[01:44:20] [119/445] ANDB
[01:44:21] [120/445] MMXS
[01:44:22] [121/445] CNPD
[01:44:23] [122/445] SDCE
[01:44:24] [123/445] DHCB
[01:44:25] [124/445] ODEN
[01:44:26] [125/445] TNTC
[01:44:26] [126/445] VBKM
[01:44:27] [127/445] RZYM
[01:44:28] [128/445] JEMC
[01:44:30] [129/445] CMAU
[01:44:31] [130/445] SIVP
[01:44:31] [131/445] ATAG
[01:44:32] [132/445] CHTM
[01:44:34] [133/445] AAEE
[01:44:35] [134/445] IWPM
[01:44:36] [135/445] KCMW
[01:44:36] [136/445] MCTD
[01:44:37] [137/445] SPWR
[01:44:38] [138/445] SDPO
[01:44:39] [139/445] PCSK
[01:44:39] [140/445] ACHV
[01:44:40] [141/445] SVLA
[01:44:41] [142/445] PICT
[01:44:42] [143/445] BXDR
[01:44:43] [144/445] SPWA
[01:44:44] [145/445] MCKO
[01:44:44] [146/445] RTHK
[01:44:45] [147/445] CCMF
[01:44:46] [148/445] MRGB
[01:44:47] [149/445] CPLC
[01:44:47] [150/445] RACD
[01:44:48] [151/445] ATKT
[01:44:49] [152/445] SARN
[01:44:51] [153/445] KKUI
[01:44:52] [154/445] RGCM
[01:44:52] [155/445] BRVP
[01:44:53] [156/445] HRSR
[01:44:54] [157/445] GKGM
[01:44:55] [158/445] TTCD
[01:44:56] [159/445] PTTI
[01:44:57] [160/445] MPTT
[01:44:58] [161/445] CVTT
[01:44:58] [162/445] PCXD
[01:44:59] [163/445] GCDC
[01:45:00] [164/445] CCCF
[01:45:01] [165/445] MRAD
[01:45:02] [166/445] CPLK
[01:45:03] [167/445] SATB
[01:45:04] [168/445] SNVG
[01:45:04] [169/445] JMBA
[01:45:05] [170/445] TEJA
[01:45:06] [171/445] STYO
[01:45:07] [172/445] JTBP
[01:45:07] [173/445] KRGD
[01:45:08] [174/445] SLJJ
[01:45:09] [175/445] SPTJ
[01:45:10] [176/445] SWJG
[01:45:11] [177/445] LKRT
[01:45:11] [178/445] KCKA
[01:45:12] [179/445] SNCR
[01:45:13] [180/445] SMKL
[01:45:14] [181/445] GCFA
[01:45:15] [182/445] DDCK
[01:45:16] [183/445] NCHJ
[01:45:17] [184/445] RDMA
[01:45:18] [185/445] SVSV
[01:45:19] [186/445] SCJG
[01:45:20] [187/445] VKLP
[01:45:21] [188/445] NWCC
[01:45:22] [189/445] VKNS
[01:45:22] [190/445] SDDP
[01:45:23] [191/445] ACSI
[01:45:24] [192/445] SATG
[01:45:25] [193/445] SCMW
[01:45:25] [194/445] LKTK
[01:45:26] [195/445] VCKV
[01:45:27] [196/445] KKPE
[01:45:28] [197/445] KIGH
[01:45:29] [198/445] SRPM
[01:45:30] [199/445] SCAH
[01:45:30] [200/445] MUTA
[01:45:31] [201/445] SEPU
[01:45:32] [202/445] INOA
[01:45:33] [203/445] BASK
[01:45:33] [204/445] NECB
[01:45:35] [205/445] GTTG
[01:45:36] [206/445] ASSA
[01:45:36] [207/445] ANCL
[01:45:37] [208/445] GCTI
[01:45:38] [209/445] RCTS
[01:45:39] [210/445] ACNL
[01:45:40] [211/445] MYCT
[01:45:41] [212/445] NMHT
[01:45:42] [213/445] MDIT
[01:45:43] [214/445] LATG
[01:45:44] [215/445] SMTY
[01:45:46] [216/445] CVCT
[01:45:47] [217/445] RAMB
[01:45:48] [218/445] TGMS
[01:45:48] [219/445] BHEL
[01:45:49] [220/445] SHCT
[01:45:50] [221/445] SVCT
[01:45:52] [222/445] MRIY
[01:45:53] [223/445] SARO
[01:45:54] [224/445] STCT
[01:45:54] [225/445] JKKC
[01:45:55] [226/445] PLTT
[01:45:56] [227/445] SRNT
[01:45:56] [228/445] YAST
[01:45:58] [229/445] PERL
[01:45:59] [230/445] CICM
[01:46:00] [231/445] MMTR
[01:46:01] [232/445] ABTK
[01:46:02] [233/445] ATYY
[01:46:03] [234/445] ASTK
[01:46:04] [235/445] VVCK
[01:46:05] [236/445] ATKY
[01:46:05] [237/445] GWEK
[01:46:06] [238/445] SVFH
[01:46:07] [239/445] SLTA
[01:46:08] [240/445] AASH
[01:46:09] [241/445] ACXB
[01:46:10] [242/445] SMTX
[01:46:11] [243/445] AZDH
[01:46:11] [244/445] CMMH
[01:46:12] [245/445] SCSZ
[01:46:13] [246/445] SCKP
[01:46:14] [247/445] NXTM
[01:46:14] [248/445] NWCS
[01:46:15] [249/445] CXMH
[01:46:16] [250/445] PCMA
[01:46:17] [251/445] SGCM
[01:46:17] [252/445] SDTU
[01:46:18] [253/445] MMVI
[01:46:19] [254/445] JKCM
[01:46:20] [255/445] VCMM
[01:46:21] [256/445] SYEE
[01:46:22] [257/445] VASD
[01:46:23] [258/445] BDRB
[01:46:23] [259/445] LASM
[01:46:24] [260/445] DCRL
[01:46:25] [261/445] DVPM
[01:46:26] [262/445] SBMJ
[01:46:27] [263/445] CBMU
[01:46:28] [264/445] IUBS
[01:46:29] [265/445] INAP
[01:46:30] [266/445] SRRC
[01:46:32] [267/445] SAGR
[01:46:33] [268/445] CPMJ
[01:46:34] [269/445] ATJL
[01:46:35] [270/445] NNTD
[01:46:36] [271/445] JHCJ
[01:46:37] [272/445] CMMP
[01:46:38] [273/445] RSDR
[01:46:39] [274/445] AMTI
[01:46:40] [275/445] NYSG
[01:46:42] [276/445] AVSG
[01:46:42] [277/445] SYTP
[01:46:43] [278/445] LARC
[01:46:44] [279/445] RJTP
[01:46:45] [280/445] LAKC
[01:46:46] [281/445] MCXE
[01:46:46] [282/445] CCZC
[01:46:48] [283/445] AVCH
[01:46:50] [284/445] CMBE
[01:46:51] [285/445] MRRC
[01:46:51] [286/445] PCPY
[01:46:52] [287/445] SRMH
[01:46:53] [288/445] SVGS
[01:46:54] [289/445] PCSE
[01:46:54] [290/445] SVFT
[01:46:55] [291/445] TNZP
[01:46:56] [292/445] ICTP
[01:46:56] [293/445] ACTZ
[01:46:57] [294/445] GTUR
[01:46:59] [295/445] MAFC
[01:47:00] [296/445] MINL
[01:47:01] [297/445] MRCL
[01:47:02] [298/445] RCRP
[01:47:03] [299/445] RFFG
[01:47:04] [300/445] RMAS
[01:47:05] [301/445] INVR
[01:47:06] [302/445] RMAR
[01:47:07] [303/445] CNIS
[01:47:08] [304/445] RHRJ
[01:47:09] [305/445] INXR
[01:47:10] [306/445] VALT
[01:47:11] [307/445] LCSH
[01:47:12] [308/445] CMVS
[01:47:13] [309/445] CNMS
[01:47:13] [310/445] ROOG
[01:47:14] [311/445] ISRM
[01:47:15] [312/445] RCRM
[01:47:16] [313/445] ACJA
[01:47:17] [314/445] RCVS
[01:47:18] [315/445] CPUS
[01:47:19] [316/445] TGCS
[01:47:19] [317/445] RKCJ
[01:47:20] [318/445] MKSB
[01:47:21] [319/445] TCSJ
[01:47:22] [320/445] RMGP
[01:47:24] [321/445] CLLP
[01:47:24] [322/445] RCMV
[01:47:25] [323/445] CCKS
[01:47:26] [324/445] RSRP
[01:47:28] [325/445] APLP
[01:47:29] [326/445] CNVS
[01:47:30] [327/445] RMVY
[01:47:31] [328/445] PGBD
[01:47:31] [329/445] KLMS
[01:47:33] [330/445] RUST
[01:47:34] [331/445] MASM
[01:47:35] [332/445] BACS
[01:47:35] [333/445] BWST
[01:47:37] [334/445] RRFH
[01:47:38] [335/445] SJTM
[01:47:39] [336/445] BEMR
[01:47:40] [337/445] MCGR
[01:47:41] [338/445] SDSK
[01:47:42] [339/445] VBOL
[01:47:43] [340/445] RMGM
[01:47:44] [341/445] NOPL
[01:47:44] [342/445] MKJK
[01:47:45] [343/445] CVRN
[01:47:46] [344/445] MMEN
[01:47:47] [345/445] AMNG
[01:47:47] [346/445] INTM
[01:47:48] [347/445] SLCZ
[01:47:49] [348/445] AMJN
[01:47:50] [349/445] ACJN
[01:47:51] [350/445] AMKN
[01:47:51] [351/445] BTCN
[01:47:52] [352/445] AMBT
[01:47:53] [353/445] PACN
[01:47:54] [354/445] LCNS
[01:47:55] [355/445] PPKC
[01:47:56] [356/445] JYYN
[01:47:57] [357/445] JTNR
[01:47:57] [358/445] GTEE
[01:47:58] [359/445] SRNM
[01:48:00] [360/445] SDTC
[01:48:00] [361/445] VPCA
[01:48:01] [362/445] VLRA
[01:48:02] [363/445] SHKR
[01:48:03] [364/445] SBKD
[01:48:04] [365/445] SAAD
[01:48:05] [366/445] JTGN
[01:48:05] [367/445] SLAM
[01:48:06] [368/445] VTPM
[01:48:07] [369/445] ANPT
[01:48:08] [370/445] PUNB
[01:48:09] [371/445] CPKT
[01:48:10] [372/445] CNWE
[01:48:12] [373/445] ECPP
[01:48:13] [374/445] CPAR
[01:48:13] [375/445] ESBW
[01:48:14] [376/445] PKPU
[01:48:15] [377/445] CPRP
[01:48:17] [378/445] RAHU
[01:48:18] [379/445] RHMN
[01:48:18] [380/445] FMJP
[01:48:19] [381/445] CTMP
[01:48:20] [382/445] INPN
[01:48:21] [383/445] STTG
[01:48:22] [384/445] CTRD
[01:48:23] [385/445] PUVB
[01:48:25] [386/445] ESVP
[01:48:25] [387/445] CPFT
[01:48:26] [388/445] LCPC
[01:48:27] [389/445] VBCT
[01:48:28] [390/445] FSCW
[01:48:30] [391/445] VCMP
[01:48:31] [392/445] ASHC
[01:48:31] [393/445] VLCX
[01:48:32] [394/445] SHEV
[01:48:33] [395/445] APCO
[01:48:34] [396/445] SILC
[01:48:35] [397/445] SNMR
[01:48:36] [398/445] KYBO
[01:48:37] [399/445] SATK
[01:48:38] [400/445] SSCS
[01:48:39] [401/445] CLSB
[01:48:40] [402/445] KMJR
[01:48:41] [403/445] FSCK
[01:48:42] [404/445] NNKA
[01:48:43] [405/445] CLMK
[01:48:43] [406/445] DMPZ
[01:48:44] [407/445] INQM
[01:48:45] [408/445] CAML
[01:48:46] [409/445] INRK
[01:48:47] [410/445] IMKN
[01:48:48] [411/445] SVNR
[01:48:48] [412/445] INSL
[01:48:49] [413/445] MSMA
[01:48:51] [414/445] MCKK
[01:48:52] [415/445] FCHP
[01:48:52] [416/445] SFCR
[01:48:53] [417/445] NACK
[01:48:54] [418/445] PVAK
[01:48:55] [419/445] INER
[01:48:56] [420/445] RDBK
[01:48:57] [421/445] SVFN
[01:48:58] [422/445] IFRM
[01:48:59] [423/445] ATCK
[01:49:00] [424/445] ASKO
[01:49:01] [425/445] STKT
[01:49:01] [426/445] SVFB
[01:49:02] [427/445] INKS
[01:49:03] [428/445] PCRA
[01:49:05] [429/445] ATJA
[01:49:05] [430/445] IMJN
[01:49:06] [431/445] INHD
[01:49:07] [432/445] BARA
[01:49:08] [433/445] MCSL
[01:49:09] [434/445] RTOY
[01:49:10] [435/445] MENO
[01:49:11] [436/445] PUDM
[01:49:11] [437/445] PRCN
[01:49:12] [438/445] JMJR
[01:49:13] [439/445] SSGK
[01:49:14] [440/445] SSRL
[01:49:15] [441/445] JYKL
[01:49:16] [442/445] ACNB
[01:49:16] [443/445] SONP
[01:49:18] [444/445] EMCI
[01:49:19] [445/445] MRJH
[01:49:20] ✅ DONE | Shows=0 | Movies=0
[02:39:34] 🚀 BMS DAILY TRACKER STARTED
[02:39:34] [1/445] TGMR
[02:39:34] 🧠 New identity
[02:39:36] [2/445] CXKR
[02:39:37] [3/445] SROP
[02:39:38] [4/445] GTSV
[02:39:39] [5/445] SNTY
[02:39:40] [6/445] SMYY
[02:39:41] [7/445] CNCS
[02:39:41] [8/445] CSTM
[02:39:42] [9/445] NUCD
[02:39:43] [10/445] SHCZ
[02:39:44] [11/445] NJCT
[02:39:45] [12/445] COPC
[02:39:46] [13/445] STVV
[02:39:47] [14/445] SKRN
[02:39:48] [15/445] APPZ
[02:39:49] [16/445] YMGN
[02:39:50] [17/445] SVTU
[02:39:51] [18/445] GTAD
[02:39:52] [19/445] PSUS
[02:39:53] [20/445] SMCD
[02:39:54] [21/445] CMCM
[02:39:55] [22/445] SYCT
[02:39:56] [23/445] STLY
[02:39:57] [24/445] CMHU
[02:39:58] [25/445] CMSA
[02:39:59] [26/445] CLCU
[02:40:00] [27/445] PPNT
[02:40:00] [28/445] JTAB
[02:40:01] [29/445] BUUC
[02:40:02] [30/445] BSVK
[02:40:03] [31/445] VVVQ
[02:40:04] [32/445] TKMU
[02:40:05] [33/445] ESYL
[02:40:05] [34/445] ACHP
[02:40:06] [35/445] BTKD
[02:40:07] [36/445] DESA
[02:40:08] [37/445] GBCT
[02:40:09] [38/445] BLLD
[02:40:10] [39/445] SKNT
[02:40:10] [40/445] SSTE
[02:40:11] [41/445] VJMR
[02:40:12] [42/445] NTPU
[02:40:13] [43/445] RDKN
[02:40:14] [44/445] ADGC
[02:40:15] [45/445] VRBP
[02:40:15] [46/445] NMNA
[02:40:16] [47/445] CMMX
[02:40:17] [48/445] PTKO
[02:40:18] [49/445] RBML
[02:40:19] [50/445] SAIC
[02:40:20] [51/445] SVTJ
[02:40:20] [52/445] MRTE
[02:40:21] [53/445] RBTP
[02:40:22] [54/445] NLPS
[02:40:23] [55/445] GTNA
[02:40:24] [56/445] DGGC
[02:40:25] [57/445] SMCR
[02:40:26] [58/445] SCGD
[02:40:27] [59/445] SRRJ
[02:40:27] [60/445] CNRY
[02:40:29] [61/445] KTDI
[02:40:30] [62/445] SNJL
[02:40:31] [63/445] RKMD
[02:40:31] [64/445] SMDC
[02:40:32] [65/445] TADG
[02:40:33] [66/445] MCGS
[02:40:34] [67/445] PETK
[02:40:36] [68/445] CHAG
[02:40:37] [69/445] KSTL
[02:40:37] [70/445] AADS
[02:40:38] [71/445] NTHZ
[02:40:40] [72/445] HCKI
[02:40:41] [73/445] SSEF
[02:40:41] [74/445] MCGX
[02:40:42] [75/445] ERRA
[02:40:43] [76/445] SDTW
[02:40:44] [77/445] RMPK
[02:40:45] [78/445] PTHK
[02:40:46] [79/445] PXCS
[02:40:47] [80/445] SVLU
[02:40:48] [81/445] STAH
[02:40:49] [82/445] JRGF
[02:40:50] [83/445] CDOK
[02:40:51] [84/445] CMSG
[02:40:51] [85/445] APTD
[02:40:52] [86/445] KMPG
[02:40:53] [87/445] MUTJ
[02:40:54] [88/445] VCCI
[02:40:55] [89/445] URBE
[02:40:55] [90/445] TCTS
[02:40:56] [91/445] STSN
[02:40:57] [92/445] AKCH
[02:40:58] [93/445] APSC
[02:40:59] [94/445] VLTB
[02:41:00] [95/445] SANU
[02:41:01] [96/445] AXAM
[02:41:02] [97/445] MGMG
[02:41:02] [98/445] HTBY
[02:41:03] [99/445] MMZS
[02:41:04] [100/445] SUDR
[02:41:05] [101/445] CCAD
[02:41:06] [102/445] SKKC
[02:41:07] [103/445] RMCD
[02:41:08] [104/445] SBCQ
[02:41:09] [105/445] DCCT
[02:41:10] [106/445] VTKP
[02:41:11] [107/445] MLAM
[02:41:12] [108/445] SAVT
[02:41:12] [109/445] GEPL
[02:41:13] [110/445] AMCD
[02:41:14] [111/445] CCXR
[02:41:15] [112/445] GRNG
[02:41:16] [113/445] EBCA
[02:41:17] [114/445] CNVG
[02:41:18] [115/445] MWSS
[02:41:19] [116/445] VBOR
[02:41:20] [117/445] NEEB
[02:41:21] [118/445] SUTH
[02:41:21] [119/445] ANDB
[02:41:22] [120/445] MMXS
[02:41:23] [121/445] CNPD
[02:41:24] [122/445] SDCE
[02:41:25] [123/445] DHCB
[02:41:25] [124/445] ODEN
[02:41:26] [125/445] TNTC
[02:41:27] [126/445] VBKM
[02:41:28] [127/445] RZYM
[02:41:29] [128/445] JEMC
[02:41:30] [129/445] CMAU
[02:41:32] [130/445] SIVP
[02:41:33] [131/445] ATAG
[02:41:33] [132/445] CHTM
[02:41:34] [133/445] AAEE
[02:41:35] [134/445] IWPM
[02:41:36] [135/445] KCMW
[02:41:37] [136/445] MCTD
[02:41:38] [137/445] SPWR
[02:41:38] [138/445] SDPO
[02:41:39] [139/445] PCSK
[02:41:40] [140/445] ACHV
[02:41:41] [141/445] SVLA
[02:41:42] [142/445] PICT
[02:41:43] [143/445] BXDR
[02:41:45] [144/445] SPWA
[02:41:46] [145/445] MCKO
[02:41:47] [146/445] RTHK
[02:41:47] [147/445] CCMF
[02:41:48] [148/445] MRGB
[02:41:50] [149/445] CPLC
[02:41:51] [150/445] RACD
[02:41:52] [151/445] ATKT
[02:41:52] [152/445] SARN
[02:41:54] [153/445] KKUI
[02:41:55] [154/445] RGCM
[02:41:56] [155/445] BRVP
[02:41:57] [156/445] HRSR
[02:41:58] [157/445] GKGM
[02:41:59] [158/445] TTCD
[02:42:00] [159/445] PTTI
[02:42:01] [160/445] MPTT
[02:42:02] [161/445] CVTT
[02:42:02] [162/445] PCXD
[02:42:03] [163/445] GCDC
[02:42:04] [164/445] CCCF
[02:42:04] [165/445] MRAD
[02:42:05] [166/445] CPLK
[02:42:06] [167/445] SATB
[02:42:07] [168/445] SNVG
[02:42:08] [169/445] JMBA
[02:42:09] [170/445] TEJA
[02:42:10] [171/445] STYO
[02:42:11] [172/445] JTBP
[02:42:12] [173/445] KRGD
[02:42:12] [174/445] SLJJ
[02:42:13] [175/445] SPTJ
[02:42:14] [176/445] SWJG
[02:42:15] [177/445] LKRT
[02:42:16] [178/445] KCKA
[02:42:17] [179/445] SNCR
[02:42:17] [180/445] SMKL
[02:42:18] [181/445] GCFA
[02:42:19] [182/445] DDCK
[02:42:20] [183/445] NCHJ
[02:42:20] [184/445] RDMA
[02:42:21] [185/445] SVSV
[02:42:22] [186/445] SCJG
[02:42:23] [187/445] VKLP
[02:42:24] [188/445] NWCC
[02:42:25] [189/445] VKNS
[02:42:26] [190/445] SDDP
[02:42:27] [191/445] ACSI
[02:42:28] [192/445] SATG
[02:42:29] [193/445] SCMW
[02:42:30] [194/445] LKTK
[02:42:31] [195/445] VCKV
[02:42:32] [196/445] KKPE
[02:42:32] [197/445] KIGH
[02:42:33] [198/445] SRPM
[02:42:34] [199/445] SCAH
[02:42:35] [200/445] MUTA
[02:42:36] [201/445] SEPU
[02:42:37] [202/445] INOA
[02:42:38] [203/445] BASK
[02:42:38] [204/445] NECB
[02:42:39] [205/445] GTTG
[02:42:40] [206/445] ASSA
[02:42:42] [207/445] ANCL
[02:42:43] [208/445] GCTI
[02:42:43] [209/445] RCTS
[02:42:44] [210/445] ACNL
[02:42:45] [211/445] MYCT
[02:42:46] [212/445] NMHT
[02:42:47] [213/445] MDIT
[02:42:48] [214/445] LATG
[02:42:48] [215/445] SMTY
[02:42:49] [216/445] CVCT
[02:42:50] [217/445] RAMB
[02:42:51] [218/445] TGMS
[02:42:52] [219/445] BHEL
[02:42:52] [220/445] SHCT
[02:42:53] [221/445] SVCT
[02:42:54] [222/445] MRIY
[02:42:55] [223/445] SARO
[02:42:55] [224/445] STCT
[02:42:56] [225/445] JKKC
[02:42:57] [226/445] PLTT
[02:42:58] [227/445] SRNT
[02:42:59] [228/445] YAST
[02:43:00] [229/445] PERL
[02:43:00] [230/445] CICM
[02:43:02] [231/445] MMTR
[02:43:03] [232/445] ABTK
[02:43:04] [233/445] ATYY
[02:43:04] [234/445] ASTK
[02:43:05] [235/445] VVCK
[02:43:06] [236/445] ATKY
[02:43:07] [237/445] GWEK
[02:43:07] [238/445] SVFH
[02:43:08] [239/445] SLTA
[02:43:09] [240/445] AASH
[02:43:10] [241/445] ACXB
[02:43:11] [242/445] SMTX
[02:43:11] [243/445] AZDH
[02:43:12] [244/445] CMMH
[02:43:13] [245/445] SCSZ
[02:43:14] [246/445] SCKP
[02:43:15] [247/445] NXTM
[02:43:16] [248/445] NWCS
[02:43:16] [249/445] CXMH
[02:43:17] [250/445] PCMA
[02:43:18] [251/445] SGCM
[02:43:19] [252/445] SDTU
[02:43:20] [253/445] MMVI
[02:43:20] [254/445] JKCM
[02:43:21] [255/445] VCMM
[02:43:22] [256/445] SYEE
[02:43:23] [257/445] VASD
[02:43:24] [258/445] BDRB
[02:43:25] [259/445] LASM
[02:43:25] [260/445] DCRL
[02:43:26] [261/445] DVPM
[02:43:27] [262/445] SBMJ
[02:43:28] [263/445] CBMU
[02:43:29] [264/445] IUBS
[02:43:29] [265/445] INAP
[02:43:30] [266/445] SRRC
[02:43:31] [267/445] SAGR
[02:43:32] [268/445] CPMJ
[02:43:33] [269/445] ATJL
[02:43:34] [270/445] NNTD
[02:43:35] [271/445] JHCJ
[02:43:36] [272/445] CMMP
[02:43:37] [273/445] RSDR
[02:43:38] [274/445] AMTI
[02:43:39] [275/445] NYSG
[02:43:39] [276/445] AVSG
[02:43:40] [277/445] SYTP
[02:43:41] [278/445] LARC
[02:43:42] [279/445] RJTP
[02:43:43] [280/445] LAKC
[02:43:43] [281/445] MCXE
[02:43:44] [282/445] CCZC
[02:43:45] [283/445] AVCH
[02:43:47] [284/445] CMBE
[02:43:48] [285/445] MRRC
[02:43:49] [286/445] PCPY
[02:43:50] [287/445] SRMH
[02:43:50] [288/445] SVGS
[02:43:51] [289/445] PCSE
[02:43:52] [290/445] SVFT
[02:43:53] [291/445] TNZP
[02:43:54] [292/445] ICTP
[02:43:54] [293/445] ACTZ
[02:43:55] [294/445] GTUR
[02:43:56] [295/445] MAFC
[02:43:57] [296/445] MINL
[02:43:57] [297/445] MRCL
[02:43:58] [298/445] RCRP
[02:44:00] [299/445] RFFG
[02:44:01] [300/445] RMAS
[02:44:02] [301/445] INVR
[02:44:03] [302/445] RMAR
[02:44:04] [303/445] CNIS
[02:44:04] [304/445] RHRJ
[02:44:05] [305/445] INXR
[02:44:06] [306/445] VALT
[02:44:07] [307/445] LCSH
[02:44:08] [308/445] CMVS
[02:44:10] [309/445] CNMS
[02:44:11] [310/445] ROOG
[02:44:11] [311/445] ISRM
[02:44:12] [312/445] RCRM
[02:44:13] [313/445] ACJA
[02:44:14] [314/445] RCVS
[02:44:15] [315/445] CPUS
[02:44:15] [316/445] TGCS
[02:44:16] [317/445] RKCJ
[02:44:17] [318/445] MKSB
[02:44:18] [319/445] TCSJ
[02:44:20] [320/445] RMGP
[02:44:21] [321/445] CLLP
[02:44:21] [322/445] RCMV
[02:44:23] [323/445] CCKS
[02:44:23] [324/445] RSRP
[02:44:24] [325/445] APLP
[02:44:25] [326/445] CNVS
[02:44:26] [327/445] RMVY
[02:44:27] [328/445] PGBD
[02:44:28] [329/445] KLMS
[02:44:29] [330/445] RUST
[02:44:30] [331/445] MASM
[02:44:31] [332/445] BACS
[02:44:32] [333/445] BWST
[02:44:33] [334/445] RRFH
[02:44:33] [335/445] SJTM
[02:44:34] [336/445] BEMR
[02:44:36] [337/445] MCGR
[02:44:37] [338/445] SDSK
[02:44:38] [339/445] VBOL
[02:44:40] [340/445] RMGM
[02:44:41] [341/445] NOPL
[02:44:42] [342/445] MKJK
[02:44:44] [343/445] CVRN
[02:44:45] [344/445] MMEN
[02:44:46] [345/445] AMNG
[02:44:46] [346/445] INTM
[02:44:47] [347/445] SLCZ
[02:44:48] [348/445] AMJN
[02:44:49] [349/445] ACJN
[02:44:50] [350/445] AMKN
[02:44:51] [351/445] BTCN
[02:44:51] [352/445] AMBT
[02:44:52] [353/445] PACN
[02:44:53] [354/445] LCNS
[02:44:55] [355/445] PPKC
[02:44:56] [356/445] JYYN
[02:44:57] [357/445] JTNR
[02:44:58] [358/445] GTEE
[02:44:59] [359/445] SRNM
[02:45:00] [360/445] SDTC
[02:45:01] [361/445] VPCA
[02:45:02] [362/445] VLRA
[02:45:03] [363/445] SHKR
[02:45:04] [364/445] SBKD
[02:45:05] [365/445] SAAD
[02:45:06] [366/445] JTGN
[02:45:06] [367/445] SLAM
[02:45:08] [368/445] VTPM
[02:45:09] [369/445] ANPT
[02:45:10] [370/445] PUNB
[02:45:11] [371/445] CPKT
[02:45:12] [372/445] CNWE
[02:45:13] [373/445] ECPP
[02:45:15] [374/445] CPAR
[02:45:16] [375/445] ESBW
[02:45:16] [376/445] PKPU
[02:45:17] [377/445] CPRP
[02:45:18] [378/445] RAHU
[02:45:19] [379/445] RHMN
[02:45:20] [380/445] FMJP
[02:45:21] [381/445] CTMP
[02:45:22] [382/445] INPN
[02:45:23] [383/445] STTG
[02:45:24] [384/445] CTRD
[02:45:25] [385/445] PUVB
[02:45:25] [386/445] ESVP
[02:45:26] [387/445] CPFT
[02:45:27] [388/445] LCPC
[02:45:28] [389/445] VBCT
[02:45:29] [390/445] FSCW
[02:45:30] [391/445] VCMP
[02:45:31] [392/445] ASHC
[02:45:32] [393/445] VLCX
[02:45:33] [394/445] SHEV
[02:45:34] [395/445] APCO
[02:45:35] [396/445] SILC
[02:45:36] [397/445] SNMR
[02:45:36] [398/445] KYBO
[02:45:38] [399/445] SATK
[02:45:39] [400/445] SSCS
[02:45:39] [401/445] CLSB
[02:45:41] [402/445] KMJR
[02:45:42] [403/445] FSCK
[02:45:43] [404/445] NNKA
[02:45:43] [405/445] CLMK
[02:45:44] [406/445] DMPZ
[02:45:45] [407/445] INQM
[02:45:46] [408/445] CAML
[02:45:47] [409/445] INRK
[02:45:48] [410/445] IMKN
[02:45:49] [411/445] SVNR
[02:45:50] [412/445] INSL
[02:45:51] [413/445] MSMA
[02:45:51] [414/445] MCKK
[02:45:52] [415/445] FCHP
[02:45:53] [416/445] SFCR
[02:45:54] [417/445] NACK
[02:45:55] [418/445] PVAK
[02:45:56] [419/445] INER
[02:45:57] [420/445] RDBK
[02:45:58] [421/445] SVFN
[02:45:59] [422/445] IFRM
[02:46:01] [423/445] ATCK
[02:46:03] [424/445] ASKO
[02:46:04] [425/445] STKT
[02:46:05] [426/445] SVFB
[02:46:05] [427/445] INKS
[02:46:06] [428/445] PCRA
[02:46:07] [429/445] ATJA
[02:46:08] [430/445] IMJN
[02:46:09] [431/445] INHD
[02:46:10] [432/445] BARA
[02:46:12] [433/445] MCSL
[02:46:14] [434/445] RTOY
[02:46:14] [435/445] MENO
[02:46:15] [436/445] PUDM
[02:46:16] [437/445] PRCN
[02:46:17] [438/445] JMJR
[02:46:18] [439/445] SSGK
[02:46:19] [440/445] SSRL
[02:46:19] [441/445] JYKL
[02:46:21] [442/445] ACNB
[02:46:22] [443/445] SONP
[02:46:23] [444/445] EMCI
[02:46:23] [445/445] MRJH
[02:46:24] ✅ DONE | Shows=0 | Movies=0
