[00:38:45] 🚀 BMS DAILY TRACKER STARTED
[00:38:45] [1/459] MCCZ
[00:38:45] 🧠 New identity
[00:38:45] [2/459] FRPU
[00:38:47] [3/459] SKSI
[00:38:48] [4/459] SSCK
[00:38:49] [5/459] SRDC
[00:38:51] [6/459] RSCZ
[00:38:51] [7/459] PRVT
[00:38:52] [8/459] GAGJ
[00:38:53] [9/459] SMHG
[00:38:54] [10/459] JTST
[00:38:55] [11/459] MYTH
[00:38:56] [12/459] JPCC
[00:38:57] [13/459] ACDC
[00:38:58] [14/459] SVFP
[00:38:59] [15/459] SFCM
[00:39:00] [16/459] RUPK
[00:39:00] [17/459] NTCR
[00:39:01] [18/459] RTCH
[00:39:02] [19/459] SCMH
[00:39:03] [20/459] SVYM
[00:39:05] [21/459] SPYM
[00:39:06] [22/459] SMMF
[00:39:07] [23/459] CLLB
[00:39:08] [24/459] FMCB
[00:39:08] [25/459] BBTC
[00:39:10] [26/459] NTHS
[00:39:11] [27/459] PKKJ
[00:39:12] [28/459] MTJA
[00:39:12] [29/459] PMSJ
[00:39:13] [30/459] JMJU
[00:39:14] [31/459] SRAD
[00:39:15] [32/459] MJMC
[00:39:16] [33/459] DFRM
[00:39:17] [34/459] PMRS
[00:39:18] [35/459] RKPP
[00:39:19] [36/459] BMBK
[00:39:20] [37/459] NEWS
[00:39:20] [38/459] SALB
[00:39:21] [39/459] SCPW
[00:39:22] [40/459] RAYL
[00:39:23] [41/459] CMGJ
[00:39:24] [42/459] JRCR
[00:39:25] [43/459] SRTB
[00:39:26] [44/459] ETPB
[00:39:27] [45/459] MXBN
[00:39:28] [46/459] TOPE
[00:39:28] [47/459] SNLJ
[00:39:30] [48/459] CDDP
[00:39:31] [49/459] APCX
[00:39:32] [50/459] TALP
[00:39:33] [51/459] RRMP
[00:39:33] [52/459] MAHB
[00:39:34] [53/459] MTKR
[00:39:36] [54/459] KSKL
[00:39:37] [55/459] RJLT
[00:39:39] [56/459] ATAS
[00:39:40] [57/459] AMHR
[00:39:40] [58/459] RSRM
[00:39:42] [59/459] GCAT
[00:39:43] [60/459] SMML
[00:39:45] [61/459] ACCD
[00:39:45] [62/459] VYDA
[00:39:46] [63/459] MSKT
[00:39:47] [64/459] AVDM
[00:39:49] [65/459] ASMH
[00:39:49] [66/459] VTMB
[00:39:50] [67/459] WVMB
[00:39:51] [68/459] PPMN
[00:39:52] [69/459] MTMD
[00:39:53] [70/459] SMMO
[00:39:54] [71/459] DLPB
[00:39:55] [72/459] AKMD
[00:39:55] [73/459] SHRR
[00:39:56] [74/459] ASCO
[00:39:57] [75/459] CZVX
[00:39:58] [76/459] GCBB
[00:39:59] [77/459] ATBM
[00:39:59] [78/459] TCGM
[00:40:00] [79/459] UMSE
[00:40:01] [80/459] NKCL
[00:40:02] [81/459] BTLR
[00:40:03] [82/459] GOCL
[00:40:04] [83/459] MIRN
[00:40:05] [84/459] THEC
[00:40:06] [85/459] SPPB
[00:40:07] [86/459] PMMM
[00:40:07] [87/459] GGMC
[00:40:08] [88/459] AVSR
[00:40:09] [89/459] RDMH
[00:40:10] [90/459] JSRS
[00:40:11] [91/459] VKGP
[00:40:12] [92/459] ACRT
[00:40:13] [93/459] GCBA
[00:40:14] [94/459] GTCP
[00:40:15] [95/459] AKFC
[00:40:15] [96/459] INCS
[00:40:16] [97/459] SMCK
[00:40:17] [98/459] BRUN
[00:40:18] [99/459] RPPC
[00:40:19] [100/459] PAYD
[00:40:20] [101/459] SVVT
[00:40:21] [102/459] RNCC
[00:40:22] [103/459] PCRC
[00:40:23] [104/459] PMRM
[00:40:24] [105/459] CCRP
[00:40:25] [106/459] INCR
[00:40:26] [107/459] ZTMP
[00:40:26] [108/459] MCNR
[00:40:27] [109/459] INRP
[00:40:28] [110/459] STRC
[00:40:30] [111/459] RATI
[00:40:31] [112/459] PBTR
[00:40:32] [113/459] CMHP
[00:40:32] [114/459] ZECJ
[00:40:33] [115/459] CCCB
[00:40:34] [116/459] BWCB
[00:40:35] [117/459] CCAT
[00:40:36] [118/459] KGCM
[00:40:38] [119/459] INPT
[00:40:39] [120/459] FNCO
[00:40:40] [121/459] SRMJ
[00:40:41] [122/459] PFSC
[00:40:42] [123/459] PBMC
[00:40:43] [124/459] KARP
[00:40:44] [125/459] KOVI
[00:40:45] [126/459] ACXL
[00:40:46] [127/459] GKCC
[00:40:47] [128/459] ASCC
[00:40:48] [129/459] SETC
[00:40:49] [130/459] KACC
[00:40:50] [131/459] KAVE
[00:40:51] [132/459] CNTC
[00:40:51] [133/459] MEEN
[00:40:52] [134/459] BMRV
[00:40:53] [135/459] SVAM
[00:40:54] [136/459] VTBP
[00:40:55] [137/459] VCKN
[00:40:56] [138/459] SGTK
[00:40:57] [139/459] RCGS
[00:40:58] [140/459] RCCB
[00:40:59] [141/459] RKSR
[00:41:00] [142/459] RKCU
[00:41:02] [143/459] GIBH
[00:41:03] [144/459] CXBS
[00:41:03] [145/459] GGCB
[00:41:04] [146/459] SCPB
[00:41:05] [147/459] AKTB
[00:41:07] [148/459] SRBU
[00:41:07] [149/459] CSSA
[00:41:08] [150/459] MYAN
[00:41:09] [151/459] EXCA
[00:41:10] [152/459] CKSA
[00:41:11] [153/459] JTNM
[00:41:12] [154/459] CXKT
[00:41:13] [155/459] NCLM
[00:41:14] [156/459] JAAD
[00:41:15] [157/459] RDCR
[00:41:17] [158/459] MEER
[00:41:18] [159/459] SIBT
[00:41:19] [160/459] PVVB
[00:41:19] [161/459] FNPN
[00:41:20] [162/459] CRPX
[00:41:21] [163/459] STET
[00:41:23] [164/459] METE
[00:41:24] [165/459] BJML
[00:41:24] [166/459] MAVT
[00:41:25] [167/459] MSRM
[00:41:26] [168/459] TJMP
[00:41:27] [169/459] MHCK
[00:41:28] [170/459] SVGP
[00:41:29] [171/459] KRRC
[00:41:29] [172/459] IMCH
[00:41:31] [173/459] CMCS
[00:41:31] [174/459] SGND
[00:41:32] [175/459] RNAT
[00:41:33] [176/459] PRTN
[00:41:34] [177/459] MPTN
[00:41:35] [178/459] ARCC
[00:41:36] [179/459] NTTE
[00:41:37] [180/459] ABND
[00:41:37] [181/459] KCSN
[00:41:38] [182/459] KCSA
[00:41:39] [183/459] DCKT
[00:41:41] [184/459] MBBR
[00:41:42] [185/459] RAMU
[00:41:43] [186/459] RACW
[00:41:44] [187/459] MCHP
[00:41:45] [188/459] TMHM
[00:41:46] [189/459] STXH
[00:41:47] [190/459] AGSG
[00:41:48] [191/459] SIRA
[00:41:49] [192/459] RCAN
[00:41:49] [193/459] CWTB
[00:41:51] [194/459] VTYM
[00:41:52] [195/459] RRPP
[00:41:53] [196/459] ASMR
[00:41:54] [197/459] RONO
[00:41:55] [198/459] MEMR
[00:41:56] [199/459] CTMR
[00:41:57] [200/459] PMTT
[00:41:58] [201/459] PSLX
[00:42:00] [202/459] IPPL
[00:42:01] [203/459] MMSG
[00:42:02] [204/459] INEL
[00:42:03] [205/459] COAC
[00:42:04] [206/459] WVLK
[00:42:05] [207/459] PPXL
[00:42:06] [208/459] PSML
[00:42:07] [209/459] FNLK
[00:42:08] [210/459] ILUM
[00:42:09] [211/459] ILCM
[00:42:09] [212/459] MSNL
[00:42:10] [213/459] VINB
[00:42:11] [214/459] SALW
[00:42:12] [215/459] PRTB
[00:42:12] [216/459] NCIL
[00:42:13] [217/459] PSUL
[00:42:14] [218/459] SCLK
[00:42:14] [219/459] ADDC
[00:42:15] [220/459] OACL
[00:42:16] [221/459] OOCF
[00:42:17] [222/459] GPMF
[00:42:18] [223/459] SSDG
[00:42:19] [224/459] SKRS
[00:42:20] [225/459] NTTP
[00:42:20] [226/459] SLTP
[00:42:21] [227/459] JTLC
[00:42:22] [228/459] POON
[00:42:23] [229/459] CCPC
[00:42:24] [230/459] DCKC
[00:42:24] [231/459] CPRT
[00:42:26] [232/459] EYHZ
[00:42:27] [233/459] ARBL
[00:42:27] [234/459] SBTB
[00:42:28] [235/459] MMCK
[00:42:29] [236/459] PLMR
[00:42:30] [237/459] BIJH
[00:42:31] [238/459] SDRT
[00:42:31] [239/459] PRDC
[00:42:33] [240/459] OMJA
[00:42:34] [241/459] VKCR
[00:42:35] [242/459] ATRT
[00:42:35] [243/459] WVRP
[00:42:36] [244/459] MVRP
[00:42:38] [245/459] FCAX
[00:42:39] [246/459] CTLC
[00:42:40] [247/459] JCHB
[00:42:40] [248/459] SELP
[00:42:41] [249/459] VCPG
[00:42:42] [250/459] ASCX
[00:42:43] [251/459] EOCS
[00:42:44] [252/459] RCPH
[00:42:45] [253/459] RJTM
[00:42:46] [254/459] SGMD
[00:42:47] [255/459] SVJT
[00:42:48] [256/459] SPPO
[00:42:49] [257/459] MNRL
[00:42:50] [258/459] KNOX
[00:42:51] [259/459] GIER
[00:42:52] [260/459] PJMS
[00:42:52] [261/459] UNSP
[00:42:53] [262/459] JETP
[00:42:54] [263/459] VTWA
[00:42:55] [264/459] SCJI
[00:42:55] [265/459] CBZZ
[00:42:56] [266/459] SDCJ
[00:42:57] [267/459] RRCC
[00:42:58] [268/459] VNKG
[00:42:58] [269/459] LKTO
[00:43:00] [270/459] PJRM
[00:43:01] [271/459] NVRM
[00:43:02] [272/459] SJCS
[00:43:02] [273/459] VIGK
[00:43:03] [274/459] ANST
[00:43:04] [275/459] JTTS
[00:43:05] [276/459] NTST
[00:43:05] [277/459] PREB
[00:43:06] [278/459] TSCZ
[00:43:07] [279/459] CDCM
[00:43:08] [280/459] ELYE
[00:43:09] [281/459] INBS
[00:43:09] [282/459] SMGC
[00:43:10] [283/459] UTMP
[00:43:11] [284/459] INTA
[00:43:12] [285/459] OMPT
[00:43:13] [286/459] SCIR
[00:43:14] [287/459] GCKJ
[00:43:15] [288/459] INOG
[00:43:16] [289/459] SMGB
[00:43:17] [290/459] MCSG
[00:43:17] [291/459] STKG
[00:43:18] [292/459] TTKG
[00:43:19] [293/459] SRTR
[00:43:20] [294/459] ETTR
[00:43:21] [295/459] GGGZ
[00:43:22] [296/459] IPGM
[00:43:23] [297/459] FCDH
[00:43:24] [298/459] DESB
[00:43:25] [299/459] VNTP
[00:43:25] [300/459] ANNT
[00:43:26] [301/459] SLTI
[00:43:27] [302/459] MAJU
[00:43:28] [303/459] JCXP
[00:43:29] [304/459] HARK
[00:43:29] [305/459] JPCJ
[00:43:30] [306/459] RXBD
[00:43:31] [307/459] PTKJ
[00:43:32] [308/459] CMTU
[00:43:33] [309/459] SWOR
[00:43:34] [310/459] JMEX
[00:43:35] [311/459] DTPT
[00:43:36] [312/459] VGMM
[00:43:37] [313/459] VCSG
[00:43:39] [314/459] CVCG
[00:43:40] [315/459] TNTT
[00:43:41] [316/459] SHRM
[00:43:41] [317/459] CGKD
[00:43:42] [318/459] EKCM
[00:43:43] [319/459] SDCX
[00:43:44] [320/459] SBTE
[00:43:45] [321/459] STKJ
[00:43:46] [322/459] TPCE
[00:43:48] [323/459] JTNP
[00:43:48] [324/459] LPCH
[00:43:49] [325/459] CPUO
[00:43:50] [326/459] APSU
[00:43:51] [327/459] RTHC
[00:43:52] [328/459] PTBU
[00:43:52] [329/459] CUCC
[00:43:53] [330/459] CPSA
[00:43:54] [331/459] SUAY
[00:43:55] [332/459] AYAA
[00:43:56] [333/459] MUCH
[00:43:56] [334/459] PCIN
[00:43:57] [335/459] JRRM
[00:43:59] [336/459] KATS
[00:43:59] [337/459] MHFF
[00:44:00] [338/459] ESYM
[00:44:01] [339/459] STYV
[00:44:02] [340/459] SDKG
[00:44:02] [341/459] SMTI
[00:44:03] [342/459] NYCS
[00:44:04] [343/459] MTBG
[00:44:05] [344/459] RHCA
[00:44:06] [345/459] PCKH
[00:44:06] [346/459] ARCR
[00:44:07] [347/459] NCMB
[00:44:08] [348/459] SHYC
[00:44:09] [349/459] LACK
[00:44:10] [350/459] MTCM
[00:44:10] [351/459] RRBN
[00:44:11] [352/459] MYDC
[00:44:12] [353/459] STCS
[00:44:13] [354/459] CONN
[00:44:13] [355/459] SIPS
[00:44:14] [356/459] SMMX
[00:44:15] [357/459] SCBY
[00:44:16] [358/459] SUAP
[00:44:17] [359/459] RSMK
[00:44:18] [360/459] STKP
[00:44:19] [361/459] CIPC
[00:44:20] [362/459] KKCI
[00:44:21] [363/459] CTNK
[00:44:22] [364/459] MMTZ
[00:44:23] [365/459] DCCO
[00:44:23] [366/459] VNMN
[00:44:24] [367/459] RLCN
[00:44:25] [368/459] CMMS
[00:44:26] [369/459] AYOU
[00:44:27] [370/459] SSCN
[00:44:28] [371/459] SMXN
[00:44:29] [372/459] ASSK
[00:44:30] [373/459] VCKM
[00:44:31] [374/459] PCPH
[00:44:31] [375/459] PADM
[00:44:32] [376/459] IESA
[00:44:33] [377/459] VCSP
[00:44:34] [378/459] AEST
[00:44:35] [379/459] VTNR
[00:44:36] [380/459] GTTA
[00:44:36] [381/459] CMMM
[00:44:37] [382/459] AHKT
[00:44:38] [383/459] SIJI
[00:44:39] [384/459] VCEI
[00:44:39] [385/459] SAKR
[00:44:41] [386/459] VSMT
[00:44:41] [387/459] SSCT
[00:44:42] [388/459] USTR
[00:44:43] [389/459] MTKT
[00:44:44] [390/459] TGMP
[00:44:46] [391/459] SIVC
[00:44:47] [392/459] KICT
[00:44:48] [393/459] DAMD
[00:44:49] [394/459] CNPT
[00:44:50] [395/459] RVTT
[00:44:50] [396/459] SNCM
[00:44:51] [397/459] GHTE
[00:44:52] [398/459] PPAM
[00:44:53] [399/459] PVAA
[00:44:54] [400/459] CPAO
[00:44:55] [401/459] HAMD
[00:44:56] [402/459] RCCA
[00:44:56] [403/459] MPCH
[00:44:57] [404/459] ARED
[00:44:58] [405/459] RRCV
[00:44:59] [406/459] MTRB
[00:45:00] [407/459] CKUA
[00:45:00] [408/459] ABMP
[00:45:01] [409/459] RCWA
[00:45:02] [410/459] CGAR
[00:45:03] [411/459] METH
[00:45:05] [412/459] WAGA
[00:45:06] [413/459] MCMA
[00:45:08] [414/459] CSMP
[00:45:08] [415/459] RCNK
[00:45:09] [416/459] PSTM
[00:45:10] [417/459] CSEP
[00:45:11] [418/459] AMGD
[00:45:12] [419/459] CSTE
[00:45:12] [420/459] CONS
[00:45:13] [421/459] APPX
[00:45:14] [422/459] MABC
[00:45:15] [423/459] CXST
[00:45:16] [424/459] MATN
[00:45:17] [425/459] MACZ
[00:45:18] [426/459] MASA
[00:45:18] [427/459] MBSX
[00:45:19] [428/459] CSST
[00:45:21] [429/459] APCL
[00:45:23] [430/459] CGOS
[00:45:24] [431/459] CPEC
[00:45:24] [432/459] MCCP
[00:45:25] [433/459] BSSO
[00:45:26] [434/459] SJKA
[00:45:27] [435/459] CGBO
[00:45:28] [436/459] MVSK
[00:45:28] [437/459] HVCA
[00:45:29] [438/459] NAMD
[00:45:30] [439/459] DEVI
[00:45:31] [440/459] SCSV
[00:45:32] [441/459] PSMA
[00:45:33] [442/459] CLDJ
[00:45:33] [443/459] NMAD
[00:45:34] [444/459] CGMO
[00:45:35] [445/459] MCNA
[00:45:36] [446/459] OCBN
[00:45:37] [447/459] CPEM
[00:45:38] [448/459] CPSM
[00:45:39] [449/459] RCAD
[00:45:40] [450/459] CPMU
[00:45:41] [451/459] DICD
[00:45:42] [452/459] CHOE
[00:45:42] [453/459] PDJM
[00:45:43] [454/459] SSTU
[00:45:44] [455/459] VNRN
[00:45:45] [456/459] PVLG
[00:45:46] [457/459] SWBL
[00:45:47] [458/459] SCAB
[00:45:47] [459/459] RDDA
[00:45:49] ✅ DONE | Shows=1 | Movies=1
