[00:38:31] 🚀 BMS DAILY TRACKER STARTED
[00:38:31] [1/459] FNDB
[00:38:31] 🧠 New identity
[00:38:32] [2/459] AMBH
[00:38:33] [3/459] PRHN
[00:38:34] [4/459] ACPM
[00:38:35] [5/459] PVFS
[00:38:36] [6/459] AACN
[00:38:37] [7/459] ACAS
[00:38:38] [8/459] CTNR
[00:38:39] [9/459] MMAH
[00:38:39] [10/459] CPMH
[00:38:40] [11/459] IGMH
[00:38:41] [12/459] ABCS
[00:38:42] [13/459] CMMA
[00:38:43] [14/459] GPRH
[00:38:44] [15/459] PNNG
[00:38:44] [16/459] AMCA
[00:38:45] [17/459] ISTN
[00:38:46] [18/459] PIIC
[00:38:47] [19/459] AHMH
[00:38:47] [20/459] ASHN
[00:38:48] [21/459] INHY
[00:38:49] [22/459] SRMO
[00:38:50] [23/459] PIMH
[00:38:52] [24/459] PVTS
[00:38:53] [25/459] MMCA
[00:38:53] [26/459] AKYJ
[00:38:54] [27/459] BRKH
[00:38:55] [28/459] MAHM
[00:38:56] [29/459] CPHY
[00:38:57] [30/459] PVTP
[00:38:59] [31/459] SMMR
[00:39:00] [32/459] PVHM
[00:39:01] [33/459] SNDY
[00:39:02] [34/459] GOKU
[00:39:04] [35/459] ACEV
[00:39:04] [36/459] PVUM
[00:39:05] [37/459] VSWA
[00:39:06] [38/459] IPRS
[00:39:07] [39/459] ASGN
[00:39:08] [40/459] BKMV
[00:39:09] [41/459] PVYH
[00:39:10] [42/459] INKM
[00:39:11] [43/459] ARJU
[00:39:13] [44/459] JJPP
[00:39:14] [45/459] SSRM
[00:39:15] [46/459] HMHD
[00:39:15] [47/459] SNKH
[00:39:17] [48/459] ACHI
[00:39:18] [49/459] MRAA
[00:39:19] [50/459] INMH
[00:39:20] [51/459] ARMH
[00:39:21] [52/459] DVRR
[00:39:22] [53/459] SUDA
[00:39:22] [54/459] MCSS
[00:39:23] [55/459] VRKC
[00:39:24] [56/459] PRCX
[00:39:25] [57/459] ASJY
[00:39:26] [58/459] MTHY
[00:39:26] [59/459] SRCM
[00:39:27] [60/459] TVHY
[00:39:28] [61/459] STHD
[00:39:29] [62/459] CPCL
[00:39:29] [63/459] PSMJ
[00:39:30] [64/459] MRGT
[00:39:31] [65/459] ARYH
[00:39:32] [66/459] VTRB
[00:39:33] [67/459] SCHC
[00:39:34] [68/459] MRRG
[00:39:34] [69/459] SPCB
[00:39:35] [70/459] AMCM
[00:39:36] [71/459] IVNM
[00:39:37] [72/459] TRHY
[00:39:38] [73/459] PTTH
[00:39:39] [74/459] RKMH
[00:39:39] [75/459] PRCS
[00:39:40] [76/459] VAJA
[00:39:41] [77/459] BJNG
[00:39:42] [78/459] SCVM
[00:39:43] [79/459] GNHB
[00:39:44] [80/459] TLUR
[00:39:45] [81/459] UKCC
[00:39:46] [82/459] SRKR
[00:39:46] [83/459] RMKN
[00:39:48] [84/459] SLRT
[00:39:49] [85/459] LKMT
[00:39:50] [86/459] SSRJ
[00:39:50] [87/459] SPHT
[00:39:51] [88/459] ANTT
[00:39:52] [89/459] SRCH
[00:39:53] [90/459] SRCA
[00:39:54] [91/459] ARTH
[00:39:55] [92/459] MCBH
[00:39:55] [93/459] SNIB
[00:39:56] [94/459] SART
[00:39:57] [95/459] SKTA
[00:39:58] [96/459] YAKT
[00:39:59] [97/459] MLCK
[00:39:59] [98/459] ANTS
[00:40:00] [99/459] DGCA
[00:40:01] [100/459] SGMP
[00:40:03] [101/459] ASWN
[00:40:04] [102/459] KFVU
[00:40:04] [103/459] POOR
[00:40:05] [104/459] GKDN
[00:40:06] [105/459] EOSE
[00:40:07] [106/459] GTTT
[00:40:08] [107/459] ARRO
[00:40:09] [108/459] CMMK
[00:40:10] [109/459] MSCN
[00:40:11] [110/459] GDKH
[00:40:12] [111/459] DLMT
[00:40:13] [112/459] PVMF
[00:40:14] [113/459] CPCK
[00:40:15] [114/459] VMHE
[00:40:16] [115/459] PVLC
[00:40:16] [116/459] PCVB
[00:40:17] [117/459] SNYK
[00:40:18] [118/459] KTEK
[00:40:19] [119/459] PCNM
[00:40:20] [120/459] NTTR
[00:40:21] [121/459] CPSK
[00:40:22] [122/459] JMMA
[00:40:22] [123/459] GCFK
[00:40:23] [124/459] MYCA
[00:40:24] [125/459] KSNP
[00:40:25] [126/459] PMCE
[00:40:26] [127/459] SCKI
[00:40:27] [128/459] FSMA
[00:40:28] [129/459] CETA
[00:40:29] [130/459] MCIK
[00:40:29] [131/459] MYCR
[00:40:31] [132/459] EVMP
[00:40:32] [133/459] SSGT
[00:40:33] [134/459] KCTK
[00:40:33] [135/459] ZTKC
[00:40:34] [136/459] MMTA
[00:40:35] [137/459] MAJT
[00:40:37] [138/459] ACPK
[00:40:38] [139/459] JMAX
[00:40:39] [140/459] SETK
[00:40:40] [141/459] CAIS
[00:40:41] [142/459] AGCD
[00:40:42] [143/459] URCL
[00:40:43] [144/459] VTDS
[00:40:44] [145/459] JCNM
[00:40:45] [146/459] KCAM
[00:40:46] [147/459] ADCU
[00:40:47] [148/459] GXYN
[00:40:48] [149/459] SMJG
[00:40:49] [150/459] EYCJ
[00:40:50] [151/459] CCEJ
[00:40:50] [152/459] MARS
[00:40:51] [153/459] CPVJ
[00:40:52] [154/459] INVP
[00:40:53] [155/459] CPOV
[00:40:54] [156/459] VIJK
[00:40:55] [157/459] LAIM
[00:40:56] [158/459] STHV
[00:40:57] [159/459] SVLJ
[00:40:58] [160/459] ATVJ
[00:40:59] [161/459] JTSC
[00:41:00] [162/459] RMTV
[00:41:02] [163/459] MGGG
[00:41:02] [164/459] SWTH
[00:41:03] [165/459] INVJ
[00:41:04] [166/459] PRSV
[00:41:05] [167/459] JATV
[00:41:06] [168/459] RCVD
[00:41:07] [169/459] BDMA
[00:41:08] [170/459] BLJI
[00:41:09] [171/459] SWOT
[00:41:10] [172/459] SWRN
[00:41:11] [173/459] TVRA
[00:41:12] [174/459] VCSV
[00:41:13] [175/459] NVRN
[00:41:13] [176/459] SIKC
[00:41:14] [177/459] VAKR
[00:41:15] [178/459] SYLN
[00:41:16] [179/459] KLJL
[00:41:17] [180/459] LKMY
[00:41:18] [181/459] VSLY
[00:41:19] [182/459] CIKO
[00:41:20] [183/459] GPBG
[00:41:21] [184/459] CECM
[00:41:21] [185/459] SLKB
[00:41:22] [186/459] MTBO
[00:41:23] [187/459] SSHB
[00:41:24] [188/459] VPCS
[00:41:25] [189/459] RCSR
[00:41:25] [190/459] RJRM
[00:41:26] [191/459] KPPB
[00:41:27] [192/459] SEDC
[00:41:28] [193/459] SCAI
[00:41:29] [194/459] RMTR
[00:41:30] [195/459] ASST
[00:41:31] [196/459] GCAK
[00:41:32] [197/459] ANNK
[00:41:33] [198/459] KDDF
[00:41:34] [199/459] NRDP
[00:41:35] [200/459] PLAK
[00:41:35] [201/459] GCMC
[00:41:37] [202/459] ALPY
[00:41:38] [203/459] SICE
[00:41:39] [204/459] SISR
[00:41:40] [205/459] SRPZ
[00:41:41] [206/459] SRSW
[00:41:41] [207/459] SUYA
[00:41:42] [208/459] AMMT
[00:41:43] [209/459] BHCU
[00:41:44] [210/459] KLPA
[00:41:45] [211/459] NVKH
[00:41:46] [212/459] JMRC
[00:41:47] [213/459] KTTT
[00:41:48] [214/459] MAGH
[00:41:49] [215/459] MMMX
[00:41:49] [216/459] SALJ
[00:41:50] [217/459] GTJA
[00:41:51] [218/459] MAHT
[00:41:52] [219/459] SSNN
[00:41:53] [220/459] ARRP
[00:41:54] [221/459] ATNS
[00:41:55] [222/459] SKDT
[00:41:55] [223/459] ACAT
[00:41:56] [224/459] APRC
[00:41:57] [225/459] SWAG
[00:41:58] [226/459] SDPT
[00:41:59] [227/459] STPS
[00:42:00] [228/459] WWCZ
[00:42:01] [229/459] LLCH
[00:42:02] [230/459] MZHA
[00:42:03] [231/459] CRJG
[00:42:04] [232/459] JGTK
[00:42:05] [233/459] KCSR
[00:42:05] [234/459] CHTL
[00:42:06] [235/459] EDSR
[00:42:07] [236/459] CSWO
[00:42:08] [237/459] CPVM
[00:42:09] [238/459] MXBY
[00:42:10] [239/459] FMMA
[00:42:11] [240/459] POVI
[00:42:12] [241/459] MTHB
[00:42:13] [242/459] INRC
[00:42:13] [243/459] PIPP
[00:42:15] [244/459] BMXC
[00:42:16] [245/459] PCMM
[00:42:17] [246/459] PMKM
[00:42:18] [247/459] GATY
[00:42:18] [248/459] IMCM
[00:42:19] [249/459] POPE
[00:42:20] [250/459] MTCR
[00:42:21] [251/459] PVAE
[00:42:23] [252/459] PVMI
[00:42:24] [253/459] CPNM
[00:42:24] [254/459] FMRL
[00:42:25] [255/459] MCIW
[00:42:26] [256/459] MXBO
[00:42:27] [257/459] FMKY
[00:42:28] [258/459] FMDA
[00:42:29] [259/459] THAB
[00:42:29] [260/459] PRCW
[00:42:30] [261/459] PITI
[00:42:32] [262/459] MCFF
[00:42:33] [263/459] PDDV
[00:42:34] [264/459] MCRM
[00:42:34] [265/459] KKMB
[00:42:35] [266/459] INKO
[00:42:36] [267/459] PLXP
[00:42:37] [268/459] MMHA
[00:42:38] [269/459] FMVS
[00:42:38] [270/459] POLM
[00:42:39] [271/459] STER
[00:42:40] [272/459] PVWJ
[00:42:41] [273/459] IMJW
[00:42:42] [274/459] FNAN
[00:42:43] [275/459] CAGL
[00:42:43] [276/459] IPBG
[00:42:44] [277/459] SMFV
[00:42:45] [278/459] MMMR
[00:42:46] [279/459] MMWM
[00:42:47] [280/459] FNCM
[00:42:48] [281/459] MDVA
[00:42:49] [282/459] MMET
[00:42:50] [283/459] MIDO
[00:42:51] [284/459] INNP
[00:42:51] [285/459] MIFU
[00:42:53] [286/459] MMSZ
[00:42:54] [287/459] BMXA
[00:42:55] [288/459] MCAA
[00:42:55] [289/459] SCVP
[00:42:56] [290/459] PLUS
[00:42:57] [291/459] MUCK
[00:42:58] [292/459] MTMA
[00:42:59] [293/459] HPVR
[00:43:00] [294/459] PMPK
[00:43:01] [295/459] MAJB
[00:43:02] [296/459] CTRR
[00:43:03] [297/459] MCTG
[00:43:03] [298/459] MACE
[00:43:05] [299/459] AAAS
[00:43:06] [300/459] CPVV
[00:43:07] [301/459] RCHG
[00:43:08] [302/459] MCNE
[00:43:08] [303/459] EMNC
[00:43:09] [304/459] MCAN
[00:43:10] [305/459] TCDM
[00:43:12] [306/459] IRGT
[00:43:12] [307/459] GCMG
[00:43:13] [308/459] MXSN
[00:43:14] [309/459] MXCK
[00:43:15] [310/459] MCRC
[00:43:16] [311/459] RSMI
[00:43:17] [312/459] WAML
[00:43:18] [313/459] MTSC
[00:43:19] [314/459] FMDR
[00:43:19] [315/459] LEPV
[00:43:20] [316/459] MTGD
[00:43:21] [317/459] IMOB
[00:43:23] [318/459] CLMM
[00:43:23] [319/459] PZCD
[00:43:24] [320/459] GOCS
[00:43:25] [321/459] KCMA
[00:43:26] [322/459] CCMP
[00:43:27] [323/459] MTSU
[00:43:29] [324/459] SNGL
[00:43:30] [325/459] MMMC
[00:43:32] [326/459] MMAA
[00:43:33] [327/459] GCDM
[00:43:33] [328/459] KTMV
[00:43:34] [329/459] AETE
[00:43:35] [330/459] OMCS
[00:43:36] [331/459] GDCD
[00:43:37] [332/459] NYMD
[00:43:37] [333/459] RNCV
[00:43:38] [334/459] KKMT
[00:43:39] [335/459] GDTH
[00:43:41] [336/459] KMMV
[00:43:42] [337/459] NHCG
[00:43:43] [338/459] PJDW
[00:43:44] [339/459] MMCV
[00:43:44] [340/459] FQSA
[00:43:45] [341/459] KURL
[00:43:46] [342/459] NNNX
[00:43:47] [343/459] AMAU
[00:43:48] [344/459] VVVM
[00:43:49] [345/459] VECU
[00:43:49] [346/459] WCVR
[00:43:50] [347/459] MTGG
[00:43:51] [348/459] SGTG
[00:43:52] [349/459] MNTG
[00:43:53] [350/459] JDDG
[00:43:54] [351/459] MBTK
[00:43:56] [352/459] SGCD
[00:43:56] [353/459] MCTC
[00:43:57] [354/459] JTPC
[00:43:58] [355/459] SDKT
[00:43:59] [356/459] KRCC
[00:43:59] [357/459] RMMD
[00:44:00] [358/459] AAME
[00:44:01] [359/459] TMWC
[00:44:02] [360/459] NRWY
[00:44:03] [361/459] CITD
[00:44:04] [362/459] VERD
[00:44:05] [363/459] MKSK
[00:44:06] [364/459] STSM
[00:44:06] [365/459] MJDG
[00:44:07] [366/459] RKPM
[00:44:08] [367/459] SSCE
[00:44:09] [368/459] VMAE
[00:44:10] [369/459] SBRU
[00:44:10] [370/459] AMBC
[00:44:11] [371/459] AMLU
[00:44:12] [372/459] INVZ
[00:44:14] [373/459] LGTV
[00:44:15] [374/459] SVAD
[00:44:16] [375/459] SMSA
[00:44:16] [376/459] SPCZ
[00:44:17] [377/459] GTCX
[00:44:18] [378/459] SCSL
[00:44:19] [379/459] SAHU
[00:44:20] [380/459] NCDA
[00:44:21] [381/459] SCCG
[00:44:22] [382/459] VKTL
[00:44:23] [383/459] PUUJ
[00:44:24] [384/459] STEJ
[00:44:25] [385/459] RJAL
[00:44:25] [386/459] ACJC
[00:44:26] [387/459] VTHC
[00:44:27] [388/459] ARVB
[00:44:28] [389/459] AUBB
[00:44:29] [390/459] GDBR
[00:44:30] [391/459] PVND
[00:44:31] [392/459] BGRJ
[00:44:32] [393/459] RJMM
[00:44:32] [394/459] MCSA
[00:44:33] [395/459] BODA
[00:44:34] [396/459] JAGG
[00:44:35] [397/459] SCGA
[00:44:36] [398/459] LRCM
[00:44:36] [399/459] CPCN
[00:44:37] [400/459] SSTF
[00:44:38] [401/459] SRXP
[00:44:39] [402/459] CNFX
[00:44:40] [403/459] ANDI
[00:44:42] [404/459] SYEW
[00:44:42] [405/459] RCRE
[00:44:43] [406/459] SCRW
[00:44:45] [407/459] MBKR
[00:44:46] [408/459] ASNT
[00:44:47] [409/459] JTMT
[00:44:48] [410/459] SHAY
[00:44:48] [411/459] VRTH
[00:44:49] [412/459] SPTI
[00:44:50] [413/459] DPTD
[00:44:51] [414/459] TGSN
[00:44:52] [415/459] RCWV
[00:44:53] [416/459] OCUR
[00:44:53] [417/459] KSTC
[00:44:54] [418/459] SANI
[00:44:55] [419/459] MLCA
[00:44:56] [420/459] EGCA
[00:44:57] [421/459] SYSN
[00:44:57] [422/459] PKTA
[00:44:58] [423/459] PRCC
[00:44:59] [424/459] KSTR
[00:45:00] [425/459] SNTP
[00:45:02] [426/459] RCHA
[00:45:03] [427/459] SEEA
[00:45:04] [428/459] ALAT
[00:45:05] [429/459] AATV
[00:45:05] [430/459] RJTE
[00:45:06] [431/459] AAPP
[00:45:07] [432/459] PMMH
[00:45:08] [433/459] INRJ
[00:45:09] [434/459] SARB
[00:45:10] [435/459] PCJL
[00:45:10] [436/459] PFJJ
[00:45:11] [437/459] GRDC
[00:45:12] [438/459] BCBA
[00:45:13] [439/459] VIXL
[00:45:14] [440/459] CSTL
[00:45:15] [441/459] MTDK
[00:45:16] [442/459] TDAC
[00:45:16] [443/459] GTDN
[00:45:17] [444/459] TTDE
[00:45:18] [445/459] ASTS
[00:45:19] [446/459] CPNS
[00:45:19] [447/459] PVVW
[00:45:20] [448/459] USEB
[00:45:21] [449/459] DTYN
[00:45:22] [450/459] PVLE
[00:45:23] [451/459] CIPS
[00:45:23] [452/459] PAEG
[00:45:25] [453/459] PTCW
[00:45:26] [454/459] G3SR
[00:45:27] [455/459] PGND
[00:45:27] [456/459] INVM
[00:45:28] [457/459] SPIA
[00:45:29] [458/459] PCSN
[00:45:30] [459/459] PPGV
[00:45:31] ✅ DONE | Shows=0 | Movies=0
