[00:38:38] 🚀 BMS DAILY TRACKER STARTED
[00:38:38] [1/296] CDCA
[00:38:38] 🧠 New identity
[00:38:39] [2/296] MNSR
[00:38:40] [3/296] CSSL
[00:38:41] [4/296] BGGM
[00:38:42] [5/296] MANT
[00:38:43] [6/296] SOOY
[00:38:45] [7/296] VPPK
[00:38:46] [8/296] MYHJ
[00:38:47] [9/296] KSCK
[00:38:48] [10/296] KATK
[00:38:49] [11/296] RTRT
[00:38:49] [12/296] SSTT
[00:38:50] [13/296] SSTV
[00:38:51] [14/296] LACM
[00:38:52] [15/296] SGMG
[00:38:53] [16/296] KACX
[00:38:54] [17/296] GVCP
[00:38:55] [18/296] CSNC
[00:38:56] [19/296] SXCB
[00:38:57] [20/296] BAHS
[00:38:59] [21/296] PCBI
[00:38:59] [22/296] PSSM
[00:39:01] [23/296] RCOK
[00:39:01] [24/296] SCPF
[00:39:02] [25/296] SSAS
[00:39:03] [26/296] EVMM
[00:39:04] [27/296] SYCB
[00:39:05] [28/296] GCKI
[00:39:06] [29/296] IAET
[00:39:06] [30/296] DDTD
[00:39:07] [31/296] GMDH
[00:39:08] [32/296] STLE
[00:39:09] [33/296] JTRA
[00:39:10] [34/296] RPPA
[00:39:11] [35/296] ARUT
[00:39:12] [36/296] JTVM
[00:39:13] [37/296] SWRH
[00:39:14] [38/296] DCPC
[00:39:14] [39/296] RAPR
[00:39:15] [40/296] GCRT
[00:39:16] [41/296] ATUN
[00:39:17] [42/296] LTRM
[00:39:18] [43/296] TASR
[00:39:19] [44/296] RLLC
[00:39:20] [45/296] MABI
[00:39:20] [46/296] SVHB
[00:39:21] [47/296] NVTB
[00:39:22] [48/296] KCKG
[00:39:23] [49/296] SSRN
[00:39:24] [50/296] VDDC
[00:39:25] [51/296] GKTK
[00:39:26] [52/296] YFSN
[00:39:27] [53/296] GCSG
[00:39:28] [54/296] ESSM
[00:39:29] [55/296] KRIH
[00:39:29] [56/296] GCDS
[00:39:30] [57/296] CCSH
[00:39:31] [58/296] ACSK
[00:39:32] [59/296] APRK
[00:39:33] [60/296] ADKM
[00:39:34] [61/296] SRDM
[00:39:34] [62/296] RMOG
[00:39:35] [63/296] SJMY
[00:39:36] [64/296] PGGC
[00:39:37] [65/296] INGM
[00:39:37] [66/296] LSCB
[00:39:38] [67/296] STAD
[00:39:39] [68/296] MCCR
[00:39:41] [69/296] ABCC
[00:39:42] [70/296] RKCC
[00:39:43] [71/296] RTCR
[00:39:44] [72/296] GGBC
[00:39:44] [73/296] GCSD
[00:39:45] [74/296] LPTY
[00:39:46] [75/296] MCFD
[00:39:47] [76/296] HENN
[00:39:48] [77/296] SMKU
[00:39:49] [78/296] TNZC
[00:39:49] [79/296] DRCD
[00:39:50] [80/296] DLCD
[00:39:51] [81/296] RCDA
[00:39:52] [82/296] COSM
[00:39:53] [83/296] MCMJ
[00:39:54] [84/296] CSTR
[00:39:55] [85/296] CVDK
[00:39:56] [86/296] INRR
[00:39:56] [87/296] RJRT
[00:39:58] [88/296] IRMR
[00:39:59] [89/296] SRCF
[00:40:00] [90/296] GRCR
[00:40:01] [91/296] SURC
[00:40:01] [92/296] NMNH
[00:40:02] [93/296] SVBL
[00:40:03] [94/296] KACI
[00:40:04] [95/296] TDGO
[00:40:05] [96/296] KTBR
[00:40:06] [97/296] PMAD
[00:40:07] [98/296] CCPN
[00:40:08] [99/296] SBTK
[00:40:09] [100/296] LMDK
[00:40:09] [101/296] PGDA
[00:40:10] [102/296] SRML
[00:40:11] [103/296] EVCK
[00:40:12] [104/296] RTTK
[00:40:12] [105/296] SRTU
[00:40:13] [106/296] VRSA
[00:40:14] [107/296] VARS
[00:40:15] [108/296] DSCZ
[00:40:16] [109/296] GAGA
[00:40:17] [110/296] SARV
[00:40:18] [111/296] SEEG
[00:40:18] [112/296] GLCA
[00:40:19] [113/296] APAS
[00:40:20] [114/296] VCIA
[00:40:20] [115/296] SJTA
[00:40:21] [116/296] SABM
[00:40:22] [117/296] PPAG
[00:40:23] [118/296] RVCA
[00:40:24] [119/296] CCIA
[00:40:25] [120/296] HTAG
[00:40:25] [121/296] SMBI
[00:40:26] [122/296] MCJR
[00:40:27] [123/296] CCJR
[00:40:28] [124/296] SINF
[00:40:29] [125/296] CPLX
[00:40:30] [126/296] KKTJ
[00:40:31] [127/296] GDBW
[00:40:31] [128/296] CSUB
[00:40:32] [129/296] DABA
[00:40:33] [130/296] TITR
[00:40:34] [131/296] NYCR
[00:40:35] [132/296] RTRY
[00:40:36] [133/296] JTJL
[00:40:37] [134/296] SJCP
[00:40:38] [135/296] KCCA
[00:40:38] [136/296] MLPG
[00:40:39] [137/296] VRCK
[00:40:40] [138/296] SRIN
[00:40:41] [139/296] CXMK
[00:40:42] [140/296] SKAD
[00:40:42] [141/296] AVTR
[00:40:43] [142/296] PTAJ
[00:40:44] [143/296] SCNK
[00:40:45] [144/296] STTI
[00:40:46] [145/296] KACR
[00:40:47] [146/296] SSDX
[00:40:47] [147/296] VRTJ
[00:40:48] [148/296] RAJD
[00:40:49] [149/296] SCIP
[00:40:50] [150/296] RJSL
[00:40:51] [151/296] ARRS
[00:40:52] [152/296] ASMS
[00:40:53] [153/296] RDTS
[00:40:54] [154/296] DVMY
[00:40:55] [155/296] RASA
[00:40:56] [156/296] INOM
[00:40:57] [157/296] SPRS
[00:40:57] [158/296] SGCS
[00:40:58] [159/296] SALM
[00:40:59] [160/296] PKHC
[00:41:00] [161/296] RCSV
[00:41:01] [162/296] CPKC
[00:41:02] [163/296] AACD
[00:41:03] [164/296] GGCV
[00:41:03] [165/296] SMKD
[00:41:04] [166/296] NBCH
[00:41:05] [167/296] AMCB
[00:41:05] [168/296] OPCN
[00:41:06] [169/296] DCIN
[00:41:07] [170/296] INGW
[00:41:08] [171/296] PKKW
[00:41:09] [172/296] FNGW
[00:41:10] [173/296] GCGD
[00:41:10] [174/296] MSTW
[00:41:11] [175/296] KCCG
[00:41:12] [176/296] MRSS
[00:41:13] [177/296] CLCF
[00:41:14] [178/296] EETS
[00:41:15] [179/296] AATR
[00:41:16] [180/296] CMMN
[00:41:16] [181/296] SCCJ
[00:41:17] [182/296] CDTK
[00:41:18] [183/296] AICP
[00:41:19] [184/296] FNBP
[00:41:20] [185/296] CBPB
[00:41:20] [186/296] CPAS
[00:41:21] [187/296] MAPM
[00:41:22] [188/296] PASD
[00:41:23] [189/296] JCMN
[00:41:24] [190/296] MALB
[00:41:25] [191/296] SACG
[00:41:26] [192/296] DDRX
[00:41:27] [193/296] DDXB
[00:41:28] [194/296] RAMC
[00:41:28] [195/296] SANC
[00:41:29] [196/296] BCBP
[00:41:30] [197/296] ALPC
[00:41:31] [198/296] RBAC
[00:41:33] [199/296] RAJL
[00:41:33] [200/296] MPDX
[00:41:34] [201/296] MUSC
[00:41:35] [202/296] VKMK
[00:41:36] [203/296] SKCG
[00:41:38] [204/296] ANCN
[00:41:38] [205/296] MMCJ
[00:41:39] [206/296] DCAK
[00:41:39] [207/296] SCKG
[00:41:41] [208/296] LMCK
[00:41:42] [209/296] CKKX
[00:41:42] [210/296] ANKU
[00:41:43] [211/296] CSMD
[00:41:45] [212/296] MKMP
[00:41:45] [213/296] SVBG
[00:41:46] [214/296] ROOP
[00:41:47] [215/296] GDMT
[00:41:47] [216/296] FPPF
[00:41:48] [217/296] SFUU
[00:41:49] [218/296] ANCB
[00:41:49] [219/296] SMMC
[00:41:50] [220/296] UGKT
[00:41:51] [221/296] JVRM
[00:41:52] [222/296] BATG
[00:41:53] [223/296] RATE
[00:41:54] [224/296] SKME
[00:41:55] [225/296] LMTP
[00:41:56] [226/296] TCBD
[00:41:57] [227/296] ESBD
[00:41:57] [228/296] GDCU
[00:41:58] [229/296] SNKT
[00:41:59] [230/296] SRNK
[00:42:00] [231/296] SMED
[00:42:01] [232/296] CSQS
[00:42:01] [233/296] ALCS
[00:42:02] [234/296] KCKN
[00:42:03] [235/296] VCCL
[00:42:04] [236/296] MCDA
[00:42:05] [237/296] SHMI
[00:42:05] [238/296] SKHA
[00:42:06] [239/296] SVFK
[00:42:07] [240/296] INVB
[00:42:08] [241/296] MELD
[00:42:09] [242/296] JTYS
[00:42:10] [243/296] INCM
[00:42:11] [244/296] MCDV
[00:42:11] [245/296] KSGK
[00:42:12] [246/296] ICMG
[00:42:13] [247/296] CSCV
[00:42:14] [248/296] STMD
[00:42:15] [249/296] STTR
[00:42:15] [250/296] INVC
[00:42:16] [251/296] JTBL
[00:42:17] [252/296] SRVV
[00:42:18] [253/296] MAVC
[00:42:19] [254/296] SRPP
[00:42:19] [255/296] JGDM
[00:42:20] [256/296] MBSJ
[00:42:21] [257/296] SSLL
[00:42:22] [258/296] SLKP
[00:42:23] [259/296] NSRV
[00:42:24] [260/296] UTDV
[00:42:24] [261/296] KICM
[00:42:26] [262/296] KCMD
[00:42:26] [263/296] TTPP
[00:42:27] [264/296] KMPV
[00:42:28] [265/296] SKTV
[00:42:28] [266/296] STCV
[00:42:29] [267/296] SRDA
[00:42:30] [268/296] JTSX
[00:42:31] [269/296] STBV
[00:42:33] [270/296] APVZ
[00:42:33] [271/296] GSTV
[00:42:34] [272/296] NMVS
[00:42:35] [273/296] SKRT
[00:42:35] [274/296] RMDV
[00:42:36] [275/296] RATG
[00:42:37] [276/296] SJYV
[00:42:37] [277/296] NDGP
[00:42:38] [278/296] SNDG
[00:42:39] [279/296] INSR
[00:42:40] [280/296] INSO
[00:42:40] [281/296] CCSI
[00:42:42] [282/296] RASM
[00:42:42] [283/296] NEWC
[00:42:43] [284/296] VSHL
[00:42:44] [285/296] BISW
[00:42:45] [286/296] GCNG
[00:42:46] [287/296] CWSC
[00:42:47] [288/296] SKAN
[00:42:48] [289/296] SEHP
[00:42:49] [290/296] CCOA
[00:42:49] [291/296] MCAJ
[00:42:51] [292/296] ACDE
[00:42:51] [293/296] AACM
[00:42:52] [294/296] JJCK
[00:42:53] [295/296] RCMO
[00:42:54] [296/296] GDAW
[00:42:54] ✅ DONE | Shows=0 | Movies=0
[01:42:43] 🚀 BMS DAILY TRACKER STARTED
[01:42:43] [1/296] CDCA
[01:42:43] 🧠 New identity
[01:42:45] [2/296] MNSR
[01:42:45] [3/296] CSSL
[01:42:47] [4/296] BGGM
[01:42:48] [5/296] MANT
[01:42:49] [6/296] SOOY
[01:42:50] [7/296] VPPK
[01:42:51] [8/296] MYHJ
[01:42:52] [9/296] KSCK
[01:42:53] [10/296] KATK
[01:42:54] [11/296] RTRT
[01:42:55] [12/296] SSTT
[01:42:56] [13/296] SSTV
[01:42:57] [14/296] LACM
[01:42:58] [15/296] SGMG
[01:42:59] [16/296] KACX
[01:43:00] [17/296] GVCP
[01:43:01] [18/296] CSNC
[01:43:02] [19/296] SXCB
[01:43:03] [20/296] BAHS
[01:43:03] [21/296] PCBI
[01:43:04] [22/296] PSSM
[01:43:06] [23/296] RCOK
[01:43:07] [24/296] SCPF
[01:43:08] [25/296] SSAS
[01:43:09] [26/296] EVMM
[01:43:10] [27/296] SYCB
[01:43:11] [28/296] GCKI
[01:43:12] [29/296] IAET
[01:43:13] [30/296] DDTD
[01:43:13] [31/296] GMDH
[01:43:14] [32/296] STLE
[01:43:15] [33/296] JTRA
[01:43:16] [34/296] RPPA
[01:43:16] [35/296] ARUT
[01:43:17] [36/296] JTVM
[01:43:18] [37/296] SWRH
[01:43:19] [38/296] DCPC
[01:43:20] [39/296] RAPR
[01:43:21] [40/296] GCRT
[01:43:22] [41/296] ATUN
[01:43:23] [42/296] LTRM
[01:43:24] [43/296] TASR
[01:43:24] [44/296] RLLC
[01:43:26] [45/296] MABI
[01:43:26] [46/296] SVHB
[01:43:27] [47/296] NVTB
[01:43:28] [48/296] KCKG
[01:43:29] [49/296] SSRN
[01:43:30] [50/296] VDDC
[01:43:31] [51/296] GKTK
[01:43:32] [52/296] YFSN
[01:43:32] [53/296] GCSG
[01:43:33] [54/296] ESSM
[01:43:34] [55/296] KRIH
[01:43:35] [56/296] GCDS
[01:43:36] [57/296] CCSH
[01:43:36] [58/296] ACSK
[01:43:38] [59/296] APRK
[01:43:39] [60/296] ADKM
[01:43:40] [61/296] SRDM
[01:43:41] [62/296] RMOG
[01:43:41] [63/296] SJMY
[01:43:42] [64/296] PGGC
[01:43:43] [65/296] INGM
[01:43:44] [66/296] LSCB
[01:43:45] [67/296] STAD
[01:43:46] [68/296] MCCR
[01:43:47] [69/296] ABCC
[01:43:48] [70/296] RKCC
[01:43:48] [71/296] RTCR
[01:43:49] [72/296] GGBC
[01:43:50] [73/296] GCSD
[01:43:51] [74/296] LPTY
[01:43:51] [75/296] MCFD
[01:43:52] [76/296] HENN
[01:43:53] [77/296] SMKU
[01:43:54] [78/296] TNZC
[01:43:55] [79/296] DRCD
[01:43:56] [80/296] DLCD
[01:43:57] [81/296] RCDA
[01:43:58] [82/296] COSM
[01:43:59] [83/296] MCMJ
[01:44:00] [84/296] CSTR
[01:44:01] [85/296] CVDK
[01:44:02] [86/296] INRR
[01:44:02] [87/296] RJRT
[01:44:03] [88/296] IRMR
[01:44:04] [89/296] SRCF
[01:44:05] [90/296] GRCR
[01:44:05] [91/296] SURC
[01:44:06] [92/296] NMNH
[01:44:07] [93/296] SVBL
[01:44:08] [94/296] KACI
[01:44:08] [95/296] TDGO
[01:44:09] [96/296] KTBR
[01:44:10] [97/296] PMAD
[01:44:11] [98/296] CCPN
[01:44:12] [99/296] SBTK
[01:44:12] [100/296] LMDK
[01:44:13] [101/296] PGDA
[01:44:14] [102/296] SRML
[01:44:15] [103/296] EVCK
[01:44:16] [104/296] RTTK
[01:44:16] [105/296] SRTU
[01:44:17] [106/296] VRSA
[01:44:18] [107/296] VARS
[01:44:19] [108/296] DSCZ
[01:44:20] [109/296] GAGA
[01:44:21] [110/296] SARV
[01:44:21] [111/296] SEEG
[01:44:22] [112/296] GLCA
[01:44:24] [113/296] APAS
[01:44:25] [114/296] VCIA
[01:44:26] [115/296] SJTA
[01:44:27] [116/296] SABM
[01:44:27] [117/296] PPAG
[01:44:28] [118/296] RVCA
[01:44:29] [119/296] CCIA
[01:44:30] [120/296] HTAG
[01:44:31] [121/296] SMBI
[01:44:32] [122/296] MCJR
[01:44:33] [123/296] CCJR
[01:44:33] [124/296] SINF
[01:44:34] [125/296] CPLX
[01:44:36] [126/296] KKTJ
[01:44:37] [127/296] GDBW
[01:44:38] [128/296] CSUB
[01:44:38] [129/296] DABA
[01:44:39] [130/296] TITR
[01:44:40] [131/296] NYCR
[01:44:41] [132/296] RTRY
[01:44:42] [133/296] JTJL
[01:44:43] [134/296] SJCP
[01:44:43] [135/296] KCCA
[01:44:44] [136/296] MLPG
[01:44:45] [137/296] VRCK
[01:44:46] [138/296] SRIN
[01:44:47] [139/296] CXMK
[01:44:48] [140/296] SKAD
[01:44:48] [141/296] AVTR
[01:44:49] [142/296] PTAJ
[01:44:50] [143/296] SCNK
[01:44:50] [144/296] STTI
[01:44:51] [145/296] KACR
[01:44:52] [146/296] SSDX
[01:44:53] [147/296] VRTJ
[01:44:53] [148/296] RAJD
[01:44:54] [149/296] SCIP
[01:44:55] [150/296] RJSL
[01:44:56] [151/296] ARRS
[01:44:57] [152/296] ASMS
[01:44:58] [153/296] RDTS
[01:44:59] [154/296] DVMY
[01:45:00] [155/296] RASA
[01:45:01] [156/296] INOM
[01:45:02] [157/296] SPRS
[01:45:03] [158/296] SGCS
[01:45:04] [159/296] SALM
[01:45:05] [160/296] PKHC
[01:45:06] [161/296] RCSV
[01:45:07] [162/296] CPKC
[01:45:08] [163/296] AACD
[01:45:10] [164/296] GGCV
[01:45:10] [165/296] SMKD
[01:45:11] [166/296] NBCH
[01:45:12] [167/296] AMCB
[01:45:13] [168/296] OPCN
[01:45:13] [169/296] DCIN
[01:45:14] [170/296] INGW
[01:45:15] [171/296] PKKW
[01:45:16] [172/296] FNGW
[01:45:17] [173/296] GCGD
[01:45:18] [174/296] MSTW
[01:45:19] [175/296] KCCG
[01:45:20] [176/296] MRSS
[01:45:21] [177/296] CLCF
[01:45:22] [178/296] EETS
[01:45:22] [179/296] AATR
[01:45:23] [180/296] CMMN
[01:45:24] [181/296] SCCJ
[01:45:25] [182/296] CDTK
[01:45:26] [183/296] AICP
[01:45:27] [184/296] FNBP
[01:45:27] [185/296] CBPB
[01:45:28] [186/296] CPAS
[01:45:29] [187/296] MAPM
[01:45:30] [188/296] PASD
[01:45:31] [189/296] JCMN
[01:45:32] [190/296] MALB
[01:45:33] [191/296] SACG
[01:45:33] [192/296] DDRX
[01:45:34] [193/296] DDXB
[01:45:35] [194/296] RAMC
[01:45:36] [195/296] SANC
[01:45:37] [196/296] BCBP
[01:45:38] [197/296] ALPC
[01:45:39] [198/296] RBAC
[01:45:40] [199/296] RAJL
[01:45:40] [200/296] MPDX
[01:45:41] [201/296] MUSC
[01:45:42] [202/296] VKMK
[01:45:43] [203/296] SKCG
[01:45:44] [204/296] ANCN
[01:45:45] [205/296] MMCJ
[01:45:46] [206/296] DCAK
[01:45:47] [207/296] SCKG
[01:45:48] [208/296] LMCK
[01:45:49] [209/296] CKKX
[01:45:50] [210/296] ANKU
[01:45:50] [211/296] CSMD
[01:45:51] [212/296] MKMP
[01:45:52] [213/296] SVBG
[01:45:53] [214/296] ROOP
[01:45:54] [215/296] GDMT
[01:45:54] [216/296] FPPF
[01:45:55] [217/296] SFUU
[01:45:56] [218/296] ANCB
[01:45:57] [219/296] SMMC
[01:45:58] [220/296] UGKT
[01:45:58] [221/296] JVRM
[01:45:59] [222/296] BATG
[01:46:00] [223/296] RATE
[01:46:01] [224/296] SKME
[01:46:02] [225/296] LMTP
[01:46:02] [226/296] TCBD
[01:46:03] [227/296] ESBD
[01:46:04] [228/296] GDCU
[01:46:05] [229/296] SNKT
[01:46:06] [230/296] SRNK
[01:46:07] [231/296] SMED
[01:46:07] [232/296] CSQS
[01:46:08] [233/296] ALCS
[01:46:09] [234/296] KCKN
[01:46:10] [235/296] VCCL
[01:46:11] [236/296] MCDA
[01:46:12] [237/296] SHMI
[01:46:13] [238/296] SKHA
[01:46:13] [239/296] SVFK
[01:46:14] [240/296] INVB
[01:46:16] [241/296] MELD
[01:46:17] [242/296] JTYS
[01:46:18] [243/296] INCM
[01:46:19] [244/296] MCDV
[01:46:19] [245/296] KSGK
[01:46:20] [246/296] ICMG
[01:46:21] [247/296] CSCV
[01:46:22] [248/296] STMD
[01:46:23] [249/296] STTR
[01:46:24] [250/296] INVC
[01:46:24] [251/296] JTBL
[01:46:25] [252/296] SRVV
[01:46:26] [253/296] MAVC
[01:46:27] [254/296] SRPP
[01:46:28] [255/296] JGDM
[01:46:29] [256/296] MBSJ
[01:46:29] [257/296] SSLL
[01:46:30] [258/296] SLKP
[01:46:31] [259/296] NSRV
[01:46:32] [260/296] UTDV
[01:46:33] [261/296] KICM
[01:46:34] [262/296] KCMD
[01:46:35] [263/296] TTPP
[01:46:36] [264/296] KMPV
[01:46:36] [265/296] SKTV
[01:46:37] [266/296] STCV
[01:46:38] [267/296] SRDA
[01:46:39] [268/296] JTSX
[01:46:41] [269/296] STBV
[01:46:42] [270/296] APVZ
[01:46:43] [271/296] GSTV
[01:46:43] [272/296] NMVS
[01:46:44] [273/296] SKRT
[01:46:45] [274/296] RMDV
[01:46:46] [275/296] RATG
[01:46:47] [276/296] SJYV
[01:46:48] [277/296] NDGP
[01:46:49] [278/296] SNDG
[01:46:49] [279/296] INSR
[01:46:50] [280/296] INSO
[01:46:51] [281/296] CCSI
[01:46:52] [282/296] RASM
[01:46:52] [283/296] NEWC
[01:46:53] [284/296] VSHL
[01:46:54] [285/296] BISW
[01:46:55] [286/296] GCNG
[01:46:56] [287/296] CWSC
[01:46:56] [288/296] SKAN
[01:46:57] [289/296] SEHP
[01:46:58] [290/296] CCOA
[01:46:58] [291/296] MCAJ
[01:46:59] [292/296] ACDE
[01:47:00] [293/296] AACM
[01:47:01] [294/296] JJCK
[01:47:02] [295/296] RCMO
[01:47:02] [296/296] GDAW
[01:47:03] ✅ DONE | Shows=0 | Movies=0
[02:39:25] 🚀 BMS DAILY TRACKER STARTED
[02:39:25] [1/296] CDCA
[02:39:25] 🧠 New identity
[02:39:26] [2/296] MNSR
[02:39:27] [3/296] CSSL
[02:39:29] [4/296] BGGM
[02:39:30] [5/296] MANT
[02:39:31] [6/296] SOOY
[02:39:32] [7/296] VPPK
[02:39:33] [8/296] MYHJ
[02:39:33] [9/296] KSCK
[02:39:34] [10/296] KATK
[02:39:35] [11/296] RTRT
[02:39:36] [12/296] SSTT
[02:39:36] [13/296] SSTV
[02:39:37] [14/296] LACM
[02:39:38] [15/296] SGMG
[02:39:39] [16/296] KACX
[02:39:40] [17/296] GVCP
[02:39:41] [18/296] CSNC
[02:39:41] [19/296] SXCB
[02:39:42] [20/296] BAHS
[02:39:43] [21/296] PCBI
[02:39:44] [22/296] PSSM
[02:39:45] [23/296] RCOK
[02:39:46] [24/296] SCPF
[02:39:47] [25/296] SSAS
[02:39:48] [26/296] EVMM
[02:39:49] [27/296] SYCB
[02:39:51] [28/296] GCKI
[02:39:52] [29/296] IAET
[02:39:52] [30/296] DDTD
[02:39:53] [31/296] GMDH
[02:39:54] [32/296] STLE
[02:39:56] [33/296] JTRA
[02:39:57] [34/296] RPPA
[02:39:58] [35/296] ARUT
[02:39:59] [36/296] JTVM
[02:40:00] [37/296] SWRH
[02:40:01] [38/296] DCPC
[02:40:02] [39/296] RAPR
[02:40:03] [40/296] GCRT
[02:40:03] [41/296] ATUN
[02:40:04] [42/296] LTRM
[02:40:05] [43/296] TASR
[02:40:06] [44/296] RLLC
[02:40:07] [45/296] MABI
[02:40:08] [46/296] SVHB
[02:40:09] [47/296] NVTB
[02:40:10] [48/296] KCKG
[02:40:11] [49/296] SSRN
[02:40:11] [50/296] VDDC
[02:40:12] [51/296] GKTK
[02:40:13] [52/296] YFSN
[02:40:14] [53/296] GCSG
[02:40:15] [54/296] ESSM
[02:40:16] [55/296] KRIH
[02:40:17] [56/296] GCDS
[02:40:18] [57/296] CCSH
[02:40:19] [58/296] ACSK
[02:40:19] [59/296] APRK
[02:40:20] [60/296] ADKM
[02:40:21] [61/296] SRDM
[02:40:22] [62/296] RMOG
[02:40:23] [63/296] SJMY
[02:40:24] [64/296] PGGC
[02:40:25] [65/296] INGM
[02:40:25] [66/296] LSCB
[02:40:27] [67/296] STAD
[02:40:27] [68/296] MCCR
[02:40:28] [69/296] ABCC
[02:40:29] [70/296] RKCC
[02:40:30] [71/296] RTCR
[02:40:31] [72/296] GGBC
[02:40:32] [73/296] GCSD
[02:40:33] [74/296] LPTY
[02:40:34] [75/296] MCFD
[02:40:34] [76/296] HENN
[02:40:35] [77/296] SMKU
[02:40:37] [78/296] TNZC
[02:40:38] [79/296] DRCD
[02:40:38] [80/296] DLCD
[02:40:39] [81/296] RCDA
[02:40:40] [82/296] COSM
[02:40:41] [83/296] MCMJ
[02:40:42] [84/296] CSTR
[02:40:43] [85/296] CVDK
[02:40:44] [86/296] INRR
[02:40:45] [87/296] RJRT
[02:40:46] [88/296] IRMR
[02:40:47] [89/296] SRCF
[02:40:48] [90/296] GRCR
[02:40:48] [91/296] SURC
[02:40:49] [92/296] NMNH
[02:40:51] [93/296] SVBL
[02:40:52] [94/296] KACI
[02:40:53] [95/296] TDGO
[02:40:53] [96/296] KTBR
[02:40:54] [97/296] PMAD
[02:40:55] [98/296] CCPN
[02:40:56] [99/296] SBTK
[02:40:57] [100/296] LMDK
[02:40:58] [101/296] PGDA
[02:40:59] [102/296] SRML
[02:40:59] [103/296] EVCK
[02:41:00] [104/296] RTTK
[02:41:01] [105/296] SRTU
[02:41:02] [106/296] VRSA
[02:41:03] [107/296] VARS
[02:41:03] [108/296] DSCZ
[02:41:05] [109/296] GAGA
[02:41:06] [110/296] SARV
[02:41:07] [111/296] SEEG
[02:41:08] [112/296] GLCA
[02:41:09] [113/296] APAS
[02:41:10] [114/296] VCIA
[02:41:11] [115/296] SJTA
[02:41:12] [116/296] SABM
[02:41:14] [117/296] PPAG
[02:41:14] [118/296] RVCA
[02:41:15] [119/296] CCIA
[02:41:16] [120/296] HTAG
[02:41:18] [121/296] SMBI
[02:41:19] [122/296] MCJR
[02:41:20] [123/296] CCJR
[02:41:21] [124/296] SINF
[02:41:22] [125/296] CPLX
[02:41:24] [126/296] KKTJ
[02:41:25] [127/296] GDBW
[02:41:25] [128/296] CSUB
[02:41:26] [129/296] DABA
[02:41:27] [130/296] TITR
[02:41:28] [131/296] NYCR
[02:41:29] [132/296] RTRY
[02:41:30] [133/296] JTJL
[02:41:31] [134/296] SJCP
[02:41:32] [135/296] KCCA
[02:41:33] [136/296] MLPG
[02:41:34] [137/296] VRCK
[02:41:35] [138/296] SRIN
[02:41:36] [139/296] CXMK
[02:41:37] [140/296] SKAD
[02:41:38] [141/296] AVTR
[02:41:39] [142/296] PTAJ
[02:41:40] [143/296] SCNK
[02:41:41] [144/296] STTI
[02:41:42] [145/296] KACR
[02:41:43] [146/296] SSDX
[02:41:44] [147/296] VRTJ
[02:41:45] [148/296] RAJD
[02:41:46] [149/296] SCIP
[02:41:47] [150/296] RJSL
[02:41:47] [151/296] ARRS
[02:41:48] [152/296] ASMS
[02:41:49] [153/296] RDTS
[02:41:50] [154/296] DVMY
[02:41:51] [155/296] RASA
[02:41:52] [156/296] INOM
[02:41:53] [157/296] SPRS
[02:41:54] [158/296] SGCS
[02:41:55] [159/296] SALM
[02:41:56] [160/296] PKHC
[02:41:57] [161/296] RCSV
[02:41:57] [162/296] CPKC
[02:41:59] [163/296] AACD
[02:42:00] [164/296] GGCV
[02:42:00] [165/296] SMKD
[02:42:01] [166/296] NBCH
[02:42:02] [167/296] AMCB
[02:42:03] [168/296] OPCN
[02:42:03] [169/296] DCIN
[02:42:04] [170/296] INGW
[02:42:05] [171/296] PKKW
[02:42:06] [172/296] FNGW
[02:42:06] [173/296] GCGD
[02:42:07] [174/296] MSTW
[02:42:08] [175/296] KCCG
[02:42:09] [176/296] MRSS
[02:42:10] [177/296] CLCF
[02:42:11] [178/296] EETS
[02:42:12] [179/296] AATR
[02:42:12] [180/296] CMMN
[02:42:14] [181/296] SCCJ
[02:42:15] [182/296] CDTK
[02:42:15] [183/296] AICP
[02:42:16] [184/296] FNBP
[02:42:17] [185/296] CBPB
[02:42:18] [186/296] CPAS
[02:42:19] [187/296] MAPM
[02:42:20] [188/296] PASD
[02:42:20] [189/296] JCMN
[02:42:21] [190/296] MALB
[02:42:22] [191/296] SACG
[02:42:23] [192/296] DDRX
[02:42:24] [193/296] DDXB
[02:42:25] [194/296] RAMC
[02:42:26] [195/296] SANC
[02:42:27] [196/296] BCBP
[02:42:27] [197/296] ALPC
[02:42:28] [198/296] RBAC
[02:42:29] [199/296] RAJL
[02:42:30] [200/296] MPDX
[02:42:31] [201/296] MUSC
[02:42:32] [202/296] VKMK
[02:42:33] [203/296] SKCG
[02:42:34] [204/296] ANCN
[02:42:35] [205/296] MMCJ
[02:42:36] [206/296] DCAK
[02:42:36] [207/296] SCKG
[02:42:37] [208/296] LMCK
[02:42:38] [209/296] CKKX
[02:42:39] [210/296] ANKU
[02:42:39] [211/296] CSMD
[02:42:40] [212/296] MKMP
[02:42:41] [213/296] SVBG
[02:42:42] [214/296] ROOP
[02:42:43] [215/296] GDMT
[02:42:44] [216/296] FPPF
[02:42:44] [217/296] SFUU
[02:42:45] [218/296] ANCB
[02:42:47] [219/296] SMMC
[02:42:48] [220/296] UGKT
[02:42:48] [221/296] JVRM
[02:42:49] [222/296] BATG
[02:42:50] [223/296] RATE
[02:42:51] [224/296] SKME
[02:42:52] [225/296] LMTP
[02:42:53] [226/296] TCBD
[02:42:54] [227/296] ESBD
[02:42:55] [228/296] GDCU
[02:42:56] [229/296] SNKT
[02:42:57] [230/296] SRNK
[02:42:58] [231/296] SMED
[02:42:59] [232/296] CSQS
[02:42:59] [233/296] ALCS
[02:43:00] [234/296] KCKN
[02:43:01] [235/296] VCCL
[02:43:02] [236/296] MCDA
[02:43:03] [237/296] SHMI
[02:43:03] [238/296] SKHA
[02:43:04] [239/296] SVFK
[02:43:05] [240/296] INVB
[02:43:06] [241/296] MELD
[02:43:07] [242/296] JTYS
[02:43:07] [243/296] INCM
[02:43:08] [244/296] MCDV
[02:43:09] [245/296] KSGK
[02:43:10] [246/296] ICMG
[02:43:11] [247/296] CSCV
[02:43:12] [248/296] STMD
[02:43:13] [249/296] STTR
[02:43:13] [250/296] INVC
[02:43:14] [251/296] JTBL
[02:43:15] [252/296] SRVV
[02:43:17] [253/296] MAVC
[02:43:18] [254/296] SRPP
[02:43:18] [255/296] JGDM
[02:43:19] [256/296] MBSJ
[02:43:20] [257/296] SSLL
[02:43:21] [258/296] SLKP
[02:43:22] [259/296] NSRV
[02:43:22] [260/296] UTDV
[02:43:23] [261/296] KICM
[02:43:24] [262/296] KCMD
[02:43:26] [263/296] TTPP
[02:43:27] [264/296] KMPV
[02:43:27] [265/296] SKTV
[02:43:28] [266/296] STCV
[02:43:29] [267/296] SRDA
[02:43:30] [268/296] JTSX
[02:43:31] [269/296] STBV
[02:43:33] [270/296] APVZ
[02:43:33] [271/296] GSTV
[02:43:34] [272/296] NMVS
[02:43:35] [273/296] SKRT
[02:43:36] [274/296] RMDV
[02:43:37] [275/296] RATG
[02:43:38] [276/296] SJYV
[02:43:38] [277/296] NDGP
[02:43:39] [278/296] SNDG
[02:43:40] [279/296] INSR
[02:43:41] [280/296] INSO
[02:43:42] [281/296] CCSI
[02:43:43] [282/296] RASM
[02:43:44] [283/296] NEWC
[02:43:44] [284/296] VSHL
[02:43:45] [285/296] BISW
[02:43:46] [286/296] GCNG
[02:43:47] [287/296] CWSC
[02:43:48] [288/296] SKAN
[02:43:49] [289/296] SEHP
[02:43:50] [290/296] CCOA
[02:43:51] [291/296] MCAJ
[02:43:52] [292/296] ACDE
[02:43:53] [293/296] AACM
[02:43:54] [294/296] JJCK
[02:43:55] [295/296] RCMO
[02:43:56] [296/296] GDAW
[02:43:57] ✅ DONE | Shows=0 | Movies=0
