[00:38:40] 🚀 BMS DAILY TRACKER STARTED
[00:38:40] [1/459] MBDC
[00:38:40] 🧠 New identity
[00:38:41] [2/459] CHKM
[00:38:42] [3/459] JTKZ
[00:38:43] [4/459] CMCT
[00:38:44] [5/459] ASHO
[00:38:45] [6/459] ECDG
[00:38:46] [7/459] SPAT
[00:38:47] [8/459] HILC
[00:38:48] [9/459] SPPH
[00:38:50] [10/459] SBHN
[00:38:50] [11/459] RRCA
[00:38:51] [12/459] APAA
[00:38:52] [13/459] RAME
[00:38:54] [14/459] TMMS
[00:38:55] [15/459] BATK
[00:38:56] [16/459] LKOP
[00:38:57] [17/459] AMTT
[00:38:58] [18/459] PTGK
[00:38:58] [19/459] ANRS
[00:38:59] [20/459] VWBW
[00:39:00] [21/459] SVFG
[00:39:01] [22/459] STAT
[00:39:03] [23/459] GDCV
[00:39:03] [24/459] VEBI
[00:39:04] [25/459] VDSS
[00:39:05] [26/459] NTHV
[00:39:06] [27/459] AOCH
[00:39:07] [28/459] KASR
[00:39:07] [29/459] AYCS
[00:39:08] [30/459] SHAI
[00:39:09] [31/459] SKPE
[00:39:10] [32/459] SBTA
[00:39:11] [33/459] RTTD
[00:39:12] [34/459] CCJD
[00:39:13] [35/459] RSJJ
[00:39:14] [36/459] RKND
[00:39:15] [37/459] SVTX
[00:39:16] [38/459] BAKM
[00:39:17] [39/459] SVDC
[00:39:18] [40/459] MNCV
[00:39:19] [41/459] SJGC
[00:39:20] [42/459] MTPK
[00:39:21] [43/459] GATP
[00:39:22] [44/459] ABTS
[00:39:22] [45/459] ABDE
[00:39:24] [46/459] RCNM
[00:39:25] [47/459] KTHV
[00:39:26] [48/459] MDGJ
[00:39:27] [49/459] SMLM
[00:39:28] [50/459] JTMA
[00:39:28] [51/459] ACKP
[00:39:29] [52/459] SRTA
[00:39:30] [53/459] STAY
[00:39:31] [54/459] MAVO
[00:39:31] [55/459] APTS
[00:39:32] [56/459] OMEA
[00:39:33] [57/459] TTFD
[00:39:34] [58/459] MJCU
[00:39:35] [59/459] CXTE
[00:39:36] [60/459] CTPX
[00:39:36] [61/459] ASSL
[00:39:37] [62/459] CMVB
[00:39:38] [63/459] VPUR
[00:39:39] [64/459] JJDA
[00:39:40] [65/459] INBL
[00:39:41] [66/459] BIKB
[00:39:42] [67/459] NTBB
[00:39:43] [68/459] GLOB
[00:39:44] [69/459] SNTB
[00:39:44] [70/459] CHGV
[00:39:45] [71/459] SSBZ
[00:39:46] [72/459] PRDB
[00:39:47] [73/459] ISMT
[00:39:48] [74/459] MCSD
[00:39:49] [75/459] JBTT
[00:39:50] [76/459] GEKR
[00:39:51] [77/459] PVUN
[00:39:52] [78/459] NRTB
[00:39:53] [79/459] PRAA
[00:39:54] [80/459] PCBL
[00:39:55] [81/459] PTCM
[00:39:56] [82/459] KHNN
[00:39:57] [83/459] OMJE
[00:39:57] [84/459] STGN
[00:39:58] [85/459] RPMS
[00:39:59] [86/459] NWAD
[00:40:01] [87/459] BLCK
[00:40:02] [88/459] SVAA
[00:40:03] [89/459] URVM
[00:40:04] [90/459] ANTM
[00:40:04] [91/459] VJYM
[00:40:05] [92/459] MAZZ
[00:40:06] [93/459] CSHM
[00:40:07] [94/459] WGMH
[00:40:08] [95/459] SALN
[00:40:09] [96/459] BRTP
[00:40:10] [97/459] SVTA
[00:40:11] [98/459] SBTP
[00:40:12] [99/459] VLSS
[00:40:13] [100/459] SRJA
[00:40:14] [101/459] ANCG
[00:40:15] [102/459] CGGC
[00:40:16] [103/459] CRJA
[00:40:17] [104/459] USCR
[00:40:18] [105/459] MMEF
[00:40:19] [106/459] JCRJ
[00:40:19] [107/459] ADCM
[00:40:20] [108/459] BMYK
[00:40:22] [109/459] KICS
[00:40:23] [110/459] MBBT
[00:40:24] [111/459] MACK
[00:40:25] [112/459] CLDR
[00:40:25] [113/459] JYCR
[00:40:26] [114/459] DCRP
[00:40:27] [115/459] RAHT
[00:40:28] [116/459] CSSM
[00:40:29] [117/459] ATPK
[00:40:30] [118/459] KLRT
[00:40:31] [119/459] SRDD
[00:40:32] [120/459] CKMC
[00:40:32] [121/459] KRVM
[00:40:33] [122/459] AKCP
[00:40:34] [123/459] CNCV
[00:40:35] [124/459] PACT
[00:40:36] [125/459] NATP
[00:40:37] [126/459] PCPK
[00:40:38] [127/459] SMHO
[00:40:39] [128/459] CWTK
[00:40:39] [129/459] RVKZ
[00:40:40] [130/459] ASPD
[00:40:41] [131/459] VTKZ
[00:40:42] [132/459] LCSO
[00:40:43] [133/459] PRDY
[00:40:44] [134/459] RCAP
[00:40:45] [135/459] RGAR
[00:40:45] [136/459] RCAC
[00:40:47] [137/459] PMOD
[00:40:48] [138/459] PVCN
[00:40:49] [139/459] SCRZ
[00:40:50] [140/459] PVPC
[00:40:50] [141/459] STID
[00:40:51] [142/459] NEDD
[00:40:52] [143/459] BNBA
[00:40:53] [144/459] NTCD
[00:40:55] [145/459] OCDE
[00:40:55] [146/459] CCDU
[00:40:57] [147/459] CRXH
[00:40:58] [148/459] VLVT
[00:40:59] [149/459] CICI
[00:41:00] [150/459] SUCB
[00:41:01] [151/459] TCBP
[00:41:02] [152/459] SCCY
[00:41:03] [153/459] LXCY
[00:41:04] [154/459] NCMD
[00:41:05] [155/459] PHCS
[00:41:06] [156/459] DUXR
[00:41:07] [157/459] VNKS
[00:41:08] [158/459] SEDP
[00:41:09] [159/459] SVEN
[00:41:10] [160/459] SRKM
[00:41:10] [161/459] JTLT
[00:41:11] [162/459] SVSS
[00:41:12] [163/459] AMDE
[00:41:13] [164/459] WVRN
[00:41:14] [165/459] ISMG
[00:41:15] [166/459] WVKS
[00:41:15] [167/459] USCG
[00:41:16] [168/459] IOTG
[00:41:17] [169/459] RRJM
[00:41:18] [170/459] EDMP
[00:41:18] [171/459] SCGZ
[00:41:19] [172/459] GMGX
[00:41:20] [173/459] OMTP
[00:41:21] [174/459] MITD
[00:41:22] [175/459] SMMD
[00:41:22] [176/459] STML
[00:41:23] [177/459] MCFS
[00:41:24] [178/459] FPKA
[00:41:25] [179/459] OMLR
[00:41:26] [180/459] KKSC
[00:41:27] [181/459] RVMA
[00:41:28] [182/459] SCLL
[00:41:29] [183/459] SCDK
[00:41:30] [184/459] SXMI
[00:41:30] [185/459] SHDN
[00:41:31] [186/459] PAAD
[00:41:32] [187/459] UUCB
[00:41:33] [188/459] JHOL
[00:41:33] [189/459] SGWT
[00:41:34] [190/459] SRII
[00:41:36] [191/459] SGCK
[00:41:37] [192/459] SVVB
[00:41:37] [193/459] DMHA
[00:41:38] [194/459] PPNL
[00:41:39] [195/459] CPNL
[00:41:40] [196/459] WVLD
[00:41:41] [197/459] PSLV
[00:41:42] [198/459] VTTL
[00:41:42] [199/459] NPAD
[00:41:43] [200/459] PVCS
[00:41:44] [201/459] MCHL
[00:41:45] [202/459] PPLL
[00:41:46] [203/459] MALO
[00:41:47] [204/459] SWBH
[00:41:48] [205/459] PUGB
[00:41:49] [206/459] INBB
[00:41:50] [207/459] INNS
[00:41:50] [208/459] MCPT
[00:41:52] [209/459] SCMI
[00:41:53] [210/459] OCON
[00:41:54] [211/459] SCSM
[00:41:54] [212/459] RJVN
[00:41:55] [213/459] AMDK
[00:41:56] [214/459] ISMR
[00:41:57] [215/459] SMTD
[00:41:58] [216/459] VTDD
[00:41:58] [217/459] PDDZ
[00:41:59] [218/459] PCCK
[00:42:00] [219/459] INAM
[00:42:01] [220/459] FNKT
[00:42:02] [221/459] GDKA
[00:42:03] [222/459] MAYU
[00:42:03] [223/459] TCGU
[00:42:04] [224/459] KDCA
[00:42:05] [225/459] DOMY
[00:42:06] [226/459] PDDD
[00:42:07] [227/459] BJTS
[00:42:07] [228/459] VTCA
[00:42:08] [229/459] SBTM
[00:42:09] [230/459] SEET
[00:42:10] [231/459] SSTJ
[00:42:11] [232/459] SVNT
[00:42:12] [233/459] PPPR
[00:42:12] [234/459] PVYS
[00:42:14] [235/459] IOSE
[00:42:15] [236/459] ACTV
[00:42:15] [237/459] APVE
[00:42:16] [238/459] TCCL
[00:42:17] [239/459] SCMO
[00:42:18] [240/459] SAUM
[00:42:19] [241/459] KCJS
[00:42:20] [242/459] NJCJ
[00:42:21] [243/459] NECF
[00:42:22] [244/459] CCGW
[00:42:23] [245/459] CCMG
[00:42:24] [246/459] NYRG
[00:42:24] [247/459] NCSQ
[00:42:25] [248/459] GRCG
[00:42:26] [249/459] CCBT
[00:42:27] [250/459] ACGA
[00:42:28] [251/459] INAG
[00:42:29] [252/459] FUCG
[00:42:29] [253/459] AICF
[00:42:30] [254/459] GRGA
[00:42:31] [255/459] GDCN
[00:42:32] [256/459] RRCG
[00:42:33] [257/459] SDCH
[00:42:34] [258/459] WVJM
[00:42:35] [259/459] JCCZ
[00:42:35] [260/459] CNCL
[00:42:36] [261/459] TMLV
[00:42:37] [262/459] MEMB
[00:42:38] [263/459] SGTD
[00:42:39] [264/459] CONX
[00:42:40] [265/459] CCMH
[00:42:40] [266/459] ACMC
[00:42:42] [267/459] DTPD
[00:42:43] [268/459] POJA
[00:42:43] [269/459] FNBH
[00:42:44] [270/459] CGCB
[00:42:45] [271/459] RACN
[00:42:46] [272/459] JTSM
[00:42:47] [273/459] SCDN
[00:42:48] [274/459] AACK
[00:42:48] [275/459] RMCE
[00:42:49] [276/459] BSGB
[00:42:50] [277/459] MRCB
[00:42:51] [278/459] SRVR
[00:42:52] [279/459] VTKK
[00:42:53] [280/459] AMST
[00:42:54] [281/459] APCY
[00:42:55] [282/459] LMHO
[00:42:56] [283/459] MTZH
[00:42:57] [284/459] AMZB
[00:42:57] [285/459] SUVT
[00:42:58] [286/459] RCIP
[00:42:59] [287/459] KESR
[00:43:00] [288/459] SNKC
[00:43:01] [289/459] SCED
[00:43:02] [290/459] DVCA
[00:43:03] [291/459] VCDT
[00:43:04] [292/459] RRDI
[00:43:04] [293/459] DFCH
[00:43:05] [294/459] INSC
[00:43:06] [295/459] RGTR
[00:43:07] [296/459] FMOT
[00:43:08] [297/459] SCPM
[00:43:09] [298/459] GCDT
[00:43:10] [299/459] BRKT
[00:43:10] [300/459] DEMP
[00:43:11] [301/459] SRLC
[00:43:12] [302/459] KSTT
[00:43:13] [303/459] SMMT
[00:43:14] [304/459] SILM
[00:43:15] [305/459] JCVM
[00:43:16] [306/459] KCSV
[00:43:17] [307/459] MHLK
[00:43:17] [308/459] SLVL
[00:43:18] [309/459] RJKP
[00:43:19] [310/459] BBPC
[00:43:20] [311/459] MXCB
[00:43:21] [312/459] TCPK
[00:43:22] [313/459] RTBR
[00:43:22] [314/459] GAUT
[00:43:23] [315/459] DVCF
[00:43:24] [316/459] JTSB
[00:43:25] [317/459] SBLS
[00:43:26] [318/459] UDAY
[00:43:27] [319/459] PTNP
[00:43:28] [320/459] DMKT
[00:43:28] [321/459] NTDT
[00:43:29] [322/459] SHDJ
[00:43:30] [323/459] OTNC
[00:43:31] [324/459] RNTW
[00:43:32] [325/459] GCMI
[00:43:32] [326/459] CRCM
[00:43:33] [327/459] NNCZ
[00:43:34] [328/459] OEMO
[00:43:35] [329/459] PVJM
[00:43:36] [330/459] CPJI
[00:43:38] [331/459] RMCJ
[00:43:38] [332/459] CNWJ
[00:43:38] [333/459] EPJM
[00:43:39] [334/459] FNJJ
[00:43:40] [335/459] GCMJ
[00:43:41] [336/459] INPS
[00:43:42] [337/459] BICJ
[00:43:43] [338/459] ISTJ
[00:43:44] [339/459] INJC
[00:43:45] [340/459] GLXJ
[00:43:46] [341/459] INEM
[00:43:47] [342/459] JTMN
[00:43:48] [343/459] FRCJ
[00:43:49] [344/459] DDJP
[00:43:49] [345/459] INJV
[00:43:50] [346/459] GOLC
[00:43:51] [347/459] KOCI
[00:43:52] [348/459] FSTD
[00:43:53] [349/459] PACJ
[00:43:54] [350/459] GMCN
[00:43:55] [351/459] MMDJ
[00:43:56] [352/459] GODH
[00:43:57] [353/459] SKYN
[00:43:58] [354/459] NCTH
[00:43:59] [355/459] SKVZ
[00:43:59] [356/459] SVML
[00:44:00] [357/459] ACVZ
[00:44:01] [358/459] SURA
[00:44:01] [359/459] RTRB
[00:44:02] [360/459] LLCT
[00:44:03] [361/459] ATTS
[00:44:04] [362/459] JYCM
[00:44:05] [363/459] CTKR
[00:44:06] [364/459] LCKR
[00:44:07] [365/459] NYCV
[00:44:07] [366/459] NYOH
[00:44:08] [367/459] NOVX
[00:44:09] [368/459] MRGK
[00:44:10] [369/459] MOON
[00:44:11] [370/459] SBUC
[00:44:12] [371/459] GSVA
[00:44:13] [372/459] VIAK
[00:44:14] [373/459] SMVZ
[00:44:15] [374/459] MATE
[00:44:15] [375/459] RDCN
[00:44:16] [376/459] ASBL
[00:44:17] [377/459] ASVS
[00:44:18] [378/459] ASSR
[00:44:18] [379/459] SSKN
[00:44:19] [380/459] DRPV
[00:44:20] [381/459] MRHT
[00:44:21] [382/459] BSCN
[00:44:22] [383/459] RKNX
[00:44:23] [384/459] MSMC
[00:44:24] [385/459] MSCJ
[00:44:25] [386/459] BTBJ
[00:44:25] [387/459] MJCC
[00:44:26] [388/459] IOMM
[00:44:27] [389/459] ADGR
[00:44:28] [390/459] MYCP
[00:44:29] [391/459] IGCM
[00:44:30] [392/459] PGRK
[00:44:30] [393/459] VPGO
[00:44:31] [394/459] KOMS
[00:44:32] [395/459] URGG
[00:44:32] [396/459] GOST
[00:44:33] [397/459] LACT
[00:44:34] [398/459] BWCM
[00:44:35] [399/459] NCCW
[00:44:36] [400/459] SKYC
[00:44:37] [401/459] CCPM
[00:44:38] [402/459] VCBT
[00:44:38] [403/459] SDKR
[00:44:39] [404/459] CTYB
[00:44:40] [405/459] SHCX
[00:44:41] [406/459] RCUN
[00:44:42] [407/459] CNRA
[00:44:43] [408/459] RFCA
[00:44:44] [409/459] RDCU
[00:44:44] [410/459] SARK
[00:44:45] [411/459] SPPP
[00:44:46] [412/459] ADMB
[00:44:47] [413/459] JYOE
[00:44:48] [414/459] SRMD
[00:44:48] [415/459] RJDH
[00:44:49] [416/459] SSTD
[00:44:50] [417/459] AACV
[00:44:51] [418/459] PPVD
[00:44:52] [419/459] STCP
[00:44:53] [420/459] ANJR
[00:44:53] [421/459] ANLS
[00:44:54] [422/459] BIJO
[00:44:55] [423/459] AVAB
[00:44:55] [424/459] SPMD
[00:44:56] [425/459] SVJL
[00:44:57] [426/459] SDDJ
[00:44:58] [427/459] SLTU
[00:44:58] [428/459] SAKA
[00:44:59] [429/459] PMAM
[00:45:00] [430/459] FNAM
[00:45:01] [431/459] ACAM
[00:45:02] [432/459] SCMM
[00:45:03] [433/459] PMAK
[00:45:04] [434/459] NYSA
[00:45:05] [435/459] FCPA
[00:45:05] [436/459] GDAN
[00:45:06] [437/459] RSCA
[00:45:07] [438/459] DMAN
[00:45:08] [439/459] DZCM
[00:45:08] [440/459] NSGL
[00:45:10] [441/459] CCPP
[00:45:10] [442/459] PSMG
[00:45:11] [443/459] GSER
[00:45:12] [444/459] FCCT
[00:45:13] [445/459] FCTB
[00:45:14] [446/459] LCNK
[00:45:15] [447/459] SKTY
[00:45:16] [448/459] INAA
[00:45:16] [449/459] RCWN
[00:45:17] [450/459] VAIS
[00:45:18] [451/459] CVMN
[00:45:19] [452/459] INTS
[00:45:19] [453/459] FRGS
[00:45:20] [454/459] DTCK
[00:45:21] [455/459] MCMH
[00:45:22] [456/459] ECRR
[00:45:23] [457/459] RLLP
[00:45:23] [458/459] CCSN
[00:45:24] [459/459] CCBA
[00:45:26] ✅ DONE | Shows=0 | Movies=0
