[00:38:38] 🚀 BMS DAILY TRACKER STARTED
[00:38:38] [1/296] CDCA
[00:38:38] 🧠 New identity
[00:38:40] [2/296] MNSR
[00:38:40] [3/296] CSSL
[00:38:41] [4/296] BGGM
[00:38:42] [5/296] MANT
[00:38:43] [6/296] SOOY
[00:38:44] [7/296] VPPK
[00:38:45] [8/296] MYHJ
[00:38:46] [9/296] KSCK
[00:38:47] [10/296] KATK
[00:38:48] [11/296] RTRT
[00:38:48] [12/296] SSTT
[00:38:49] [13/296] SSTV
[00:38:50] [14/296] LACM
[00:38:51] [15/296] SGMG
[00:38:52] [16/296] KACX
[00:38:54] [17/296] GVCP
[00:38:54] [18/296] CSNC
[00:38:55] [19/296] SXCB
[00:38:56] [20/296] BAHS
[00:38:57] [21/296] PCBI
[00:38:57] [22/296] PSSM
[00:38:58] [23/296] RCOK
[00:38:59] [24/296] SCPF
[00:39:00] [25/296] SSAS
[00:39:02] [26/296] EVMM
[00:39:03] [27/296] SYCB
[00:39:04] [28/296] GCKI
[00:39:05] [29/296] IAET
[00:39:06] [30/296] DDTD
[00:39:06] [31/296] GMDH
[00:39:07] [32/296] STLE
[00:39:09] [33/296] JTRA
[00:39:10] [34/296] RPPA
[00:39:10] [35/296] ARUT
[00:39:12] [36/296] JTVM
[00:39:13] [37/296] SWRH
[00:39:14] [38/296] DCPC
[00:39:15] [39/296] RAPR
[00:39:17] [40/296] GCRT
[00:39:17] [41/296] ATUN
[00:39:18] [42/296] LTRM
[00:39:19] [43/296] TASR
[00:39:20] [44/296] RLLC
[00:39:21] [45/296] MABI
[00:39:21] [46/296] SVHB
[00:39:22] [47/296] NVTB
[00:39:24] [48/296] KCKG
[00:39:25] [49/296] SSRN
[00:39:26] [50/296] VDDC
[00:39:27] [51/296] GKTK
[00:39:28] [52/296] YFSN
[00:39:28] [53/296] GCSG
[00:39:30] [54/296] ESSM
[00:39:31] [55/296] KRIH
[00:39:32] [56/296] GCDS
[00:39:33] [57/296] CCSH
[00:39:34] [58/296] ACSK
[00:39:35] [59/296] APRK
[00:39:36] [60/296] ADKM
[00:39:37] [61/296] SRDM
[00:39:37] [62/296] RMOG
[00:39:38] [63/296] SJMY
[00:39:39] [64/296] PGGC
[00:39:40] [65/296] INGM
[00:39:41] [66/296] LSCB
[00:39:42] [67/296] STAD
[00:39:43] [68/296] MCCR
[00:39:43] [69/296] ABCC
[00:39:44] [70/296] RKCC
[00:39:45] [71/296] RTCR
[00:39:46] [72/296] GGBC
[00:39:47] [73/296] GCSD
[00:39:48] [74/296] LPTY
[00:39:49] [75/296] MCFD
[00:39:50] [76/296] HENN
[00:39:50] [77/296] SMKU
[00:39:51] [78/296] TNZC
[00:39:53] [79/296] DRCD
[00:39:54] [80/296] DLCD
[00:39:55] [81/296] RCDA
[00:39:56] [82/296] COSM
[00:39:56] [83/296] MCMJ
[00:39:57] [84/296] CSTR
[00:39:58] [85/296] CVDK
[00:40:00] [86/296] INRR
[00:40:01] [87/296] RJRT
[00:40:02] [88/296] IRMR
[00:40:02] [89/296] SRCF
[00:40:03] [90/296] GRCR
[00:40:04] [91/296] SURC
[00:40:05] [92/296] NMNH
[00:40:06] [93/296] SVBL
[00:40:07] [94/296] KACI
[00:40:07] [95/296] TDGO
[00:40:09] [96/296] KTBR
[00:40:10] [97/296] PMAD
[00:40:11] [98/296] CCPN
[00:40:12] [99/296] SBTK
[00:40:12] [100/296] LMDK
[00:40:13] [101/296] PGDA
[00:40:14] [102/296] SRML
[00:40:15] [103/296] EVCK
[00:40:16] [104/296] RTTK
[00:40:17] [105/296] SRTU
[00:40:18] [106/296] VRSA
[00:40:18] [107/296] VARS
[00:40:19] [108/296] DSCZ
[00:40:20] [109/296] GAGA
[00:40:21] [110/296] SARV
[00:40:22] [111/296] SEEG
[00:40:23] [112/296] GLCA
[00:40:24] [113/296] APAS
[00:40:25] [114/296] VCIA
[00:40:26] [115/296] SJTA
[00:40:27] [116/296] SABM
[00:40:28] [117/296] PPAG
[00:40:28] [118/296] RVCA
[00:40:29] [119/296] CCIA
[00:40:30] [120/296] HTAG
[00:40:31] [121/296] SMBI
[00:40:32] [122/296] MCJR
[00:40:34] [123/296] CCJR
[00:40:34] [124/296] SINF
[00:40:35] [125/296] CPLX
[00:40:36] [126/296] KKTJ
[00:40:37] [127/296] GDBW
[00:40:38] [128/296] CSUB
[00:40:39] [129/296] DABA
[00:40:40] [130/296] TITR
[00:40:41] [131/296] NYCR
[00:40:41] [132/296] RTRY
[00:40:42] [133/296] JTJL
[00:40:43] [134/296] SJCP
[00:40:44] [135/296] KCCA
[00:40:45] [136/296] MLPG
[00:40:46] [137/296] VRCK
[00:40:46] [138/296] SRIN
[00:40:47] [139/296] CXMK
[00:40:48] [140/296] SKAD
[00:40:49] [141/296] AVTR
[00:40:50] [142/296] PTAJ
[00:40:51] [143/296] SCNK
[00:40:51] [144/296] STTI
[00:40:52] [145/296] KACR
[00:40:53] [146/296] SSDX
[00:40:54] [147/296] VRTJ
[00:40:55] [148/296] RAJD
[00:40:56] [149/296] SCIP
[00:40:57] [150/296] RJSL
[00:40:58] [151/296] ARRS
[00:40:59] [152/296] ASMS
[00:41:00] [153/296] RDTS
[00:41:01] [154/296] DVMY
[00:41:02] [155/296] RASA
[00:41:03] [156/296] INOM
[00:41:04] [157/296] SPRS
[00:41:04] [158/296] SGCS
[00:41:05] [159/296] SALM
[00:41:06] [160/296] PKHC
[00:41:08] [161/296] RCSV
[00:41:09] [162/296] CPKC
[00:41:10] [163/296] AACD
[00:41:10] [164/296] GGCV
[00:41:11] [165/296] SMKD
[00:41:12] [166/296] NBCH
[00:41:13] [167/296] AMCB
[00:41:14] [168/296] OPCN
[00:41:14] [169/296] DCIN
[00:41:15] [170/296] INGW
[00:41:17] [171/296] PKKW
[00:41:18] [172/296] FNGW
[00:41:19] [173/296] GCGD
[00:41:20] [174/296] MSTW
[00:41:21] [175/296] KCCG
[00:41:22] [176/296] MRSS
[00:41:23] [177/296] CLCF
[00:41:24] [178/296] EETS
[00:41:25] [179/296] AATR
[00:41:26] [180/296] CMMN
[00:41:27] [181/296] SCCJ
[00:41:28] [182/296] CDTK
[00:41:29] [183/296] AICP
[00:41:30] [184/296] FNBP
[00:41:31] [185/296] CBPB
[00:41:32] [186/296] CPAS
[00:41:34] [187/296] MAPM
[00:41:35] [188/296] PASD
[00:41:35] [189/296] JCMN
[00:41:36] [190/296] MALB
[00:41:37] [191/296] SACG
[00:41:38] [192/296] DDRX
[00:41:39] [193/296] DDXB
[00:41:39] [194/296] RAMC
[00:41:40] [195/296] SANC
[00:41:41] [196/296] BCBP
[00:41:42] [197/296] ALPC
[00:41:44] [198/296] RBAC
[00:41:45] [199/296] RAJL
[00:41:46] [200/296] MPDX
[00:41:46] [201/296] MUSC
[00:41:47] [202/296] VKMK
[00:41:49] [203/296] SKCG
[00:41:49] [204/296] ANCN
[00:41:51] [205/296] MMCJ
[00:41:52] [206/296] DCAK
[00:41:53] [207/296] SCKG
[00:41:54] [208/296] LMCK
[00:41:55] [209/296] CKKX
[00:41:56] [210/296] ANKU
[00:41:56] [211/296] CSMD
[00:41:57] [212/296] MKMP
[00:41:58] [213/296] SVBG
[00:41:59] [214/296] ROOP
[00:42:00] [215/296] GDMT
[00:42:00] [216/296] FPPF
[00:42:01] [217/296] SFUU
[00:42:02] [218/296] ANCB
[00:42:03] [219/296] SMMC
[00:42:04] [220/296] UGKT
[00:42:04] [221/296] JVRM
[00:42:05] [222/296] BATG
[00:42:06] [223/296] RATE
[00:42:07] [224/296] SKME
[00:42:08] [225/296] LMTP
[00:42:09] [226/296] TCBD
[00:42:09] [227/296] ESBD
[00:42:10] [228/296] GDCU
[00:42:11] [229/296] SNKT
[00:42:12] [230/296] SRNK
[00:42:13] [231/296] SMED
[00:42:13] [232/296] CSQS
[00:42:14] [233/296] ALCS
[00:42:15] [234/296] KCKN
[00:42:16] [235/296] VCCL
[00:42:16] [236/296] MCDA
[00:42:17] [237/296] SHMI
[00:42:18] [238/296] SKHA
[00:42:19] [239/296] SVFK
[00:42:20] [240/296] INVB
[00:42:21] [241/296] MELD
[00:42:22] [242/296] JTYS
[00:42:23] [243/296] INCM
[00:42:24] [244/296] MCDV
[00:42:25] [245/296] KSGK
[00:42:25] [246/296] ICMG
[00:42:26] [247/296] CSCV
[00:42:27] [248/296] STMD
[00:42:28] [249/296] STTR
[00:42:28] [250/296] INVC
[00:42:30] [251/296] JTBL
[00:42:31] [252/296] SRVV
[00:42:32] [253/296] MAVC
[00:42:33] [254/296] SRPP
[00:42:33] [255/296] JGDM
[00:42:34] [256/296] MBSJ
[00:42:35] [257/296] SSLL
[00:42:35] [258/296] SLKP
[00:42:36] [259/296] NSRV
[00:42:37] [260/296] UTDV
[00:42:38] [261/296] KICM
[00:42:39] [262/296] KCMD
[00:42:40] [263/296] TTPP
[00:42:41] [264/296] KMPV
[00:42:42] [265/296] SKTV
[00:42:43] [266/296] STCV
[00:42:43] [267/296] SRDA
[00:42:44] [268/296] JTSX
[00:42:46] [269/296] STBV
[00:42:47] [270/296] APVZ
[00:42:47] [271/296] GSTV
[00:42:48] [272/296] NMVS
[00:42:49] [273/296] SKRT
[00:42:50] [274/296] RMDV
[00:42:51] [275/296] RATG
[00:42:51] [276/296] SJYV
[00:42:52] [277/296] NDGP
[00:42:53] [278/296] SNDG
[00:42:54] [279/296] INSR
[00:42:55] [280/296] INSO
[00:42:56] [281/296] CCSI
[00:42:56] [282/296] RASM
[00:42:57] [283/296] NEWC
[00:42:58] [284/296] VSHL
[00:42:59] [285/296] BISW
[00:43:00] [286/296] GCNG
[00:43:01] [287/296] CWSC
[00:43:02] [288/296] SKAN
[00:43:03] [289/296] SEHP
[00:43:04] [290/296] CCOA
[00:43:05] [291/296] MCAJ
[00:43:06] [292/296] ACDE
[00:43:07] [293/296] AACM
[00:43:07] [294/296] JJCK
[00:43:08] [295/296] RCMO
[00:43:09] [296/296] GDAW
[00:43:10] ✅ DONE | Shows=0 | Movies=0
