[00:38:41] 🚀 BMS DAILY TRACKER STARTED
[00:38:41] [1/324] GCTA
[00:38:41] 🧠 New identity
[00:38:42] [2/324] TOPN
[00:38:43] [3/324] MCUS
[00:38:44] [4/324] SHRL
[00:38:45] [5/324] UPTP
[00:38:46] [6/324] TMMP
[00:38:47] [7/324] DNRP
[00:38:48] [8/324] SRLT
[00:38:49] [9/324] RCNS
[00:38:49] [10/324] DCBH
[00:38:50] [11/324] NAGJ
[00:38:51] [12/324] JVRC
[00:38:52] [13/324] KRJG
[00:38:53] [14/324] SRTJ
[00:38:54] [15/324] CMXM
[00:38:55] [16/324] STMI
[00:38:56] [17/324] SLST
[00:38:57] [18/324] DTCN
[00:38:58] [19/324] STYN
[00:38:59] [20/324] SZVR
[00:39:00] [21/324] SRKO
[00:39:01] [22/324] JTGT
[00:39:02] [23/324] SVFD
[00:39:03] [24/324] SISD
[00:39:04] [25/324] ABDD
[00:39:04] [26/324] DRCA
[00:39:05] [27/324] AVCS
[00:39:06] [28/324] MVKH
[00:39:07] [29/324] ACPR
[00:39:08] [30/324] STIP
[00:39:09] [31/324] MTRA
[00:39:10] [32/324] RMKH
[00:39:11] [33/324] NKRL
[00:39:11] [34/324] PCWN
[00:39:12] [35/324] BLMT
[00:39:13] [36/324] GDPG
[00:39:14] [37/324] SRMX
[00:39:14] [38/324] JACP
[00:39:15] [39/324] CPSH
[00:39:16] [40/324] MCCD
[00:39:17] [41/324] ECGH
[00:39:18] [42/324] MKCK
[00:39:19] [43/324] SRMM
[00:39:20] [44/324] SKYR
[00:39:21] [45/324] PCKC
[00:39:22] [46/324] JCMA
[00:39:23] [47/324] BSMP
[00:39:24] [48/324] VSPA
[00:39:25] [49/324] DJYA
[00:39:25] [50/324] DIMP
[00:39:26] [51/324] FXDR
[00:39:27] [52/324] SSRC
[00:39:28] [53/324] STHP
[00:39:29] [54/324] CPPD
[00:39:30] [55/324] FCLK
[00:39:31] [56/324] SCPP
[00:39:31] [57/324] DCMJ
[00:39:32] [58/324] RCCR
[00:39:33] [59/324] INMT
[00:39:34] [60/324] LXTK
[00:39:35] [61/324] SRYK
[00:39:36] [62/324] SGDK
[00:39:37] [63/324] PPKA
[00:39:38] [64/324] SPKA
[00:39:39] [65/324] CGHH
[00:39:40] [66/324] DCJN
[00:39:41] [67/324] SRKV
[00:39:42] [68/324] SAJC
[00:39:43] [69/324] SUSR
[00:39:44] [70/324] STYG
[00:39:45] [71/324] NTKP
[00:39:46] [72/324] AKTG
[00:39:46] [73/324] CGCM
[00:39:48] [74/324] TULC
[00:39:49] [75/324] NYYZ
[00:39:50] [76/324] NYBW
[00:39:51] [77/324] MACB
[00:39:51] [78/324] SLVT
[00:39:53] [79/324] SANA
[00:39:54] [80/324] ACMR
[00:39:54] [81/324] CPKN
[00:39:55] [82/324] DLGK
[00:39:57] [83/324] CWCK
[00:39:57] [84/324] FDDH
[00:39:58] [85/324] MMMD
[00:39:59] [86/324] CMEH
[00:40:00] [87/324] GGGV
[00:40:01] [88/324] SPJL
[00:40:02] [89/324] RCCD
[00:40:02] [90/324] STTZ
[00:40:03] [91/324] BTCF
[00:40:04] [92/324] TSTZ
[00:40:05] [93/324] IPMM
[00:40:06] [94/324] PMPW
[00:40:07] [95/324] PCMZ
[00:40:07] [96/324] ESEM
[00:40:08] [97/324] PIPO
[00:40:09] [98/324] MATK
[00:40:10] [99/324] PGHM
[00:40:11] [100/324] CTSR
[00:40:12] [101/324] CYKR
[00:40:13] [102/324] MSCM
[00:40:14] [103/324] RFNP
[00:40:14] [104/324] PDCP
[00:40:15] [105/324] NPSE
[00:40:16] [106/324] MKML
[00:40:17] [107/324] FTDP
[00:40:18] [108/324] MMXA
[00:40:19] [109/324] CEPO
[00:40:20] [110/324] CMVP
[00:40:21] [111/324] SGTH
[00:40:22] [112/324] SAYN
[00:40:23] [113/324] URVS
[00:40:24] [114/324] VJTN
[00:40:26] [115/324] BBYK
[00:40:27] [116/324] SHBO
[00:40:28] [117/324] VCMR
[00:40:28] [118/324] MACT
[00:40:29] [119/324] JMNP
[00:40:30] [120/324] VICS
[00:40:31] [121/324] VCDA
[00:40:32] [122/324] GCMM
[00:40:33] [123/324] INVS
[00:40:33] [124/324] SCGM
[00:40:34] [125/324] PCDA
[00:40:35] [126/324] KDCT
[00:40:36] [127/324] JACS
[00:40:37] [128/324] GMMC
[00:40:38] [129/324] AICM
[00:40:39] [130/324] TJCM
[00:40:39] [131/324] RMTI
[00:40:40] [132/324] SHAC
[00:40:41] [133/324] APJC
[00:40:42] [134/324] GCTG
[00:40:43] [135/324] SSMC
[00:40:44] [136/324] THRM
[00:40:44] [137/324] RBCT
[00:40:45] [138/324] DIKT
[00:40:46] [139/324] MIDL
[00:40:46] [140/324] VCSN
[00:40:48] [141/324] SKTG
[00:40:49] [142/324] SMWC
[00:40:50] [143/324] MNKH
[00:40:51] [144/324] PIAT
[00:40:51] [145/324] LTTP
[00:40:52] [146/324] PTPU
[00:40:53] [147/324] ACMG
[00:40:54] [148/324] SHMM
[00:40:55] [149/324] MCMN
[00:40:56] [150/324] GLDC
[00:40:57] [151/324] HOUT
[00:40:58] [152/324] SVRP
[00:40:58] [153/324] PVDN
[00:40:59] [154/324] SCPY
[00:41:00] [155/324] DTPY
[00:41:01] [156/324] GKCS
[00:41:02] [157/324] NCAM
[00:41:03] [158/324] BSRM
[00:41:04] [159/324] RCLC
[00:41:05] [160/324] SKKD
[00:41:06] [161/324] ACHU
[00:41:07] [162/324] RSCF
[00:41:08] [163/324] IMSH
[00:41:09] [164/324] MACX
[00:41:10] [165/324] HMMW
[00:41:10] [166/324] JTCP
[00:41:11] [167/324] SREN
[00:41:12] [168/324] PJRR
[00:41:13] [169/324] INAC
[00:41:14] [170/324] BMCA
[00:41:14] [171/324] SHCB
[00:41:15] [172/324] GABA
[00:41:16] [173/324] SBCT
[00:41:17] [174/324] GCMA
[00:41:18] [175/324] MYTK
[00:41:18] [176/324] INZS
[00:41:19] [177/324] RMIK
[00:41:20] [178/324] NYCH
[00:41:22] [179/324] RAVE
[00:41:22] [180/324] PSXM
[00:41:23] [181/324] MCGP
[00:41:24] [182/324] PDDK
[00:41:25] [183/324] SPCK
[00:41:26] [184/324] MCRL
[00:41:26] [185/324] MHKT
[00:41:28] [186/324] ANRR
[00:41:29] [187/324] SAPK
[00:41:30] [188/324] NCUK
[00:41:31] [189/324] JUGA
[00:41:31] [190/324] DBSC
[00:41:32] [191/324] LALK
[00:41:33] [192/324] GUCK
[00:41:34] [193/324] STSG
[00:41:35] [194/324] PPPZ
[00:41:36] [195/324] CNCY
[00:41:37] [196/324] MTAR
[00:41:37] [197/324] VNKD
[00:41:38] [198/324] KMAJ
[00:41:40] [199/324] ACXK
[00:41:40] [200/324] UTKC
[00:41:41] [201/324] PBLK
[00:41:42] [202/324] ACBX
[00:41:43] [203/324] PTGM
[00:41:44] [204/324] BTDA
[00:41:44] [205/324] PJMB
[00:41:45] [206/324] TPDA
[00:41:47] [207/324] AMOE
[00:41:48] [208/324] PRHT
[00:41:49] [209/324] PRTA
[00:41:50] [210/324] STAM
[00:41:51] [211/324] MSAA
[00:41:52] [212/324] SDLU
[00:41:53] [213/324] RCHH
[00:41:54] [214/324] KANT
[00:41:55] [215/324] FCRT
[00:41:56] [216/324] DNKM
[00:41:56] [217/324] RYCP
[00:41:57] [218/324] MYRP
[00:41:58] [219/324] PPAK
[00:41:59] [220/324] NVPK
[00:41:59] [221/324] PRMC
[00:42:00] [222/324] JBCS
[00:42:01] [223/324] GXCK
[00:42:02] [224/324] USKO
[00:42:03] [225/324] GTEM
[00:42:03] [226/324] SMBU
[00:42:04] [227/324] VETC
[00:42:05] [228/324] LCDA
[00:42:06] [229/324] MTVT
[00:42:07] [230/324] PYCP
[00:42:07] [231/324] PNSC
[00:42:08] [232/324] PPCC
[00:42:09] [233/324] TGRT
[00:42:10] [234/324] JYOT
[00:42:12] [235/324] SRCZ
[00:42:12] [236/324] SJTE
[00:42:13] [237/324] DESC
[00:42:14] [238/324] JHVN
[00:42:15] [239/324] IPSG
[00:42:16] [240/324] IPCM
[00:42:17] [241/324] PDRS
[00:42:18] [242/324] ANCV
[00:42:19] [243/324] CMVV
[00:42:20] [244/324] SHYP
[00:42:20] [245/324] DNCS
[00:42:21] [246/324] GAJK
[00:42:22] [247/324] AKTN
[00:42:23] [248/324] KAYA
[00:42:23] [249/324] SBRC
[00:42:24] [250/324] CHTP
[00:42:25] [251/324] SHRT
[00:42:26] [252/324] BCKU
[00:42:27] [253/324] FCPS
[00:42:28] [254/324] ARDD
[00:42:28] [255/324] CPCM
[00:42:29] [256/324] CGSM
[00:42:30] [257/324] PSMP
[00:42:31] [258/324] SDAL
[00:42:33] [259/324] RTNB
[00:42:33] [260/324] LMCR
[00:42:34] [261/324] CIMA
[00:42:35] [262/324] RNAS
[00:42:36] [263/324] LITH
[00:42:36] [264/324] PBOX
[00:42:37] [265/324] FRTS
[00:42:39] [266/324] RKIC
[00:42:40] [267/324] PTAI
[00:42:40] [268/324] GCIC
[00:42:41] [269/324] FNAS
[00:42:42] [270/324] SCAR
[00:42:43] [271/324] MTCA
[00:42:44] [272/324] SCTS
[00:42:45] [273/324] SYCS
[00:42:46] [274/324] RDMS
[00:42:47] [275/324] KAMP
[00:42:48] [276/324] ERSD
[00:42:48] [277/324] MJMJ
[00:42:49] [278/324] SRCJ
[00:42:50] [279/324] SCXE
[00:42:51] [280/324] SVFR
[00:42:52] [281/324] BHCS
[00:42:53] [282/324] IMCC
[00:42:53] [283/324] PCBO
[00:42:54] [284/324] PRVN
[00:42:55] [285/324] AUPM
[00:42:56] [286/324] INBW
[00:42:57] [287/324] SVCW
[00:42:58] [288/324] RKCF
[00:42:58] [289/324] UVBH
[00:42:59] [290/324] DNCY
[00:43:00] [291/324] ABCN
[00:43:01] [292/324] PRUR
[00:43:02] [293/324] PFMR
[00:43:03] [294/324] RKCN
[00:43:04] [295/324] CFEA
[00:43:05] [296/324] SDBG
[00:43:05] [297/324] SNAR
[00:43:06] [298/324] YISI
[00:43:07] [299/324] JCFF
[00:43:08] [300/324] VTRK
[00:43:09] [301/324] PCLZ
[00:43:10] [302/324] DIMY
[00:43:10] [303/324] BBTS
[00:43:11] [304/324] GATH
[00:43:12] [305/324] GTMN
[00:43:13] [306/324] VTMH
[00:43:14] [307/324] CCKP
[00:43:15] [308/324] GPKA
[00:43:16] [309/324] MHCL
[00:43:17] [310/324] ATCL
[00:43:18] [311/324] SBCK
[00:43:18] [312/324] AMMR
[00:43:20] [313/324] MADC
[00:43:21] [314/324] TMMA
[00:43:22] [315/324] CACC
[00:43:23] [316/324] CHAL
[00:43:24] [317/324] DURG
[00:43:25] [318/324] GMKU
[00:43:26] [319/324] GECA
[00:43:26] [320/324] KYRR
[00:43:27] [321/324] KSDE
[00:43:28] [322/324] LMCI
[00:43:29] [323/324] NKCP
[00:43:30] [324/324] BGTC
[00:43:31] ✅ DONE | Shows=0 | Movies=0
