[00:38:36] 🚀 BMS DAILY TRACKER STARTED
[00:38:36] [1/459] FNDB
[00:38:36] 🧠 New identity
[00:38:37] [2/459] AMBH
[00:38:38] [3/459] PRHN
[00:38:39] [4/459] ACPM
[00:38:40] [5/459] PVFS
[00:38:41] [6/459] AACN
[00:38:42] [7/459] ACAS
[00:38:43] [8/459] CTNR
[00:38:44] [9/459] MMAH
[00:38:45] [10/459] CPMH
[00:38:46] [11/459] IGMH
[00:38:47] [12/459] ABCS
[00:38:48] [13/459] CMMA
[00:38:49] [14/459] GPRH
[00:38:50] [15/459] PNNG
[00:38:50] [16/459] AMCA
[00:38:51] [17/459] ISTN
[00:38:52] [18/459] PIIC
[00:38:53] [19/459] AHMH
[00:38:54] [20/459] ASHN
[00:38:55] [21/459] INHY
[00:38:55] [22/459] SRMO
[00:38:56] [23/459] PIMH
[00:38:58] [24/459] PVTS
[00:38:59] [25/459] MMCA
[00:39:00] [26/459] AKYJ
[00:39:01] [27/459] BRKH
[00:39:02] [28/459] MAHM
[00:39:03] [29/459] CPHY
[00:39:04] [30/459] PVTP
[00:39:05] [31/459] SMMR
[00:39:06] [32/459] PVHM
[00:39:07] [33/459] SNDY
[00:39:07] [34/459] GOKU
[00:39:08] [35/459] ACEV
[00:39:09] [36/459] PVUM
[00:39:10] [37/459] VSWA
[00:39:11] [38/459] IPRS
[00:39:12] [39/459] ASGN
[00:39:14] [40/459] BKMV
[00:39:15] [41/459] PVYH
[00:39:17] [42/459] INKM
[00:39:18] [43/459] ARJU
[00:39:19] [44/459] JJPP
[00:39:20] [45/459] SSRM
[00:39:21] [46/459] HMHD
[00:39:22] [47/459] SNKH
[00:39:23] [48/459] ACHI
[00:39:24] [49/459] MRAA
[00:39:24] [50/459] INMH
[00:39:25] [51/459] ARMH
[00:39:26] [52/459] DVRR
[00:39:27] [53/459] SUDA
[00:39:28] [54/459] MCSS
[00:39:29] [55/459] VRKC
[00:39:30] [56/459] PRCX
[00:39:31] [57/459] ASJY
[00:39:31] [58/459] MTHY
[00:39:33] [59/459] SRCM
[00:39:34] [60/459] TVHY
[00:39:35] [61/459] STHD
[00:39:36] [62/459] CPCL
[00:39:36] [63/459] PSMJ
[00:39:37] [64/459] MRGT
[00:39:38] [65/459] ARYH
[00:39:39] [66/459] VTRB
[00:39:40] [67/459] SCHC
[00:39:41] [68/459] MRRG
[00:39:42] [69/459] SPCB
[00:39:44] [70/459] AMCM
[00:39:45] [71/459] IVNM
[00:39:45] [72/459] TRHY
[00:39:46] [73/459] PTTH
[00:39:47] [74/459] RKMH
[00:39:48] [75/459] PRCS
[00:39:49] [76/459] VAJA
[00:39:50] [77/459] BJNG
[00:39:51] [78/459] SCVM
[00:39:51] [79/459] GNHB
[00:39:52] [80/459] TLUR
[00:39:54] [81/459] UKCC
[00:39:55] [82/459] SRKR
[00:39:55] [83/459] RMKN
[00:39:56] [84/459] SLRT
[00:39:57] [85/459] LKMT
[00:39:58] [86/459] SSRJ
[00:39:59] [87/459] SPHT
[00:40:00] [88/459] ANTT
[00:40:01] [89/459] SRCH
[00:40:01] [90/459] SRCA
[00:40:02] [91/459] ARTH
[00:40:03] [92/459] MCBH
[00:40:04] [93/459] SNIB
[00:40:05] [94/459] SART
[00:40:06] [95/459] SKTA
[00:40:07] [96/459] YAKT
[00:40:08] [97/459] MLCK
[00:40:09] [98/459] ANTS
[00:40:09] [99/459] DGCA
[00:40:10] [100/459] SGMP
[00:40:11] [101/459] ASWN
[00:40:12] [102/459] KFVU
[00:40:13] [103/459] POOR
[00:40:14] [104/459] GKDN
[00:40:14] [105/459] EOSE
[00:40:15] [106/459] GTTT
[00:40:16] [107/459] ARRO
[00:40:17] [108/459] CMMK
[00:40:17] [109/459] MSCN
[00:40:18] [110/459] GDKH
[00:40:19] [111/459] DLMT
[00:40:20] [112/459] PVMF
[00:40:21] [113/459] CPCK
[00:40:23] [114/459] VMHE
[00:40:24] [115/459] PVLC
[00:40:25] [116/459] PCVB
[00:40:26] [117/459] SNYK
[00:40:27] [118/459] KTEK
[00:40:28] [119/459] PCNM
[00:40:29] [120/459] NTTR
[00:40:30] [121/459] CPSK
[00:40:31] [122/459] JMMA
[00:40:33] [123/459] GCFK
[00:40:34] [124/459] MYCA
[00:40:35] [125/459] KSNP
[00:40:36] [126/459] PMCE
[00:40:37] [127/459] SCKI
[00:40:37] [128/459] FSMA
[00:40:38] [129/459] CETA
[00:40:39] [130/459] MCIK
[00:40:40] [131/459] MYCR
[00:40:41] [132/459] EVMP
[00:40:42] [133/459] SSGT
[00:40:43] [134/459] KCTK
[00:40:43] [135/459] ZTKC
[00:40:44] [136/459] MMTA
[00:40:45] [137/459] MAJT
[00:40:46] [138/459] ACPK
[00:40:46] [139/459] JMAX
[00:40:47] [140/459] SETK
[00:40:48] [141/459] CAIS
[00:40:49] [142/459] AGCD
[00:40:50] [143/459] URCL
[00:40:51] [144/459] VTDS
[00:40:52] [145/459] JCNM
[00:40:53] [146/459] KCAM
[00:40:53] [147/459] ADCU
[00:40:54] [148/459] GXYN
[00:40:55] [149/459] SMJG
[00:40:56] [150/459] EYCJ
[00:40:57] [151/459] CCEJ
[00:40:58] [152/459] MARS
[00:40:59] [153/459] CPVJ
[00:41:00] [154/459] INVP
[00:41:01] [155/459] CPOV
[00:41:02] [156/459] VIJK
[00:41:03] [157/459] LAIM
[00:41:03] [158/459] STHV
[00:41:04] [159/459] SVLJ
[00:41:05] [160/459] ATVJ
[00:41:06] [161/459] JTSC
[00:41:07] [162/459] RMTV
[00:41:08] [163/459] MGGG
[00:41:08] [164/459] SWTH
[00:41:09] [165/459] INVJ
[00:41:10] [166/459] PRSV
[00:41:11] [167/459] JATV
[00:41:12] [168/459] RCVD
[00:41:12] [169/459] BDMA
[00:41:13] [170/459] BLJI
[00:41:14] [171/459] SWOT
[00:41:15] [172/459] SWRN
[00:41:16] [173/459] TVRA
[00:41:16] [174/459] VCSV
[00:41:17] [175/459] NVRN
[00:41:18] [176/459] SIKC
[00:41:19] [177/459] VAKR
[00:41:20] [178/459] SYLN
[00:41:21] [179/459] KLJL
[00:41:21] [180/459] LKMY
[00:41:22] [181/459] VSLY
[00:41:23] [182/459] CIKO
[00:41:24] [183/459] GPBG
[00:41:25] [184/459] CECM
[00:41:26] [185/459] SLKB
[00:41:26] [186/459] MTBO
[00:41:27] [187/459] SSHB
[00:41:28] [188/459] VPCS
[00:41:29] [189/459] RCSR
[00:41:31] [190/459] RJRM
[00:41:32] [191/459] KPPB
[00:41:32] [192/459] SEDC
[00:41:33] [193/459] SCAI
[00:41:34] [194/459] RMTR
[00:41:35] [195/459] ASST
[00:41:36] [196/459] GCAK
[00:41:37] [197/459] ANNK
[00:41:38] [198/459] KDDF
[00:41:39] [199/459] NRDP
[00:41:40] [200/459] PLAK
[00:41:40] [201/459] GCMC
[00:41:41] [202/459] ALPY
[00:41:42] [203/459] SICE
[00:41:43] [204/459] SISR
[00:41:44] [205/459] SRPZ
[00:41:45] [206/459] SRSW
[00:41:46] [207/459] SUYA
[00:41:46] [208/459] AMMT
[00:41:47] [209/459] BHCU
[00:41:48] [210/459] KLPA
[00:41:49] [211/459] NVKH
[00:41:50] [212/459] JMRC
[00:41:51] [213/459] KTTT
[00:41:53] [214/459] MAGH
[00:41:54] [215/459] MMMX
[00:41:55] [216/459] SALJ
[00:41:56] [217/459] GTJA
[00:41:57] [218/459] MAHT
[00:41:58] [219/459] SSNN
[00:41:59] [220/459] ARRP
[00:42:00] [221/459] ATNS
[00:42:01] [222/459] SKDT
[00:42:03] [223/459] ACAT
[00:42:03] [224/459] APRC
[00:42:04] [225/459] SWAG
[00:42:05] [226/459] SDPT
[00:42:06] [227/459] STPS
[00:42:07] [228/459] WWCZ
[00:42:07] [229/459] LLCH
[00:42:08] [230/459] MZHA
[00:42:09] [231/459] CRJG
[00:42:10] [232/459] JGTK
[00:42:11] [233/459] KCSR
[00:42:12] [234/459] CHTL
[00:42:13] [235/459] EDSR
[00:42:14] [236/459] CSWO
[00:42:15] [237/459] CPVM
[00:42:16] [238/459] MXBY
[00:42:17] [239/459] FMMA
[00:42:18] [240/459] POVI
[00:42:19] [241/459] MTHB
[00:42:20] [242/459] INRC
[00:42:21] [243/459] PIPP
[00:42:21] [244/459] BMXC
[00:42:22] [245/459] PCMM
[00:42:23] [246/459] PMKM
[00:42:24] [247/459] GATY
[00:42:25] [248/459] IMCM
[00:42:26] [249/459] POPE
[00:42:26] [250/459] MTCR
[00:42:27] [251/459] PVAE
[00:42:28] [252/459] PVMI
[00:42:29] [253/459] CPNM
[00:42:30] [254/459] FMRL
[00:42:31] [255/459] MCIW
[00:42:31] [256/459] MXBO
[00:42:32] [257/459] FMKY
[00:42:33] [258/459] FMDA
[00:42:34] [259/459] THAB
[00:42:35] [260/459] PRCW
[00:42:36] [261/459] PITI
[00:42:37] [262/459] MCFF
[00:42:38] [263/459] PDDV
[00:42:39] [264/459] MCRM
[00:42:40] [265/459] KKMB
[00:42:41] [266/459] INKO
[00:42:42] [267/459] PLXP
[00:42:43] [268/459] MMHA
[00:42:44] [269/459] FMVS
[00:42:45] [270/459] POLM
[00:42:45] [271/459] STER
[00:42:46] [272/459] PVWJ
[00:42:47] [273/459] IMJW
[00:42:48] [274/459] FNAN
[00:42:49] [275/459] CAGL
[00:42:49] [276/459] IPBG
[00:42:50] [277/459] SMFV
[00:42:51] [278/459] MMMR
[00:42:52] [279/459] MMWM
[00:42:53] [280/459] FNCM
[00:42:54] [281/459] MDVA
[00:42:54] [282/459] MMET
[00:42:55] [283/459] MIDO
[00:42:56] [284/459] INNP
[00:42:57] [285/459] MIFU
[00:42:57] [286/459] MMSZ
[00:42:58] [287/459] BMXA
[00:43:00] [288/459] MCAA
[00:43:01] [289/459] SCVP
[00:43:01] [290/459] PLUS
[00:43:02] [291/459] MUCK
[00:43:03] [292/459] MTMA
[00:43:04] [293/459] HPVR
[00:43:05] [294/459] PMPK
[00:43:06] [295/459] MAJB
[00:43:07] [296/459] CTRR
[00:43:08] [297/459] MCTG
[00:43:08] [298/459] MACE
[00:43:09] [299/459] AAAS
[00:43:10] [300/459] CPVV
[00:43:11] [301/459] RCHG
[00:43:12] [302/459] MCNE
[00:43:13] [303/459] EMNC
[00:43:13] [304/459] MCAN
[00:43:14] [305/459] TCDM
[00:43:16] [306/459] IRGT
[00:43:16] [307/459] GCMG
[00:43:17] [308/459] MXSN
[00:43:18] [309/459] MXCK
[00:43:19] [310/459] MCRC
[00:43:20] [311/459] RSMI
[00:43:21] [312/459] WAML
[00:43:22] [313/459] MTSC
[00:43:23] [314/459] FMDR
[00:43:24] [315/459] LEPV
[00:43:26] [316/459] MTGD
[00:43:27] [317/459] IMOB
[00:43:28] [318/459] CLMM
[00:43:28] [319/459] PZCD
[00:43:29] [320/459] GOCS
[00:43:30] [321/459] KCMA
[00:43:31] [322/459] CCMP
[00:43:32] [323/459] MTSU
[00:43:33] [324/459] SNGL
[00:43:33] [325/459] MMMC
[00:43:34] [326/459] MMAA
[00:43:36] [327/459] GCDM
[00:43:36] [328/459] KTMV
[00:43:37] [329/459] AETE
[00:43:38] [330/459] OMCS
[00:43:40] [331/459] GDCD
[00:43:41] [332/459] NYMD
[00:43:41] [333/459] RNCV
[00:43:42] [334/459] KKMT
[00:43:43] [335/459] GDTH
[00:43:44] [336/459] KMMV
[00:43:45] [337/459] NHCG
[00:43:46] [338/459] PJDW
[00:43:47] [339/459] MMCV
[00:43:48] [340/459] FQSA
[00:43:50] [341/459] KURL
[00:43:51] [342/459] NNNX
[00:43:52] [343/459] AMAU
[00:43:53] [344/459] VVVM
[00:43:53] [345/459] VECU
[00:43:54] [346/459] WCVR
[00:43:55] [347/459] MTGG
[00:43:55] [348/459] SGTG
[00:43:56] [349/459] MNTG
[00:43:57] [350/459] JDDG
[00:43:58] [351/459] MBTK
[00:43:59] [352/459] SGCD
[00:44:00] [353/459] MCTC
[00:44:01] [354/459] JTPC
[00:44:01] [355/459] SDKT
[00:44:02] [356/459] KRCC
[00:44:03] [357/459] RMMD
[00:44:05] [358/459] AAME
[00:44:06] [359/459] TMWC
[00:44:06] [360/459] NRWY
[00:44:07] [361/459] CITD
[00:44:09] [362/459] VERD
[00:44:09] [363/459] MKSK
[00:44:10] [364/459] STSM
[00:44:11] [365/459] MJDG
[00:44:12] [366/459] RKPM
[00:44:13] [367/459] SSCE
[00:44:14] [368/459] VMAE
[00:44:15] [369/459] SBRU
[00:44:15] [370/459] AMBC
[00:44:16] [371/459] AMLU
[00:44:18] [372/459] INVZ
[00:44:19] [373/459] LGTV
[00:44:19] [374/459] SVAD
[00:44:20] [375/459] SMSA
[00:44:21] [376/459] SPCZ
[00:44:22] [377/459] GTCX
[00:44:22] [378/459] SCSL
[00:44:23] [379/459] SAHU
[00:44:24] [380/459] NCDA
[00:44:24] [381/459] SCCG
[00:44:25] [382/459] VKTL
[00:44:26] [383/459] PUUJ
[00:44:27] [384/459] STEJ
[00:44:28] [385/459] RJAL
[00:44:28] [386/459] ACJC
[00:44:29] [387/459] VTHC
[00:44:30] [388/459] ARVB
[00:44:32] [389/459] AUBB
[00:44:33] [390/459] GDBR
[00:44:34] [391/459] PVND
[00:44:35] [392/459] BGRJ
[00:44:36] [393/459] RJMM
[00:44:37] [394/459] MCSA
[00:44:38] [395/459] BODA
[00:44:38] [396/459] JAGG
[00:44:39] [397/459] SCGA
[00:44:40] [398/459] LRCM
[00:44:41] [399/459] CPCN
[00:44:42] [400/459] SSTF
[00:44:43] [401/459] SRXP
[00:44:45] [402/459] CNFX
[00:44:45] [403/459] ANDI
[00:44:46] [404/459] SYEW
[00:44:48] [405/459] RCRE
[00:44:49] [406/459] SCRW
[00:44:49] [407/459] MBKR
[00:44:50] [408/459] ASNT
[00:44:51] [409/459] JTMT
[00:44:52] [410/459] SHAY
[00:44:54] [411/459] VRTH
[00:44:54] [412/459] SPTI
[00:44:56] [413/459] DPTD
[00:44:57] [414/459] TGSN
[00:44:58] [415/459] RCWV
[00:44:59] [416/459] OCUR
[00:45:00] [417/459] KSTC
[00:45:00] [418/459] SANI
[00:45:01] [419/459] MLCA
[00:45:02] [420/459] EGCA
[00:45:03] [421/459] SYSN
[00:45:04] [422/459] PKTA
[00:45:04] [423/459] PRCC
[00:45:05] [424/459] KSTR
[00:45:06] [425/459] SNTP
[00:45:07] [426/459] RCHA
[00:45:07] [427/459] SEEA
[00:45:08] [428/459] ALAT
[00:45:09] [429/459] AATV
[00:45:10] [430/459] RJTE
[00:45:11] [431/459] AAPP
[00:45:12] [432/459] PMMH
[00:45:13] [433/459] INRJ
[00:45:14] [434/459] SARB
[00:45:14] [435/459] PCJL
[00:45:15] [436/459] PFJJ
[00:45:16] [437/459] GRDC
[00:45:17] [438/459] BCBA
[00:45:18] [439/459] VIXL
[00:45:18] [440/459] CSTL
[00:45:19] [441/459] MTDK
[00:45:20] [442/459] TDAC
[00:45:21] [443/459] GTDN
[00:45:22] [444/459] TTDE
[00:45:23] [445/459] ASTS
[00:45:24] [446/459] CPNS
[00:45:25] [447/459] PVVW
[00:45:26] [448/459] USEB
[00:45:27] [449/459] DTYN
[00:45:28] [450/459] PVLE
[00:45:29] [451/459] CIPS
[00:45:30] [452/459] PAEG
[00:45:30] [453/459] PTCW
[00:45:31] [454/459] G3SR
[00:45:32] [455/459] PGND
[00:45:33] [456/459] INVM
[00:45:34] [457/459] SPIA
[00:45:34] [458/459] PCSN
[00:45:35] [459/459] PPGV
[00:45:36] ✅ DONE | Shows=0 | Movies=0
