[00:38:55] 🚀 BMS DAILY TRACKER STARTED
[00:38:55] [1/459] MCCZ
[00:38:55] 🧠 New identity
[00:38:56] [2/459] FRPU
[00:38:57] [3/459] SKSI
[00:38:58] [4/459] SSCK
[00:38:59] [5/459] SRDC
[00:39:00] [6/459] RSCZ
[00:39:01] [7/459] PRVT
[00:39:02] [8/459] GAGJ
[00:39:03] [9/459] SMHG
[00:39:05] [10/459] JTST
[00:39:06] [11/459] MYTH
[00:39:07] [12/459] JPCC
[00:39:08] [13/459] ACDC
[00:39:09] [14/459] SVFP
[00:39:10] [15/459] SFCM
[00:39:11] [16/459] RUPK
[00:39:12] [17/459] NTCR
[00:39:13] [18/459] RTCH
[00:39:13] [19/459] SCMH
[00:39:15] [20/459] SVYM
[00:39:16] [21/459] SPYM
[00:39:17] [22/459] SMMF
[00:39:18] [23/459] CLLB
[00:39:19] [24/459] FMCB
[00:39:20] [25/459] BBTC
[00:39:21] [26/459] NTHS
[00:39:23] [27/459] PKKJ
[00:39:24] [28/459] MTJA
[00:39:25] [29/459] PMSJ
[00:39:26] [30/459] JMJU
[00:39:26] [31/459] SRAD
[00:39:27] [32/459] MJMC
[00:39:28] [33/459] DFRM
[00:39:29] [34/459] PMRS
[00:39:30] [35/459] RKPP
[00:39:31] [36/459] BMBK
[00:39:31] [37/459] NEWS
[00:39:32] [38/459] SALB
[00:39:33] [39/459] SCPW
[00:39:34] [40/459] RAYL
[00:39:35] [41/459] CMGJ
[00:39:36] [42/459] JRCR
[00:39:38] [43/459] SRTB
[00:39:38] [44/459] ETPB
[00:39:39] [45/459] MXBN
[00:39:40] [46/459] TOPE
[00:39:41] [47/459] SNLJ
[00:39:42] [48/459] CDDP
[00:39:43] [49/459] APCX
[00:39:43] [50/459] TALP
[00:39:44] [51/459] RRMP
[00:39:45] [52/459] MAHB
[00:39:46] [53/459] MTKR
[00:39:47] [54/459] KSKL
[00:39:48] [55/459] RJLT
[00:39:49] [56/459] ATAS
[00:39:50] [57/459] AMHR
[00:39:50] [58/459] RSRM
[00:39:51] [59/459] GCAT
[00:39:53] [60/459] SMML
[00:39:54] [61/459] ACCD
[00:39:55] [62/459] VYDA
[00:39:56] [63/459] MSKT
[00:39:56] [64/459] AVDM
[00:39:57] [65/459] ASMH
[00:39:58] [66/459] VTMB
[00:39:59] [67/459] WVMB
[00:40:00] [68/459] PPMN
[00:40:01] [69/459] MTMD
[00:40:02] [70/459] SMMO
[00:40:03] [71/459] DLPB
[00:40:05] [72/459] AKMD
[00:40:06] [73/459] SHRR
[00:40:07] [74/459] ASCO
[00:40:07] [75/459] CZVX
[00:40:08] [76/459] GCBB
[00:40:09] [77/459] ATBM
[00:40:10] [78/459] TCGM
[00:40:11] [79/459] UMSE
[00:40:12] [80/459] NKCL
[00:40:13] [81/459] BTLR
[00:40:13] [82/459] GOCL
[00:40:14] [83/459] MIRN
[00:40:15] [84/459] THEC
[00:40:16] [85/459] SPPB
[00:40:17] [86/459] PMMM
[00:40:19] [87/459] GGMC
[00:40:19] [88/459] AVSR
[00:40:20] [89/459] RDMH
[00:40:21] [90/459] JSRS
[00:40:22] [91/459] VKGP
[00:40:23] [92/459] ACRT
[00:40:24] [93/459] GCBA
[00:40:24] [94/459] GTCP
[00:40:25] [95/459] AKFC
[00:40:26] [96/459] INCS
[00:40:27] [97/459] SMCK
[00:40:28] [98/459] BRUN
[00:40:29] [99/459] RPPC
[00:40:30] [100/459] PAYD
[00:40:31] [101/459] SVVT
[00:40:32] [102/459] RNCC
[00:40:33] [103/459] PCRC
[00:40:33] [104/459] PMRM
[00:40:34] [105/459] CCRP
[00:40:35] [106/459] INCR
[00:40:37] [107/459] ZTMP
[00:40:38] [108/459] MCNR
[00:40:39] [109/459] INRP
[00:40:40] [110/459] STRC
[00:40:40] [111/459] RATI
[00:40:41] [112/459] PBTR
[00:40:42] [113/459] CMHP
[00:40:43] [114/459] ZECJ
[00:40:44] [115/459] CCCB
[00:40:45] [116/459] BWCB
[00:40:46] [117/459] CCAT
[00:40:46] [118/459] KGCM
[00:40:47] [119/459] INPT
[00:40:48] [120/459] FNCO
[00:40:49] [121/459] SRMJ
[00:40:50] [122/459] PFSC
[00:40:51] [123/459] PBMC
[00:40:52] [124/459] KARP
[00:40:52] [125/459] KOVI
[00:40:53] [126/459] ACXL
[00:40:54] [127/459] GKCC
[00:40:55] [128/459] ASCC
[00:40:56] [129/459] SETC
[00:40:57] [130/459] KACC
[00:40:58] [131/459] KAVE
[00:40:59] [132/459] CNTC
[00:41:00] [133/459] MEEN
[00:41:01] [134/459] BMRV
[00:41:02] [135/459] SVAM
[00:41:03] [136/459] VTBP
[00:41:04] [137/459] VCKN
[00:41:05] [138/459] SGTK
[00:41:06] [139/459] RCGS
[00:41:07] [140/459] RCCB
[00:41:07] [141/459] RKSR
[00:41:08] [142/459] RKCU
[00:41:09] [143/459] GIBH
[00:41:10] [144/459] CXBS
[00:41:11] [145/459] GGCB
[00:41:11] [146/459] SCPB
[00:41:12] [147/459] AKTB
[00:41:13] [148/459] SRBU
[00:41:14] [149/459] CSSA
[00:41:15] [150/459] MYAN
[00:41:15] [151/459] EXCA
[00:41:16] [152/459] CKSA
[00:41:17] [153/459] JTNM
[00:41:18] [154/459] CXKT
[00:41:19] [155/459] NCLM
[00:41:20] [156/459] JAAD
[00:41:21] [157/459] RDCR
[00:41:22] [158/459] MEER
[00:41:23] [159/459] SIBT
[00:41:24] [160/459] PVVB
[00:41:26] [161/459] FNPN
[00:41:27] [162/459] CRPX
[00:41:28] [163/459] STET
[00:41:29] [164/459] METE
[00:41:30] [165/459] BJML
[00:41:31] [166/459] MAVT
[00:41:32] [167/459] MSRM
[00:41:33] [168/459] TJMP
[00:41:35] [169/459] MHCK
[00:41:35] [170/459] SVGP
[00:41:36] [171/459] KRRC
[00:41:38] [172/459] IMCH
[00:41:38] [173/459] CMCS
[00:41:39] [174/459] SGND
[00:41:40] [175/459] RNAT
[00:41:41] [176/459] PRTN
[00:41:41] [177/459] MPTN
[00:41:42] [178/459] ARCC
[00:41:43] [179/459] NTTE
[00:41:45] [180/459] ABND
[00:41:46] [181/459] KCSN
[00:41:47] [182/459] KCSA
[00:41:48] [183/459] DCKT
[00:41:49] [184/459] MBBR
[00:41:50] [185/459] RAMU
[00:41:51] [186/459] RACW
[00:41:52] [187/459] MCHP
[00:41:53] [188/459] TMHM
[00:41:54] [189/459] STXH
[00:41:55] [190/459] AGSG
[00:41:56] [191/459] SIRA
[00:41:57] [192/459] RCAN
[00:41:58] [193/459] CWTB
[00:41:58] [194/459] VTYM
[00:41:59] [195/459] RRPP
[00:42:00] [196/459] ASMR
[00:42:01] [197/459] RONO
[00:42:02] [198/459] MEMR
[00:42:03] [199/459] CTMR
[00:42:03] [200/459] PMTT
[00:42:04] [201/459] PSLX
[00:42:05] [202/459] IPPL
[00:42:06] [203/459] MMSG
[00:42:07] [204/459] INEL
[00:42:08] [205/459] COAC
[00:42:09] [206/459] WVLK
[00:42:10] [207/459] PPXL
[00:42:11] [208/459] PSML
[00:42:12] [209/459] FNLK
[00:42:12] [210/459] ILUM
[00:42:13] [211/459] ILCM
[00:42:14] [212/459] MSNL
[00:42:15] [213/459] VINB
[00:42:16] [214/459] SALW
[00:42:17] [215/459] PRTB
[00:42:18] [216/459] NCIL
[00:42:18] [217/459] PSUL
[00:42:19] [218/459] SCLK
[00:42:20] [219/459] ADDC
[00:42:21] [220/459] OACL
[00:42:22] [221/459] OOCF
[00:42:23] [222/459] GPMF
[00:42:23] [223/459] SSDG
[00:42:24] [224/459] SKRS
[00:42:25] [225/459] NTTP
[00:42:26] [226/459] SLTP
[00:42:26] [227/459] JTLC
[00:42:27] [228/459] POON
[00:42:28] [229/459] CCPC
[00:42:29] [230/459] DCKC
[00:42:30] [231/459] CPRT
[00:42:31] [232/459] EYHZ
[00:42:32] [233/459] ARBL
[00:42:33] [234/459] SBTB
[00:42:33] [235/459] MMCK
[00:42:34] [236/459] PLMR
[00:42:35] [237/459] BIJH
[00:42:36] [238/459] SDRT
[00:42:36] [239/459] PRDC
[00:42:37] [240/459] OMJA
[00:42:38] [241/459] VKCR
[00:42:39] [242/459] ATRT
[00:42:40] [243/459] WVRP
[00:42:41] [244/459] MVRP
[00:42:41] [245/459] FCAX
[00:42:42] [246/459] CTLC
[00:42:43] [247/459] JCHB
[00:42:44] [248/459] SELP
[00:42:44] [249/459] VCPG
[00:42:46] [250/459] ASCX
[00:42:47] [251/459] EOCS
[00:42:48] [252/459] RCPH
[00:42:49] [253/459] RJTM
[00:42:51] [254/459] SGMD
[00:42:51] [255/459] SVJT
[00:42:52] [256/459] SPPO
[00:42:53] [257/459] MNRL
[00:42:54] [258/459] KNOX
[00:42:55] [259/459] GIER
[00:42:55] [260/459] PJMS
[00:42:56] [261/459] UNSP
[00:42:57] [262/459] JETP
[00:42:58] [263/459] VTWA
[00:42:59] [264/459] SCJI
[00:42:59] [265/459] CBZZ
[00:43:00] [266/459] SDCJ
[00:43:01] [267/459] RRCC
[00:43:02] [268/459] VNKG
[00:43:03] [269/459] LKTO
[00:43:04] [270/459] PJRM
[00:43:05] [271/459] NVRM
[00:43:06] [272/459] SJCS
[00:43:07] [273/459] VIGK
[00:43:07] [274/459] ANST
[00:43:08] [275/459] JTTS
[00:43:09] [276/459] NTST
[00:43:10] [277/459] PREB
[00:43:11] [278/459] TSCZ
[00:43:12] [279/459] CDCM
[00:43:12] [280/459] ELYE
[00:43:13] [281/459] INBS
[00:43:15] [282/459] SMGC
[00:43:15] [283/459] UTMP
[00:43:16] [284/459] INTA
[00:43:16] [285/459] OMPT
[00:43:17] [286/459] SCIR
[00:43:18] [287/459] GCKJ
[00:43:19] [288/459] INOG
[00:43:20] [289/459] SMGB
[00:43:21] [290/459] MCSG
[00:43:22] [291/459] STKG
[00:43:23] [292/459] TTKG
[00:43:24] [293/459] SRTR
[00:43:24] [294/459] ETTR
[00:43:25] [295/459] GGGZ
[00:43:26] [296/459] IPGM
[00:43:27] [297/459] FCDH
[00:43:27] [298/459] DESB
[00:43:28] [299/459] VNTP
[00:43:29] [300/459] ANNT
[00:43:30] [301/459] SLTI
[00:43:31] [302/459] MAJU
[00:43:32] [303/459] JCXP
[00:43:33] [304/459] HARK
[00:43:34] [305/459] JPCJ
[00:43:34] [306/459] RXBD
[00:43:35] [307/459] PTKJ
[00:43:36] [308/459] CMTU
[00:43:37] [309/459] SWOR
[00:43:38] [310/459] JMEX
[00:43:40] [311/459] DTPT
[00:43:40] [312/459] VGMM
[00:43:41] [313/459] VCSG
[00:43:42] [314/459] CVCG
[00:43:43] [315/459] TNTT
[00:43:43] [316/459] SHRM
[00:43:44] [317/459] CGKD
[00:43:45] [318/459] EKCM
[00:43:46] [319/459] SDCX
[00:43:47] [320/459] SBTE
[00:43:48] [321/459] STKJ
[00:43:48] [322/459] TPCE
[00:43:49] [323/459] JTNP
[00:43:50] [324/459] LPCH
[00:43:51] [325/459] CPUO
[00:43:51] [326/459] APSU
[00:43:52] [327/459] RTHC
[00:43:53] [328/459] PTBU
[00:43:54] [329/459] CUCC
[00:43:55] [330/459] CPSA
[00:43:55] [331/459] SUAY
[00:43:56] [332/459] AYAA
[00:43:57] [333/459] MUCH
[00:43:58] [334/459] PCIN
[00:43:59] [335/459] JRRM
[00:44:00] [336/459] KATS
[00:44:01] [337/459] MHFF
[00:44:01] [338/459] ESYM
[00:44:02] [339/459] STYV
[00:44:03] [340/459] SDKG
[00:44:04] [341/459] SMTI
[00:44:04] [342/459] NYCS
[00:44:05] [343/459] MTBG
[00:44:06] [344/459] RHCA
[00:44:07] [345/459] PCKH
[00:44:08] [346/459] ARCR
[00:44:10] [347/459] NCMB
[00:44:11] [348/459] SHYC
[00:44:11] [349/459] LACK
[00:44:12] [350/459] MTCM
[00:44:13] [351/459] RRBN
[00:44:13] [352/459] MYDC
[00:44:14] [353/459] STCS
[00:44:15] [354/459] CONN
[00:44:16] [355/459] SIPS
[00:44:16] [356/459] SMMX
[00:44:17] [357/459] SCBY
[00:44:18] [358/459] SUAP
[00:44:20] [359/459] RSMK
[00:44:20] [360/459] STKP
[00:44:21] [361/459] CIPC
[00:44:22] [362/459] KKCI
[00:44:22] [363/459] CTNK
[00:44:23] [364/459] MMTZ
[00:44:24] [365/459] DCCO
[00:44:25] [366/459] VNMN
[00:44:26] [367/459] RLCN
[00:44:26] [368/459] CMMS
[00:44:27] [369/459] AYOU
[00:44:28] [370/459] SSCN
[00:44:29] [371/459] SMXN
[00:44:29] [372/459] ASSK
[00:44:31] [373/459] VCKM
[00:44:32] [374/459] PCPH
[00:44:33] [375/459] PADM
[00:44:33] [376/459] IESA
[00:44:34] [377/459] VCSP
[00:44:36] [378/459] AEST
[00:44:37] [379/459] VTNR
[00:44:39] [380/459] GTTA
[00:44:39] [381/459] CMMM
[00:44:40] [382/459] AHKT
[00:44:41] [383/459] SIJI
[00:44:42] [384/459] VCEI
[00:44:43] [385/459] SAKR
[00:44:43] [386/459] VSMT
[00:44:44] [387/459] SSCT
[00:44:45] [388/459] USTR
[00:44:46] [389/459] MTKT
[00:44:47] [390/459] TGMP
[00:44:48] [391/459] SIVC
[00:44:49] [392/459] KICT
[00:44:49] [393/459] DAMD
[00:44:50] [394/459] CNPT
[00:44:51] [395/459] RVTT
[00:44:53] [396/459] SNCM
[00:44:53] [397/459] GHTE
[00:44:54] [398/459] PPAM
[00:44:55] [399/459] PVAA
[00:44:56] [400/459] CPAO
[00:44:56] [401/459] HAMD
[00:44:58] [402/459] RCCA
[00:44:59] [403/459] MPCH
[00:45:00] [404/459] ARED
[00:45:01] [405/459] RRCV
[00:45:02] [406/459] MTRB
[00:45:02] [407/459] CKUA
[00:45:03] [408/459] ABMP
[00:45:04] [409/459] RCWA
[00:45:04] [410/459] CGAR
[00:45:06] [411/459] METH
[00:45:07] [412/459] WAGA
[00:45:09] [413/459] MCMA
[00:45:10] [414/459] CSMP
[00:45:10] [415/459] RCNK
[00:45:10] [416/459] PSTM
[00:45:11] [417/459] CSEP
[00:45:12] [418/459] AMGD
[00:45:13] [419/459] CSTE
[00:45:14] [420/459] CONS
[00:45:15] [421/459] APPX
[00:45:15] [422/459] MABC
[00:45:16] [423/459] CXST
[00:45:17] [424/459] MATN
[00:45:18] [425/459] MACZ
[00:45:19] [426/459] MASA
[00:45:20] [427/459] MBSX
[00:45:20] [428/459] CSST
[00:45:21] [429/459] APCL
[00:45:22] [430/459] CGOS
[00:45:23] [431/459] CPEC
[00:45:24] [432/459] MCCP
[00:45:24] [433/459] BSSO
[00:45:25] [434/459] SJKA
[00:45:26] [435/459] CGBO
[00:45:27] [436/459] MVSK
[00:45:28] [437/459] HVCA
[00:45:29] [438/459] NAMD
[00:45:29] [439/459] DEVI
[00:45:30] [440/459] SCSV
[00:45:31] [441/459] PSMA
[00:45:32] [442/459] CLDJ
[00:45:33] [443/459] NMAD
[00:45:34] [444/459] CGMO
[00:45:35] [445/459] MCNA
[00:45:35] [446/459] OCBN
[00:45:36] [447/459] CPEM
[00:45:37] [448/459] CPSM
[00:45:38] [449/459] RCAD
[00:45:39] [450/459] CPMU
[00:45:39] [451/459] DICD
[00:45:40] [452/459] CHOE
[00:45:41] [453/459] PDJM
[00:45:42] [454/459] SSTU
[00:45:43] [455/459] VNRN
[00:45:44] [456/459] PVLG
[00:45:45] [457/459] SWBL
[00:45:46] [458/459] SCAB
[00:45:47] [459/459] RDDA
[00:45:47] ✅ DONE | Shows=0 | Movies=0
