[00:38:35] 🚀 BMS DAILY TRACKER STARTED
[00:38:35] [1/459] NECA
[00:38:35] 🧠 New identity
[00:38:36] [2/459] BJLC
[00:38:37] [3/459] BASU
[00:38:38] [4/459] RUPI
[00:38:39] [5/459] LCBK
[00:38:40] [6/459] PMAC
[00:38:41] [7/459] AMLC
[00:38:42] [8/459] LICL
[00:38:42] [9/459] UDMM
[00:38:44] [10/459] STBZ
[00:38:45] [11/459] UUBT
[00:38:46] [12/459] SJKC
[00:38:47] [13/459] TUAL
[00:38:48] [14/459] MRSE
[00:38:49] [15/459] RMRK
[00:38:50] [16/459] TTKP
[00:38:51] [17/459] KTKO
[00:38:52] [18/459] SDBK
[00:38:53] [19/459] MCPR
[00:38:54] [20/459] CHTI
[00:38:55] [21/459] GCCP
[00:38:55] [22/459] SRMY
[00:38:56] [23/459] NYST
[00:38:57] [24/459] NYAG
[00:38:58] [25/459] SBMT
[00:38:59] [26/459] INGA
[00:39:00] [27/459] WSIC
[00:39:01] [28/459] SCSS
[00:39:02] [29/459] COPG
[00:39:03] [30/459] RCGR
[00:39:04] [31/459] TCZA
[00:39:05] [32/459] CNLP
[00:39:06] [33/459] CLKN
[00:39:07] [34/459] LHDF
[00:39:08] [35/459] ELKC
[00:39:08] [36/459] VCEM
[00:39:09] [37/459] SSZA
[00:39:10] [38/459] KRMT
[00:39:11] [39/459] LCMV
[00:39:12] [40/459] AYCZ
[00:39:13] [41/459] CUMS
[00:39:14] [42/459] BOCK
[00:39:14] [43/459] PNMR
[00:39:15] [44/459] PJCP
[00:39:16] [45/459] JDDD
[00:39:17] [46/459] STMS
[00:39:18] [47/459] FLMB
[00:39:19] [48/459] PKCM
[00:39:20] [49/459] SPPR
[00:39:21] [50/459] EYLH
[00:39:22] [51/459] RJCC
[00:39:23] [52/459] MMPS
[00:39:24] [53/459] SHMX
[00:39:25] [54/459] CCNL
[00:39:26] [55/459] RCNV
[00:39:27] [56/459] MAAG
[00:39:27] [57/459] LXCM
[00:39:28] [58/459] RCNI
[00:39:30] [59/459] SNNI
[00:39:31] [60/459] LALC
[00:39:32] [61/459] SOCN
[00:39:33] [62/459] JHTP
[00:39:33] [63/459] PITP
[00:39:35] [64/459] CCKW
[00:39:36] [65/459] MCMC
[00:39:37] [66/459] DEES
[00:39:38] [67/459] SABT
[00:39:39] [68/459] VSPP
[00:39:40] [69/459] ABCT
[00:39:41] [70/459] JVTB
[00:39:42] [71/459] VCBD
[00:39:43] [72/459] RMGG
[00:39:44] [73/459] RNMH
[00:39:44] [74/459] SPGL
[00:39:45] [75/459] JTTR
[00:39:46] [76/459] SICS
[00:39:47] [77/459] SRMI
[00:39:48] [78/459] SSIJ
[00:39:48] [79/459] KFMT
[00:39:49] [80/459] VBIT
[00:39:50] [81/459] JKCT
[00:39:51] [82/459] GCGP
[00:39:52] [83/459] GDCS
[00:39:53] [84/459] TRBA
[00:39:54] [85/459] QUST
[00:39:55] [86/459] VSHM
[00:39:55] [87/459] SDCP
[00:39:56] [88/459] SNVS
[00:39:57] [89/459] NYTO
[00:39:58] [90/459] URWC
[00:39:59] [91/459] GTWH
[00:40:00] [92/459] PFCM
[00:40:01] [93/459] KRTA
[00:40:02] [94/459] AXMC
[00:40:02] [95/459] EVMC
[00:40:03] [96/459] HGSM
[00:40:05] [97/459] ACVM
[00:40:06] [98/459] PSKL
[00:40:07] [99/459] RDMP
[00:40:08] [100/459] RHGH
[00:40:10] [101/459] OMCM
[00:40:11] [102/459] DCCP
[00:40:11] [103/459] MCPB
[00:40:12] [104/459] ALCI
[00:40:13] [105/459] BLMX
[00:40:14] [106/459] BTMV
[00:40:15] [107/459] FVPN
[00:40:15] [108/459] CMAR
[00:40:16] [109/459] CEIM
[00:40:17] [110/459] CMVA
[00:40:18] [111/459] CPIV
[00:40:19] [112/459] CNPE
[00:40:20] [113/459] COLV
[00:40:20] [114/459] DNNV
[00:40:21] [115/459] HCAD
[00:40:22] [116/459] TAKA
[00:40:23] [117/459] INVD
[00:40:24] [118/459] IRMM
[00:40:25] [119/459] INSE
[00:40:26] [120/459] MRSW
[00:40:27] [121/459] MCVD
[00:40:28] [122/459] MCSO
[00:40:29] [123/459] PEVM
[00:40:30] [124/459] PVNL
[00:40:31] [125/459] PTCV
[00:40:31] [126/459] PRTC
[00:40:32] [127/459] RCVA
[00:40:33] [128/459] MTBN
[00:40:34] [129/459] LUCP
[00:40:34] [130/459] FMPT
[00:40:35] [131/459] JLSL
[00:40:36] [132/459] SBHA
[00:40:37] [133/459] SHRC
[00:40:37] [134/459] AVPS
[00:40:38] [135/459] STPM
[00:40:39] [136/459] ATRD
[00:40:40] [137/459] VTED
[00:40:41] [138/459] ACAI
[00:40:42] [139/459] SMAE
[00:40:42] [140/459] VMAT
[00:40:43] [141/459] LKCT
[00:40:44] [142/459] JTVK
[00:40:45] [143/459] PRTY
[00:40:45] [144/459] GETT
[00:40:46] [145/459] ESAP
[00:40:48] [146/459] NCPM
[00:40:48] [147/459] PCPA
[00:40:49] [148/459] MMOM
[00:40:50] [149/459] PHUP
[00:40:51] [150/459] CCPI
[00:40:52] [151/459] CNTD
[00:40:53] [152/459] NLJR
[00:40:53] [153/459] SRNG
[00:40:54] [154/459] MHAL
[00:40:55] [155/459] PNSM
[00:40:56] [156/459] DRMY
[00:40:57] [157/459] CCMU
[00:40:58] [158/459] SCMY
[00:40:59] [159/459] PVSY
[00:41:00] [160/459] SDLM
[00:41:01] [161/459] ICCM
[00:41:01] [162/459] PYSU
[00:41:02] [163/459] GATM
[00:41:03] [164/459] WOTM
[00:41:04] [165/459] RKTS
[00:41:05] [166/459] PMTY
[00:41:06] [167/459] LYMS
[00:41:08] [168/459] TGCA
[00:41:09] [169/459] DSTA
[00:41:10] [170/459] CNGE
[00:41:11] [171/459] VSTG
[00:41:13] [172/459] GTCK
[00:41:14] [173/459] TGNT
[00:41:15] [174/459] ASLC
[00:41:15] [175/459] SSST
[00:41:16] [176/459] KBTT
[00:41:17] [177/459] HKCP
[00:41:18] [178/459] SWLC
[00:41:19] [179/459] RTND
[00:41:20] [180/459] PKKT
[00:41:21] [181/459] HSTK
[00:41:22] [182/459] SPTT
[00:41:23] [183/459] IMPM
[00:41:24] [184/459] SCMV
[00:41:25] [185/459] SPCT
[00:41:25] [186/459] JBCA
[00:41:26] [187/459] ATTR
[00:41:27] [188/459] SPMT
[00:41:29] [189/459] LCTM
[00:41:30] [190/459] SCVL
[00:41:31] [191/459] SCVT
[00:41:31] [192/459] KRIC
[00:41:32] [193/459] CTMG
[00:41:33] [194/459] ACNC
[00:41:35] [195/459] DMCK
[00:41:35] [196/459] KMTV
[00:41:36] [197/459] PFCJ
[00:41:37] [198/459] VNMD
[00:41:38] [199/459] VPCZ
[00:41:38] [200/459] SRYR
[00:41:39] [201/459] SYTR
[00:41:40] [202/459] GATR
[00:41:41] [203/459] URTR
[00:41:42] [204/459] MKSM
[00:41:43] [205/459] VSMH
[00:41:43] [206/459] SKRJ
[00:41:44] [207/459] SSJR
[00:41:46] [208/459] SVSM
[00:41:47] [209/459] RUCM
[00:41:48] [210/459] PRKN
[00:41:49] [211/459] RROH
[00:41:50] [212/459] SCTN
[00:41:51] [213/459] RTDM
[00:41:52] [214/459] ASRM
[00:41:53] [215/459] SKMD
[00:41:54] [216/459] SUTD
[00:41:55] [217/459] SADM
[00:41:56] [218/459] WCNR
[00:41:57] [219/459] CNED
[00:41:58] [220/459] MPDB
[00:41:58] [221/459] KTBH
[00:41:59] [222/459] IDRM
[00:42:00] [223/459] PJJT
[00:42:01] [224/459] PFCV
[00:42:02] [225/459] AACT
[00:42:03] [226/459] AAAD
[00:42:03] [227/459] ANES
[00:42:04] [228/459] MNCA
[00:42:05] [229/459] RMGU
[00:42:06] [230/459] DLCN
[00:42:07] [231/459] LJWT
[00:42:07] [232/459] MCBG
[00:42:08] [233/459] MYBG
[00:42:09] [234/459] GCCA
[00:42:10] [235/459] GCGA
[00:42:11] [236/459] ECGN
[00:42:12] [237/459] PRAB
[00:42:13] [238/459] PNMP
[00:42:13] [239/459] GCPT
[00:42:14] [240/459] ROYN
[00:42:15] [241/459] VATM
[00:42:16] [242/459] KSNT
[00:42:17] [243/459] ACTC
[00:42:17] [244/459] PLTD
[00:42:18] [245/459] SKMK
[00:42:19] [246/459] CMTT
[00:42:20] [247/459] SMXP
[00:42:21] [248/459] SCMX
[00:42:22] [249/459] ACXN
[00:42:22] [250/459] ASWT
[00:42:23] [251/459] VVVL
[00:42:24] [252/459] NAGO
[00:42:26] [253/459] SNCN
[00:42:27] [254/459] MCKP
[00:42:27] [255/459] SAMO
[00:42:28] [256/459] JBTV
[00:42:29] [257/459] DCVV
[00:42:30] [258/459] KMSV
[00:42:31] [259/459] KDCN
[00:42:32] [260/459] CNCP
[00:42:32] [261/459] HAMC
[00:42:33] [262/459] CCVZ
[00:42:34] [263/459] NCCK
[00:42:35] [264/459] MCHR
[00:42:36] [265/459] SCHT
[00:42:36] [266/459] ESSH
[00:42:37] [267/459] CUJC
[00:42:38] [268/459] PECP
[00:42:39] [269/459] PMMI
[00:42:40] [270/459] PCCH
[00:42:41] [271/459] PRPM
[00:42:42] [272/459] PVKL
[00:42:43] [273/459] CBSM
[00:42:43] [274/459] PVCZ
[00:42:45] [275/459] PCVV
[00:42:46] [276/459] CTMJ
[00:42:47] [277/459] RCPS
[00:42:48] [278/459] PCIT
[00:42:49] [279/459] FNCH
[00:42:50] [280/459] INZD
[00:42:51] [281/459] INPC
[00:42:52] [282/459] LCZP
[00:42:53] [283/459] SMCB
[00:42:53] [284/459] PTSB
[00:42:54] [285/459] TPSI
[00:42:55] [286/459] KHMJ
[00:42:57] [287/459] RCCJ
[00:42:57] [288/459] NCJA
[00:42:58] [289/459] NCJN
[00:42:59] [290/459] BTDP
[00:43:00] [291/459] PADY
[00:43:01] [292/459] NYBH
[00:43:02] [293/459] MTBR
[00:43:03] [294/459] KRBC
[00:43:04] [295/459] DKTI
[00:43:05] [296/459] ANAN
[00:43:06] [297/459] INBP
[00:43:07] [298/459] PATB
[00:43:08] [299/459] RGNT
[00:43:09] [300/459] CGPM
[00:43:10] [301/459] INTN
[00:43:11] [302/459] MCMP
[00:43:12] [303/459] ASRG
[00:43:13] [304/459] CXJD
[00:43:14] [305/459] SPCP
[00:43:14] [306/459] CSTP
[00:43:15] [307/459] PKVC
[00:43:16] [308/459] ESCP
[00:43:17] [309/459] CAEP
[00:43:18] [310/459] CCSP
[00:43:18] [311/459] KTPC
[00:43:19] [312/459] DACA
[00:43:20] [313/459] NVKY
[00:43:21] [314/459] PTIN
[00:43:22] [315/459] SCIN
[00:43:23] [316/459] MCTY
[00:43:24] [317/459] PCMX
[00:43:25] [318/459] INIC
[00:43:26] [319/459] MMZM
[00:43:27] [320/459] SSLP
[00:43:28] [321/459] DTDT
[00:43:28] [322/459] FFCX
[00:43:29] [323/459] RCMM
[00:43:30] [324/459] KYID
[00:43:31] [325/459] CSCI
[00:43:32] [326/459] FCMC
[00:43:32] [327/459] MMXI
[00:43:33] [328/459] ASTC
[00:43:34] [329/459] CMRA
[00:43:35] [330/459] DICI
[00:43:36] [331/459] KDIN
[00:43:37] [332/459] PRFI
[00:43:37] [333/459] SVFC
[00:43:38] [334/459] UCPL
[00:43:39] [335/459] COOC
[00:43:39] [336/459] SCAL
[00:43:40] [337/459] SVFF
[00:43:41] [338/459] VCMG
[00:43:42] [339/459] UUCT
[00:43:43] [340/459] GCSE
[00:43:44] [341/459] SUSC
[00:43:44] [342/459] MISC
[00:43:45] [343/459] RMBL
[00:43:46] [344/459] CMXN
[00:43:47] [345/459] PVBK
[00:43:47] [346/459] HHCG
[00:43:48] [347/459] SCAG
[00:43:50] [348/459] CNPR
[00:43:50] [349/459] CSER
[00:43:51] [350/459] HLWD
[00:43:52] [351/459] BOLY
[00:43:53] [352/459] SSPG
[00:43:54] [353/459] MUPX
[00:43:55] [354/459] HAMR
[00:43:56] [355/459] SDNC
[00:43:57] [356/459] RTEN
[00:43:57] [357/459] SDTD
[00:43:58] [358/459] KAWS
[00:43:59] [359/459] CMZX
[00:44:00] [360/459] DCDD
[00:44:02] [361/459] ALSN
[00:44:02] [362/459] IMXS
[00:44:03] [363/459] PVFF
[00:44:04] [364/459] PVOO
[00:44:05] [365/459] CFBS
[00:44:06] [366/459] PVER
[00:44:07] [367/459] PPNX
[00:44:08] [368/459] CNRM
[00:44:09] [369/459] PVWW
[00:44:10] [370/459] INMB
[00:44:10] [371/459] CPJR
[00:44:11] [372/459] INRZ
[00:44:12] [373/459] PMSR
[00:44:13] [374/459] GPGM
[00:44:13] [375/459] PGWB
[00:44:14] [376/459] PMBR
[00:44:15] [377/459] GPAM
[00:44:16] [378/459] INBC
[00:44:17] [379/459] PZVK
[00:44:18] [380/459] CPEB
[00:44:18] [381/459] FMLB
[00:44:19] [382/459] INBG
[00:44:20] [383/459] GPBR
[00:44:22] [384/459] PAAS
[00:44:23] [385/459] VTBR
[00:44:24] [386/459] GPMY
[00:44:24] [387/459] GYBU
[00:44:25] [388/459] INBJ
[00:44:26] [389/459] LKTH
[00:44:27] [390/459] NSBR
[00:44:28] [391/459] PDRD
[00:44:29] [392/459] VRBL
[00:44:29] [393/459] VTGB
[00:44:30] [394/459] VTSK
[00:44:31] [395/459] BKDV
[00:44:32] [396/459] SVTB
[00:44:33] [397/459] MLDT
[00:44:34] [398/459] NRBL
[00:44:35] [399/459] SLTR
[00:44:36] [400/459] VNKA
[00:44:37] [401/459] TDCA
[00:44:38] [402/459] INBM
[00:44:39] [403/459] SSNR
[00:44:40] [404/459] BHAC
[00:44:41] [405/459] SDSD
[00:44:41] [406/459] SAMP
[00:44:42] [407/459] RATK
[00:44:43] [408/459] KCBI
[00:44:44] [409/459] URBL
[00:44:44] [410/459] MKBG
[00:44:45] [411/459] ASTB
[00:44:46] [412/459] VBWT
[00:44:47] [413/459] GPSM
[00:44:48] [414/459] ROON
[00:44:49] [415/459] CHTH
[00:44:50] [416/459] SSPA
[00:44:51] [417/459] ANBL
[00:44:52] [418/459] VTBE
[00:44:53] [419/459] SVKT
[00:44:54] [420/459] SVYK
[00:44:55] [421/459] PTBK
[00:44:56] [422/459] RKTB
[00:44:56] [423/459] BALT
[00:44:57] [424/459] STSV
[00:44:58] [425/459] VCCB
[00:44:59] [426/459] SLTB
[00:45:00] [427/459] SBCR
[00:45:01] [428/459] VDCS
[00:45:02] [429/459] MDKI
[00:45:02] [430/459] SMRN
[00:45:03] [431/459] PTBC
[00:45:04] [432/459] RADI
[00:45:05] [433/459] ADCR
[00:45:05] [434/459] SDCS
[00:45:06] [435/459] SRPJ
[00:45:07] [436/459] ARTS
[00:45:08] [437/459] SRHK
[00:45:10] [438/459] SPAY
[00:45:11] [439/459] GPTB
[00:45:11] [440/459] SNNN
[00:45:12] [441/459] BALJ
[00:45:13] [442/459] TRIG
[00:45:14] [443/459] GTYT
[00:45:15] [444/459] ATGN
[00:45:16] [445/459] ANTE
[00:45:17] [446/459] BDCG
[00:45:18] [447/459] VECI
[00:45:19] [448/459] SCPR
[00:45:19] [449/459] RTEA
[00:45:20] [450/459] JSAI
[00:45:21] [451/459] VJTP
[00:45:23] [452/459] GNDS
[00:45:24] [453/459] PAXA
[00:45:24] [454/459] CGGM
[00:45:26] [455/459] ACKZ
[00:45:27] [456/459] EMCC
[00:45:28] [457/459] KLSK
[00:45:29] [458/459] AVCK
[00:45:30] [459/459] JTCK
[00:45:31] ✅ DONE | Shows=0 | Movies=0
