[00:38:35] 🚀 BMS DAILY TRACKER STARTED
[00:38:35] [1/445] TGMR
[00:38:35] 🧠 New identity
[00:38:36] [2/445] CXKR
[00:38:37] [3/445] SROP
[00:38:38] [4/445] GTSV
[00:38:39] [5/445] SNTY
[00:38:40] [6/445] SMYY
[00:38:41] [7/445] CNCS
[00:38:42] [8/445] CSTM
[00:38:43] [9/445] NUCD
[00:38:44] [10/445] SHCZ
[00:38:45] [11/445] NJCT
[00:38:45] [12/445] COPC
[00:38:46] [13/445] STVV
[00:38:47] [14/445] SKRN
[00:38:48] [15/445] APPZ
[00:38:49] [16/445] YMGN
[00:38:50] [17/445] SVTU
[00:38:52] [18/445] GTAD
[00:38:52] [19/445] PSUS
[00:38:53] [20/445] SMCD
[00:38:54] [21/445] CMCM
[00:38:55] [22/445] SYCT
[00:38:56] [23/445] STLY
[00:38:57] [24/445] CMHU
[00:38:58] [25/445] CMSA
[00:38:59] [26/445] CLCU
[00:38:59] [27/445] PPNT
[00:39:00] [28/445] JTAB
[00:39:01] [29/445] BUUC
[00:39:02] [30/445] BSVK
[00:39:03] [31/445] VVVQ
[00:39:04] [32/445] TKMU
[00:39:05] [33/445] ESYL
[00:39:06] [34/445] ACHP
[00:39:07] [35/445] BTKD
[00:39:08] [36/445] DESA
[00:39:10] [37/445] GBCT
[00:39:11] [38/445] BLLD
[00:39:11] [39/445] SKNT
[00:39:12] [40/445] SSTE
[00:39:13] [41/445] VJMR
[00:39:14] [42/445] NTPU
[00:39:15] [43/445] RDKN
[00:39:16] [44/445] ADGC
[00:39:17] [45/445] VRBP
[00:39:18] [46/445] NMNA
[00:39:19] [47/445] CMMX
[00:39:19] [48/445] PTKO
[00:39:20] [49/445] RBML
[00:39:21] [50/445] SAIC
[00:39:22] [51/445] SVTJ
[00:39:23] [52/445] MRTE
[00:39:24] [53/445] RBTP
[00:39:25] [54/445] NLPS
[00:39:26] [55/445] GTNA
[00:39:26] [56/445] DGGC
[00:39:27] [57/445] SMCR
[00:39:28] [58/445] SCGD
[00:39:29] [59/445] SRRJ
[00:39:31] [60/445] CNRY
[00:39:32] [61/445] KTDI
[00:39:33] [62/445] SNJL
[00:39:34] [63/445] RKMD
[00:39:35] [64/445] SMDC
[00:39:36] [65/445] TADG
[00:39:37] [66/445] MCGS
[00:39:38] [67/445] PETK
[00:39:39] [68/445] CHAG
[00:39:39] [69/445] KSTL
[00:39:40] [70/445] AADS
[00:39:41] [71/445] NTHZ
[00:39:42] [72/445] HCKI
[00:39:43] [73/445] SSEF
[00:39:44] [74/445] MCGX
[00:39:45] [75/445] ERRA
[00:39:46] [76/445] SDTW
[00:39:46] [77/445] RMPK
[00:39:47] [78/445] PTHK
[00:39:48] [79/445] PXCS
[00:39:49] [80/445] SVLU
[00:39:50] [81/445] STAH
[00:39:51] [82/445] JRGF
[00:39:52] [83/445] CDOK
[00:39:52] [84/445] CMSG
[00:39:53] [85/445] APTD
[00:39:54] [86/445] KMPG
[00:39:55] [87/445] MUTJ
[00:39:56] [88/445] VCCI
[00:39:57] [89/445] URBE
[00:39:58] [90/445] TCTS
[00:39:59] [91/445] STSN
[00:39:59] [92/445] AKCH
[00:40:00] [93/445] APSC
[00:40:01] [94/445] VLTB
[00:40:02] [95/445] SANU
[00:40:03] [96/445] AXAM
[00:40:05] [97/445] MGMG
[00:40:05] [98/445] HTBY
[00:40:06] [99/445] MMZS
[00:40:07] [100/445] SUDR
[00:40:08] [101/445] CCAD
[00:40:09] [102/445] SKKC
[00:40:10] [103/445] RMCD
[00:40:11] [104/445] SBCQ
[00:40:12] [105/445] DCCT
[00:40:13] [106/445] VTKP
[00:40:14] [107/445] MLAM
[00:40:15] [108/445] SAVT
[00:40:16] [109/445] GEPL
[00:40:17] [110/445] AMCD
[00:40:18] [111/445] CCXR
[00:40:19] [112/445] GRNG
[00:40:19] [113/445] EBCA
[00:40:20] [114/445] CNVG
[00:40:21] [115/445] MWSS
[00:40:22] [116/445] VBOR
[00:40:23] [117/445] NEEB
[00:40:24] [118/445] SUTH
[00:40:25] [119/445] ANDB
[00:40:25] [120/445] MMXS
[00:40:26] [121/445] CNPD
[00:40:27] [122/445] SDCE
[00:40:28] [123/445] DHCB
[00:40:28] [124/445] ODEN
[00:40:29] [125/445] TNTC
[00:40:30] [126/445] VBKM
[00:40:31] [127/445] RZYM
[00:40:32] [128/445] JEMC
[00:40:32] [129/445] CMAU
[00:40:33] [130/445] SIVP
[00:40:34] [131/445] ATAG
[00:40:35] [132/445] CHTM
[00:40:36] [133/445] AAEE
[00:40:37] [134/445] IWPM
[00:40:37] [135/445] KCMW
[00:40:38] [136/445] MCTD
[00:40:39] [137/445] SPWR
[00:40:40] [138/445] SDPO
[00:40:41] [139/445] PCSK
[00:40:41] [140/445] ACHV
[00:40:42] [141/445] SVLA
[00:40:43] [142/445] PICT
[00:40:44] [143/445] BXDR
[00:40:46] [144/445] SPWA
[00:40:47] [145/445] MCKO
[00:40:48] [146/445] RTHK
[00:40:49] [147/445] CCMF
[00:40:50] [148/445] MRGB
[00:40:52] [149/445] CPLC
[00:40:52] [150/445] RACD
[00:40:53] [151/445] ATKT
[00:40:55] [152/445] SARN
[00:40:56] [153/445] KKUI
[00:40:56] [154/445] RGCM
[00:40:57] [155/445] BRVP
[00:40:58] [156/445] HRSR
[00:40:59] [157/445] GKGM
[00:40:59] [158/445] TTCD
[00:41:01] [159/445] PTTI
[00:41:02] [160/445] MPTT
[00:41:03] [161/445] CVTT
[00:41:04] [162/445] PCXD
[00:41:05] [163/445] GCDC
[00:41:05] [164/445] CCCF
[00:41:07] [165/445] MRAD
[00:41:08] [166/445] CPLK
[00:41:09] [167/445] SATB
[00:41:10] [168/445] SNVG
[00:41:10] [169/445] JMBA
[00:41:11] [170/445] TEJA
[00:41:12] [171/445] STYO
[00:41:13] [172/445] JTBP
[00:41:14] [173/445] KRGD
[00:41:15] [174/445] SLJJ
[00:41:16] [175/445] SPTJ
[00:41:16] [176/445] SWJG
[00:41:18] [177/445] LKRT
[00:41:19] [178/445] KCKA
[00:41:20] [179/445] SNCR
[00:41:21] [180/445] SMKL
[00:41:21] [181/445] GCFA
[00:41:23] [182/445] DDCK
[00:41:25] [183/445] NCHJ
[00:41:26] [184/445] RDMA
[00:41:26] [185/445] SVSV
[00:41:27] [186/445] SCJG
[00:41:29] [187/445] VKLP
[00:41:29] [188/445] NWCC
[00:41:30] [189/445] VKNS
[00:41:31] [190/445] SDDP
[00:41:32] [191/445] ACSI
[00:41:32] [192/445] SATG
[00:41:33] [193/445] SCMW
[00:41:34] [194/445] LKTK
[00:41:35] [195/445] VCKV
[00:41:36] [196/445] KKPE
[00:41:37] [197/445] KIGH
[00:41:38] [198/445] SRPM
[00:41:39] [199/445] SCAH
[00:41:40] [200/445] MUTA
[00:41:41] [201/445] SEPU
[00:41:42] [202/445] INOA
[00:41:43] [203/445] BASK
[00:41:44] [204/445] NECB
[00:41:45] [205/445] GTTG
[00:41:46] [206/445] ASSA
[00:41:47] [207/445] ANCL
[00:41:48] [208/445] GCTI
[00:41:49] [209/445] RCTS
[00:41:49] [210/445] ACNL
[00:41:50] [211/445] MYCT
[00:41:51] [212/445] NMHT
[00:41:52] [213/445] MDIT
[00:41:53] [214/445] LATG
[00:41:54] [215/445] SMTY
[00:41:55] [216/445] CVCT
[00:41:56] [217/445] RAMB
[00:41:57] [218/445] TGMS
[00:41:57] [219/445] BHEL
[00:41:58] [220/445] SHCT
[00:41:59] [221/445] SVCT
[00:41:59] [222/445] MRIY
[00:42:00] [223/445] SARO
[00:42:01] [224/445] STCT
[00:42:02] [225/445] JKKC
[00:42:03] [226/445] PLTT
[00:42:04] [227/445] SRNT
[00:42:04] [228/445] YAST
[00:42:05] [229/445] PERL
[00:42:06] [230/445] CICM
[00:42:07] [231/445] MMTR
[00:42:08] [232/445] ABTK
[00:42:09] [233/445] ATYY
[00:42:09] [234/445] ASTK
[00:42:10] [235/445] VVCK
[00:42:11] [236/445] ATKY
[00:42:12] [237/445] GWEK
[00:42:13] [238/445] SVFH
[00:42:14] [239/445] SLTA
[00:42:15] [240/445] AASH
[00:42:15] [241/445] ACXB
[00:42:16] [242/445] SMTX
[00:42:17] [243/445] AZDH
[00:42:18] [244/445] CMMH
[00:42:19] [245/445] SCSZ
[00:42:20] [246/445] SCKP
[00:42:21] [247/445] NXTM
[00:42:21] [248/445] NWCS
[00:42:22] [249/445] CXMH
[00:42:23] [250/445] PCMA
[00:42:24] [251/445] SGCM
[00:42:25] [252/445] SDTU
[00:42:26] [253/445] MMVI
[00:42:27] [254/445] JKCM
[00:42:28] [255/445] VCMM
[00:42:29] [256/445] SYEE
[00:42:30] [257/445] VASD
[00:42:30] [258/445] BDRB
[00:42:31] [259/445] LASM
[00:42:32] [260/445] DCRL
[00:42:33] [261/445] DVPM
[00:42:34] [262/445] SBMJ
[00:42:34] [263/445] CBMU
[00:42:35] [264/445] IUBS
[00:42:36] [265/445] INAP
[00:42:37] [266/445] SRRC
[00:42:37] [267/445] SAGR
[00:42:38] [268/445] CPMJ
[00:42:39] [269/445] ATJL
[00:42:40] [270/445] NNTD
[00:42:40] [271/445] JHCJ
[00:42:41] [272/445] CMMP
[00:42:42] [273/445] RSDR
[00:42:43] [274/445] AMTI
[00:42:44] [275/445] NYSG
[00:42:45] [276/445] AVSG
[00:42:45] [277/445] SYTP
[00:42:46] [278/445] LARC
[00:42:47] [279/445] RJTP
[00:42:48] [280/445] LAKC
[00:42:49] [281/445] MCXE
[00:42:50] [282/445] CCZC
[00:42:50] [283/445] AVCH
[00:42:51] [284/445] CMBE
[00:42:52] [285/445] MRRC
[00:42:53] [286/445] PCPY
[00:42:53] [287/445] SRMH
[00:42:54] [288/445] SVGS
[00:42:55] [289/445] PCSE
[00:42:57] [290/445] SVFT
[00:42:57] [291/445] TNZP
[00:42:58] [292/445] ICTP
[00:42:59] [293/445] ACTZ
[00:43:00] [294/445] GTUR
[00:43:01] [295/445] MAFC
[00:43:02] [296/445] MINL
[00:43:03] [297/445] MRCL
[00:43:04] [298/445] RCRP
[00:43:04] [299/445] RFFG
[00:43:06] [300/445] RMAS
[00:43:07] [301/445] INVR
[00:43:08] [302/445] RMAR
[00:43:09] [303/445] CNIS
[00:43:10] [304/445] RHRJ
[00:43:11] [305/445] INXR
[00:43:12] [306/445] VALT
[00:43:13] [307/445] LCSH
[00:43:13] [308/445] CMVS
[00:43:14] [309/445] CNMS
[00:43:15] [310/445] ROOG
[00:43:16] [311/445] ISRM
[00:43:17] [312/445] RCRM
[00:43:18] [313/445] ACJA
[00:43:19] [314/445] RCVS
[00:43:20] [315/445] CPUS
[00:43:21] [316/445] TGCS
[00:43:22] [317/445] RKCJ
[00:43:23] [318/445] MKSB
[00:43:24] [319/445] TCSJ
[00:43:25] [320/445] RMGP
[00:43:26] [321/445] CLLP
[00:43:26] [322/445] RCMV
[00:43:27] [323/445] CCKS
[00:43:28] [324/445] RSRP
[00:43:29] [325/445] APLP
[00:43:29] [326/445] CNVS
[00:43:30] [327/445] RMVY
[00:43:31] [328/445] PGBD
[00:43:32] [329/445] KLMS
[00:43:33] [330/445] RUST
[00:43:34] [331/445] MASM
[00:43:34] [332/445] BACS
[00:43:35] [333/445] BWST
[00:43:36] [334/445] RRFH
[00:43:37] [335/445] SJTM
[00:43:38] [336/445] BEMR
[00:43:39] [337/445] MCGR
[00:43:40] [338/445] SDSK
[00:43:41] [339/445] VBOL
[00:43:43] [340/445] RMGM
[00:43:44] [341/445] NOPL
[00:43:45] [342/445] MKJK
[00:43:46] [343/445] CVRN
[00:43:47] [344/445] MMEN
[00:43:47] [345/445] AMNG
[00:43:48] [346/445] INTM
[00:43:50] [347/445] SLCZ
[00:43:50] [348/445] AMJN
[00:43:51] [349/445] ACJN
[00:43:52] [350/445] AMKN
[00:43:53] [351/445] BTCN
[00:43:54] [352/445] AMBT
[00:43:55] [353/445] PACN
[00:43:56] [354/445] LCNS
[00:43:56] [355/445] PPKC
[00:43:57] [356/445] JYYN
[00:43:58] [357/445] JTNR
[00:44:00] [358/445] GTEE
[00:44:01] [359/445] SRNM
[00:44:02] [360/445] SDTC
[00:44:03] [361/445] VPCA
[00:44:03] [362/445] VLRA
[00:44:04] [363/445] SHKR
[00:44:05] [364/445] SBKD
[00:44:07] [365/445] SAAD
[00:44:08] [366/445] JTGN
[00:44:09] [367/445] SLAM
[00:44:11] [368/445] VTPM
[00:44:11] [369/445] ANPT
[00:44:12] [370/445] PUNB
[00:44:13] [371/445] CPKT
[00:44:14] [372/445] CNWE
[00:44:15] [373/445] ECPP
[00:44:16] [374/445] CPAR
[00:44:16] [375/445] ESBW
[00:44:17] [376/445] PKPU
[00:44:18] [377/445] CPRP
[00:44:19] [378/445] RAHU
[00:44:20] [379/445] RHMN
[00:44:20] [380/445] FMJP
[00:44:21] [381/445] CTMP
[00:44:22] [382/445] INPN
[00:44:23] [383/445] STTG
[00:44:24] [384/445] CTRD
[00:44:25] [385/445] PUVB
[00:44:26] [386/445] ESVP
[00:44:26] [387/445] CPFT
[00:44:27] [388/445] LCPC
[00:44:28] [389/445] VBCT
[00:44:29] [390/445] FSCW
[00:44:30] [391/445] VCMP
[00:44:31] [392/445] ASHC
[00:44:32] [393/445] VLCX
[00:44:33] [394/445] SHEV
[00:44:34] [395/445] APCO
[00:44:35] [396/445] SILC
[00:44:36] [397/445] SNMR
[00:44:37] [398/445] KYBO
[00:44:38] [399/445] SATK
[00:44:38] [400/445] SSCS
[00:44:39] [401/445] CLSB
[00:44:40] [402/445] KMJR
[00:44:41] [403/445] FSCK
[00:44:41] [404/445] NNKA
[00:44:42] [405/445] CLMK
[00:44:43] [406/445] DMPZ
[00:44:44] [407/445] INQM
[00:44:45] [408/445] CAML
[00:44:45] [409/445] INRK
[00:44:46] [410/445] IMKN
[00:44:47] [411/445] SVNR
[00:44:48] [412/445] INSL
[00:44:49] [413/445] MSMA
[00:44:49] [414/445] MCKK
[00:44:50] [415/445] FCHP
[00:44:51] [416/445] SFCR
[00:44:52] [417/445] NACK
[00:44:53] [418/445] PVAK
[00:44:54] [419/445] INER
[00:44:54] [420/445] RDBK
[00:44:55] [421/445] SVFN
[00:44:56] [422/445] IFRM
[00:44:57] [423/445] ATCK
[00:44:58] [424/445] ASKO
[00:44:59] [425/445] STKT
[00:45:00] [426/445] SVFB
[00:45:01] [427/445] INKS
[00:45:03] [428/445] PCRA
[00:45:04] [429/445] ATJA
[00:45:05] [430/445] IMJN
[00:45:05] [431/445] INHD
[00:45:06] [432/445] BARA
[00:45:07] [433/445] MCSL
[00:45:08] [434/445] RTOY
[00:45:09] [435/445] MENO
[00:45:10] [436/445] PUDM
[00:45:11] [437/445] PRCN
[00:45:12] [438/445] JMJR
[00:45:12] [439/445] SSGK
[00:45:13] [440/445] SSRL
[00:45:14] [441/445] JYKL
[00:45:15] [442/445] ACNB
[00:45:15] [443/445] SONP
[00:45:16] [444/445] EMCI
[00:45:17] [445/445] MRJH
[00:45:19] ✅ DONE | Shows=0 | Movies=0
