[10:18:56] 🚀 SCRIPT STARTED
[10:18:56] [1/445] TGMR
[10:18:56] 🧠 New identity created
[10:18:58] [2/445] CXKR
[10:18:59] [3/445] SROP
[10:19:00] [4/445] GTSV
[10:19:00] [5/445] SNTY
[10:19:01] [6/445] SMYY
[10:19:02] [7/445] CNCS
[10:19:03] [8/445] CSTM
[10:19:05] [9/445] NUCD
[10:19:06] [10/445] SHCZ
[10:19:07] [11/445] NJCT
[10:19:07] [12/445] COPC
[10:19:08] [13/445] STVV
[10:19:09] [14/445] SKRN
[10:19:10] [15/445] APPZ
[10:19:11] [16/445] YMGN
[10:19:12] [17/445] SVTU
[10:19:13] [18/445] GTAD
[10:19:13] [19/445] PSUS
[10:19:14] [20/445] SMCD
[10:19:15] [21/445] CMCM
[10:19:16] [22/445] SYCT
[10:19:17] [23/445] STLY
[10:19:18] [24/445] CMHU
[10:19:19] [25/445] CMSA
[10:19:20] [26/445] CLCU
[10:19:21] [27/445] PPNT
[10:19:22] [28/445] JTAB
[10:19:23] [29/445] BUUC
[10:19:24] [30/445] BSVK
[10:19:25] [31/445] VVVQ
[10:19:25] [32/445] TKMU
[10:19:26] [33/445] ESYL
[10:19:27] [34/445] ACHP
[10:19:29] [35/445] BTKD
[10:19:29] [36/445] DESA
[10:19:30] [37/445] GBCT
[10:19:31] [38/445] BLLD
[10:19:33] [39/445] SKNT
[10:19:33] [40/445] SSTE
[10:19:34] [41/445] VJMR
[10:19:36] [42/445] NTPU
[10:19:37] [43/445] RDKN
[10:19:38] [44/445] ADGC
[10:19:39] [45/445] VRBP
[10:19:40] [46/445] NMNA
[10:19:41] [47/445] CMMX
[10:19:42] [48/445] PTKO
[10:19:43] [49/445] RBML
[10:19:44] [50/445] SAIC
[10:19:44] [51/445] SVTJ
[10:19:45] [52/445] MRTE
[10:19:46] [53/445] RBTP
[10:19:48] [54/445] NLPS
[10:19:49] [55/445] GTNA
[10:19:51] [56/445] DGGC
[10:19:52] [57/445] SMCR
[10:19:53] [58/445] SCGD
[10:19:54] [59/445] SRRJ
[10:19:54] [60/445] CNRY
[10:19:55] [61/445] KTDI
[10:19:56] [62/445] SNJL
[10:19:57] [63/445] RKMD
[10:19:57] [64/445] SMDC
[10:19:58] [65/445] TADG
[10:19:59] [66/445] MCGS
[10:20:00] [67/445] PETK
[10:20:01] [68/445] CHAG
[10:20:02] [69/445] KSTL
[10:20:02] [70/445] AADS
[10:20:03] [71/445] NTHZ
[10:20:04] [72/445] HCKI
[10:20:05] [73/445] SSEF
[10:20:06] [74/445] MCGX
[10:20:07] [75/445] ERRA
[10:20:08] [76/445] SDTW
[10:20:09] [77/445] RMPK
[10:20:10] [78/445] PTHK
[10:20:11] [79/445] PXCS
[10:20:12] [80/445] SVLU
[10:20:13] [81/445] STAH
[10:20:15] [82/445] JRGF
[10:20:16] [83/445] CDOK
[10:20:17] [84/445] CMSG
[10:20:18] [85/445] APTD
[10:20:19] [86/445] KMPG
[10:20:20] [87/445] MUTJ
[10:20:21] [88/445] VCCI
[10:20:22] [89/445] URBE
[10:20:23] [90/445] TCTS
[10:20:24] [91/445] STSN
[10:20:24] [92/445] AKCH
[10:20:25] [93/445] APSC
[10:20:27] [94/445] VLTB
[10:20:28] [95/445] SANU
[10:20:29] [96/445] AXAM
[10:20:30] [97/445] MGMG
[10:20:30] [98/445] HTBY
[10:20:31] [99/445] MMZS
[10:20:32] [100/445] SUDR
[10:20:33] [101/445] CCAD
[10:20:34] [102/445] SKKC
[10:20:34] [103/445] RMCD
[10:20:35] [104/445] SBCQ
[10:20:36] [105/445] DCCT
[10:20:37] [106/445] VTKP
[10:20:38] [107/445] MLAM
[10:20:39] [108/445] SAVT
[10:20:39] [109/445] GEPL
[10:20:40] [110/445] AMCD
[10:20:41] [111/445] CCXR
[10:20:42] [112/445] GRNG
[10:20:43] [113/445] EBCA
[10:20:43] [114/445] CNVG
[10:20:44] [115/445] MWSS
[10:20:45] [116/445] VBOR
[10:20:46] [117/445] NEEB
[10:20:47] [118/445] SUTH
[10:20:48] [119/445] ANDB
[10:20:49] [120/445] MMXS
[10:20:50] [121/445] CNPD
[10:20:51] [122/445] SDCE
[10:20:51] [123/445] DHCB
[10:20:52] [124/445] ODEN
[10:20:53] [125/445] TNTC
[10:20:54] [126/445] VBKM
[10:20:55] [127/445] RZYM
[10:20:56] [128/445] JEMC
[10:20:57] [129/445] CMAU
[10:20:58] [130/445] SIVP
[10:20:59] [131/445] ATAG
[10:21:00] [132/445] CHTM
[10:21:00] [133/445] AAEE
[10:21:01] [134/445] IWPM
[10:21:02] [135/445] KCMW
[10:21:03] [136/445] MCTD
[10:21:04] [137/445] SPWR
[10:21:05] [138/445] SDPO
[10:21:06] [139/445] PCSK
[10:21:07] [140/445] ACHV
[10:21:07] [141/445] SVLA
[10:21:08] [142/445] PICT
[10:21:09] [143/445] BXDR
[10:21:10] [144/445] SPWA
[10:21:11] [145/445] MCKO
[10:21:13] [146/445] RTHK
[10:21:14] [147/445] CCMF
[10:21:15] [148/445] MRGB
[10:21:15] [149/445] CPLC
[10:21:16] [150/445] RACD
[10:21:17] [151/445] ATKT
[10:21:18] [152/445] SARN
[10:21:18] [153/445] KKUI
[10:21:19] [154/445] RGCM
[10:21:20] [155/445] BRVP
[10:21:21] [156/445] HRSR
[10:21:22] [157/445] GKGM
[10:21:23] [158/445] TTCD
[10:21:23] [159/445] PTTI
[10:21:24] [160/445] MPTT
[10:21:25] [161/445] CVTT
[10:21:26] [162/445] PCXD
[10:21:27] [163/445] GCDC
[10:21:27] [164/445] CCCF
[10:21:28] [165/445] MRAD
[10:21:29] [166/445] CPLK
[10:21:30] [167/445] SATB
[10:21:31] [168/445] SNVG
[10:21:32] [169/445] JMBA
[10:21:33] [170/445] TEJA
[10:21:34] [171/445] STYO
[10:21:35] [172/445] JTBP
[10:21:36] [173/445] KRGD
[10:21:36] [174/445] SLJJ
[10:21:37] [175/445] SPTJ
[10:21:38] [176/445] SWJG
[10:21:39] [177/445] LKRT
[10:21:41] [178/445] KCKA
[10:21:42] [179/445] SNCR
[10:21:43] [180/445] SMKL
[10:21:45] [181/445] GCFA
[10:21:46] [182/445] DDCK
[10:21:47] [183/445] NCHJ
[10:21:48] [184/445] RDMA
[10:21:49] [185/445] SVSV
[10:21:50] [186/445] SCJG
[10:21:50] [187/445] VKLP
[10:21:51] [188/445] NWCC
[10:21:52] [189/445] VKNS
[10:21:53] [190/445] SDDP
[10:21:54] [191/445] ACSI
[10:21:55] [192/445] SATG
[10:21:56] [193/445] SCMW
[10:21:57] [194/445] LKTK
[10:21:58] [195/445] VCKV
[10:21:59] [196/445] KKPE
[10:21:59] [197/445] KIGH
[10:22:00] [198/445] SRPM
[10:22:01] [199/445] SCAH
[10:22:02] [200/445] MUTA
[10:22:03] [201/445] SEPU
[10:22:04] [202/445] INOA
[10:22:05] [203/445] BASK
[10:22:06] [204/445] NECB
[10:22:07] [205/445] GTTG
[10:22:07] [206/445] ASSA
[10:22:08] [207/445] ANCL
[10:22:09] [208/445] GCTI
[10:22:10] [209/445] RCTS
[10:22:11] [210/445] ACNL
[10:22:12] [211/445] MYCT
[10:22:13] [212/445] NMHT
[10:22:14] [213/445] MDIT
[10:22:15] [214/445] LATG
[10:22:16] [215/445] SMTY
[10:22:17] [216/445] CVCT
[10:22:18] [217/445] RAMB
[10:22:20] [218/445] TGMS
[10:22:20] [219/445] BHEL
[10:22:21] [220/445] SHCT
[10:22:22] [221/445] SVCT
[10:22:23] [222/445] MRIY
[10:22:24] [223/445] SARO
[10:22:25] [224/445] STCT
[10:22:26] [225/445] JKKC
[10:22:26] [226/445] PLTT
[10:22:27] [227/445] SRNT
[10:22:28] [228/445] YAST
[10:22:29] [229/445] PERL
[10:22:30] [230/445] CICM
[10:22:31] [231/445] MMTR
[10:22:32] [232/445] ABTK
[10:22:32] [233/445] ATYY
[10:22:33] [234/445] ASTK
[10:22:34] [235/445] VVCK
[10:22:35] [236/445] ATKY
[10:22:36] [237/445] GWEK
[10:22:37] [238/445] SVFH
[10:22:37] [239/445] SLTA
[10:22:39] [240/445] AASH
[10:22:40] [241/445] ACXB
[10:22:41] [242/445] SMTX
[10:22:42] [243/445] AZDH
[10:22:43] [244/445] CMMH
[10:22:43] [245/445] SCSZ
[10:22:44] [246/445] SCKP
[10:22:45] [247/445] NXTM
[10:22:47] [248/445] NWCS
[10:22:48] [249/445] CXMH
[10:22:48] [250/445] PCMA
[10:22:49] [251/445] SGCM
[10:22:50] [252/445] SDTU
[10:22:51] [253/445] MMVI
[10:22:52] [254/445] JKCM
[10:22:53] [255/445] VCMM
[10:22:54] [256/445] SYEE
[10:22:55] [257/445] VASD
[10:22:56] [258/445] BDRB
[10:22:57] [259/445] LASM
[10:22:57] [260/445] DCRL
[10:22:58] [261/445] DVPM
[10:22:59] [262/445] SBMJ
[10:23:00] [263/445] CBMU
[10:23:02] [264/445] IUBS
[10:23:02] [265/445] INAP
[10:23:03] [266/445] SRRC
[10:23:04] [267/445] SAGR
[10:23:05] [268/445] CPMJ
[10:23:06] [269/445] ATJL
[10:23:07] [270/445] NNTD
[10:23:08] [271/445] JHCJ
[10:23:09] [272/445] CMMP
[10:23:09] [273/445] RSDR
[10:23:10] [274/445] AMTI
[10:23:11] [275/445] NYSG
[10:23:12] [276/445] AVSG
[10:23:13] [277/445] SYTP
[10:23:14] [278/445] LARC
[10:23:15] [279/445] RJTP
[10:23:16] [280/445] LAKC
[10:23:18] [281/445] MCXE
[10:23:19] [282/445] CCZC
[10:23:20] [283/445] AVCH
[10:23:21] [284/445] CMBE
[10:23:21] [285/445] MRRC
[10:23:22] [286/445] PCPY
[10:23:23] [287/445] SRMH
[10:23:24] [288/445] SVGS
[10:23:24] [289/445] PCSE
[10:23:25] [290/445] SVFT
[10:23:26] [291/445] TNZP
[10:23:28] [292/445] ICTP
[10:23:29] [293/445] ACTZ
[10:23:31] [294/445] GTUR
[10:23:32] [295/445] MAFC
[10:23:33] [296/445] MINL
[10:23:34] [297/445] MRCL
[10:23:35] [298/445] RCRP
[10:23:36] [299/445] RFFG
[10:23:38] [300/445] RMAS
[10:23:39] [301/445] INVR
[10:23:40] [302/445] RMAR
[10:23:41] [303/445] CNIS
[10:23:42] [304/445] RHRJ
[10:23:42] [305/445] INXR
[10:23:44] [306/445] VALT
[10:23:45] [307/445] LCSH
[10:23:45] [308/445] CMVS
[10:23:46] [309/445] CNMS
[10:23:47] [310/445] ROOG
[10:23:47] [311/445] ISRM
[10:23:48] [312/445] RCRM
[10:23:49] [313/445] ACJA
[10:23:50] [314/445] RCVS
[10:23:51] [315/445] CPUS
[10:23:52] [316/445] TGCS
[10:23:52] [317/445] RKCJ
[10:23:53] [318/445] MKSB
[10:23:54] [319/445] TCSJ
[10:23:55] [320/445] RMGP
[10:23:56] [321/445] CLLP
[10:23:57] [322/445] RCMV
[10:23:57] [323/445] CCKS
[10:23:58] [324/445] RSRP
[10:23:59] [325/445] APLP
[10:24:00] [326/445] CNVS
[10:24:02] [327/445] RMVY
[10:24:03] [328/445] PGBD
[10:24:03] [329/445] KLMS
[10:24:04] [330/445] RUST
[10:24:06] [331/445] MASM
[10:24:07] [332/445] BACS
[10:24:08] [333/445] BWST
[10:24:09] [334/445] RRFH
[10:24:09] [335/445] SJTM
[10:24:10] [336/445] BEMR
[10:24:11] [337/445] MCGR
[10:24:12] [338/445] SDSK
[10:24:13] [339/445] VBOL
[10:24:14] [340/445] RMGM
[10:24:15] [341/445] NOPL
[10:24:15] [342/445] MKJK
[10:24:17] [343/445] CVRN
[10:24:18] [344/445] MMEN
[10:24:19] [345/445] AMNG
[10:24:20] [346/445] INTM
[10:24:20] [347/445] SLCZ
[10:24:21] [348/445] AMJN
[10:24:22] [349/445] ACJN
[10:24:23] [350/445] AMKN
[10:24:24] [351/445] BTCN
[10:24:24] [352/445] AMBT
[10:24:25] [353/445] PACN
[10:24:26] [354/445] LCNS
[10:24:27] [355/445] PPKC
[10:24:28] [356/445] JYYN
[10:24:29] [357/445] JTNR
[10:24:29] [358/445] GTEE
[10:24:30] [359/445] SRNM
[10:24:31] [360/445] SDTC
[10:24:32] [361/445] VPCA
[10:24:33] [362/445] VLRA
[10:24:34] [363/445] SHKR
[10:24:34] [364/445] SBKD
[10:24:35] [365/445] SAAD
[10:24:36] [366/445] JTGN
[10:24:37] [367/445] SLAM
[10:24:38] [368/445] VTPM
[10:24:38] [369/445] ANPT
[10:24:39] [370/445] PUNB
[10:24:40] [371/445] CPKT
[10:24:41] [372/445] CNWE
[10:24:42] [373/445] ECPP
[10:24:43] [374/445] CPAR
[10:24:44] [375/445] ESBW
[10:24:45] [376/445] PKPU
[10:24:46] [377/445] CPRP
[10:24:47] [378/445] RAHU
[10:24:48] [379/445] RHMN
[10:24:48] [380/445] FMJP
[10:24:49] [381/445] CTMP
[10:24:50] [382/445] INPN
[10:24:51] [383/445] STTG
[10:24:52] [384/445] CTRD
[10:24:53] [385/445] PUVB
[10:24:53] [386/445] ESVP
[10:24:54] [387/445] CPFT
[10:24:55] [388/445] LCPC
[10:24:56] [389/445] VBCT
[10:24:57] [390/445] FSCW
[10:24:57] [391/445] VCMP
[10:24:58] [392/445] ASHC
[10:24:59] [393/445] VLCX
[10:25:00] [394/445] SHEV
[10:25:01] [395/445] APCO
[10:25:02] [396/445] SILC
[10:25:03] [397/445] SNMR
[10:25:04] [398/445] KYBO
[10:25:05] [399/445] SATK
[10:25:06] [400/445] SSCS
[10:25:07] [401/445] CLSB
[10:25:08] [402/445] KMJR
[10:25:09] [403/445] FSCK
[10:25:10] [404/445] NNKA
[10:25:10] [405/445] CLMK
[10:25:11] [406/445] DMPZ
[10:25:12] [407/445] INQM
[10:25:13] [408/445] CAML
[10:25:14] [409/445] INRK
[10:25:15] [410/445] IMKN
[10:25:15] [411/445] SVNR
[10:25:16] [412/445] INSL
[10:25:17] [413/445] MSMA
[10:25:19] [414/445] MCKK
[10:25:20] [415/445] FCHP
[10:25:21] [416/445] SFCR
[10:25:21] [417/445] NACK
[10:25:22] [418/445] PVAK
[10:25:24] [419/445] INER
[10:25:25] [420/445] RDBK
[10:25:26] [421/445] SVFN
[10:25:27] [422/445] IFRM
[10:25:27] [423/445] ATCK
[10:25:28] [424/445] ASKO
[10:25:29] [425/445] STKT
[10:25:30] [426/445] SVFB
[10:25:32] [427/445] INKS
[10:25:32] [428/445] PCRA
[10:25:33] [429/445] ATJA
[10:25:34] [430/445] IMJN
[10:25:35] [431/445] INHD
[10:25:36] [432/445] BARA
[10:25:36] [433/445] MCSL
[10:25:37] [434/445] RTOY
[10:25:38] [435/445] MENO
[10:25:39] [436/445] PUDM
[10:25:40] [437/445] PRCN
[10:25:41] [438/445] JMJR
[10:25:42] [439/445] SSGK
[10:25:43] [440/445] SSRL
[10:25:44] [441/445] JYKL
[10:25:45] [442/445] ACNB
[10:25:46] [443/445] SONP
[10:25:48] [444/445] EMCI
[10:25:48] [445/445] MRJH
[10:25:49] 🧹 Deduping shows
[10:25:49] ✅ DONE | Shows=30 | Movies=4
[16:48:50] 🚀 SCRIPT STARTED
[16:48:50] [1/445] TGMR
[16:48:50] 🧠 New identity created
[16:48:50] [2/445] CXKR
[16:48:51] [3/445] SROP
[16:48:53] [4/445] GTSV
[16:48:54] [5/445] SNTY
[16:48:55] [6/445] SMYY
[16:48:55] [7/445] CNCS
[16:48:56] [8/445] CSTM
[16:48:57] [9/445] NUCD
[16:48:58] [10/445] SHCZ
[16:49:00] [11/445] NJCT
[16:49:01] [12/445] COPC
[16:49:01] [13/445] STVV
[16:49:02] [14/445] SKRN
[16:49:03] [15/445] APPZ
[16:49:04] [16/445] YMGN
[16:49:04] [17/445] SVTU
[16:49:05] [18/445] GTAD
[16:49:06] [19/445] PSUS
[16:49:07] [20/445] SMCD
[16:49:07] [21/445] CMCM
[16:49:08] [22/445] SYCT
[16:49:09] [23/445] STLY
[16:49:10] [24/445] CMHU
[16:49:11] [25/445] CMSA
[16:49:11] [26/445] CLCU
[16:49:12] [27/445] PPNT
[16:49:13] [28/445] JTAB
[16:49:14] [29/445] BUUC
[16:49:14] [30/445] BSVK
[16:49:15] [31/445] VVVQ
[16:49:16] [32/445] TKMU
[16:49:17] [33/445] ESYL
[16:49:18] [34/445] ACHP
[16:49:19] [35/445] BTKD
[16:49:20] [36/445] DESA
[16:49:20] [37/445] GBCT
[16:49:21] [38/445] BLLD
[16:49:22] [39/445] SKNT
[16:49:24] [40/445] SSTE
[16:49:25] [41/445] VJMR
[16:49:25] [42/445] NTPU
[16:49:26] [43/445] RDKN
[16:49:27] [44/445] ADGC
[16:49:28] [45/445] VRBP
[16:49:28] [46/445] NMNA
[16:49:29] [47/445] CMMX
[16:49:30] [48/445] PTKO
[16:49:32] [49/445] RBML
[16:49:32] [50/445] SAIC
[16:49:33] [51/445] SVTJ
[16:49:34] [52/445] MRTE
[16:49:35] [53/445] RBTP
[16:49:35] [54/445] NLPS
[16:49:36] [55/445] GTNA
[16:49:37] [56/445] DGGC
[16:49:38] [57/445] SMCR
[16:49:39] [58/445] SCGD
[16:49:40] [59/445] SRRJ
[16:49:40] [60/445] CNRY
[16:49:41] [61/445] KTDI
[16:49:42] [62/445] SNJL
[16:49:42] [63/445] RKMD
[16:49:43] [64/445] SMDC
[16:49:44] [65/445] TADG
[16:49:45] [66/445] MCGS
[16:49:45] [67/445] PETK
[16:49:46] [68/445] CHAG
[16:49:47] [69/445] KSTL
[16:49:48] [70/445] AADS
[16:49:49] [71/445] NTHZ
[16:49:49] [72/445] HCKI
[16:49:51] [73/445] SSEF
[16:49:52] [74/445] MCGX
[16:49:53] [75/445] ERRA
[16:49:53] [76/445] SDTW
[16:49:54] [77/445] RMPK
[16:49:55] [78/445] PTHK
[16:49:56] [79/445] PXCS
[16:49:56] [80/445] SVLU
[16:49:58] [81/445] STAH
[16:49:59] [82/445] JRGF
[16:49:59] [83/445] CDOK
[16:50:00] [84/445] CMSG
[16:50:01] [85/445] APTD
[16:50:02] [86/445] KMPG
[16:50:02] [87/445] MUTJ
[16:50:04] [88/445] VCCI
[16:50:05] [89/445] URBE
[16:50:06] [90/445] TCTS
[16:50:07] [91/445] STSN
[16:50:08] [92/445] AKCH
[16:50:09] [93/445] APSC
[16:50:10] [94/445] VLTB
[16:50:11] [95/445] SANU
[16:50:11] [96/445] AXAM
[16:50:12] [97/445] MGMG
[16:50:13] [98/445] HTBY
[16:50:14] [99/445] MMZS
[16:50:14] [100/445] SUDR
[16:50:15] [101/445] CCAD
[16:50:17] [102/445] SKKC
[16:50:18] [103/445] RMCD
[16:50:18] [104/445] SBCQ
[16:50:19] [105/445] DCCT
[16:50:20] [106/445] VTKP
[16:50:22] [107/445] MLAM
[16:50:22] [108/445] SAVT
[16:50:23] [109/445] GEPL
[16:50:24] [110/445] AMCD
[16:50:26] [111/445] CCXR
[16:50:27] [112/445] GRNG
[16:50:27] [113/445] EBCA
[16:50:28] [114/445] CNVG
[16:50:29] [115/445] MWSS
[16:50:29] [116/445] VBOR
[16:50:30] [117/445] NEEB
[16:50:31] [118/445] SUTH
[16:50:32] [119/445] ANDB
[16:50:33] [120/445] MMXS
[16:50:33] [121/445] CNPD
[16:50:34] [122/445] SDCE
[16:50:35] [123/445] DHCB
[16:50:35] [124/445] ODEN
[16:50:36] [125/445] TNTC
[16:50:37] [126/445] VBKM
[16:50:38] [127/445] RZYM
[16:50:39] [128/445] JEMC
[16:50:40] [129/445] CMAU
[16:50:41] [130/445] SIVP
[16:50:42] [131/445] ATAG
[16:50:42] [132/445] CHTM
[16:50:43] [133/445] AAEE
[16:50:44] [134/445] IWPM
[16:50:45] [135/445] KCMW
[16:50:45] [136/445] MCTD
[16:50:46] [137/445] SPWR
[16:50:47] [138/445] SDPO
[16:50:48] [139/445] PCSK
[16:50:48] [140/445] ACHV
[16:50:49] [141/445] SVLA
[16:50:50] [142/445] PICT
[16:50:51] [143/445] BXDR
[16:50:52] [144/445] SPWA
[16:50:53] [145/445] MCKO
[16:50:54] [146/445] RTHK
[16:50:55] [147/445] CCMF
[16:50:56] [148/445] MRGB
[16:50:57] [149/445] CPLC
[16:50:57] [150/445] RACD
[16:50:58] [151/445] ATKT
[16:50:59] [152/445] SARN
[16:51:00] [153/445] KKUI
[16:51:01] [154/445] RGCM
[16:51:02] [155/445] BRVP
[16:51:02] [156/445] HRSR
[16:51:03] [157/445] GKGM
[16:51:04] [158/445] TTCD
[16:51:05] [159/445] PTTI
[16:51:05] [160/445] MPTT
[16:51:06] [161/445] CVTT
[16:51:07] [162/445] PCXD
[16:51:08] [163/445] GCDC
[16:51:09] [164/445] CCCF
[16:51:10] [165/445] MRAD
[16:51:10] [166/445] CPLK
[16:51:11] [167/445] SATB
[16:51:12] [168/445] SNVG
[16:51:13] [169/445] JMBA
[16:51:14] [170/445] TEJA
[16:51:15] [171/445] STYO
[16:51:16] [172/445] JTBP
[16:51:17] [173/445] KRGD
[16:51:17] [174/445] SLJJ
[16:51:18] [175/445] SPTJ
[16:51:19] [176/445] SWJG
[16:51:20] [177/445] LKRT
[16:51:21] [178/445] KCKA
[16:51:22] [179/445] SNCR
[16:51:23] [180/445] SMKL
[16:51:24] [181/445] GCFA
[16:51:25] [182/445] DDCK
[16:51:26] [183/445] NCHJ
[16:51:27] [184/445] RDMA
[16:51:28] [185/445] SVSV
[16:51:28] [186/445] SCJG
[16:51:29] [187/445] VKLP
[16:51:30] [188/445] NWCC
[16:51:30] [189/445] VKNS
[16:51:31] [190/445] SDDP
[16:51:32] [191/445] ACSI
[16:51:33] [192/445] SATG
[16:51:33] [193/445] SCMW
[16:51:34] [194/445] LKTK
[16:51:35] [195/445] VCKV
[16:51:37] [196/445] KKPE
[16:51:38] [197/445] KIGH
[16:51:39] [198/445] SRPM
[16:51:40] [199/445] SCAH
[16:51:41] [200/445] MUTA
[16:51:42] [201/445] SEPU
[16:51:42] [202/445] INOA
[16:51:43] [203/445] BASK
[16:51:44] [204/445] NECB
[16:51:45] [205/445] GTTG
[16:51:46] [206/445] ASSA
[16:51:47] [207/445] ANCL
[16:51:48] [208/445] GCTI
[16:51:49] [209/445] RCTS
[16:51:50] [210/445] ACNL
[16:51:51] [211/445] MYCT
[16:51:51] [212/445] NMHT
[16:51:52] [213/445] MDIT
[16:51:53] [214/445] LATG
[16:51:54] [215/445] SMTY
[16:51:54] [216/445] CVCT
[16:51:55] [217/445] RAMB
[16:51:56] [218/445] TGMS
[16:51:57] [219/445] BHEL
[16:51:57] [220/445] SHCT
[16:51:58] [221/445] SVCT
[16:51:59] [222/445] MRIY
[16:52:00] [223/445] SARO
[16:52:01] [224/445] STCT
[16:52:01] [225/445] JKKC
[16:52:02] [226/445] PLTT
[16:52:03] [227/445] SRNT
[16:52:04] [228/445] YAST
[16:52:04] [229/445] PERL
[16:52:05] [230/445] CICM
[16:52:06] [231/445] MMTR
[16:52:07] [232/445] ABTK
[16:52:07] [233/445] ATYY
[16:52:08] [234/445] ASTK
[16:52:09] [235/445] VVCK
[16:52:10] [236/445] ATKY
[16:52:10] [237/445] GWEK
[16:52:11] [238/445] SVFH
[16:52:12] [239/445] SLTA
[16:52:13] [240/445] AASH
[16:52:14] [241/445] ACXB
[16:52:15] [242/445] SMTX
[16:52:16] [243/445] AZDH
[16:52:17] [244/445] CMMH
[16:52:18] [245/445] SCSZ
[16:52:19] [246/445] SCKP
[16:52:20] [247/445] NXTM
[16:52:20] [248/445] NWCS
[16:52:21] [249/445] CXMH
[16:52:22] [250/445] PCMA
[16:52:23] [251/445] SGCM
[16:52:24] [252/445] SDTU
[16:52:25] [253/445] MMVI
[16:52:26] [254/445] JKCM
[16:52:26] [255/445] VCMM
[16:52:27] [256/445] SYEE
[16:52:28] [257/445] VASD
[16:52:29] [258/445] BDRB
[16:52:30] [259/445] LASM
[16:52:31] [260/445] DCRL
[16:52:32] [261/445] DVPM
[16:52:33] [262/445] SBMJ
[16:52:34] [263/445] CBMU
[16:52:35] [264/445] IUBS
[16:52:36] [265/445] INAP
[16:52:36] [266/445] SRRC
[16:52:37] [267/445] SAGR
[16:52:38] [268/445] CPMJ
[16:52:39] [269/445] ATJL
[16:52:39] [270/445] NNTD
[16:52:40] [271/445] JHCJ
[16:52:41] [272/445] CMMP
[16:52:42] [273/445] RSDR
[16:52:43] [274/445] AMTI
[16:52:44] [275/445] NYSG
[16:52:45] [276/445] AVSG
[16:52:45] [277/445] SYTP
[16:52:46] [278/445] LARC
[16:52:47] [279/445] RJTP
[16:52:48] [280/445] LAKC
[16:52:50] [281/445] MCXE
[16:52:50] [282/445] CCZC
[16:52:51] [283/445] AVCH
[16:52:52] [284/445] CMBE
[16:52:53] [285/445] MRRC
[16:52:55] [286/445] PCPY
[16:52:55] [287/445] SRMH
[16:52:56] [288/445] SVGS
[16:52:57] [289/445] PCSE
[16:52:58] [290/445] SVFT
[16:52:59] [291/445] TNZP
[16:53:00] [292/445] ICTP
[16:53:01] [293/445] ACTZ
[16:53:02] [294/445] GTUR
[16:53:03] [295/445] MAFC
[16:53:03] [296/445] MINL
[16:53:04] [297/445] MRCL
[16:53:06] [298/445] RCRP
[16:53:06] [299/445] RFFG
[16:53:07] [300/445] RMAS
[16:53:08] [301/445] INVR
[16:53:09] [302/445] RMAR
[16:53:10] [303/445] CNIS
[16:53:12] [304/445] RHRJ
[16:53:12] [305/445] INXR
[16:53:14] [306/445] VALT
[16:53:15] [307/445] LCSH
[16:53:16] [308/445] CMVS
[16:53:18] [309/445] CNMS
[16:53:18] [310/445] ROOG
[16:53:19] [311/445] ISRM
[16:53:20] [312/445] RCRM
[16:53:21] [313/445] ACJA
[16:53:22] [314/445] RCVS
[16:53:23] [315/445] CPUS
[16:53:23] [316/445] TGCS
[16:53:24] [317/445] RKCJ
[16:53:25] [318/445] MKSB
[16:53:26] [319/445] TCSJ
[16:53:27] [320/445] RMGP
[16:53:28] [321/445] CLLP
[16:53:29] [322/445] RCMV
[16:53:29] [323/445] CCKS
[16:53:30] [324/445] RSRP
[16:53:31] [325/445] APLP
[16:53:32] [326/445] CNVS
[16:53:33] [327/445] RMVY
[16:53:34] [328/445] PGBD
[16:53:34] [329/445] KLMS
[16:53:35] [330/445] RUST
[16:53:36] [331/445] MASM
[16:53:37] [332/445] BACS
[16:53:38] [333/445] BWST
[16:53:38] [334/445] RRFH
[16:53:39] [335/445] SJTM
[16:53:40] [336/445] BEMR
[16:53:41] [337/445] MCGR
[16:53:42] [338/445] SDSK
[16:53:42] [339/445] VBOL
[16:53:43] [340/445] RMGM
[16:53:44] [341/445] NOPL
[16:53:45] [342/445] MKJK
[16:53:46] [343/445] CVRN
[16:53:47] [344/445] MMEN
[16:53:48] [345/445] AMNG
[16:53:49] [346/445] INTM
[16:53:50] [347/445] SLCZ
[16:53:50] [348/445] AMJN
[16:53:51] [349/445] ACJN
[16:53:52] [350/445] AMKN
[16:53:53] [351/445] BTCN
[16:53:53] [352/445] AMBT
[16:53:54] [353/445] PACN
[16:53:55] [354/445] LCNS
[16:53:56] [355/445] PPKC
[16:53:57] [356/445] JYYN
[16:53:57] [357/445] JTNR
[16:53:58] [358/445] GTEE
[16:53:59] [359/445] SRNM
[16:54:00] [360/445] SDTC
[16:54:01] [361/445] VPCA
[16:54:02] [362/445] VLRA
[16:54:02] [363/445] SHKR
[16:54:03] [364/445] SBKD
[16:54:04] [365/445] SAAD
[16:54:05] [366/445] JTGN
[16:54:06] [367/445] SLAM
[16:54:07] [368/445] VTPM
[16:54:07] [369/445] ANPT
[16:54:08] [370/445] PUNB
[16:54:09] [371/445] CPKT
[16:54:10] [372/445] CNWE
[16:54:11] [373/445] ECPP
[16:54:12] [374/445] CPAR
[16:54:13] [375/445] ESBW
[16:54:14] [376/445] PKPU
[16:54:14] [377/445] CPRP
[16:54:15] [378/445] RAHU
[16:54:16] [379/445] RHMN
[16:54:17] [380/445] FMJP
[16:54:18] [381/445] CTMP
[16:54:19] [382/445] INPN
[16:54:20] [383/445] STTG
[16:54:20] [384/445] CTRD
[16:54:21] [385/445] PUVB
[16:54:22] [386/445] ESVP
[16:54:23] [387/445] CPFT
[16:54:24] [388/445] LCPC
[16:54:24] [389/445] VBCT
[16:54:25] [390/445] FSCW
[16:54:26] [391/445] VCMP
[16:54:27] [392/445] ASHC
[16:54:28] [393/445] VLCX
[16:54:29] [394/445] SHEV
[16:54:29] [395/445] APCO
[16:54:30] [396/445] SILC
[16:54:31] [397/445] SNMR
[16:54:32] [398/445] KYBO
[16:54:32] [399/445] SATK
[16:54:33] [400/445] SSCS
[16:54:34] [401/445] CLSB
[16:54:35] [402/445] KMJR
[16:54:36] [403/445] FSCK
[16:54:36] [404/445] NNKA
[16:54:37] [405/445] CLMK
[16:54:38] [406/445] DMPZ
[16:54:39] [407/445] INQM
[16:54:39] [408/445] CAML
[16:54:40] [409/445] INRK
[16:54:41] [410/445] IMKN
[16:54:42] [411/445] SVNR
[16:54:43] [412/445] INSL
[16:54:43] [413/445] MSMA
[16:54:44] [414/445] MCKK
[16:54:45] [415/445] FCHP
[16:54:46] [416/445] SFCR
[16:54:47] [417/445] NACK
[16:54:48] [418/445] PVAK
[16:54:48] [419/445] INER
[16:54:49] [420/445] RDBK
[16:54:50] [421/445] SVFN
[16:54:51] [422/445] IFRM
[16:54:52] [423/445] ATCK
[16:54:52] [424/445] ASKO
[16:54:53] [425/445] STKT
[16:54:54] [426/445] SVFB
[16:54:54] [427/445] INKS
[16:54:55] [428/445] PCRA
[16:54:57] [429/445] ATJA
[16:54:58] [430/445] IMJN
[16:54:58] [431/445] INHD
[16:55:00] [432/445] BARA
[16:55:01] [433/445] MCSL
[16:55:01] [434/445] RTOY
[16:55:02] [435/445] MENO
[16:55:03] [436/445] PUDM
[16:55:03] [437/445] PRCN
[16:55:04] [438/445] JMJR
[16:55:05] [439/445] SSGK
[16:55:06] [440/445] SSRL
[16:55:07] [441/445] JYKL
[16:55:08] [442/445] ACNB
[16:55:09] [443/445] SONP
[16:55:09] [444/445] EMCI
[16:55:10] [445/445] MRJH
[16:55:11] 🧹 Deduping shows
[16:55:11] ✅ DONE | Shows=30 | Movies=4
[04:49:36] 🚀 SCRIPT STARTED
[04:49:36] [1/445] TGMR
[04:49:36] 🧠 New identity created
[04:49:37] [2/445] CXKR
[04:49:38] [3/445] SROP
[04:49:38] [4/445] GTSV
[04:49:39] [5/445] SNTY
[04:49:40] [6/445] SMYY
[04:49:40] [7/445] CNCS
[04:49:41] [8/445] CSTM
[04:49:42] [9/445] NUCD
[04:49:42] [10/445] SHCZ
[04:49:43] [11/445] NJCT
[04:49:43] [12/445] COPC
[04:49:44] [13/445] STVV
[04:49:44] [14/445] SKRN
[04:49:45] [15/445] APPZ
[04:49:46] [16/445] YMGN
[04:49:46] [17/445] SVTU
[04:49:47] [18/445] GTAD
[04:49:48] [19/445] PSUS
[04:49:48] [20/445] SMCD
[04:49:49] [21/445] CMCM
[04:49:49] [22/445] SYCT
[04:49:50] [23/445] STLY
[04:49:50] [24/445] CMHU
[04:49:51] [25/445] CMSA
[04:49:52] [26/445] CLCU
[04:49:53] [27/445] PPNT
[04:49:53] [28/445] JTAB
[04:49:54] [29/445] BUUC
[04:49:54] [30/445] BSVK
[04:49:55] [31/445] VVVQ
[04:49:56] [32/445] TKMU
[04:49:56] [33/445] ESYL
[04:49:57] [34/445] ACHP
[04:49:57] [35/445] BTKD
[04:49:58] [36/445] DESA
[04:49:58] [37/445] GBCT
[04:49:59] [38/445] BLLD
[04:50:00] [39/445] SKNT
[04:50:00] [40/445] SSTE
[04:50:01] [41/445] VJMR
[04:50:01] [42/445] NTPU
[04:50:02] [43/445] RDKN
[04:50:03] [44/445] ADGC
[04:50:03] [45/445] VRBP
[04:50:04] [46/445] NMNA
[04:50:05] [47/445] CMMX
[04:50:05] [48/445] PTKO
[04:50:06] [49/445] RBML
[04:50:07] [50/445] SAIC
[04:50:07] [51/445] SVTJ
[04:50:08] [52/445] MRTE
[04:50:08] [53/445] RBTP
[04:50:09] [54/445] NLPS
[04:50:10] [55/445] GTNA
[04:50:10] [56/445] DGGC
[04:50:11] [57/445] SMCR
[04:50:11] [58/445] SCGD
[04:50:12] [59/445] SRRJ
[04:50:13] [60/445] CNRY
[04:50:13] [61/445] KTDI
[04:50:14] [62/445] SNJL
[04:50:15] [63/445] RKMD
[04:50:15] [64/445] SMDC
[04:50:16] [65/445] TADG
[04:50:16] [66/445] MCGS
[04:50:17] [67/445] PETK
[04:50:18] [68/445] CHAG
[04:50:18] [69/445] KSTL
[04:50:19] [70/445] AADS
[04:50:19] [71/445] NTHZ
[04:50:20] [72/445] HCKI
[04:50:20] [73/445] SSEF
[04:50:21] [74/445] MCGX
[04:50:21] [75/445] ERRA
[04:50:22] [76/445] SDTW
[04:50:22] [77/445] RMPK
[04:50:23] [78/445] PTHK
[04:50:24] [79/445] PXCS
[04:50:24] [80/445] SVLU
[04:50:25] [81/445] STAH
[04:50:25] [82/445] JRGF
[04:50:26] [83/445] CDOK
[04:50:26] [84/445] CMSG
[04:50:27] [85/445] APTD
[04:50:28] [86/445] KMPG
[04:50:28] [87/445] MUTJ
[04:50:29] [88/445] VCCI
[04:50:30] [89/445] URBE
[04:50:30] [90/445] TCTS
[04:50:31] [91/445] STSN
[04:50:31] [92/445] AKCH
[04:50:32] [93/445] APSC
[04:50:32] [94/445] VLTB
[04:50:33] [95/445] SANU
[04:50:34] [96/445] AXAM
[04:50:34] [97/445] MGMG
[04:50:35] [98/445] HTBY
[04:50:36] [99/445] MMZS
[04:50:36] [100/445] SUDR
[04:50:36] [101/445] CCAD
[04:50:37] [102/445] SKKC
[04:50:38] [103/445] RMCD
[04:50:38] [104/445] SBCQ
[04:50:39] [105/445] DCCT
[04:50:39] [106/445] VTKP
[04:50:40] [107/445] MLAM
[04:50:40] [108/445] SAVT
[04:50:41] [109/445] GEPL
[04:50:41] [110/445] AMCD
[04:50:42] [111/445] CCXR
[04:50:43] [112/445] GRNG
[04:50:43] [113/445] EBCA
[04:50:44] [114/445] CNVG
[04:50:44] [115/445] MWSS
[04:50:45] [116/445] VBOR
[04:50:45] [117/445] NEEB
[04:50:46] [118/445] SUTH
[04:50:47] [119/445] ANDB
[04:50:47] [120/445] MMXS
[04:50:48] [121/445] CNPD
[04:50:49] [122/445] SDCE
[04:50:49] [123/445] DHCB
[04:50:50] [124/445] ODEN
[04:50:50] [125/445] TNTC
[04:50:51] [126/445] VBKM
[04:50:52] [127/445] RZYM
[04:50:52] [128/445] JEMC
[04:50:53] [129/445] CMAU
[04:50:53] [130/445] SIVP
[04:50:54] [131/445] ATAG
[04:50:54] [132/445] CHTM
[04:50:55] [133/445] AAEE
[04:50:55] [134/445] IWPM
[04:50:56] [135/445] KCMW
[04:50:57] [136/445] MCTD
[04:50:57] [137/445] SPWR
[04:50:58] [138/445] SDPO
[04:50:58] [139/445] PCSK
[04:50:59] [140/445] ACHV
[04:50:59] [141/445] SVLA
[04:51:00] [142/445] PICT
[04:51:01] [143/445] BXDR
[04:51:01] [144/445] SPWA
[04:51:02] [145/445] MCKO
[04:51:02] [146/445] RTHK
[04:51:03] [147/445] CCMF
[04:51:03] [148/445] MRGB
[04:51:04] [149/445] CPLC
[04:51:05] [150/445] RACD
[04:51:05] [151/445] ATKT
[04:51:06] [152/445] SARN
[04:51:06] [153/445] KKUI
[04:51:07] [154/445] RGCM
[04:51:08] [155/445] BRVP
[04:51:08] [156/445] HRSR
[04:51:09] [157/445] GKGM
[04:51:09] [158/445] TTCD
[04:51:10] [159/445] PTTI
[04:51:11] [160/445] MPTT
[04:51:11] [161/445] CVTT
[04:51:12] [162/445] PCXD
[04:51:12] [163/445] GCDC
[04:51:13] [164/445] CCCF
[04:51:13] [165/445] MRAD
[04:51:14] [166/445] CPLK
[04:51:14] [167/445] SATB
[04:51:15] [168/445] SNVG
[04:51:15] [169/445] JMBA
[04:51:16] [170/445] TEJA
[04:51:17] [171/445] STYO
[04:51:17] [172/445] JTBP
[04:51:18] [173/445] KRGD
[04:51:18] [174/445] SLJJ
[04:51:19] [175/445] SPTJ
[04:51:19] [176/445] SWJG
[04:51:20] [177/445] LKRT
[04:51:21] [178/445] KCKA
[04:51:21] [179/445] SNCR
[04:51:22] [180/445] SMKL
[04:51:22] [181/445] GCFA
[04:51:23] [182/445] DDCK
[04:51:23] [183/445] NCHJ
[04:51:24] [184/445] RDMA
[04:51:25] [185/445] SVSV
[04:51:25] [186/445] SCJG
[04:51:26] [187/445] VKLP
[04:51:26] [188/445] NWCC
[04:51:27] [189/445] VKNS
[04:51:27] [190/445] SDDP
[04:51:28] [191/445] ACSI
[04:51:29] [192/445] SATG
[04:51:29] [193/445] SCMW
[04:51:30] [194/445] LKTK
[04:51:30] [195/445] VCKV
[04:51:31] [196/445] KKPE
[04:51:32] [197/445] KIGH
[04:51:32] [198/445] SRPM
[04:51:33] [199/445] SCAH
[04:51:33] [200/445] MUTA
[04:51:34] [201/445] SEPU
[04:51:34] [202/445] INOA
[04:51:35] [203/445] BASK
[04:51:35] [204/445] NECB
[04:51:36] [205/445] GTTG
[04:51:37] [206/445] ASSA
[04:51:37] [207/445] ANCL
[04:51:38] [208/445] GCTI
[04:51:39] [209/445] RCTS
[04:51:39] [210/445] ACNL
[04:51:40] [211/445] MYCT
[04:51:40] [212/445] NMHT
[04:51:41] [213/445] MDIT
[04:51:41] [214/445] LATG
[04:51:42] [215/445] SMTY
[04:51:42] [216/445] CVCT
[04:51:43] [217/445] RAMB
[04:51:43] [218/445] TGMS
[04:51:44] [219/445] BHEL
[04:51:45] [220/445] SHCT
[04:51:45] [221/445] SVCT
[04:51:46] [222/445] MRIY
[04:51:47] [223/445] SARO
[04:51:47] [224/445] STCT
[04:51:48] [225/445] JKKC
[04:51:48] [226/445] PLTT
[04:51:49] [227/445] SRNT
[04:51:50] [228/445] YAST
[04:51:50] [229/445] PERL
[04:51:51] [230/445] CICM
[04:51:52] [231/445] MMTR
[04:51:52] [232/445] ABTK
[04:51:52] [233/445] ATYY
[04:51:53] [234/445] ASTK
[04:51:53] [235/445] VVCK
[04:51:54] [236/445] ATKY
[04:51:54] [237/445] GWEK
[04:51:55] [238/445] SVFH
[04:51:55] [239/445] SLTA
[04:51:56] [240/445] AASH
[04:51:57] [241/445] ACXB
[04:51:57] [242/445] SMTX
[04:51:57] [243/445] AZDH
[04:51:58] [244/445] CMMH
[04:51:59] [245/445] SCSZ
[04:51:59] [246/445] SCKP
[04:52:00] [247/445] NXTM
[04:52:00] [248/445] NWCS
[04:52:01] [249/445] CXMH
[04:52:02] [250/445] PCMA
[04:52:03] [251/445] SGCM
[04:52:03] [252/445] SDTU
[04:52:04] [253/445] MMVI
[04:52:05] [254/445] JKCM
[04:52:05] [255/445] VCMM
[04:52:06] [256/445] SYEE
[04:52:06] [257/445] VASD
[04:52:07] [258/445] BDRB
[04:52:07] [259/445] LASM
[04:52:08] [260/445] DCRL
[04:52:09] [261/445] DVPM
[04:52:09] [262/445] SBMJ
[04:52:10] [263/445] CBMU
[04:52:10] [264/445] IUBS
[04:52:11] [265/445] INAP
[04:52:11] [266/445] SRRC
[04:52:12] [267/445] SAGR
[04:52:12] [268/445] CPMJ
[04:52:13] [269/445] ATJL
[04:52:13] [270/445] NNTD
[04:52:14] [271/445] JHCJ
[04:52:15] [272/445] CMMP
[04:52:15] [273/445] RSDR
[04:52:16] [274/445] AMTI
[04:52:16] [275/445] NYSG
[04:52:17] [276/445] AVSG
[04:52:17] [277/445] SYTP
[04:52:18] [278/445] LARC
[04:52:18] [279/445] RJTP
[04:52:19] [280/445] LAKC
[04:52:19] [281/445] MCXE
[04:52:20] [282/445] CCZC
[04:52:20] [283/445] AVCH
[04:52:21] [284/445] CMBE
[04:52:21] [285/445] MRRC
[04:52:22] [286/445] PCPY
[04:52:23] [287/445] SRMH
[04:52:23] [288/445] SVGS
[04:52:24] [289/445] PCSE
[04:52:24] [290/445] SVFT
[04:52:25] [291/445] TNZP
[04:52:25] [292/445] ICTP
[04:52:26] [293/445] ACTZ
[04:52:26] [294/445] GTUR
[04:52:27] [295/445] MAFC
[04:52:28] [296/445] MINL
[04:52:28] [297/445] MRCL
[04:52:29] [298/445] RCRP
[04:52:29] [299/445] RFFG
[04:52:30] [300/445] RMAS
[04:52:31] [301/445] INVR
[04:52:31] [302/445] RMAR
[04:52:32] [303/445] CNIS
[04:52:32] [304/445] RHRJ
[04:52:33] [305/445] INXR
[04:52:34] [306/445] VALT
[04:52:34] [307/445] LCSH
[04:52:35] [308/445] CMVS
[04:52:35] [309/445] CNMS
[04:52:36] [310/445] ROOG
[04:52:36] [311/445] ISRM
[04:52:37] [312/445] RCRM
[04:52:38] [313/445] ACJA
[04:52:38] [314/445] RCVS
[04:52:39] [315/445] CPUS
[04:52:40] [316/445] TGCS
[04:52:40] [317/445] RKCJ
[04:52:41] [318/445] MKSB
[04:52:41] [319/445] TCSJ
[04:52:42] [320/445] RMGP
[04:52:43] [321/445] CLLP
[04:52:43] [322/445] RCMV
[04:52:44] [323/445] CCKS
[04:52:45] [324/445] RSRP
[04:52:45] [325/445] APLP
[04:52:46] [326/445] CNVS
[04:52:47] [327/445] RMVY
[04:52:47] [328/445] PGBD
[04:52:48] [329/445] KLMS
[04:52:49] [330/445] RUST
[04:52:49] [331/445] MASM
[04:52:50] [332/445] BACS
[04:52:50] [333/445] BWST
[04:52:51] [334/445] RRFH
[04:52:51] [335/445] SJTM
[04:52:52] [336/445] BEMR
[04:52:52] [337/445] MCGR
[04:52:53] [338/445] SDSK
[04:52:54] [339/445] VBOL
[04:52:54] [340/445] RMGM
[04:52:55] [341/445] NOPL
[04:52:55] [342/445] MKJK
[04:52:56] [343/445] CVRN
[04:52:57] [344/445] MMEN
[04:52:57] [345/445] AMNG
[04:52:58] [346/445] INTM
[04:52:58] [347/445] SLCZ
[04:52:59] [348/445] AMJN
[04:53:00] [349/445] ACJN
[04:53:00] [350/445] AMKN
[04:53:01] [351/445] BTCN
[04:53:01] [352/445] AMBT
[04:53:01] [353/445] PACN
[04:53:02] [354/445] LCNS
[04:53:02] [355/445] PPKC
[04:53:03] [356/445] JYYN
[04:53:04] [357/445] JTNR
[04:53:04] [358/445] GTEE
[04:53:05] [359/445] SRNM
[04:53:05] [360/445] SDTC
[04:53:06] [361/445] VPCA
[04:53:07] [362/445] VLRA
[04:53:07] [363/445] SHKR
[04:53:08] [364/445] SBKD
[04:53:09] [365/445] SAAD
[04:53:09] [366/445] JTGN
[04:53:10] [367/445] SLAM
[04:53:10] [368/445] VTPM
[04:53:11] [369/445] ANPT
[04:53:11] [370/445] PUNB
[04:53:12] [371/445] CPKT
[04:53:13] [372/445] CNWE
[04:53:13] [373/445] ECPP
[04:53:14] [374/445] CPAR
[04:53:15] [375/445] ESBW
[04:53:15] [376/445] PKPU
[04:53:16] [377/445] CPRP
[04:53:17] [378/445] RAHU
[04:53:17] [379/445] RHMN
[04:53:18] [380/445] FMJP
[04:53:18] [381/445] CTMP
[04:53:19] [382/445] INPN
[04:53:19] [383/445] STTG
[04:53:20] [384/445] CTRD
[04:53:21] [385/445] PUVB
[04:53:21] [386/445] ESVP
[04:53:22] [387/445] CPFT
[04:53:22] [388/445] LCPC
[04:53:23] [389/445] VBCT
[04:53:23] [390/445] FSCW
[04:53:24] [391/445] VCMP
[04:53:24] [392/445] ASHC
[04:53:25] [393/445] VLCX
[04:53:26] [394/445] SHEV
[04:53:26] [395/445] APCO
[04:53:27] [396/445] SILC
[04:53:27] [397/445] SNMR
[04:53:28] [398/445] KYBO
[04:53:28] [399/445] SATK
[04:53:29] [400/445] SSCS
[04:53:29] [401/445] CLSB
[04:53:30] [402/445] KMJR
[04:53:31] [403/445] FSCK
[04:53:31] [404/445] NNKA
[04:53:32] [405/445] CLMK
[04:53:33] [406/445] DMPZ
[04:53:33] [407/445] INQM
[04:53:34] [408/445] CAML
[04:53:35] [409/445] INRK
[04:53:35] [410/445] IMKN
[04:53:36] [411/445] SVNR
[04:53:36] [412/445] INSL
[04:53:37] [413/445] MSMA
[04:53:37] [414/445] MCKK
[04:53:38] [415/445] FCHP
[04:53:39] [416/445] SFCR
[04:53:39] [417/445] NACK
[04:53:40] [418/445] PVAK
[04:53:41] [419/445] INER
[04:53:41] [420/445] RDBK
[04:53:42] [421/445] SVFN
[04:53:42] [422/445] IFRM
[04:53:43] [423/445] ATCK
[04:53:44] [424/445] ASKO
[04:53:44] [425/445] STKT
[04:53:45] [426/445] SVFB
[04:53:45] [427/445] INKS
[04:53:46] [428/445] PCRA
[04:53:46] [429/445] ATJA
[04:53:47] [430/445] IMJN
[04:53:47] [431/445] INHD
[04:53:48] [432/445] BARA
[04:53:49] [433/445] MCSL
[04:53:49] [434/445] RTOY
[04:53:50] [435/445] MENO
[04:53:50] [436/445] PUDM
[04:53:51] [437/445] PRCN
[04:53:51] [438/445] JMJR
[04:53:52] [439/445] SSGK
[04:53:52] [440/445] SSRL
[04:53:53] [441/445] JYKL
[04:53:53] [442/445] ACNB
[04:53:54] [443/445] SONP
[04:53:54] [444/445] EMCI
[04:53:55] [445/445] MRJH
[04:53:55] 🧹 Deduping shows
[04:53:55] ✅ DONE | Shows=142 | Movies=10
[12:02:56] 🚀 SCRIPT STARTED
[12:02:56] [1/445] TGMR
[12:02:56] 🧠 New identity created
[12:02:57] [2/445] CXKR
[12:02:58] [3/445] SROP
[12:02:59] [4/445] GTSV
[12:02:59] [5/445] SNTY
[12:03:01] [6/445] SMYY
[12:03:02] [7/445] CNCS
[12:03:02] [8/445] CSTM
[12:03:03] [9/445] NUCD
[12:03:04] [10/445] SHCZ
[12:03:05] [11/445] NJCT
[12:03:06] [12/445] COPC
[12:03:07] [13/445] STVV
[12:03:08] [14/445] SKRN
[12:03:08] [15/445] APPZ
[12:03:09] [16/445] YMGN
[12:03:10] [17/445] SVTU
[12:03:11] [18/445] GTAD
[12:03:12] [19/445] PSUS
[12:03:12] [20/445] SMCD
[12:03:13] [21/445] CMCM
[12:03:14] [22/445] SYCT
[12:03:15] [23/445] STLY
[12:03:16] [24/445] CMHU
[12:03:16] [25/445] CMSA
[12:03:17] [26/445] CLCU
[12:03:18] [27/445] PPNT
[12:03:19] [28/445] JTAB
[12:03:20] [29/445] BUUC
[12:03:20] [30/445] BSVK
[12:03:21] [31/445] VVVQ
[12:03:22] [32/445] TKMU
[12:03:23] [33/445] ESYL
[12:03:24] [34/445] ACHP
[12:03:24] [35/445] BTKD
[12:03:25] [36/445] DESA
[12:03:26] [37/445] GBCT
[12:03:27] [38/445] BLLD
[12:03:27] [39/445] SKNT
[12:03:28] [40/445] SSTE
[12:03:30] [41/445] VJMR
[12:03:31] [42/445] NTPU
[12:03:31] [43/445] RDKN
[12:03:32] [44/445] ADGC
[12:03:33] [45/445] VRBP
[12:03:34] [46/445] NMNA
[12:03:35] [47/445] CMMX
[12:03:36] [48/445] PTKO
[12:03:37] [49/445] RBML
[12:03:37] [50/445] SAIC
[12:03:38] [51/445] SVTJ
[12:03:39] [52/445] MRTE
[12:03:40] [53/445] RBTP
[12:03:40] [54/445] NLPS
[12:03:41] [55/445] GTNA
[12:03:42] [56/445] DGGC
[12:03:43] [57/445] SMCR
[12:03:44] [58/445] SCGD
[12:03:44] [59/445] SRRJ
[12:03:46] [60/445] CNRY
[12:03:46] [61/445] KTDI
[12:03:48] [62/445] SNJL
[12:03:49] [63/445] RKMD
[12:03:50] [64/445] SMDC
[12:03:50] [65/445] TADG
[12:03:51] [66/445] MCGS
[12:03:52] [67/445] PETK
[12:03:53] [68/445] CHAG
[12:03:54] [69/445] KSTL
[12:03:54] [70/445] AADS
[12:03:55] [71/445] NTHZ
[12:03:56] [72/445] HCKI
[12:03:57] [73/445] SSEF
[12:03:58] [74/445] MCGX
[12:03:58] [75/445] ERRA
[12:03:59] [76/445] SDTW
[12:04:00] [77/445] RMPK
[12:04:01] [78/445] PTHK
[12:04:02] [79/445] PXCS
[12:04:02] [80/445] SVLU
[12:04:03] [81/445] STAH
[12:04:04] [82/445] JRGF
[12:04:05] [83/445] CDOK
[12:04:06] [84/445] CMSG
[12:04:06] [85/445] APTD
[12:04:08] [86/445] KMPG
[12:04:08] [87/445] MUTJ
[12:04:09] [88/445] VCCI
[12:04:11] [89/445] URBE
[12:04:12] [90/445] TCTS
[12:04:13] [91/445] STSN
[12:04:14] [92/445] AKCH
[12:04:15] [93/445] APSC
[12:04:15] [94/445] VLTB
[12:04:17] [95/445] SANU
[12:04:17] [96/445] AXAM
[12:04:18] [97/445] MGMG
[12:04:19] [98/445] HTBY
[12:04:20] [99/445] MMZS
[12:04:20] [100/445] SUDR
[12:04:21] [101/445] CCAD
[12:04:22] [102/445] SKKC
[12:04:23] [103/445] RMCD
[12:04:24] [104/445] SBCQ
[12:04:24] [105/445] DCCT
[12:04:25] [106/445] VTKP
[12:04:26] [107/445] MLAM
[12:04:27] [108/445] SAVT
[12:04:27] [109/445] GEPL
[12:04:28] [110/445] AMCD
[12:04:29] [111/445] CCXR
[12:04:30] [112/445] GRNG
[12:04:30] [113/445] EBCA
[12:04:31] [114/445] CNVG
[12:04:32] [115/445] MWSS
[12:04:33] [116/445] VBOR
[12:04:34] [117/445] NEEB
[12:04:35] [118/445] SUTH
[12:04:35] [119/445] ANDB
[12:04:37] [120/445] MMXS
[12:04:38] [121/445] CNPD
[12:04:38] [122/445] SDCE
[12:04:39] [123/445] DHCB
[12:04:40] [124/445] ODEN
[12:04:41] [125/445] TNTC
[12:04:41] [126/445] VBKM
[12:04:42] [127/445] RZYM
[12:04:43] [128/445] JEMC
[12:04:45] [129/445] CMAU
[12:04:46] [130/445] SIVP
[12:04:46] [131/445] ATAG
[12:04:47] [132/445] CHTM
[12:04:49] [133/445] AAEE
[12:04:49] [134/445] IWPM
[12:04:50] [135/445] KCMW
[12:04:51] [136/445] MCTD
[12:04:51] [137/445] SPWR
[12:04:53] [138/445] SDPO
[12:04:54] [139/445] PCSK
[12:04:54] [140/445] ACHV
[12:04:55] [141/445] SVLA
[12:04:56] [142/445] PICT
[12:04:57] [143/445] BXDR
[12:04:58] [144/445] SPWA
[12:04:59] [145/445] MCKO
[12:05:00] [146/445] RTHK
[12:05:01] [147/445] CCMF
[12:05:02] [148/445] MRGB
[12:05:03] [149/445] CPLC
[12:05:03] [150/445] RACD
[12:05:04] [151/445] ATKT
[12:05:05] [152/445] SARN
[12:05:06] [153/445] KKUI
[12:05:07] [154/445] RGCM
[12:05:08] [155/445] BRVP
[12:05:09] [156/445] HRSR
[12:05:10] [157/445] GKGM
[12:05:10] [158/445] TTCD
[12:05:11] [159/445] PTTI
[12:05:12] [160/445] MPTT
[12:05:13] [161/445] CVTT
[12:05:14] [162/445] PCXD
[12:05:14] [163/445] GCDC
[12:05:15] [164/445] CCCF
[12:05:17] [165/445] MRAD
[12:05:18] [166/445] CPLK
[12:05:19] [167/445] SATB
[12:05:19] [168/445] SNVG
[12:05:20] [169/445] JMBA
[12:05:21] [170/445] TEJA
[12:05:22] [171/445] STYO
[12:05:23] [172/445] JTBP
[12:05:23] [173/445] KRGD
[12:05:24] [174/445] SLJJ
[12:05:25] [175/445] SPTJ
[12:05:25] [176/445] SWJG
[12:05:26] [177/445] LKRT
[12:05:27] [178/445] KCKA
[12:05:27] [179/445] SNCR
[12:05:28] [180/445] SMKL
[12:05:29] [181/445] GCFA
[12:05:30] [182/445] DDCK
[12:05:31] [183/445] NCHJ
[12:05:32] [184/445] RDMA
[12:05:33] [185/445] SVSV
[12:05:34] [186/445] SCJG
[12:05:34] [187/445] VKLP
[12:05:36] [188/445] NWCC
[12:05:37] [189/445] VKNS
[12:05:38] [190/445] SDDP
[12:05:38] [191/445] ACSI
[12:05:39] [192/445] SATG
[12:05:40] [193/445] SCMW
[12:05:41] [194/445] LKTK
[12:05:42] [195/445] VCKV
[12:05:43] [196/445] KKPE
[12:05:44] [197/445] KIGH
[12:05:45] [198/445] SRPM
[12:05:46] [199/445] SCAH
[12:05:47] [200/445] MUTA
[12:05:48] [201/445] SEPU
[12:05:48] [202/445] INOA
[12:05:49] [203/445] BASK
[12:05:50] [204/445] NECB
[12:05:50] [205/445] GTTG
[12:05:52] [206/445] ASSA
[12:05:53] [207/445] ANCL
[12:05:54] [208/445] GCTI
[12:05:55] [209/445] RCTS
[12:05:56] [210/445] ACNL
[12:05:57] [211/445] MYCT
[12:05:58] [212/445] NMHT
[12:05:59] [213/445] MDIT
[12:06:00] [214/445] LATG
[12:06:01] [215/445] SMTY
[12:06:02] [216/445] CVCT
[12:06:03] [217/445] RAMB
[12:06:04] [218/445] TGMS
[12:06:04] [219/445] BHEL
[12:06:05] [220/445] SHCT
[12:06:06] [221/445] SVCT
[12:06:06] [222/445] MRIY
[12:06:08] [223/445] SARO
[12:06:09] [224/445] STCT
[12:06:10] [225/445] JKKC
[12:06:11] [226/445] PLTT
[12:06:12] [227/445] SRNT
[12:06:12] [228/445] YAST
[12:06:13] [229/445] PERL
[12:06:14] [230/445] CICM
[12:06:15] [231/445] MMTR
[12:06:15] [232/445] ABTK
[12:06:16] [233/445] ATYY
[12:06:17] [234/445] ASTK
[12:06:18] [235/445] VVCK
[12:06:19] [236/445] ATKY
[12:06:20] [237/445] GWEK
[12:06:20] [238/445] SVFH
[12:06:21] [239/445] SLTA
[12:06:22] [240/445] AASH
[12:06:23] [241/445] ACXB
[12:06:24] [242/445] SMTX
[12:06:25] [243/445] AZDH
[12:06:25] [244/445] CMMH
[12:06:26] [245/445] SCSZ
[12:06:27] [246/445] SCKP
[12:06:28] [247/445] NXTM
[12:06:29] [248/445] NWCS
[12:06:30] [249/445] CXMH
[12:06:32] [250/445] PCMA
[12:06:32] [251/445] SGCM
[12:06:33] [252/445] SDTU
[12:06:34] [253/445] MMVI
[12:06:35] [254/445] JKCM
[12:06:36] [255/445] VCMM
[12:06:36] [256/445] SYEE
[12:06:37] [257/445] VASD
[12:06:38] [258/445] BDRB
[12:06:39] [259/445] LASM
[12:06:40] [260/445] DCRL
[12:06:40] [261/445] DVPM
[12:06:41] [262/445] SBMJ
[12:06:42] [263/445] CBMU
[12:06:43] [264/445] IUBS
[12:06:44] [265/445] INAP
[12:06:44] [266/445] SRRC
[12:06:45] [267/445] SAGR
[12:06:46] [268/445] CPMJ
[12:06:47] [269/445] ATJL
[12:06:48] [270/445] NNTD
[12:06:49] [271/445] JHCJ
[12:06:50] [272/445] CMMP
[12:06:50] [273/445] RSDR
[12:06:51] [274/445] AMTI
[12:06:52] [275/445] NYSG
[12:06:53] [276/445] AVSG
[12:06:54] [277/445] SYTP
[12:06:55] [278/445] LARC
[12:06:56] [279/445] RJTP
[12:06:57] [280/445] LAKC
[12:06:58] [281/445] MCXE
[12:06:58] [282/445] CCZC
[12:06:59] [283/445] AVCH
[12:07:00] [284/445] CMBE
[12:07:01] [285/445] MRRC
[12:07:02] [286/445] PCPY
[12:07:02] [287/445] SRMH
[12:07:03] [288/445] SVGS
[12:07:04] [289/445] PCSE
[12:07:05] [290/445] SVFT
[12:07:06] [291/445] TNZP
[12:07:07] [292/445] ICTP
[12:07:08] [293/445] ACTZ
[12:07:08] [294/445] GTUR
[12:07:09] [295/445] MAFC
[12:07:10] [296/445] MINL
[12:07:11] [297/445] MRCL
[12:07:12] [298/445] RCRP
[12:07:12] [299/445] RFFG
[12:07:13] [300/445] RMAS
[12:07:14] [301/445] INVR
[12:07:15] [302/445] RMAR
[12:07:16] [303/445] CNIS
[12:07:17] [304/445] RHRJ
[12:07:18] [305/445] INXR
[12:07:19] [306/445] VALT
[12:07:19] [307/445] LCSH
[12:07:20] [308/445] CMVS
[12:07:21] [309/445] CNMS
[12:07:22] [310/445] ROOG
[12:07:23] [311/445] ISRM
[12:07:24] [312/445] RCRM
[12:07:25] [313/445] ACJA
[12:07:26] [314/445] RCVS
[12:07:26] [315/445] CPUS
[12:07:27] [316/445] TGCS
[12:07:28] [317/445] RKCJ
[12:07:29] [318/445] MKSB
[12:07:30] [319/445] TCSJ
[12:07:31] [320/445] RMGP
[12:07:31] [321/445] CLLP
[12:07:32] [322/445] RCMV
[12:07:33] [323/445] CCKS
[12:07:34] [324/445] RSRP
[12:07:34] [325/445] APLP
[12:07:35] [326/445] CNVS
[12:07:36] [327/445] RMVY
[12:07:37] [328/445] PGBD
[12:07:39] [329/445] KLMS
[12:07:39] [330/445] RUST
[12:07:40] [331/445] MASM
[12:07:41] [332/445] BACS
[12:07:42] [333/445] BWST
[12:07:43] [334/445] RRFH
[12:07:43] [335/445] SJTM
[12:07:44] [336/445] BEMR
[12:07:45] [337/445] MCGR
[12:07:46] [338/445] SDSK
[12:07:47] [339/445] VBOL
[12:07:48] [340/445] RMGM
[12:07:49] [341/445] NOPL
[12:07:50] [342/445] MKJK
[12:07:51] [343/445] CVRN
[12:07:51] [344/445] MMEN
[12:07:52] [345/445] AMNG
[12:07:53] [346/445] INTM
[12:07:54] [347/445] SLCZ
[12:07:55] [348/445] AMJN
[12:07:56] [349/445] ACJN
[12:07:57] [350/445] AMKN
[12:07:57] [351/445] BTCN
[12:07:58] [352/445] AMBT
[12:07:59] [353/445] PACN
[12:08:00] [354/445] LCNS
[12:08:01] [355/445] PPKC
[12:08:02] [356/445] JYYN
[12:08:02] [357/445] JTNR
[12:08:03] [358/445] GTEE
[12:08:04] [359/445] SRNM
[12:08:05] [360/445] SDTC
[12:08:05] [361/445] VPCA
[12:08:06] [362/445] VLRA
[12:08:07] [363/445] SHKR
[12:08:08] [364/445] SBKD
[12:08:09] [365/445] SAAD
[12:08:10] [366/445] JTGN
[12:08:11] [367/445] SLAM
[12:08:11] [368/445] VTPM
[12:08:12] [369/445] ANPT
[12:08:13] [370/445] PUNB
[12:08:14] [371/445] CPKT
[12:08:14] [372/445] CNWE
[12:08:15] [373/445] ECPP
[12:08:16] [374/445] CPAR
[12:08:18] [375/445] ESBW
[12:08:18] [376/445] PKPU
[12:08:19] [377/445] CPRP
[12:08:20] [378/445] RAHU
[12:08:21] [379/445] RHMN
[12:08:22] [380/445] FMJP
[12:08:22] [381/445] CTMP
[12:08:23] [382/445] INPN
[12:08:24] [383/445] STTG
[12:08:25] [384/445] CTRD
[12:08:26] [385/445] PUVB
[12:08:27] [386/445] ESVP
[12:08:27] [387/445] CPFT
[12:08:28] [388/445] LCPC
[12:08:29] [389/445] VBCT
[12:08:30] [390/445] FSCW
[12:08:31] [391/445] VCMP
[12:08:32] [392/445] ASHC
[12:08:33] [393/445] VLCX
[12:08:34] [394/445] SHEV
[12:08:34] [395/445] APCO
[12:08:35] [396/445] SILC
[12:08:36] [397/445] SNMR
[12:08:37] [398/445] KYBO
[12:08:37] [399/445] SATK
[12:08:38] [400/445] SSCS
[12:08:39] [401/445] CLSB
[12:08:40] [402/445] KMJR
[12:08:41] [403/445] FSCK
[12:08:42] [404/445] NNKA
[12:08:43] [405/445] CLMK
[12:08:44] [406/445] DMPZ
[12:08:46] [407/445] INQM
[12:08:47] [408/445] CAML
[12:08:48] [409/445] INRK
[12:08:49] [410/445] IMKN
[12:08:50] [411/445] SVNR
[12:08:51] [412/445] INSL
[12:08:51] [413/445] MSMA
[12:08:52] [414/445] MCKK
[12:08:53] [415/445] FCHP
[12:08:54] [416/445] SFCR
[12:08:55] [417/445] NACK
[12:08:56] [418/445] PVAK
[12:08:57] [419/445] INER
[12:08:58] [420/445] RDBK
[12:08:59] [421/445] SVFN
[12:08:59] [422/445] IFRM
[12:09:00] [423/445] ATCK
[12:09:02] [424/445] ASKO
[12:09:03] [425/445] STKT
[12:09:04] [426/445] SVFB
[12:09:05] [427/445] INKS
[12:09:06] [428/445] PCRA
[12:09:06] [429/445] ATJA
[12:09:07] [430/445] IMJN
[12:09:08] [431/445] INHD
[12:09:09] [432/445] BARA
[12:09:10] [433/445] MCSL
[12:09:10] [434/445] RTOY
[12:09:12] [435/445] MENO
[12:09:13] [436/445] PUDM
[12:09:13] [437/445] PRCN
[12:09:14] [438/445] JMJR
[12:09:15] [439/445] SSGK
[12:09:16] [440/445] SSRL
[12:09:17] [441/445] JYKL
[12:09:17] [442/445] ACNB
[12:09:18] [443/445] SONP
[12:09:20] [444/445] EMCI
[12:09:21] [445/445] MRJH
[12:09:22] 🧹 Deduping shows
[12:09:22] ✅ DONE | Shows=163 | Movies=11
[19:08:59] 🚀 SCRIPT STARTED
[19:08:59] [1/445] TGMR
[19:08:59] 🧠 New identity created
[19:09:00] [2/445] CXKR
[19:09:00] [3/445] SROP
[19:09:01] [4/445] GTSV
[19:09:02] [5/445] SNTY
[19:09:04] [6/445] SMYY
[19:09:05] [7/445] CNCS
[19:09:07] [8/445] CSTM
[19:09:08] [9/445] NUCD
[19:09:09] [10/445] SHCZ
[19:09:10] [11/445] NJCT
[19:09:11] [12/445] COPC
[19:09:12] [13/445] STVV
[19:09:12] [14/445] SKRN
[19:09:14] [15/445] APPZ
[19:09:15] [16/445] YMGN
[19:09:17] [17/445] SVTU
[19:09:18] [18/445] GTAD
[19:09:19] [19/445] PSUS
[19:09:20] [20/445] SMCD
[19:09:21] [21/445] CMCM
[19:09:22] [22/445] SYCT
[19:09:23] [23/445] STLY
[19:09:24] [24/445] CMHU
[19:09:24] [25/445] CMSA
[19:09:25] [26/445] CLCU
[19:09:26] [27/445] PPNT
[19:09:27] [28/445] JTAB
[19:09:28] [29/445] BUUC
[19:09:28] [30/445] BSVK
[19:09:29] [31/445] VVVQ
[19:09:30] [32/445] TKMU
[19:09:30] [33/445] ESYL
[19:09:31] [34/445] ACHP
[19:09:33] [35/445] BTKD
[19:09:33] [36/445] DESA
[19:09:34] [37/445] GBCT
[19:09:36] [38/445] BLLD
[19:09:37] [39/445] SKNT
[19:09:38] [40/445] SSTE
[19:09:38] [41/445] VJMR
[19:09:39] [42/445] NTPU
[19:09:40] [43/445] RDKN
[19:09:41] [44/445] ADGC
[19:09:42] [45/445] VRBP
[19:09:43] [46/445] NMNA
[19:09:43] [47/445] CMMX
[19:09:45] [48/445] PTKO
[19:09:45] [49/445] RBML
[19:09:46] [50/445] SAIC
[19:09:47] [51/445] SVTJ
[19:09:48] [52/445] MRTE
[19:09:49] [53/445] RBTP
[19:09:50] [54/445] NLPS
[19:09:51] [55/445] GTNA
[19:09:52] [56/445] DGGC
[19:09:53] [57/445] SMCR
[19:09:54] [58/445] SCGD
[19:09:55] [59/445] SRRJ
[19:09:55] [60/445] CNRY
[19:09:56] [61/445] KTDI
[19:09:57] [62/445] SNJL
[19:09:59] [63/445] RKMD
[19:10:00] [64/445] SMDC
[19:10:01] [65/445] TADG
[19:10:02] [66/445] MCGS
[19:10:03] [67/445] PETK
[19:10:04] [68/445] CHAG
[19:10:05] [69/445] KSTL
[19:10:06] [70/445] AADS
[19:10:06] [71/445] NTHZ
[19:10:07] [72/445] HCKI
[19:10:08] [73/445] SSEF
[19:10:09] [74/445] MCGX
[19:10:10] [75/445] ERRA
[19:10:11] [76/445] SDTW
[19:10:12] [77/445] RMPK
[19:10:13] [78/445] PTHK
[19:10:13] [79/445] PXCS
[19:10:14] [80/445] SVLU
[19:10:16] [81/445] STAH
[19:10:17] [82/445] JRGF
[19:10:17] [83/445] CDOK
[19:10:18] [84/445] CMSG
[19:10:19] [85/445] APTD
[19:10:21] [86/445] KMPG
[19:10:21] [87/445] MUTJ
[19:10:22] [88/445] VCCI
[19:10:23] [89/445] URBE
[19:10:24] [90/445] TCTS
[19:10:25] [91/445] STSN
[19:10:26] [92/445] AKCH
[19:10:26] [93/445] APSC
[19:10:27] [94/445] VLTB
[19:10:28] [95/445] SANU
[19:10:29] [96/445] AXAM
[19:10:30] [97/445] MGMG
[19:10:31] [98/445] HTBY
[19:10:32] [99/445] MMZS
[19:10:33] [100/445] SUDR
[19:10:34] [101/445] CCAD
[19:10:35] [102/445] SKKC
[19:10:36] [103/445] RMCD
[19:10:37] [104/445] SBCQ
[19:10:37] [105/445] DCCT
[19:10:38] [106/445] VTKP
[19:10:39] [107/445] MLAM
[19:10:40] [108/445] SAVT
[19:10:41] [109/445] GEPL
[19:10:42] [110/445] AMCD
[19:10:43] [111/445] CCXR
[19:10:44] [112/445] GRNG
[19:10:44] [113/445] EBCA
[19:10:45] [114/445] CNVG
[19:10:46] [115/445] MWSS
[19:10:47] [116/445] VBOR
[19:10:48] [117/445] NEEB
[19:10:49] [118/445] SUTH
[19:10:51] [119/445] ANDB
[19:10:51] [120/445] MMXS
[19:10:52] [121/445] CNPD
[19:10:53] [122/445] SDCE
[19:10:54] [123/445] DHCB
[19:10:55] [124/445] ODEN
[19:10:56] [125/445] TNTC
[19:10:57] [126/445] VBKM
[19:10:58] [127/445] RZYM
[19:10:59] [128/445] JEMC
[19:10:59] [129/445] CMAU
[19:11:00] [130/445] SIVP
[19:11:01] [131/445] ATAG
[19:11:02] [132/445] CHTM
[19:11:03] [133/445] AAEE
[19:11:03] [134/445] IWPM
[19:11:04] [135/445] KCMW
[19:11:05] [136/445] MCTD
[19:11:06] [137/445] SPWR
[19:11:07] [138/445] SDPO
[19:11:08] [139/445] PCSK
[19:11:08] [140/445] ACHV
[19:11:09] [141/445] SVLA
[19:11:10] [142/445] PICT
[19:11:11] [143/445] BXDR
[19:11:12] [144/445] SPWA
[19:11:14] [145/445] MCKO
[19:11:15] [146/445] RTHK
[19:11:16] [147/445] CCMF
[19:11:17] [148/445] MRGB
[19:11:17] [149/445] CPLC
[19:11:18] [150/445] RACD
[19:11:19] [151/445] ATKT
[19:11:19] [152/445] SARN
[19:11:20] [153/445] KKUI
[19:11:22] [154/445] RGCM
[19:11:23] [155/445] BRVP
[19:11:24] [156/445] HRSR
[19:11:24] [157/445] GKGM
[19:11:25] [158/445] TTCD
[19:11:26] [159/445] PTTI
[19:11:27] [160/445] MPTT
[19:11:28] [161/445] CVTT
[19:11:29] [162/445] PCXD
[19:11:30] [163/445] GCDC
[19:11:30] [164/445] CCCF
[19:11:32] [165/445] MRAD
[19:11:33] [166/445] CPLK
[19:11:34] [167/445] SATB
[19:11:35] [168/445] SNVG
[19:11:35] [169/445] JMBA
[19:11:36] [170/445] TEJA
[19:11:37] [171/445] STYO
[19:11:38] [172/445] JTBP
[19:11:39] [173/445] KRGD
[19:11:40] [174/445] SLJJ
[19:11:41] [175/445] SPTJ
[19:11:41] [176/445] SWJG
[19:11:42] [177/445] LKRT
[19:11:43] [178/445] KCKA
[19:11:44] [179/445] SNCR
[19:11:45] [180/445] SMKL
[19:11:46] [181/445] GCFA
[19:11:47] [182/445] DDCK
[19:11:47] [183/445] NCHJ
[19:11:48] [184/445] RDMA
[19:11:49] [185/445] SVSV
[19:11:50] [186/445] SCJG
[19:11:51] [187/445] VKLP
[19:11:52] [188/445] NWCC
[19:11:53] [189/445] VKNS
[19:11:53] [190/445] SDDP
[19:11:54] [191/445] ACSI
[19:11:55] [192/445] SATG
[19:11:56] [193/445] SCMW
[19:11:57] [194/445] LKTK
[19:11:57] [195/445] VCKV
[19:11:59] [196/445] KKPE
[19:12:00] [197/445] KIGH
[19:12:00] [198/445] SRPM
[19:12:01] [199/445] SCAH
[19:12:02] [200/445] MUTA
[19:12:03] [201/445] SEPU
[19:12:04] [202/445] INOA
[19:12:05] [203/445] BASK
[19:12:06] [204/445] NECB
[19:12:07] [205/445] GTTG
[19:12:08] [206/445] ASSA
[19:12:09] [207/445] ANCL
[19:12:10] [208/445] GCTI
[19:12:11] [209/445] RCTS
[19:12:12] [210/445] ACNL
[19:12:13] [211/445] MYCT
[19:12:14] [212/445] NMHT
[19:12:15] [213/445] MDIT
[19:12:17] [214/445] LATG
[19:12:18] [215/445] SMTY
[19:12:18] [216/445] CVCT
[19:12:19] [217/445] RAMB
[19:12:21] [218/445] TGMS
[19:12:22] [219/445] BHEL
[19:12:22] [220/445] SHCT
[19:12:23] [221/445] SVCT
[19:12:24] [222/445] MRIY
[19:12:25] [223/445] SARO
[19:12:26] [224/445] STCT
[19:12:26] [225/445] JKKC
[19:12:27] [226/445] PLTT
[19:12:28] [227/445] SRNT
[19:12:29] [228/445] YAST
[19:12:30] [229/445] PERL
[19:12:31] [230/445] CICM
[19:12:32] [231/445] MMTR
[19:12:33] [232/445] ABTK
[19:12:34] [233/445] ATYY
[19:12:35] [234/445] ASTK
[19:12:35] [235/445] VVCK
[19:12:36] [236/445] ATKY
[19:12:37] [237/445] GWEK
[19:12:38] [238/445] SVFH
[19:12:39] [239/445] SLTA
[19:12:39] [240/445] AASH
[19:12:40] [241/445] ACXB
[19:12:42] [242/445] SMTX
[19:12:43] [243/445] AZDH
[19:12:44] [244/445] CMMH
[19:12:44] [245/445] SCSZ
[19:12:45] [246/445] SCKP
[19:12:46] [247/445] NXTM
[19:12:47] [248/445] NWCS
[19:12:48] [249/445] CXMH
[19:12:48] [250/445] PCMA
[19:12:49] [251/445] SGCM
[19:12:51] [252/445] SDTU
[19:12:51] [253/445] MMVI
[19:12:53] [254/445] JKCM
[19:12:54] [255/445] VCMM
[19:12:54] [256/445] SYEE
[19:12:55] [257/445] VASD
[19:12:56] [258/445] BDRB
[19:12:57] [259/445] LASM
[19:12:57] [260/445] DCRL
[19:12:59] [261/445] DVPM
[19:13:00] [262/445] SBMJ
[19:13:00] [263/445] CBMU
[19:13:01] [264/445] IUBS
[19:13:02] [265/445] INAP
[19:13:03] [266/445] SRRC
[19:13:04] [267/445] SAGR
[19:13:05] [268/445] CPMJ
[19:13:05] [269/445] ATJL
[19:13:06] [270/445] NNTD
[19:13:07] [271/445] JHCJ
[19:13:08] [272/445] CMMP
[19:13:09] [273/445] RSDR
[19:13:10] [274/445] AMTI
[19:13:10] [275/445] NYSG
[19:13:11] [276/445] AVSG
[19:13:12] [277/445] SYTP
[19:13:13] [278/445] LARC
[19:13:14] [279/445] RJTP
[19:13:15] [280/445] LAKC
[19:13:16] [281/445] MCXE
[19:13:17] [282/445] CCZC
[19:13:18] [283/445] AVCH
[19:13:19] [284/445] CMBE
[19:13:19] [285/445] MRRC
[19:13:20] [286/445] PCPY
[19:13:21] [287/445] SRMH
[19:13:22] [288/445] SVGS
[19:13:22] [289/445] PCSE
[19:13:23] [290/445] SVFT
[19:13:24] [291/445] TNZP
[19:13:25] [292/445] ICTP
[19:13:26] [293/445] ACTZ
[19:13:27] [294/445] GTUR
[19:13:28] [295/445] MAFC
[19:13:29] [296/445] MINL
[19:13:29] [297/445] MRCL
[19:13:30] [298/445] RCRP
[19:13:31] [299/445] RFFG
[19:13:31] [300/445] RMAS
[19:13:32] [301/445] INVR
[19:13:33] [302/445] RMAR
[19:13:34] [303/445] CNIS
[19:13:36] [304/445] RHRJ
[19:13:37] [305/445] INXR
[19:13:37] [306/445] VALT
[19:13:38] [307/445] LCSH
[19:13:39] [308/445] CMVS
[19:13:40] [309/445] CNMS
[19:13:40] [310/445] ROOG
[19:13:41] [311/445] ISRM
[19:13:42] [312/445] RCRM
[19:13:43] [313/445] ACJA
[19:13:43] [314/445] RCVS
[19:13:44] [315/445] CPUS
[19:13:45] [316/445] TGCS
[19:13:46] [317/445] RKCJ
[19:13:47] [318/445] MKSB
[19:13:48] [319/445] TCSJ
[19:13:49] [320/445] RMGP
[19:13:50] [321/445] CLLP
[19:13:51] [322/445] RCMV
[19:13:51] [323/445] CCKS
[19:13:52] [324/445] RSRP
[19:13:53] [325/445] APLP
[19:13:54] [326/445] CNVS
[19:13:55] [327/445] RMVY
[19:13:56] [328/445] PGBD
[19:13:57] [329/445] KLMS
[19:13:58] [330/445] RUST
[19:13:59] [331/445] MASM
[19:14:00] [332/445] BACS
[19:14:00] [333/445] BWST
[19:14:01] [334/445] RRFH
[19:14:02] [335/445] SJTM
[19:14:03] [336/445] BEMR
[19:14:03] [337/445] MCGR
[19:14:04] [338/445] SDSK
[19:14:05] [339/445] VBOL
[19:14:06] [340/445] RMGM
[19:14:07] [341/445] NOPL
[19:14:09] [342/445] MKJK
[19:14:09] [343/445] CVRN
[19:14:10] [344/445] MMEN
[19:14:11] [345/445] AMNG
[19:14:12] [346/445] INTM
[19:14:12] [347/445] SLCZ
[19:14:13] [348/445] AMJN
[19:14:14] [349/445] ACJN
[19:14:15] [350/445] AMKN
[19:14:16] [351/445] BTCN
[19:14:17] [352/445] AMBT
[19:14:18] [353/445] PACN
[19:14:19] [354/445] LCNS
[19:14:19] [355/445] PPKC
[19:14:20] [356/445] JYYN
[19:14:21] [357/445] JTNR
[19:14:22] [358/445] GTEE
[19:14:22] [359/445] SRNM
[19:14:23] [360/445] SDTC
[19:14:24] [361/445] VPCA
[19:14:25] [362/445] VLRA
[19:14:26] [363/445] SHKR
[19:14:27] [364/445] SBKD
[19:14:27] [365/445] SAAD
[19:14:28] [366/445] JTGN
[19:14:29] [367/445] SLAM
[19:14:30] [368/445] VTPM
[19:14:31] [369/445] ANPT
[19:14:32] [370/445] PUNB
[19:14:32] [371/445] CPKT
[19:14:33] [372/445] CNWE
[19:14:34] [373/445] ECPP
[19:14:35] [374/445] CPAR
[19:14:36] [375/445] ESBW
[19:14:37] [376/445] PKPU
[19:14:37] [377/445] CPRP
[19:14:38] [378/445] RAHU
[19:14:39] [379/445] RHMN
[19:14:40] [380/445] FMJP
[19:14:41] [381/445] CTMP
[19:14:42] [382/445] INPN
[19:14:43] [383/445] STTG
[19:14:44] [384/445] CTRD
[19:14:45] [385/445] PUVB
[19:14:46] [386/445] ESVP
[19:14:47] [387/445] CPFT
[19:14:48] [388/445] LCPC
[19:14:49] [389/445] VBCT
[19:14:50] [390/445] FSCW
[19:14:51] [391/445] VCMP
[19:14:52] [392/445] ASHC
[19:14:53] [393/445] VLCX
[19:14:54] [394/445] SHEV
[19:14:55] [395/445] APCO
[19:14:56] [396/445] SILC
[19:14:57] [397/445] SNMR
[19:14:58] [398/445] KYBO
[19:14:59] [399/445] SATK
[19:14:59] [400/445] SSCS
[19:15:00] [401/445] CLSB
[19:15:01] [402/445] KMJR
[19:15:02] [403/445] FSCK
[19:15:03] [404/445] NNKA
[19:15:04] [405/445] CLMK
[19:15:05] [406/445] DMPZ
[19:15:05] [407/445] INQM
[19:15:06] [408/445] CAML
[19:15:07] [409/445] INRK
[19:15:08] [410/445] IMKN
[19:15:09] [411/445] SVNR
[19:15:10] [412/445] INSL
[19:15:11] [413/445] MSMA
[19:15:12] [414/445] MCKK
[19:15:13] [415/445] FCHP
[19:15:13] [416/445] SFCR
[19:15:14] [417/445] NACK
[19:15:15] [418/445] PVAK
[19:15:16] [419/445] INER
[19:15:16] [420/445] RDBK
[19:15:17] [421/445] SVFN
[19:15:18] [422/445] IFRM
[19:15:19] [423/445] ATCK
[19:15:20] [424/445] ASKO
[19:15:22] [425/445] STKT
[19:15:23] [426/445] SVFB
[19:15:24] [427/445] INKS
[19:15:26] [428/445] PCRA
[19:15:26] [429/445] ATJA
[19:15:27] [430/445] IMJN
[19:15:28] [431/445] INHD
[19:15:29] [432/445] BARA
[19:15:30] [433/445] MCSL
[19:15:31] [434/445] RTOY
[19:15:32] [435/445] MENO
[19:15:33] [436/445] PUDM
[19:15:33] [437/445] PRCN
[19:15:34] [438/445] JMJR
[19:15:35] [439/445] SSGK
[19:15:36] [440/445] SSRL
[19:15:36] [441/445] JYKL
[19:15:37] [442/445] ACNB
[19:15:38] [443/445] SONP
[19:15:39] [444/445] EMCI
[19:15:39] [445/445] MRJH
[19:15:40] 🧹 Deduping shows
[19:15:40] ✅ DONE | Shows=353 | Movies=25
