[10:18:58] 🚀 SCRIPT STARTED
[10:18:58] [1/459] NECA
[10:18:58] 🧠 New identity created
[10:19:00] [2/459] BJLC
[10:19:01] [3/459] BASU
[10:19:01] [4/459] RUPI
[10:19:02] [5/459] LCBK
[10:19:03] [6/459] PMAC
[10:19:04] [7/459] AMLC
[10:19:05] [8/459] LICL
[10:19:06] [9/459] UDMM
[10:19:07] [10/459] STBZ
[10:19:08] [11/459] UUBT
[10:19:08] [12/459] SJKC
[10:19:09] [13/459] TUAL
[10:19:10] [14/459] MRSE
[10:19:11] [15/459] RMRK
[10:19:11] [16/459] TTKP
[10:19:12] [17/459] KTKO
[10:19:13] [18/459] SDBK
[10:19:14] [19/459] MCPR
[10:19:15] [20/459] CHTI
[10:19:16] [21/459] GCCP
[10:19:17] [22/459] SRMY
[10:19:19] [23/459] NYST
[10:19:20] [24/459] NYAG
[10:19:20] [25/459] SBMT
[10:19:21] [26/459] INGA
[10:19:22] [27/459] WSIC
[10:19:23] [28/459] SCSS
[10:19:23] [29/459] COPG
[10:19:24] [30/459] RCGR
[10:19:25] [31/459] TCZA
[10:19:26] [32/459] CNLP
[10:19:27] [33/459] CLKN
[10:19:27] [34/459] LHDF
[10:19:28] [35/459] ELKC
[10:19:29] [36/459] VCEM
[10:19:30] [37/459] SSZA
[10:19:30] [38/459] KRMT
[10:19:31] [39/459] LCMV
[10:19:32] [40/459] AYCZ
[10:19:33] [41/459] CUMS
[10:19:34] [42/459] BOCK
[10:19:35] [43/459] PNMR
[10:19:36] [44/459] PJCP
[10:19:36] [45/459] JDDD
[10:19:37] [46/459] STMS
[10:19:38] [47/459] FLMB
[10:19:39] [48/459] PKCM
[10:19:39] [49/459] SPPR
[10:19:40] [50/459] EYLH
[10:19:41] [51/459] RJCC
[10:19:41] [52/459] MMPS
[10:19:42] [53/459] SHMX
[10:19:43] [54/459] CCNL
[10:19:44] [55/459] RCNV
[10:19:45] [56/459] MAAG
[10:19:46] [57/459] LXCM
[10:19:46] [58/459] RCNI
[10:19:47] [59/459] SNNI
[10:19:48] [60/459] LALC
[10:19:49] [61/459] SOCN
[10:19:49] [62/459] JHTP
[10:19:51] [63/459] PITP
[10:19:52] [64/459] CCKW
[10:19:52] [65/459] MCMC
[10:19:53] [66/459] DEES
[10:19:54] [67/459] SABT
[10:19:55] [68/459] VSPP
[10:19:56] [69/459] ABCT
[10:19:56] [70/459] JVTB
[10:19:57] [71/459] VCBD
[10:19:58] [72/459] RMGG
[10:19:59] [73/459] RNMH
[10:20:00] [74/459] SPGL
[10:20:01] [75/459] JTTR
[10:20:02] [76/459] SICS
[10:20:02] [77/459] SRMI
[10:20:03] [78/459] SSIJ
[10:20:04] [79/459] KFMT
[10:20:06] [80/459] VBIT
[10:20:06] [81/459] JKCT
[10:20:07] [82/459] GCGP
[10:20:08] [83/459] GDCS
[10:20:09] [84/459] TRBA
[10:20:10] [85/459] QUST
[10:20:11] [86/459] VSHM
[10:20:12] [87/459] SDCP
[10:20:13] [88/459] SNVS
[10:20:13] [89/459] NYTO
[10:20:14] [90/459] URWC
[10:20:15] [91/459] GTWH
[10:20:16] [92/459] PFCM
[10:20:17] [93/459] KRTA
[10:20:18] [94/459] AXMC
[10:20:19] [95/459] EVMC
[10:20:20] [96/459] HGSM
[10:20:20] [97/459] ACVM
[10:20:21] [98/459] PSKL
[10:20:22] [99/459] RDMP
[10:20:23] [100/459] RHGH
[10:20:24] [101/459] OMCM
[10:20:24] [102/459] DCCP
[10:20:25] [103/459] MCPB
[10:20:26] [104/459] ALCI
[10:20:27] [105/459] BLMX
[10:20:28] [106/459] BTMV
[10:20:29] [107/459] FVPN
[10:20:29] [108/459] CMAR
[10:20:30] [109/459] CEIM
[10:20:31] [110/459] CMVA
[10:20:33] [111/459] CPIV
[10:20:33] [112/459] CNPE
[10:20:34] [113/459] COLV
[10:20:35] [114/459] DNNV
[10:20:36] [115/459] HCAD
[10:20:37] [116/459] TAKA
[10:20:38] [117/459] INVD
[10:20:38] [118/459] IRMM
[10:20:39] [119/459] INSE
[10:20:40] [120/459] MRSW
[10:20:41] [121/459] MCVD
[10:20:42] [122/459] MCSO
[10:20:42] [123/459] PEVM
[10:20:43] [124/459] PVNL
[10:20:44] [125/459] PTCV
[10:20:45] [126/459] PRTC
[10:20:46] [127/459] RCVA
[10:20:46] [128/459] MTBN
[10:20:47] [129/459] LUCP
[10:20:48] [130/459] FMPT
[10:20:49] [131/459] JLSL
[10:20:50] [132/459] SBHA
[10:20:50] [133/459] SHRC
[10:20:51] [134/459] AVPS
[10:20:52] [135/459] STPM
[10:20:53] [136/459] ATRD
[10:20:54] [137/459] VTED
[10:20:54] [138/459] ACAI
[10:20:55] [139/459] SMAE
[10:20:56] [140/459] VMAT
[10:20:57] [141/459] LKCT
[10:20:58] [142/459] JTVK
[10:20:58] [143/459] PRTY
[10:20:59] [144/459] GETT
[10:21:00] [145/459] ESAP
[10:21:01] [146/459] NCPM
[10:21:02] [147/459] PCPA
[10:21:04] [148/459] MMOM
[10:21:04] [149/459] PHUP
[10:21:05] [150/459] CCPI
[10:21:05] [151/459] CNTD
[10:21:06] [152/459] NLJR
[10:21:08] [153/459] SRNG
[10:21:09] [154/459] MHAL
[10:21:10] [155/459] PNSM
[10:21:11] [156/459] DRMY
[10:21:12] [157/459] CCMU
[10:21:13] [158/459] SCMY
[10:21:14] [159/459] PVSY
[10:21:15] [160/459] SDLM
[10:21:16] [161/459] ICCM
[10:21:17] [162/459] PYSU
[10:21:19] [163/459] GATM
[10:21:19] [164/459] WOTM
[10:21:20] [165/459] RKTS
[10:21:21] [166/459] PMTY
[10:21:22] [167/459] LYMS
[10:21:23] [168/459] TGCA
[10:21:24] [169/459] DSTA
[10:21:25] [170/459] CNGE
[10:21:26] [171/459] VSTG
[10:21:27] [172/459] GTCK
[10:21:28] [173/459] TGNT
[10:21:28] [174/459] ASLC
[10:21:29] [175/459] SSST
[10:21:30] [176/459] KBTT
[10:21:31] [177/459] HKCP
[10:21:32] [178/459] SWLC
[10:21:33] [179/459] RTND
[10:21:33] [180/459] PKKT
[10:21:34] [181/459] HSTK
[10:21:35] [182/459] SPTT
[10:21:36] [183/459] IMPM
[10:21:36] [184/459] SCMV
[10:21:37] [185/459] SPCT
[10:21:38] [186/459] JBCA
[10:21:39] [187/459] ATTR
[10:21:40] [188/459] SPMT
[10:21:40] [189/459] LCTM
[10:21:41] [190/459] SCVL
[10:21:42] [191/459] SCVT
[10:21:43] [192/459] KRIC
[10:21:44] [193/459] CTMG
[10:21:45] [194/459] ACNC
[10:21:46] [195/459] DMCK
[10:21:47] [196/459] KMTV
[10:21:48] [197/459] PFCJ
[10:21:49] [198/459] VNMD
[10:21:50] [199/459] VPCZ
[10:21:51] [200/459] SRYR
[10:21:52] [201/459] SYTR
[10:21:53] [202/459] GATR
[10:21:54] [203/459] URTR
[10:21:55] [204/459] MKSM
[10:21:56] [205/459] VSMH
[10:21:56] [206/459] SKRJ
[10:21:57] [207/459] SSJR
[10:21:58] [208/459] SVSM
[10:21:59] [209/459] RUCM
[10:22:00] [210/459] PRKN
[10:22:01] [211/459] RROH
[10:22:02] [212/459] SCTN
[10:22:02] [213/459] RTDM
[10:22:03] [214/459] ASRM
[10:22:04] [215/459] SKMD
[10:22:06] [216/459] SUTD
[10:22:06] [217/459] SADM
[10:22:07] [218/459] WCNR
[10:22:08] [219/459] CNED
[10:22:09] [220/459] MPDB
[10:22:10] [221/459] KTBH
[10:22:11] [222/459] IDRM
[10:22:12] [223/459] PJJT
[10:22:12] [224/459] PFCV
[10:22:13] [225/459] AACT
[10:22:14] [226/459] AAAD
[10:22:15] [227/459] ANES
[10:22:16] [228/459] MNCA
[10:22:17] [229/459] RMGU
[10:22:18] [230/459] DLCN
[10:22:18] [231/459] LJWT
[10:22:19] [232/459] MCBG
[10:22:20] [233/459] MYBG
[10:22:20] [234/459] GCCA
[10:22:21] [235/459] GCGA
[10:22:22] [236/459] ECGN
[10:22:24] [237/459] PRAB
[10:22:25] [238/459] PNMP
[10:22:26] [239/459] GCPT
[10:22:27] [240/459] ROYN
[10:22:28] [241/459] VATM
[10:22:29] [242/459] KSNT
[10:22:30] [243/459] ACTC
[10:22:31] [244/459] PLTD
[10:22:32] [245/459] SKMK
[10:22:33] [246/459] CMTT
[10:22:34] [247/459] SMXP
[10:22:35] [248/459] SCMX
[10:22:35] [249/459] ACXN
[10:22:36] [250/459] ASWT
[10:22:37] [251/459] VVVL
[10:22:38] [252/459] NAGO
[10:22:39] [253/459] SNCN
[10:22:39] [254/459] MCKP
[10:22:40] [255/459] SAMO
[10:22:41] [256/459] JBTV
[10:22:42] [257/459] DCVV
[10:22:43] [258/459] KMSV
[10:22:44] [259/459] KDCN
[10:22:45] [260/459] CNCP
[10:22:46] [261/459] HAMC
[10:22:47] [262/459] CCVZ
[10:22:47] [263/459] NCCK
[10:22:48] [264/459] MCHR
[10:22:49] [265/459] SCHT
[10:22:50] [266/459] ESSH
[10:22:51] [267/459] CUJC
[10:22:52] [268/459] PECP
[10:22:53] [269/459] PMMI
[10:22:54] [270/459] PCCH
[10:22:54] [271/459] PRPM
[10:22:55] [272/459] PVKL
[10:22:56] [273/459] CBSM
[10:22:57] [274/459] PVCZ
[10:22:58] [275/459] PCVV
[10:22:59] [276/459] CTMJ
[10:23:00] [277/459] RCPS
[10:23:01] [278/459] PCIT
[10:23:02] [279/459] FNCH
[10:23:02] [280/459] INZD
[10:23:03] [281/459] INPC
[10:23:04] [282/459] LCZP
[10:23:05] [283/459] SMCB
[10:23:06] [284/459] PTSB
[10:23:07] [285/459] TPSI
[10:23:07] [286/459] KHMJ
[10:23:09] [287/459] RCCJ
[10:23:10] [288/459] NCJA
[10:23:10] [289/459] NCJN
[10:23:11] [290/459] BTDP
[10:23:12] [291/459] PADY
[10:23:13] [292/459] NYBH
[10:23:14] [293/459] MTBR
[10:23:15] [294/459] KRBC
[10:23:16] [295/459] DKTI
[10:23:17] [296/459] ANAN
[10:23:18] [297/459] INBP
[10:23:18] [298/459] PATB
[10:23:19] [299/459] RGNT
[10:23:20] [300/459] CGPM
[10:23:21] [301/459] INTN
[10:23:22] [302/459] MCMP
[10:23:23] [303/459] ASRG
[10:23:24] [304/459] CXJD
[10:23:24] [305/459] SPCP
[10:23:25] [306/459] CSTP
[10:23:26] [307/459] PKVC
[10:23:27] [308/459] ESCP
[10:23:28] [309/459] CAEP
[10:23:28] [310/459] CCSP
[10:23:29] [311/459] KTPC
[10:23:31] [312/459] DACA
[10:23:31] [313/459] NVKY
[10:23:32] [314/459] PTIN
[10:23:33] [315/459] SCIN
[10:23:34] [316/459] MCTY
[10:23:34] [317/459] PCMX
[10:23:36] [318/459] INIC
[10:23:37] [319/459] MMZM
[10:23:38] [320/459] SSLP
[10:23:39] [321/459] DTDT
[10:23:40] [322/459] FFCX
[10:23:41] [323/459] RCMM
[10:23:42] [324/459] KYID
[10:23:43] [325/459] CSCI
[10:23:44] [326/459] FCMC
[10:23:44] [327/459] MMXI
[10:23:45] [328/459] ASTC
[10:23:46] [329/459] CMRA
[10:23:47] [330/459] DICI
[10:23:48] [331/459] KDIN
[10:23:49] [332/459] PRFI
[10:23:50] [333/459] SVFC
[10:23:51] [334/459] UCPL
[10:23:52] [335/459] COOC
[10:23:53] [336/459] SCAL
[10:23:55] [337/459] SVFF
[10:23:55] [338/459] VCMG
[10:23:56] [339/459] UUCT
[10:23:57] [340/459] GCSE
[10:23:58] [341/459] SUSC
[10:23:58] [342/459] MISC
[10:23:59] [343/459] RMBL
[10:24:00] [344/459] CMXN
[10:24:02] [345/459] PVBK
[10:24:02] [346/459] HHCG
[10:24:03] [347/459] SCAG
[10:24:05] [348/459] CNPR
[10:24:05] [349/459] CSER
[10:24:06] [350/459] HLWD
[10:24:07] [351/459] BOLY
[10:24:08] [352/459] SSPG
[10:24:09] [353/459] MUPX
[10:24:09] [354/459] HAMR
[10:24:10] [355/459] SDNC
[10:24:11] [356/459] RTEN
[10:24:12] [357/459] SDTD
[10:24:12] [358/459] KAWS
[10:24:13] [359/459] CMZX
[10:24:15] [360/459] DCDD
[10:24:15] [361/459] ALSN
[10:24:17] [362/459] IMXS
[10:24:18] [363/459] PVFF
[10:24:19] [364/459] PVOO
[10:24:19] [365/459] CFBS
[10:24:20] [366/459] PVER
[10:24:21] [367/459] PPNX
[10:24:22] [368/459] CNRM
[10:24:22] [369/459] PVWW
[10:24:23] [370/459] INMB
[10:24:24] [371/459] CPJR
[10:24:25] [372/459] INRZ
[10:24:26] [373/459] PMSR
[10:24:26] [374/459] GPGM
[10:24:27] [375/459] PGWB
[10:24:28] [376/459] PMBR
[10:24:29] [377/459] GPAM
[10:24:30] [378/459] INBC
[10:24:31] [379/459] PZVK
[10:24:31] [380/459] CPEB
[10:24:32] [381/459] FMLB
[10:24:33] [382/459] INBG
[10:24:33] [383/459] GPBR
[10:24:34] [384/459] PAAS
[10:24:35] [385/459] VTBR
[10:24:36] [386/459] GPMY
[10:24:37] [387/459] GYBU
[10:24:38] [388/459] INBJ
[10:24:38] [389/459] LKTH
[10:24:39] [390/459] NSBR
[10:24:40] [391/459] PDRD
[10:24:41] [392/459] VRBL
[10:24:41] [393/459] VTGB
[10:24:42] [394/459] VTSK
[10:24:43] [395/459] BKDV
[10:24:44] [396/459] SVTB
[10:24:44] [397/459] MLDT
[10:24:45] [398/459] NRBL
[10:24:46] [399/459] SLTR
[10:24:47] [400/459] VNKA
[10:24:47] [401/459] TDCA
[10:24:49] [402/459] INBM
[10:24:50] [403/459] SSNR
[10:24:50] [404/459] BHAC
[10:24:52] [405/459] SDSD
[10:24:52] [406/459] SAMP
[10:24:53] [407/459] RATK
[10:24:54] [408/459] KCBI
[10:24:55] [409/459] URBL
[10:24:56] [410/459] MKBG
[10:24:56] [411/459] ASTB
[10:24:57] [412/459] VBWT
[10:24:58] [413/459] GPSM
[10:24:59] [414/459] ROON
[10:25:00] [415/459] CHTH
[10:25:00] [416/459] SSPA
[10:25:01] [417/459] ANBL
[10:25:02] [418/459] VTBE
[10:25:03] [419/459] SVKT
[10:25:04] [420/459] SVYK
[10:25:05] [421/459] PTBK
[10:25:05] [422/459] RKTB
[10:25:06] [423/459] BALT
[10:25:07] [424/459] STSV
[10:25:08] [425/459] VCCB
[10:25:09] [426/459] SLTB
[10:25:10] [427/459] SBCR
[10:25:10] [428/459] VDCS
[10:25:11] [429/459] MDKI
[10:25:13] [430/459] SMRN
[10:25:13] [431/459] PTBC
[10:25:15] [432/459] RADI
[10:25:15] [433/459] ADCR
[10:25:17] [434/459] SDCS
[10:25:17] [435/459] SRPJ
[10:25:19] [436/459] ARTS
[10:25:20] [437/459] SRHK
[10:25:21] [438/459] SPAY
[10:25:22] [439/459] GPTB
[10:25:23] [440/459] SNNN
[10:25:24] [441/459] BALJ
[10:25:25] [442/459] TRIG
[10:25:25] [443/459] GTYT
[10:25:26] [444/459] ATGN
[10:25:27] [445/459] ANTE
[10:25:28] [446/459] BDCG
[10:25:29] [447/459] VECI
[10:25:29] [448/459] SCPR
[10:25:30] [449/459] RTEA
[10:25:31] [450/459] JSAI
[10:25:32] [451/459] VJTP
[10:25:33] [452/459] GNDS
[10:25:33] [453/459] PAXA
[10:25:34] [454/459] CGGM
[10:25:35] [455/459] ACKZ
[10:25:36] [456/459] EMCC
[10:25:37] [457/459] KLSK
[10:25:38] [458/459] AVCK
[10:25:39] [459/459] JTCK
[10:25:39] 🧹 Deduping shows
[10:25:39] ✅ DONE | Shows=10 | Movies=4
[16:50:16] 🚀 SCRIPT STARTED
[16:50:16] [1/459] NECA
[16:50:16] 🧠 New identity created
[16:50:18] [2/459] BJLC
[16:50:18] [3/459] BASU
[16:50:19] [4/459] RUPI
[16:50:20] [5/459] LCBK
[16:50:21] [6/459] PMAC
[16:50:22] [7/459] AMLC
[16:50:23] [8/459] LICL
[16:50:24] [9/459] UDMM
[16:50:25] [10/459] STBZ
[16:50:26] [11/459] UUBT
[16:50:27] [12/459] SJKC
[16:50:27] [13/459] TUAL
[16:50:28] [14/459] MRSE
[16:50:29] [15/459] RMRK
[16:50:30] [16/459] TTKP
[16:50:31] [17/459] KTKO
[16:50:32] [18/459] SDBK
[16:50:33] [19/459] MCPR
[16:50:34] [20/459] CHTI
[16:50:34] [21/459] GCCP
[16:50:36] [22/459] SRMY
[16:50:36] [23/459] NYST
[16:50:37] [24/459] NYAG
[16:50:38] [25/459] SBMT
[16:50:38] [26/459] INGA
[16:50:39] [27/459] WSIC
[16:50:40] [28/459] SCSS
[16:50:41] [29/459] COPG
[16:50:42] [30/459] RCGR
[16:50:42] [31/459] TCZA
[16:50:43] [32/459] CNLP
[16:50:44] [33/459] CLKN
[16:50:45] [34/459] LHDF
[16:50:46] [35/459] ELKC
[16:50:47] [36/459] VCEM
[16:50:48] [37/459] SSZA
[16:50:49] [38/459] KRMT
[16:50:49] [39/459] LCMV
[16:50:51] [40/459] AYCZ
[16:50:52] [41/459] CUMS
[16:50:52] [42/459] BOCK
[16:50:53] [43/459] PNMR
[16:50:54] [44/459] PJCP
[16:50:55] [45/459] JDDD
[16:50:57] [46/459] STMS
[16:50:57] [47/459] FLMB
[16:50:59] [48/459] PKCM
[16:50:59] [49/459] SPPR
[16:51:00] [50/459] EYLH
[16:51:01] [51/459] RJCC
[16:51:02] [52/459] MMPS
[16:51:03] [53/459] SHMX
[16:51:04] [54/459] CCNL
[16:51:04] [55/459] RCNV
[16:51:05] [56/459] MAAG
[16:51:06] [57/459] LXCM
[16:51:07] [58/459] RCNI
[16:51:08] [59/459] SNNI
[16:51:09] [60/459] LALC
[16:51:09] [61/459] SOCN
[16:51:10] [62/459] JHTP
[16:51:11] [63/459] PITP
[16:51:12] [64/459] CCKW
[16:51:13] [65/459] MCMC
[16:51:13] [66/459] DEES
[16:51:14] [67/459] SABT
[16:51:15] [68/459] VSPP
[16:51:16] [69/459] ABCT
[16:51:17] [70/459] JVTB
[16:51:18] [71/459] VCBD
[16:51:19] [72/459] RMGG
[16:51:20] [73/459] RNMH
[16:51:21] [74/459] SPGL
[16:51:22] [75/459] JTTR
[16:51:22] [76/459] SICS
[16:51:23] [77/459] SRMI
[16:51:24] [78/459] SSIJ
[16:51:25] [79/459] KFMT
[16:51:26] [80/459] VBIT
[16:51:26] [81/459] JKCT
[16:51:28] [82/459] GCGP
[16:51:29] [83/459] GDCS
[16:51:29] [84/459] TRBA
[16:51:30] [85/459] QUST
[16:51:31] [86/459] VSHM
[16:51:32] [87/459] SDCP
[16:51:33] [88/459] SNVS
[16:51:34] [89/459] NYTO
[16:51:35] [90/459] URWC
[16:51:35] [91/459] GTWH
[16:51:36] [92/459] PFCM
[16:51:37] [93/459] KRTA
[16:51:37] [94/459] AXMC
[16:51:38] [95/459] EVMC
[16:51:39] [96/459] HGSM
[16:51:40] [97/459] ACVM
[16:51:40] [98/459] PSKL
[16:51:41] [99/459] RDMP
[16:51:42] [100/459] RHGH
[16:51:43] [101/459] OMCM
[16:51:44] [102/459] DCCP
[16:51:45] [103/459] MCPB
[16:51:46] [104/459] ALCI
[16:51:46] [105/459] BLMX
[16:51:47] [106/459] BTMV
[16:51:48] [107/459] FVPN
[16:51:49] [108/459] CMAR
[16:51:50] [109/459] CEIM
[16:51:51] [110/459] CMVA
[16:51:51] [111/459] CPIV
[16:51:53] [112/459] CNPE
[16:51:54] [113/459] COLV
[16:51:54] [114/459] DNNV
[16:51:56] [115/459] HCAD
[16:51:57] [116/459] TAKA
[16:51:57] [117/459] INVD
[16:51:58] [118/459] IRMM
[16:51:59] [119/459] INSE
[16:52:01] [120/459] MRSW
[16:52:02] [121/459] MCVD
[16:52:02] [122/459] MCSO
[16:52:03] [123/459] PEVM
[16:52:04] [124/459] PVNL
[16:52:04] [125/459] PTCV
[16:52:05] [126/459] PRTC
[16:52:06] [127/459] RCVA
[16:52:07] [128/459] MTBN
[16:52:08] [129/459] LUCP
[16:52:08] [130/459] FMPT
[16:52:09] [131/459] JLSL
[16:52:10] [132/459] SBHA
[16:52:11] [133/459] SHRC
[16:52:12] [134/459] AVPS
[16:52:13] [135/459] STPM
[16:52:13] [136/459] ATRD
[16:52:14] [137/459] VTED
[16:52:15] [138/459] ACAI
[16:52:16] [139/459] SMAE
[16:52:17] [140/459] VMAT
[16:52:17] [141/459] LKCT
[16:52:18] [142/459] JTVK
[16:52:19] [143/459] PRTY
[16:52:20] [144/459] GETT
[16:52:20] [145/459] ESAP
[16:52:21] [146/459] NCPM
[16:52:23] [147/459] PCPA
[16:52:24] [148/459] MMOM
[16:52:25] [149/459] PHUP
[16:52:25] [150/459] CCPI
[16:52:26] [151/459] CNTD
[16:52:27] [152/459] NLJR
[16:52:28] [153/459] SRNG
[16:52:29] [154/459] MHAL
[16:52:29] [155/459] PNSM
[16:52:30] [156/459] DRMY
[16:52:31] [157/459] CCMU
[16:52:32] [158/459] SCMY
[16:52:33] [159/459] PVSY
[16:52:34] [160/459] SDLM
[16:52:34] [161/459] ICCM
[16:52:35] [162/459] PYSU
[16:52:36] [163/459] GATM
[16:52:37] [164/459] WOTM
[16:52:38] [165/459] RKTS
[16:52:39] [166/459] PMTY
[16:52:39] [167/459] LYMS
[16:52:40] [168/459] TGCA
[16:52:42] [169/459] DSTA
[16:52:43] [170/459] CNGE
[16:52:44] [171/459] VSTG
[16:52:45] [172/459] GTCK
[16:52:46] [173/459] TGNT
[16:52:47] [174/459] ASLC
[16:52:48] [175/459] SSST
[16:52:49] [176/459] KBTT
[16:52:50] [177/459] HKCP
[16:52:51] [178/459] SWLC
[16:52:52] [179/459] RTND
[16:52:53] [180/459] PKKT
[16:52:53] [181/459] HSTK
[16:52:55] [182/459] SPTT
[16:52:56] [183/459] IMPM
[16:52:57] [184/459] SCMV
[16:52:58] [185/459] SPCT
[16:52:58] [186/459] JBCA
[16:52:59] [187/459] ATTR
[16:53:00] [188/459] SPMT
[16:53:00] [189/459] LCTM
[16:53:01] [190/459] SCVL
[16:53:02] [191/459] SCVT
[16:53:03] [192/459] KRIC
[16:53:04] [193/459] CTMG
[16:53:04] [194/459] ACNC
[16:53:05] [195/459] DMCK
[16:53:06] [196/459] KMTV
[16:53:07] [197/459] PFCJ
[16:53:08] [198/459] VNMD
[16:53:09] [199/459] VPCZ
[16:53:10] [200/459] SRYR
[16:53:10] [201/459] SYTR
[16:53:12] [202/459] GATR
[16:53:13] [203/459] URTR
[16:53:14] [204/459] MKSM
[16:53:15] [205/459] VSMH
[16:53:16] [206/459] SKRJ
[16:53:17] [207/459] SSJR
[16:53:17] [208/459] SVSM
[16:53:18] [209/459] RUCM
[16:53:20] [210/459] PRKN
[16:53:21] [211/459] RROH
[16:53:22] [212/459] SCTN
[16:53:22] [213/459] RTDM
[16:53:23] [214/459] ASRM
[16:53:24] [215/459] SKMD
[16:53:25] [216/459] SUTD
[16:53:26] [217/459] SADM
[16:53:26] [218/459] WCNR
[16:53:27] [219/459] CNED
[16:53:29] [220/459] MPDB
[16:53:30] [221/459] KTBH
[16:53:31] [222/459] IDRM
[16:53:32] [223/459] PJJT
[16:53:33] [224/459] PFCV
[16:53:34] [225/459] AACT
[16:53:34] [226/459] AAAD
[16:53:35] [227/459] ANES
[16:53:36] [228/459] MNCA
[16:53:37] [229/459] RMGU
[16:53:37] [230/459] DLCN
[16:53:39] [231/459] LJWT
[16:53:40] [232/459] MCBG
[16:53:41] [233/459] MYBG
[16:53:41] [234/459] GCCA
[16:53:42] [235/459] GCGA
[16:53:43] [236/459] ECGN
[16:53:44] [237/459] PRAB
[16:53:45] [238/459] PNMP
[16:53:46] [239/459] GCPT
[16:53:47] [240/459] ROYN
[16:53:48] [241/459] VATM
[16:53:49] [242/459] KSNT
[16:53:50] [243/459] ACTC
[16:53:50] [244/459] PLTD
[16:53:51] [245/459] SKMK
[16:53:52] [246/459] CMTT
[16:53:53] [247/459] SMXP
[16:53:54] [248/459] SCMX
[16:53:54] [249/459] ACXN
[16:53:55] [250/459] ASWT
[16:53:57] [251/459] VVVL
[16:53:57] [252/459] NAGO
[16:53:58] [253/459] SNCN
[16:53:59] [254/459] MCKP
[16:54:00] [255/459] SAMO
[16:54:00] [256/459] JBTV
[16:54:01] [257/459] DCVV
[16:54:02] [258/459] KMSV
[16:54:03] [259/459] KDCN
[16:54:04] [260/459] CNCP
[16:54:05] [261/459] HAMC
[16:54:06] [262/459] CCVZ
[16:54:07] [263/459] NCCK
[16:54:08] [264/459] MCHR
[16:54:09] [265/459] SCHT
[16:54:10] [266/459] ESSH
[16:54:10] [267/459] CUJC
[16:54:11] [268/459] PECP
[16:54:12] [269/459] PMMI
[16:54:13] [270/459] PCCH
[16:54:14] [271/459] PRPM
[16:54:14] [272/459] PVKL
[16:54:15] [273/459] CBSM
[16:54:16] [274/459] PVCZ
[16:54:17] [275/459] PCVV
[16:54:18] [276/459] CTMJ
[16:54:19] [277/459] RCPS
[16:54:21] [278/459] PCIT
[16:54:22] [279/459] FNCH
[16:54:22] [280/459] INZD
[16:54:23] [281/459] INPC
[16:54:25] [282/459] LCZP
[16:54:26] [283/459] SMCB
[16:54:26] [284/459] PTSB
[16:54:27] [285/459] TPSI
[16:54:28] [286/459] KHMJ
[16:54:29] [287/459] RCCJ
[16:54:29] [288/459] NCJA
[16:54:30] [289/459] NCJN
[16:54:31] [290/459] BTDP
[16:54:31] [291/459] PADY
[16:54:32] [292/459] NYBH
[16:54:34] [293/459] MTBR
[16:54:34] [294/459] KRBC
[16:54:35] [295/459] DKTI
[16:54:36] [296/459] ANAN
[16:54:37] [297/459] INBP
[16:54:37] [298/459] PATB
[16:54:38] [299/459] RGNT
[16:54:39] [300/459] CGPM
[16:54:40] [301/459] INTN
[16:54:40] [302/459] MCMP
[16:54:41] [303/459] ASRG
[16:54:42] [304/459] CXJD
[16:54:43] [305/459] SPCP
[16:54:44] [306/459] CSTP
[16:54:45] [307/459] PKVC
[16:54:46] [308/459] ESCP
[16:54:46] [309/459] CAEP
[16:54:47] [310/459] CCSP
[16:54:48] [311/459] KTPC
[16:54:49] [312/459] DACA
[16:54:50] [313/459] NVKY
[16:54:50] [314/459] PTIN
[16:54:51] [315/459] SCIN
[16:54:52] [316/459] MCTY
[16:54:52] [317/459] PCMX
[16:54:53] [318/459] INIC
[16:54:54] [319/459] MMZM
[16:54:55] [320/459] SSLP
[16:54:56] [321/459] DTDT
[16:54:57] [322/459] FFCX
[16:54:57] [323/459] RCMM
[16:54:58] [324/459] KYID
[16:55:00] [325/459] CSCI
[16:55:00] [326/459] FCMC
[16:55:01] [327/459] MMXI
[16:55:02] [328/459] ASTC
[16:55:03] [329/459] CMRA
[16:55:04] [330/459] DICI
[16:55:05] [331/459] KDIN
[16:55:05] [332/459] PRFI
[16:55:06] [333/459] SVFC
[16:55:07] [334/459] UCPL
[16:55:08] [335/459] COOC
[16:55:08] [336/459] SCAL
[16:55:09] [337/459] SVFF
[16:55:10] [338/459] VCMG
[16:55:11] [339/459] UUCT
[16:55:12] [340/459] GCSE
[16:55:12] [341/459] SUSC
[16:55:13] [342/459] MISC
[16:55:14] [343/459] RMBL
[16:55:15] [344/459] CMXN
[16:55:16] [345/459] PVBK
[16:55:16] [346/459] HHCG
[16:55:17] [347/459] SCAG
[16:55:18] [348/459] CNPR
[16:55:19] [349/459] CSER
[16:55:19] [350/459] HLWD
[16:55:20] [351/459] BOLY
[16:55:21] [352/459] SSPG
[16:55:22] [353/459] MUPX
[16:55:23] [354/459] HAMR
[16:55:23] [355/459] SDNC
[16:55:24] [356/459] RTEN
[16:55:25] [357/459] SDTD
[16:55:26] [358/459] KAWS
[16:55:27] [359/459] CMZX
[16:55:28] [360/459] DCDD
[16:55:28] [361/459] ALSN
[16:55:29] [362/459] IMXS
[16:55:30] [363/459] PVFF
[16:55:31] [364/459] PVOO
[16:55:31] [365/459] CFBS
[16:55:32] [366/459] PVER
[16:55:33] [367/459] PPNX
[16:55:34] [368/459] CNRM
[16:55:35] [369/459] PVWW
[16:55:36] [370/459] INMB
[16:55:36] [371/459] CPJR
[16:55:37] [372/459] INRZ
[16:55:38] [373/459] PMSR
[16:55:39] [374/459] GPGM
[16:55:40] [375/459] PGWB
[16:55:41] [376/459] PMBR
[16:55:41] [377/459] GPAM
[16:55:43] [378/459] INBC
[16:55:44] [379/459] PZVK
[16:55:45] [380/459] CPEB
[16:55:46] [381/459] FMLB
[16:55:46] [382/459] INBG
[16:55:47] [383/459] GPBR
[16:55:48] [384/459] PAAS
[16:55:49] [385/459] VTBR
[16:55:49] [386/459] GPMY
[16:55:50] [387/459] GYBU
[16:55:51] [388/459] INBJ
[16:55:52] [389/459] LKTH
[16:55:53] [390/459] NSBR
[16:55:54] [391/459] PDRD
[16:55:54] [392/459] VRBL
[16:55:55] [393/459] VTGB
[16:55:57] [394/459] VTSK
[16:55:58] [395/459] BKDV
[16:55:58] [396/459] SVTB
[16:55:59] [397/459] MLDT
[16:56:00] [398/459] NRBL
[16:56:00] [399/459] SLTR
[16:56:01] [400/459] VNKA
[16:56:02] [401/459] TDCA
[16:56:03] [402/459] INBM
[16:56:04] [403/459] SSNR
[16:56:05] [404/459] BHAC
[16:56:05] [405/459] SDSD
[16:56:06] [406/459] SAMP
[16:56:07] [407/459] RATK
[16:56:08] [408/459] KCBI
[16:56:08] [409/459] URBL
[16:56:09] [410/459] MKBG
[16:56:10] [411/459] ASTB
[16:56:12] [412/459] VBWT
[16:56:12] [413/459] GPSM
[16:56:13] [414/459] ROON
[16:56:14] [415/459] CHTH
[16:56:15] [416/459] SSPA
[16:56:15] [417/459] ANBL
[16:56:17] [418/459] VTBE
[16:56:18] [419/459] SVKT
[16:56:18] [420/459] SVYK
[16:56:19] [421/459] PTBK
[16:56:20] [422/459] RKTB
[16:56:21] [423/459] BALT
[16:56:22] [424/459] STSV
[16:56:22] [425/459] VCCB
[16:56:23] [426/459] SLTB
[16:56:24] [427/459] SBCR
[16:56:25] [428/459] VDCS
[16:56:26] [429/459] MDKI
[16:56:26] [430/459] SMRN
[16:56:27] [431/459] PTBC
[16:56:29] [432/459] RADI
[16:56:29] [433/459] ADCR
[16:56:30] [434/459] SDCS
[16:56:31] [435/459] SRPJ
[16:56:32] [436/459] ARTS
[16:56:32] [437/459] SRHK
[16:56:33] [438/459] SPAY
[16:56:34] [439/459] GPTB
[16:56:35] [440/459] SNNN
[16:56:36] [441/459] BALJ
[16:56:36] [442/459] TRIG
[16:56:37] [443/459] GTYT
[16:56:38] [444/459] ATGN
[16:56:39] [445/459] ANTE
[16:56:40] [446/459] BDCG
[16:56:40] [447/459] VECI
[16:56:41] [448/459] SCPR
[16:56:42] [449/459] RTEA
[16:56:43] [450/459] JSAI
[16:56:44] [451/459] VJTP
[16:56:45] [452/459] GNDS
[16:56:45] [453/459] PAXA
[16:56:46] [454/459] CGGM
[16:56:47] [455/459] ACKZ
[16:56:48] [456/459] EMCC
[16:56:49] [457/459] KLSK
[16:56:50] [458/459] AVCK
[16:56:51] [459/459] JTCK
[16:56:51] 🧹 Deduping shows
[16:56:51] ✅ DONE | Shows=24 | Movies=6
[04:49:39] 🚀 SCRIPT STARTED
[04:49:40] [1/459] NECA
[04:49:40] 🧠 New identity created
[04:49:41] [2/459] BJLC
[04:49:42] [3/459] BASU
[04:49:43] [4/459] RUPI
[04:49:44] [5/459] LCBK
[04:49:45] [6/459] PMAC
[04:49:46] [7/459] AMLC
[04:49:47] [8/459] LICL
[04:49:47] [9/459] UDMM
[04:49:48] [10/459] STBZ
[04:49:49] [11/459] UUBT
[04:49:50] [12/459] SJKC
[04:49:51] [13/459] TUAL
[04:49:52] [14/459] MRSE
[04:49:53] [15/459] RMRK
[04:49:54] [16/459] TTKP
[04:49:55] [17/459] KTKO
[04:49:56] [18/459] SDBK
[04:49:56] [19/459] MCPR
[04:49:57] [20/459] CHTI
[04:49:58] [21/459] GCCP
[04:49:59] [22/459] SRMY
[04:50:00] [23/459] NYST
[04:50:01] [24/459] NYAG
[04:50:02] [25/459] SBMT
[04:50:03] [26/459] INGA
[04:50:03] [27/459] WSIC
[04:50:04] [28/459] SCSS
[04:50:05] [29/459] COPG
[04:50:06] [30/459] RCGR
[04:50:08] [31/459] TCZA
[04:50:09] [32/459] CNLP
[04:50:10] [33/459] CLKN
[04:50:10] [34/459] LHDF
[04:50:11] [35/459] ELKC
[04:50:12] [36/459] VCEM
[04:50:14] [37/459] SSZA
[04:50:15] [38/459] KRMT
[04:50:16] [39/459] LCMV
[04:50:16] [40/459] AYCZ
[04:50:18] [41/459] CUMS
[04:50:20] [42/459] BOCK
[04:50:20] [43/459] PNMR
[04:50:21] [44/459] PJCP
[04:50:22] [45/459] JDDD
[04:50:23] [46/459] STMS
[04:50:23] [47/459] FLMB
[04:50:24] [48/459] PKCM
[04:50:26] [49/459] SPPR
[04:50:27] [50/459] EYLH
[04:50:28] [51/459] RJCC
[04:50:28] [52/459] MMPS
[04:50:29] [53/459] SHMX
[04:50:30] [54/459] CCNL
[04:50:31] [55/459] RCNV
[04:50:32] [56/459] MAAG
[04:50:33] [57/459] LXCM
[04:50:34] [58/459] RCNI
[04:50:35] [59/459] SNNI
[04:50:37] [60/459] LALC
[04:50:37] [61/459] SOCN
[04:50:38] [62/459] JHTP
[04:50:39] [63/459] PITP
[04:50:40] [64/459] CCKW
[04:50:41] [65/459] MCMC
[04:50:41] [66/459] DEES
[04:50:42] [67/459] SABT
[04:50:43] [68/459] VSPP
[04:50:44] [69/459] ABCT
[04:50:45] [70/459] JVTB
[04:50:46] [71/459] VCBD
[04:50:48] [72/459] RMGG
[04:50:49] [73/459] RNMH
[04:50:50] [74/459] SPGL
[04:50:50] [75/459] JTTR
[04:50:51] [76/459] SICS
[04:50:53] [77/459] SRMI
[04:50:55] [78/459] SSIJ
[04:50:56] [79/459] KFMT
[04:50:57] [80/459] VBIT
[04:50:58] [81/459] JKCT
[04:50:59] [82/459] GCGP
[04:50:59] [83/459] GDCS
[04:51:00] [84/459] TRBA
[04:51:01] [85/459] QUST
[04:51:02] [86/459] VSHM
[04:51:03] [87/459] SDCP
[04:51:04] [88/459] SNVS
[04:51:05] [89/459] NYTO
[04:51:06] [90/459] URWC
[04:51:06] [91/459] GTWH
[04:51:07] [92/459] PFCM
[04:51:08] [93/459] KRTA
[04:51:10] [94/459] AXMC
[04:51:10] [95/459] EVMC
[04:51:11] [96/459] HGSM
[04:51:12] [97/459] ACVM
[04:51:13] [98/459] PSKL
[04:51:14] [99/459] RDMP
[04:51:15] [100/459] RHGH
[04:51:16] [101/459] OMCM
[04:51:16] [102/459] DCCP
[04:51:17] [103/459] MCPB
[04:51:18] [104/459] ALCI
[04:51:19] [105/459] BLMX
[04:51:20] [106/459] BTMV
[04:51:21] [107/459] FVPN
[04:51:21] [108/459] CMAR
[04:51:22] [109/459] CEIM
[04:51:23] [110/459] CMVA
[04:51:24] [111/459] CPIV
[04:51:24] [112/459] CNPE
[04:51:25] [113/459] COLV
[04:51:26] [114/459] DNNV
[04:51:27] [115/459] HCAD
[04:51:28] [116/459] TAKA
[04:51:29] [117/459] INVD
[04:51:30] [118/459] IRMM
[04:51:31] [119/459] INSE
[04:51:31] [120/459] MRSW
[04:51:32] [121/459] MCVD
[04:51:33] [122/459] MCSO
[04:51:34] [123/459] PEVM
[04:51:35] [124/459] PVNL
[04:51:36] [125/459] PTCV
[04:51:36] [126/459] PRTC
[04:51:37] [127/459] RCVA
[04:51:38] [128/459] MTBN
[04:51:39] [129/459] LUCP
[04:51:40] [130/459] FMPT
[04:51:41] [131/459] JLSL
[04:51:42] [132/459] SBHA
[04:51:43] [133/459] SHRC
[04:51:44] [134/459] AVPS
[04:51:45] [135/459] STPM
[04:51:47] [136/459] ATRD
[04:51:48] [137/459] VTED
[04:51:48] [138/459] ACAI
[04:51:49] [139/459] SMAE
[04:51:50] [140/459] VMAT
[04:51:51] [141/459] LKCT
[04:51:52] [142/459] JTVK
[04:51:53] [143/459] PRTY
[04:51:54] [144/459] GETT
[04:51:55] [145/459] ESAP
[04:51:55] [146/459] NCPM
[04:51:56] [147/459] PCPA
[04:51:57] [148/459] MMOM
[04:51:58] [149/459] PHUP
[04:51:59] [150/459] CCPI
[04:51:59] [151/459] CNTD
[04:52:00] [152/459] NLJR
[04:52:01] [153/459] SRNG
[04:52:02] [154/459] MHAL
[04:52:03] [155/459] PNSM
[04:52:04] [156/459] DRMY
[04:52:04] [157/459] CCMU
[04:52:05] [158/459] SCMY
[04:52:06] [159/459] PVSY
[04:52:07] [160/459] SDLM
[04:52:08] [161/459] ICCM
[04:52:09] [162/459] PYSU
[04:52:09] [163/459] GATM
[04:52:10] [164/459] WOTM
[04:52:11] [165/459] RKTS
[04:52:12] [166/459] PMTY
[04:52:13] [167/459] LYMS
[04:52:14] [168/459] TGCA
[04:52:15] [169/459] DSTA
[04:52:16] [170/459] CNGE
[04:52:16] [171/459] VSTG
[04:52:17] [172/459] GTCK
[04:52:18] [173/459] TGNT
[04:52:19] [174/459] ASLC
[04:52:19] [175/459] SSST
[04:52:20] [176/459] KBTT
[04:52:21] [177/459] HKCP
[04:52:22] [178/459] SWLC
[04:52:23] [179/459] RTND
[04:52:24] [180/459] PKKT
[04:52:24] [181/459] HSTK
[04:52:25] [182/459] SPTT
[04:52:26] [183/459] IMPM
[04:52:27] [184/459] SCMV
[04:52:28] [185/459] SPCT
[04:52:28] [186/459] JBCA
[04:52:30] [187/459] ATTR
[04:52:31] [188/459] SPMT
[04:52:32] [189/459] LCTM
[04:52:33] [190/459] SCVL
[04:52:34] [191/459] SCVT
[04:52:35] [192/459] KRIC
[04:52:36] [193/459] CTMG
[04:52:37] [194/459] ACNC
[04:52:37] [195/459] DMCK
[04:52:38] [196/459] KMTV
[04:52:39] [197/459] PFCJ
[04:52:41] [198/459] VNMD
[04:52:43] [199/459] VPCZ
[04:52:43] [200/459] SRYR
[04:52:44] [201/459] SYTR
[04:52:45] [202/459] GATR
[04:52:46] [203/459] URTR
[04:52:47] [204/459] MKSM
[04:52:48] [205/459] VSMH
[04:52:48] [206/459] SKRJ
[04:52:49] [207/459] SSJR
[04:52:51] [208/459] SVSM
[04:52:52] [209/459] RUCM
[04:52:52] [210/459] PRKN
[04:52:53] [211/459] RROH
[04:52:54] [212/459] SCTN
[04:52:55] [213/459] RTDM
[04:52:56] [214/459] ASRM
[04:52:57] [215/459] SKMD
[04:52:59] [216/459] SUTD
[04:53:00] [217/459] SADM
[04:53:00] [218/459] WCNR
[04:53:01] [219/459] CNED
[04:53:02] [220/459] MPDB
[04:53:03] [221/459] KTBH
[04:53:04] [222/459] IDRM
[04:53:05] [223/459] PJJT
[04:53:06] [224/459] PFCV
[04:53:07] [225/459] AACT
[04:53:08] [226/459] AAAD
[04:53:09] [227/459] ANES
[04:53:11] [228/459] MNCA
[04:53:12] [229/459] RMGU
[04:53:13] [230/459] DLCN
[04:53:13] [231/459] LJWT
[04:53:14] [232/459] MCBG
[04:53:15] [233/459] MYBG
[04:53:15] [234/459] GCCA
[04:53:16] [235/459] GCGA
[04:53:17] [236/459] ECGN
[04:53:18] [237/459] PRAB
[04:53:19] [238/459] PNMP
[04:53:20] [239/459] GCPT
[04:53:21] [240/459] ROYN
[04:53:22] [241/459] VATM
[04:53:23] [242/459] KSNT
[04:53:24] [243/459] ACTC
[04:53:25] [244/459] PLTD
[04:53:25] [245/459] SKMK
[04:53:26] [246/459] CMTT
[04:53:27] [247/459] SMXP
[04:53:28] [248/459] SCMX
[04:53:29] [249/459] ACXN
[04:53:30] [250/459] ASWT
[04:53:30] [251/459] VVVL
[04:53:31] [252/459] NAGO
[04:53:32] [253/459] SNCN
[04:53:33] [254/459] MCKP
[04:53:34] [255/459] SAMO
[04:53:36] [256/459] JBTV
[04:53:37] [257/459] DCVV
[04:53:38] [258/459] KMSV
[04:53:39] [259/459] KDCN
[04:53:39] [260/459] CNCP
[04:53:40] [261/459] HAMC
[04:53:41] [262/459] CCVZ
[04:53:42] [263/459] NCCK
[04:53:43] [264/459] MCHR
[04:53:44] [265/459] SCHT
[04:53:45] [266/459] ESSH
[04:53:46] [267/459] CUJC
[04:53:47] [268/459] PECP
[04:53:49] [269/459] PMMI
[04:53:50] [270/459] PCCH
[04:53:51] [271/459] PRPM
[04:53:53] [272/459] PVKL
[04:53:54] [273/459] CBSM
[04:53:56] [274/459] PVCZ
[04:53:56] [275/459] PCVV
[04:53:57] [276/459] CTMJ
[04:53:58] [277/459] RCPS
[04:53:59] [278/459] PCIT
[04:54:00] [279/459] FNCH
[04:54:01] [280/459] INZD
[04:54:02] [281/459] INPC
[04:54:02] [282/459] LCZP
[04:54:03] [283/459] SMCB
[04:54:05] [284/459] PTSB
[04:54:07] [285/459] TPSI
[04:54:08] [286/459] KHMJ
[04:54:09] [287/459] RCCJ
[04:54:10] [288/459] NCJA
[04:54:10] [289/459] NCJN
[04:54:11] [290/459] BTDP
[04:54:12] [291/459] PADY
[04:54:13] [292/459] NYBH
[04:54:14] [293/459] MTBR
[04:54:14] [294/459] KRBC
[04:54:15] [295/459] DKTI
[04:54:16] [296/459] ANAN
[04:54:17] [297/459] INBP
[04:54:18] [298/459] PATB
[04:54:19] [299/459] RGNT
[04:54:20] [300/459] CGPM
[04:54:21] [301/459] INTN
[04:54:22] [302/459] MCMP
[04:54:22] [303/459] ASRG
[04:54:23] [304/459] CXJD
[04:54:24] [305/459] SPCP
[04:54:25] [306/459] CSTP
[04:54:26] [307/459] PKVC
[04:54:26] [308/459] ESCP
[04:54:27] [309/459] CAEP
[04:54:28] [310/459] CCSP
[04:54:30] [311/459] KTPC
[04:54:30] [312/459] DACA
[04:54:31] [313/459] NVKY
[04:54:32] [314/459] PTIN
[04:54:33] [315/459] SCIN
[04:54:34] [316/459] MCTY
[04:54:35] [317/459] PCMX
[04:54:35] [318/459] INIC
[04:54:36] [319/459] MMZM
[04:54:37] [320/459] SSLP
[04:54:38] [321/459] DTDT
[04:54:39] [322/459] FFCX
[04:54:40] [323/459] RCMM
[04:54:41] [324/459] KYID
[04:54:42] [325/459] CSCI
[04:54:43] [326/459] FCMC
[04:54:43] [327/459] MMXI
[04:54:44] [328/459] ASTC
[04:54:45] [329/459] CMRA
[04:54:46] [330/459] DICI
[04:54:47] [331/459] KDIN
[04:54:47] [332/459] PRFI
[04:54:48] [333/459] SVFC
[04:54:49] [334/459] UCPL
[04:54:50] [335/459] COOC
[04:54:50] [336/459] SCAL
[04:54:52] [337/459] SVFF
[04:54:52] [338/459] VCMG
[04:54:53] [339/459] UUCT
[04:54:54] [340/459] GCSE
[04:54:56] [341/459] SUSC
[04:54:56] [342/459] MISC
[04:54:58] [343/459] RMBL
[04:54:58] [344/459] CMXN
[04:54:59] [345/459] PVBK
[04:55:00] [346/459] HHCG
[04:55:01] [347/459] SCAG
[04:55:02] [348/459] CNPR
[04:55:03] [349/459] CSER
[04:55:04] [350/459] HLWD
[04:55:05] [351/459] BOLY
[04:55:06] [352/459] SSPG
[04:55:06] [353/459] MUPX
[04:55:07] [354/459] HAMR
[04:55:08] [355/459] SDNC
[04:55:09] [356/459] RTEN
[04:55:09] [357/459] SDTD
[04:55:10] [358/459] KAWS
[04:55:11] [359/459] CMZX
[04:55:12] [360/459] DCDD
[04:55:13] [361/459] ALSN
[04:55:14] [362/459] IMXS
[04:55:15] [363/459] PVFF
[04:55:16] [364/459] PVOO
[04:55:16] [365/459] CFBS
[04:55:18] [366/459] PVER
[04:55:19] [367/459] PPNX
[04:55:20] [368/459] CNRM
[04:55:21] [369/459] PVWW
[04:55:22] [370/459] INMB
[04:55:23] [371/459] CPJR
[04:55:24] [372/459] INRZ
[04:55:25] [373/459] PMSR
[04:55:25] [374/459] GPGM
[04:55:26] [375/459] PGWB
[04:55:27] [376/459] PMBR
[04:55:28] [377/459] GPAM
[04:55:28] [378/459] INBC
[04:55:29] [379/459] PZVK
[04:55:30] [380/459] CPEB
[04:55:31] [381/459] FMLB
[04:55:32] [382/459] INBG
[04:55:34] [383/459] GPBR
[04:55:35] [384/459] PAAS
[04:55:36] [385/459] VTBR
[04:55:37] [386/459] GPMY
[04:55:38] [387/459] GYBU
[04:55:39] [388/459] INBJ
[04:55:39] [389/459] LKTH
[04:55:40] [390/459] NSBR
[04:55:41] [391/459] PDRD
[04:55:42] [392/459] VRBL
[04:55:44] [393/459] VTGB
[04:55:44] [394/459] VTSK
[04:55:45] [395/459] BKDV
[04:55:46] [396/459] SVTB
[04:55:47] [397/459] MLDT
[04:55:48] [398/459] NRBL
[04:55:49] [399/459] SLTR
[04:55:50] [400/459] VNKA
[04:55:50] [401/459] TDCA
[04:55:52] [402/459] INBM
[04:55:53] [403/459] SSNR
[04:55:54] [404/459] BHAC
[04:55:55] [405/459] SDSD
[04:55:56] [406/459] SAMP
[04:55:56] [407/459] RATK
[04:55:57] [408/459] KCBI
[04:55:58] [409/459] URBL
[04:55:59] [410/459] MKBG
[04:56:00] [411/459] ASTB
[04:56:01] [412/459] VBWT
[04:56:02] [413/459] GPSM
[04:56:03] [414/459] ROON
[04:56:03] [415/459] CHTH
[04:56:04] [416/459] SSPA
[04:56:05] [417/459] ANBL
[04:56:06] [418/459] VTBE
[04:56:07] [419/459] SVKT
[04:56:08] [420/459] SVYK
[04:56:09] [421/459] PTBK
[04:56:10] [422/459] RKTB
[04:56:11] [423/459] BALT
[04:56:11] [424/459] STSV
[04:56:12] [425/459] VCCB
[04:56:13] [426/459] SLTB
[04:56:14] [427/459] SBCR
[04:56:15] [428/459] VDCS
[04:56:15] [429/459] MDKI
[04:56:17] [430/459] SMRN
[04:56:18] [431/459] PTBC
[04:56:19] [432/459] RADI
[04:56:20] [433/459] ADCR
[04:56:21] [434/459] SDCS
[04:56:22] [435/459] SRPJ
[04:56:23] [436/459] ARTS
[04:56:24] [437/459] SRHK
[04:56:25] [438/459] SPAY
[04:56:26] [439/459] GPTB
[04:56:26] [440/459] SNNN
[04:56:28] [441/459] BALJ
[04:56:29] [442/459] TRIG
[04:56:30] [443/459] GTYT
[04:56:31] [444/459] ATGN
[04:56:31] [445/459] ANTE
[04:56:32] [446/459] BDCG
[04:56:34] [447/459] VECI
[04:56:35] [448/459] SCPR
[04:56:36] [449/459] RTEA
[04:56:37] [450/459] JSAI
[04:56:37] [451/459] VJTP
[04:56:38] [452/459] GNDS
[04:56:39] [453/459] PAXA
[04:56:40] [454/459] CGGM
[04:56:41] [455/459] ACKZ
[04:56:41] [456/459] EMCC
[04:56:42] [457/459] KLSK
[04:56:43] [458/459] AVCK
[04:56:45] [459/459] JTCK
[04:56:45] 🧹 Deduping shows
[04:56:45] ✅ DONE | Shows=204 | Movies=18
[12:02:57] 🚀 SCRIPT STARTED
[12:02:57] [1/459] NECA
[12:02:57] 🧠 New identity created
[12:02:58] [2/459] BJLC
[12:02:59] [3/459] BASU
[12:03:00] [4/459] RUPI
[12:03:01] [5/459] LCBK
[12:03:01] [6/459] PMAC
[12:03:02] [7/459] AMLC
[12:03:03] [8/459] LICL
[12:03:05] [9/459] UDMM
[12:03:06] [10/459] STBZ
[12:03:07] [11/459] UUBT
[12:03:08] [12/459] SJKC
[12:03:09] [13/459] TUAL
[12:03:10] [14/459] MRSE
[12:03:10] [15/459] RMRK
[12:03:11] [16/459] TTKP
[12:03:12] [17/459] KTKO
[12:03:13] [18/459] SDBK
[12:03:14] [19/459] MCPR
[12:03:15] [20/459] CHTI
[12:03:16] [21/459] GCCP
[12:03:17] [22/459] SRMY
[12:03:18] [23/459] NYST
[12:03:19] [24/459] NYAG
[12:03:19] [25/459] SBMT
[12:03:20] [26/459] INGA
[12:03:21] [27/459] WSIC
[12:03:22] [28/459] SCSS
[12:03:23] [29/459] COPG
[12:03:24] [30/459] RCGR
[12:03:25] [31/459] TCZA
[12:03:26] [32/459] CNLP
[12:03:26] [33/459] CLKN
[12:03:27] [34/459] LHDF
[12:03:28] [35/459] ELKC
[12:03:29] [36/459] VCEM
[12:03:29] [37/459] SSZA
[12:03:30] [38/459] KRMT
[12:03:31] [39/459] LCMV
[12:03:32] [40/459] AYCZ
[12:03:33] [41/459] CUMS
[12:03:34] [42/459] BOCK
[12:03:35] [43/459] PNMR
[12:03:36] [44/459] PJCP
[12:03:37] [45/459] JDDD
[12:03:38] [46/459] STMS
[12:03:39] [47/459] FLMB
[12:03:40] [48/459] PKCM
[12:03:41] [49/459] SPPR
[12:03:42] [50/459] EYLH
[12:03:43] [51/459] RJCC
[12:03:44] [52/459] MMPS
[12:03:44] [53/459] SHMX
[12:03:45] [54/459] CCNL
[12:03:46] [55/459] RCNV
[12:03:47] [56/459] MAAG
[12:03:48] [57/459] LXCM
[12:03:49] [58/459] RCNI
[12:03:50] [59/459] SNNI
[12:03:51] [60/459] LALC
[12:03:52] [61/459] SOCN
[12:03:52] [62/459] JHTP
[12:03:53] [63/459] PITP
[12:03:54] [64/459] CCKW
[12:03:55] [65/459] MCMC
[12:03:56] [66/459] DEES
[12:03:57] [67/459] SABT
[12:03:58] [68/459] VSPP
[12:03:59] [69/459] ABCT
[12:03:59] [70/459] JVTB
[12:04:00] [71/459] VCBD
[12:04:01] [72/459] RMGG
[12:04:02] [73/459] RNMH
[12:04:03] [74/459] SPGL
[12:04:03] [75/459] JTTR
[12:04:04] [76/459] SICS
[12:04:05] [77/459] SRMI
[12:04:06] [78/459] SSIJ
[12:04:06] [79/459] KFMT
[12:04:07] [80/459] VBIT
[12:04:08] [81/459] JKCT
[12:04:09] [82/459] GCGP
[12:04:09] [83/459] GDCS
[12:04:10] [84/459] TRBA
[12:04:11] [85/459] QUST
[12:04:12] [86/459] VSHM
[12:04:13] [87/459] SDCP
[12:04:14] [88/459] SNVS
[12:04:15] [89/459] NYTO
[12:04:16] [90/459] URWC
[12:04:17] [91/459] GTWH
[12:04:18] [92/459] PFCM
[12:04:19] [93/459] KRTA
[12:04:20] [94/459] AXMC
[12:04:20] [95/459] EVMC
[12:04:21] [96/459] HGSM
[12:04:22] [97/459] ACVM
[12:04:23] [98/459] PSKL
[12:04:24] [99/459] RDMP
[12:04:25] [100/459] RHGH
[12:04:26] [101/459] OMCM
[12:04:26] [102/459] DCCP
[12:04:27] [103/459] MCPB
[12:04:28] [104/459] ALCI
[12:04:29] [105/459] BLMX
[12:04:30] [106/459] BTMV
[12:04:31] [107/459] FVPN
[12:04:31] [108/459] CMAR
[12:04:32] [109/459] CEIM
[12:04:33] [110/459] CMVA
[12:04:33] [111/459] CPIV
[12:04:34] [112/459] CNPE
[12:04:35] [113/459] COLV
[12:04:35] [114/459] DNNV
[12:04:36] [115/459] HCAD
[12:04:37] [116/459] TAKA
[12:04:38] [117/459] INVD
[12:04:39] [118/459] IRMM
[12:04:40] [119/459] INSE
[12:04:41] [120/459] MRSW
[12:04:42] [121/459] MCVD
[12:04:43] [122/459] MCSO
[12:04:44] [123/459] PEVM
[12:04:45] [124/459] PVNL
[12:04:46] [125/459] PTCV
[12:04:47] [126/459] PRTC
[12:04:47] [127/459] RCVA
[12:04:48] [128/459] MTBN
[12:04:49] [129/459] LUCP
[12:04:50] [130/459] FMPT
[12:04:50] [131/459] JLSL
[12:04:51] [132/459] SBHA
[12:04:52] [133/459] SHRC
[12:04:53] [134/459] AVPS
[12:04:54] [135/459] STPM
[12:04:54] [136/459] ATRD
[12:04:55] [137/459] VTED
[12:04:56] [138/459] ACAI
[12:04:58] [139/459] SMAE
[12:04:58] [140/459] VMAT
[12:04:59] [141/459] LKCT
[12:05:00] [142/459] JTVK
[12:05:01] [143/459] PRTY
[12:05:02] [144/459] GETT
[12:05:03] [145/459] ESAP
[12:05:06] [146/459] NCPM
[12:05:07] [147/459] PCPA
[12:05:08] [148/459] MMOM
[12:05:08] [149/459] PHUP
[12:05:09] [150/459] CCPI
[12:05:10] [151/459] CNTD
[12:05:11] [152/459] NLJR
[12:05:12] [153/459] SRNG
[12:05:12] [154/459] MHAL
[12:05:13] [155/459] PNSM
[12:05:14] [156/459] DRMY
[12:05:15] [157/459] CCMU
[12:05:16] [158/459] SCMY
[12:05:16] [159/459] PVSY
[12:05:17] [160/459] SDLM
[12:05:18] [161/459] ICCM
[12:05:19] [162/459] PYSU
[12:05:20] [163/459] GATM
[12:05:21] [164/459] WOTM
[12:05:22] [165/459] RKTS
[12:05:23] [166/459] PMTY
[12:05:24] [167/459] LYMS
[12:05:25] [168/459] TGCA
[12:05:26] [169/459] DSTA
[12:05:27] [170/459] CNGE
[12:05:28] [171/459] VSTG
[12:05:28] [172/459] GTCK
[12:05:29] [173/459] TGNT
[12:05:30] [174/459] ASLC
[12:05:32] [175/459] SSST
[12:05:32] [176/459] KBTT
[12:05:33] [177/459] HKCP
[12:05:34] [178/459] SWLC
[12:05:35] [179/459] RTND
[12:05:36] [180/459] PKKT
[12:05:37] [181/459] HSTK
[12:05:38] [182/459] SPTT
[12:05:39] [183/459] IMPM
[12:05:40] [184/459] SCMV
[12:05:41] [185/459] SPCT
[12:05:41] [186/459] JBCA
[12:05:42] [187/459] ATTR
[12:05:43] [188/459] SPMT
[12:05:44] [189/459] LCTM
[12:05:45] [190/459] SCVL
[12:05:46] [191/459] SCVT
[12:05:47] [192/459] KRIC
[12:05:48] [193/459] CTMG
[12:05:49] [194/459] ACNC
[12:05:49] [195/459] DMCK
[12:05:50] [196/459] KMTV
[12:05:52] [197/459] PFCJ
[12:05:52] [198/459] VNMD
[12:05:53] [199/459] VPCZ
[12:05:54] [200/459] SRYR
[12:05:55] [201/459] SYTR
[12:05:56] [202/459] GATR
[12:05:56] [203/459] URTR
[12:05:57] [204/459] MKSM
[12:05:58] [205/459] VSMH
[12:05:59] [206/459] SKRJ
[12:06:00] [207/459] SSJR
[12:06:01] [208/459] SVSM
[12:06:01] [209/459] RUCM
[12:06:02] [210/459] PRKN
[12:06:03] [211/459] RROH
[12:06:04] [212/459] SCTN
[12:06:05] [213/459] RTDM
[12:06:06] [214/459] ASRM
[12:06:07] [215/459] SKMD
[12:06:08] [216/459] SUTD
[12:06:08] [217/459] SADM
[12:06:10] [218/459] WCNR
[12:06:11] [219/459] CNED
[12:06:12] [220/459] MPDB
[12:06:13] [221/459] KTBH
[12:06:14] [222/459] IDRM
[12:06:14] [223/459] PJJT
[12:06:15] [224/459] PFCV
[12:06:16] [225/459] AACT
[12:06:17] [226/459] AAAD
[12:06:17] [227/459] ANES
[12:06:18] [228/459] MNCA
[12:06:19] [229/459] RMGU
[12:06:20] [230/459] DLCN
[12:06:21] [231/459] LJWT
[12:06:22] [232/459] MCBG
[12:06:22] [233/459] MYBG
[12:06:23] [234/459] GCCA
[12:06:25] [235/459] GCGA
[12:06:26] [236/459] ECGN
[12:06:27] [237/459] PRAB
[12:06:28] [238/459] PNMP
[12:06:29] [239/459] GCPT
[12:06:30] [240/459] ROYN
[12:06:31] [241/459] VATM
[12:06:31] [242/459] KSNT
[12:06:32] [243/459] ACTC
[12:06:33] [244/459] PLTD
[12:06:34] [245/459] SKMK
[12:06:35] [246/459] CMTT
[12:06:36] [247/459] SMXP
[12:06:36] [248/459] SCMX
[12:06:37] [249/459] ACXN
[12:06:38] [250/459] ASWT
[12:06:40] [251/459] VVVL
[12:06:41] [252/459] NAGO
[12:06:42] [253/459] SNCN
[12:06:43] [254/459] MCKP
[12:06:44] [255/459] SAMO
[12:06:44] [256/459] JBTV
[12:06:45] [257/459] DCVV
[12:06:46] [258/459] KMSV
[12:06:47] [259/459] KDCN
[12:06:48] [260/459] CNCP
[12:06:48] [261/459] HAMC
[12:06:50] [262/459] CCVZ
[12:06:51] [263/459] NCCK
[12:06:51] [264/459] MCHR
[12:06:52] [265/459] SCHT
[12:06:53] [266/459] ESSH
[12:06:54] [267/459] CUJC
[12:06:55] [268/459] PECP
[12:06:55] [269/459] PMMI
[12:06:57] [270/459] PCCH
[12:06:58] [271/459] PRPM
[12:06:58] [272/459] PVKL
[12:06:59] [273/459] CBSM
[12:07:00] [274/459] PVCZ
[12:07:01] [275/459] PCVV
[12:07:02] [276/459] CTMJ
[12:07:03] [277/459] RCPS
[12:07:04] [278/459] PCIT
[12:07:04] [279/459] FNCH
[12:07:05] [280/459] INZD
[12:07:06] [281/459] INPC
[12:07:07] [282/459] LCZP
[12:07:08] [283/459] SMCB
[12:07:08] [284/459] PTSB
[12:07:09] [285/459] TPSI
[12:07:10] [286/459] KHMJ
[12:07:11] [287/459] RCCJ
[12:07:12] [288/459] NCJA
[12:07:12] [289/459] NCJN
[12:07:13] [290/459] BTDP
[12:07:14] [291/459] PADY
[12:07:15] [292/459] NYBH
[12:07:16] [293/459] MTBR
[12:07:17] [294/459] KRBC
[12:07:18] [295/459] DKTI
[12:07:19] [296/459] ANAN
[12:07:20] [297/459] INBP
[12:07:20] [298/459] PATB
[12:07:21] [299/459] RGNT
[12:07:22] [300/459] CGPM
[12:07:23] [301/459] INTN
[12:07:24] [302/459] MCMP
[12:07:24] [303/459] ASRG
[12:07:25] [304/459] CXJD
[12:07:26] [305/459] SPCP
[12:07:27] [306/459] CSTP
[12:07:27] [307/459] PKVC
[12:07:28] [308/459] ESCP
[12:07:29] [309/459] CAEP
[12:07:30] [310/459] CCSP
[12:07:30] [311/459] KTPC
[12:07:31] [312/459] DACA
[12:07:32] [313/459] NVKY
[12:07:33] [314/459] PTIN
[12:07:34] [315/459] SCIN
[12:07:35] [316/459] MCTY
[12:07:36] [317/459] PCMX
[12:07:37] [318/459] INIC
[12:07:38] [319/459] MMZM
[12:07:39] [320/459] SSLP
[12:07:40] [321/459] DTDT
[12:07:40] [322/459] FFCX
[12:07:41] [323/459] RCMM
[12:07:42] [324/459] KYID
[12:07:44] [325/459] CSCI
[12:07:44] [326/459] FCMC
[12:07:45] [327/459] MMXI
[12:07:46] [328/459] ASTC
[12:07:47] [329/459] CMRA
[12:07:47] [330/459] DICI
[12:07:48] [331/459] KDIN
[12:07:49] [332/459] PRFI
[12:07:50] [333/459] SVFC
[12:07:51] [334/459] UCPL
[12:07:52] [335/459] COOC
[12:07:53] [336/459] SCAL
[12:07:54] [337/459] SVFF
[12:07:55] [338/459] VCMG
[12:07:56] [339/459] UUCT
[12:07:56] [340/459] GCSE
[12:07:58] [341/459] SUSC
[12:07:59] [342/459] MISC
[12:07:59] [343/459] RMBL
[12:08:01] [344/459] CMXN
[12:08:02] [345/459] PVBK
[12:08:02] [346/459] HHCG
[12:08:04] [347/459] SCAG
[12:08:05] [348/459] CNPR
[12:08:05] [349/459] CSER
[12:08:06] [350/459] HLWD
[12:08:07] [351/459] BOLY
[12:08:08] [352/459] SSPG
[12:08:09] [353/459] MUPX
[12:08:10] [354/459] HAMR
[12:08:10] [355/459] SDNC
[12:08:11] [356/459] RTEN
[12:08:12] [357/459] SDTD
[12:08:13] [358/459] KAWS
[12:08:14] [359/459] CMZX
[12:08:15] [360/459] DCDD
[12:08:16] [361/459] ALSN
[12:08:17] [362/459] IMXS
[12:08:17] [363/459] PVFF
[12:08:18] [364/459] PVOO
[12:08:19] [365/459] CFBS
[12:08:20] [366/459] PVER
[12:08:21] [367/459] PPNX
[12:08:22] [368/459] CNRM
[12:08:23] [369/459] PVWW
[12:08:23] [370/459] INMB
[12:08:24] [371/459] CPJR
[12:08:25] [372/459] INRZ
[12:08:26] [373/459] PMSR
[12:08:27] [374/459] GPGM
[12:08:27] [375/459] PGWB
[12:08:28] [376/459] PMBR
[12:08:29] [377/459] GPAM
[12:08:30] [378/459] INBC
[12:08:31] [379/459] PZVK
[12:08:32] [380/459] CPEB
[12:08:32] [381/459] FMLB
[12:08:33] [382/459] INBG
[12:08:34] [383/459] GPBR
[12:08:35] [384/459] PAAS
[12:08:35] [385/459] VTBR
[12:08:36] [386/459] GPMY
[12:08:37] [387/459] GYBU
[12:08:38] [388/459] INBJ
[12:08:39] [389/459] LKTH
[12:08:40] [390/459] NSBR
[12:08:40] [391/459] PDRD
[12:08:41] [392/459] VRBL
[12:08:42] [393/459] VTGB
[12:08:42] [394/459] VTSK
[12:08:43] [395/459] BKDV
[12:08:44] [396/459] SVTB
[12:08:45] [397/459] MLDT
[12:08:45] [398/459] NRBL
[12:08:46] [399/459] SLTR
[12:08:47] [400/459] VNKA
[12:08:48] [401/459] TDCA
[12:08:49] [402/459] INBM
[12:08:50] [403/459] SSNR
[12:08:51] [404/459] BHAC
[12:08:51] [405/459] SDSD
[12:08:52] [406/459] SAMP
[12:08:53] [407/459] RATK
[12:08:54] [408/459] KCBI
[12:08:55] [409/459] URBL
[12:08:57] [410/459] MKBG
[12:08:58] [411/459] ASTB
[12:08:58] [412/459] VBWT
[12:08:59] [413/459] GPSM
[12:09:00] [414/459] ROON
[12:09:01] [415/459] CHTH
[12:09:02] [416/459] SSPA
[12:09:03] [417/459] ANBL
[12:09:03] [418/459] VTBE
[12:09:04] [419/459] SVKT
[12:09:05] [420/459] SVYK
[12:09:06] [421/459] PTBK
[12:09:07] [422/459] RKTB
[12:09:08] [423/459] BALT
[12:09:09] [424/459] STSV
[12:09:10] [425/459] VCCB
[12:09:10] [426/459] SLTB
[12:09:12] [427/459] SBCR
[12:09:13] [428/459] VDCS
[12:09:15] [429/459] MDKI
[12:09:16] [430/459] SMRN
[12:09:16] [431/459] PTBC
[12:09:17] [432/459] RADI
[12:09:18] [433/459] ADCR
[12:09:19] [434/459] SDCS
[12:09:19] [435/459] SRPJ
[12:09:21] [436/459] ARTS
[12:09:22] [437/459] SRHK
[12:09:23] [438/459] SPAY
[12:09:24] [439/459] GPTB
[12:09:25] [440/459] SNNN
[12:09:25] [441/459] BALJ
[12:09:26] [442/459] TRIG
[12:09:27] [443/459] GTYT
[12:09:28] [444/459] ATGN
[12:09:29] [445/459] ANTE
[12:09:29] [446/459] BDCG
[12:09:30] [447/459] VECI
[12:09:31] [448/459] SCPR
[12:09:32] [449/459] RTEA
[12:09:33] [450/459] JSAI
[12:09:34] [451/459] VJTP
[12:09:35] [452/459] GNDS
[12:09:36] [453/459] PAXA
[12:09:37] [454/459] CGGM
[12:09:38] [455/459] ACKZ
[12:09:38] [456/459] EMCC
[12:09:39] [457/459] KLSK
[12:09:40] [458/459] AVCK
[12:09:41] [459/459] JTCK
[12:09:42] 🧹 Deduping shows
[12:09:42] ✅ DONE | Shows=257 | Movies=21
[19:06:27] 🚀 SCRIPT STARTED
[19:06:27] [1/459] NECA
[19:06:27] 🧠 New identity created
[19:06:29] [2/459] BJLC
[19:06:29] [3/459] BASU
[19:06:30] [4/459] RUPI
[19:06:31] [5/459] LCBK
[19:06:32] [6/459] PMAC
[19:06:33] [7/459] AMLC
[19:06:34] [8/459] LICL
[19:06:35] [9/459] UDMM
[19:06:36] [10/459] STBZ
[19:06:37] [11/459] UUBT
[19:06:37] [12/459] SJKC
[19:06:38] [13/459] TUAL
[19:06:39] [14/459] MRSE
[19:06:40] [15/459] RMRK
[19:06:41] [16/459] TTKP
[19:06:42] [17/459] KTKO
[19:06:43] [18/459] SDBK
[19:06:44] [19/459] MCPR
[19:06:44] [20/459] CHTI
[19:06:45] [21/459] GCCP
[19:06:46] [22/459] SRMY
[19:06:47] [23/459] NYST
[19:06:48] [24/459] NYAG
[19:06:49] [25/459] SBMT
[19:06:50] [26/459] INGA
[19:06:51] [27/459] WSIC
[19:06:52] [28/459] SCSS
[19:06:53] [29/459] COPG
[19:06:54] [30/459] RCGR
[19:06:55] [31/459] TCZA
[19:06:56] [32/459] CNLP
[19:06:57] [33/459] CLKN
[19:06:58] [34/459] LHDF
[19:06:59] [35/459] ELKC
[19:07:00] [36/459] VCEM
[19:07:00] [37/459] SSZA
[19:07:01] [38/459] KRMT
[19:07:02] [39/459] LCMV
[19:07:03] [40/459] AYCZ
[19:07:04] [41/459] CUMS
[19:07:05] [42/459] BOCK
[19:07:05] [43/459] PNMR
[19:07:06] [44/459] PJCP
[19:07:07] [45/459] JDDD
[19:07:08] [46/459] STMS
[19:07:08] [47/459] FLMB
[19:07:09] [48/459] PKCM
[19:07:10] [49/459] SPPR
[19:07:11] [50/459] EYLH
[19:07:12] [51/459] RJCC
[19:07:13] [52/459] MMPS
[19:07:14] [53/459] SHMX
[19:07:14] [54/459] CCNL
[19:07:15] [55/459] RCNV
[19:07:16] [56/459] MAAG
[19:07:17] [57/459] LXCM
[19:07:18] [58/459] RCNI
[19:07:19] [59/459] SNNI
[19:07:20] [60/459] LALC
[19:07:20] [61/459] SOCN
[19:07:21] [62/459] JHTP
[19:07:22] [63/459] PITP
[19:07:24] [64/459] CCKW
[19:07:25] [65/459] MCMC
[19:07:26] [66/459] DEES
[19:07:27] [67/459] SABT
[19:07:27] [68/459] VSPP
[19:07:28] [69/459] ABCT
[19:07:29] [70/459] JVTB
[19:07:30] [71/459] VCBD
[19:07:31] [72/459] RMGG
[19:07:32] [73/459] RNMH
[19:07:32] [74/459] SPGL
[19:07:33] [75/459] JTTR
[19:07:34] [76/459] SICS
[19:07:35] [77/459] SRMI
[19:07:36] [78/459] SSIJ
[19:07:37] [79/459] KFMT
[19:07:38] [80/459] VBIT
[19:07:38] [81/459] JKCT
[19:07:39] [82/459] GCGP
[19:07:40] [83/459] GDCS
[19:07:41] [84/459] TRBA
[19:07:41] [85/459] QUST
[19:07:43] [86/459] VSHM
[19:07:43] [87/459] SDCP
[19:07:44] [88/459] SNVS
[19:07:45] [89/459] NYTO
[19:07:46] [90/459] URWC
[19:07:47] [91/459] GTWH
[19:07:47] [92/459] PFCM
[19:07:48] [93/459] KRTA
[19:07:49] [94/459] AXMC
[19:07:50] [95/459] EVMC
[19:07:51] [96/459] HGSM
[19:07:52] [97/459] ACVM
[19:07:52] [98/459] PSKL
[19:07:53] [99/459] RDMP
[19:07:54] [100/459] RHGH
[19:07:54] [101/459] OMCM
[19:07:56] [102/459] DCCP
[19:07:56] [103/459] MCPB
[19:07:58] [104/459] ALCI
[19:07:59] [105/459] BLMX
[19:08:00] [106/459] BTMV
[19:08:01] [107/459] FVPN
[19:08:01] [108/459] CMAR
[19:08:03] [109/459] CEIM
[19:08:04] [110/459] CMVA
[19:08:05] [111/459] CPIV
[19:08:05] [112/459] CNPE
[19:08:06] [113/459] COLV
[19:08:07] [114/459] DNNV
[19:08:08] [115/459] HCAD
[19:08:09] [116/459] TAKA
[19:08:09] [117/459] INVD
[19:08:10] [118/459] IRMM
[19:08:11] [119/459] INSE
[19:08:12] [120/459] MRSW
[19:08:13] [121/459] MCVD
[19:08:14] [122/459] MCSO
[19:08:15] [123/459] PEVM
[19:08:15] [124/459] PVNL
[19:08:17] [125/459] PTCV
[19:08:18] [126/459] PRTC
[19:08:19] [127/459] RCVA
[19:08:20] [128/459] MTBN
[19:08:21] [129/459] LUCP
[19:08:21] [130/459] FMPT
[19:08:22] [131/459] JLSL
[19:08:23] [132/459] SBHA
[19:08:24] [133/459] SHRC
[19:08:24] [134/459] AVPS
[19:08:25] [135/459] STPM
[19:08:26] [136/459] ATRD
[19:08:27] [137/459] VTED
[19:08:27] [138/459] ACAI
[19:08:28] [139/459] SMAE
[19:08:29] [140/459] VMAT
[19:08:30] [141/459] LKCT
[19:08:31] [142/459] JTVK
[19:08:31] [143/459] PRTY
[19:08:32] [144/459] GETT
[19:08:33] [145/459] ESAP
[19:08:34] [146/459] NCPM
[19:08:34] [147/459] PCPA
[19:08:35] [148/459] MMOM
[19:08:36] [149/459] PHUP
[19:08:37] [150/459] CCPI
[19:08:38] [151/459] CNTD
[19:08:38] [152/459] NLJR
[19:08:39] [153/459] SRNG
[19:08:40] [154/459] MHAL
[19:08:41] [155/459] PNSM
[19:08:42] [156/459] DRMY
[19:08:43] [157/459] CCMU
[19:08:44] [158/459] SCMY
[19:08:44] [159/459] PVSY
[19:08:45] [160/459] SDLM
[19:08:46] [161/459] ICCM
[19:08:47] [162/459] PYSU
[19:08:48] [163/459] GATM
[19:08:49] [164/459] WOTM
[19:08:50] [165/459] RKTS
[19:08:51] [166/459] PMTY
[19:08:52] [167/459] LYMS
[19:08:52] [168/459] TGCA
[19:08:53] [169/459] DSTA
[19:08:54] [170/459] CNGE
[19:08:55] [171/459] VSTG
[19:08:56] [172/459] GTCK
[19:08:56] [173/459] TGNT
[19:08:57] [174/459] ASLC
[19:08:58] [175/459] SSST
[19:08:59] [176/459] KBTT
[19:09:00] [177/459] HKCP
[19:09:01] [178/459] SWLC
[19:09:02] [179/459] RTND
[19:09:03] [180/459] PKKT
[19:09:04] [181/459] HSTK
[19:09:05] [182/459] SPTT
[19:09:06] [183/459] IMPM
[19:09:07] [184/459] SCMV
[19:09:07] [185/459] SPCT
[19:09:08] [186/459] JBCA
[19:09:09] [187/459] ATTR
[19:09:10] [188/459] SPMT
[19:09:11] [189/459] LCTM
[19:09:12] [190/459] SCVL
[19:09:12] [191/459] SCVT
[19:09:13] [192/459] KRIC
[19:09:14] [193/459] CTMG
[19:09:15] [194/459] ACNC
[19:09:16] [195/459] DMCK
[19:09:17] [196/459] KMTV
[19:09:18] [197/459] PFCJ
[19:09:19] [198/459] VNMD
[19:09:20] [199/459] VPCZ
[19:09:21] [200/459] SRYR
[19:09:23] [201/459] SYTR
[19:09:23] [202/459] GATR
[19:09:24] [203/459] URTR
[19:09:25] [204/459] MKSM
[19:09:26] [205/459] VSMH
[19:09:27] [206/459] SKRJ
[19:09:28] [207/459] SSJR
[19:09:29] [208/459] SVSM
[19:09:30] [209/459] RUCM
[19:09:31] [210/459] PRKN
[19:09:32] [211/459] RROH
[19:09:32] [212/459] SCTN
[19:09:34] [213/459] RTDM
[19:09:35] [214/459] ASRM
[19:09:35] [215/459] SKMD
[19:09:36] [216/459] SUTD
[19:09:37] [217/459] SADM
[19:09:38] [218/459] WCNR
[19:09:39] [219/459] CNED
[19:09:39] [220/459] MPDB
[19:09:40] [221/459] KTBH
[19:09:41] [222/459] IDRM
[19:09:42] [223/459] PJJT
[19:09:43] [224/459] PFCV
[19:09:44] [225/459] AACT
[19:09:44] [226/459] AAAD
[19:09:45] [227/459] ANES
[19:09:46] [228/459] MNCA
[19:09:47] [229/459] RMGU
[19:09:48] [230/459] DLCN
[19:09:49] [231/459] LJWT
[19:09:50] [232/459] MCBG
[19:09:51] [233/459] MYBG
[19:09:52] [234/459] GCCA
[19:09:52] [235/459] GCGA
[19:09:53] [236/459] ECGN
[19:09:54] [237/459] PRAB
[19:09:55] [238/459] PNMP
[19:09:56] [239/459] GCPT
[19:09:57] [240/459] ROYN
[19:09:57] [241/459] VATM
[19:09:58] [242/459] KSNT
[19:09:59] [243/459] ACTC
[19:10:00] [244/459] PLTD
[19:10:01] [245/459] SKMK
[19:10:02] [246/459] CMTT
[19:10:03] [247/459] SMXP
[19:10:04] [248/459] SCMX
[19:10:04] [249/459] ACXN
[19:10:05] [250/459] ASWT
[19:10:06] [251/459] VVVL
[19:10:07] [252/459] NAGO
[19:10:08] [253/459] SNCN
[19:10:09] [254/459] MCKP
[19:10:10] [255/459] SAMO
[19:10:10] [256/459] JBTV
[19:10:11] [257/459] DCVV
[19:10:12] [258/459] KMSV
[19:10:13] [259/459] KDCN
[19:10:14] [260/459] CNCP
[19:10:14] [261/459] HAMC
[19:10:15] [262/459] CCVZ
[19:10:16] [263/459] NCCK
[19:10:16] [264/459] MCHR
[19:10:17] [265/459] SCHT
[19:10:18] [266/459] ESSH
[19:10:19] [267/459] CUJC
[19:10:19] [268/459] PECP
[19:10:20] [269/459] PMMI
[19:10:21] [270/459] PCCH
[19:10:22] [271/459] PRPM
[19:10:23] [272/459] PVKL
[19:10:23] [273/459] CBSM
[19:10:24] [274/459] PVCZ
[19:10:25] [275/459] PCVV
[19:10:25] [276/459] CTMJ
[19:10:26] [277/459] RCPS
[19:10:27] [278/459] PCIT
[19:10:28] [279/459] FNCH
[19:10:29] [280/459] INZD
[19:10:30] [281/459] INPC
[19:10:31] [282/459] LCZP
[19:10:31] [283/459] SMCB
[19:10:32] [284/459] PTSB
[19:10:33] [285/459] TPSI
[19:10:34] [286/459] KHMJ
[19:10:35] [287/459] RCCJ
[19:10:36] [288/459] NCJA
[19:10:37] [289/459] NCJN
[19:10:38] [290/459] BTDP
[19:10:38] [291/459] PADY
[19:10:39] [292/459] NYBH
[19:10:40] [293/459] MTBR
[19:10:41] [294/459] KRBC
[19:10:41] [295/459] DKTI
[19:10:42] [296/459] ANAN
[19:10:43] [297/459] INBP
[19:10:44] [298/459] PATB
[19:10:45] [299/459] RGNT
[19:10:46] [300/459] CGPM
[19:10:47] [301/459] INTN
[19:10:47] [302/459] MCMP
[19:10:48] [303/459] ASRG
[19:10:49] [304/459] CXJD
[19:10:50] [305/459] SPCP
[19:10:51] [306/459] CSTP
[19:10:52] [307/459] PKVC
[19:10:53] [308/459] ESCP
[19:10:53] [309/459] CAEP
[19:10:54] [310/459] CCSP
[19:10:55] [311/459] KTPC
[19:10:56] [312/459] DACA
[19:10:56] [313/459] NVKY
[19:10:58] [314/459] PTIN
[19:10:59] [315/459] SCIN
[19:10:59] [316/459] MCTY
[19:11:01] [317/459] PCMX
[19:11:02] [318/459] INIC
[19:11:03] [319/459] MMZM
[19:11:04] [320/459] SSLP
[19:11:05] [321/459] DTDT
[19:11:06] [322/459] FFCX
[19:11:07] [323/459] RCMM
[19:11:08] [324/459] KYID
[19:11:09] [325/459] CSCI
[19:11:10] [326/459] FCMC
[19:11:11] [327/459] MMXI
[19:11:11] [328/459] ASTC
[19:11:12] [329/459] CMRA
[19:11:13] [330/459] DICI
[19:11:14] [331/459] KDIN
[19:11:15] [332/459] PRFI
[19:11:16] [333/459] SVFC
[19:11:17] [334/459] UCPL
[19:11:17] [335/459] COOC
[19:11:18] [336/459] SCAL
[19:11:19] [337/459] SVFF
[19:11:20] [338/459] VCMG
[19:11:21] [339/459] UUCT
[19:11:22] [340/459] GCSE
[19:11:23] [341/459] SUSC
[19:11:24] [342/459] MISC
[19:11:25] [343/459] RMBL
[19:11:26] [344/459] CMXN
[19:11:27] [345/459] PVBK
[19:11:28] [346/459] HHCG
[19:11:29] [347/459] SCAG
[19:11:30] [348/459] CNPR
[19:11:31] [349/459] CSER
[19:11:31] [350/459] HLWD
[19:11:32] [351/459] BOLY
[19:11:33] [352/459] SSPG
[19:11:34] [353/459] MUPX
[19:11:35] [354/459] HAMR
[19:11:35] [355/459] SDNC
[19:11:36] [356/459] RTEN
[19:11:38] [357/459] SDTD
[19:11:39] [358/459] KAWS
[19:11:40] [359/459] CMZX
[19:11:41] [360/459] DCDD
[19:11:41] [361/459] ALSN
[19:11:42] [362/459] IMXS
[19:11:43] [363/459] PVFF
[19:11:44] [364/459] PVOO
[19:11:45] [365/459] CFBS
[19:11:46] [366/459] PVER
[19:11:47] [367/459] PPNX
[19:11:48] [368/459] CNRM
[19:11:48] [369/459] PVWW
[19:11:49] [370/459] INMB
[19:11:50] [371/459] CPJR
[19:11:51] [372/459] INRZ
[19:11:52] [373/459] PMSR
[19:11:53] [374/459] GPGM
[19:11:54] [375/459] PGWB
[19:11:55] [376/459] PMBR
[19:11:56] [377/459] GPAM
[19:11:57] [378/459] INBC
[19:11:58] [379/459] PZVK
[19:11:59] [380/459] CPEB
[19:11:59] [381/459] FMLB
[19:12:00] [382/459] INBG
[19:12:02] [383/459] GPBR
[19:12:02] [384/459] PAAS
[19:12:03] [385/459] VTBR
[19:12:04] [386/459] GPMY
[19:12:05] [387/459] GYBU
[19:12:06] [388/459] INBJ
[19:12:07] [389/459] LKTH
[19:12:08] [390/459] NSBR
[19:12:09] [391/459] PDRD
[19:12:11] [392/459] VRBL
[19:12:11] [393/459] VTGB
[19:12:12] [394/459] VTSK
[19:12:13] [395/459] BKDV
[19:12:14] [396/459] SVTB
[19:12:15] [397/459] MLDT
[19:12:16] [398/459] NRBL
[19:12:17] [399/459] SLTR
[19:12:18] [400/459] VNKA
[19:12:19] [401/459] TDCA
[19:12:20] [402/459] INBM
[19:12:21] [403/459] SSNR
[19:12:22] [404/459] BHAC
[19:12:23] [405/459] SDSD
[19:12:24] [406/459] SAMP
[19:12:25] [407/459] RATK
[19:12:26] [408/459] KCBI
[19:12:27] [409/459] URBL
[19:12:28] [410/459] MKBG
[19:12:29] [411/459] ASTB
[19:12:29] [412/459] VBWT
[19:12:30] [413/459] GPSM
[19:12:31] [414/459] ROON
[19:12:31] [415/459] CHTH
[19:12:32] [416/459] SSPA
[19:12:33] [417/459] ANBL
[19:12:34] [418/459] VTBE
[19:12:34] [419/459] SVKT
[19:12:35] [420/459] SVYK
[19:12:36] [421/459] PTBK
[19:12:37] [422/459] RKTB
[19:12:39] [423/459] BALT
[19:12:39] [424/459] STSV
[19:12:40] [425/459] VCCB
[19:12:41] [426/459] SLTB
[19:12:42] [427/459] SBCR
[19:12:42] [428/459] VDCS
[19:12:43] [429/459] MDKI
[19:12:44] [430/459] SMRN
[19:12:45] [431/459] PTBC
[19:12:46] [432/459] RADI
[19:12:47] [433/459] ADCR
[19:12:49] [434/459] SDCS
[19:12:49] [435/459] SRPJ
[19:12:50] [436/459] ARTS
[19:12:51] [437/459] SRHK
[19:12:52] [438/459] SPAY
[19:12:53] [439/459] GPTB
[19:12:54] [440/459] SNNN
[19:12:55] [441/459] BALJ
[19:12:55] [442/459] TRIG
[19:12:56] [443/459] GTYT
[19:12:57] [444/459] ATGN
[19:12:58] [445/459] ANTE
[19:12:59] [446/459] BDCG
[19:13:00] [447/459] VECI
[19:13:01] [448/459] SCPR
[19:13:02] [449/459] RTEA
[19:13:03] [450/459] JSAI
[19:13:05] [451/459] VJTP
[19:13:06] [452/459] GNDS
[19:13:07] [453/459] PAXA
[19:13:08] [454/459] CGGM
[19:13:09] [455/459] ACKZ
[19:13:10] [456/459] EMCC
[19:13:11] [457/459] KLSK
[19:13:12] [458/459] AVCK
[19:13:13] [459/459] JTCK
[19:13:14] 🧹 Deduping shows
[19:13:14] ✅ DONE | Shows=556 | Movies=40
[21:55:52] 🚀 SCRIPT STARTED
[21:55:52] [1/459] NECA
[21:55:52] 🧠 New identity created
[21:55:54] [2/459] BJLC
[21:55:55] [3/459] BASU
[21:55:57] [4/459] RUPI
[21:55:57] [5/459] LCBK
[21:55:58] [6/459] PMAC
[21:55:59] [7/459] AMLC
[21:56:00] [8/459] LICL
[21:56:01] [9/459] UDMM
[21:56:02] [10/459] STBZ
[21:56:03] [11/459] UUBT
[21:56:05] [12/459] SJKC
[21:56:06] [13/459] TUAL
[21:56:06] [14/459] MRSE
[21:56:08] [15/459] RMRK
[21:56:09] [16/459] TTKP
[21:56:10] [17/459] KTKO
[21:56:12] [18/459] SDBK
[21:56:12] [19/459] MCPR
[21:56:13] [20/459] CHTI
[21:56:14] [21/459] GCCP
[21:56:15] [22/459] SRMY
[21:56:15] [23/459] NYST
[21:56:16] [24/459] NYAG
[21:56:17] [25/459] SBMT
[21:56:19] [26/459] INGA
[21:56:20] [27/459] WSIC
[21:56:21] [28/459] SCSS
[21:56:22] [29/459] COPG
[21:56:23] [30/459] RCGR
[21:56:23] [31/459] TCZA
[21:56:24] [32/459] CNLP
[21:56:25] [33/459] CLKN
[21:56:26] [34/459] LHDF
[21:56:27] [35/459] ELKC
[21:56:28] [36/459] VCEM
[21:56:29] [37/459] SSZA
[21:56:30] [38/459] KRMT
[21:56:31] [39/459] LCMV
[21:56:32] [40/459] AYCZ
[21:56:33] [41/459] CUMS
[21:56:33] [42/459] BOCK
[21:56:37] [43/459] PNMR
[21:56:38] [44/459] PJCP
[21:56:40] [45/459] JDDD
[21:56:41] [46/459] STMS
[21:56:42] [47/459] FLMB
[21:56:43] [48/459] PKCM
[21:56:44] [49/459] SPPR
[21:56:45] [50/459] EYLH
[21:56:46] [51/459] RJCC
[21:56:48] [52/459] MMPS
[21:56:49] [53/459] SHMX
[21:56:50] [54/459] CCNL
[21:56:50] [55/459] RCNV
[21:56:51] [56/459] MAAG
[21:56:52] [57/459] LXCM
[21:56:53] [58/459] RCNI
[21:56:54] [59/459] SNNI
[21:56:55] [60/459] LALC
[21:56:56] [61/459] SOCN
[21:56:57] [62/459] JHTP
[21:56:58] [63/459] PITP
[21:57:00] [64/459] CCKW
[21:57:01] [65/459] MCMC
[21:57:01] [66/459] DEES
[21:57:02] [67/459] SABT
[21:57:05] [68/459] VSPP
[21:57:06] [69/459] ABCT
[21:57:07] [70/459] JVTB
[21:57:08] [71/459] VCBD
[21:57:10] [72/459] RMGG
[21:57:11] [73/459] RNMH
[21:57:12] [74/459] SPGL
[21:57:13] [75/459] JTTR
[21:57:14] [76/459] SICS
[21:57:15] [77/459] SRMI
[21:57:15] [78/459] SSIJ
[21:57:17] [79/459] KFMT
[21:57:19] [80/459] VBIT
[21:57:20] [81/459] JKCT
[21:57:21] [82/459] GCGP
[21:57:22] [83/459] GDCS
[21:57:24] [84/459] TRBA
[21:57:24] [85/459] QUST
[21:57:26] [86/459] VSHM
[21:57:27] [87/459] SDCP
[21:57:28] [88/459] SNVS
[21:57:29] [89/459] NYTO
[21:57:31] [90/459] URWC
[21:57:32] [91/459] GTWH
[21:57:33] [92/459] PFCM
[21:57:33] [93/459] KRTA
[21:57:34] [94/459] AXMC
[21:57:35] [95/459] EVMC
[21:57:36] [96/459] HGSM
[21:57:38] [97/459] ACVM
[21:57:39] [98/459] PSKL
[21:57:40] [99/459] RDMP
[21:57:41] [100/459] RHGH
[21:57:42] [101/459] OMCM
[21:57:42] [102/459] DCCP
[21:57:43] [103/459] MCPB
[21:57:44] [104/459] ALCI
[21:57:45] [105/459] BLMX
[21:57:46] [106/459] BTMV
[21:57:47] [107/459] FVPN
[21:57:47] [108/459] CMAR
[21:57:48] [109/459] CEIM
[21:57:50] [110/459] CMVA
[21:57:51] [111/459] CPIV
[21:57:52] [112/459] CNPE
[21:57:53] [113/459] COLV
[21:57:54] [114/459] DNNV
[21:57:55] [115/459] HCAD
[21:57:57] [116/459] TAKA
[21:57:57] [117/459] INVD
[21:57:59] [118/459] IRMM
[21:57:59] [119/459] INSE
[21:58:00] [120/459] MRSW
[21:58:01] [121/459] MCVD
[21:58:02] [122/459] MCSO
[21:58:03] [123/459] PEVM
[21:58:04] [124/459] PVNL
[21:58:04] [125/459] PTCV
[21:58:05] [126/459] PRTC
[21:58:06] [127/459] RCVA
[21:58:07] [128/459] MTBN
[21:58:07] [129/459] LUCP
[21:58:09] [130/459] FMPT
[21:58:10] [131/459] JLSL
[21:58:11] [132/459] SBHA
[21:58:12] [133/459] SHRC
[21:58:13] [134/459] AVPS
[21:58:14] [135/459] STPM
[21:58:15] [136/459] ATRD
[21:58:16] [137/459] VTED
[21:58:17] [138/459] ACAI
[21:58:17] [139/459] SMAE
[21:58:18] [140/459] VMAT
[21:58:19] [141/459] LKCT
[21:58:20] [142/459] JTVK
[21:58:21] [143/459] PRTY
[21:58:22] [144/459] GETT
[21:58:23] [145/459] ESAP
[21:58:24] [146/459] NCPM
[21:58:25] [147/459] PCPA
[21:58:25] [148/459] MMOM
[21:58:26] [149/459] PHUP
[21:58:28] [150/459] CCPI
[21:58:29] [151/459] CNTD
[21:58:29] [152/459] NLJR
[21:58:30] [153/459] SRNG
[21:58:31] [154/459] MHAL
[21:58:32] [155/459] PNSM
[21:58:33] [156/459] DRMY
[21:58:34] [157/459] CCMU
[21:58:35] [158/459] SCMY
[21:58:36] [159/459] PVSY
[21:58:38] [160/459] SDLM
[21:58:39] [161/459] ICCM
[21:58:39] [162/459] PYSU
[21:58:41] [163/459] GATM
[21:58:42] [164/459] WOTM
[21:58:43] [165/459] RKTS
[21:58:44] [166/459] PMTY
[21:58:45] [167/459] LYMS
[21:58:46] [168/459] TGCA
[21:58:47] [169/459] DSTA
[21:58:48] [170/459] CNGE
[21:58:49] [171/459] VSTG
[21:58:50] [172/459] GTCK
[21:58:51] [173/459] TGNT
[21:58:52] [174/459] ASLC
[21:58:53] [175/459] SSST
[21:58:54] [176/459] KBTT
[21:58:55] [177/459] HKCP
[21:58:56] [178/459] SWLC
[21:58:57] [179/459] RTND
[21:58:58] [180/459] PKKT
[21:59:00] [181/459] HSTK
[21:59:00] [182/459] SPTT
[21:59:01] [183/459] IMPM
[21:59:02] [184/459] SCMV
[21:59:03] [185/459] SPCT
[21:59:04] [186/459] JBCA
[21:59:05] [187/459] ATTR
[21:59:06] [188/459] SPMT
[21:59:07] [189/459] LCTM
[21:59:08] [190/459] SCVL
[21:59:10] [191/459] SCVT
[21:59:11] [192/459] KRIC
[21:59:11] [193/459] CTMG
[21:59:13] [194/459] ACNC
[21:59:15] [195/459] DMCK
[21:59:16] [196/459] KMTV
[21:59:17] [197/459] PFCJ
[21:59:17] [198/459] VNMD
[21:59:18] [199/459] VPCZ
[21:59:19] [200/459] SRYR
[21:59:20] [201/459] SYTR
[21:59:21] [202/459] GATR
[21:59:22] [203/459] URTR
[21:59:23] [204/459] MKSM
[21:59:23] [205/459] VSMH
[21:59:24] [206/459] SKRJ
[21:59:26] [207/459] SSJR
[21:59:27] [208/459] SVSM
[21:59:27] [209/459] RUCM
[21:59:28] [210/459] PRKN
[21:59:29] [211/459] RROH
[21:59:30] [212/459] SCTN
[21:59:31] [213/459] RTDM
[21:59:32] [214/459] ASRM
[21:59:34] [215/459] SKMD
[21:59:35] [216/459] SUTD
[21:59:35] [217/459] SADM
[21:59:36] [218/459] WCNR
[21:59:38] [219/459] CNED
[21:59:38] [220/459] MPDB
[21:59:40] [221/459] KTBH
[21:59:41] [222/459] IDRM
[21:59:41] [223/459] PJJT
[21:59:43] [224/459] PFCV
[21:59:45] [225/459] AACT
[21:59:45] [226/459] AAAD
[21:59:46] [227/459] ANES
[21:59:47] [228/459] MNCA
[21:59:48] [229/459] RMGU
[21:59:49] [230/459] DLCN
[21:59:50] [231/459] LJWT
[21:59:50] [232/459] MCBG
[21:59:51] [233/459] MYBG
[21:59:52] [234/459] GCCA
[21:59:53] [235/459] GCGA
[21:59:54] [236/459] ECGN
[21:59:55] [237/459] PRAB
[21:59:56] [238/459] PNMP
[21:59:57] [239/459] GCPT
[21:59:58] [240/459] ROYN
[22:00:00] [241/459] VATM
[22:00:02] [242/459] KSNT
[22:00:02] [243/459] ACTC
[22:00:03] [244/459] PLTD
[22:00:04] [245/459] SKMK
[22:00:05] [246/459] CMTT
[22:00:06] [247/459] SMXP
[22:00:07] [248/459] SCMX
[22:00:08] [249/459] ACXN
[22:00:09] [250/459] ASWT
[22:00:10] [251/459] VVVL
[22:00:11] [252/459] NAGO
[22:00:12] [253/459] SNCN
[22:00:13] [254/459] MCKP
[22:00:14] [255/459] SAMO
[22:00:15] [256/459] JBTV
[22:00:16] [257/459] DCVV
[22:00:16] [258/459] KMSV
[22:00:17] [259/459] KDCN
[22:00:18] [260/459] CNCP
[22:00:19] [261/459] HAMC
[22:00:22] [262/459] CCVZ
[22:00:23] [263/459] NCCK
[22:00:23] [264/459] MCHR
[22:00:24] [265/459] SCHT
[22:00:25] [266/459] ESSH
[22:00:26] [267/459] CUJC
[22:00:28] [268/459] PECP
[22:00:29] [269/459] PMMI
[22:00:31] [270/459] PCCH
[22:00:32] [271/459] PRPM
[22:00:32] [272/459] PVKL
[22:00:33] [273/459] CBSM
[22:00:35] [274/459] PVCZ
[22:00:36] [275/459] PCVV
[22:00:37] [276/459] CTMJ
[22:00:38] [277/459] RCPS
[22:00:39] [278/459] PCIT
[22:00:39] [279/459] FNCH
[22:00:40] [280/459] INZD
[22:00:41] [281/459] INPC
[22:00:42] [282/459] LCZP
[22:00:43] [283/459] SMCB
[22:00:44] [284/459] PTSB
[22:00:44] [285/459] TPSI
[22:00:45] [286/459] KHMJ
[22:00:46] [287/459] RCCJ
[22:00:47] [288/459] NCJA
[22:00:48] [289/459] NCJN
[22:00:49] [290/459] BTDP
[22:00:50] [291/459] PADY
[22:00:51] [292/459] NYBH
[22:00:52] [293/459] MTBR
[22:00:52] [294/459] KRBC
[22:00:54] [295/459] DKTI
[22:00:55] [296/459] ANAN
[22:00:55] [297/459] INBP
[22:00:57] [298/459] PATB
[22:00:58] [299/459] RGNT
[22:00:59] [300/459] CGPM
[22:01:01] [301/459] INTN
[22:01:02] [302/459] MCMP
[22:01:04] [303/459] ASRG
[22:01:05] [304/459] CXJD
[22:01:05] [305/459] SPCP
[22:01:06] [306/459] CSTP
[22:01:07] [307/459] PKVC
[22:01:08] [308/459] ESCP
[22:01:09] [309/459] CAEP
[22:01:10] [310/459] CCSP
[22:01:11] [311/459] KTPC
[22:01:12] [312/459] DACA
[22:01:13] [313/459] NVKY
[22:01:14] [314/459] PTIN
[22:01:15] [315/459] SCIN
[22:01:16] [316/459] MCTY
[22:01:18] [317/459] PCMX
[22:01:18] [318/459] INIC
[22:01:19] [319/459] MMZM
[22:01:20] [320/459] SSLP
[22:01:21] [321/459] DTDT
[22:01:22] [322/459] FFCX
[22:01:23] [323/459] RCMM
[22:01:24] [324/459] KYID
[22:01:25] [325/459] CSCI
[22:01:26] [326/459] FCMC
[22:01:27] [327/459] MMXI
[22:01:28] [328/459] ASTC
[22:01:29] [329/459] CMRA
[22:01:30] [330/459] DICI
[22:01:31] [331/459] KDIN
[22:01:32] [332/459] PRFI
[22:01:33] [333/459] SVFC
[22:01:34] [334/459] UCPL
[22:01:35] [335/459] COOC
[22:01:35] [336/459] SCAL
[22:01:37] [337/459] SVFF
[22:01:37] [338/459] VCMG
[22:01:38] [339/459] UUCT
[22:01:39] [340/459] GCSE
[22:01:41] [341/459] SUSC
[22:01:41] [342/459] MISC
[22:01:42] [343/459] RMBL
[22:01:43] [344/459] CMXN
[22:01:44] [345/459] PVBK
[22:01:45] [346/459] HHCG
[22:01:46] [347/459] SCAG
[22:01:47] [348/459] CNPR
[22:01:49] [349/459] CSER
[22:01:50] [350/459] HLWD
[22:01:50] [351/459] BOLY
[22:01:51] [352/459] SSPG
[22:01:52] [353/459] MUPX
[22:01:54] [354/459] HAMR
[22:01:54] [355/459] SDNC
[22:01:56] [356/459] RTEN
[22:01:56] [357/459] SDTD
[22:01:57] [358/459] KAWS
[22:01:58] [359/459] CMZX
[22:01:59] [360/459] DCDD
[22:02:00] [361/459] ALSN
[22:02:01] [362/459] IMXS
[22:02:02] [363/459] PVFF
[22:02:03] [364/459] PVOO
[22:02:04] [365/459] CFBS
[22:02:04] [366/459] PVER
[22:02:05] [367/459] PPNX
[22:02:06] [368/459] CNRM
[22:02:07] [369/459] PVWW
[22:02:08] [370/459] INMB
[22:02:09] [371/459] CPJR
[22:02:11] [372/459] INRZ
[22:02:12] [373/459] PMSR
[22:02:13] [374/459] GPGM
[22:02:14] [375/459] PGWB
[22:02:14] [376/459] PMBR
[22:02:15] [377/459] GPAM
[22:02:16] [378/459] INBC
[22:02:17] [379/459] PZVK
[22:02:18] [380/459] CPEB
[22:02:19] [381/459] FMLB
[22:02:20] [382/459] INBG
[22:02:26] [383/459] GPBR
[22:02:27] [384/459] PAAS
[22:02:28] [385/459] VTBR
[22:02:29] [386/459] GPMY
[22:02:30] [387/459] GYBU
[22:02:31] [388/459] INBJ
[22:02:33] [389/459] LKTH
[22:02:34] [390/459] NSBR
[22:02:35] [391/459] PDRD
[22:02:35] [392/459] VRBL
[22:02:36] [393/459] VTGB
[22:02:38] [394/459] VTSK
[22:02:40] [395/459] BKDV
[22:02:41] [396/459] SVTB
[22:02:42] [397/459] MLDT
[22:02:43] [398/459] NRBL
[22:02:44] [399/459] SLTR
[22:02:45] [400/459] VNKA
[22:02:46] [401/459] TDCA
[22:02:48] [402/459] INBM
[22:02:49] [403/459] SSNR
[22:02:50] [404/459] BHAC
[22:02:51] [405/459] SDSD
[22:02:52] [406/459] SAMP
[22:02:52] [407/459] RATK
[22:02:53] [408/459] KCBI
[22:02:55] [409/459] URBL
[22:02:56] [410/459] MKBG
[22:02:56] [411/459] ASTB
[22:02:57] [412/459] VBWT
[22:02:58] [413/459] GPSM
[22:02:59] [414/459] ROON
[22:03:01] [415/459] CHTH
[22:03:02] [416/459] SSPA
[22:03:03] [417/459] ANBL
[22:03:04] [418/459] VTBE
[22:03:05] [419/459] SVKT
[22:03:06] [420/459] SVYK
[22:03:06] [421/459] PTBK
[22:03:07] [422/459] RKTB
[22:03:08] [423/459] BALT
[22:03:10] [424/459] STSV
[22:03:11] [425/459] VCCB
[22:03:12] [426/459] SLTB
[22:03:13] [427/459] SBCR
[22:03:14] [428/459] VDCS
[22:03:15] [429/459] MDKI
[22:03:16] [430/459] SMRN
[22:03:18] [431/459] PTBC
[22:03:19] [432/459] RADI
[22:03:20] [433/459] ADCR
[22:03:21] [434/459] SDCS
[22:03:22] [435/459] SRPJ
[22:03:23] [436/459] ARTS
[22:03:23] [437/459] SRHK
[22:03:24] [438/459] SPAY
[22:03:25] [439/459] GPTB
[22:03:26] [440/459] SNNN
[22:03:27] [441/459] BALJ
[22:03:28] [442/459] TRIG
[22:03:30] [443/459] GTYT
[22:03:31] [444/459] ATGN
[22:03:32] [445/459] ANTE
[22:03:33] [446/459] BDCG
[22:03:35] [447/459] VECI
[22:03:36] [448/459] SCPR
[22:03:37] [449/459] RTEA
[22:03:37] [450/459] JSAI
[22:03:38] [451/459] VJTP
[22:03:39] [452/459] GNDS
[22:03:40] [453/459] PAXA
[22:03:41] [454/459] CGGM
[22:03:42] [455/459] ACKZ
[22:03:42] [456/459] EMCC
[22:03:43] [457/459] KLSK
[22:03:44] [458/459] AVCK
[22:03:45] [459/459] JTCK
[22:03:45] 🧹 Deduping shows
[22:03:45] ✅ DONE | Shows=1002 | Movies=53
