[10:18:59] 🚀 SCRIPT STARTED
[10:18:59] [1/459] MBDC
[10:18:59] 🧠 New identity created
[10:19:01] [2/459] CHKM
[10:19:02] [3/459] JTKZ
[10:19:03] [4/459] CMCT
[10:19:03] [5/459] ASHO
[10:19:04] [6/459] ECDG
[10:19:05] [7/459] SPAT
[10:19:06] [8/459] HILC
[10:19:07] [9/459] SPPH
[10:19:08] [10/459] SBHN
[10:19:09] [11/459] RRCA
[10:19:10] [12/459] APAA
[10:19:11] [13/459] RAME
[10:19:12] [14/459] TMMS
[10:19:13] [15/459] BATK
[10:19:14] [16/459] LKOP
[10:19:14] [17/459] AMTT
[10:19:15] [18/459] PTGK
[10:19:16] [19/459] ANRS
[10:19:17] [20/459] VWBW
[10:19:18] [21/459] SVFG
[10:19:19] [22/459] STAT
[10:19:20] [23/459] GDCV
[10:19:22] [24/459] VEBI
[10:19:23] [25/459] VDSS
[10:19:23] [26/459] NTHV
[10:19:24] [27/459] AOCH
[10:19:25] [28/459] KASR
[10:19:26] [29/459] AYCS
[10:19:27] [30/459] SHAI
[10:19:27] [31/459] SKPE
[10:19:28] [32/459] SBTA
[10:19:29] [33/459] RTTD
[10:19:30] [34/459] CCJD
[10:19:31] [35/459] RSJJ
[10:19:32] [36/459] RKND
[10:19:33] [37/459] SVTX
[10:19:34] [38/459] BAKM
[10:19:34] [39/459] SVDC
[10:19:35] [40/459] MNCV
[10:19:36] [41/459] SJGC
[10:19:37] [42/459] MTPK
[10:19:38] [43/459] GATP
[10:19:39] [44/459] ABTS
[10:19:39] [45/459] ABDE
[10:19:40] [46/459] RCNM
[10:19:41] [47/459] KTHV
[10:19:42] [48/459] MDGJ
[10:19:43] [49/459] SMLM
[10:19:44] [50/459] JTMA
[10:19:45] [51/459] ACKP
[10:19:50] [52/459] SRTA
[10:19:51] [53/459] STAY
[10:19:52] [54/459] MAVO
[10:19:52] [55/459] APTS
[10:19:53] [56/459] OMEA
[10:19:54] [57/459] TTFD
[10:19:55] [58/459] MJCU
[10:19:56] [59/459] CXTE
[10:19:57] [60/459] CTPX
[10:19:58] [61/459] ASSL
[10:19:59] [62/459] CMVB
[10:19:59] [63/459] VPUR
[10:20:00] [64/459] JJDA
[10:20:01] [65/459] INBL
[10:20:02] [66/459] BIKB
[10:20:03] [67/459] NTBB
[10:20:04] [68/459] GLOB
[10:20:04] [69/459] SNTB
[10:20:05] [70/459] CHGV
[10:20:06] [71/459] SSBZ
[10:20:07] [72/459] PRDB
[10:20:07] [73/459] ISMT
[10:20:08] [74/459] MCSD
[10:20:09] [75/459] JBTT
[10:20:10] [76/459] GEKR
[10:20:11] [77/459] PVUN
[10:20:12] [78/459] NRTB
[10:20:13] [79/459] PRAA
[10:20:14] [80/459] PCBL
[10:20:14] [81/459] PTCM
[10:20:15] [82/459] KHNN
[10:20:16] [83/459] OMJE
[10:20:18] [84/459] STGN
[10:20:19] [85/459] RPMS
[10:20:20] [86/459] NWAD
[10:20:21] [87/459] BLCK
[10:20:22] [88/459] SVAA
[10:20:23] [89/459] URVM
[10:20:24] [90/459] ANTM
[10:20:24] [91/459] VJYM
[10:20:25] [92/459] MAZZ
[10:20:26] [93/459] CSHM
[10:20:27] [94/459] WGMH
[10:20:29] [95/459] SALN
[10:20:30] [96/459] BRTP
[10:20:31] [97/459] SVTA
[10:20:31] [98/459] SBTP
[10:20:32] [99/459] VLSS
[10:20:33] [100/459] SRJA
[10:20:34] [101/459] ANCG
[10:20:35] [102/459] CGGC
[10:20:36] [103/459] CRJA
[10:20:37] [104/459] USCR
[10:20:38] [105/459] MMEF
[10:20:39] [106/459] JCRJ
[10:20:40] [107/459] ADCM
[10:20:42] [108/459] BMYK
[10:20:43] [109/459] KICS
[10:20:43] [110/459] MBBT
[10:20:44] [111/459] MACK
[10:20:45] [112/459] CLDR
[10:20:46] [113/459] JYCR
[10:20:47] [114/459] DCRP
[10:20:48] [115/459] RAHT
[10:20:49] [116/459] CSSM
[10:20:50] [117/459] ATPK
[10:20:50] [118/459] KLRT
[10:20:51] [119/459] SRDD
[10:20:53] [120/459] CKMC
[10:20:53] [121/459] KRVM
[10:20:55] [122/459] AKCP
[10:20:56] [123/459] CNCV
[10:20:57] [124/459] PACT
[10:20:58] [125/459] NATP
[10:20:59] [126/459] PCPK
[10:21:00] [127/459] SMHO
[10:21:01] [128/459] CWTK
[10:21:02] [129/459] RVKZ
[10:21:02] [130/459] ASPD
[10:21:03] [131/459] VTKZ
[10:21:04] [132/459] LCSO
[10:21:05] [133/459] PRDY
[10:21:06] [134/459] RCAP
[10:21:07] [135/459] RGAR
[10:21:08] [136/459] RCAC
[10:21:09] [137/459] PMOD
[10:21:10] [138/459] PVCN
[10:21:10] [139/459] SCRZ
[10:21:11] [140/459] PVPC
[10:21:12] [141/459] STID
[10:21:14] [142/459] NEDD
[10:21:15] [143/459] BNBA
[10:21:16] [144/459] NTCD
[10:21:17] [145/459] OCDE
[10:21:17] [146/459] CCDU
[10:21:18] [147/459] CRXH
[10:21:20] [148/459] VLVT
[10:21:21] [149/459] CICI
[10:21:23] [150/459] SUCB
[10:21:24] [151/459] TCBP
[10:21:24] [152/459] SCCY
[10:21:25] [153/459] LXCY
[10:21:26] [154/459] NCMD
[10:21:27] [155/459] PHCS
[10:21:28] [156/459] DUXR
[10:21:29] [157/459] VNKS
[10:21:30] [158/459] SEDP
[10:21:30] [159/459] SVEN
[10:21:31] [160/459] SRKM
[10:21:32] [161/459] JTLT
[10:21:33] [162/459] SVSS
[10:21:34] [163/459] AMDE
[10:21:35] [164/459] WVRN
[10:21:36] [165/459] ISMG
[10:21:36] [166/459] WVKS
[10:21:37] [167/459] USCG
[10:21:38] [168/459] IOTG
[10:21:39] [169/459] RRJM
[10:21:40] [170/459] EDMP
[10:21:41] [171/459] SCGZ
[10:21:42] [172/459] GMGX
[10:21:43] [173/459] OMTP
[10:21:44] [174/459] MITD
[10:21:45] [175/459] SMMD
[10:21:45] [176/459] STML
[10:21:46] [177/459] MCFS
[10:21:47] [178/459] FPKA
[10:21:48] [179/459] OMLR
[10:21:49] [180/459] KKSC
[10:21:50] [181/459] RVMA
[10:21:51] [182/459] SCLL
[10:21:52] [183/459] SCDK
[10:21:53] [184/459] SXMI
[10:21:54] [185/459] SHDN
[10:21:55] [186/459] PAAD
[10:21:56] [187/459] UUCB
[10:21:57] [188/459] JHOL
[10:21:58] [189/459] SGWT
[10:22:00] [190/459] SRII
[10:22:01] [191/459] SGCK
[10:22:02] [192/459] SVVB
[10:22:03] [193/459] DMHA
[10:22:03] [194/459] PPNL
[10:22:04] [195/459] CPNL
[10:22:05] [196/459] WVLD
[10:22:06] [197/459] PSLV
[10:22:07] [198/459] VTTL
[10:22:08] [199/459] NPAD
[10:22:09] [200/459] PVCS
[10:22:10] [201/459] MCHL
[10:22:10] [202/459] PPLL
[10:22:11] [203/459] MALO
[10:22:12] [204/459] SWBH
[10:22:13] [205/459] PUGB
[10:22:14] [206/459] INBB
[10:22:16] [207/459] INNS
[10:22:17] [208/459] MCPT
[10:22:18] [209/459] SCMI
[10:22:18] [210/459] OCON
[10:22:20] [211/459] SCSM
[10:22:22] [212/459] RJVN
[10:22:22] [213/459] AMDK
[10:22:23] [214/459] ISMR
[10:22:24] [215/459] SMTD
[10:22:25] [216/459] VTDD
[10:22:26] [217/459] PDDZ
[10:22:27] [218/459] PCCK
[10:22:27] [219/459] INAM
[10:22:28] [220/459] FNKT
[10:22:29] [221/459] GDKA
[10:22:30] [222/459] MAYU
[10:22:31] [223/459] TCGU
[10:22:33] [224/459] KDCA
[10:22:33] [225/459] DOMY
[10:22:34] [226/459] PDDD
[10:22:35] [227/459] BJTS
[10:22:36] [228/459] VTCA
[10:22:37] [229/459] SBTM
[10:22:38] [230/459] SEET
[10:22:38] [231/459] SSTJ
[10:22:39] [232/459] SVNT
[10:22:40] [233/459] PPPR
[10:22:41] [234/459] PVYS
[10:22:42] [235/459] IOSE
[10:22:43] [236/459] ACTV
[10:22:43] [237/459] APVE
[10:22:44] [238/459] TCCL
[10:22:45] [239/459] SCMO
[10:22:46] [240/459] SAUM
[10:22:47] [241/459] KCJS
[10:22:48] [242/459] NJCJ
[10:22:49] [243/459] NECF
[10:22:50] [244/459] CCGW
[10:22:51] [245/459] CCMG
[10:22:52] [246/459] NYRG
[10:22:52] [247/459] NCSQ
[10:22:53] [248/459] GRCG
[10:22:54] [249/459] CCBT
[10:22:55] [250/459] ACGA
[10:22:56] [251/459] INAG
[10:22:57] [252/459] FUCG
[10:22:58] [253/459] AICF
[10:22:58] [254/459] GRGA
[10:22:59] [255/459] GDCN
[10:23:00] [256/459] RRCG
[10:23:01] [257/459] SDCH
[10:23:02] [258/459] WVJM
[10:23:02] [259/459] JCCZ
[10:23:03] [260/459] CNCL
[10:23:04] [261/459] TMLV
[10:23:05] [262/459] MEMB
[10:23:06] [263/459] SGTD
[10:23:08] [264/459] CONX
[10:23:08] [265/459] CCMH
[10:23:09] [266/459] ACMC
[10:23:10] [267/459] DTPD
[10:23:11] [268/459] POJA
[10:23:12] [269/459] FNBH
[10:23:13] [270/459] CGCB
[10:23:14] [271/459] RACN
[10:23:15] [272/459] JTSM
[10:23:15] [273/459] SCDN
[10:23:16] [274/459] AACK
[10:23:17] [275/459] RMCE
[10:23:18] [276/459] BSGB
[10:23:19] [277/459] MRCB
[10:23:20] [278/459] SRVR
[10:23:21] [279/459] VTKK
[10:23:22] [280/459] AMST
[10:23:22] [281/459] APCY
[10:23:24] [282/459] LMHO
[10:23:25] [283/459] MTZH
[10:23:25] [284/459] AMZB
[10:23:26] [285/459] SUVT
[10:23:27] [286/459] RCIP
[10:23:28] [287/459] KESR
[10:23:29] [288/459] SNKC
[10:23:30] [289/459] SCED
[10:23:30] [290/459] DVCA
[10:23:31] [291/459] VCDT
[10:23:33] [292/459] RRDI
[10:23:34] [293/459] DFCH
[10:23:34] [294/459] INSC
[10:23:35] [295/459] RGTR
[10:23:36] [296/459] FMOT
[10:23:37] [297/459] SCPM
[10:23:38] [298/459] GCDT
[10:23:39] [299/459] BRKT
[10:23:40] [300/459] DEMP
[10:23:41] [301/459] SRLC
[10:23:41] [302/459] KSTT
[10:23:42] [303/459] SMMT
[10:23:43] [304/459] SILM
[10:23:44] [305/459] JCVM
[10:23:45] [306/459] KCSV
[10:23:46] [307/459] MHLK
[10:23:47] [308/459] SLVL
[10:23:47] [309/459] RJKP
[10:23:48] [310/459] BBPC
[10:23:49] [311/459] MXCB
[10:23:50] [312/459] TCPK
[10:23:51] [313/459] RTBR
[10:23:52] [314/459] GAUT
[10:23:53] [315/459] DVCF
[10:23:54] [316/459] JTSB
[10:23:55] [317/459] SBLS
[10:23:56] [318/459] UDAY
[10:23:57] [319/459] PTNP
[10:23:58] [320/459] DMKT
[10:23:59] [321/459] NTDT
[10:24:00] [322/459] SHDJ
[10:24:01] [323/459] OTNC
[10:24:02] [324/459] RNTW
[10:24:03] [325/459] GCMI
[10:24:03] [326/459] CRCM
[10:24:04] [327/459] NNCZ
[10:24:05] [328/459] OEMO
[10:24:06] [329/459] PVJM
[10:24:07] [330/459] CPJI
[10:24:08] [331/459] RMCJ
[10:24:09] [332/459] CNWJ
[10:24:10] [333/459] EPJM
[10:24:11] [334/459] FNJJ
[10:24:11] [335/459] GCMJ
[10:24:12] [336/459] INPS
[10:24:13] [337/459] BICJ
[10:24:15] [338/459] ISTJ
[10:24:15] [339/459] INJC
[10:24:16] [340/459] GLXJ
[10:24:17] [341/459] INEM
[10:24:18] [342/459] JTMN
[10:24:19] [343/459] FRCJ
[10:24:20] [344/459] DDJP
[10:24:21] [345/459] INJV
[10:24:22] [346/459] GOLC
[10:24:23] [347/459] KOCI
[10:24:24] [348/459] FSTD
[10:24:25] [349/459] PACJ
[10:24:26] [350/459] GMCN
[10:24:27] [351/459] MMDJ
[10:24:27] [352/459] GODH
[10:24:29] [353/459] SKYN
[10:24:30] [354/459] NCTH
[10:24:31] [355/459] SKVZ
[10:24:32] [356/459] SVML
[10:24:32] [357/459] ACVZ
[10:24:33] [358/459] SURA
[10:24:34] [359/459] RTRB
[10:24:35] [360/459] LLCT
[10:24:36] [361/459] ATTS
[10:24:37] [362/459] JYCM
[10:24:38] [363/459] CTKR
[10:24:39] [364/459] LCKR
[10:24:40] [365/459] NYCV
[10:24:41] [366/459] NYOH
[10:24:42] [367/459] NOVX
[10:24:42] [368/459] MRGK
[10:24:43] [369/459] MOON
[10:24:44] [370/459] SBUC
[10:24:45] [371/459] GSVA
[10:24:46] [372/459] VIAK
[10:24:47] [373/459] SMVZ
[10:24:48] [374/459] MATE
[10:24:50] [375/459] RDCN
[10:24:50] [376/459] ASBL
[10:24:51] [377/459] ASVS
[10:24:53] [378/459] ASSR
[10:24:54] [379/459] SSKN
[10:24:55] [380/459] DRPV
[10:24:56] [381/459] MRHT
[10:24:57] [382/459] BSCN
[10:24:57] [383/459] RKNX
[10:24:58] [384/459] MSMC
[10:24:59] [385/459] MSCJ
[10:25:00] [386/459] BTBJ
[10:25:02] [387/459] MJCC
[10:25:03] [388/459] IOMM
[10:25:04] [389/459] ADGR
[10:25:05] [390/459] MYCP
[10:25:06] [391/459] IGCM
[10:25:07] [392/459] PGRK
[10:25:07] [393/459] VPGO
[10:25:09] [394/459] KOMS
[10:25:09] [395/459] URGG
[10:25:10] [396/459] GOST
[10:25:11] [397/459] LACT
[10:25:12] [398/459] BWCM
[10:25:12] [399/459] NCCW
[10:25:13] [400/459] SKYC
[10:25:15] [401/459] CCPM
[10:25:16] [402/459] VCBT
[10:25:17] [403/459] SDKR
[10:25:18] [404/459] CTYB
[10:25:19] [405/459] SHCX
[10:25:20] [406/459] RCUN
[10:25:21] [407/459] CNRA
[10:25:22] [408/459] RFCA
[10:25:23] [409/459] RDCU
[10:25:23] [410/459] SARK
[10:25:24] [411/459] SPPP
[10:25:25] [412/459] ADMB
[10:25:26] [413/459] JYOE
[10:25:28] [414/459] SRMD
[10:25:29] [415/459] RJDH
[10:25:30] [416/459] SSTD
[10:25:31] [417/459] AACV
[10:25:32] [418/459] PPVD
[10:25:33] [419/459] STCP
[10:25:34] [420/459] ANJR
[10:25:35] [421/459] ANLS
[10:25:35] [422/459] BIJO
[10:25:36] [423/459] AVAB
[10:25:37] [424/459] SPMD
[10:25:38] [425/459] SVJL
[10:25:39] [426/459] SDDJ
[10:25:40] [427/459] SLTU
[10:25:42] [428/459] SAKA
[10:25:43] [429/459] PMAM
[10:25:44] [430/459] FNAM
[10:25:44] [431/459] ACAM
[10:25:45] [432/459] SCMM
[10:25:46] [433/459] PMAK
[10:25:47] [434/459] NYSA
[10:25:49] [435/459] FCPA
[10:25:49] [436/459] GDAN
[10:25:50] [437/459] RSCA
[10:25:51] [438/459] DMAN
[10:25:52] [439/459] DZCM
[10:25:53] [440/459] NSGL
[10:25:55] [441/459] CCPP
[10:25:55] [442/459] PSMG
[10:25:56] [443/459] GSER
[10:25:57] [444/459] FCCT
[10:25:58] [445/459] FCTB
[10:26:00] [446/459] LCNK
[10:26:01] [447/459] SKTY
[10:26:02] [448/459] INAA
[10:26:03] [449/459] RCWN
[10:26:04] [450/459] VAIS
[10:26:04] [451/459] CVMN
[10:26:05] [452/459] INTS
[10:26:06] [453/459] FRGS
[10:26:07] [454/459] DTCK
[10:26:08] [455/459] MCMH
[10:26:09] [456/459] ECRR
[10:26:10] [457/459] RLLP
[10:26:11] [458/459] CCSN
[10:26:11] [459/459] CCBA
[10:26:13] 🧹 Deduping shows
[10:26:13] ✅ DONE | Shows=22 | Movies=3
[16:48:49] 🚀 SCRIPT STARTED
[16:48:49] [1/459] MBDC
[16:48:49] 🧠 New identity created
[16:48:50] [2/459] CHKM
[16:48:50] [3/459] JTKZ
[16:48:51] [4/459] CMCT
[16:48:52] [5/459] ASHO
[16:48:53] [6/459] ECDG
[16:48:54] [7/459] SPAT
[16:48:55] [8/459] HILC
[16:48:56] [9/459] SPPH
[16:48:57] [10/459] SBHN
[16:48:58] [11/459] RRCA
[16:48:59] [12/459] APAA
[16:49:01] [13/459] RAME
[16:49:02] [14/459] TMMS
[16:49:02] [15/459] BATK
[16:49:03] [16/459] LKOP
[16:49:04] [17/459] AMTT
[16:49:04] [18/459] PTGK
[16:49:06] [19/459] ANRS
[16:49:06] [20/459] VWBW
[16:49:07] [21/459] SVFG
[16:49:08] [22/459] STAT
[16:49:09] [23/459] GDCV
[16:49:10] [24/459] VEBI
[16:49:11] [25/459] VDSS
[16:49:12] [26/459] NTHV
[16:49:13] [27/459] AOCH
[16:49:14] [28/459] KASR
[16:49:14] [29/459] AYCS
[16:49:15] [30/459] SHAI
[16:49:16] [31/459] SKPE
[16:49:17] [32/459] SBTA
[16:49:18] [33/459] RTTD
[16:49:19] [34/459] CCJD
[16:49:20] [35/459] RSJJ
[16:49:21] [36/459] RKND
[16:49:21] [37/459] SVTX
[16:49:22] [38/459] BAKM
[16:49:23] [39/459] SVDC
[16:49:24] [40/459] MNCV
[16:49:24] [41/459] SJGC
[16:49:25] [42/459] MTPK
[16:49:26] [43/459] GATP
[16:49:27] [44/459] ABTS
[16:49:28] [45/459] ABDE
[16:49:29] [46/459] RCNM
[16:49:30] [47/459] KTHV
[16:49:31] [48/459] MDGJ
[16:49:32] [49/459] SMLM
[16:49:32] [50/459] JTMA
[16:49:33] [51/459] ACKP
[16:49:34] [52/459] SRTA
[16:49:35] [53/459] STAY
[16:49:36] [54/459] MAVO
[16:49:37] [55/459] APTS
[16:49:38] [56/459] OMEA
[16:49:38] [57/459] TTFD
[16:49:39] [58/459] MJCU
[16:49:40] [59/459] CXTE
[16:49:41] [60/459] CTPX
[16:49:42] [61/459] ASSL
[16:49:42] [62/459] CMVB
[16:49:43] [63/459] VPUR
[16:49:45] [64/459] JJDA
[16:49:45] [65/459] INBL
[16:49:46] [66/459] BIKB
[16:49:47] [67/459] NTBB
[16:49:48] [68/459] GLOB
[16:49:49] [69/459] SNTB
[16:49:50] [70/459] CHGV
[16:49:51] [71/459] SSBZ
[16:49:51] [72/459] PRDB
[16:49:52] [73/459] ISMT
[16:49:53] [74/459] MCSD
[16:49:54] [75/459] JBTT
[16:49:54] [76/459] GEKR
[16:49:55] [77/459] PVUN
[16:49:57] [78/459] NRTB
[16:49:57] [79/459] PRAA
[16:49:58] [80/459] PCBL
[16:49:59] [81/459] PTCM
[16:50:00] [82/459] KHNN
[16:50:01] [83/459] OMJE
[16:50:02] [84/459] STGN
[16:50:03] [85/459] RPMS
[16:50:04] [86/459] NWAD
[16:50:05] [87/459] BLCK
[16:50:06] [88/459] SVAA
[16:50:06] [89/459] URVM
[16:50:07] [90/459] ANTM
[16:50:08] [91/459] VJYM
[16:50:09] [92/459] MAZZ
[16:50:10] [93/459] CSHM
[16:50:11] [94/459] WGMH
[16:50:11] [95/459] SALN
[16:50:12] [96/459] BRTP
[16:50:13] [97/459] SVTA
[16:50:15] [98/459] SBTP
[16:50:15] [99/459] VLSS
[16:50:16] [100/459] SRJA
[16:50:17] [101/459] ANCG
[16:50:18] [102/459] CGGC
[16:50:18] [103/459] CRJA
[16:50:19] [104/459] USCR
[16:50:20] [105/459] MMEF
[16:50:21] [106/459] JCRJ
[16:50:22] [107/459] ADCM
[16:50:22] [108/459] BMYK
[16:50:23] [109/459] KICS
[16:50:24] [110/459] MBBT
[16:50:25] [111/459] MACK
[16:50:26] [112/459] CLDR
[16:50:27] [113/459] JYCR
[16:50:27] [114/459] DCRP
[16:50:29] [115/459] RAHT
[16:50:30] [116/459] CSSM
[16:50:30] [117/459] ATPK
[16:50:31] [118/459] KLRT
[16:50:32] [119/459] SRDD
[16:50:34] [120/459] CKMC
[16:50:35] [121/459] KRVM
[16:50:36] [122/459] AKCP
[16:50:36] [123/459] CNCV
[16:50:37] [124/459] PACT
[16:50:38] [125/459] NATP
[16:50:40] [126/459] PCPK
[16:50:40] [127/459] SMHO
[16:50:41] [128/459] CWTK
[16:50:42] [129/459] RVKZ
[16:50:43] [130/459] ASPD
[16:50:43] [131/459] VTKZ
[16:50:45] [132/459] LCSO
[16:50:45] [133/459] PRDY
[16:50:46] [134/459] RCAP
[16:50:47] [135/459] RGAR
[16:50:48] [136/459] RCAC
[16:50:48] [137/459] PMOD
[16:50:49] [138/459] PVCN
[16:50:50] [139/459] SCRZ
[16:50:51] [140/459] PVPC
[16:50:51] [141/459] STID
[16:50:53] [142/459] NEDD
[16:50:54] [143/459] BNBA
[16:50:54] [144/459] NTCD
[16:50:55] [145/459] OCDE
[16:50:56] [146/459] CCDU
[16:50:57] [147/459] CRXH
[16:50:58] [148/459] VLVT
[16:50:59] [149/459] CICI
[16:51:00] [150/459] SUCB
[16:51:00] [151/459] TCBP
[16:51:01] [152/459] SCCY
[16:51:02] [153/459] LXCY
[16:51:03] [154/459] NCMD
[16:51:03] [155/459] PHCS
[16:51:04] [156/459] DUXR
[16:51:05] [157/459] VNKS
[16:51:06] [158/459] SEDP
[16:51:07] [159/459] SVEN
[16:51:08] [160/459] SRKM
[16:51:09] [161/459] JTLT
[16:51:10] [162/459] SVSS
[16:51:10] [163/459] AMDE
[16:51:11] [164/459] WVRN
[16:51:12] [165/459] ISMG
[16:51:13] [166/459] WVKS
[16:51:13] [167/459] USCG
[16:51:14] [168/459] IOTG
[16:51:15] [169/459] RRJM
[16:51:16] [170/459] EDMP
[16:51:17] [171/459] SCGZ
[16:51:18] [172/459] GMGX
[16:51:18] [173/459] OMTP
[16:51:19] [174/459] MITD
[16:51:20] [175/459] SMMD
[16:51:21] [176/459] STML
[16:51:22] [177/459] MCFS
[16:51:23] [178/459] FPKA
[16:51:24] [179/459] OMLR
[16:51:25] [180/459] KKSC
[16:51:25] [181/459] RVMA
[16:51:26] [182/459] SCLL
[16:51:27] [183/459] SCDK
[16:51:28] [184/459] SXMI
[16:51:29] [185/459] SHDN
[16:51:30] [186/459] PAAD
[16:51:31] [187/459] UUCB
[16:51:32] [188/459] JHOL
[16:51:33] [189/459] SGWT
[16:51:34] [190/459] SRII
[16:51:35] [191/459] SGCK
[16:51:36] [192/459] SVVB
[16:51:36] [193/459] DMHA
[16:51:37] [194/459] PPNL
[16:51:38] [195/459] CPNL
[16:51:39] [196/459] WVLD
[16:51:40] [197/459] PSLV
[16:51:41] [198/459] VTTL
[16:51:42] [199/459] NPAD
[16:51:43] [200/459] PVCS
[16:51:44] [201/459] MCHL
[16:51:45] [202/459] PPLL
[16:51:46] [203/459] MALO
[16:51:47] [204/459] SWBH
[16:51:48] [205/459] PUGB
[16:51:48] [206/459] INBB
[16:51:49] [207/459] INNS
[16:51:50] [208/459] MCPT
[16:51:51] [209/459] SCMI
[16:51:52] [210/459] OCON
[16:51:53] [211/459] SCSM
[16:51:53] [212/459] RJVN
[16:51:54] [213/459] AMDK
[16:51:55] [214/459] ISMR
[16:51:56] [215/459] SMTD
[16:51:57] [216/459] VTDD
[16:51:58] [217/459] PDDZ
[16:51:59] [218/459] PCCK
[16:51:59] [219/459] INAM
[16:52:00] [220/459] FNKT
[16:52:01] [221/459] GDKA
[16:52:02] [222/459] MAYU
[16:52:03] [223/459] TCGU
[16:52:03] [224/459] KDCA
[16:52:04] [225/459] DOMY
[16:52:05] [226/459] PDDD
[16:52:06] [227/459] BJTS
[16:52:07] [228/459] VTCA
[16:52:08] [229/459] SBTM
[16:52:09] [230/459] SEET
[16:52:10] [231/459] SSTJ
[16:52:10] [232/459] SVNT
[16:52:11] [233/459] PPPR
[16:52:12] [234/459] PVYS
[16:52:13] [235/459] IOSE
[16:52:14] [236/459] ACTV
[16:52:15] [237/459] APVE
[16:52:15] [238/459] TCCL
[16:52:16] [239/459] SCMO
[16:52:17] [240/459] SAUM
[16:52:18] [241/459] KCJS
[16:52:19] [242/459] NJCJ
[16:52:20] [243/459] NECF
[16:52:21] [244/459] CCGW
[16:52:21] [245/459] CCMG
[16:52:22] [246/459] NYRG
[16:52:23] [247/459] NCSQ
[16:52:24] [248/459] GRCG
[16:52:25] [249/459] CCBT
[16:52:26] [250/459] ACGA
[16:52:28] [251/459] INAG
[16:52:28] [252/459] FUCG
[16:52:29] [253/459] AICF
[16:52:30] [254/459] GRGA
[16:52:31] [255/459] GDCN
[16:52:32] [256/459] RRCG
[16:52:33] [257/459] SDCH
[16:52:33] [258/459] WVJM
[16:52:34] [259/459] JCCZ
[16:52:35] [260/459] CNCL
[16:52:35] [261/459] TMLV
[16:52:36] [262/459] MEMB
[16:52:37] [263/459] SGTD
[16:52:38] [264/459] CONX
[16:52:38] [265/459] CCMH
[16:52:39] [266/459] ACMC
[16:52:40] [267/459] DTPD
[16:52:41] [268/459] POJA
[16:52:41] [269/459] FNBH
[16:52:42] [270/459] CGCB
[16:52:43] [271/459] RACN
[16:52:45] [272/459] JTSM
[16:52:45] [273/459] SCDN
[16:52:46] [274/459] AACK
[16:52:47] [275/459] RMCE
[16:52:48] [276/459] BSGB
[16:52:49] [277/459] MRCB
[16:52:50] [278/459] SRVR
[16:52:50] [279/459] VTKK
[16:52:51] [280/459] AMST
[16:52:53] [281/459] APCY
[16:52:53] [282/459] LMHO
[16:52:54] [283/459] MTZH
[16:52:55] [284/459] AMZB
[16:52:56] [285/459] SUVT
[16:52:57] [286/459] RCIP
[16:52:58] [287/459] KESR
[16:52:59] [288/459] SNKC
[16:53:00] [289/459] SCED
[16:53:00] [290/459] DVCA
[16:53:01] [291/459] VCDT
[16:53:02] [292/459] RRDI
[16:53:03] [293/459] DFCH
[16:53:04] [294/459] INSC
[16:53:05] [295/459] RGTR
[16:53:06] [296/459] FMOT
[16:53:06] [297/459] SCPM
[16:53:07] [298/459] GCDT
[16:53:08] [299/459] BRKT
[16:53:09] [300/459] DEMP
[16:53:10] [301/459] SRLC
[16:53:11] [302/459] KSTT
[16:53:11] [303/459] SMMT
[16:53:12] [304/459] SILM
[16:53:13] [305/459] JCVM
[16:53:14] [306/459] KCSV
[16:53:15] [307/459] MHLK
[16:53:16] [308/459] SLVL
[16:53:16] [309/459] RJKP
[16:53:17] [310/459] BBPC
[16:53:18] [311/459] MXCB
[16:53:19] [312/459] TCPK
[16:53:20] [313/459] RTBR
[16:53:20] [314/459] GAUT
[16:53:21] [315/459] DVCF
[16:53:22] [316/459] JTSB
[16:53:23] [317/459] SBLS
[16:53:24] [318/459] UDAY
[16:53:24] [319/459] PTNP
[16:53:25] [320/459] DMKT
[16:53:26] [321/459] NTDT
[16:53:27] [322/459] SHDJ
[16:53:28] [323/459] OTNC
[16:53:29] [324/459] RNTW
[16:53:29] [325/459] GCMI
[16:53:31] [326/459] CRCM
[16:53:32] [327/459] NNCZ
[16:53:32] [328/459] OEMO
[16:53:34] [329/459] PVJM
[16:53:35] [330/459] CPJI
[16:53:36] [331/459] RMCJ
[16:53:36] [332/459] CNWJ
[16:53:37] [333/459] EPJM
[16:53:38] [334/459] FNJJ
[16:53:39] [335/459] GCMJ
[16:53:40] [336/459] INPS
[16:53:40] [337/459] BICJ
[16:53:41] [338/459] ISTJ
[16:53:42] [339/459] INJC
[16:53:43] [340/459] GLXJ
[16:53:44] [341/459] INEM
[16:53:44] [342/459] JTMN
[16:53:45] [343/459] FRCJ
[16:53:46] [344/459] DDJP
[16:53:47] [345/459] INJV
[16:53:48] [346/459] GOLC
[16:53:49] [347/459] KOCI
[16:53:50] [348/459] FSTD
[16:53:51] [349/459] PACJ
[16:53:52] [350/459] GMCN
[16:53:53] [351/459] MMDJ
[16:53:53] [352/459] GODH
[16:53:54] [353/459] SKYN
[16:53:55] [354/459] NCTH
[16:53:56] [355/459] SKVZ
[16:53:56] [356/459] SVML
[16:53:57] [357/459] ACVZ
[16:53:58] [358/459] SURA
[16:53:59] [359/459] RTRB
[16:54:00] [360/459] LLCT
[16:54:01] [361/459] ATTS
[16:54:01] [362/459] JYCM
[16:54:02] [363/459] CTKR
[16:54:04] [364/459] LCKR
[16:54:05] [365/459] NYCV
[16:54:06] [366/459] NYOH
[16:54:07] [367/459] NOVX
[16:54:07] [368/459] MRGK
[16:54:08] [369/459] MOON
[16:54:09] [370/459] SBUC
[16:54:09] [371/459] GSVA
[16:54:10] [372/459] VIAK
[16:54:12] [373/459] SMVZ
[16:54:13] [374/459] MATE
[16:54:13] [375/459] RDCN
[16:54:14] [376/459] ASBL
[16:54:15] [377/459] ASVS
[16:54:16] [378/459] ASSR
[16:54:16] [379/459] SSKN
[16:54:17] [380/459] DRPV
[16:54:18] [381/459] MRHT
[16:54:19] [382/459] BSCN
[16:54:20] [383/459] RKNX
[16:54:20] [384/459] MSMC
[16:54:21] [385/459] MSCJ
[16:54:22] [386/459] BTBJ
[16:54:23] [387/459] MJCC
[16:54:24] [388/459] IOMM
[16:54:25] [389/459] ADGR
[16:54:26] [390/459] MYCP
[16:54:27] [391/459] IGCM
[16:54:28] [392/459] PGRK
[16:54:29] [393/459] VPGO
[16:54:29] [394/459] KOMS
[16:54:31] [395/459] URGG
[16:54:32] [396/459] GOST
[16:54:33] [397/459] LACT
[16:54:34] [398/459] BWCM
[16:54:35] [399/459] NCCW
[16:54:36] [400/459] SKYC
[16:54:37] [401/459] CCPM
[16:54:38] [402/459] VCBT
[16:54:39] [403/459] SDKR
[16:54:39] [404/459] CTYB
[16:54:40] [405/459] SHCX
[16:54:41] [406/459] RCUN
[16:54:43] [407/459] CNRA
[16:54:44] [408/459] RFCA
[16:54:45] [409/459] RDCU
[16:54:45] [410/459] SARK
[16:54:46] [411/459] SPPP
[16:54:47] [412/459] ADMB
[16:54:48] [413/459] JYOE
[16:54:48] [414/459] SRMD
[16:54:49] [415/459] RJDH
[16:54:50] [416/459] SSTD
[16:54:51] [417/459] AACV
[16:54:52] [418/459] PPVD
[16:54:52] [419/459] STCP
[16:54:53] [420/459] ANJR
[16:54:54] [421/459] ANLS
[16:54:55] [422/459] BIJO
[16:54:56] [423/459] AVAB
[16:54:56] [424/459] SPMD
[16:54:57] [425/459] SVJL
[16:54:58] [426/459] SDDJ
[16:54:59] [427/459] SLTU
[16:55:00] [428/459] SAKA
[16:55:00] [429/459] PMAM
[16:55:01] [430/459] FNAM
[16:55:02] [431/459] ACAM
[16:55:03] [432/459] SCMM
[16:55:04] [433/459] PMAK
[16:55:04] [434/459] NYSA
[16:55:06] [435/459] FCPA
[16:55:07] [436/459] GDAN
[16:55:08] [437/459] RSCA
[16:55:09] [438/459] DMAN
[16:55:10] [439/459] DZCM
[16:55:10] [440/459] NSGL
[16:55:11] [441/459] CCPP
[16:55:12] [442/459] PSMG
[16:55:12] [443/459] GSER
[16:55:13] [444/459] FCCT
[16:55:14] [445/459] FCTB
[16:55:15] [446/459] LCNK
[16:55:15] [447/459] SKTY
[16:55:16] [448/459] INAA
[16:55:17] [449/459] RCWN
[16:55:18] [450/459] VAIS
[16:55:19] [451/459] CVMN
[16:55:20] [452/459] INTS
[16:55:21] [453/459] FRGS
[16:55:22] [454/459] DTCK
[16:55:23] [455/459] MCMH
[16:55:24] [456/459] ECRR
[16:55:25] [457/459] RLLP
[16:55:26] [458/459] CCSN
[16:55:26] [459/459] CCBA
[16:55:27] 🧹 Deduping shows
[16:55:27] ✅ DONE | Shows=31 | Movies=6
[04:49:36] 🚀 SCRIPT STARTED
[04:49:36] [1/459] MBDC
[04:49:36] 🧠 New identity created
[04:49:37] [2/459] CHKM
[04:49:37] [3/459] JTKZ
[04:49:38] [4/459] CMCT
[04:49:38] [5/459] ASHO
[04:49:39] [6/459] ECDG
[04:49:40] [7/459] SPAT
[04:49:40] [8/459] HILC
[04:49:41] [9/459] SPPH
[04:49:41] [10/459] SBHN
[04:49:42] [11/459] RRCA
[04:49:42] [12/459] APAA
[04:49:43] [13/459] RAME
[04:49:44] [14/459] TMMS
[04:49:45] [15/459] BATK
[04:49:45] [16/459] LKOP
[04:49:46] [17/459] AMTT
[04:49:46] [18/459] PTGK
[04:49:47] [19/459] ANRS
[04:49:47] [20/459] VWBW
[04:49:48] [21/459] SVFG
[04:49:49] [22/459] STAT
[04:49:49] [23/459] GDCV
[04:49:50] [24/459] VEBI
[04:49:51] [25/459] VDSS
[04:49:51] [26/459] NTHV
[04:49:52] [27/459] AOCH
[04:49:53] [28/459] KASR
[04:49:53] [29/459] AYCS
[04:49:54] [30/459] SHAI
[04:49:54] [31/459] SKPE
[04:49:55] [32/459] SBTA
[04:49:55] [33/459] RTTD
[04:49:56] [34/459] CCJD
[04:49:57] [35/459] RSJJ
[04:49:57] [36/459] RKND
[04:49:58] [37/459] SVTX
[04:49:59] [38/459] BAKM
[04:49:59] [39/459] SVDC
[04:50:00] [40/459] MNCV
[04:50:01] [41/459] SJGC
[04:50:01] [42/459] MTPK
[04:50:02] [43/459] GATP
[04:50:03] [44/459] ABTS
[04:50:03] [45/459] ABDE
[04:50:03] [46/459] RCNM
[04:50:04] [47/459] KTHV
[04:50:05] [48/459] MDGJ
[04:50:05] [49/459] SMLM
[04:50:06] [50/459] JTMA
[04:50:07] [51/459] ACKP
[04:50:07] [52/459] SRTA
[04:50:08] [53/459] STAY
[04:50:08] [54/459] MAVO
[04:50:09] [55/459] APTS
[04:50:10] [56/459] OMEA
[04:50:10] [57/459] TTFD
[04:50:11] [58/459] MJCU
[04:50:12] [59/459] CXTE
[04:50:12] [60/459] CTPX
[04:50:13] [61/459] ASSL
[04:50:14] [62/459] CMVB
[04:50:14] [63/459] VPUR
[04:50:15] [64/459] JJDA
[04:50:16] [65/459] INBL
[04:50:16] [66/459] BIKB
[04:50:17] [67/459] NTBB
[04:50:17] [68/459] GLOB
[04:50:18] [69/459] SNTB
[04:50:18] [70/459] CHGV
[04:50:19] [71/459] SSBZ
[04:50:19] [72/459] PRDB
[04:50:20] [73/459] ISMT
[04:50:21] [74/459] MCSD
[04:50:21] [75/459] JBTT
[04:50:22] [76/459] GEKR
[04:50:22] [77/459] PVUN
[04:50:23] [78/459] NRTB
[04:50:23] [79/459] PRAA
[04:50:24] [80/459] PCBL
[04:50:25] [81/459] PTCM
[04:50:25] [82/459] KHNN
[04:50:26] [83/459] OMJE
[04:50:27] [84/459] STGN
[04:50:27] [85/459] RPMS
[04:50:28] [86/459] NWAD
[04:50:29] [87/459] BLCK
[04:50:29] [88/459] SVAA
[04:50:30] [89/459] URVM
[04:50:31] [90/459] ANTM
[04:50:31] [91/459] VJYM
[04:50:32] [92/459] MAZZ
[04:50:32] [93/459] CSHM
[04:50:33] [94/459] WGMH
[04:50:34] [95/459] SALN
[04:50:34] [96/459] BRTP
[04:50:35] [97/459] SVTA
[04:50:36] [98/459] SBTP
[04:50:36] [99/459] VLSS
[04:50:37] [100/459] SRJA
[04:50:37] [101/459] ANCG
[04:50:38] [102/459] CGGC
[04:50:38] [103/459] CRJA
[04:50:39] [104/459] USCR
[04:50:40] [105/459] MMEF
[04:50:41] [106/459] JCRJ
[04:50:41] [107/459] ADCM
[04:50:42] [108/459] BMYK
[04:50:42] [109/459] KICS
[04:50:43] [110/459] MBBT
[04:50:44] [111/459] MACK
[04:50:44] [112/459] CLDR
[04:50:45] [113/459] JYCR
[04:50:45] [114/459] DCRP
[04:50:46] [115/459] RAHT
[04:50:47] [116/459] CSSM
[04:50:47] [117/459] ATPK
[04:50:48] [118/459] KLRT
[04:50:49] [119/459] SRDD
[04:50:49] [120/459] CKMC
[04:50:50] [121/459] KRVM
[04:50:50] [122/459] AKCP
[04:50:51] [123/459] CNCV
[04:50:52] [124/459] PACT
[04:50:52] [125/459] NATP
[04:50:53] [126/459] PCPK
[04:50:54] [127/459] SMHO
[04:50:55] [128/459] CWTK
[04:50:55] [129/459] RVKZ
[04:50:56] [130/459] ASPD
[04:50:56] [131/459] VTKZ
[04:50:57] [132/459] LCSO
[04:50:57] [133/459] PRDY
[04:50:58] [134/459] RCAP
[04:50:59] [135/459] RGAR
[04:50:59] [136/459] RCAC
[04:51:00] [137/459] PMOD
[04:51:00] [138/459] PVCN
[04:51:01] [139/459] SCRZ
[04:51:01] [140/459] PVPC
[04:51:02] [141/459] STID
[04:51:02] [142/459] NEDD
[04:51:03] [143/459] BNBA
[04:51:04] [144/459] NTCD
[04:51:04] [145/459] OCDE
[04:51:05] [146/459] CCDU
[04:51:05] [147/459] CRXH
[04:51:06] [148/459] VLVT
[04:51:07] [149/459] CICI
[04:51:07] [150/459] SUCB
[04:51:08] [151/459] TCBP
[04:51:09] [152/459] SCCY
[04:51:09] [153/459] LXCY
[04:51:10] [154/459] NCMD
[04:51:11] [155/459] PHCS
[04:51:11] [156/459] DUXR
[04:51:12] [157/459] VNKS
[04:51:13] [158/459] SEDP
[04:51:13] [159/459] SVEN
[04:51:14] [160/459] SRKM
[04:51:14] [161/459] JTLT
[04:51:15] [162/459] SVSS
[04:51:16] [163/459] AMDE
[04:51:16] [164/459] WVRN
[04:51:17] [165/459] ISMG
[04:51:18] [166/459] WVKS
[04:51:18] [167/459] USCG
[04:51:19] [168/459] IOTG
[04:51:19] [169/459] RRJM
[04:51:20] [170/459] EDMP
[04:51:20] [171/459] SCGZ
[04:51:21] [172/459] GMGX
[04:51:22] [173/459] OMTP
[04:51:22] [174/459] MITD
[04:51:23] [175/459] SMMD
[04:51:23] [176/459] STML
[04:51:24] [177/459] MCFS
[04:51:25] [178/459] FPKA
[04:51:25] [179/459] OMLR
[04:51:26] [180/459] KKSC
[04:51:26] [181/459] RVMA
[04:51:27] [182/459] SCLL
[04:51:28] [183/459] SCDK
[04:51:28] [184/459] SXMI
[04:51:29] [185/459] SHDN
[04:51:30] [186/459] PAAD
[04:51:31] [187/459] UUCB
[04:51:31] [188/459] JHOL
[04:51:32] [189/459] SGWT
[04:51:33] [190/459] SRII
[04:51:33] [191/459] SGCK
[04:51:34] [192/459] SVVB
[04:51:35] [193/459] DMHA
[04:51:35] [194/459] PPNL
[04:51:36] [195/459] CPNL
[04:51:36] [196/459] WVLD
[04:51:37] [197/459] PSLV
[04:51:37] [198/459] VTTL
[04:51:38] [199/459] NPAD
[04:51:39] [200/459] PVCS
[04:51:39] [201/459] MCHL
[04:51:40] [202/459] PPLL
[04:51:40] [203/459] MALO
[04:51:41] [204/459] SWBH
[04:51:42] [205/459] PUGB
[04:51:42] [206/459] INBB
[04:51:43] [207/459] INNS
[04:51:44] [208/459] MCPT
[04:51:44] [209/459] SCMI
[04:51:45] [210/459] OCON
[04:51:45] [211/459] SCSM
[04:51:46] [212/459] RJVN
[04:51:46] [213/459] AMDK
[04:51:47] [214/459] ISMR
[04:51:47] [215/459] SMTD
[04:51:48] [216/459] VTDD
[04:51:48] [217/459] PDDZ
[04:51:49] [218/459] PCCK
[04:51:50] [219/459] INAM
[04:51:50] [220/459] FNKT
[04:51:51] [221/459] GDKA
[04:51:52] [222/459] MAYU
[04:51:52] [223/459] TCGU
[04:51:53] [224/459] KDCA
[04:51:54] [225/459] DOMY
[04:51:54] [226/459] PDDD
[04:51:55] [227/459] BJTS
[04:51:55] [228/459] VTCA
[04:51:56] [229/459] SBTM
[04:51:56] [230/459] SEET
[04:51:57] [231/459] SSTJ
[04:51:57] [232/459] SVNT
[04:51:58] [233/459] PPPR
[04:51:59] [234/459] PVYS
[04:51:59] [235/459] IOSE
[04:52:00] [236/459] ACTV
[04:52:01] [237/459] APVE
[04:52:01] [238/459] TCCL
[04:52:02] [239/459] SCMO
[04:52:02] [240/459] SAUM
[04:52:03] [241/459] KCJS
[04:52:04] [242/459] NJCJ
[04:52:04] [243/459] NECF
[04:52:05] [244/459] CCGW
[04:52:06] [245/459] CCMG
[04:52:06] [246/459] NYRG
[04:52:07] [247/459] NCSQ
[04:52:07] [248/459] GRCG
[04:52:08] [249/459] CCBT
[04:52:08] [250/459] ACGA
[04:52:09] [251/459] INAG
[04:52:10] [252/459] FUCG
[04:52:10] [253/459] AICF
[04:52:11] [254/459] GRGA
[04:52:12] [255/459] GDCN
[04:52:12] [256/459] RRCG
[04:52:13] [257/459] SDCH
[04:52:13] [258/459] WVJM
[04:52:14] [259/459] JCCZ
[04:52:14] [260/459] CNCL
[04:52:15] [261/459] TMLV
[04:52:16] [262/459] MEMB
[04:52:16] [263/459] SGTD
[04:52:17] [264/459] CONX
[04:52:17] [265/459] CCMH
[04:52:18] [266/459] ACMC
[04:52:19] [267/459] DTPD
[04:52:19] [268/459] POJA
[04:52:20] [269/459] FNBH
[04:52:20] [270/459] CGCB
[04:52:21] [271/459] RACN
[04:52:21] [272/459] JTSM
[04:52:22] [273/459] SCDN
[04:52:22] [274/459] AACK
[04:52:23] [275/459] RMCE
[04:52:23] [276/459] BSGB
[04:52:24] [277/459] MRCB
[04:52:25] [278/459] SRVR
[04:52:25] [279/459] VTKK
[04:52:25] [280/459] AMST
[04:52:26] [281/459] APCY
[04:52:27] [282/459] LMHO
[04:52:27] [283/459] MTZH
[04:52:28] [284/459] AMZB
[04:52:29] [285/459] SUVT
[04:52:29] [286/459] RCIP
[04:52:30] [287/459] KESR
[04:52:31] [288/459] SNKC
[04:52:31] [289/459] SCED
[04:52:32] [290/459] DVCA
[04:52:32] [291/459] VCDT
[04:52:33] [292/459] RRDI
[04:52:34] [293/459] DFCH
[04:52:34] [294/459] INSC
[04:52:35] [295/459] RGTR
[04:52:36] [296/459] FMOT
[04:52:36] [297/459] SCPM
[04:52:37] [298/459] GCDT
[04:52:38] [299/459] BRKT
[04:52:38] [300/459] DEMP
[04:52:39] [301/459] SRLC
[04:52:39] [302/459] KSTT
[04:52:40] [303/459] SMMT
[04:52:41] [304/459] SILM
[04:52:41] [305/459] JCVM
[04:52:42] [306/459] KCSV
[04:52:42] [307/459] MHLK
[04:52:43] [308/459] SLVL
[04:52:44] [309/459] RJKP
[04:52:44] [310/459] BBPC
[04:52:45] [311/459] MXCB
[04:52:45] [312/459] TCPK
[04:52:46] [313/459] RTBR
[04:52:47] [314/459] GAUT
[04:52:47] [315/459] DVCF
[04:52:48] [316/459] JTSB
[04:52:48] [317/459] SBLS
[04:52:49] [318/459] UDAY
[04:52:49] [319/459] PTNP
[04:52:50] [320/459] DMKT
[04:52:50] [321/459] NTDT
[04:52:51] [322/459] SHDJ
[04:52:52] [323/459] OTNC
[04:52:52] [324/459] RNTW
[04:52:53] [325/459] GCMI
[04:52:53] [326/459] CRCM
[04:52:54] [327/459] NNCZ
[04:52:54] [328/459] OEMO
[04:52:55] [329/459] PVJM
[04:52:56] [330/459] CPJI
[04:52:56] [331/459] RMCJ
[04:52:57] [332/459] CNWJ
[04:52:58] [333/459] EPJM
[04:52:58] [334/459] FNJJ
[04:52:59] [335/459] GCMJ
[04:52:59] [336/459] INPS
[04:53:00] [337/459] BICJ
[04:53:01] [338/459] ISTJ
[04:53:01] [339/459] INJC
[04:53:02] [340/459] GLXJ
[04:53:02] [341/459] INEM
[04:53:03] [342/459] JTMN
[04:53:04] [343/459] FRCJ
[04:53:04] [344/459] DDJP
[04:53:04] [345/459] INJV
[04:53:05] [346/459] GOLC
[04:53:06] [347/459] KOCI
[04:53:06] [348/459] FSTD
[04:53:07] [349/459] PACJ
[04:53:07] [350/459] GMCN
[04:53:08] [351/459] MMDJ
[04:53:08] [352/459] GODH
[04:53:09] [353/459] SKYN
[04:53:10] [354/459] NCTH
[04:53:10] [355/459] SKVZ
[04:53:11] [356/459] SVML
[04:53:11] [357/459] ACVZ
[04:53:12] [358/459] SURA
[04:53:12] [359/459] RTRB
[04:53:13] [360/459] LLCT
[04:53:14] [361/459] ATTS
[04:53:14] [362/459] JYCM
[04:53:15] [363/459] CTKR
[04:53:16] [364/459] LCKR
[04:53:16] [365/459] NYCV
[04:53:17] [366/459] NYOH
[04:53:17] [367/459] NOVX
[04:53:18] [368/459] MRGK
[04:53:18] [369/459] MOON
[04:53:19] [370/459] SBUC
[04:53:19] [371/459] GSVA
[04:53:20] [372/459] VIAK
[04:53:21] [373/459] SMVZ
[04:53:21] [374/459] MATE
[04:53:22] [375/459] RDCN
[04:53:22] [376/459] ASBL
[04:53:23] [377/459] ASVS
[04:53:24] [378/459] ASSR
[04:53:24] [379/459] SSKN
[04:53:25] [380/459] DRPV
[04:53:25] [381/459] MRHT
[04:53:26] [382/459] BSCN
[04:53:26] [383/459] RKNX
[04:53:27] [384/459] MSMC
[04:53:27] [385/459] MSCJ
[04:53:28] [386/459] BTBJ
[04:53:29] [387/459] MJCC
[04:53:29] [388/459] IOMM
[04:53:30] [389/459] ADGR
[04:53:30] [390/459] MYCP
[04:53:31] [391/459] IGCM
[04:53:31] [392/459] PGRK
[04:53:32] [393/459] VPGO
[04:53:32] [394/459] KOMS
[04:53:33] [395/459] URGG
[04:53:34] [396/459] GOST
[04:53:35] [397/459] LACT
[04:53:35] [398/459] BWCM
[04:53:36] [399/459] NCCW
[04:53:36] [400/459] SKYC
[04:53:37] [401/459] CCPM
[04:53:38] [402/459] VCBT
[04:53:38] [403/459] SDKR
[04:53:39] [404/459] CTYB
[04:53:39] [405/459] SHCX
[04:53:40] [406/459] RCUN
[04:53:40] [407/459] CNRA
[04:53:41] [408/459] RFCA
[04:53:42] [409/459] RDCU
[04:53:42] [410/459] SARK
[04:53:43] [411/459] SPPP
[04:53:44] [412/459] ADMB
[04:53:44] [413/459] JYOE
[04:53:45] [414/459] SRMD
[04:53:46] [415/459] RJDH
[04:53:46] [416/459] SSTD
[04:53:47] [417/459] AACV
[04:53:48] [418/459] PPVD
[04:53:48] [419/459] STCP
[04:53:49] [420/459] ANJR
[04:53:49] [421/459] ANLS
[04:53:50] [422/459] BIJO
[04:53:51] [423/459] AVAB
[04:53:51] [424/459] SPMD
[04:53:51] [425/459] SVJL
[04:53:52] [426/459] SDDJ
[04:53:53] [427/459] SLTU
[04:53:54] [428/459] SAKA
[04:53:54] [429/459] PMAM
[04:53:54] [430/459] FNAM
[04:53:55] [431/459] ACAM
[04:53:56] [432/459] SCMM
[04:53:56] [433/459] PMAK
[04:53:57] [434/459] NYSA
[04:53:58] [435/459] FCPA
[04:53:58] [436/459] GDAN
[04:53:59] [437/459] RSCA
[04:53:59] [438/459] DMAN
[04:54:00] [439/459] DZCM
[04:54:01] [440/459] NSGL
[04:54:01] [441/459] CCPP
[04:54:02] [442/459] PSMG
[04:54:02] [443/459] GSER
[04:54:03] [444/459] FCCT
[04:54:03] [445/459] FCTB
[04:54:04] [446/459] LCNK
[04:54:04] [447/459] SKTY
[04:54:05] [448/459] INAA
[04:54:06] [449/459] RCWN
[04:54:07] [450/459] VAIS
[04:54:07] [451/459] CVMN
[04:54:08] [452/459] INTS
[04:54:08] [453/459] FRGS
[04:54:09] [454/459] DTCK
[04:54:10] [455/459] MCMH
[04:54:10] [456/459] ECRR
[04:54:11] [457/459] RLLP
[04:54:12] [458/459] CCSN
[04:54:12] [459/459] CCBA
[04:54:13] 🧹 Deduping shows
[04:54:13] ✅ DONE | Shows=216 | Movies=14
[12:03:00] 🚀 SCRIPT STARTED
[12:03:00] [1/459] MBDC
[12:03:00] 🧠 New identity created
[12:03:01] [2/459] CHKM
[12:03:02] [3/459] JTKZ
[12:03:03] [4/459] CMCT
[12:03:03] [5/459] ASHO
[12:03:04] [6/459] ECDG
[12:03:05] [7/459] SPAT
[12:03:06] [8/459] HILC
[12:03:07] [9/459] SPPH
[12:03:08] [10/459] SBHN
[12:03:09] [11/459] RRCA
[12:03:09] [12/459] APAA
[12:03:10] [13/459] RAME
[12:03:11] [14/459] TMMS
[12:03:13] [15/459] BATK
[12:03:14] [16/459] LKOP
[12:03:14] [17/459] AMTT
[12:03:15] [18/459] PTGK
[12:03:16] [19/459] ANRS
[12:03:18] [20/459] VWBW
[12:03:19] [21/459] SVFG
[12:03:20] [22/459] STAT
[12:03:20] [23/459] GDCV
[12:03:21] [24/459] VEBI
[12:03:22] [25/459] VDSS
[12:03:23] [26/459] NTHV
[12:03:24] [27/459] AOCH
[12:03:24] [28/459] KASR
[12:03:25] [29/459] AYCS
[12:03:26] [30/459] SHAI
[12:03:27] [31/459] SKPE
[12:03:28] [32/459] SBTA
[12:03:30] [33/459] RTTD
[12:03:31] [34/459] CCJD
[12:03:32] [35/459] RSJJ
[12:03:33] [36/459] RKND
[12:03:34] [37/459] SVTX
[12:03:35] [38/459] BAKM
[12:03:35] [39/459] SVDC
[12:03:37] [40/459] MNCV
[12:03:38] [41/459] SJGC
[12:03:38] [42/459] MTPK
[12:03:39] [43/459] GATP
[12:03:40] [44/459] ABTS
[12:03:41] [45/459] ABDE
[12:03:42] [46/459] RCNM
[12:03:43] [47/459] KTHV
[12:03:44] [48/459] MDGJ
[12:03:45] [49/459] SMLM
[12:03:46] [50/459] JTMA
[12:03:47] [51/459] ACKP
[12:03:48] [52/459] SRTA
[12:03:49] [53/459] STAY
[12:03:50] [54/459] MAVO
[12:03:51] [55/459] APTS
[12:03:51] [56/459] OMEA
[12:03:52] [57/459] TTFD
[12:03:53] [58/459] MJCU
[12:03:54] [59/459] CXTE
[12:03:54] [60/459] CTPX
[12:03:55] [61/459] ASSL
[12:03:56] [62/459] CMVB
[12:03:57] [63/459] VPUR
[12:03:58] [64/459] JJDA
[12:03:59] [65/459] INBL
[12:04:00] [66/459] BIKB
[12:04:01] [67/459] NTBB
[12:04:01] [68/459] GLOB
[12:04:03] [69/459] SNTB
[12:04:04] [70/459] CHGV
[12:04:05] [71/459] SSBZ
[12:04:06] [72/459] PRDB
[12:04:06] [73/459] ISMT
[12:04:07] [74/459] MCSD
[12:04:08] [75/459] JBTT
[12:04:09] [76/459] GEKR
[12:04:10] [77/459] PVUN
[12:04:11] [78/459] NRTB
[12:04:12] [79/459] PRAA
[12:04:13] [80/459] PCBL
[12:04:13] [81/459] PTCM
[12:04:14] [82/459] KHNN
[12:04:15] [83/459] OMJE
[12:04:16] [84/459] STGN
[12:04:16] [85/459] RPMS
[12:04:18] [86/459] NWAD
[12:04:19] [87/459] BLCK
[12:04:21] [88/459] SVAA
[12:04:22] [89/459] URVM
[12:04:23] [90/459] ANTM
[12:04:24] [91/459] VJYM
[12:04:25] [92/459] MAZZ
[12:04:26] [93/459] CSHM
[12:04:27] [94/459] WGMH
[12:04:28] [95/459] SALN
[12:04:29] [96/459] BRTP
[12:04:30] [97/459] SVTA
[12:04:31] [98/459] SBTP
[12:04:32] [99/459] VLSS
[12:04:33] [100/459] SRJA
[12:04:34] [101/459] ANCG
[12:04:34] [102/459] CGGC
[12:04:35] [103/459] CRJA
[12:04:36] [104/459] USCR
[12:04:37] [105/459] MMEF
[12:04:38] [106/459] JCRJ
[12:04:39] [107/459] ADCM
[12:04:40] [108/459] BMYK
[12:04:40] [109/459] KICS
[12:04:41] [110/459] MBBT
[12:04:42] [111/459] MACK
[12:04:43] [112/459] CLDR
[12:04:44] [113/459] JYCR
[12:04:44] [114/459] DCRP
[12:04:45] [115/459] RAHT
[12:04:46] [116/459] CSSM
[12:04:47] [117/459] ATPK
[12:04:48] [118/459] KLRT
[12:04:49] [119/459] SRDD
[12:04:49] [120/459] CKMC
[12:04:50] [121/459] KRVM
[12:04:51] [122/459] AKCP
[12:04:52] [123/459] CNCV
[12:04:52] [124/459] PACT
[12:04:53] [125/459] NATP
[12:04:54] [126/459] PCPK
[12:04:55] [127/459] SMHO
[12:04:56] [128/459] CWTK
[12:04:57] [129/459] RVKZ
[12:04:58] [130/459] ASPD
[12:04:58] [131/459] VTKZ
[12:04:59] [132/459] LCSO
[12:05:01] [133/459] PRDY
[12:05:02] [134/459] RCAP
[12:05:03] [135/459] RGAR
[12:05:03] [136/459] RCAC
[12:05:04] [137/459] PMOD
[12:05:05] [138/459] PVCN
[12:05:06] [139/459] SCRZ
[12:05:07] [140/459] PVPC
[12:05:08] [141/459] STID
[12:05:09] [142/459] NEDD
[12:05:10] [143/459] BNBA
[12:05:10] [144/459] NTCD
[12:05:12] [145/459] OCDE
[12:05:13] [146/459] CCDU
[12:05:14] [147/459] CRXH
[12:05:15] [148/459] VLVT
[12:05:16] [149/459] CICI
[12:05:17] [150/459] SUCB
[12:05:18] [151/459] TCBP
[12:05:19] [152/459] SCCY
[12:05:20] [153/459] LXCY
[12:05:21] [154/459] NCMD
[12:05:22] [155/459] PHCS
[12:05:22] [156/459] DUXR
[12:05:23] [157/459] VNKS
[12:05:24] [158/459] SEDP
[12:05:25] [159/459] SVEN
[12:05:26] [160/459] SRKM
[12:05:28] [161/459] JTLT
[12:05:28] [162/459] SVSS
[12:05:29] [163/459] AMDE
[12:05:30] [164/459] WVRN
[12:05:31] [165/459] ISMG
[12:05:32] [166/459] WVKS
[12:05:32] [167/459] USCG
[12:05:33] [168/459] IOTG
[12:05:34] [169/459] RRJM
[12:05:35] [170/459] EDMP
[12:05:36] [171/459] SCGZ
[12:05:37] [172/459] GMGX
[12:05:38] [173/459] OMTP
[12:05:39] [174/459] MITD
[12:05:40] [175/459] SMMD
[12:05:41] [176/459] STML
[12:05:42] [177/459] MCFS
[12:05:43] [178/459] FPKA
[12:05:44] [179/459] OMLR
[12:05:44] [180/459] KKSC
[12:05:45] [181/459] RVMA
[12:05:46] [182/459] SCLL
[12:05:47] [183/459] SCDK
[12:05:48] [184/459] SXMI
[12:05:49] [185/459] SHDN
[12:05:50] [186/459] PAAD
[12:05:51] [187/459] UUCB
[12:05:52] [188/459] JHOL
[12:05:52] [189/459] SGWT
[12:05:53] [190/459] SRII
[12:05:54] [191/459] SGCK
[12:05:55] [192/459] SVVB
[12:05:56] [193/459] DMHA
[12:05:56] [194/459] PPNL
[12:05:57] [195/459] CPNL
[12:05:58] [196/459] WVLD
[12:05:59] [197/459] PSLV
[12:06:00] [198/459] VTTL
[12:06:00] [199/459] NPAD
[12:06:01] [200/459] PVCS
[12:06:02] [201/459] MCHL
[12:06:03] [202/459] PPLL
[12:06:04] [203/459] MALO
[12:06:05] [204/459] SWBH
[12:06:05] [205/459] PUGB
[12:06:06] [206/459] INBB
[12:06:07] [207/459] INNS
[12:06:08] [208/459] MCPT
[12:06:09] [209/459] SCMI
[12:06:10] [210/459] OCON
[12:06:11] [211/459] SCSM
[12:06:12] [212/459] RJVN
[12:06:12] [213/459] AMDK
[12:06:13] [214/459] ISMR
[12:06:14] [215/459] SMTD
[12:06:15] [216/459] VTDD
[12:06:16] [217/459] PDDZ
[12:06:16] [218/459] PCCK
[12:06:17] [219/459] INAM
[12:06:18] [220/459] FNKT
[12:06:19] [221/459] GDKA
[12:06:20] [222/459] MAYU
[12:06:21] [223/459] TCGU
[12:06:21] [224/459] KDCA
[12:06:23] [225/459] DOMY
[12:06:24] [226/459] PDDD
[12:06:25] [227/459] BJTS
[12:06:26] [228/459] VTCA
[12:06:26] [229/459] SBTM
[12:06:27] [230/459] SEET
[12:06:28] [231/459] SSTJ
[12:06:29] [232/459] SVNT
[12:06:30] [233/459] PPPR
[12:06:31] [234/459] PVYS
[12:06:32] [235/459] IOSE
[12:06:33] [236/459] ACTV
[12:06:34] [237/459] APVE
[12:06:35] [238/459] TCCL
[12:06:36] [239/459] SCMO
[12:06:37] [240/459] SAUM
[12:06:37] [241/459] KCJS
[12:06:38] [242/459] NJCJ
[12:06:39] [243/459] NECF
[12:06:40] [244/459] CCGW
[12:06:41] [245/459] CCMG
[12:06:43] [246/459] NYRG
[12:06:44] [247/459] NCSQ
[12:06:44] [248/459] GRCG
[12:06:45] [249/459] CCBT
[12:06:46] [250/459] ACGA
[12:06:47] [251/459] INAG
[12:06:48] [252/459] FUCG
[12:06:49] [253/459] AICF
[12:06:50] [254/459] GRGA
[12:06:51] [255/459] GDCN
[12:06:52] [256/459] RRCG
[12:06:52] [257/459] SDCH
[12:06:53] [258/459] WVJM
[12:06:54] [259/459] JCCZ
[12:06:55] [260/459] CNCL
[12:06:56] [261/459] TMLV
[12:06:56] [262/459] MEMB
[12:06:57] [263/459] SGTD
[12:06:58] [264/459] CONX
[12:06:59] [265/459] CCMH
[12:07:00] [266/459] ACMC
[12:07:00] [267/459] DTPD
[12:07:01] [268/459] POJA
[12:07:02] [269/459] FNBH
[12:07:03] [270/459] CGCB
[12:07:04] [271/459] RACN
[12:07:05] [272/459] JTSM
[12:07:06] [273/459] SCDN
[12:07:07] [274/459] AACK
[12:07:08] [275/459] RMCE
[12:07:09] [276/459] BSGB
[12:07:10] [277/459] MRCB
[12:07:10] [278/459] SRVR
[12:07:11] [279/459] VTKK
[12:07:12] [280/459] AMST
[12:07:13] [281/459] APCY
[12:07:14] [282/459] LMHO
[12:07:15] [283/459] MTZH
[12:07:15] [284/459] AMZB
[12:07:16] [285/459] SUVT
[12:07:17] [286/459] RCIP
[12:07:18] [287/459] KESR
[12:07:18] [288/459] SNKC
[12:07:19] [289/459] SCED
[12:07:20] [290/459] DVCA
[12:07:21] [291/459] VCDT
[12:07:21] [292/459] RRDI
[12:07:22] [293/459] DFCH
[12:07:24] [294/459] INSC
[12:07:25] [295/459] RGTR
[12:07:26] [296/459] FMOT
[12:07:27] [297/459] SCPM
[12:07:27] [298/459] GCDT
[12:07:28] [299/459] BRKT
[12:07:29] [300/459] DEMP
[12:07:30] [301/459] SRLC
[12:07:31] [302/459] KSTT
[12:07:31] [303/459] SMMT
[12:07:32] [304/459] SILM
[12:07:33] [305/459] JCVM
[12:07:34] [306/459] KCSV
[12:07:35] [307/459] MHLK
[12:07:36] [308/459] SLVL
[12:07:37] [309/459] RJKP
[12:07:38] [310/459] BBPC
[12:07:39] [311/459] MXCB
[12:07:39] [312/459] TCPK
[12:07:40] [313/459] RTBR
[12:07:42] [314/459] GAUT
[12:07:42] [315/459] DVCF
[12:07:43] [316/459] JTSB
[12:07:44] [317/459] SBLS
[12:07:45] [318/459] UDAY
[12:07:46] [319/459] PTNP
[12:07:46] [320/459] DMKT
[12:07:47] [321/459] NTDT
[12:07:48] [322/459] SHDJ
[12:07:49] [323/459] OTNC
[12:07:50] [324/459] RNTW
[12:07:51] [325/459] GCMI
[12:07:52] [326/459] CRCM
[12:07:53] [327/459] NNCZ
[12:07:55] [328/459] OEMO
[12:07:55] [329/459] PVJM
[12:07:56] [330/459] CPJI
[12:07:58] [331/459] RMCJ
[12:07:58] [332/459] CNWJ
[12:07:59] [333/459] EPJM
[12:08:00] [334/459] FNJJ
[12:08:01] [335/459] GCMJ
[12:08:03] [336/459] INPS
[12:08:04] [337/459] BICJ
[12:08:04] [338/459] ISTJ
[12:08:06] [339/459] INJC
[12:08:08] [340/459] GLXJ
[12:08:09] [341/459] INEM
[12:08:09] [342/459] JTMN
[12:08:10] [343/459] FRCJ
[12:08:11] [344/459] DDJP
[12:08:12] [345/459] INJV
[12:08:12] [346/459] GOLC
[12:08:13] [347/459] KOCI
[12:08:14] [348/459] FSTD
[12:08:15] [349/459] PACJ
[12:08:15] [350/459] GMCN
[12:08:16] [351/459] MMDJ
[12:08:18] [352/459] GODH
[12:08:19] [353/459] SKYN
[12:08:20] [354/459] NCTH
[12:08:22] [355/459] SKVZ
[12:08:22] [356/459] SVML
[12:08:23] [357/459] ACVZ
[12:08:24] [358/459] SURA
[12:08:25] [359/459] RTRB
[12:08:26] [360/459] LLCT
[12:08:26] [361/459] ATTS
[12:08:27] [362/459] JYCM
[12:08:29] [363/459] CTKR
[12:08:30] [364/459] LCKR
[12:08:31] [365/459] NYCV
[12:08:31] [366/459] NYOH
[12:08:32] [367/459] NOVX
[12:08:33] [368/459] MRGK
[12:08:34] [369/459] MOON
[12:08:35] [370/459] SBUC
[12:08:36] [371/459] GSVA
[12:08:37] [372/459] VIAK
[12:08:38] [373/459] SMVZ
[12:08:39] [374/459] MATE
[12:08:40] [375/459] RDCN
[12:08:41] [376/459] ASBL
[12:08:41] [377/459] ASVS
[12:08:42] [378/459] ASSR
[12:08:43] [379/459] SSKN
[12:08:44] [380/459] DRPV
[12:08:45] [381/459] MRHT
[12:08:45] [382/459] BSCN
[12:08:46] [383/459] RKNX
[12:08:47] [384/459] MSMC
[12:08:48] [385/459] MSCJ
[12:08:49] [386/459] BTBJ
[12:08:50] [387/459] MJCC
[12:08:51] [388/459] IOMM
[12:08:51] [389/459] ADGR
[12:08:53] [390/459] MYCP
[12:08:53] [391/459] IGCM
[12:08:55] [392/459] PGRK
[12:08:57] [393/459] VPGO
[12:08:58] [394/459] KOMS
[12:08:58] [395/459] URGG
[12:08:59] [396/459] GOST
[12:09:00] [397/459] LACT
[12:09:01] [398/459] BWCM
[12:09:02] [399/459] NCCW
[12:09:03] [400/459] SKYC
[12:09:03] [401/459] CCPM
[12:09:04] [402/459] VCBT
[12:09:05] [403/459] SDKR
[12:09:06] [404/459] CTYB
[12:09:07] [405/459] SHCX
[12:09:09] [406/459] RCUN
[12:09:10] [407/459] CNRA
[12:09:12] [408/459] RFCA
[12:09:13] [409/459] RDCU
[12:09:14] [410/459] SARK
[12:09:15] [411/459] SPPP
[12:09:16] [412/459] ADMB
[12:09:16] [413/459] JYOE
[12:09:17] [414/459] SRMD
[12:09:18] [415/459] RJDH
[12:09:19] [416/459] SSTD
[12:09:20] [417/459] AACV
[12:09:20] [418/459] PPVD
[12:09:22] [419/459] STCP
[12:09:23] [420/459] ANJR
[12:09:24] [421/459] ANLS
[12:09:26] [422/459] BIJO
[12:09:28] [423/459] AVAB
[12:09:30] [424/459] SPMD
[12:09:30] [425/459] SVJL
[12:09:31] [426/459] SDDJ
[12:09:32] [427/459] SLTU
[12:09:33] [428/459] SAKA
[12:09:34] [429/459] PMAM
[12:09:35] [430/459] FNAM
[12:09:35] [431/459] ACAM
[12:09:36] [432/459] SCMM
[12:09:37] [433/459] PMAK
[12:09:38] [434/459] NYSA
[12:09:39] [435/459] FCPA
[12:09:40] [436/459] GDAN
[12:09:41] [437/459] RSCA
[12:09:42] [438/459] DMAN
[12:09:42] [439/459] DZCM
[12:09:43] [440/459] NSGL
[12:09:45] [441/459] CCPP
[12:09:46] [442/459] PSMG
[12:09:46] [443/459] GSER
[12:09:47] [444/459] FCCT
[12:09:48] [445/459] FCTB
[12:09:49] [446/459] LCNK
[12:09:50] [447/459] SKTY
[12:09:51] [448/459] INAA
[12:09:51] [449/459] RCWN
[12:09:52] [450/459] VAIS
[12:09:53] [451/459] CVMN
[12:09:54] [452/459] INTS
[12:09:55] [453/459] FRGS
[12:09:56] [454/459] DTCK
[12:09:56] [455/459] MCMH
[12:09:58] [456/459] ECRR
[12:09:59] [457/459] RLLP
[12:10:00] [458/459] CCSN
[12:10:00] [459/459] CCBA
[12:10:01] 🧹 Deduping shows
[12:10:01] ✅ DONE | Shows=277 | Movies=16
[19:07:36] 🚀 SCRIPT STARTED
[19:07:36] [1/459] MBDC
[19:07:36] 🧠 New identity created
[19:07:37] [2/459] CHKM
[19:07:38] [3/459] JTKZ
[19:07:39] [4/459] CMCT
[19:07:40] [5/459] ASHO
[19:07:41] [6/459] ECDG
[19:07:41] [7/459] SPAT
[19:07:42] [8/459] HILC
[19:07:43] [9/459] SPPH
[19:07:44] [10/459] SBHN
[19:07:45] [11/459] RRCA
[19:07:46] [12/459] APAA
[19:07:47] [13/459] RAME
[19:07:48] [14/459] TMMS
[19:07:49] [15/459] BATK
[19:07:50] [16/459] LKOP
[19:07:51] [17/459] AMTT
[19:07:52] [18/459] PTGK
[19:07:53] [19/459] ANRS
[19:07:54] [20/459] VWBW
[19:07:55] [21/459] SVFG
[19:07:56] [22/459] STAT
[19:07:57] [23/459] GDCV
[19:07:59] [24/459] VEBI
[19:08:00] [25/459] VDSS
[19:08:01] [26/459] NTHV
[19:08:02] [27/459] AOCH
[19:08:02] [28/459] KASR
[19:08:03] [29/459] AYCS
[19:08:04] [30/459] SHAI
[19:08:05] [31/459] SKPE
[19:08:06] [32/459] SBTA
[19:08:07] [33/459] RTTD
[19:08:08] [34/459] CCJD
[19:08:10] [35/459] RSJJ
[19:08:11] [36/459] RKND
[19:08:12] [37/459] SVTX
[19:08:13] [38/459] BAKM
[19:08:14] [39/459] SVDC
[19:08:15] [40/459] MNCV
[19:08:16] [41/459] SJGC
[19:08:17] [42/459] MTPK
[19:08:18] [43/459] GATP
[19:08:19] [44/459] ABTS
[19:08:19] [45/459] ABDE
[19:08:20] [46/459] RCNM
[19:08:21] [47/459] KTHV
[19:08:22] [48/459] MDGJ
[19:08:22] [49/459] SMLM
[19:08:23] [50/459] JTMA
[19:08:24] [51/459] ACKP
[19:08:25] [52/459] SRTA
[19:08:25] [53/459] STAY
[19:08:26] [54/459] MAVO
[19:08:27] [55/459] APTS
[19:08:28] [56/459] OMEA
[19:08:29] [57/459] TTFD
[19:08:30] [58/459] MJCU
[19:08:31] [59/459] CXTE
[19:08:32] [60/459] CTPX
[19:08:32] [61/459] ASSL
[19:08:34] [62/459] CMVB
[19:08:35] [63/459] VPUR
[19:08:36] [64/459] JJDA
[19:08:37] [65/459] INBL
[19:08:37] [66/459] BIKB
[19:08:38] [67/459] NTBB
[19:08:39] [68/459] GLOB
[19:08:40] [69/459] SNTB
[19:08:40] [70/459] CHGV
[19:08:41] [71/459] SSBZ
[19:08:42] [72/459] PRDB
[19:08:44] [73/459] ISMT
[19:08:45] [74/459] MCSD
[19:08:45] [75/459] JBTT
[19:08:47] [76/459] GEKR
[19:08:48] [77/459] PVUN
[19:08:48] [78/459] NRTB
[19:08:49] [79/459] PRAA
[19:08:50] [80/459] PCBL
[19:08:52] [81/459] PTCM
[19:08:53] [82/459] KHNN
[19:08:54] [83/459] OMJE
[19:08:55] [84/459] STGN
[19:08:56] [85/459] RPMS
[19:08:57] [86/459] NWAD
[19:08:57] [87/459] BLCK
[19:08:58] [88/459] SVAA
[19:08:59] [89/459] URVM
[19:09:00] [90/459] ANTM
[19:09:01] [91/459] VJYM
[19:09:02] [92/459] MAZZ
[19:09:03] [93/459] CSHM
[19:09:04] [94/459] WGMH
[19:09:05] [95/459] SALN
[19:09:06] [96/459] BRTP
[19:09:06] [97/459] SVTA
[19:09:08] [98/459] SBTP
[19:09:09] [99/459] VLSS
[19:09:09] [100/459] SRJA
[19:09:10] [101/459] ANCG
[19:09:11] [102/459] CGGC
[19:09:12] [103/459] CRJA
[19:09:13] [104/459] USCR
[19:09:14] [105/459] MMEF
[19:09:15] [106/459] JCRJ
[19:09:16] [107/459] ADCM
[19:09:16] [108/459] BMYK
[19:09:17] [109/459] KICS
[19:09:19] [110/459] MBBT
[19:09:19] [111/459] MACK
[19:09:20] [112/459] CLDR
[19:09:21] [113/459] JYCR
[19:09:22] [114/459] DCRP
[19:09:23] [115/459] RAHT
[19:09:24] [116/459] CSSM
[19:09:25] [117/459] ATPK
[19:09:25] [118/459] KLRT
[19:09:26] [119/459] SRDD
[19:09:27] [120/459] CKMC
[19:09:28] [121/459] KRVM
[19:09:29] [122/459] AKCP
[19:09:30] [123/459] CNCV
[19:09:30] [124/459] PACT
[19:09:31] [125/459] NATP
[19:09:32] [126/459] PCPK
[19:09:33] [127/459] SMHO
[19:09:34] [128/459] CWTK
[19:09:35] [129/459] RVKZ
[19:09:36] [130/459] ASPD
[19:09:37] [131/459] VTKZ
[19:09:37] [132/459] LCSO
[19:09:38] [133/459] PRDY
[19:09:39] [134/459] RCAP
[19:09:39] [135/459] RGAR
[19:09:40] [136/459] RCAC
[19:09:41] [137/459] PMOD
[19:09:42] [138/459] PVCN
[19:09:45] [139/459] SCRZ
[19:09:46] [140/459] PVPC
[19:09:47] [141/459] STID
[19:09:48] [142/459] NEDD
[19:09:49] [143/459] BNBA
[19:09:50] [144/459] NTCD
[19:09:51] [145/459] OCDE
[19:09:51] [146/459] CCDU
[19:09:52] [147/459] CRXH
[19:09:53] [148/459] VLVT
[19:09:54] [149/459] CICI
[19:09:55] [150/459] SUCB
[19:09:56] [151/459] TCBP
[19:09:57] [152/459] SCCY
[19:09:57] [153/459] LXCY
[19:10:00] [154/459] NCMD
[19:10:01] [155/459] PHCS
[19:10:02] [156/459] DUXR
[19:10:03] [157/459] VNKS
[19:10:03] [158/459] SEDP
[19:10:04] [159/459] SVEN
[19:10:06] [160/459] SRKM
[19:10:07] [161/459] JTLT
[19:10:08] [162/459] SVSS
[19:10:09] [163/459] AMDE
[19:10:10] [164/459] WVRN
[19:10:11] [165/459] ISMG
[19:10:12] [166/459] WVKS
[19:10:13] [167/459] USCG
[19:10:14] [168/459] IOTG
[19:10:15] [169/459] RRJM
[19:10:16] [170/459] EDMP
[19:10:17] [171/459] SCGZ
[19:10:18] [172/459] GMGX
[19:10:19] [173/459] OMTP
[19:10:20] [174/459] MITD
[19:10:20] [175/459] SMMD
[19:10:21] [176/459] STML
[19:10:22] [177/459] MCFS
[19:10:23] [178/459] FPKA
[19:10:24] [179/459] OMLR
[19:10:25] [180/459] KKSC
[19:10:26] [181/459] RVMA
[19:10:27] [182/459] SCLL
[19:10:28] [183/459] SCDK
[19:10:29] [184/459] SXMI
[19:10:30] [185/459] SHDN
[19:10:30] [186/459] PAAD
[19:10:31] [187/459] UUCB
[19:10:32] [188/459] JHOL
[19:10:33] [189/459] SGWT
[19:10:34] [190/459] SRII
[19:10:35] [191/459] SGCK
[19:10:36] [192/459] SVVB
[19:10:37] [193/459] DMHA
[19:10:38] [194/459] PPNL
[19:10:39] [195/459] CPNL
[19:10:40] [196/459] WVLD
[19:10:41] [197/459] PSLV
[19:10:42] [198/459] VTTL
[19:10:43] [199/459] NPAD
[19:10:44] [200/459] PVCS
[19:10:45] [201/459] MCHL
[19:10:46] [202/459] PPLL
[19:10:46] [203/459] MALO
[19:10:47] [204/459] SWBH
[19:10:48] [205/459] PUGB
[19:10:50] [206/459] INBB
[19:10:50] [207/459] INNS
[19:10:51] [208/459] MCPT
[19:10:52] [209/459] SCMI
[19:10:53] [210/459] OCON
[19:10:54] [211/459] SCSM
[19:10:54] [212/459] RJVN
[19:10:55] [213/459] AMDK
[19:10:56] [214/459] ISMR
[19:10:57] [215/459] SMTD
[19:10:57] [216/459] VTDD
[19:10:58] [217/459] PDDZ
[19:10:59] [218/459] PCCK
[19:11:00] [219/459] INAM
[19:11:01] [220/459] FNKT
[19:11:01] [221/459] GDKA
[19:11:02] [222/459] MAYU
[19:11:03] [223/459] TCGU
[19:11:04] [224/459] KDCA
[19:11:05] [225/459] DOMY
[19:11:05] [226/459] PDDD
[19:11:06] [227/459] BJTS
[19:11:07] [228/459] VTCA
[19:11:08] [229/459] SBTM
[19:11:09] [230/459] SEET
[19:11:10] [231/459] SSTJ
[19:11:11] [232/459] SVNT
[19:11:12] [233/459] PPPR
[19:11:13] [234/459] PVYS
[19:11:14] [235/459] IOSE
[19:11:15] [236/459] ACTV
[19:11:16] [237/459] APVE
[19:11:17] [238/459] TCCL
[19:11:18] [239/459] SCMO
[19:11:18] [240/459] SAUM
[19:11:19] [241/459] KCJS
[19:11:20] [242/459] NJCJ
[19:11:21] [243/459] NECF
[19:11:22] [244/459] CCGW
[19:11:23] [245/459] CCMG
[19:11:25] [246/459] NYRG
[19:11:26] [247/459] NCSQ
[19:11:27] [248/459] GRCG
[19:11:28] [249/459] CCBT
[19:11:28] [250/459] ACGA
[19:11:29] [251/459] INAG
[19:11:30] [252/459] FUCG
[19:11:31] [253/459] AICF
[19:11:32] [254/459] GRGA
[19:11:32] [255/459] GDCN
[19:11:33] [256/459] RRCG
[19:11:35] [257/459] SDCH
[19:11:36] [258/459] WVJM
[19:11:37] [259/459] JCCZ
[19:11:38] [260/459] CNCL
[19:11:39] [261/459] TMLV
[19:11:39] [262/459] MEMB
[19:11:41] [263/459] SGTD
[19:11:42] [264/459] CONX
[19:11:43] [265/459] CCMH
[19:11:44] [266/459] ACMC
[19:11:45] [267/459] DTPD
[19:11:46] [268/459] POJA
[19:11:46] [269/459] FNBH
[19:11:47] [270/459] CGCB
[19:11:48] [271/459] RACN
[19:11:49] [272/459] JTSM
[19:11:51] [273/459] SCDN
[19:11:52] [274/459] AACK
[19:11:53] [275/459] RMCE
[19:11:54] [276/459] BSGB
[19:11:55] [277/459] MRCB
[19:11:55] [278/459] SRVR
[19:11:56] [279/459] VTKK
[19:11:57] [280/459] AMST
[19:11:58] [281/459] APCY
[19:11:59] [282/459] LMHO
[19:12:00] [283/459] MTZH
[19:12:00] [284/459] AMZB
[19:12:01] [285/459] SUVT
[19:12:02] [286/459] RCIP
[19:12:03] [287/459] KESR
[19:12:04] [288/459] SNKC
[19:12:05] [289/459] SCED
[19:12:05] [290/459] DVCA
[19:12:06] [291/459] VCDT
[19:12:07] [292/459] RRDI
[19:12:08] [293/459] DFCH
[19:12:09] [294/459] INSC
[19:12:10] [295/459] RGTR
[19:12:10] [296/459] FMOT
[19:12:11] [297/459] SCPM
[19:12:12] [298/459] GCDT
[19:12:13] [299/459] BRKT
[19:12:14] [300/459] DEMP
[19:12:15] [301/459] SRLC
[19:12:15] [302/459] KSTT
[19:12:16] [303/459] SMMT
[19:12:17] [304/459] SILM
[19:12:18] [305/459] JCVM
[19:12:18] [306/459] KCSV
[19:12:19] [307/459] MHLK
[19:12:20] [308/459] SLVL
[19:12:21] [309/459] RJKP
[19:12:22] [310/459] BBPC
[19:12:22] [311/459] MXCB
[19:12:23] [312/459] TCPK
[19:12:24] [313/459] RTBR
[19:12:25] [314/459] GAUT
[19:12:26] [315/459] DVCF
[19:12:27] [316/459] JTSB
[19:12:28] [317/459] SBLS
[19:12:30] [318/459] UDAY
[19:12:30] [319/459] PTNP
[19:12:32] [320/459] DMKT
[19:12:33] [321/459] NTDT
[19:12:34] [322/459] SHDJ
[19:12:35] [323/459] OTNC
[19:12:35] [324/459] RNTW
[19:12:36] [325/459] GCMI
[19:12:37] [326/459] CRCM
[19:12:38] [327/459] NNCZ
[19:12:39] [328/459] OEMO
[19:12:40] [329/459] PVJM
[19:12:41] [330/459] CPJI
[19:12:42] [331/459] RMCJ
[19:12:43] [332/459] CNWJ
[19:12:44] [333/459] EPJM
[19:12:45] [334/459] FNJJ
[19:12:46] [335/459] GCMJ
[19:12:47] [336/459] INPS
[19:12:47] [337/459] BICJ
[19:12:48] [338/459] ISTJ
[19:12:49] [339/459] INJC
[19:12:50] [340/459] GLXJ
[19:12:52] [341/459] INEM
[19:12:53] [342/459] JTMN
[19:12:53] [343/459] FRCJ
[19:12:54] [344/459] DDJP
[19:12:55] [345/459] INJV
[19:12:56] [346/459] GOLC
[19:12:57] [347/459] KOCI
[19:12:58] [348/459] FSTD
[19:12:59] [349/459] PACJ
[19:13:00] [350/459] GMCN
[19:13:01] [351/459] MMDJ
[19:13:02] [352/459] GODH
[19:13:02] [353/459] SKYN
[19:13:04] [354/459] NCTH
[19:13:05] [355/459] SKVZ
[19:13:06] [356/459] SVML
[19:13:07] [357/459] ACVZ
[19:13:08] [358/459] SURA
[19:13:09] [359/459] RTRB
[19:13:10] [360/459] LLCT
[19:13:11] [361/459] ATTS
[19:13:12] [362/459] JYCM
[19:13:13] [363/459] CTKR
[19:13:14] [364/459] LCKR
[19:13:14] [365/459] NYCV
[19:13:15] [366/459] NYOH
[19:13:16] [367/459] NOVX
[19:13:17] [368/459] MRGK
[19:13:18] [369/459] MOON
[19:13:19] [370/459] SBUC
[19:13:20] [371/459] GSVA
[19:13:21] [372/459] VIAK
[19:13:22] [373/459] SMVZ
[19:13:24] [374/459] MATE
[19:13:25] [375/459] RDCN
[19:13:26] [376/459] ASBL
[19:13:26] [377/459] ASVS
[19:13:27] [378/459] ASSR
[19:13:28] [379/459] SSKN
[19:13:29] [380/459] DRPV
[19:13:30] [381/459] MRHT
[19:13:31] [382/459] BSCN
[19:13:32] [383/459] RKNX
[19:13:33] [384/459] MSMC
[19:13:34] [385/459] MSCJ
[19:13:34] [386/459] BTBJ
[19:13:36] [387/459] MJCC
[19:13:37] [388/459] IOMM
[19:13:38] [389/459] ADGR
[19:13:39] [390/459] MYCP
[19:13:40] [391/459] IGCM
[19:13:41] [392/459] PGRK
[19:13:42] [393/459] VPGO
[19:13:42] [394/459] KOMS
[19:13:43] [395/459] URGG
[19:13:44] [396/459] GOST
[19:13:45] [397/459] LACT
[19:13:46] [398/459] BWCM
[19:13:47] [399/459] NCCW
[19:13:48] [400/459] SKYC
[19:13:49] [401/459] CCPM
[19:13:49] [402/459] VCBT
[19:13:50] [403/459] SDKR
[19:13:51] [404/459] CTYB
[19:13:52] [405/459] SHCX
[19:13:53] [406/459] RCUN
[19:13:54] [407/459] CNRA
[19:13:54] [408/459] RFCA
[19:13:56] [409/459] RDCU
[19:13:57] [410/459] SARK
[19:13:58] [411/459] SPPP
[19:13:58] [412/459] ADMB
[19:13:59] [413/459] JYOE
[19:14:00] [414/459] SRMD
[19:14:01] [415/459] RJDH
[19:14:02] [416/459] SSTD
[19:14:03] [417/459] AACV
[19:14:04] [418/459] PPVD
[19:14:05] [419/459] STCP
[19:14:06] [420/459] ANJR
[19:14:06] [421/459] ANLS
[19:14:07] [422/459] BIJO
[19:14:08] [423/459] AVAB
[19:14:09] [424/459] SPMD
[19:14:10] [425/459] SVJL
[19:14:11] [426/459] SDDJ
[19:14:12] [427/459] SLTU
[19:14:12] [428/459] SAKA
[19:14:13] [429/459] PMAM
[19:14:14] [430/459] FNAM
[19:14:15] [431/459] ACAM
[19:14:16] [432/459] SCMM
[19:14:16] [433/459] PMAK
[19:14:17] [434/459] NYSA
[19:14:18] [435/459] FCPA
[19:14:19] [436/459] GDAN
[19:14:20] [437/459] RSCA
[19:14:20] [438/459] DMAN
[19:14:21] [439/459] DZCM
[19:14:22] [440/459] NSGL
[19:14:24] [441/459] CCPP
[19:14:25] [442/459] PSMG
[19:14:26] [443/459] GSER
[19:14:28] [444/459] FCCT
[19:14:29] [445/459] FCTB
[19:14:30] [446/459] LCNK
[19:14:30] [447/459] SKTY
[19:14:31] [448/459] INAA
[19:14:32] [449/459] RCWN
[19:14:34] [450/459] VAIS
[19:14:34] [451/459] CVMN
[19:14:35] [452/459] INTS
[19:14:36] [453/459] FRGS
[19:14:37] [454/459] DTCK
[19:14:38] [455/459] MCMH
[19:14:39] [456/459] ECRR
[19:14:40] [457/459] RLLP
[19:14:41] [458/459] CCSN
[19:14:42] [459/459] CCBA
[19:14:43] 🧹 Deduping shows
[19:14:43] ✅ DONE | Shows=386 | Movies=24
[21:55:49] 🚀 SCRIPT STARTED
[21:55:49] [1/459] MBDC
[21:55:49] 🧠 New identity created
[21:55:50] [2/459] CHKM
[21:55:52] [3/459] JTKZ
[21:55:53] [4/459] CMCT
[21:55:54] [5/459] ASHO
[21:55:54] [6/459] ECDG
[21:55:55] [7/459] SPAT
[21:55:56] [8/459] HILC
[21:55:57] [9/459] SPPH
[21:55:58] [10/459] SBHN
[21:55:59] [11/459] RRCA
[21:56:00] [12/459] APAA
[21:56:01] [13/459] RAME
[21:56:02] [14/459] TMMS
[21:56:03] [15/459] BATK
[21:56:04] [16/459] LKOP
[21:56:05] [17/459] AMTT
[21:56:06] [18/459] PTGK
[21:56:07] [19/459] ANRS
[21:56:08] [20/459] VWBW
[21:56:09] [21/459] SVFG
[21:56:11] [22/459] STAT
[21:56:12] [23/459] GDCV
[21:56:13] [24/459] VEBI
[21:56:13] [25/459] VDSS
[21:56:14] [26/459] NTHV
[21:56:15] [27/459] AOCH
[21:56:16] [28/459] KASR
[21:56:17] [29/459] AYCS
[21:56:18] [30/459] SHAI
[21:56:19] [31/459] SKPE
[21:56:19] [32/459] SBTA
[21:56:20] [33/459] RTTD
[21:56:21] [34/459] CCJD
[21:56:22] [35/459] RSJJ
[21:56:23] [36/459] RKND
[21:56:23] [37/459] SVTX
[21:56:24] [38/459] BAKM
[21:56:25] [39/459] SVDC
[21:56:26] [40/459] MNCV
[21:56:27] [41/459] SJGC
[21:56:28] [42/459] MTPK
[21:56:29] [43/459] GATP
[21:56:30] [44/459] ABTS
[21:56:31] [45/459] ABDE
[21:56:32] [46/459] RCNM
[21:56:33] [47/459] KTHV
[21:56:34] [48/459] MDGJ
[21:56:35] [49/459] SMLM
[21:56:36] [50/459] JTMA
[21:56:37] [51/459] ACKP
[21:56:38] [52/459] SRTA
[21:56:38] [53/459] STAY
[21:56:39] [54/459] MAVO
[21:56:40] [55/459] APTS
[21:56:41] [56/459] OMEA
[21:56:42] [57/459] TTFD
[21:56:43] [58/459] MJCU
[21:56:45] [59/459] CXTE
[21:56:46] [60/459] CTPX
[21:56:49] [61/459] ASSL
[21:56:49] [62/459] CMVB
[21:56:50] [63/459] VPUR
[21:56:51] [64/459] JJDA
[21:56:52] [65/459] INBL
[21:56:53] [66/459] BIKB
[21:56:54] [67/459] NTBB
[21:56:55] [68/459] GLOB
[21:56:56] [69/459] SNTB
[21:56:57] [70/459] CHGV
[21:56:58] [71/459] SSBZ
[21:57:00] [72/459] PRDB
[21:57:00] [73/459] ISMT
[21:57:01] [74/459] MCSD
[21:57:02] [75/459] JBTT
[21:57:04] [76/459] GEKR
[21:57:05] [77/459] PVUN
[21:57:06] [78/459] NRTB
[21:57:07] [79/459] PRAA
[21:57:07] [80/459] PCBL
[21:57:08] [81/459] PTCM
[21:57:09] [82/459] KHNN
[21:57:10] [83/459] OMJE
[21:57:11] [84/459] STGN
[21:57:12] [85/459] RPMS
[21:57:13] [86/459] NWAD
[21:57:14] [87/459] BLCK
[21:57:15] [88/459] SVAA
[21:57:16] [89/459] URVM
[21:57:18] [90/459] ANTM
[21:57:19] [91/459] VJYM
[21:57:19] [92/459] MAZZ
[21:57:20] [93/459] CSHM
[21:57:21] [94/459] WGMH
[21:57:22] [95/459] SALN
[21:57:23] [96/459] BRTP
[21:57:25] [97/459] SVTA
[21:57:25] [98/459] SBTP
[21:57:27] [99/459] VLSS
[21:57:28] [100/459] SRJA
[21:57:29] [101/459] ANCG
[21:57:31] [102/459] CGGC
[21:57:32] [103/459] CRJA
[21:57:33] [104/459] USCR
[21:57:34] [105/459] MMEF
[21:57:36] [106/459] JCRJ
[21:57:36] [107/459] ADCM
[21:57:37] [108/459] BMYK
[21:57:39] [109/459] KICS
[21:57:40] [110/459] MBBT
[21:57:41] [111/459] MACK
[21:57:42] [112/459] CLDR
[21:57:43] [113/459] JYCR
[21:57:45] [114/459] DCRP
[21:57:46] [115/459] RAHT
[21:57:47] [116/459] CSSM
[21:57:47] [117/459] ATPK
[21:57:48] [118/459] KLRT
[21:57:49] [119/459] SRDD
[21:57:50] [120/459] CKMC
[21:57:51] [121/459] KRVM
[21:57:52] [122/459] AKCP
[21:57:53] [123/459] CNCV
[21:57:54] [124/459] PACT
[21:57:55] [125/459] NATP
[21:57:56] [126/459] PCPK
[21:57:56] [127/459] SMHO
[21:57:57] [128/459] CWTK
[21:57:59] [129/459] RVKZ
[21:58:01] [130/459] ASPD
[21:58:02] [131/459] VTKZ
[21:58:03] [132/459] LCSO
[21:58:04] [133/459] PRDY
[21:58:05] [134/459] RCAP
[21:58:06] [135/459] RGAR
[21:58:07] [136/459] RCAC
[21:58:08] [137/459] PMOD
[21:58:09] [138/459] PVCN
[21:58:11] [139/459] SCRZ
[21:58:12] [140/459] PVPC
[21:58:13] [141/459] STID
[21:58:14] [142/459] NEDD
[21:58:15] [143/459] BNBA
[21:58:16] [144/459] NTCD
[21:58:17] [145/459] OCDE
[21:58:18] [146/459] CCDU
[21:58:20] [147/459] CRXH
[21:58:21] [148/459] VLVT
[21:58:21] [149/459] CICI
[21:58:22] [150/459] SUCB
[21:58:23] [151/459] TCBP
[21:58:24] [152/459] SCCY
[21:58:25] [153/459] LXCY
[21:58:26] [154/459] NCMD
[21:58:26] [155/459] PHCS
[21:58:27] [156/459] DUXR
[21:58:28] [157/459] VNKS
[21:58:29] [158/459] SEDP
[21:58:30] [159/459] SVEN
[21:58:30] [160/459] SRKM
[21:58:31] [161/459] JTLT
[21:58:33] [162/459] SVSS
[21:58:33] [163/459] AMDE
[21:58:35] [164/459] WVRN
[21:58:35] [165/459] ISMG
[21:58:37] [166/459] WVKS
[21:58:38] [167/459] USCG
[21:58:39] [168/459] IOTG
[21:58:39] [169/459] RRJM
[21:58:41] [170/459] EDMP
[21:58:42] [171/459] SCGZ
[21:58:42] [172/459] GMGX
[21:58:43] [173/459] OMTP
[21:58:45] [174/459] MITD
[21:58:46] [175/459] SMMD
[21:58:47] [176/459] STML
[21:58:48] [177/459] MCFS
[21:58:49] [178/459] FPKA
[21:58:51] [179/459] OMLR
[21:58:51] [180/459] KKSC
[21:58:52] [181/459] RVMA
[21:58:53] [182/459] SCLL
[21:58:54] [183/459] SCDK
[21:58:56] [184/459] SXMI
[21:58:57] [185/459] SHDN
[21:58:58] [186/459] PAAD
[21:58:59] [187/459] UUCB
[21:59:00] [188/459] JHOL
[21:59:01] [189/459] SGWT
[21:59:02] [190/459] SRII
[21:59:03] [191/459] SGCK
[21:59:03] [192/459] SVVB
[21:59:04] [193/459] DMHA
[21:59:05] [194/459] PPNL
[21:59:06] [195/459] CPNL
[21:59:07] [196/459] WVLD
[21:59:08] [197/459] PSLV
[21:59:09] [198/459] VTTL
[21:59:10] [199/459] NPAD
[21:59:12] [200/459] PVCS
[21:59:13] [201/459] MCHL
[21:59:14] [202/459] PPLL
[21:59:15] [203/459] MALO
[21:59:16] [204/459] SWBH
[21:59:17] [205/459] PUGB
[21:59:19] [206/459] INBB
[21:59:19] [207/459] INNS
[21:59:20] [208/459] MCPT
[21:59:22] [209/459] SCMI
[21:59:23] [210/459] OCON
[21:59:24] [211/459] SCSM
[21:59:25] [212/459] RJVN
[21:59:27] [213/459] AMDK
[21:59:28] [214/459] ISMR
[21:59:29] [215/459] SMTD
[21:59:30] [216/459] VTDD
[21:59:31] [217/459] PDDZ
[21:59:32] [218/459] PCCK
[21:59:34] [219/459] INAM
[21:59:35] [220/459] FNKT
[21:59:36] [221/459] GDKA
[21:59:37] [222/459] MAYU
[21:59:37] [223/459] TCGU
[21:59:38] [224/459] KDCA
[21:59:39] [225/459] DOMY
[21:59:40] [226/459] PDDD
[21:59:41] [227/459] BJTS
[21:59:42] [228/459] VTCA
[21:59:43] [229/459] SBTM
[21:59:44] [230/459] SEET
[21:59:44] [231/459] SSTJ
[21:59:45] [232/459] SVNT
[21:59:46] [233/459] PPPR
[21:59:47] [234/459] PVYS
[21:59:48] [235/459] IOSE
[21:59:49] [236/459] ACTV
[21:59:50] [237/459] APVE
[21:59:52] [238/459] TCCL
[21:59:53] [239/459] SCMO
[21:59:54] [240/459] SAUM
[21:59:55] [241/459] KCJS
[21:59:56] [242/459] NJCJ
[21:59:57] [243/459] NECF
[21:59:58] [244/459] CCGW
[21:59:58] [245/459] CCMG
[22:00:00] [246/459] NYRG
[22:00:00] [247/459] NCSQ
[22:00:01] [248/459] GRCG
[22:00:02] [249/459] CCBT
[22:00:03] [250/459] ACGA
[22:00:04] [251/459] INAG
[22:00:05] [252/459] FUCG
[22:00:06] [253/459] AICF
[22:00:07] [254/459] GRGA
[22:00:08] [255/459] GDCN
[22:00:08] [256/459] RRCG
[22:00:10] [257/459] SDCH
[22:00:10] [258/459] WVJM
[22:00:12] [259/459] JCCZ
[22:00:13] [260/459] CNCL
[22:00:14] [261/459] TMLV
[22:00:14] [262/459] MEMB
[22:00:15] [263/459] SGTD
[22:00:16] [264/459] CONX
[22:00:17] [265/459] CCMH
[22:00:18] [266/459] ACMC
[22:00:19] [267/459] DTPD
[22:00:20] [268/459] POJA
[22:00:22] [269/459] FNBH
[22:00:23] [270/459] CGCB
[22:00:25] [271/459] RACN
[22:00:26] [272/459] JTSM
[22:00:26] [273/459] SCDN
[22:00:27] [274/459] AACK
[22:00:29] [275/459] RMCE
[22:00:30] [276/459] BSGB
[22:00:32] [277/459] MRCB
[22:00:32] [278/459] SRVR
[22:00:33] [279/459] VTKK
[22:00:34] [280/459] AMST
[22:00:35] [281/459] APCY
[22:00:36] [282/459] LMHO
[22:00:37] [283/459] MTZH
[22:00:38] [284/459] AMZB
[22:00:39] [285/459] SUVT
[22:00:40] [286/459] RCIP
[22:00:40] [287/459] KESR
[22:00:42] [288/459] SNKC
[22:00:43] [289/459] SCED
[22:00:44] [290/459] DVCA
[22:00:44] [291/459] VCDT
[22:00:46] [292/459] RRDI
[22:00:47] [293/459] DFCH
[22:00:47] [294/459] INSC
[22:00:48] [295/459] RGTR
[22:00:49] [296/459] FMOT
[22:00:50] [297/459] SCPM
[22:00:50] [298/459] GCDT
[22:00:52] [299/459] BRKT
[22:00:53] [300/459] DEMP
[22:00:54] [301/459] SRLC
[22:00:55] [302/459] KSTT
[22:00:56] [303/459] SMMT
[22:00:57] [304/459] SILM
[22:00:58] [305/459] JCVM
[22:00:59] [306/459] KCSV
[22:01:00] [307/459] MHLK
[22:01:01] [308/459] SLVL
[22:01:02] [309/459] RJKP
[22:01:03] [310/459] BBPC
[22:01:04] [311/459] MXCB
[22:01:05] [312/459] TCPK
[22:01:06] [313/459] RTBR
[22:01:06] [314/459] GAUT
[22:01:07] [315/459] DVCF
[22:01:09] [316/459] JTSB
[22:01:10] [317/459] SBLS
[22:01:11] [318/459] UDAY
[22:01:12] [319/459] PTNP
[22:01:13] [320/459] DMKT
[22:01:14] [321/459] NTDT
[22:01:15] [322/459] SHDJ
[22:01:16] [323/459] OTNC
[22:01:17] [324/459] RNTW
[22:01:18] [325/459] GCMI
[22:01:19] [326/459] CRCM
[22:01:20] [327/459] NNCZ
[22:01:21] [328/459] OEMO
[22:01:22] [329/459] PVJM
[22:01:23] [330/459] CPJI
[22:01:23] [331/459] RMCJ
[22:01:24] [332/459] CNWJ
[22:01:25] [333/459] EPJM
[22:01:26] [334/459] FNJJ
[22:01:27] [335/459] GCMJ
[22:01:28] [336/459] INPS
[22:01:28] [337/459] BICJ
[22:01:29] [338/459] ISTJ
[22:01:31] [339/459] INJC
[22:01:33] [340/459] GLXJ
[22:01:34] [341/459] INEM
[22:01:35] [342/459] JTMN
[22:01:36] [343/459] FRCJ
[22:01:37] [344/459] DDJP
[22:01:37] [345/459] INJV
[22:01:38] [346/459] GOLC
[22:01:39] [347/459] KOCI
[22:01:41] [348/459] FSTD
[22:01:41] [349/459] PACJ
[22:01:43] [350/459] GMCN
[22:01:43] [351/459] MMDJ
[22:01:44] [352/459] GODH
[22:01:45] [353/459] SKYN
[22:01:46] [354/459] NCTH
[22:01:47] [355/459] SKVZ
[22:01:48] [356/459] SVML
[22:01:49] [357/459] ACVZ
[22:01:49] [358/459] SURA
[22:01:50] [359/459] RTRB
[22:01:51] [360/459] LLCT
[22:01:52] [361/459] ATTS
[22:01:53] [362/459] JYCM
[22:01:54] [363/459] CTKR
[22:01:55] [364/459] LCKR
[22:01:56] [365/459] NYCV
[22:01:56] [366/459] NYOH
[22:01:57] [367/459] NOVX
[22:01:58] [368/459] MRGK
[22:01:59] [369/459] MOON
[22:02:00] [370/459] SBUC
[22:02:01] [371/459] GSVA
[22:02:02] [372/459] VIAK
[22:02:03] [373/459] SMVZ
[22:02:04] [374/459] MATE
[22:02:05] [375/459] RDCN
[22:02:06] [376/459] ASBL
[22:02:07] [377/459] ASVS
[22:02:07] [378/459] ASSR
[22:02:09] [379/459] SSKN
[22:02:10] [380/459] DRPV
[22:02:10] [381/459] MRHT
[22:02:11] [382/459] BSCN
[22:02:12] [383/459] RKNX
[22:02:13] [384/459] MSMC
[22:02:15] [385/459] MSCJ
[22:02:15] [386/459] BTBJ
[22:02:16] [387/459] MJCC
[22:02:17] [388/459] IOMM
[22:02:18] [389/459] ADGR
[22:02:19] [390/459] MYCP
[22:02:21] [391/459] IGCM
[22:02:22] [392/459] PGRK
[22:02:22] [393/459] VPGO
[22:02:24] [394/459] KOMS
[22:02:24] [395/459] URGG
[22:02:25] [396/459] GOST
[22:02:26] [397/459] LACT
[22:02:27] [398/459] BWCM
[22:02:28] [399/459] NCCW
[22:02:28] [400/459] SKYC
[22:02:30] [401/459] CCPM
[22:02:31] [402/459] VCBT
[22:02:32] [403/459] SDKR
[22:02:32] [404/459] CTYB
[22:02:33] [405/459] SHCX
[22:02:34] [406/459] RCUN
[22:02:35] [407/459] CNRA
[22:02:36] [408/459] RFCA
[22:02:37] [409/459] RDCU
[22:02:39] [410/459] SARK
[22:02:39] [411/459] SPPP
[22:02:40] [412/459] ADMB
[22:02:41] [413/459] JYOE
[22:02:42] [414/459] SRMD
[22:02:43] [415/459] RJDH
[22:02:44] [416/459] SSTD
[22:02:45] [417/459] AACV
[22:02:45] [418/459] PPVD
[22:02:46] [419/459] STCP
[22:02:47] [420/459] ANJR
[22:02:48] [421/459] ANLS
[22:02:49] [422/459] BIJO
[22:02:49] [423/459] AVAB
[22:02:50] [424/459] SPMD
[22:02:51] [425/459] SVJL
[22:02:52] [426/459] SDDJ
[22:02:53] [427/459] SLTU
[22:02:54] [428/459] SAKA
[22:02:55] [429/459] PMAM
[22:02:57] [430/459] FNAM
[22:02:57] [431/459] ACAM
[22:02:58] [432/459] SCMM
[22:02:59] [433/459] PMAK
[22:02:59] [434/459] NYSA
[22:03:00] [435/459] FCPA
[22:03:01] [436/459] GDAN
[22:03:02] [437/459] RSCA
[22:03:03] [438/459] DMAN
[22:03:03] [439/459] DZCM
[22:03:04] [440/459] NSGL
[22:03:05] [441/459] CCPP
[22:03:06] [442/459] PSMG
[22:03:07] [443/459] GSER
[22:03:08] [444/459] FCCT
[22:03:10] [445/459] FCTB
[22:03:11] [446/459] LCNK
[22:03:11] [447/459] SKTY
[22:03:12] [448/459] INAA
[22:03:14] [449/459] RCWN
[22:03:15] [450/459] VAIS
[22:03:15] [451/459] CVMN
[22:03:16] [452/459] INTS
[22:03:17] [453/459] FRGS
[22:03:18] [454/459] DTCK
[22:03:18] [455/459] MCMH
[22:03:20] [456/459] ECRR
[22:03:21] [457/459] RLLP
[22:03:22] [458/459] CCSN
[22:03:23] [459/459] CCBA
[22:03:25] 🧹 Deduping shows
[22:03:25] ✅ DONE | Shows=710 | Movies=32
