[10:18:57] 🚀 SCRIPT STARTED
[10:18:57] [1/459] FNDB
[10:18:57] 🧠 New identity created
[10:18:58] [2/459] AMBH
[10:18:59] [3/459] PRHN
[10:19:00] [4/459] ACPM
[10:19:01] [5/459] PVFS
[10:19:02] [6/459] AACN
[10:19:03] [7/459] ACAS
[10:19:03] [8/459] CTNR
[10:19:04] [9/459] MMAH
[10:19:05] [10/459] CPMH
[10:19:06] [11/459] IGMH
[10:19:08] [12/459] ABCS
[10:19:09] [13/459] CMMA
[10:19:10] [14/459] GPRH
[10:19:10] [15/459] PNNG
[10:19:11] [16/459] AMCA
[10:19:12] [17/459] ISTN
[10:19:13] [18/459] PIIC
[10:19:14] [19/459] AHMH
[10:19:15] [20/459] ASHN
[10:19:15] [21/459] INHY
[10:19:17] [22/459] SRMO
[10:19:18] [23/459] PIMH
[10:19:19] [24/459] PVTS
[10:19:20] [25/459] MMCA
[10:19:21] [26/459] AKYJ
[10:19:22] [27/459] BRKH
[10:19:22] [28/459] MAHM
[10:19:23] [29/459] CPHY
[10:19:24] [30/459] PVTP
[10:19:25] [31/459] SMMR
[10:19:26] [32/459] PVHM
[10:19:27] [33/459] SNDY
[10:19:28] [34/459] GOKU
[10:19:29] [35/459] ACEV
[10:19:30] [36/459] PVUM
[10:19:30] [37/459] VSWA
[10:19:31] [38/459] IPRS
[10:19:32] [39/459] ASGN
[10:19:33] [40/459] BKMV
[10:19:34] [41/459] PVYH
[10:19:35] [42/459] INKM
[10:19:36] [43/459] ARJU
[10:19:36] [44/459] JJPP
[10:19:37] [45/459] SSRM
[10:19:38] [46/459] HMHD
[10:19:39] [47/459] SNKH
[10:19:40] [48/459] ACHI
[10:19:42] [49/459] MRAA
[10:19:43] [50/459] INMH
[10:19:43] [51/459] ARMH
[10:19:44] [52/459] DVRR
[10:19:45] [53/459] SUDA
[10:19:46] [54/459] MCSS
[10:19:47] [55/459] VRKC
[10:19:48] [56/459] PRCX
[10:19:49] [57/459] ASJY
[10:19:50] [58/459] MTHY
[10:19:51] [59/459] SRCM
[10:19:52] [60/459] TVHY
[10:19:52] [61/459] STHD
[10:19:53] [62/459] CPCL
[10:19:54] [63/459] PSMJ
[10:19:55] [64/459] MRGT
[10:19:56] [65/459] ARYH
[10:19:57] [66/459] VTRB
[10:19:58] [67/459] SCHC
[10:19:59] [68/459] MRRG
[10:20:00] [69/459] SPCB
[10:20:01] [70/459] AMCM
[10:20:02] [71/459] IVNM
[10:20:02] [72/459] TRHY
[10:20:03] [73/459] PTTH
[10:20:04] [74/459] RKMH
[10:20:05] [75/459] PRCS
[10:20:06] [76/459] VAJA
[10:20:07] [77/459] BJNG
[10:20:07] [78/459] SCVM
[10:20:08] [79/459] GNHB
[10:20:10] [80/459] TLUR
[10:20:11] [81/459] UKCC
[10:20:12] [82/459] SRKR
[10:20:13] [83/459] RMKN
[10:20:14] [84/459] SLRT
[10:20:14] [85/459] LKMT
[10:20:15] [86/459] SSRJ
[10:20:16] [87/459] SPHT
[10:20:17] [88/459] ANTT
[10:20:18] [89/459] SRCH
[10:20:19] [90/459] SRCA
[10:20:20] [91/459] ARTH
[10:20:21] [92/459] MCBH
[10:20:23] [93/459] SNIB
[10:20:24] [94/459] SART
[10:20:25] [95/459] SKTA
[10:20:26] [96/459] YAKT
[10:20:26] [97/459] MLCK
[10:20:27] [98/459] ANTS
[10:20:29] [99/459] DGCA
[10:20:31] [100/459] SGMP
[10:20:31] [101/459] ASWN
[10:20:32] [102/459] KFVU
[10:20:33] [103/459] POOR
[10:20:34] [104/459] GKDN
[10:20:35] [105/459] EOSE
[10:20:36] [106/459] GTTT
[10:20:37] [107/459] ARRO
[10:20:38] [108/459] CMMK
[10:20:39] [109/459] MSCN
[10:20:40] [110/459] GDKH
[10:20:40] [111/459] DLMT
[10:20:41] [112/459] PVMF
[10:20:42] [113/459] CPCK
[10:20:43] [114/459] VMHE
[10:20:43] [115/459] PVLC
[10:20:44] [116/459] PCVB
[10:20:45] [117/459] SNYK
[10:20:46] [118/459] KTEK
[10:20:46] [119/459] PCNM
[10:20:47] [120/459] NTTR
[10:20:48] [121/459] CPSK
[10:20:49] [122/459] JMMA
[10:20:50] [123/459] GCFK
[10:20:50] [124/459] MYCA
[10:20:51] [125/459] KSNP
[10:20:52] [126/459] PMCE
[10:20:53] [127/459] SCKI
[10:20:54] [128/459] FSMA
[10:20:55] [129/459] CETA
[10:20:56] [130/459] MCIK
[10:20:57] [131/459] MYCR
[10:20:58] [132/459] EVMP
[10:20:59] [133/459] SSGT
[10:21:00] [134/459] KCTK
[10:21:01] [135/459] ZTKC
[10:21:01] [136/459] MMTA
[10:21:02] [137/459] MAJT
[10:21:03] [138/459] ACPK
[10:21:04] [139/459] JMAX
[10:21:05] [140/459] SETK
[10:21:06] [141/459] CAIS
[10:21:07] [142/459] AGCD
[10:21:08] [143/459] URCL
[10:21:09] [144/459] VTDS
[10:21:10] [145/459] JCNM
[10:21:11] [146/459] KCAM
[10:21:11] [147/459] ADCU
[10:21:12] [148/459] GXYN
[10:21:13] [149/459] SMJG
[10:21:14] [150/459] EYCJ
[10:21:15] [151/459] CCEJ
[10:21:16] [152/459] MARS
[10:21:17] [153/459] CPVJ
[10:21:18] [154/459] INVP
[10:21:19] [155/459] CPOV
[10:21:20] [156/459] VIJK
[10:21:20] [157/459] LAIM
[10:21:21] [158/459] STHV
[10:21:22] [159/459] SVLJ
[10:21:23] [160/459] ATVJ
[10:21:23] [161/459] JTSC
[10:21:24] [162/459] RMTV
[10:21:25] [163/459] MGGG
[10:21:26] [164/459] SWTH
[10:21:27] [165/459] INVJ
[10:21:28] [166/459] PRSV
[10:21:28] [167/459] JATV
[10:21:29] [168/459] RCVD
[10:21:30] [169/459] BDMA
[10:21:31] [170/459] BLJI
[10:21:32] [171/459] SWOT
[10:21:32] [172/459] SWRN
[10:21:33] [173/459] TVRA
[10:21:34] [174/459] VCSV
[10:21:35] [175/459] NVRN
[10:21:36] [176/459] SIKC
[10:21:36] [177/459] VAKR
[10:21:37] [178/459] SYLN
[10:21:38] [179/459] KLJL
[10:21:38] [180/459] LKMY
[10:21:39] [181/459] VSLY
[10:21:40] [182/459] CIKO
[10:21:41] [183/459] GPBG
[10:21:42] [184/459] CECM
[10:21:43] [185/459] SLKB
[10:21:44] [186/459] MTBO
[10:21:44] [187/459] SSHB
[10:21:46] [188/459] VPCS
[10:21:47] [189/459] RCSR
[10:21:48] [190/459] RJRM
[10:21:49] [191/459] KPPB
[10:21:49] [192/459] SEDC
[10:21:50] [193/459] SCAI
[10:21:52] [194/459] RMTR
[10:21:53] [195/459] ASST
[10:21:54] [196/459] GCAK
[10:21:55] [197/459] ANNK
[10:21:56] [198/459] KDDF
[10:21:56] [199/459] NRDP
[10:21:57] [200/459] PLAK
[10:21:58] [201/459] GCMC
[10:21:59] [202/459] ALPY
[10:22:01] [203/459] SICE
[10:22:01] [204/459] SISR
[10:22:02] [205/459] SRPZ
[10:22:03] [206/459] SRSW
[10:22:04] [207/459] SUYA
[10:22:05] [208/459] AMMT
[10:22:05] [209/459] BHCU
[10:22:06] [210/459] KLPA
[10:22:07] [211/459] NVKH
[10:22:08] [212/459] JMRC
[10:22:09] [213/459] KTTT
[10:22:10] [214/459] MAGH
[10:22:10] [215/459] MMMX
[10:22:11] [216/459] SALJ
[10:22:12] [217/459] GTJA
[10:22:13] [218/459] MAHT
[10:22:14] [219/459] SSNN
[10:22:14] [220/459] ARRP
[10:22:15] [221/459] ATNS
[10:22:16] [222/459] SKDT
[10:22:17] [223/459] ACAT
[10:22:18] [224/459] APRC
[10:22:19] [225/459] SWAG
[10:22:19] [226/459] SDPT
[10:22:20] [227/459] STPS
[10:22:21] [228/459] WWCZ
[10:22:22] [229/459] LLCH
[10:22:23] [230/459] MZHA
[10:22:23] [231/459] CRJG
[10:22:24] [232/459] JGTK
[10:22:25] [233/459] KCSR
[10:22:27] [234/459] CHTL
[10:22:28] [235/459] EDSR
[10:22:29] [236/459] CSWO
[10:22:30] [237/459] CPVM
[10:22:31] [238/459] MXBY
[10:22:32] [239/459] FMMA
[10:22:33] [240/459] POVI
[10:22:34] [241/459] MTHB
[10:22:35] [242/459] INRC
[10:22:36] [243/459] PIPP
[10:22:37] [244/459] BMXC
[10:22:38] [245/459] PCMM
[10:22:39] [246/459] PMKM
[10:22:40] [247/459] GATY
[10:22:40] [248/459] IMCM
[10:22:41] [249/459] POPE
[10:22:42] [250/459] MTCR
[10:22:44] [251/459] PVAE
[10:22:45] [252/459] PVMI
[10:22:45] [253/459] CPNM
[10:22:46] [254/459] FMRL
[10:22:47] [255/459] MCIW
[10:22:48] [256/459] MXBO
[10:22:49] [257/459] FMKY
[10:22:50] [258/459] FMDA
[10:22:51] [259/459] THAB
[10:22:51] [260/459] PRCW
[10:22:52] [261/459] PITI
[10:22:53] [262/459] MCFF
[10:22:54] [263/459] PDDV
[10:22:55] [264/459] MCRM
[10:22:56] [265/459] KKMB
[10:22:56] [266/459] INKO
[10:22:57] [267/459] PLXP
[10:22:58] [268/459] MMHA
[10:22:59] [269/459] FMVS
[10:23:00] [270/459] POLM
[10:23:01] [271/459] STER
[10:23:02] [272/459] PVWJ
[10:23:03] [273/459] IMJW
[10:23:04] [274/459] FNAN
[10:23:05] [275/459] CAGL
[10:23:05] [276/459] IPBG
[10:23:06] [277/459] SMFV
[10:23:07] [278/459] MMMR
[10:23:09] [279/459] MMWM
[10:23:10] [280/459] FNCM
[10:23:10] [281/459] MDVA
[10:23:11] [282/459] MMET
[10:23:12] [283/459] MIDO
[10:23:13] [284/459] INNP
[10:23:14] [285/459] MIFU
[10:23:15] [286/459] MMSZ
[10:23:16] [287/459] BMXA
[10:23:17] [288/459] MCAA
[10:23:19] [289/459] SCVP
[10:23:20] [290/459] PLUS
[10:23:20] [291/459] MUCK
[10:23:21] [292/459] MTMA
[10:23:22] [293/459] HPVR
[10:23:23] [294/459] PMPK
[10:23:24] [295/459] MAJB
[10:23:25] [296/459] CTRR
[10:23:26] [297/459] MCTG
[10:23:27] [298/459] MACE
[10:23:28] [299/459] AAAS
[10:23:29] [300/459] CPVV
[10:23:31] [301/459] RCHG
[10:23:31] [302/459] MCNE
[10:23:33] [303/459] EMNC
[10:23:34] [304/459] MCAN
[10:23:35] [305/459] TCDM
[10:23:36] [306/459] IRGT
[10:23:37] [307/459] GCMG
[10:23:37] [308/459] MXSN
[10:23:38] [309/459] MXCK
[10:23:39] [310/459] MCRC
[10:23:40] [311/459] RSMI
[10:23:41] [312/459] WAML
[10:23:41] [313/459] MTSC
[10:23:42] [314/459] FMDR
[10:23:43] [315/459] LEPV
[10:23:44] [316/459] MTGD
[10:23:44] [317/459] IMOB
[10:23:46] [318/459] CLMM
[10:23:47] [319/459] PZCD
[10:23:48] [320/459] GOCS
[10:23:48] [321/459] KCMA
[10:23:49] [322/459] CCMP
[10:23:50] [323/459] MTSU
[10:23:51] [324/459] SNGL
[10:23:52] [325/459] MMMC
[10:23:52] [326/459] MMAA
[10:23:53] [327/459] GCDM
[10:23:54] [328/459] KTMV
[10:23:55] [329/459] AETE
[10:23:56] [330/459] OMCS
[10:23:56] [331/459] GDCD
[10:23:57] [332/459] NYMD
[10:23:58] [333/459] RNCV
[10:23:59] [334/459] KKMT
[10:24:00] [335/459] GDTH
[10:24:01] [336/459] KMMV
[10:24:02] [337/459] NHCG
[10:24:03] [338/459] PJDW
[10:24:04] [339/459] MMCV
[10:24:05] [340/459] FQSA
[10:24:06] [341/459] KURL
[10:24:06] [342/459] NNNX
[10:24:07] [343/459] AMAU
[10:24:08] [344/459] VVVM
[10:24:09] [345/459] VECU
[10:24:10] [346/459] WCVR
[10:24:10] [347/459] MTGG
[10:24:11] [348/459] SGTG
[10:24:12] [349/459] MNTG
[10:24:13] [350/459] JDDG
[10:24:13] [351/459] MBTK
[10:24:14] [352/459] SGCD
[10:24:16] [353/459] MCTC
[10:24:17] [354/459] JTPC
[10:24:18] [355/459] SDKT
[10:24:19] [356/459] KRCC
[10:24:20] [357/459] RMMD
[10:24:21] [358/459] AAME
[10:24:22] [359/459] TMWC
[10:24:22] [360/459] NRWY
[10:24:23] [361/459] CITD
[10:24:24] [362/459] VERD
[10:24:25] [363/459] MKSK
[10:24:26] [364/459] STSM
[10:24:27] [365/459] MJDG
[10:24:28] [366/459] RKPM
[10:24:29] [367/459] SSCE
[10:24:30] [368/459] VMAE
[10:24:30] [369/459] SBRU
[10:24:31] [370/459] AMBC
[10:24:32] [371/459] AMLU
[10:24:33] [372/459] INVZ
[10:24:34] [373/459] LGTV
[10:24:34] [374/459] SVAD
[10:24:36] [375/459] SMSA
[10:24:37] [376/459] SPCZ
[10:24:37] [377/459] GTCX
[10:24:38] [378/459] SCSL
[10:24:39] [379/459] SAHU
[10:24:40] [380/459] NCDA
[10:24:41] [381/459] SCCG
[10:24:42] [382/459] VKTL
[10:24:43] [383/459] PUUJ
[10:24:44] [384/459] STEJ
[10:24:45] [385/459] RJAL
[10:24:46] [386/459] ACJC
[10:24:46] [387/459] VTHC
[10:24:47] [388/459] ARVB
[10:24:48] [389/459] AUBB
[10:24:49] [390/459] GDBR
[10:24:50] [391/459] PVND
[10:24:51] [392/459] BGRJ
[10:24:52] [393/459] RJMM
[10:24:53] [394/459] MCSA
[10:24:53] [395/459] BODA
[10:24:54] [396/459] JAGG
[10:24:55] [397/459] SCGA
[10:24:56] [398/459] LRCM
[10:24:57] [399/459] CPCN
[10:24:58] [400/459] SSTF
[10:24:59] [401/459] SRXP
[10:24:59] [402/459] CNFX
[10:25:00] [403/459] ANDI
[10:25:01] [404/459] SYEW
[10:25:02] [405/459] RCRE
[10:25:03] [406/459] SCRW
[10:25:04] [407/459] MBKR
[10:25:04] [408/459] ASNT
[10:25:05] [409/459] JTMT
[10:25:06] [410/459] SHAY
[10:25:07] [411/459] VRTH
[10:25:08] [412/459] SPTI
[10:25:09] [413/459] DPTD
[10:25:10] [414/459] TGSN
[10:25:10] [415/459] RCWV
[10:25:11] [416/459] OCUR
[10:25:12] [417/459] KSTC
[10:25:13] [418/459] SANI
[10:25:14] [419/459] MLCA
[10:25:15] [420/459] EGCA
[10:25:15] [421/459] SYSN
[10:25:16] [422/459] PKTA
[10:25:17] [423/459] PRCC
[10:25:18] [424/459] KSTR
[10:25:19] [425/459] SNTP
[10:25:19] [426/459] RCHA
[10:25:20] [427/459] SEEA
[10:25:21] [428/459] ALAT
[10:25:22] [429/459] AATV
[10:25:22] [430/459] RJTE
[10:25:23] [431/459] AAPP
[10:25:24] [432/459] PMMH
[10:25:25] [433/459] INRJ
[10:25:26] [434/459] SARB
[10:25:27] [435/459] PCJL
[10:25:28] [436/459] PFJJ
[10:25:28] [437/459] GRDC
[10:25:29] [438/459] BCBA
[10:25:30] [439/459] VIXL
[10:25:31] [440/459] CSTL
[10:25:32] [441/459] MTDK
[10:25:33] [442/459] TDAC
[10:25:34] [443/459] GTDN
[10:25:35] [444/459] TTDE
[10:25:36] [445/459] ASTS
[10:25:37] [446/459] CPNS
[10:25:37] [447/459] PVVW
[10:25:39] [448/459] USEB
[10:25:40] [449/459] DTYN
[10:25:41] [450/459] PVLE
[10:25:42] [451/459] CIPS
[10:25:42] [452/459] PAEG
[10:25:43] [453/459] PTCW
[10:25:44] [454/459] G3SR
[10:25:45] [455/459] PGND
[10:25:46] [456/459] INVM
[10:25:47] [457/459] SPIA
[10:25:48] [458/459] PCSN
[10:25:49] [459/459] PPGV
[10:25:49] 🧹 Deduping shows
[10:25:49] ✅ DONE | Shows=21 | Movies=6
[16:48:48] 🚀 SCRIPT STARTED
[16:48:48] [1/459] FNDB
[16:48:48] 🧠 New identity created
[16:48:49] [2/459] AMBH
[16:48:50] [3/459] PRHN
[16:48:51] [4/459] ACPM
[16:48:52] [5/459] PVFS
[16:48:53] [6/459] AACN
[16:48:54] [7/459] ACAS
[16:48:55] [8/459] CTNR
[16:48:56] [9/459] MMAH
[16:48:57] [10/459] CPMH
[16:48:58] [11/459] IGMH
[16:48:59] [12/459] ABCS
[16:48:59] [13/459] CMMA
[16:49:00] [14/459] GPRH
[16:49:01] [15/459] PNNG
[16:49:02] [16/459] AMCA
[16:49:03] [17/459] ISTN
[16:49:04] [18/459] PIIC
[16:49:04] [19/459] AHMH
[16:49:05] [20/459] ASHN
[16:49:06] [21/459] INHY
[16:49:08] [22/459] SRMO
[16:49:09] [23/459] PIMH
[16:49:09] [24/459] PVTS
[16:49:10] [25/459] MMCA
[16:49:11] [26/459] AKYJ
[16:49:12] [27/459] BRKH
[16:49:13] [28/459] MAHM
[16:49:14] [29/459] CPHY
[16:49:15] [30/459] PVTP
[16:49:15] [31/459] SMMR
[16:49:16] [32/459] PVHM
[16:49:17] [33/459] SNDY
[16:49:17] [34/459] GOKU
[16:49:18] [35/459] ACEV
[16:49:19] [36/459] PVUM
[16:49:20] [37/459] VSWA
[16:49:21] [38/459] IPRS
[16:49:22] [39/459] ASGN
[16:49:22] [40/459] BKMV
[16:49:23] [41/459] PVYH
[16:49:24] [42/459] INKM
[16:49:25] [43/459] ARJU
[16:49:26] [44/459] JJPP
[16:49:26] [45/459] SSRM
[16:49:27] [46/459] HMHD
[16:49:28] [47/459] SNKH
[16:49:30] [48/459] ACHI
[16:49:31] [49/459] MRAA
[16:49:31] [50/459] INMH
[16:49:32] [51/459] ARMH
[16:49:33] [52/459] DVRR
[16:49:34] [53/459] SUDA
[16:49:35] [54/459] MCSS
[16:49:36] [55/459] VRKC
[16:49:37] [56/459] PRCX
[16:49:37] [57/459] ASJY
[16:49:38] [58/459] MTHY
[16:49:39] [59/459] SRCM
[16:49:40] [60/459] TVHY
[16:49:41] [61/459] STHD
[16:49:42] [62/459] CPCL
[16:49:43] [63/459] PSMJ
[16:49:44] [64/459] MRGT
[16:49:45] [65/459] ARYH
[16:49:45] [66/459] VTRB
[16:49:46] [67/459] SCHC
[16:49:48] [68/459] MRRG
[16:49:48] [69/459] SPCB
[16:49:49] [70/459] AMCM
[16:49:50] [71/459] IVNM
[16:49:51] [72/459] TRHY
[16:49:52] [73/459] PTTH
[16:49:53] [74/459] RKMH
[16:49:54] [75/459] PRCS
[16:49:55] [76/459] VAJA
[16:49:55] [77/459] BJNG
[16:49:57] [78/459] SCVM
[16:49:57] [79/459] GNHB
[16:49:58] [80/459] TLUR
[16:49:59] [81/459] UKCC
[16:50:00] [82/459] SRKR
[16:50:01] [83/459] RMKN
[16:50:01] [84/459] SLRT
[16:50:02] [85/459] LKMT
[16:50:03] [86/459] SSRJ
[16:50:04] [87/459] SPHT
[16:50:04] [88/459] ANTT
[16:50:05] [89/459] SRCH
[16:50:06] [90/459] SRCA
[16:50:07] [91/459] ARTH
[16:50:08] [92/459] MCBH
[16:50:08] [93/459] SNIB
[16:50:09] [94/459] SART
[16:50:10] [95/459] SKTA
[16:50:11] [96/459] YAKT
[16:50:12] [97/459] MLCK
[16:50:13] [98/459] ANTS
[16:50:13] [99/459] DGCA
[16:50:14] [100/459] SGMP
[16:50:15] [101/459] ASWN
[16:50:16] [102/459] KFVU
[16:50:17] [103/459] POOR
[16:50:18] [104/459] GKDN
[16:50:19] [105/459] EOSE
[16:50:19] [106/459] GTTT
[16:50:20] [107/459] ARRO
[16:50:21] [108/459] CMMK
[16:50:22] [109/459] MSCN
[16:50:23] [110/459] GDKH
[16:50:24] [111/459] DLMT
[16:50:24] [112/459] PVMF
[16:50:25] [113/459] CPCK
[16:50:26] [114/459] VMHE
[16:50:27] [115/459] PVLC
[16:50:27] [116/459] PCVB
[16:50:28] [117/459] SNYK
[16:50:29] [118/459] KTEK
[16:50:30] [119/459] PCNM
[16:50:31] [120/459] NTTR
[16:50:32] [121/459] CPSK
[16:50:33] [122/459] JMMA
[16:50:34] [123/459] GCFK
[16:50:35] [124/459] MYCA
[16:50:35] [125/459] KSNP
[16:50:36] [126/459] PMCE
[16:50:37] [127/459] SCKI
[16:50:38] [128/459] FSMA
[16:50:38] [129/459] CETA
[16:50:39] [130/459] MCIK
[16:50:40] [131/459] MYCR
[16:50:41] [132/459] EVMP
[16:50:42] [133/459] SSGT
[16:50:42] [134/459] KCTK
[16:50:43] [135/459] ZTKC
[16:50:44] [136/459] MMTA
[16:50:45] [137/459] MAJT
[16:50:46] [138/459] ACPK
[16:50:46] [139/459] JMAX
[16:50:47] [140/459] SETK
[16:50:48] [141/459] CAIS
[16:50:49] [142/459] AGCD
[16:50:49] [143/459] URCL
[16:50:50] [144/459] VTDS
[16:50:51] [145/459] JCNM
[16:50:52] [146/459] KCAM
[16:50:52] [147/459] ADCU
[16:50:53] [148/459] GXYN
[16:50:54] [149/459] SMJG
[16:50:55] [150/459] EYCJ
[16:50:55] [151/459] CCEJ
[16:50:56] [152/459] MARS
[16:50:57] [153/459] CPVJ
[16:50:57] [154/459] INVP
[16:50:58] [155/459] CPOV
[16:50:59] [156/459] VIJK
[16:51:00] [157/459] LAIM
[16:51:00] [158/459] STHV
[16:51:01] [159/459] SVLJ
[16:51:02] [160/459] ATVJ
[16:51:03] [161/459] JTSC
[16:51:04] [162/459] RMTV
[16:51:05] [163/459] MGGG
[16:51:06] [164/459] SWTH
[16:51:07] [165/459] INVJ
[16:51:08] [166/459] PRSV
[16:51:09] [167/459] JATV
[16:51:10] [168/459] RCVD
[16:51:10] [169/459] BDMA
[16:51:11] [170/459] BLJI
[16:51:12] [171/459] SWOT
[16:51:13] [172/459] SWRN
[16:51:13] [173/459] TVRA
[16:51:14] [174/459] VCSV
[16:51:15] [175/459] NVRN
[16:51:16] [176/459] SIKC
[16:51:16] [177/459] VAKR
[16:51:17] [178/459] SYLN
[16:51:18] [179/459] KLJL
[16:51:19] [180/459] LKMY
[16:51:19] [181/459] VSLY
[16:51:20] [182/459] CIKO
[16:51:21] [183/459] GPBG
[16:51:22] [184/459] CECM
[16:51:23] [185/459] SLKB
[16:51:24] [186/459] MTBO
[16:51:24] [187/459] SSHB
[16:51:25] [188/459] VPCS
[16:51:26] [189/459] RCSR
[16:51:27] [190/459] RJRM
[16:51:27] [191/459] KPPB
[16:51:28] [192/459] SEDC
[16:51:29] [193/459] SCAI
[16:51:30] [194/459] RMTR
[16:51:31] [195/459] ASST
[16:51:32] [196/459] GCAK
[16:51:33] [197/459] ANNK
[16:51:34] [198/459] KDDF
[16:51:34] [199/459] NRDP
[16:51:35] [200/459] PLAK
[16:51:36] [201/459] GCMC
[16:51:37] [202/459] ALPY
[16:51:38] [203/459] SICE
[16:51:39] [204/459] SISR
[16:51:40] [205/459] SRPZ
[16:51:40] [206/459] SRSW
[16:51:41] [207/459] SUYA
[16:51:42] [208/459] AMMT
[16:51:43] [209/459] BHCU
[16:51:44] [210/459] KLPA
[16:51:44] [211/459] NVKH
[16:51:45] [212/459] JMRC
[16:51:46] [213/459] KTTT
[16:51:47] [214/459] MAGH
[16:51:48] [215/459] MMMX
[16:51:50] [216/459] SALJ
[16:51:50] [217/459] GTJA
[16:51:51] [218/459] MAHT
[16:51:52] [219/459] SSNN
[16:51:53] [220/459] ARRP
[16:51:54] [221/459] ATNS
[16:51:55] [222/459] SKDT
[16:51:55] [223/459] ACAT
[16:51:56] [224/459] APRC
[16:51:57] [225/459] SWAG
[16:51:58] [226/459] SDPT
[16:51:59] [227/459] STPS
[16:52:00] [228/459] WWCZ
[16:52:00] [229/459] LLCH
[16:52:01] [230/459] MZHA
[16:52:02] [231/459] CRJG
[16:52:03] [232/459] JGTK
[16:52:04] [233/459] KCSR
[16:52:05] [234/459] CHTL
[16:52:05] [235/459] EDSR
[16:52:07] [236/459] CSWO
[16:52:08] [237/459] CPVM
[16:52:08] [238/459] MXBY
[16:52:09] [239/459] FMMA
[16:52:10] [240/459] POVI
[16:52:11] [241/459] MTHB
[16:52:12] [242/459] INRC
[16:52:13] [243/459] PIPP
[16:52:14] [244/459] BMXC
[16:52:14] [245/459] PCMM
[16:52:15] [246/459] PMKM
[16:52:16] [247/459] GATY
[16:52:17] [248/459] IMCM
[16:52:18] [249/459] POPE
[16:52:18] [250/459] MTCR
[16:52:19] [251/459] PVAE
[16:52:20] [252/459] PVMI
[16:52:20] [253/459] CPNM
[16:52:21] [254/459] FMRL
[16:52:22] [255/459] MCIW
[16:52:23] [256/459] MXBO
[16:52:24] [257/459] FMKY
[16:52:24] [258/459] FMDA
[16:52:25] [259/459] THAB
[16:52:26] [260/459] PRCW
[16:52:27] [261/459] PITI
[16:52:28] [262/459] MCFF
[16:52:29] [263/459] PDDV
[16:52:30] [264/459] MCRM
[16:52:31] [265/459] KKMB
[16:52:32] [266/459] INKO
[16:52:32] [267/459] PLXP
[16:52:33] [268/459] MMHA
[16:52:34] [269/459] FMVS
[16:52:35] [270/459] POLM
[16:52:35] [271/459] STER
[16:52:36] [272/459] PVWJ
[16:52:37] [273/459] IMJW
[16:52:38] [274/459] FNAN
[16:52:39] [275/459] CAGL
[16:52:40] [276/459] IPBG
[16:52:41] [277/459] SMFV
[16:52:41] [278/459] MMMR
[16:52:42] [279/459] MMWM
[16:52:44] [280/459] FNCM
[16:52:44] [281/459] MDVA
[16:52:45] [282/459] MMET
[16:52:46] [283/459] MIDO
[16:52:47] [284/459] INNP
[16:52:48] [285/459] MIFU
[16:52:48] [286/459] MMSZ
[16:52:49] [287/459] BMXA
[16:52:50] [288/459] MCAA
[16:52:50] [289/459] SCVP
[16:52:51] [290/459] PLUS
[16:52:52] [291/459] MUCK
[16:52:53] [292/459] MTMA
[16:52:54] [293/459] HPVR
[16:52:54] [294/459] PMPK
[16:52:55] [295/459] MAJB
[16:52:56] [296/459] CTRR
[16:52:57] [297/459] MCTG
[16:52:58] [298/459] MACE
[16:52:59] [299/459] AAAS
[16:52:59] [300/459] CPVV
[16:53:00] [301/459] RCHG
[16:53:01] [302/459] MCNE
[16:53:02] [303/459] EMNC
[16:53:03] [304/459] MCAN
[16:53:04] [305/459] TCDM
[16:53:05] [306/459] IRGT
[16:53:06] [307/459] GCMG
[16:53:07] [308/459] MXSN
[16:53:08] [309/459] MXCK
[16:53:09] [310/459] MCRC
[16:53:10] [311/459] RSMI
[16:53:10] [312/459] WAML
[16:53:11] [313/459] MTSC
[16:53:12] [314/459] FMDR
[16:53:13] [315/459] LEPV
[16:53:13] [316/459] MTGD
[16:53:14] [317/459] IMOB
[16:53:15] [318/459] CLMM
[16:53:16] [319/459] PZCD
[16:53:16] [320/459] GOCS
[16:53:17] [321/459] KCMA
[16:53:18] [322/459] CCMP
[16:53:19] [323/459] MTSU
[16:53:20] [324/459] SNGL
[16:53:21] [325/459] MMMC
[16:53:22] [326/459] MMAA
[16:53:22] [327/459] GCDM
[16:53:23] [328/459] KTMV
[16:53:24] [329/459] AETE
[16:53:25] [330/459] OMCS
[16:53:25] [331/459] GDCD
[16:53:26] [332/459] NYMD
[16:53:27] [333/459] RNCV
[16:53:28] [334/459] KKMT
[16:53:29] [335/459] GDTH
[16:53:30] [336/459] KMMV
[16:53:30] [337/459] NHCG
[16:53:31] [338/459] PJDW
[16:53:32] [339/459] MMCV
[16:53:33] [340/459] FQSA
[16:53:33] [341/459] KURL
[16:53:34] [342/459] NNNX
[16:53:35] [343/459] AMAU
[16:53:36] [344/459] VVVM
[16:53:37] [345/459] VECU
[16:53:37] [346/459] WCVR
[16:53:38] [347/459] MTGG
[16:53:39] [348/459] SGTG
[16:53:40] [349/459] MNTG
[16:53:41] [350/459] JDDG
[16:53:41] [351/459] MBTK
[16:53:42] [352/459] SGCD
[16:53:43] [353/459] MCTC
[16:53:43] [354/459] JTPC
[16:53:44] [355/459] SDKT
[16:53:45] [356/459] KRCC
[16:53:46] [357/459] RMMD
[16:53:46] [358/459] AAME
[16:53:47] [359/459] TMWC
[16:53:48] [360/459] NRWY
[16:53:49] [361/459] CITD
[16:53:50] [362/459] VERD
[16:53:51] [363/459] MKSK
[16:53:51] [364/459] STSM
[16:53:52] [365/459] MJDG
[16:53:53] [366/459] RKPM
[16:53:54] [367/459] SSCE
[16:53:55] [368/459] VMAE
[16:53:55] [369/459] SBRU
[16:53:57] [370/459] AMBC
[16:53:58] [371/459] AMLU
[16:53:58] [372/459] INVZ
[16:53:59] [373/459] LGTV
[16:54:01] [374/459] SVAD
[16:54:02] [375/459] SMSA
[16:54:03] [376/459] SPCZ
[16:54:04] [377/459] GTCX
[16:54:05] [378/459] SCSL
[16:54:06] [379/459] SAHU
[16:54:07] [380/459] NCDA
[16:54:08] [381/459] SCCG
[16:54:09] [382/459] VKTL
[16:54:10] [383/459] PUUJ
[16:54:11] [384/459] STEJ
[16:54:13] [385/459] RJAL
[16:54:13] [386/459] ACJC
[16:54:14] [387/459] VTHC
[16:54:15] [388/459] ARVB
[16:54:16] [389/459] AUBB
[16:54:16] [390/459] GDBR
[16:54:17] [391/459] PVND
[16:54:18] [392/459] BGRJ
[16:54:19] [393/459] RJMM
[16:54:20] [394/459] MCSA
[16:54:20] [395/459] BODA
[16:54:21] [396/459] JAGG
[16:54:22] [397/459] SCGA
[16:54:23] [398/459] LRCM
[16:54:24] [399/459] CPCN
[16:54:25] [400/459] SSTF
[16:54:25] [401/459] SRXP
[16:54:26] [402/459] CNFX
[16:54:27] [403/459] ANDI
[16:54:28] [404/459] SYEW
[16:54:29] [405/459] RCRE
[16:54:30] [406/459] SCRW
[16:54:30] [407/459] MBKR
[16:54:31] [408/459] ASNT
[16:54:32] [409/459] JTMT
[16:54:33] [410/459] SHAY
[16:54:34] [411/459] VRTH
[16:54:35] [412/459] SPTI
[16:54:36] [413/459] DPTD
[16:54:37] [414/459] TGSN
[16:54:37] [415/459] RCWV
[16:54:38] [416/459] OCUR
[16:54:39] [417/459] KSTC
[16:54:40] [418/459] SANI
[16:54:41] [419/459] MLCA
[16:54:41] [420/459] EGCA
[16:54:42] [421/459] SYSN
[16:54:43] [422/459] PKTA
[16:54:44] [423/459] PRCC
[16:54:45] [424/459] KSTR
[16:54:46] [425/459] SNTP
[16:54:47] [426/459] RCHA
[16:54:47] [427/459] SEEA
[16:54:48] [428/459] ALAT
[16:54:50] [429/459] AATV
[16:54:51] [430/459] RJTE
[16:54:52] [431/459] AAPP
[16:54:53] [432/459] PMMH
[16:54:53] [433/459] INRJ
[16:54:54] [434/459] SARB
[16:54:55] [435/459] PCJL
[16:54:56] [436/459] PFJJ
[16:54:57] [437/459] GRDC
[16:54:58] [438/459] BCBA
[16:54:58] [439/459] VIXL
[16:54:59] [440/459] CSTL
[16:55:00] [441/459] MTDK
[16:55:01] [442/459] TDAC
[16:55:02] [443/459] GTDN
[16:55:03] [444/459] TTDE
[16:55:03] [445/459] ASTS
[16:55:04] [446/459] CPNS
[16:55:05] [447/459] PVVW
[16:55:06] [448/459] USEB
[16:55:06] [449/459] DTYN
[16:55:07] [450/459] PVLE
[16:55:08] [451/459] CIPS
[16:55:09] [452/459] PAEG
[16:55:10] [453/459] PTCW
[16:55:11] [454/459] G3SR
[16:55:12] [455/459] PGND
[16:55:12] [456/459] INVM
[16:55:13] [457/459] SPIA
[16:55:14] [458/459] PCSN
[16:55:15] [459/459] PPGV
[16:55:16] 🧹 Deduping shows
[16:55:16] ✅ DONE | Shows=42 | Movies=10
[04:50:01] 🚀 SCRIPT STARTED
[04:50:01] [1/459] FNDB
[04:50:01] 🧠 New identity created
[04:50:02] [2/459] AMBH
[04:50:02] [3/459] PRHN
[04:50:03] [4/459] ACPM
[04:50:04] [5/459] PVFS
[04:50:04] [6/459] AACN
[04:50:05] [7/459] ACAS
[04:50:06] [8/459] CTNR
[04:50:06] [9/459] MMAH
[04:50:07] [10/459] CPMH
[04:50:08] [11/459] IGMH
[04:50:08] [12/459] ABCS
[04:50:09] [13/459] CMMA
[04:50:09] [14/459] GPRH
[04:50:10] [15/459] PNNG
[04:50:11] [16/459] AMCA
[04:50:11] [17/459] ISTN
[04:50:12] [18/459] PIIC
[04:50:13] [19/459] AHMH
[04:50:13] [20/459] ASHN
[04:50:14] [21/459] INHY
[04:50:14] [22/459] SRMO
[04:50:15] [23/459] PIMH
[04:50:15] [24/459] PVTS
[04:50:16] [25/459] MMCA
[04:50:17] [26/459] AKYJ
[04:50:17] [27/459] BRKH
[04:50:18] [28/459] MAHM
[04:50:19] [29/459] CPHY
[04:50:19] [30/459] PVTP
[04:50:20] [31/459] SMMR
[04:50:21] [32/459] PVHM
[04:50:21] [33/459] SNDY
[04:50:22] [34/459] GOKU
[04:50:23] [35/459] ACEV
[04:50:24] [36/459] PVUM
[04:50:24] [37/459] VSWA
[04:50:25] [38/459] IPRS
[04:50:25] [39/459] ASGN
[04:50:26] [40/459] BKMV
[04:50:26] [41/459] PVYH
[04:50:27] [42/459] INKM
[04:50:27] [43/459] ARJU
[04:50:28] [44/459] JJPP
[04:50:29] [45/459] SSRM
[04:50:29] [46/459] HMHD
[04:50:30] [47/459] SNKH
[04:50:30] [48/459] ACHI
[04:50:31] [49/459] MRAA
[04:50:31] [50/459] INMH
[04:50:32] [51/459] ARMH
[04:50:32] [52/459] DVRR
[04:50:33] [53/459] SUDA
[04:50:34] [54/459] MCSS
[04:50:35] [55/459] VRKC
[04:50:35] [56/459] PRCX
[04:50:36] [57/459] ASJY
[04:50:36] [58/459] MTHY
[04:50:37] [59/459] SRCM
[04:50:38] [60/459] TVHY
[04:50:38] [61/459] STHD
[04:50:39] [62/459] CPCL
[04:50:40] [63/459] PSMJ
[04:50:40] [64/459] MRGT
[04:50:41] [65/459] ARYH
[04:50:41] [66/459] VTRB
[04:50:42] [67/459] SCHC
[04:50:42] [68/459] MRRG
[04:50:43] [69/459] SPCB
[04:50:44] [70/459] AMCM
[04:50:45] [71/459] IVNM
[04:50:45] [72/459] TRHY
[04:50:46] [73/459] PTTH
[04:50:47] [74/459] RKMH
[04:50:47] [75/459] PRCS
[04:50:48] [76/459] VAJA
[04:50:49] [77/459] BJNG
[04:50:49] [78/459] SCVM
[04:50:50] [79/459] GNHB
[04:50:50] [80/459] TLUR
[04:50:51] [81/459] UKCC
[04:50:52] [82/459] SRKR
[04:50:52] [83/459] RMKN
[04:50:53] [84/459] SLRT
[04:50:54] [85/459] LKMT
[04:50:54] [86/459] SSRJ
[04:50:55] [87/459] SPHT
[04:50:55] [88/459] ANTT
[04:50:56] [89/459] SRCH
[04:50:56] [90/459] SRCA
[04:50:57] [91/459] ARTH
[04:50:58] [92/459] MCBH
[04:50:58] [93/459] SNIB
[04:50:59] [94/459] SART
[04:51:00] [95/459] SKTA
[04:51:00] [96/459] YAKT
[04:51:01] [97/459] MLCK
[04:51:02] [98/459] ANTS
[04:51:02] [99/459] DGCA
[04:51:03] [100/459] SGMP
[04:51:04] [101/459] ASWN
[04:51:05] [102/459] KFVU
[04:51:05] [103/459] POOR
[04:51:06] [104/459] GKDN
[04:51:06] [105/459] EOSE
[04:51:07] [106/459] GTTT
[04:51:07] [107/459] ARRO
[04:51:08] [108/459] CMMK
[04:51:09] [109/459] MSCN
[04:51:09] [110/459] GDKH
[04:51:10] [111/459] DLMT
[04:51:10] [112/459] PVMF
[04:51:11] [113/459] CPCK
[04:51:12] [114/459] VMHE
[04:51:12] [115/459] PVLC
[04:51:13] [116/459] PCVB
[04:51:13] [117/459] SNYK
[04:51:14] [118/459] KTEK
[04:51:15] [119/459] PCNM
[04:51:15] [120/459] NTTR
[04:51:16] [121/459] CPSK
[04:51:17] [122/459] JMMA
[04:51:17] [123/459] GCFK
[04:51:18] [124/459] MYCA
[04:51:18] [125/459] KSNP
[04:51:19] [126/459] PMCE
[04:51:20] [127/459] SCKI
[04:51:20] [128/459] FSMA
[04:51:21] [129/459] CETA
[04:51:21] [130/459] MCIK
[04:51:22] [131/459] MYCR
[04:51:22] [132/459] EVMP
[04:51:23] [133/459] SSGT
[04:51:23] [134/459] KCTK
[04:51:24] [135/459] ZTKC
[04:51:24] [136/459] MMTA
[04:51:25] [137/459] MAJT
[04:51:26] [138/459] ACPK
[04:51:26] [139/459] JMAX
[04:51:27] [140/459] SETK
[04:51:28] [141/459] CAIS
[04:51:28] [142/459] AGCD
[04:51:29] [143/459] URCL
[04:51:30] [144/459] VTDS
[04:51:30] [145/459] JCNM
[04:51:31] [146/459] KCAM
[04:51:31] [147/459] ADCU
[04:51:32] [148/459] GXYN
[04:51:33] [149/459] SMJG
[04:51:33] [150/459] EYCJ
[04:51:34] [151/459] CCEJ
[04:51:34] [152/459] MARS
[04:51:35] [153/459] CPVJ
[04:51:36] [154/459] INVP
[04:51:36] [155/459] CPOV
[04:51:37] [156/459] VIJK
[04:51:37] [157/459] LAIM
[04:51:38] [158/459] STHV
[04:51:39] [159/459] SVLJ
[04:51:39] [160/459] ATVJ
[04:51:40] [161/459] JTSC
[04:51:40] [162/459] RMTV
[04:51:41] [163/459] MGGG
[04:51:42] [164/459] SWTH
[04:51:42] [165/459] INVJ
[04:51:43] [166/459] PRSV
[04:51:43] [167/459] JATV
[04:51:44] [168/459] RCVD
[04:51:45] [169/459] BDMA
[04:51:45] [170/459] BLJI
[04:51:46] [171/459] SWOT
[04:51:46] [172/459] SWRN
[04:51:47] [173/459] TVRA
[04:51:48] [174/459] VCSV
[04:51:48] [175/459] NVRN
[04:51:49] [176/459] SIKC
[04:51:50] [177/459] VAKR
[04:51:50] [178/459] SYLN
[04:51:51] [179/459] KLJL
[04:51:51] [180/459] LKMY
[04:51:52] [181/459] VSLY
[04:51:52] [182/459] CIKO
[04:51:53] [183/459] GPBG
[04:51:53] [184/459] CECM
[04:51:54] [185/459] SLKB
[04:51:54] [186/459] MTBO
[04:51:55] [187/459] SSHB
[04:51:55] [188/459] VPCS
[04:51:56] [189/459] RCSR
[04:51:57] [190/459] RJRM
[04:51:57] [191/459] KPPB
[04:51:58] [192/459] SEDC
[04:51:59] [193/459] SCAI
[04:51:59] [194/459] RMTR
[04:52:00] [195/459] ASST
[04:52:00] [196/459] GCAK
[04:52:01] [197/459] ANNK
[04:52:01] [198/459] KDDF
[04:52:02] [199/459] NRDP
[04:52:03] [200/459] PLAK
[04:52:03] [201/459] GCMC
[04:52:04] [202/459] ALPY
[04:52:04] [203/459] SICE
[04:52:05] [204/459] SISR
[04:52:06] [205/459] SRPZ
[04:52:06] [206/459] SRSW
[04:52:07] [207/459] SUYA
[04:52:07] [208/459] AMMT
[04:52:08] [209/459] BHCU
[04:52:09] [210/459] KLPA
[04:52:09] [211/459] NVKH
[04:52:10] [212/459] JMRC
[04:52:10] [213/459] KTTT
[04:52:11] [214/459] MAGH
[04:52:12] [215/459] MMMX
[04:52:13] [216/459] SALJ
[04:52:13] [217/459] GTJA
[04:52:14] [218/459] MAHT
[04:52:14] [219/459] SSNN
[04:52:15] [220/459] ARRP
[04:52:15] [221/459] ATNS
[04:52:16] [222/459] SKDT
[04:52:17] [223/459] ACAT
[04:52:17] [224/459] APRC
[04:52:18] [225/459] SWAG
[04:52:19] [226/459] SDPT
[04:52:19] [227/459] STPS
[04:52:20] [228/459] WWCZ
[04:52:20] [229/459] LLCH
[04:52:21] [230/459] MZHA
[04:52:21] [231/459] CRJG
[04:52:22] [232/459] JGTK
[04:52:22] [233/459] KCSR
[04:52:23] [234/459] CHTL
[04:52:23] [235/459] EDSR
[04:52:24] [236/459] CSWO
[04:52:25] [237/459] CPVM
[04:52:25] [238/459] MXBY
[04:52:26] [239/459] FMMA
[04:52:26] [240/459] POVI
[04:52:27] [241/459] MTHB
[04:52:27] [242/459] INRC
[04:52:28] [243/459] PIPP
[04:52:29] [244/459] BMXC
[04:52:29] [245/459] PCMM
[04:52:30] [246/459] PMKM
[04:52:30] [247/459] GATY
[04:52:31] [248/459] IMCM
[04:52:31] [249/459] POPE
[04:52:32] [250/459] MTCR
[04:52:33] [251/459] PVAE
[04:52:33] [252/459] PVMI
[04:52:34] [253/459] CPNM
[04:52:34] [254/459] FMRL
[04:52:35] [255/459] MCIW
[04:52:36] [256/459] MXBO
[04:52:36] [257/459] FMKY
[04:52:37] [258/459] FMDA
[04:52:37] [259/459] THAB
[04:52:38] [260/459] PRCW
[04:52:39] [261/459] PITI
[04:52:39] [262/459] MCFF
[04:52:40] [263/459] PDDV
[04:52:40] [264/459] MCRM
[04:52:41] [265/459] KKMB
[04:52:42] [266/459] INKO
[04:52:42] [267/459] PLXP
[04:52:43] [268/459] MMHA
[04:52:43] [269/459] FMVS
[04:52:44] [270/459] POLM
[04:52:45] [271/459] STER
[04:52:45] [272/459] PVWJ
[04:52:46] [273/459] IMJW
[04:52:46] [274/459] FNAN
[04:52:47] [275/459] CAGL
[04:52:47] [276/459] IPBG
[04:52:48] [277/459] SMFV
[04:52:49] [278/459] MMMR
[04:52:49] [279/459] MMWM
[04:52:50] [280/459] FNCM
[04:52:51] [281/459] MDVA
[04:52:52] [282/459] MMET
[04:52:52] [283/459] MIDO
[04:52:53] [284/459] INNP
[04:52:53] [285/459] MIFU
[04:52:54] [286/459] MMSZ
[04:52:55] [287/459] BMXA
[04:52:55] [288/459] MCAA
[04:52:55] [289/459] SCVP
[04:52:56] [290/459] PLUS
[04:52:57] [291/459] MUCK
[04:52:57] [292/459] MTMA
[04:52:58] [293/459] HPVR
[04:52:58] [294/459] PMPK
[04:52:59] [295/459] MAJB
[04:52:59] [296/459] CTRR
[04:53:00] [297/459] MCTG
[04:53:01] [298/459] MACE
[04:53:01] [299/459] AAAS
[04:53:02] [300/459] CPVV
[04:53:02] [301/459] RCHG
[04:53:03] [302/459] MCNE
[04:53:03] [303/459] EMNC
[04:53:04] [304/459] MCAN
[04:53:05] [305/459] TCDM
[04:53:05] [306/459] IRGT
[04:53:06] [307/459] GCMG
[04:53:06] [308/459] MXSN
[04:53:07] [309/459] MXCK
[04:53:07] [310/459] MCRC
[04:53:08] [311/459] RSMI
[04:53:09] [312/459] WAML
[04:53:09] [313/459] MTSC
[04:53:10] [314/459] FMDR
[04:53:10] [315/459] LEPV
[04:53:11] [316/459] MTGD
[04:53:12] [317/459] IMOB
[04:53:13] [318/459] CLMM
[04:53:13] [319/459] PZCD
[04:53:14] [320/459] GOCS
[04:53:14] [321/459] KCMA
[04:53:15] [322/459] CCMP
[04:53:15] [323/459] MTSU
[04:53:16] [324/459] SNGL
[04:53:16] [325/459] MMMC
[04:53:17] [326/459] MMAA
[04:53:18] [327/459] GCDM
[04:53:18] [328/459] KTMV
[04:53:19] [329/459] AETE
[04:53:20] [330/459] OMCS
[04:53:20] [331/459] GDCD
[04:53:21] [332/459] NYMD
[04:53:21] [333/459] RNCV
[04:53:22] [334/459] KKMT
[04:53:22] [335/459] GDTH
[04:53:23] [336/459] KMMV
[04:53:24] [337/459] NHCG
[04:53:24] [338/459] PJDW
[04:53:25] [339/459] MMCV
[04:53:26] [340/459] FQSA
[04:53:26] [341/459] KURL
[04:53:27] [342/459] NNNX
[04:53:28] [343/459] AMAU
[04:53:28] [344/459] VVVM
[04:53:29] [345/459] VECU
[04:53:29] [346/459] WCVR
[04:53:30] [347/459] MTGG
[04:53:30] [348/459] SGTG
[04:53:31] [349/459] MNTG
[04:53:32] [350/459] JDDG
[04:53:32] [351/459] MBTK
[04:53:33] [352/459] SGCD
[04:53:34] [353/459] MCTC
[04:53:34] [354/459] JTPC
[04:53:35] [355/459] SDKT
[04:53:35] [356/459] KRCC
[04:53:36] [357/459] RMMD
[04:53:37] [358/459] AAME
[04:53:37] [359/459] TMWC
[04:53:38] [360/459] NRWY
[04:53:38] [361/459] CITD
[04:53:39] [362/459] VERD
[04:53:39] [363/459] MKSK
[04:53:40] [364/459] STSM
[04:53:40] [365/459] MJDG
[04:53:41] [366/459] RKPM
[04:53:41] [367/459] SSCE
[04:53:42] [368/459] VMAE
[04:53:42] [369/459] SBRU
[04:53:43] [370/459] AMBC
[04:53:44] [371/459] AMLU
[04:53:44] [372/459] INVZ
[04:53:45] [373/459] LGTV
[04:53:45] [374/459] SVAD
[04:53:46] [375/459] SMSA
[04:53:46] [376/459] SPCZ
[04:53:47] [377/459] GTCX
[04:53:48] [378/459] SCSL
[04:53:49] [379/459] SAHU
[04:53:49] [380/459] NCDA
[04:53:50] [381/459] SCCG
[04:53:51] [382/459] VKTL
[04:53:51] [383/459] PUUJ
[04:53:52] [384/459] STEJ
[04:53:53] [385/459] RJAL
[04:53:53] [386/459] ACJC
[04:53:54] [387/459] VTHC
[04:53:55] [388/459] ARVB
[04:53:55] [389/459] AUBB
[04:53:56] [390/459] GDBR
[04:53:56] [391/459] PVND
[04:53:57] [392/459] BGRJ
[04:53:58] [393/459] RJMM
[04:53:58] [394/459] MCSA
[04:53:59] [395/459] BODA
[04:53:59] [396/459] JAGG
[04:54:00] [397/459] SCGA
[04:54:00] [398/459] LRCM
[04:54:01] [399/459] CPCN
[04:54:01] [400/459] SSTF
[04:54:02] [401/459] SRXP
[04:54:03] [402/459] CNFX
[04:54:03] [403/459] ANDI
[04:54:04] [404/459] SYEW
[04:54:04] [405/459] RCRE
[04:54:05] [406/459] SCRW
[04:54:06] [407/459] MBKR
[04:54:06] [408/459] ASNT
[04:54:06] [409/459] JTMT
[04:54:07] [410/459] SHAY
[04:54:08] [411/459] VRTH
[04:54:08] [412/459] SPTI
[04:54:09] [413/459] DPTD
[04:54:09] [414/459] TGSN
[04:54:10] [415/459] RCWV
[04:54:11] [416/459] OCUR
[04:54:11] [417/459] KSTC
[04:54:12] [418/459] SANI
[04:54:13] [419/459] MLCA
[04:54:13] [420/459] EGCA
[04:54:14] [421/459] SYSN
[04:54:15] [422/459] PKTA
[04:54:15] [423/459] PRCC
[04:54:16] [424/459] KSTR
[04:54:17] [425/459] SNTP
[04:54:17] [426/459] RCHA
[04:54:18] [427/459] SEEA
[04:54:19] [428/459] ALAT
[04:54:19] [429/459] AATV
[04:54:20] [430/459] RJTE
[04:54:20] [431/459] AAPP
[04:54:21] [432/459] PMMH
[04:54:21] [433/459] INRJ
[04:54:22] [434/459] SARB
[04:54:22] [435/459] PCJL
[04:54:23] [436/459] PFJJ
[04:54:24] [437/459] GRDC
[04:54:25] [438/459] BCBA
[04:54:25] [439/459] VIXL
[04:54:26] [440/459] CSTL
[04:54:27] [441/459] MTDK
[04:54:27] [442/459] TDAC
[04:54:28] [443/459] GTDN
[04:54:28] [444/459] TTDE
[04:54:28] [445/459] ASTS
[04:54:29] [446/459] CPNS
[04:54:30] [447/459] PVVW
[04:54:30] [448/459] USEB
[04:54:31] [449/459] DTYN
[04:54:31] [450/459] PVLE
[04:54:32] [451/459] CIPS
[04:54:33] [452/459] PAEG
[04:54:33] [453/459] PTCW
[04:54:34] [454/459] G3SR
[04:54:34] [455/459] PGND
[04:54:35] [456/459] INVM
[04:54:36] [457/459] SPIA
[04:54:36] [458/459] PCSN
[04:54:37] [459/459] PPGV
[04:54:38] 🧹 Deduping shows
[04:54:38] ✅ DONE | Shows=435 | Movies=17
[12:02:55] 🚀 SCRIPT STARTED
[12:02:55] [1/459] FNDB
[12:02:55] 🧠 New identity created
[12:02:56] [2/459] AMBH
[12:02:58] [3/459] PRHN
[12:02:58] [4/459] ACPM
[12:02:59] [5/459] PVFS
[12:03:00] [6/459] AACN
[12:03:01] [7/459] ACAS
[12:03:02] [8/459] CTNR
[12:03:02] [9/459] MMAH
[12:03:03] [10/459] CPMH
[12:03:04] [11/459] IGMH
[12:03:05] [12/459] ABCS
[12:03:06] [13/459] CMMA
[12:03:07] [14/459] GPRH
[12:03:07] [15/459] PNNG
[12:03:08] [16/459] AMCA
[12:03:09] [17/459] ISTN
[12:03:10] [18/459] PIIC
[12:03:11] [19/459] AHMH
[12:03:12] [20/459] ASHN
[12:03:13] [21/459] INHY
[12:03:14] [22/459] SRMO
[12:03:15] [23/459] PIMH
[12:03:16] [24/459] PVTS
[12:03:17] [25/459] MMCA
[12:03:18] [26/459] AKYJ
[12:03:19] [27/459] BRKH
[12:03:20] [28/459] MAHM
[12:03:21] [29/459] CPHY
[12:03:23] [30/459] PVTP
[12:03:23] [31/459] SMMR
[12:03:24] [32/459] PVHM
[12:03:25] [33/459] SNDY
[12:03:26] [34/459] GOKU
[12:03:27] [35/459] ACEV
[12:03:28] [36/459] PVUM
[12:03:29] [37/459] VSWA
[12:03:29] [38/459] IPRS
[12:03:30] [39/459] ASGN
[12:03:31] [40/459] BKMV
[12:03:32] [41/459] PVYH
[12:03:32] [42/459] INKM
[12:03:34] [43/459] ARJU
[12:03:35] [44/459] JJPP
[12:03:36] [45/459] SSRM
[12:03:36] [46/459] HMHD
[12:03:37] [47/459] SNKH
[12:03:38] [48/459] ACHI
[12:03:39] [49/459] MRAA
[12:03:40] [50/459] INMH
[12:03:41] [51/459] ARMH
[12:03:42] [52/459] DVRR
[12:03:43] [53/459] SUDA
[12:03:44] [54/459] MCSS
[12:03:44] [55/459] VRKC
[12:03:45] [56/459] PRCX
[12:03:46] [57/459] ASJY
[12:03:47] [58/459] MTHY
[12:03:48] [59/459] SRCM
[12:03:49] [60/459] TVHY
[12:03:50] [61/459] STHD
[12:03:51] [62/459] CPCL
[12:03:51] [63/459] PSMJ
[12:03:52] [64/459] MRGT
[12:03:53] [65/459] ARYH
[12:03:54] [66/459] VTRB
[12:03:55] [67/459] SCHC
[12:03:56] [68/459] MRRG
[12:03:56] [69/459] SPCB
[12:03:58] [70/459] AMCM
[12:03:59] [71/459] IVNM
[12:04:00] [72/459] TRHY
[12:04:01] [73/459] PTTH
[12:04:01] [74/459] RKMH
[12:04:02] [75/459] PRCS
[12:04:03] [76/459] VAJA
[12:04:04] [77/459] BJNG
[12:04:04] [78/459] SCVM
[12:04:05] [79/459] GNHB
[12:04:06] [80/459] TLUR
[12:04:07] [81/459] UKCC
[12:04:08] [82/459] SRKR
[12:04:08] [83/459] RMKN
[12:04:09] [84/459] SLRT
[12:04:10] [85/459] LKMT
[12:04:11] [86/459] SSRJ
[12:04:12] [87/459] SPHT
[12:04:12] [88/459] ANTT
[12:04:13] [89/459] SRCH
[12:04:14] [90/459] SRCA
[12:04:15] [91/459] ARTH
[12:04:15] [92/459] MCBH
[12:04:16] [93/459] SNIB
[12:04:17] [94/459] SART
[12:04:18] [95/459] SKTA
[12:04:19] [96/459] YAKT
[12:04:19] [97/459] MLCK
[12:04:21] [98/459] ANTS
[12:04:22] [99/459] DGCA
[12:04:23] [100/459] SGMP
[12:04:24] [101/459] ASWN
[12:04:25] [102/459] KFVU
[12:04:26] [103/459] POOR
[12:04:27] [104/459] GKDN
[12:04:28] [105/459] EOSE
[12:04:29] [106/459] GTTT
[12:04:30] [107/459] ARRO
[12:04:31] [108/459] CMMK
[12:04:32] [109/459] MSCN
[12:04:33] [110/459] GDKH
[12:04:34] [111/459] DLMT
[12:04:35] [112/459] PVMF
[12:04:35] [113/459] CPCK
[12:04:36] [114/459] VMHE
[12:04:37] [115/459] PVLC
[12:04:37] [116/459] PCVB
[12:04:38] [117/459] SNYK
[12:04:39] [118/459] KTEK
[12:04:40] [119/459] PCNM
[12:04:41] [120/459] NTTR
[12:04:41] [121/459] CPSK
[12:04:42] [122/459] JMMA
[12:04:43] [123/459] GCFK
[12:04:43] [124/459] MYCA
[12:04:44] [125/459] KSNP
[12:04:45] [126/459] PMCE
[12:04:46] [127/459] SCKI
[12:04:47] [128/459] FSMA
[12:04:47] [129/459] CETA
[12:04:48] [130/459] MCIK
[12:04:49] [131/459] MYCR
[12:04:50] [132/459] EVMP
[12:04:51] [133/459] SSGT
[12:04:51] [134/459] KCTK
[12:04:52] [135/459] ZTKC
[12:04:53] [136/459] MMTA
[12:04:54] [137/459] MAJT
[12:04:55] [138/459] ACPK
[12:04:55] [139/459] JMAX
[12:04:56] [140/459] SETK
[12:04:57] [141/459] CAIS
[12:04:58] [142/459] AGCD
[12:04:59] [143/459] URCL
[12:05:00] [144/459] VTDS
[12:05:01] [145/459] JCNM
[12:05:01] [146/459] KCAM
[12:05:02] [147/459] ADCU
[12:05:03] [148/459] GXYN
[12:05:05] [149/459] SMJG
[12:05:06] [150/459] EYCJ
[12:05:07] [151/459] CCEJ
[12:05:08] [152/459] MARS
[12:05:09] [153/459] CPVJ
[12:05:09] [154/459] INVP
[12:05:10] [155/459] CPOV
[12:05:11] [156/459] VIJK
[12:05:12] [157/459] LAIM
[12:05:13] [158/459] STHV
[12:05:14] [159/459] SVLJ
[12:05:15] [160/459] ATVJ
[12:05:16] [161/459] JTSC
[12:05:17] [162/459] RMTV
[12:05:17] [163/459] MGGG
[12:05:19] [164/459] SWTH
[12:05:20] [165/459] INVJ
[12:05:21] [166/459] PRSV
[12:05:23] [167/459] JATV
[12:05:23] [168/459] RCVD
[12:05:24] [169/459] BDMA
[12:05:25] [170/459] BLJI
[12:05:26] [171/459] SWOT
[12:05:27] [172/459] SWRN
[12:05:28] [173/459] TVRA
[12:05:29] [174/459] VCSV
[12:05:30] [175/459] NVRN
[12:05:31] [176/459] SIKC
[12:05:31] [177/459] VAKR
[12:05:33] [178/459] SYLN
[12:05:34] [179/459] KLJL
[12:05:35] [180/459] LKMY
[12:05:36] [181/459] VSLY
[12:05:36] [182/459] CIKO
[12:05:37] [183/459] GPBG
[12:05:38] [184/459] CECM
[12:05:38] [185/459] SLKB
[12:05:39] [186/459] MTBO
[12:05:40] [187/459] SSHB
[12:05:41] [188/459] VPCS
[12:05:42] [189/459] RCSR
[12:05:43] [190/459] RJRM
[12:05:44] [191/459] KPPB
[12:05:44] [192/459] SEDC
[12:05:45] [193/459] SCAI
[12:05:46] [194/459] RMTR
[12:05:47] [195/459] ASST
[12:05:48] [196/459] GCAK
[12:05:48] [197/459] ANNK
[12:05:49] [198/459] KDDF
[12:05:50] [199/459] NRDP
[12:05:51] [200/459] PLAK
[12:05:52] [201/459] GCMC
[12:05:54] [202/459] ALPY
[12:05:54] [203/459] SICE
[12:05:55] [204/459] SISR
[12:05:56] [205/459] SRPZ
[12:05:57] [206/459] SRSW
[12:05:58] [207/459] SUYA
[12:05:59] [208/459] AMMT
[12:05:59] [209/459] BHCU
[12:06:00] [210/459] KLPA
[12:06:02] [211/459] NVKH
[12:06:02] [212/459] JMRC
[12:06:03] [213/459] KTTT
[12:06:04] [214/459] MAGH
[12:06:05] [215/459] MMMX
[12:06:06] [216/459] SALJ
[12:06:07] [217/459] GTJA
[12:06:08] [218/459] MAHT
[12:06:08] [219/459] SSNN
[12:06:09] [220/459] ARRP
[12:06:10] [221/459] ATNS
[12:06:11] [222/459] SKDT
[12:06:12] [223/459] ACAT
[12:06:12] [224/459] APRC
[12:06:13] [225/459] SWAG
[12:06:14] [226/459] SDPT
[12:06:15] [227/459] STPS
[12:06:16] [228/459] WWCZ
[12:06:16] [229/459] LLCH
[12:06:17] [230/459] MZHA
[12:06:18] [231/459] CRJG
[12:06:20] [232/459] JGTK
[12:06:21] [233/459] KCSR
[12:06:22] [234/459] CHTL
[12:06:23] [235/459] EDSR
[12:06:24] [236/459] CSWO
[12:06:25] [237/459] CPVM
[12:06:26] [238/459] MXBY
[12:06:26] [239/459] FMMA
[12:06:27] [240/459] POVI
[12:06:28] [241/459] MTHB
[12:06:29] [242/459] INRC
[12:06:29] [243/459] PIPP
[12:06:30] [244/459] BMXC
[12:06:31] [245/459] PCMM
[12:06:33] [246/459] PMKM
[12:06:34] [247/459] GATY
[12:06:35] [248/459] IMCM
[12:06:35] [249/459] POPE
[12:06:36] [250/459] MTCR
[12:06:37] [251/459] PVAE
[12:06:38] [252/459] PVMI
[12:06:39] [253/459] CPNM
[12:06:40] [254/459] FMRL
[12:06:40] [255/459] MCIW
[12:06:41] [256/459] MXBO
[12:06:42] [257/459] FMKY
[12:06:42] [258/459] FMDA
[12:06:43] [259/459] THAB
[12:06:44] [260/459] PRCW
[12:06:45] [261/459] PITI
[12:06:47] [262/459] MCFF
[12:06:48] [263/459] PDDV
[12:06:48] [264/459] MCRM
[12:06:50] [265/459] KKMB
[12:06:51] [266/459] INKO
[12:06:51] [267/459] PLXP
[12:06:52] [268/459] MMHA
[12:06:53] [269/459] FMVS
[12:06:54] [270/459] POLM
[12:06:55] [271/459] STER
[12:06:55] [272/459] PVWJ
[12:06:56] [273/459] IMJW
[12:06:57] [274/459] FNAN
[12:06:57] [275/459] CAGL
[12:06:58] [276/459] IPBG
[12:06:59] [277/459] SMFV
[12:07:00] [278/459] MMMR
[12:07:01] [279/459] MMWM
[12:07:02] [280/459] FNCM
[12:07:03] [281/459] MDVA
[12:07:04] [282/459] MMET
[12:07:05] [283/459] MIDO
[12:07:05] [284/459] INNP
[12:07:06] [285/459] MIFU
[12:07:07] [286/459] MMSZ
[12:07:08] [287/459] BMXA
[12:07:08] [288/459] MCAA
[12:07:10] [289/459] SCVP
[12:07:11] [290/459] PLUS
[12:07:11] [291/459] MUCK
[12:07:12] [292/459] MTMA
[12:07:13] [293/459] HPVR
[12:07:14] [294/459] PMPK
[12:07:15] [295/459] MAJB
[12:07:16] [296/459] CTRR
[12:07:16] [297/459] MCTG
[12:07:17] [298/459] MACE
[12:07:18] [299/459] AAAS
[12:07:19] [300/459] CPVV
[12:07:20] [301/459] RCHG
[12:07:21] [302/459] MCNE
[12:07:21] [303/459] EMNC
[12:07:22] [304/459] MCAN
[12:07:23] [305/459] TCDM
[12:07:24] [306/459] IRGT
[12:07:25] [307/459] GCMG
[12:07:26] [308/459] MXSN
[12:07:26] [309/459] MXCK
[12:07:27] [310/459] MCRC
[12:07:29] [311/459] RSMI
[12:07:30] [312/459] WAML
[12:07:30] [313/459] MTSC
[12:07:31] [314/459] FMDR
[12:07:32] [315/459] LEPV
[12:07:33] [316/459] MTGD
[12:07:34] [317/459] IMOB
[12:07:34] [318/459] CLMM
[12:07:35] [319/459] PZCD
[12:07:36] [320/459] GOCS
[12:07:36] [321/459] KCMA
[12:07:37] [322/459] CCMP
[12:07:38] [323/459] MTSU
[12:07:39] [324/459] SNGL
[12:07:39] [325/459] MMMC
[12:07:40] [326/459] MMAA
[12:07:41] [327/459] GCDM
[12:07:42] [328/459] KTMV
[12:07:43] [329/459] AETE
[12:07:44] [330/459] OMCS
[12:07:44] [331/459] GDCD
[12:07:45] [332/459] NYMD
[12:07:46] [333/459] RNCV
[12:07:47] [334/459] KKMT
[12:07:47] [335/459] GDTH
[12:07:48] [336/459] KMMV
[12:07:49] [337/459] NHCG
[12:07:50] [338/459] PJDW
[12:07:51] [339/459] MMCV
[12:07:52] [340/459] FQSA
[12:07:53] [341/459] KURL
[12:07:54] [342/459] NNNX
[12:07:55] [343/459] AMAU
[12:07:56] [344/459] VVVM
[12:07:57] [345/459] VECU
[12:07:58] [346/459] WCVR
[12:07:58] [347/459] MTGG
[12:07:59] [348/459] SGTG
[12:08:00] [349/459] MNTG
[12:08:01] [350/459] JDDG
[12:08:02] [351/459] MBTK
[12:08:03] [352/459] SGCD
[12:08:04] [353/459] MCTC
[12:08:04] [354/459] JTPC
[12:08:05] [355/459] SDKT
[12:08:06] [356/459] KRCC
[12:08:07] [357/459] RMMD
[12:08:08] [358/459] AAME
[12:08:08] [359/459] TMWC
[12:08:09] [360/459] NRWY
[12:08:10] [361/459] CITD
[12:08:11] [362/459] VERD
[12:08:12] [363/459] MKSK
[12:08:13] [364/459] STSM
[12:08:14] [365/459] MJDG
[12:08:14] [366/459] RKPM
[12:08:15] [367/459] SSCE
[12:08:16] [368/459] VMAE
[12:08:17] [369/459] SBRU
[12:08:18] [370/459] AMBC
[12:08:19] [371/459] AMLU
[12:08:19] [372/459] INVZ
[12:08:21] [373/459] LGTV
[12:08:22] [374/459] SVAD
[12:08:22] [375/459] SMSA
[12:08:23] [376/459] SPCZ
[12:08:24] [377/459] GTCX
[12:08:25] [378/459] SCSL
[12:08:26] [379/459] SAHU
[12:08:27] [380/459] NCDA
[12:08:28] [381/459] SCCG
[12:08:28] [382/459] VKTL
[12:08:29] [383/459] PUUJ
[12:08:30] [384/459] STEJ
[12:08:31] [385/459] RJAL
[12:08:32] [386/459] ACJC
[12:08:32] [387/459] VTHC
[12:08:33] [388/459] ARVB
[12:08:34] [389/459] AUBB
[12:08:35] [390/459] GDBR
[12:08:36] [391/459] PVND
[12:08:37] [392/459] BGRJ
[12:08:37] [393/459] RJMM
[12:08:38] [394/459] MCSA
[12:08:39] [395/459] BODA
[12:08:40] [396/459] JAGG
[12:08:41] [397/459] SCGA
[12:08:42] [398/459] LRCM
[12:08:43] [399/459] CPCN
[12:08:44] [400/459] SSTF
[12:08:45] [401/459] SRXP
[12:08:45] [402/459] CNFX
[12:08:46] [403/459] ANDI
[12:08:47] [404/459] SYEW
[12:08:48] [405/459] RCRE
[12:08:49] [406/459] SCRW
[12:08:49] [407/459] MBKR
[12:08:50] [408/459] ASNT
[12:08:51] [409/459] JTMT
[12:08:52] [410/459] SHAY
[12:08:53] [411/459] VRTH
[12:08:54] [412/459] SPTI
[12:08:54] [413/459] DPTD
[12:08:55] [414/459] TGSN
[12:08:56] [415/459] RCWV
[12:08:57] [416/459] OCUR
[12:08:58] [417/459] KSTC
[12:08:58] [418/459] SANI
[12:09:00] [419/459] MLCA
[12:09:00] [420/459] EGCA
[12:09:01] [421/459] SYSN
[12:09:02] [422/459] PKTA
[12:09:03] [423/459] PRCC
[12:09:03] [424/459] KSTR
[12:09:04] [425/459] SNTP
[12:09:05] [426/459] RCHA
[12:09:05] [427/459] SEEA
[12:09:06] [428/459] ALAT
[12:09:07] [429/459] AATV
[12:09:08] [430/459] RJTE
[12:09:09] [431/459] AAPP
[12:09:10] [432/459] PMMH
[12:09:10] [433/459] INRJ
[12:09:11] [434/459] SARB
[12:09:12] [435/459] PCJL
[12:09:13] [436/459] PFJJ
[12:09:13] [437/459] GRDC
[12:09:14] [438/459] BCBA
[12:09:15] [439/459] VIXL
[12:09:16] [440/459] CSTL
[12:09:17] [441/459] MTDK
[12:09:18] [442/459] TDAC
[12:09:19] [443/459] GTDN
[12:09:19] [444/459] TTDE
[12:09:20] [445/459] ASTS
[12:09:21] [446/459] CPNS
[12:09:22] [447/459] PVVW
[12:09:23] [448/459] USEB
[12:09:24] [449/459] DTYN
[12:09:24] [450/459] PVLE
[12:09:25] [451/459] CIPS
[12:09:26] [452/459] PAEG
[12:09:27] [453/459] PTCW
[12:09:28] [454/459] G3SR
[12:09:29] [455/459] PGND
[12:09:29] [456/459] INVM
[12:09:30] [457/459] SPIA
[12:09:31] [458/459] PCSN
[12:09:32] [459/459] PPGV
[12:09:32] 🧹 Deduping shows
[12:09:32] ✅ DONE | Shows=523 | Movies=18
[19:06:24] 🚀 SCRIPT STARTED
[19:06:24] [1/459] FNDB
[19:06:24] 🧠 New identity created
[19:06:25] [2/459] AMBH
[19:06:26] [3/459] PRHN
[19:06:27] [4/459] ACPM
[19:06:27] [5/459] PVFS
[19:06:28] [6/459] AACN
[19:06:29] [7/459] ACAS
[19:06:30] [8/459] CTNR
[19:06:31] [9/459] MMAH
[19:06:32] [10/459] CPMH
[19:06:33] [11/459] IGMH
[19:06:34] [12/459] ABCS
[19:06:35] [13/459] CMMA
[19:06:36] [14/459] GPRH
[19:06:37] [15/459] PNNG
[19:06:38] [16/459] AMCA
[19:06:39] [17/459] ISTN
[19:06:39] [18/459] PIIC
[19:06:40] [19/459] AHMH
[19:06:41] [20/459] ASHN
[19:06:42] [21/459] INHY
[19:06:42] [22/459] SRMO
[19:06:43] [23/459] PIMH
[19:06:44] [24/459] PVTS
[19:06:45] [25/459] MMCA
[19:06:46] [26/459] AKYJ
[19:06:47] [27/459] BRKH
[19:06:48] [28/459] MAHM
[19:06:48] [29/459] CPHY
[19:06:49] [30/459] PVTP
[19:06:50] [31/459] SMMR
[19:06:51] [32/459] PVHM
[19:06:51] [33/459] SNDY
[19:06:52] [34/459] GOKU
[19:06:53] [35/459] ACEV
[19:06:54] [36/459] PVUM
[19:06:55] [37/459] VSWA
[19:06:55] [38/459] IPRS
[19:06:56] [39/459] ASGN
[19:06:57] [40/459] BKMV
[19:06:58] [41/459] PVYH
[19:06:59] [42/459] INKM
[19:06:59] [43/459] ARJU
[19:07:00] [44/459] JJPP
[19:07:01] [45/459] SSRM
[19:07:01] [46/459] HMHD
[19:07:02] [47/459] SNKH
[19:07:03] [48/459] ACHI
[19:07:03] [49/459] MRAA
[19:07:04] [50/459] INMH
[19:07:04] [51/459] ARMH
[19:07:05] [52/459] DVRR
[19:07:05] [53/459] SUDA
[19:07:06] [54/459] MCSS
[19:07:06] [55/459] VRKC
[19:07:07] [56/459] PRCX
[19:07:07] [57/459] ASJY
[19:07:08] [58/459] MTHY
[19:07:08] [59/459] SRCM
[19:07:09] [60/459] TVHY
[19:07:09] [61/459] STHD
[19:07:10] [62/459] CPCL
[19:07:10] [63/459] PSMJ
[19:07:11] [64/459] MRGT
[19:07:12] [65/459] ARYH
[19:07:12] [66/459] VTRB
[19:07:12] [67/459] SCHC
[19:07:13] [68/459] MRRG
[19:07:14] [69/459] SPCB
[19:07:14] [70/459] AMCM
[19:07:15] [71/459] IVNM
[19:07:16] [72/459] TRHY
[19:07:16] [73/459] PTTH
[19:07:17] [74/459] RKMH
[19:07:17] [75/459] PRCS
[19:07:18] [76/459] VAJA
[19:07:19] [77/459] BJNG
[19:07:19] [78/459] SCVM
[19:07:20] [79/459] GNHB
[19:07:20] [80/459] TLUR
[19:07:21] [81/459] UKCC
[19:07:21] [82/459] SRKR
[19:07:22] [83/459] RMKN
[19:07:23] [84/459] SLRT
[19:07:23] [85/459] LKMT
[19:07:24] [86/459] SSRJ
[19:07:24] [87/459] SPHT
[19:07:25] [88/459] ANTT
[19:07:25] [89/459] SRCH
[19:07:26] [90/459] SRCA
[19:07:27] [91/459] ARTH
[19:07:27] [92/459] MCBH
[19:07:28] [93/459] SNIB
[19:07:29] [94/459] SART
[19:07:29] [95/459] SKTA
[19:07:30] [96/459] YAKT
[19:07:30] [97/459] MLCK
[19:07:31] [98/459] ANTS
[19:07:32] [99/459] DGCA
[19:07:32] [100/459] SGMP
[19:07:33] [101/459] ASWN
[19:07:34] [102/459] KFVU
[19:07:34] [103/459] POOR
[19:07:35] [104/459] GKDN
[19:07:35] [105/459] EOSE
[19:07:36] [106/459] GTTT
[19:07:37] [107/459] ARRO
[19:07:37] [108/459] CMMK
[19:07:38] [109/459] MSCN
[19:07:39] [110/459] GDKH
[19:07:39] [111/459] DLMT
[19:07:40] [112/459] PVMF
[19:07:40] [113/459] CPCK
[19:07:41] [114/459] VMHE
[19:07:41] [115/459] PVLC
[19:07:42] [116/459] PCVB
[19:07:42] [117/459] SNYK
[19:07:43] [118/459] KTEK
[19:07:43] [119/459] PCNM
[19:07:44] [120/459] NTTR
[19:07:45] [121/459] CPSK
[19:07:45] [122/459] JMMA
[19:07:46] [123/459] GCFK
[19:07:46] [124/459] MYCA
[19:07:47] [125/459] KSNP
[19:07:47] [126/459] PMCE
[19:07:48] [127/459] SCKI
[19:07:49] [128/459] FSMA
[19:07:49] [129/459] CETA
[19:07:50] [130/459] MCIK
[19:07:50] [131/459] MYCR
[19:07:51] [132/459] EVMP
[19:07:52] [133/459] SSGT
[19:07:52] [134/459] KCTK
[19:07:53] [135/459] ZTKC
[19:07:54] [136/459] MMTA
[19:07:54] [137/459] MAJT
[19:07:55] [138/459] ACPK
[19:07:56] [139/459] JMAX
[19:07:56] [140/459] SETK
[19:07:57] [141/459] CAIS
[19:07:57] [142/459] AGCD
[19:07:58] [143/459] URCL
[19:07:59] [144/459] VTDS
[19:07:59] [145/459] JCNM
[19:08:00] [146/459] KCAM
[19:08:01] [147/459] ADCU
[19:08:01] [148/459] GXYN
[19:08:01] [149/459] SMJG
[19:08:02] [150/459] EYCJ
[19:08:03] [151/459] CCEJ
[19:08:03] [152/459] MARS
[19:08:04] [153/459] CPVJ
[19:08:04] [154/459] INVP
[19:08:05] [155/459] CPOV
[19:08:05] [156/459] VIJK
[19:08:06] [157/459] LAIM
[19:08:06] [158/459] STHV
[19:08:07] [159/459] SVLJ
[19:08:07] [160/459] ATVJ
[19:08:08] [161/459] JTSC
[19:08:09] [162/459] RMTV
[19:08:10] [163/459] MGGG
[19:08:10] [164/459] SWTH
[19:08:11] [165/459] INVJ
[19:08:11] [166/459] PRSV
[19:08:12] [167/459] JATV
[19:08:13] [168/459] RCVD
[19:08:14] [169/459] BDMA
[19:08:14] [170/459] BLJI
[19:08:15] [171/459] SWOT
[19:08:15] [172/459] SWRN
[19:08:16] [173/459] TVRA
[19:08:16] [174/459] VCSV
[19:08:17] [175/459] NVRN
[19:08:17] [176/459] SIKC
[19:08:18] [177/459] VAKR
[19:08:18] [178/459] SYLN
[19:08:19] [179/459] KLJL
[19:08:20] [180/459] LKMY
[19:08:20] [181/459] VSLY
[19:08:21] [182/459] CIKO
[19:08:21] [183/459] GPBG
[19:08:22] [184/459] CECM
[19:08:22] [185/459] SLKB
[19:08:23] [186/459] MTBO
[19:08:24] [187/459] SSHB
[19:08:25] [188/459] VPCS
[19:08:26] [189/459] RCSR
[19:08:26] [190/459] RJRM
[19:08:27] [191/459] KPPB
[19:08:27] [192/459] SEDC
[19:08:28] [193/459] SCAI
[19:08:29] [194/459] RMTR
[19:08:29] [195/459] ASST
[19:08:29] [196/459] GCAK
[19:08:30] [197/459] ANNK
[19:08:31] [198/459] KDDF
[19:08:31] [199/459] NRDP
[19:08:32] [200/459] PLAK
[19:08:32] [201/459] GCMC
[19:08:33] [202/459] ALPY
[19:08:33] [203/459] SICE
[19:08:34] [204/459] SISR
[19:08:35] [205/459] SRPZ
[19:08:35] [206/459] SRSW
[19:08:35] [207/459] SUYA
[19:08:36] [208/459] AMMT
[19:08:37] [209/459] BHCU
[19:08:37] [210/459] KLPA
[19:08:37] [211/459] NVKH
[19:08:38] [212/459] JMRC
[19:08:39] [213/459] KTTT
[19:08:40] [214/459] MAGH
[19:08:40] [215/459] MMMX
[19:08:41] [216/459] SALJ
[19:08:41] [217/459] GTJA
[19:08:42] [218/459] MAHT
[19:08:43] [219/459] SSNN
[19:08:43] [220/459] ARRP
[19:08:44] [221/459] ATNS
[19:08:44] [222/459] SKDT
[19:08:45] [223/459] ACAT
[19:08:45] [224/459] APRC
[19:08:46] [225/459] SWAG
[19:08:46] [226/459] SDPT
[19:08:47] [227/459] STPS
[19:08:47] [228/459] WWCZ
[19:08:48] [229/459] LLCH
[19:08:48] [230/459] MZHA
[19:08:49] [231/459] CRJG
[19:08:49] [232/459] JGTK
[19:08:50] [233/459] KCSR
[19:08:51] [234/459] CHTL
[19:08:51] [235/459] EDSR
[19:08:52] [236/459] CSWO
[19:08:53] [237/459] CPVM
[19:08:53] [238/459] MXBY
[19:08:54] [239/459] FMMA
[19:08:54] [240/459] POVI
[19:08:55] [241/459] MTHB
[19:08:55] [242/459] INRC
[19:08:55] [243/459] PIPP
[19:08:56] [244/459] BMXC
[19:08:56] [245/459] PCMM
[19:08:57] [246/459] PMKM
[19:08:58] [247/459] GATY
[19:08:58] [248/459] IMCM
[19:08:59] [249/459] POPE
[19:09:00] [250/459] MTCR
[19:09:00] [251/459] PVAE
[19:09:01] [252/459] PVMI
[19:09:02] [253/459] CPNM
[19:09:02] [254/459] FMRL
[19:09:03] [255/459] MCIW
[19:09:03] [256/459] MXBO
[19:09:04] [257/459] FMKY
[19:09:04] [258/459] FMDA
[19:09:05] [259/459] THAB
[19:09:06] [260/459] PRCW
[19:09:06] [261/459] PITI
[19:09:07] [262/459] MCFF
[19:09:07] [263/459] PDDV
[19:09:08] [264/459] MCRM
[19:09:08] [265/459] KKMB
[19:09:09] [266/459] INKO
[19:09:10] [267/459] PLXP
[19:09:10] [268/459] MMHA
[19:09:11] [269/459] FMVS
[19:09:12] [270/459] POLM
[19:09:12] [271/459] STER
[19:09:13] [272/459] PVWJ
[19:09:13] [273/459] IMJW
[19:09:14] [274/459] FNAN
[19:09:15] [275/459] CAGL
[19:09:15] [276/459] IPBG
[19:09:16] [277/459] SMFV
[19:09:16] [278/459] MMMR
[19:09:17] [279/459] MMWM
[19:09:17] [280/459] FNCM
[19:09:18] [281/459] MDVA
[19:09:18] [282/459] MMET
[19:09:19] [283/459] MIDO
[19:09:19] [284/459] INNP
[19:09:20] [285/459] MIFU
[19:09:21] [286/459] MMSZ
[19:09:21] [287/459] BMXA
[19:09:22] [288/459] MCAA
[19:09:22] [289/459] SCVP
[19:09:23] [290/459] PLUS
[19:09:23] [291/459] MUCK
[19:09:24] [292/459] MTMA
[19:09:25] [293/459] HPVR
[19:09:25] [294/459] PMPK
[19:09:26] [295/459] MAJB
[19:09:26] [296/459] CTRR
[19:09:27] [297/459] MCTG
[19:09:27] [298/459] MACE
[19:09:28] [299/459] AAAS
[19:09:29] [300/459] CPVV
[19:09:29] [301/459] RCHG
[19:09:30] [302/459] MCNE
[19:09:31] [303/459] EMNC
[19:09:31] [304/459] MCAN
[19:09:32] [305/459] TCDM
[19:09:32] [306/459] IRGT
[19:09:33] [307/459] GCMG
[19:09:33] [308/459] MXSN
[19:09:34] [309/459] MXCK
[19:09:35] [310/459] MCRC
[19:09:35] [311/459] RSMI
[19:09:36] [312/459] WAML
[19:09:36] [313/459] MTSC
[19:09:37] [314/459] FMDR
[19:09:37] [315/459] LEPV
[19:09:38] [316/459] MTGD
[19:09:38] [317/459] IMOB
[19:09:39] [318/459] CLMM
[19:09:40] [319/459] PZCD
[19:09:40] [320/459] GOCS
[19:09:41] [321/459] KCMA
[19:09:41] [322/459] CCMP
[19:09:42] [323/459] MTSU
[19:09:42] [324/459] SNGL
[19:09:43] [325/459] MMMC
[19:09:44] [326/459] MMAA
[19:09:44] [327/459] GCDM
[19:09:45] [328/459] KTMV
[19:09:45] [329/459] AETE
[19:09:46] [330/459] OMCS
[19:09:46] [331/459] GDCD
[19:09:47] [332/459] NYMD
[19:09:47] [333/459] RNCV
[19:09:48] [334/459] KKMT
[19:09:49] [335/459] GDTH
[19:09:50] [336/459] KMMV
[19:09:50] [337/459] NHCG
[19:09:51] [338/459] PJDW
[19:09:51] [339/459] MMCV
[19:09:52] [340/459] FQSA
[19:09:52] [341/459] KURL
[19:09:53] [342/459] NNNX
[19:09:53] [343/459] AMAU
[19:09:54] [344/459] VVVM
[19:09:54] [345/459] VECU
[19:09:55] [346/459] WCVR
[19:09:56] [347/459] MTGG
[19:09:56] [348/459] SGTG
[19:09:57] [349/459] MNTG
[19:09:57] [350/459] JDDG
[19:09:58] [351/459] MBTK
[19:09:59] [352/459] SGCD
[19:09:59] [353/459] MCTC
[19:10:00] [354/459] JTPC
[19:10:00] [355/459] SDKT
[19:10:01] [356/459] KRCC
[19:10:02] [357/459] RMMD
[19:10:02] [358/459] AAME
[19:10:03] [359/459] TMWC
[19:10:04] [360/459] NRWY
[19:10:04] [361/459] CITD
[19:10:05] [362/459] VERD
[19:10:06] [363/459] MKSK
[19:10:06] [364/459] STSM
[19:10:07] [365/459] MJDG
[19:10:07] [366/459] RKPM
[19:10:08] [367/459] SSCE
[19:10:08] [368/459] VMAE
[19:10:09] [369/459] SBRU
[19:10:10] [370/459] AMBC
[19:10:10] [371/459] AMLU
[19:10:11] [372/459] INVZ
[19:10:11] [373/459] LGTV
[19:10:11] [374/459] SVAD
[19:10:12] [375/459] SMSA
[19:10:13] [376/459] SPCZ
[19:10:13] [377/459] GTCX
[19:10:14] [378/459] SCSL
[19:10:15] [379/459] SAHU
[19:10:15] [380/459] NCDA
[19:10:16] [381/459] SCCG
[19:10:16] [382/459] VKTL
[19:10:17] [383/459] PUUJ
[19:10:17] [384/459] STEJ
[19:10:18] [385/459] RJAL
[19:10:18] [386/459] ACJC
[19:10:19] [387/459] VTHC
[19:10:20] [388/459] ARVB
[19:10:20] [389/459] AUBB
[19:10:21] [390/459] GDBR
[19:10:21] [391/459] PVND
[19:10:22] [392/459] BGRJ
[19:10:22] [393/459] RJMM
[19:10:23] [394/459] MCSA
[19:10:23] [395/459] BODA
[19:10:24] [396/459] JAGG
[19:10:24] [397/459] SCGA
[19:10:25] [398/459] LRCM
[19:10:26] [399/459] CPCN
[19:10:26] [400/459] SSTF
[19:10:27] [401/459] SRXP
[19:10:27] [402/459] CNFX
[19:10:28] [403/459] ANDI
[19:10:29] [404/459] SYEW
[19:10:29] [405/459] RCRE
[19:10:30] [406/459] SCRW
[19:10:30] [407/459] MBKR
[19:10:31] [408/459] ASNT
[19:10:32] [409/459] JTMT
[19:10:32] [410/459] SHAY
[19:10:33] [411/459] VRTH
[19:10:33] [412/459] SPTI
[19:10:34] [413/459] DPTD
[19:10:35] [414/459] TGSN
[19:10:35] [415/459] RCWV
[19:10:36] [416/459] OCUR
[19:10:37] [417/459] KSTC
[19:10:37] [418/459] SANI
[19:10:38] [419/459] MLCA
[19:10:39] [420/459] EGCA
[19:10:39] [421/459] SYSN
[19:10:40] [422/459] PKTA
[19:10:40] [423/459] PRCC
[19:10:41] [424/459] KSTR
[19:10:41] [425/459] SNTP
[19:10:42] [426/459] RCHA
[19:10:43] [427/459] SEEA
[19:10:43] [428/459] ALAT
[19:10:44] [429/459] AATV
[19:10:44] [430/459] RJTE
[19:10:45] [431/459] AAPP
[19:10:45] [432/459] PMMH
[19:10:46] [433/459] INRJ
[19:10:47] [434/459] SARB
[19:10:47] [435/459] PCJL
[19:10:48] [436/459] PFJJ
[19:10:48] [437/459] GRDC
[19:10:49] [438/459] BCBA
[19:10:49] [439/459] VIXL
[19:10:50] [440/459] CSTL
[19:10:50] [441/459] MTDK
[19:10:51] [442/459] TDAC
[19:10:52] [443/459] GTDN
[19:10:52] [444/459] TTDE
[19:10:53] [445/459] ASTS
[19:10:53] [446/459] CPNS
[19:10:54] [447/459] PVVW
[19:10:55] [448/459] USEB
[19:10:55] [449/459] DTYN
[19:10:56] [450/459] PVLE
[19:10:56] [451/459] CIPS
[19:10:57] [452/459] PAEG
[19:10:58] [453/459] PTCW
[19:10:58] [454/459] G3SR
[19:10:58] [455/459] PGND
[19:10:59] [456/459] INVM
[19:10:59] [457/459] SPIA
[19:11:00] [458/459] PCSN
[19:11:01] [459/459] PPGV
[19:11:01] 🧹 Deduping shows
[19:11:01] ✅ DONE | Shows=973 | Movies=37
[21:55:50] 🚀 SCRIPT STARTED
[21:55:50] [1/459] FNDB
[21:55:50] 🧠 New identity created
[21:55:51] [2/459] AMBH
[21:55:52] [3/459] PRHN
[21:55:52] [4/459] ACPM
[21:55:54] [5/459] PVFS
[21:55:54] [6/459] AACN
[21:55:55] [7/459] ACAS
[21:55:56] [8/459] CTNR
[21:55:58] [9/459] MMAH
[21:55:58] [10/459] CPMH
[21:55:59] [11/459] IGMH
[21:56:00] [12/459] ABCS
[21:56:01] [13/459] CMMA
[21:56:03] [14/459] GPRH
[21:56:03] [15/459] PNNG
[21:56:04] [16/459] AMCA
[21:56:05] [17/459] ISTN
[21:56:06] [18/459] PIIC
[21:56:07] [19/459] AHMH
[21:56:07] [20/459] ASHN
[21:56:08] [21/459] INHY
[21:56:09] [22/459] SRMO
[21:56:10] [23/459] PIMH
[21:56:11] [24/459] PVTS
[21:56:12] [25/459] MMCA
[21:56:13] [26/459] AKYJ
[21:56:13] [27/459] BRKH
[21:56:14] [28/459] MAHM
[21:56:15] [29/459] CPHY
[21:56:16] [30/459] PVTP
[21:56:18] [31/459] SMMR
[21:56:19] [32/459] PVHM
[21:56:20] [33/459] SNDY
[21:56:20] [34/459] GOKU
[21:56:21] [35/459] ACEV
[21:56:23] [36/459] PVUM
[21:56:24] [37/459] VSWA
[21:56:25] [38/459] IPRS
[21:56:26] [39/459] ASGN
[21:56:26] [40/459] BKMV
[21:56:27] [41/459] PVYH
[21:56:28] [42/459] INKM
[21:56:29] [43/459] ARJU
[21:56:30] [44/459] JJPP
[21:56:31] [45/459] SSRM
[21:56:32] [46/459] HMHD
[21:56:33] [47/459] SNKH
[21:56:33] [48/459] ACHI
[21:56:34] [49/459] MRAA
[21:56:36] [50/459] INMH
[21:56:37] [51/459] ARMH
[21:56:38] [52/459] DVRR
[21:56:39] [53/459] SUDA
[21:56:40] [54/459] MCSS
[21:56:41] [55/459] VRKC
[21:56:43] [56/459] PRCX
[21:56:43] [57/459] ASJY
[21:56:44] [58/459] MTHY
[21:56:45] [59/459] SRCM
[21:56:46] [60/459] TVHY
[21:56:47] [61/459] STHD
[21:56:48] [62/459] CPCL
[21:56:49] [63/459] PSMJ
[21:56:50] [64/459] MRGT
[21:56:50] [65/459] ARYH
[21:56:51] [66/459] VTRB
[21:56:52] [67/459] SCHC
[21:56:54] [68/459] MRRG
[21:56:55] [69/459] SPCB
[21:56:56] [70/459] AMCM
[21:56:57] [71/459] IVNM
[21:56:58] [72/459] TRHY
[21:56:59] [73/459] PTTH
[21:57:01] [74/459] RKMH
[21:57:02] [75/459] PRCS
[21:57:03] [76/459] VAJA
[21:57:04] [77/459] BJNG
[21:57:05] [78/459] SCVM
[21:57:05] [79/459] GNHB
[21:57:06] [80/459] TLUR
[21:57:07] [81/459] UKCC
[21:57:08] [82/459] SRKR
[21:57:09] [83/459] RMKN
[21:57:11] [84/459] SLRT
[21:57:11] [85/459] LKMT
[21:57:12] [86/459] SSRJ
[21:57:13] [87/459] SPHT
[21:57:14] [88/459] ANTT
[21:57:16] [89/459] SRCH
[21:57:17] [90/459] SRCA
[21:57:18] [91/459] ARTH
[21:57:19] [92/459] MCBH
[21:57:19] [93/459] SNIB
[21:57:20] [94/459] SART
[21:57:21] [95/459] SKTA
[21:57:22] [96/459] YAKT
[21:57:23] [97/459] MLCK
[21:57:24] [98/459] ANTS
[21:57:24] [99/459] DGCA
[21:57:26] [100/459] SGMP
[21:57:27] [101/459] ASWN
[21:57:27] [102/459] KFVU
[21:57:28] [103/459] POOR
[21:57:29] [104/459] GKDN
[21:57:31] [105/459] EOSE
[21:57:32] [106/459] GTTT
[21:57:33] [107/459] ARRO
[21:57:34] [108/459] CMMK
[21:57:35] [109/459] MSCN
[21:57:35] [110/459] GDKH
[21:57:36] [111/459] DLMT
[21:57:37] [112/459] PVMF
[21:57:38] [113/459] CPCK
[21:57:39] [114/459] VMHE
[21:57:40] [115/459] PVLC
[21:57:41] [116/459] PCVB
[21:57:42] [117/459] SNYK
[21:57:43] [118/459] KTEK
[21:57:44] [119/459] PCNM
[21:57:45] [120/459] NTTR
[21:57:46] [121/459] CPSK
[21:57:46] [122/459] JMMA
[21:57:47] [123/459] GCFK
[21:57:48] [124/459] MYCA
[21:57:49] [125/459] KSNP
[21:57:49] [126/459] PMCE
[21:57:50] [127/459] SCKI
[21:57:51] [128/459] FSMA
[21:57:52] [129/459] CETA
[21:57:53] [130/459] MCIK
[21:57:54] [131/459] MYCR
[21:57:55] [132/459] EVMP
[21:57:56] [133/459] SSGT
[21:57:57] [134/459] KCTK
[21:57:57] [135/459] ZTKC
[21:57:58] [136/459] MMTA
[21:57:59] [137/459] MAJT
[21:58:00] [138/459] ACPK
[21:58:00] [139/459] JMAX
[21:58:02] [140/459] SETK
[21:58:03] [141/459] CAIS
[21:58:04] [142/459] AGCD
[21:58:04] [143/459] URCL
[21:58:05] [144/459] VTDS
[21:58:06] [145/459] JCNM
[21:58:06] [146/459] KCAM
[21:58:07] [147/459] ADCU
[21:58:08] [148/459] GXYN
[21:58:09] [149/459] SMJG
[21:58:10] [150/459] EYCJ
[21:58:11] [151/459] CCEJ
[21:58:12] [152/459] MARS
[21:58:13] [153/459] CPVJ
[21:58:14] [154/459] INVP
[21:58:15] [155/459] CPOV
[21:58:16] [156/459] VIJK
[21:58:17] [157/459] LAIM
[21:58:18] [158/459] STHV
[21:58:18] [159/459] SVLJ
[21:58:19] [160/459] ATVJ
[21:58:20] [161/459] JTSC
[21:58:21] [162/459] RMTV
[21:58:22] [163/459] MGGG
[21:58:23] [164/459] SWTH
[21:58:24] [165/459] INVJ
[21:58:25] [166/459] PRSV
[21:58:26] [167/459] JATV
[21:58:27] [168/459] RCVD
[21:58:28] [169/459] BDMA
[21:58:29] [170/459] BLJI
[21:58:30] [171/459] SWOT
[21:58:32] [172/459] SWRN
[21:58:33] [173/459] TVRA
[21:58:34] [174/459] VCSV
[21:58:35] [175/459] NVRN
[21:58:36] [176/459] SIKC
[21:58:37] [177/459] VAKR
[21:58:39] [178/459] SYLN
[21:58:39] [179/459] KLJL
[21:58:40] [180/459] LKMY
[21:58:41] [181/459] VSLY
[21:58:42] [182/459] CIKO
[21:58:43] [183/459] GPBG
[21:58:43] [184/459] CECM
[21:58:44] [185/459] SLKB
[21:58:45] [186/459] MTBO
[21:58:46] [187/459] SSHB
[21:58:47] [188/459] VPCS
[21:58:48] [189/459] RCSR
[21:58:49] [190/459] RJRM
[21:58:49] [191/459] KPPB
[21:58:50] [192/459] SEDC
[21:58:51] [193/459] SCAI
[21:58:52] [194/459] RMTR
[21:58:53] [195/459] ASST
[21:58:54] [196/459] GCAK
[21:58:55] [197/459] ANNK
[21:58:55] [198/459] KDDF
[21:58:57] [199/459] NRDP
[21:58:58] [200/459] PLAK
[21:58:59] [201/459] GCMC
[21:58:59] [202/459] ALPY
[21:59:00] [203/459] SICE
[21:59:01] [204/459] SISR
[21:59:02] [205/459] SRPZ
[21:59:03] [206/459] SRSW
[21:59:03] [207/459] SUYA
[21:59:04] [208/459] AMMT
[21:59:06] [209/459] BHCU
[21:59:06] [210/459] KLPA
[21:59:07] [211/459] NVKH
[21:59:08] [212/459] JMRC
[21:59:09] [213/459] KTTT
[21:59:10] [214/459] MAGH
[21:59:11] [215/459] MMMX
[21:59:12] [216/459] SALJ
[21:59:13] [217/459] GTJA
[21:59:14] [218/459] MAHT
[21:59:14] [219/459] SSNN
[21:59:15] [220/459] ARRP
[21:59:17] [221/459] ATNS
[21:59:18] [222/459] SKDT
[21:59:18] [223/459] ACAT
[21:59:19] [224/459] APRC
[21:59:20] [225/459] SWAG
[21:59:21] [226/459] SDPT
[21:59:22] [227/459] STPS
[21:59:23] [228/459] WWCZ
[21:59:24] [229/459] LLCH
[21:59:25] [230/459] MZHA
[21:59:26] [231/459] CRJG
[21:59:26] [232/459] JGTK
[21:59:27] [233/459] KCSR
[21:59:28] [234/459] CHTL
[21:59:29] [235/459] EDSR
[21:59:30] [236/459] CSWO
[21:59:31] [237/459] CPVM
[21:59:32] [238/459] MXBY
[21:59:32] [239/459] FMMA
[21:59:33] [240/459] POVI
[21:59:34] [241/459] MTHB
[21:59:35] [242/459] INRC
[21:59:36] [243/459] PIPP
[21:59:36] [244/459] BMXC
[21:59:37] [245/459] PCMM
[21:59:38] [246/459] PMKM
[21:59:39] [247/459] GATY
[21:59:40] [248/459] IMCM
[21:59:40] [249/459] POPE
[21:59:42] [250/459] MTCR
[21:59:42] [251/459] PVAE
[21:59:43] [252/459] PVMI
[21:59:44] [253/459] CPNM
[21:59:45] [254/459] FMRL
[21:59:46] [255/459] MCIW
[21:59:47] [256/459] MXBO
[21:59:48] [257/459] FMKY
[21:59:48] [258/459] FMDA
[21:59:49] [259/459] THAB
[21:59:50] [260/459] PRCW
[21:59:51] [261/459] PITI
[21:59:52] [262/459] MCFF
[21:59:52] [263/459] PDDV
[21:59:53] [264/459] MCRM
[21:59:54] [265/459] KKMB
[21:59:55] [266/459] INKO
[21:59:56] [267/459] PLXP
[21:59:57] [268/459] MMHA
[21:59:57] [269/459] FMVS
[21:59:58] [270/459] POLM
[21:59:59] [271/459] STER
[22:00:00] [272/459] PVWJ
[22:00:01] [273/459] IMJW
[22:00:01] [274/459] FNAN
[22:00:03] [275/459] CAGL
[22:00:04] [276/459] IPBG
[22:00:05] [277/459] SMFV
[22:00:06] [278/459] MMMR
[22:00:07] [279/459] MMWM
[22:00:07] [280/459] FNCM
[22:00:08] [281/459] MDVA
[22:00:09] [282/459] MMET
[22:00:10] [283/459] MIDO
[22:00:10] [284/459] INNP
[22:00:11] [285/459] MIFU
[22:00:12] [286/459] MMSZ
[22:00:13] [287/459] BMXA
[22:00:14] [288/459] MCAA
[22:00:15] [289/459] SCVP
[22:00:16] [290/459] PLUS
[22:00:17] [291/459] MUCK
[22:00:18] [292/459] MTMA
[22:00:19] [293/459] HPVR
[22:00:19] [294/459] PMPK
[22:00:20] [295/459] MAJB
[22:00:21] [296/459] CTRR
[22:00:22] [297/459] MCTG
[22:00:23] [298/459] MACE
[22:00:24] [299/459] AAAS
[22:00:24] [300/459] CPVV
[22:00:25] [301/459] RCHG
[22:00:26] [302/459] MCNE
[22:00:27] [303/459] EMNC
[22:00:28] [304/459] MCAN
[22:00:29] [305/459] TCDM
[22:00:29] [306/459] IRGT
[22:00:30] [307/459] GCMG
[22:00:31] [308/459] MXSN
[22:00:32] [309/459] MXCK
[22:00:33] [310/459] MCRC
[22:00:33] [311/459] RSMI
[22:00:34] [312/459] WAML
[22:00:35] [313/459] MTSC
[22:00:36] [314/459] FMDR
[22:00:37] [315/459] LEPV
[22:00:38] [316/459] MTGD
[22:00:39] [317/459] IMOB
[22:00:39] [318/459] CLMM
[22:00:40] [319/459] PZCD
[22:00:41] [320/459] GOCS
[22:00:42] [321/459] KCMA
[22:00:42] [322/459] CCMP
[22:00:43] [323/459] MTSU
[22:00:44] [324/459] SNGL
[22:00:46] [325/459] MMMC
[22:00:47] [326/459] MMAA
[22:00:47] [327/459] GCDM
[22:00:48] [328/459] KTMV
[22:00:49] [329/459] AETE
[22:00:49] [330/459] OMCS
[22:00:50] [331/459] GDCD
[22:00:51] [332/459] NYMD
[22:00:52] [333/459] RNCV
[22:00:52] [334/459] KKMT
[22:00:53] [335/459] GDTH
[22:00:54] [336/459] KMMV
[22:00:55] [337/459] NHCG
[22:00:56] [338/459] PJDW
[22:00:57] [339/459] MMCV
[22:00:58] [340/459] FQSA
[22:00:58] [341/459] KURL
[22:00:59] [342/459] NNNX
[22:01:00] [343/459] AMAU
[22:01:01] [344/459] VVVM
[22:01:02] [345/459] VECU
[22:01:03] [346/459] WCVR
[22:01:04] [347/459] MTGG
[22:01:04] [348/459] SGTG
[22:01:05] [349/459] MNTG
[22:01:07] [350/459] JDDG
[22:01:08] [351/459] MBTK
[22:01:08] [352/459] SGCD
[22:01:09] [353/459] MCTC
[22:01:09] [354/459] JTPC
[22:01:10] [355/459] SDKT
[22:01:11] [356/459] KRCC
[22:01:12] [357/459] RMMD
[22:01:13] [358/459] AAME
[22:01:14] [359/459] TMWC
[22:01:14] [360/459] NRWY
[22:01:15] [361/459] CITD
[22:01:16] [362/459] VERD
[22:01:17] [363/459] MKSK
[22:01:18] [364/459] STSM
[22:01:18] [365/459] MJDG
[22:01:20] [366/459] RKPM
[22:01:21] [367/459] SSCE
[22:01:21] [368/459] VMAE
[22:01:22] [369/459] SBRU
[22:01:23] [370/459] AMBC
[22:01:24] [371/459] AMLU
[22:01:25] [372/459] INVZ
[22:01:26] [373/459] LGTV
[22:01:27] [374/459] SVAD
[22:01:28] [375/459] SMSA
[22:01:30] [376/459] SPCZ
[22:01:31] [377/459] GTCX
[22:01:31] [378/459] SCSL
[22:01:32] [379/459] SAHU
[22:01:33] [380/459] NCDA
[22:01:34] [381/459] SCCG
[22:01:35] [382/459] VKTL
[22:01:36] [383/459] PUUJ
[22:01:37] [384/459] STEJ
[22:01:38] [385/459] RJAL
[22:01:39] [386/459] ACJC
[22:01:40] [387/459] VTHC
[22:01:40] [388/459] ARVB
[22:01:41] [389/459] AUBB
[22:01:42] [390/459] GDBR
[22:01:42] [391/459] PVND
[22:01:43] [392/459] BGRJ
[22:01:44] [393/459] RJMM
[22:01:45] [394/459] MCSA
[22:01:46] [395/459] BODA
[22:01:46] [396/459] JAGG
[22:01:48] [397/459] SCGA
[22:01:49] [398/459] LRCM
[22:01:49] [399/459] CPCN
[22:01:50] [400/459] SSTF
[22:01:51] [401/459] SRXP
[22:01:52] [402/459] CNFX
[22:01:53] [403/459] ANDI
[22:01:53] [404/459] SYEW
[22:01:54] [405/459] RCRE
[22:01:55] [406/459] SCRW
[22:01:56] [407/459] MBKR
[22:01:57] [408/459] ASNT
[22:01:57] [409/459] JTMT
[22:01:58] [410/459] SHAY
[22:01:59] [411/459] VRTH
[22:02:00] [412/459] SPTI
[22:02:01] [413/459] DPTD
[22:02:02] [414/459] TGSN
[22:02:02] [415/459] RCWV
[22:02:03] [416/459] OCUR
[22:02:04] [417/459] KSTC
[22:02:05] [418/459] SANI
[22:02:06] [419/459] MLCA
[22:02:07] [420/459] EGCA
[22:02:07] [421/459] SYSN
[22:02:08] [422/459] PKTA
[22:02:10] [423/459] PRCC
[22:02:11] [424/459] KSTR
[22:02:12] [425/459] SNTP
[22:02:13] [426/459] RCHA
[22:02:14] [427/459] SEEA
[22:02:14] [428/459] ALAT
[22:02:15] [429/459] AATV
[22:02:17] [430/459] RJTE
[22:02:18] [431/459] AAPP
[22:02:18] [432/459] PMMH
[22:02:19] [433/459] INRJ
[22:02:20] [434/459] SARB
[22:02:21] [435/459] PCJL
[22:02:22] [436/459] PFJJ
[22:02:23] [437/459] GRDC
[22:02:23] [438/459] BCBA
[22:02:24] [439/459] VIXL
[22:02:25] [440/459] CSTL
[22:02:27] [441/459] MTDK
[22:02:27] [442/459] TDAC
[22:02:28] [443/459] GTDN
[22:02:29] [444/459] TTDE
[22:02:30] [445/459] ASTS
[22:02:31] [446/459] CPNS
[22:02:32] [447/459] PVVW
[22:02:32] [448/459] USEB
[22:02:33] [449/459] DTYN
[22:02:34] [450/459] PVLE
[22:02:35] [451/459] CIPS
[22:02:36] [452/459] PAEG
[22:02:36] [453/459] PTCW
[22:02:37] [454/459] G3SR
[22:02:38] [455/459] PGND
[22:02:39] [456/459] INVM
[22:02:40] [457/459] SPIA
[22:02:41] [458/459] PCSN
[22:02:42] [459/459] PPGV
[22:02:43] 🧹 Deduping shows
[22:02:43] ✅ DONE | Shows=1278 | Movies=53
[03:48:56] 🚀 SCRIPT STARTED
[03:48:56] [1/459] FNDB
[03:48:56] 🧠 New identity created
[03:48:57] [2/459] AMBH
[03:48:58] [3/459] PRHN
[03:48:58] [4/459] ACPM
[03:48:59] [5/459] PVFS
[03:49:00] [6/459] AACN
[03:49:01] [7/459] ACAS
[03:49:02] [8/459] CTNR
[03:49:03] [9/459] MMAH
[03:49:04] [10/459] CPMH
[03:49:05] [11/459] IGMH
[03:49:06] [12/459] ABCS
[03:49:07] [13/459] CMMA
[03:49:08] [14/459] GPRH
[03:49:09] [15/459] PNNG
[03:49:10] [16/459] AMCA
[03:49:11] [17/459] ISTN
[03:49:12] [18/459] PIIC
[03:49:13] [19/459] AHMH
[03:49:14] [20/459] ASHN
[03:49:15] [21/459] INHY
[03:49:16] [22/459] SRMO
[03:49:17] [23/459] PIMH
[03:49:18] [24/459] PVTS
[03:49:19] [25/459] MMCA
[03:49:20] [26/459] AKYJ
[03:49:21] [27/459] BRKH
[03:49:22] [28/459] MAHM
[03:49:22] [29/459] CPHY
[03:49:23] [30/459] PVTP
[03:49:24] [31/459] SMMR
[03:49:25] [32/459] PVHM
[03:49:26] [33/459] SNDY
[03:49:26] [34/459] GOKU
[03:49:27] [35/459] ACEV
[03:49:29] [36/459] PVUM
[03:49:31] [37/459] VSWA
[03:49:31] [38/459] IPRS
[03:49:32] [39/459] ASGN
[03:49:33] [40/459] BKMV
[03:49:34] [41/459] PVYH
[03:49:36] [42/459] INKM
[03:49:37] [43/459] ARJU
[03:49:37] [44/459] JJPP
[03:49:38] [45/459] SSRM
[03:49:39] [46/459] HMHD
[03:49:40] [47/459] SNKH
[03:49:41] [48/459] ACHI
[03:49:42] [49/459] MRAA
[03:49:42] [50/459] INMH
[03:49:44] [51/459] ARMH
[03:49:45] [52/459] DVRR
[03:49:46] [53/459] SUDA
[03:49:47] [54/459] MCSS
[03:49:47] [55/459] VRKC
[03:49:48] [56/459] PRCX
[03:49:49] [57/459] ASJY
[03:49:50] [58/459] MTHY
[03:49:51] [59/459] SRCM
[03:49:52] [60/459] TVHY
[03:49:53] [61/459] STHD
[03:49:54] [62/459] CPCL
[03:49:55] [63/459] PSMJ
[03:49:56] [64/459] MRGT
[03:49:57] [65/459] ARYH
[03:49:58] [66/459] VTRB
[03:49:59] [67/459] SCHC
[03:50:00] [68/459] MRRG
[03:50:01] [69/459] SPCB
[03:50:02] [70/459] AMCM
[03:50:03] [71/459] IVNM
[03:50:04] [72/459] TRHY
[03:50:04] [73/459] PTTH
[03:50:06] [74/459] RKMH
[03:50:07] [75/459] PRCS
[03:50:07] [76/459] VAJA
[03:50:08] [77/459] BJNG
[03:50:09] [78/459] SCVM
[03:50:10] [79/459] GNHB
[03:50:11] [80/459] TLUR
[03:50:11] [81/459] UKCC
[03:50:12] [82/459] SRKR
[03:50:13] [83/459] RMKN
[03:50:14] [84/459] SLRT
[03:50:14] [85/459] LKMT
[03:50:15] [86/459] SSRJ
[03:50:17] [87/459] SPHT
[03:50:17] [88/459] ANTT
[03:50:18] [89/459] SRCH
[03:50:19] [90/459] SRCA
[03:50:20] [91/459] ARTH
[03:50:21] [92/459] MCBH
[03:50:21] [93/459] SNIB
[03:50:22] [94/459] SART
[03:50:23] [95/459] SKTA
[03:50:24] [96/459] YAKT
[03:50:25] [97/459] MLCK
[03:50:26] [98/459] ANTS
[03:50:27] [99/459] DGCA
[03:50:27] [100/459] SGMP
[03:50:28] [101/459] ASWN
[03:50:29] [102/459] KFVU
[03:50:30] [103/459] POOR
[03:50:31] [104/459] GKDN
[03:50:32] [105/459] EOSE
[03:50:32] [106/459] GTTT
[03:50:33] [107/459] ARRO
[03:50:34] [108/459] CMMK
[03:50:35] [109/459] MSCN
[03:50:36] [110/459] GDKH
[03:50:37] [111/459] DLMT
[03:50:37] [112/459] PVMF
[03:50:38] [113/459] CPCK
[03:50:39] [114/459] VMHE
[03:50:39] [115/459] PVLC
[03:50:41] [116/459] PCVB
[03:50:42] [117/459] SNYK
[03:50:42] [118/459] KTEK
[03:50:43] [119/459] PCNM
[03:50:43] [120/459] NTTR
[03:50:44] [121/459] CPSK
[03:50:45] [122/459] JMMA
[03:50:46] [123/459] GCFK
[03:50:47] [124/459] MYCA
[03:50:48] [125/459] KSNP
[03:50:48] [126/459] PMCE
[03:50:49] [127/459] SCKI
[03:50:50] [128/459] FSMA
[03:50:51] [129/459] CETA
[03:50:52] [130/459] MCIK
[03:50:53] [131/459] MYCR
[03:50:53] [132/459] EVMP
[03:50:54] [133/459] SSGT
[03:50:55] [134/459] KCTK
[03:50:56] [135/459] ZTKC
[03:50:56] [136/459] MMTA
[03:50:57] [137/459] MAJT
[03:50:58] [138/459] ACPK
[03:50:59] [139/459] JMAX
[03:51:00] [140/459] SETK
[03:51:01] [141/459] CAIS
[03:51:02] [142/459] AGCD
[03:51:03] [143/459] URCL
[03:51:04] [144/459] VTDS
[03:51:04] [145/459] JCNM
[03:51:05] [146/459] KCAM
[03:51:06] [147/459] ADCU
[03:51:08] [148/459] GXYN
[03:51:08] [149/459] SMJG
[03:51:09] [150/459] EYCJ
[03:51:10] [151/459] CCEJ
[03:51:11] [152/459] MARS
[03:51:11] [153/459] CPVJ
[03:51:12] [154/459] INVP
[03:51:13] [155/459] CPOV
[03:51:13] [156/459] VIJK
[03:51:14] [157/459] LAIM
[03:51:16] [158/459] STHV
[03:51:16] [159/459] SVLJ
[03:51:18] [160/459] ATVJ
[03:51:19] [161/459] JTSC
[03:51:20] [162/459] RMTV
[03:51:21] [163/459] MGGG
[03:51:22] [164/459] SWTH
[03:51:23] [165/459] INVJ
[03:51:23] [166/459] PRSV
[03:51:24] [167/459] JATV
[03:51:25] [168/459] RCVD
[03:51:26] [169/459] BDMA
[03:51:27] [170/459] BLJI
[03:51:28] [171/459] SWOT
[03:51:28] [172/459] SWRN
[03:51:29] [173/459] TVRA
[03:51:30] [174/459] VCSV
[03:51:31] [175/459] NVRN
[03:51:32] [176/459] SIKC
[03:51:32] [177/459] VAKR
[03:51:33] [178/459] SYLN
[03:51:35] [179/459] KLJL
[03:51:36] [180/459] LKMY
[03:51:36] [181/459] VSLY
[03:51:37] [182/459] CIKO
[03:51:37] [183/459] GPBG
[03:51:38] [184/459] CECM
[03:51:39] [185/459] SLKB
[03:51:40] [186/459] MTBO
[03:51:40] [187/459] SSHB
[03:51:41] [188/459] VPCS
[03:51:42] [189/459] RCSR
[03:51:43] [190/459] RJRM
[03:51:43] [191/459] KPPB
[03:51:44] [192/459] SEDC
[03:51:45] [193/459] SCAI
[03:51:46] [194/459] RMTR
[03:51:47] [195/459] ASST
[03:51:48] [196/459] GCAK
[03:51:49] [197/459] ANNK
[03:51:50] [198/459] KDDF
[03:51:50] [199/459] NRDP
[03:51:51] [200/459] PLAK
[03:51:52] [201/459] GCMC
[03:51:53] [202/459] ALPY
[03:51:54] [203/459] SICE
[03:51:55] [204/459] SISR
[03:51:56] [205/459] SRPZ
[03:51:56] [206/459] SRSW
[03:51:57] [207/459] SUYA
[03:51:58] [208/459] AMMT
[03:51:59] [209/459] BHCU
[03:52:00] [210/459] KLPA
[03:52:01] [211/459] NVKH
[03:52:01] [212/459] JMRC
[03:52:03] [213/459] KTTT
[03:52:03] [214/459] MAGH
[03:52:04] [215/459] MMMX
[03:52:04] [216/459] SALJ
[03:52:05] [217/459] GTJA
[03:52:06] [218/459] MAHT
[03:52:07] [219/459] SSNN
[03:52:08] [220/459] ARRP
[03:52:09] [221/459] ATNS
[03:52:10] [222/459] SKDT
[03:52:11] [223/459] ACAT
[03:52:11] [224/459] APRC
[03:52:12] [225/459] SWAG
[03:52:13] [226/459] SDPT
[03:52:14] [227/459] STPS
[03:52:15] [228/459] WWCZ
[03:52:16] [229/459] LLCH
[03:52:17] [230/459] MZHA
[03:52:17] [231/459] CRJG
[03:52:18] [232/459] JGTK
[03:52:19] [233/459] KCSR
[03:52:19] [234/459] CHTL
[03:52:20] [235/459] EDSR
[03:52:21] [236/459] CSWO
[03:52:21] [237/459] CPVM
[03:52:22] [238/459] MXBY
[03:52:23] [239/459] FMMA
[03:52:24] [240/459] POVI
[03:52:25] [241/459] MTHB
[03:52:25] [242/459] INRC
[03:52:26] [243/459] PIPP
[03:52:28] [244/459] BMXC
[03:52:28] [245/459] PCMM
[03:52:29] [246/459] PMKM
[03:52:30] [247/459] GATY
[03:52:30] [248/459] IMCM
[03:52:31] [249/459] POPE
[03:52:32] [250/459] MTCR
[03:52:32] [251/459] PVAE
[03:52:33] [252/459] PVMI
[03:52:34] [253/459] CPNM
[03:52:35] [254/459] FMRL
[03:52:36] [255/459] MCIW
[03:52:36] [256/459] MXBO
[03:52:37] [257/459] FMKY
[03:52:38] [258/459] FMDA
[03:52:39] [259/459] THAB
[03:52:40] [260/459] PRCW
[03:52:41] [261/459] PITI
[03:52:42] [262/459] MCFF
[03:52:43] [263/459] PDDV
[03:52:43] [264/459] MCRM
[03:52:45] [265/459] KKMB
[03:52:46] [266/459] INKO
[03:52:46] [267/459] PLXP
[03:52:47] [268/459] MMHA
[03:52:48] [269/459] FMVS
[03:52:49] [270/459] POLM
[03:52:49] [271/459] STER
[03:52:50] [272/459] PVWJ
[03:52:51] [273/459] IMJW
[03:52:52] [274/459] FNAN
[03:52:52] [275/459] CAGL
[03:52:53] [276/459] IPBG
[03:52:54] [277/459] SMFV
[03:52:55] [278/459] MMMR
[03:52:56] [279/459] MMWM
[03:52:56] [280/459] FNCM
[03:52:57] [281/459] MDVA
[03:52:58] [282/459] MMET
[03:52:59] [283/459] MIDO
[03:53:00] [284/459] INNP
[03:53:00] [285/459] MIFU
[03:53:02] [286/459] MMSZ
[03:53:03] [287/459] BMXA
[03:53:04] [288/459] MCAA
[03:53:04] [289/459] SCVP
[03:53:05] [290/459] PLUS
[03:53:06] [291/459] MUCK
[03:53:07] [292/459] MTMA
[03:53:07] [293/459] HPVR
[03:53:08] [294/459] PMPK
[03:53:09] [295/459] MAJB
[03:53:10] [296/459] CTRR
[03:53:11] [297/459] MCTG
[03:53:12] [298/459] MACE
[03:53:12] [299/459] AAAS
[03:53:13] [300/459] CPVV
[03:53:14] [301/459] RCHG
[03:53:15] [302/459] MCNE
[03:53:15] [303/459] EMNC
[03:53:16] [304/459] MCAN
[03:53:17] [305/459] TCDM
[03:53:18] [306/459] IRGT
[03:53:18] [307/459] GCMG
[03:53:19] [308/459] MXSN
[03:53:20] [309/459] MXCK
[03:53:22] [310/459] MCRC
[03:53:22] [311/459] RSMI
[03:53:23] [312/459] WAML
[03:53:24] [313/459] MTSC
[03:53:25] [314/459] FMDR
[03:53:26] [315/459] LEPV
[03:53:26] [316/459] MTGD
[03:53:27] [317/459] IMOB
[03:53:28] [318/459] CLMM
[03:53:29] [319/459] PZCD
[03:53:29] [320/459] GOCS
[03:53:30] [321/459] KCMA
[03:53:31] [322/459] CCMP
[03:53:32] [323/459] MTSU
[03:53:33] [324/459] SNGL
[03:53:33] [325/459] MMMC
[03:53:34] [326/459] MMAA
[03:53:35] [327/459] GCDM
[03:53:36] [328/459] KTMV
[03:53:37] [329/459] AETE
[03:53:38] [330/459] OMCS
[03:53:39] [331/459] GDCD
[03:53:39] [332/459] NYMD
[03:53:40] [333/459] RNCV
[03:53:41] [334/459] KKMT
[03:53:42] [335/459] GDTH
[03:53:43] [336/459] KMMV
[03:53:44] [337/459] NHCG
[03:53:45] [338/459] PJDW
[03:53:46] [339/459] MMCV
[03:53:47] [340/459] FQSA
[03:53:48] [341/459] KURL
[03:53:48] [342/459] NNNX
[03:53:50] [343/459] AMAU
[03:53:50] [344/459] VVVM
[03:53:51] [345/459] VECU
[03:53:52] [346/459] WCVR
[03:53:53] [347/459] MTGG
[03:53:53] [348/459] SGTG
[03:53:54] [349/459] MNTG
[03:53:55] [350/459] JDDG
[03:53:56] [351/459] MBTK
[03:53:56] [352/459] SGCD
[03:53:57] [353/459] MCTC
[03:53:58] [354/459] JTPC
[03:53:59] [355/459] SDKT
[03:54:00] [356/459] KRCC
[03:54:01] [357/459] RMMD
[03:54:02] [358/459] AAME
[03:54:02] [359/459] TMWC
[03:54:03] [360/459] NRWY
[03:54:04] [361/459] CITD
[03:54:05] [362/459] VERD
[03:54:06] [363/459] MKSK
[03:54:08] [364/459] STSM
[03:54:08] [365/459] MJDG
[03:54:09] [366/459] RKPM
[03:54:09] [367/459] SSCE
[03:54:10] [368/459] VMAE
[03:54:12] [369/459] SBRU
[03:54:12] [370/459] AMBC
[03:54:13] [371/459] AMLU
[03:54:13] [372/459] INVZ
[03:54:14] [373/459] LGTV
[03:54:15] [374/459] SVAD
[03:54:16] [375/459] SMSA
[03:54:17] [376/459] SPCZ
[03:54:18] [377/459] GTCX
[03:54:18] [378/459] SCSL
[03:54:19] [379/459] SAHU
[03:54:20] [380/459] NCDA
[03:54:21] [381/459] SCCG
[03:54:23] [382/459] VKTL
[03:54:23] [383/459] PUUJ
[03:54:24] [384/459] STEJ
[03:54:25] [385/459] RJAL
[03:54:25] [386/459] ACJC
[03:54:26] [387/459] VTHC
[03:54:27] [388/459] ARVB
[03:54:28] [389/459] AUBB
[03:54:29] [390/459] GDBR
[03:54:30] [391/459] PVND
[03:54:30] [392/459] BGRJ
[03:54:31] [393/459] RJMM
[03:54:32] [394/459] MCSA
[03:54:33] [395/459] BODA
[03:54:34] [396/459] JAGG
[03:54:35] [397/459] SCGA
[03:54:36] [398/459] LRCM
[03:54:37] [399/459] CPCN
[03:54:37] [400/459] SSTF
[03:54:38] [401/459] SRXP
[03:54:39] [402/459] CNFX
[03:54:40] [403/459] ANDI
[03:54:41] [404/459] SYEW
[03:54:42] [405/459] RCRE
[03:54:43] [406/459] SCRW
[03:54:44] [407/459] MBKR
[03:54:44] [408/459] ASNT
[03:54:45] [409/459] JTMT
[03:54:46] [410/459] SHAY
[03:54:47] [411/459] VRTH
[03:54:48] [412/459] SPTI
[03:54:49] [413/459] DPTD
[03:54:49] [414/459] TGSN
[03:54:50] [415/459] RCWV
[03:54:51] [416/459] OCUR
[03:54:52] [417/459] KSTC
[03:54:53] [418/459] SANI
[03:54:53] [419/459] MLCA
[03:54:54] [420/459] EGCA
[03:54:55] [421/459] SYSN
[03:54:56] [422/459] PKTA
[03:54:56] [423/459] PRCC
[03:54:57] [424/459] KSTR
[03:54:58] [425/459] SNTP
[03:54:59] [426/459] RCHA
[03:55:00] [427/459] SEEA
[03:55:01] [428/459] ALAT
[03:55:01] [429/459] AATV
[03:55:02] [430/459] RJTE
[03:55:03] [431/459] AAPP
[03:55:04] [432/459] PMMH
[03:55:05] [433/459] INRJ
[03:55:06] [434/459] SARB
[03:55:06] [435/459] PCJL
[03:55:07] [436/459] PFJJ
[03:55:08] [437/459] GRDC
[03:55:09] [438/459] BCBA
[03:55:10] [439/459] VIXL
[03:55:10] [440/459] CSTL
[03:55:11] [441/459] MTDK
[03:55:12] [442/459] TDAC
[03:55:13] [443/459] GTDN
[03:55:14] [444/459] TTDE
[03:55:15] [445/459] ASTS
[03:55:15] [446/459] CPNS
[03:55:16] [447/459] PVVW
[03:55:17] [448/459] USEB
[03:55:18] [449/459] DTYN
[03:55:19] [450/459] PVLE
[03:55:20] [451/459] CIPS
[03:55:21] [452/459] PAEG
[03:55:22] [453/459] PTCW
[03:55:22] [454/459] G3SR
[03:55:23] [455/459] PGND
[03:55:23] [456/459] INVM
[03:55:24] [457/459] SPIA
[03:55:25] [458/459] PCSN
[03:55:26] [459/459] PPGV
[03:55:27] 🧹 Deduping shows
[03:55:27] ✅ DONE | Shows=2206 | Movies=76
