[10:18:56] 🚀 SCRIPT STARTED
[10:18:56] [1/459] MCCZ
[10:18:56] 🧠 New identity created
[10:18:56] [2/459] FRPU
[10:18:57] [3/459] SKSI
[10:18:58] [4/459] SSCK
[10:18:59] [5/459] SRDC
[10:19:00] [6/459] RSCZ
[10:19:01] [7/459] PRVT
[10:19:01] [8/459] GAGJ
[10:19:02] [9/459] SMHG
[10:19:03] [10/459] JTST
[10:19:04] [11/459] MYTH
[10:19:04] [12/459] JPCC
[10:19:06] [13/459] ACDC
[10:19:07] [14/459] SVFP
[10:19:08] [15/459] SFCM
[10:19:09] [16/459] RUPK
[10:19:10] [17/459] NTCR
[10:19:11] [18/459] RTCH
[10:19:12] [19/459] SCMH
[10:19:13] [20/459] SVYM
[10:19:14] [21/459] SPYM
[10:19:14] [22/459] SMMF
[10:19:15] [23/459] CLLB
[10:19:16] [24/459] FMCB
[10:19:17] [25/459] BBTC
[10:19:18] [26/459] NTHS
[10:19:18] [27/459] PKKJ
[10:19:19] [28/459] MTJA
[10:19:20] [29/459] PMSJ
[10:19:21] [30/459] JMJU
[10:19:22] [31/459] SRAD
[10:19:23] [32/459] MJMC
[10:19:24] [33/459] DFRM
[10:19:25] [34/459] PMRS
[10:19:26] [35/459] RKPP
[10:19:26] [36/459] BMBK
[10:19:27] [37/459] NEWS
[10:19:28] [38/459] SALB
[10:19:29] [39/459] SCPW
[10:19:30] [40/459] RAYL
[10:19:31] [41/459] CMGJ
[10:19:32] [42/459] JRCR
[10:19:33] [43/459] SRTB
[10:19:34] [44/459] ETPB
[10:19:36] [45/459] MXBN
[10:19:37] [46/459] TOPE
[10:19:38] [47/459] SNLJ
[10:19:38] [48/459] CDDP
[10:19:39] [49/459] APCX
[10:19:40] [50/459] TALP
[10:19:41] [51/459] RRMP
[10:19:42] [52/459] MAHB
[10:19:43] [53/459] MTKR
[10:19:44] [54/459] KSKL
[10:19:44] [55/459] RJLT
[10:19:46] [56/459] ATAS
[10:19:47] [57/459] AMHR
[10:19:48] [58/459] RSRM
[10:19:49] [59/459] GCAT
[10:19:50] [60/459] SMML
[10:19:50] [61/459] ACCD
[10:19:51] [62/459] VYDA
[10:19:53] [63/459] MSKT
[10:19:53] [64/459] AVDM
[10:19:54] [65/459] ASMH
[10:19:55] [66/459] VTMB
[10:19:56] [67/459] WVMB
[10:19:56] [68/459] PPMN
[10:19:57] [69/459] MTMD
[10:19:58] [70/459] SMMO
[10:19:59] [71/459] DLPB
[10:20:00] [72/459] AKMD
[10:20:01] [73/459] SHRR
[10:20:01] [74/459] ASCO
[10:20:02] [75/459] CZVX
[10:20:03] [76/459] GCBB
[10:20:04] [77/459] ATBM
[10:20:06] [78/459] TCGM
[10:20:06] [79/459] UMSE
[10:20:07] [80/459] NKCL
[10:20:08] [81/459] BTLR
[10:20:09] [82/459] GOCL
[10:20:09] [83/459] MIRN
[10:20:10] [84/459] THEC
[10:20:11] [85/459] SPPB
[10:20:12] [86/459] PMMM
[10:20:13] [87/459] GGMC
[10:20:14] [88/459] AVSR
[10:20:15] [89/459] RDMH
[10:20:17] [90/459] JSRS
[10:20:17] [91/459] VKGP
[10:20:18] [92/459] ACRT
[10:20:19] [93/459] GCBA
[10:20:20] [94/459] GTCP
[10:20:21] [95/459] AKFC
[10:20:21] [96/459] INCS
[10:20:22] [97/459] SMCK
[10:20:23] [98/459] BRUN
[10:20:24] [99/459] RPPC
[10:20:25] [100/459] PAYD
[10:20:25] [101/459] SVVT
[10:20:26] [102/459] RNCC
[10:20:27] [103/459] PCRC
[10:20:28] [104/459] PMRM
[10:20:29] [105/459] CCRP
[10:20:30] [106/459] INCR
[10:20:30] [107/459] ZTMP
[10:20:31] [108/459] MCNR
[10:20:32] [109/459] INRP
[10:20:33] [110/459] STRC
[10:20:34] [111/459] RATI
[10:20:34] [112/459] PBTR
[10:20:35] [113/459] CMHP
[10:20:36] [114/459] ZECJ
[10:20:38] [115/459] CCCB
[10:20:39] [116/459] BWCB
[10:20:40] [117/459] CCAT
[10:20:41] [118/459] KGCM
[10:20:42] [119/459] INPT
[10:20:43] [120/459] FNCO
[10:20:43] [121/459] SRMJ
[10:20:45] [122/459] PFSC
[10:20:46] [123/459] PBMC
[10:20:47] [124/459] KARP
[10:20:48] [125/459] KOVI
[10:20:48] [126/459] ACXL
[10:20:49] [127/459] GKCC
[10:20:50] [128/459] ASCC
[10:20:51] [129/459] SETC
[10:20:52] [130/459] KACC
[10:20:53] [131/459] KAVE
[10:20:54] [132/459] CNTC
[10:20:55] [133/459] MEEN
[10:20:56] [134/459] BMRV
[10:20:57] [135/459] SVAM
[10:20:58] [136/459] VTBP
[10:20:59] [137/459] VCKN
[10:20:59] [138/459] SGTK
[10:21:01] [139/459] RCGS
[10:21:02] [140/459] RCCB
[10:21:03] [141/459] RKSR
[10:21:03] [142/459] RKCU
[10:21:04] [143/459] GIBH
[10:21:05] [144/459] CXBS
[10:21:06] [145/459] GGCB
[10:21:07] [146/459] SCPB
[10:21:07] [147/459] AKTB
[10:21:08] [148/459] SRBU
[10:21:09] [149/459] CSSA
[10:21:10] [150/459] MYAN
[10:21:11] [151/459] EXCA
[10:21:12] [152/459] CKSA
[10:21:13] [153/459] JTNM
[10:21:13] [154/459] CXKT
[10:21:14] [155/459] NCLM
[10:21:15] [156/459] JAAD
[10:21:16] [157/459] RDCR
[10:21:16] [158/459] MEER
[10:21:17] [159/459] SIBT
[10:21:18] [160/459] PVVB
[10:21:20] [161/459] FNPN
[10:21:20] [162/459] CRPX
[10:21:21] [163/459] STET
[10:21:22] [164/459] METE
[10:21:23] [165/459] BJML
[10:21:24] [166/459] MAVT
[10:21:25] [167/459] MSRM
[10:21:26] [168/459] TJMP
[10:21:27] [169/459] MHCK
[10:21:28] [170/459] SVGP
[10:21:28] [171/459] KRRC
[10:21:29] [172/459] IMCH
[10:21:30] [173/459] CMCS
[10:21:31] [174/459] SGND
[10:21:32] [175/459] RNAT
[10:21:34] [176/459] PRTN
[10:21:35] [177/459] MPTN
[10:21:35] [178/459] ARCC
[10:21:36] [179/459] NTTE
[10:21:37] [180/459] ABND
[10:21:38] [181/459] KCSN
[10:21:39] [182/459] KCSA
[10:21:40] [183/459] DCKT
[10:21:41] [184/459] MBBR
[10:21:42] [185/459] RAMU
[10:21:43] [186/459] RACW
[10:21:44] [187/459] MCHP
[10:21:45] [188/459] TMHM
[10:21:45] [189/459] STXH
[10:21:46] [190/459] AGSG
[10:21:47] [191/459] SIRA
[10:21:48] [192/459] RCAN
[10:21:49] [193/459] CWTB
[10:21:50] [194/459] VTYM
[10:21:51] [195/459] RRPP
[10:21:52] [196/459] ASMR
[10:21:52] [197/459] RONO
[10:21:53] [198/459] MEMR
[10:21:54] [199/459] CTMR
[10:21:55] [200/459] PMTT
[10:21:55] [201/459] PSLX
[10:21:56] [202/459] IPPL
[10:21:57] [203/459] MMSG
[10:21:58] [204/459] INEL
[10:21:59] [205/459] COAC
[10:21:59] [206/459] WVLK
[10:22:00] [207/459] PPXL
[10:22:01] [208/459] PSML
[10:22:02] [209/459] FNLK
[10:22:03] [210/459] ILUM
[10:22:04] [211/459] ILCM
[10:22:04] [212/459] MSNL
[10:22:05] [213/459] VINB
[10:22:06] [214/459] SALW
[10:22:07] [215/459] PRTB
[10:22:08] [216/459] NCIL
[10:22:09] [217/459] PSUL
[10:22:10] [218/459] SCLK
[10:22:11] [219/459] ADDC
[10:22:12] [220/459] OACL
[10:22:13] [221/459] OOCF
[10:22:13] [222/459] GPMF
[10:22:14] [223/459] SSDG
[10:22:15] [224/459] SKRS
[10:22:16] [225/459] NTTP
[10:22:17] [226/459] SLTP
[10:22:18] [227/459] JTLC
[10:22:19] [228/459] POON
[10:22:20] [229/459] CCPC
[10:22:20] [230/459] DCKC
[10:22:21] [231/459] CPRT
[10:22:22] [232/459] EYHZ
[10:22:23] [233/459] ARBL
[10:22:24] [234/459] SBTB
[10:22:24] [235/459] MMCK
[10:22:25] [236/459] PLMR
[10:22:27] [237/459] BIJH
[10:22:28] [238/459] SDRT
[10:22:29] [239/459] PRDC
[10:22:30] [240/459] OMJA
[10:22:31] [241/459] VKCR
[10:22:31] [242/459] ATRT
[10:22:32] [243/459] WVRP
[10:22:33] [244/459] MVRP
[10:22:34] [245/459] FCAX
[10:22:35] [246/459] CTLC
[10:22:36] [247/459] JCHB
[10:22:37] [248/459] SELP
[10:22:38] [249/459] VCPG
[10:22:38] [250/459] ASCX
[10:22:39] [251/459] EOCS
[10:22:40] [252/459] RCPH
[10:22:41] [253/459] RJTM
[10:22:42] [254/459] SGMD
[10:22:42] [255/459] SVJT
[10:22:43] [256/459] SPPO
[10:22:44] [257/459] MNRL
[10:22:45] [258/459] KNOX
[10:22:46] [259/459] GIER
[10:22:46] [260/459] PJMS
[10:22:47] [261/459] UNSP
[10:22:48] [262/459] JETP
[10:22:49] [263/459] VTWA
[10:22:50] [264/459] SCJI
[10:22:51] [265/459] CBZZ
[10:22:51] [266/459] SDCJ
[10:22:52] [267/459] RRCC
[10:22:53] [268/459] VNKG
[10:22:53] [269/459] LKTO
[10:22:54] [270/459] PJRM
[10:22:55] [271/459] NVRM
[10:22:56] [272/459] SJCS
[10:22:57] [273/459] VIGK
[10:22:58] [274/459] ANST
[10:22:59] [275/459] JTTS
[10:23:00] [276/459] NTST
[10:23:01] [277/459] PREB
[10:23:02] [278/459] TSCZ
[10:23:02] [279/459] CDCM
[10:23:03] [280/459] ELYE
[10:23:04] [281/459] INBS
[10:23:05] [282/459] SMGC
[10:23:06] [283/459] UTMP
[10:23:07] [284/459] INTA
[10:23:07] [285/459] OMPT
[10:23:08] [286/459] SCIR
[10:23:09] [287/459] GCKJ
[10:23:10] [288/459] INOG
[10:23:11] [289/459] SMGB
[10:23:11] [290/459] MCSG
[10:23:12] [291/459] STKG
[10:23:13] [292/459] TTKG
[10:23:14] [293/459] SRTR
[10:23:15] [294/459] ETTR
[10:23:15] [295/459] GGGZ
[10:23:16] [296/459] IPGM
[10:23:17] [297/459] FCDH
[10:23:18] [298/459] DESB
[10:23:19] [299/459] VNTP
[10:23:20] [300/459] ANNT
[10:23:20] [301/459] SLTI
[10:23:21] [302/459] MAJU
[10:23:22] [303/459] JCXP
[10:23:23] [304/459] HARK
[10:23:24] [305/459] JPCJ
[10:23:25] [306/459] RXBD
[10:23:26] [307/459] PTKJ
[10:23:26] [308/459] CMTU
[10:23:27] [309/459] SWOR
[10:23:28] [310/459] JMEX
[10:23:29] [311/459] DTPT
[10:23:30] [312/459] VGMM
[10:23:30] [313/459] VCSG
[10:23:31] [314/459] CVCG
[10:23:32] [315/459] TNTT
[10:23:33] [316/459] SHRM
[10:23:34] [317/459] CGKD
[10:23:35] [318/459] EKCM
[10:23:36] [319/459] SDCX
[10:23:36] [320/459] SBTE
[10:23:37] [321/459] STKJ
[10:23:38] [322/459] TPCE
[10:23:39] [323/459] JTNP
[10:23:40] [324/459] LPCH
[10:23:41] [325/459] CPUO
[10:23:42] [326/459] APSU
[10:23:42] [327/459] RTHC
[10:23:44] [328/459] PTBU
[10:23:44] [329/459] CUCC
[10:23:45] [330/459] CPSA
[10:23:46] [331/459] SUAY
[10:23:47] [332/459] AYAA
[10:23:48] [333/459] MUCH
[10:23:50] [334/459] PCIN
[10:23:51] [335/459] JRRM
[10:23:52] [336/459] KATS
[10:23:53] [337/459] MHFF
[10:23:54] [338/459] ESYM
[10:23:54] [339/459] STYV
[10:23:55] [340/459] SDKG
[10:23:56] [341/459] SMTI
[10:23:57] [342/459] NYCS
[10:23:58] [343/459] MTBG
[10:23:59] [344/459] RHCA
[10:23:59] [345/459] PCKH
[10:24:00] [346/459] ARCR
[10:24:01] [347/459] NCMB
[10:24:03] [348/459] SHYC
[10:24:03] [349/459] LACK
[10:24:04] [350/459] MTCM
[10:24:05] [351/459] RRBN
[10:24:06] [352/459] MYDC
[10:24:06] [353/459] STCS
[10:24:07] [354/459] CONN
[10:24:08] [355/459] SIPS
[10:24:09] [356/459] SMMX
[10:24:10] [357/459] SCBY
[10:24:11] [358/459] SUAP
[10:24:12] [359/459] RSMK
[10:24:12] [360/459] STKP
[10:24:13] [361/459] CIPC
[10:24:14] [362/459] KKCI
[10:24:15] [363/459] CTNK
[10:24:17] [364/459] MMTZ
[10:24:18] [365/459] DCCO
[10:24:18] [366/459] VNMN
[10:24:19] [367/459] RLCN
[10:24:20] [368/459] CMMS
[10:24:21] [369/459] AYOU
[10:24:22] [370/459] SSCN
[10:24:23] [371/459] SMXN
[10:24:24] [372/459] ASSK
[10:24:24] [373/459] VCKM
[10:24:25] [374/459] PCPH
[10:24:26] [375/459] PADM
[10:24:27] [376/459] IESA
[10:24:28] [377/459] VCSP
[10:24:29] [378/459] AEST
[10:24:30] [379/459] VTNR
[10:24:31] [380/459] GTTA
[10:24:32] [381/459] CMMM
[10:24:33] [382/459] AHKT
[10:24:34] [383/459] SIJI
[10:24:35] [384/459] VCEI
[10:24:36] [385/459] SAKR
[10:24:36] [386/459] VSMT
[10:24:37] [387/459] SSCT
[10:24:38] [388/459] USTR
[10:24:40] [389/459] MTKT
[10:24:41] [390/459] TGMP
[10:24:41] [391/459] SIVC
[10:24:42] [392/459] KICT
[10:24:43] [393/459] DAMD
[10:24:44] [394/459] CNPT
[10:24:45] [395/459] RVTT
[10:24:46] [396/459] SNCM
[10:24:47] [397/459] GHTE
[10:24:48] [398/459] PPAM
[10:24:49] [399/459] PVAA
[10:24:50] [400/459] CPAO
[10:24:51] [401/459] HAMD
[10:24:51] [402/459] RCCA
[10:24:52] [403/459] MPCH
[10:24:54] [404/459] ARED
[10:24:55] [405/459] RRCV
[10:24:56] [406/459] MTRB
[10:24:56] [407/459] CKUA
[10:24:57] [408/459] ABMP
[10:24:58] [409/459] RCWA
[10:24:59] [410/459] CGAR
[10:25:00] [411/459] METH
[10:25:01] [412/459] WAGA
[10:25:01] [413/459] MCMA
[10:25:03] [414/459] CSMP
[10:25:04] [415/459] RCNK
[10:25:05] [416/459] PSTM
[10:25:05] [417/459] CSEP
[10:25:06] [418/459] AMGD
[10:25:07] [419/459] CSTE
[10:25:08] [420/459] CONS
[10:25:09] [421/459] APPX
[10:25:10] [422/459] MABC
[10:25:11] [423/459] CXST
[10:25:12] [424/459] MATN
[10:25:12] [425/459] MACZ
[10:25:13] [426/459] MASA
[10:25:14] [427/459] MBSX
[10:25:15] [428/459] CSST
[10:25:16] [429/459] APCL
[10:25:16] [430/459] CGOS
[10:25:17] [431/459] CPEC
[10:25:18] [432/459] MCCP
[10:25:19] [433/459] BSSO
[10:25:20] [434/459] SJKA
[10:25:21] [435/459] CGBO
[10:25:22] [436/459] MVSK
[10:25:22] [437/459] HVCA
[10:25:23] [438/459] NAMD
[10:25:24] [439/459] DEVI
[10:25:25] [440/459] SCSV
[10:25:26] [441/459] PSMA
[10:25:27] [442/459] CLDJ
[10:25:28] [443/459] NMAD
[10:25:29] [444/459] CGMO
[10:25:30] [445/459] MCNA
[10:25:32] [446/459] OCBN
[10:25:32] [447/459] CPEM
[10:25:33] [448/459] CPSM
[10:25:34] [449/459] RCAD
[10:25:35] [450/459] CPMU
[10:25:36] [451/459] DICD
[10:25:36] [452/459] CHOE
[10:25:37] [453/459] PDJM
[10:25:38] [454/459] SSTU
[10:25:39] [455/459] VNRN
[10:25:40] [456/459] PVLG
[10:25:41] [457/459] SWBL
[10:25:42] [458/459] SCAB
[10:25:42] [459/459] RDDA
[10:25:43] 🧹 Deduping shows
[10:25:43] ✅ DONE | Shows=21 | Movies=5
[16:48:50] 🚀 SCRIPT STARTED
[16:48:50] [1/459] MCCZ
[16:48:50] 🧠 New identity created
[16:48:51] [2/459] FRPU
[16:48:51] [3/459] SKSI
[16:48:52] [4/459] SSCK
[16:48:53] [5/459] SRDC
[16:48:54] [6/459] RSCZ
[16:48:55] [7/459] PRVT
[16:48:56] [8/459] GAGJ
[16:48:57] [9/459] SMHG
[16:48:58] [10/459] JTST
[16:48:59] [11/459] MYTH
[16:49:00] [12/459] JPCC
[16:49:01] [13/459] ACDC
[16:49:01] [14/459] SVFP
[16:49:02] [15/459] SFCM
[16:49:03] [16/459] RUPK
[16:49:04] [17/459] NTCR
[16:49:05] [18/459] RTCH
[16:49:06] [19/459] SCMH
[16:49:06] [20/459] SVYM
[16:49:07] [21/459] SPYM
[16:49:08] [22/459] SMMF
[16:49:09] [23/459] CLLB
[16:49:10] [24/459] FMCB
[16:49:11] [25/459] BBTC
[16:49:12] [26/459] NTHS
[16:49:13] [27/459] PKKJ
[16:49:13] [28/459] MTJA
[16:49:14] [29/459] PMSJ
[16:49:15] [30/459] JMJU
[16:49:16] [31/459] SRAD
[16:49:17] [32/459] MJMC
[16:49:18] [33/459] DFRM
[16:49:18] [34/459] PMRS
[16:49:19] [35/459] RKPP
[16:49:20] [36/459] BMBK
[16:49:22] [37/459] NEWS
[16:49:23] [38/459] SALB
[16:49:24] [39/459] SCPW
[16:49:24] [40/459] RAYL
[16:49:25] [41/459] CMGJ
[16:49:26] [42/459] JRCR
[16:49:27] [43/459] SRTB
[16:49:28] [44/459] ETPB
[16:49:28] [45/459] MXBN
[16:49:29] [46/459] TOPE
[16:49:30] [47/459] SNLJ
[16:49:31] [48/459] CDDP
[16:49:31] [49/459] APCX
[16:49:32] [50/459] TALP
[16:49:33] [51/459] RRMP
[16:49:34] [52/459] MAHB
[16:49:35] [53/459] MTKR
[16:49:36] [54/459] KSKL
[16:49:37] [55/459] RJLT
[16:49:38] [56/459] ATAS
[16:49:39] [57/459] AMHR
[16:49:39] [58/459] RSRM
[16:49:40] [59/459] GCAT
[16:49:41] [60/459] SMML
[16:49:42] [61/459] ACCD
[16:49:44] [62/459] VYDA
[16:49:45] [63/459] MSKT
[16:49:46] [64/459] AVDM
[16:49:47] [65/459] ASMH
[16:49:49] [66/459] VTMB
[16:49:49] [67/459] WVMB
[16:49:50] [68/459] PPMN
[16:49:51] [69/459] MTMD
[16:49:52] [70/459] SMMO
[16:49:53] [71/459] DLPB
[16:49:54] [72/459] AKMD
[16:49:55] [73/459] SHRR
[16:49:56] [74/459] ASCO
[16:49:56] [75/459] CZVX
[16:49:57] [76/459] GCBB
[16:49:58] [77/459] ATBM
[16:49:59] [78/459] TCGM
[16:50:00] [79/459] UMSE
[16:50:01] [80/459] NKCL
[16:50:02] [81/459] BTLR
[16:50:02] [82/459] GOCL
[16:50:03] [83/459] MIRN
[16:50:04] [84/459] THEC
[16:50:05] [85/459] SPPB
[16:50:05] [86/459] PMMM
[16:50:06] [87/459] GGMC
[16:50:07] [88/459] AVSR
[16:50:08] [89/459] RDMH
[16:50:09] [90/459] JSRS
[16:50:10] [91/459] VKGP
[16:50:11] [92/459] ACRT
[16:50:11] [93/459] GCBA
[16:50:13] [94/459] GTCP
[16:50:14] [95/459] AKFC
[16:50:15] [96/459] INCS
[16:50:17] [97/459] SMCK
[16:50:17] [98/459] BRUN
[16:50:18] [99/459] RPPC
[16:50:19] [100/459] PAYD
[16:50:20] [101/459] SVVT
[16:50:21] [102/459] RNCC
[16:50:21] [103/459] PCRC
[16:50:22] [104/459] PMRM
[16:50:23] [105/459] CCRP
[16:50:24] [106/459] INCR
[16:50:25] [107/459] ZTMP
[16:50:26] [108/459] MCNR
[16:50:27] [109/459] INRP
[16:50:28] [110/459] STRC
[16:50:29] [111/459] RATI
[16:50:30] [112/459] PBTR
[16:50:30] [113/459] CMHP
[16:50:31] [114/459] ZECJ
[16:50:32] [115/459] CCCB
[16:50:33] [116/459] BWCB
[16:50:34] [117/459] CCAT
[16:50:35] [118/459] KGCM
[16:50:36] [119/459] INPT
[16:50:36] [120/459] FNCO
[16:50:37] [121/459] SRMJ
[16:50:38] [122/459] PFSC
[16:50:39] [123/459] PBMC
[16:50:39] [124/459] KARP
[16:50:40] [125/459] KOVI
[16:50:41] [126/459] ACXL
[16:50:42] [127/459] GKCC
[16:50:43] [128/459] ASCC
[16:50:43] [129/459] SETC
[16:50:44] [130/459] KACC
[16:50:45] [131/459] KAVE
[16:50:46] [132/459] CNTC
[16:50:46] [133/459] MEEN
[16:50:47] [134/459] BMRV
[16:50:48] [135/459] SVAM
[16:50:49] [136/459] VTBP
[16:50:50] [137/459] VCKN
[16:50:51] [138/459] SGTK
[16:50:52] [139/459] RCGS
[16:50:53] [140/459] RCCB
[16:50:54] [141/459] RKSR
[16:50:55] [142/459] RKCU
[16:50:55] [143/459] GIBH
[16:50:56] [144/459] CXBS
[16:50:57] [145/459] GGCB
[16:50:58] [146/459] SCPB
[16:50:58] [147/459] AKTB
[16:51:00] [148/459] SRBU
[16:51:01] [149/459] CSSA
[16:51:02] [150/459] MYAN
[16:51:02] [151/459] EXCA
[16:51:03] [152/459] CKSA
[16:51:04] [153/459] JTNM
[16:51:05] [154/459] CXKT
[16:51:06] [155/459] NCLM
[16:51:07] [156/459] JAAD
[16:51:08] [157/459] RDCR
[16:51:08] [158/459] MEER
[16:51:09] [159/459] SIBT
[16:51:10] [160/459] PVVB
[16:51:12] [161/459] FNPN
[16:51:12] [162/459] CRPX
[16:51:13] [163/459] STET
[16:51:14] [164/459] METE
[16:51:15] [165/459] BJML
[16:51:16] [166/459] MAVT
[16:51:17] [167/459] MSRM
[16:51:17] [168/459] TJMP
[16:51:18] [169/459] MHCK
[16:51:19] [170/459] SVGP
[16:51:20] [171/459] KRRC
[16:51:21] [172/459] IMCH
[16:51:22] [173/459] CMCS
[16:51:22] [174/459] SGND
[16:51:23] [175/459] RNAT
[16:51:24] [176/459] PRTN
[16:51:25] [177/459] MPTN
[16:51:26] [178/459] ARCC
[16:51:26] [179/459] NTTE
[16:51:27] [180/459] ABND
[16:51:28] [181/459] KCSN
[16:51:29] [182/459] KCSA
[16:51:29] [183/459] DCKT
[16:51:30] [184/459] MBBR
[16:51:31] [185/459] RAMU
[16:51:32] [186/459] RACW
[16:51:33] [187/459] MCHP
[16:51:34] [188/459] TMHM
[16:51:34] [189/459] STXH
[16:51:35] [190/459] AGSG
[16:51:36] [191/459] SIRA
[16:51:37] [192/459] RCAN
[16:51:37] [193/459] CWTB
[16:51:38] [194/459] VTYM
[16:51:40] [195/459] RRPP
[16:51:41] [196/459] ASMR
[16:51:42] [197/459] RONO
[16:51:42] [198/459] MEMR
[16:51:44] [199/459] CTMR
[16:51:45] [200/459] PMTT
[16:51:46] [201/459] PSLX
[16:51:47] [202/459] IPPL
[16:51:48] [203/459] MMSG
[16:51:49] [204/459] INEL
[16:51:50] [205/459] COAC
[16:51:51] [206/459] WVLK
[16:51:52] [207/459] PPXL
[16:51:52] [208/459] PSML
[16:51:53] [209/459] FNLK
[16:51:54] [210/459] ILUM
[16:51:55] [211/459] ILCM
[16:51:56] [212/459] MSNL
[16:51:57] [213/459] VINB
[16:51:57] [214/459] SALW
[16:51:58] [215/459] PRTB
[16:51:59] [216/459] NCIL
[16:52:00] [217/459] PSUL
[16:52:01] [218/459] SCLK
[16:52:02] [219/459] ADDC
[16:52:03] [220/459] OACL
[16:52:03] [221/459] OOCF
[16:52:04] [222/459] GPMF
[16:52:05] [223/459] SSDG
[16:52:06] [224/459] SKRS
[16:52:06] [225/459] NTTP
[16:52:07] [226/459] SLTP
[16:52:08] [227/459] JTLC
[16:52:09] [228/459] POON
[16:52:09] [229/459] CCPC
[16:52:10] [230/459] DCKC
[16:52:11] [231/459] CPRT
[16:52:12] [232/459] EYHZ
[16:52:13] [233/459] ARBL
[16:52:14] [234/459] SBTB
[16:52:15] [235/459] MMCK
[16:52:16] [236/459] PLMR
[16:52:17] [237/459] BIJH
[16:52:18] [238/459] SDRT
[16:52:19] [239/459] PRDC
[16:52:20] [240/459] OMJA
[16:52:21] [241/459] VKCR
[16:52:21] [242/459] ATRT
[16:52:22] [243/459] WVRP
[16:52:23] [244/459] MVRP
[16:52:24] [245/459] FCAX
[16:52:25] [246/459] CTLC
[16:52:26] [247/459] JCHB
[16:52:26] [248/459] SELP
[16:52:27] [249/459] VCPG
[16:52:28] [250/459] ASCX
[16:52:29] [251/459] EOCS
[16:52:30] [252/459] RCPH
[16:52:31] [253/459] RJTM
[16:52:32] [254/459] SGMD
[16:52:33] [255/459] SVJT
[16:52:33] [256/459] SPPO
[16:52:34] [257/459] MNRL
[16:52:35] [258/459] KNOX
[16:52:36] [259/459] GIER
[16:52:37] [260/459] PJMS
[16:52:38] [261/459] UNSP
[16:52:39] [262/459] JETP
[16:52:40] [263/459] VTWA
[16:52:41] [264/459] SCJI
[16:52:42] [265/459] CBZZ
[16:52:43] [266/459] SDCJ
[16:52:44] [267/459] RRCC
[16:52:45] [268/459] VNKG
[16:52:47] [269/459] LKTO
[16:52:48] [270/459] PJRM
[16:52:48] [271/459] NVRM
[16:52:49] [272/459] SJCS
[16:52:50] [273/459] VIGK
[16:52:51] [274/459] ANST
[16:52:52] [275/459] JTTS
[16:52:53] [276/459] NTST
[16:52:54] [277/459] PREB
[16:52:55] [278/459] TSCZ
[16:52:56] [279/459] CDCM
[16:52:57] [280/459] ELYE
[16:52:57] [281/459] INBS
[16:52:58] [282/459] SMGC
[16:52:59] [283/459] UTMP
[16:53:00] [284/459] INTA
[16:53:01] [285/459] OMPT
[16:53:02] [286/459] SCIR
[16:53:03] [287/459] GCKJ
[16:53:04] [288/459] INOG
[16:53:05] [289/459] SMGB
[16:53:05] [290/459] MCSG
[16:53:06] [291/459] STKG
[16:53:07] [292/459] TTKG
[16:53:08] [293/459] SRTR
[16:53:09] [294/459] ETTR
[16:53:09] [295/459] GGGZ
[16:53:10] [296/459] IPGM
[16:53:11] [297/459] FCDH
[16:53:12] [298/459] DESB
[16:53:13] [299/459] VNTP
[16:53:14] [300/459] ANNT
[16:53:15] [301/459] SLTI
[16:53:15] [302/459] MAJU
[16:53:16] [303/459] JCXP
[16:53:17] [304/459] HARK
[16:53:18] [305/459] JPCJ
[16:53:19] [306/459] RXBD
[16:53:19] [307/459] PTKJ
[16:53:20] [308/459] CMTU
[16:53:21] [309/459] SWOR
[16:53:22] [310/459] JMEX
[16:53:23] [311/459] DTPT
[16:53:23] [312/459] VGMM
[16:53:24] [313/459] VCSG
[16:53:25] [314/459] CVCG
[16:53:26] [315/459] TNTT
[16:53:27] [316/459] SHRM
[16:53:27] [317/459] CGKD
[16:53:28] [318/459] EKCM
[16:53:29] [319/459] SDCX
[16:53:30] [320/459] SBTE
[16:53:31] [321/459] STKJ
[16:53:31] [322/459] TPCE
[16:53:32] [323/459] JTNP
[16:53:33] [324/459] LPCH
[16:53:34] [325/459] CPUO
[16:53:35] [326/459] APSU
[16:53:35] [327/459] RTHC
[16:53:36] [328/459] PTBU
[16:53:37] [329/459] CUCC
[16:53:38] [330/459] CPSA
[16:53:39] [331/459] SUAY
[16:53:40] [332/459] AYAA
[16:53:41] [333/459] MUCH
[16:53:42] [334/459] PCIN
[16:53:43] [335/459] JRRM
[16:53:44] [336/459] KATS
[16:53:45] [337/459] MHFF
[16:53:46] [338/459] ESYM
[16:53:47] [339/459] STYV
[16:53:47] [340/459] SDKG
[16:53:48] [341/459] SMTI
[16:53:50] [342/459] NYCS
[16:53:51] [343/459] MTBG
[16:53:51] [344/459] RHCA
[16:53:52] [345/459] PCKH
[16:53:53] [346/459] ARCR
[16:53:54] [347/459] NCMB
[16:53:55] [348/459] SHYC
[16:53:55] [349/459] LACK
[16:53:56] [350/459] MTCM
[16:53:57] [351/459] RRBN
[16:53:58] [352/459] MYDC
[16:53:59] [353/459] STCS
[16:53:59] [354/459] CONN
[16:54:00] [355/459] SIPS
[16:54:01] [356/459] SMMX
[16:54:02] [357/459] SCBY
[16:54:03] [358/459] SUAP
[16:54:04] [359/459] RSMK
[16:54:05] [360/459] STKP
[16:54:06] [361/459] CIPC
[16:54:07] [362/459] KKCI
[16:54:08] [363/459] CTNK
[16:54:09] [364/459] MMTZ
[16:54:10] [365/459] DCCO
[16:54:10] [366/459] VNMN
[16:54:11] [367/459] RLCN
[16:54:12] [368/459] CMMS
[16:54:14] [369/459] AYOU
[16:54:14] [370/459] SSCN
[16:54:15] [371/459] SMXN
[16:54:16] [372/459] ASSK
[16:54:17] [373/459] VCKM
[16:54:18] [374/459] PCPH
[16:54:19] [375/459] PADM
[16:54:19] [376/459] IESA
[16:54:20] [377/459] VCSP
[16:54:21] [378/459] AEST
[16:54:22] [379/459] VTNR
[16:54:24] [380/459] GTTA
[16:54:25] [381/459] CMMM
[16:54:26] [382/459] AHKT
[16:54:27] [383/459] SIJI
[16:54:27] [384/459] VCEI
[16:54:28] [385/459] SAKR
[16:54:29] [386/459] VSMT
[16:54:30] [387/459] SSCT
[16:54:31] [388/459] USTR
[16:54:31] [389/459] MTKT
[16:54:32] [390/459] TGMP
[16:54:33] [391/459] SIVC
[16:54:34] [392/459] KICT
[16:54:34] [393/459] DAMD
[16:54:36] [394/459] CNPT
[16:54:36] [395/459] RVTT
[16:54:37] [396/459] SNCM
[16:54:38] [397/459] GHTE
[16:54:39] [398/459] PPAM
[16:54:40] [399/459] PVAA
[16:54:40] [400/459] CPAO
[16:54:41] [401/459] HAMD
[16:54:42] [402/459] RCCA
[16:54:43] [403/459] MPCH
[16:54:43] [404/459] ARED
[16:54:44] [405/459] RRCV
[16:54:45] [406/459] MTRB
[16:54:46] [407/459] CKUA
[16:54:47] [408/459] ABMP
[16:54:48] [409/459] RCWA
[16:54:49] [410/459] CGAR
[16:54:50] [411/459] METH
[16:54:51] [412/459] WAGA
[16:54:52] [413/459] MCMA
[16:54:52] [414/459] CSMP
[16:54:53] [415/459] RCNK
[16:54:54] [416/459] PSTM
[16:54:55] [417/459] CSEP
[16:54:55] [418/459] AMGD
[16:54:56] [419/459] CSTE
[16:54:58] [420/459] CONS
[16:54:58] [421/459] APPX
[16:54:59] [422/459] MABC
[16:55:01] [423/459] CXST
[16:55:02] [424/459] MATN
[16:55:02] [425/459] MACZ
[16:55:03] [426/459] MASA
[16:55:04] [427/459] MBSX
[16:55:05] [428/459] CSST
[16:55:06] [429/459] APCL
[16:55:06] [430/459] CGOS
[16:55:07] [431/459] CPEC
[16:55:08] [432/459] MCCP
[16:55:09] [433/459] BSSO
[16:55:10] [434/459] SJKA
[16:55:10] [435/459] CGBO
[16:55:11] [436/459] MVSK
[16:55:13] [437/459] HVCA
[16:55:14] [438/459] NAMD
[16:55:15] [439/459] DEVI
[16:55:16] [440/459] SCSV
[16:55:17] [441/459] PSMA
[16:55:18] [442/459] CLDJ
[16:55:19] [443/459] NMAD
[16:55:20] [444/459] CGMO
[16:55:21] [445/459] MCNA
[16:55:22] [446/459] OCBN
[16:55:23] [447/459] CPEM
[16:55:23] [448/459] CPSM
[16:55:24] [449/459] RCAD
[16:55:25] [450/459] CPMU
[16:55:26] [451/459] DICD
[16:55:26] [452/459] CHOE
[16:55:27] [453/459] PDJM
[16:55:28] [454/459] SSTU
[16:55:29] [455/459] VNRN
[16:55:30] [456/459] PVLG
[16:55:31] [457/459] SWBL
[16:55:31] [458/459] SCAB
[16:55:32] [459/459] RDDA
[16:55:33] 🧹 Deduping shows
[16:55:33] ✅ DONE | Shows=25 | Movies=6
[04:49:38] 🚀 SCRIPT STARTED
[04:49:38] [1/459] MCCZ
[04:49:38] 🧠 New identity created
[04:49:39] [2/459] FRPU
[04:49:40] [3/459] SKSI
[04:49:41] [4/459] SSCK
[04:49:41] [5/459] SRDC
[04:49:42] [6/459] RSCZ
[04:49:43] [7/459] PRVT
[04:49:44] [8/459] GAGJ
[04:49:44] [9/459] SMHG
[04:49:45] [10/459] JTST
[04:49:46] [11/459] MYTH
[04:49:47] [12/459] JPCC
[04:49:49] [13/459] ACDC
[04:49:50] [14/459] SVFP
[04:49:51] [15/459] SFCM
[04:49:52] [16/459] RUPK
[04:49:52] [17/459] NTCR
[04:49:54] [18/459] RTCH
[04:49:55] [19/459] SCMH
[04:49:56] [20/459] SVYM
[04:49:57] [21/459] SPYM
[04:49:58] [22/459] SMMF
[04:49:59] [23/459] CLLB
[04:50:00] [24/459] FMCB
[04:50:01] [25/459] BBTC
[04:50:02] [26/459] NTHS
[04:50:03] [27/459] PKKJ
[04:50:03] [28/459] MTJA
[04:50:05] [29/459] PMSJ
[04:50:06] [30/459] JMJU
[04:50:08] [31/459] SRAD
[04:50:09] [32/459] MJMC
[04:50:11] [33/459] DFRM
[04:50:11] [34/459] PMRS
[04:50:13] [35/459] RKPP
[04:50:14] [36/459] BMBK
[04:50:15] [37/459] NEWS
[04:50:16] [38/459] SALB
[04:50:17] [39/459] SCPW
[04:50:18] [40/459] RAYL
[04:50:18] [41/459] CMGJ
[04:50:19] [42/459] JRCR
[04:50:20] [43/459] SRTB
[04:50:22] [44/459] ETPB
[04:50:23] [45/459] MXBN
[04:50:24] [46/459] TOPE
[04:50:25] [47/459] SNLJ
[04:50:26] [48/459] CDDP
[04:50:26] [49/459] APCX
[04:50:27] [50/459] TALP
[04:50:28] [51/459] RRMP
[04:50:30] [52/459] MAHB
[04:50:31] [53/459] MTKR
[04:50:32] [54/459] KSKL
[04:50:33] [55/459] RJLT
[04:50:33] [56/459] ATAS
[04:50:34] [57/459] AMHR
[04:50:35] [58/459] RSRM
[04:50:37] [59/459] GCAT
[04:50:37] [60/459] SMML
[04:50:38] [61/459] ACCD
[04:50:39] [62/459] VYDA
[04:50:40] [63/459] MSKT
[04:50:41] [64/459] AVDM
[04:50:41] [65/459] ASMH
[04:50:42] [66/459] VTMB
[04:50:43] [67/459] WVMB
[04:50:44] [68/459] PPMN
[04:50:45] [69/459] MTMD
[04:50:46] [70/459] SMMO
[04:50:46] [71/459] DLPB
[04:50:47] [72/459] AKMD
[04:50:48] [73/459] SHRR
[04:50:49] [74/459] ASCO
[04:50:50] [75/459] CZVX
[04:50:51] [76/459] GCBB
[04:50:52] [77/459] ATBM
[04:50:53] [78/459] TCGM
[04:50:54] [79/459] UMSE
[04:50:55] [80/459] NKCL
[04:50:56] [81/459] BTLR
[04:50:57] [82/459] GOCL
[04:50:58] [83/459] MIRN
[04:50:58] [84/459] THEC
[04:50:59] [85/459] SPPB
[04:51:00] [86/459] PMMM
[04:51:01] [87/459] GGMC
[04:51:02] [88/459] AVSR
[04:51:03] [89/459] RDMH
[04:51:04] [90/459] JSRS
[04:51:05] [91/459] VKGP
[04:51:07] [92/459] ACRT
[04:51:08] [93/459] GCBA
[04:51:09] [94/459] GTCP
[04:51:10] [95/459] AKFC
[04:51:12] [96/459] INCS
[04:51:12] [97/459] SMCK
[04:51:14] [98/459] BRUN
[04:51:15] [99/459] RPPC
[04:51:16] [100/459] PAYD
[04:51:17] [101/459] SVVT
[04:51:18] [102/459] RNCC
[04:51:19] [103/459] PCRC
[04:51:19] [104/459] PMRM
[04:51:21] [105/459] CCRP
[04:51:22] [106/459] INCR
[04:51:22] [107/459] ZTMP
[04:51:23] [108/459] MCNR
[04:51:24] [109/459] INRP
[04:51:25] [110/459] STRC
[04:51:26] [111/459] RATI
[04:51:27] [112/459] PBTR
[04:51:28] [113/459] CMHP
[04:51:28] [114/459] ZECJ
[04:51:29] [115/459] CCCB
[04:51:30] [116/459] BWCB
[04:51:31] [117/459] CCAT
[04:51:31] [118/459] KGCM
[04:51:32] [119/459] INPT
[04:51:33] [120/459] FNCO
[04:51:34] [121/459] SRMJ
[04:51:35] [122/459] PFSC
[04:51:36] [123/459] PBMC
[04:51:37] [124/459] KARP
[04:51:37] [125/459] KOVI
[04:51:38] [126/459] ACXL
[04:51:39] [127/459] GKCC
[04:51:41] [128/459] ASCC
[04:51:42] [129/459] SETC
[04:51:43] [130/459] KACC
[04:51:44] [131/459] KAVE
[04:51:46] [132/459] CNTC
[04:51:47] [133/459] MEEN
[04:51:48] [134/459] BMRV
[04:51:49] [135/459] SVAM
[04:51:49] [136/459] VTBP
[04:51:50] [137/459] VCKN
[04:51:51] [138/459] SGTK
[04:51:53] [139/459] RCGS
[04:51:53] [140/459] RCCB
[04:51:55] [141/459] RKSR
[04:51:56] [142/459] RKCU
[04:51:57] [143/459] GIBH
[04:51:58] [144/459] CXBS
[04:51:58] [145/459] GGCB
[04:51:59] [146/459] SCPB
[04:52:00] [147/459] AKTB
[04:52:01] [148/459] SRBU
[04:52:02] [149/459] CSSA
[04:52:02] [150/459] MYAN
[04:52:03] [151/459] EXCA
[04:52:04] [152/459] CKSA
[04:52:05] [153/459] JTNM
[04:52:05] [154/459] CXKT
[04:52:06] [155/459] NCLM
[04:52:07] [156/459] JAAD
[04:52:09] [157/459] RDCR
[04:52:10] [158/459] MEER
[04:52:10] [159/459] SIBT
[04:52:11] [160/459] PVVB
[04:52:12] [161/459] FNPN
[04:52:13] [162/459] CRPX
[04:52:13] [163/459] STET
[04:52:15] [164/459] METE
[04:52:15] [165/459] BJML
[04:52:17] [166/459] MAVT
[04:52:18] [167/459] MSRM
[04:52:19] [168/459] TJMP
[04:52:20] [169/459] MHCK
[04:52:21] [170/459] SVGP
[04:52:21] [171/459] KRRC
[04:52:22] [172/459] IMCH
[04:52:23] [173/459] CMCS
[04:52:24] [174/459] SGND
[04:52:25] [175/459] RNAT
[04:52:26] [176/459] PRTN
[04:52:27] [177/459] MPTN
[04:52:29] [178/459] ARCC
[04:52:30] [179/459] NTTE
[04:52:31] [180/459] ABND
[04:52:31] [181/459] KCSN
[04:52:32] [182/459] KCSA
[04:52:34] [183/459] DCKT
[04:52:35] [184/459] MBBR
[04:52:36] [185/459] RAMU
[04:52:37] [186/459] RACW
[04:52:38] [187/459] MCHP
[04:52:39] [188/459] TMHM
[04:52:40] [189/459] STXH
[04:52:41] [190/459] AGSG
[04:52:42] [191/459] SIRA
[04:52:42] [192/459] RCAN
[04:52:43] [193/459] CWTB
[04:52:44] [194/459] VTYM
[04:52:45] [195/459] RRPP
[04:52:46] [196/459] ASMR
[04:52:47] [197/459] RONO
[04:52:49] [198/459] MEMR
[04:52:50] [199/459] CTMR
[04:52:51] [200/459] PMTT
[04:52:52] [201/459] PSLX
[04:52:54] [202/459] IPPL
[04:52:55] [203/459] MMSG
[04:52:56] [204/459] INEL
[04:52:56] [205/459] COAC
[04:52:57] [206/459] WVLK
[04:52:58] [207/459] PPXL
[04:53:00] [208/459] PSML
[04:53:01] [209/459] FNLK
[04:53:02] [210/459] ILUM
[04:53:04] [211/459] ILCM
[04:53:05] [212/459] MSNL
[04:53:06] [213/459] VINB
[04:53:06] [214/459] SALW
[04:53:07] [215/459] PRTB
[04:53:09] [216/459] NCIL
[04:53:10] [217/459] PSUL
[04:53:11] [218/459] SCLK
[04:53:12] [219/459] ADDC
[04:53:12] [220/459] OACL
[04:53:13] [221/459] OOCF
[04:53:14] [222/459] GPMF
[04:53:15] [223/459] SSDG
[04:53:15] [224/459] SKRS
[04:53:16] [225/459] NTTP
[04:53:17] [226/459] SLTP
[04:53:19] [227/459] JTLC
[04:53:21] [228/459] POON
[04:53:21] [229/459] CCPC
[04:53:22] [230/459] DCKC
[04:53:23] [231/459] CPRT
[04:53:25] [232/459] EYHZ
[04:53:26] [233/459] ARBL
[04:53:27] [234/459] SBTB
[04:53:28] [235/459] MMCK
[04:53:29] [236/459] PLMR
[04:53:30] [237/459] BIJH
[04:53:32] [238/459] SDRT
[04:53:33] [239/459] PRDC
[04:53:33] [240/459] OMJA
[04:53:34] [241/459] VKCR
[04:53:35] [242/459] ATRT
[04:53:36] [243/459] WVRP
[04:53:37] [244/459] MVRP
[04:53:38] [245/459] FCAX
[04:53:39] [246/459] CTLC
[04:53:39] [247/459] JCHB
[04:53:40] [248/459] SELP
[04:53:41] [249/459] VCPG
[04:53:42] [250/459] ASCX
[04:53:43] [251/459] EOCS
[04:53:43] [252/459] RCPH
[04:53:44] [253/459] RJTM
[04:53:45] [254/459] SGMD
[04:53:47] [255/459] SVJT
[04:53:48] [256/459] SPPO
[04:53:49] [257/459] MNRL
[04:53:50] [258/459] KNOX
[04:53:51] [259/459] GIER
[04:53:53] [260/459] PJMS
[04:53:53] [261/459] UNSP
[04:53:54] [262/459] JETP
[04:53:55] [263/459] VTWA
[04:53:56] [264/459] SCJI
[04:53:57] [265/459] CBZZ
[04:53:58] [266/459] SDCJ
[04:53:59] [267/459] RRCC
[04:54:00] [268/459] VNKG
[04:54:01] [269/459] LKTO
[04:54:02] [270/459] PJRM
[04:54:04] [271/459] NVRM
[04:54:05] [272/459] SJCS
[04:54:06] [273/459] VIGK
[04:54:06] [274/459] ANST
[04:54:07] [275/459] JTTS
[04:54:09] [276/459] NTST
[04:54:10] [277/459] PREB
[04:54:10] [278/459] TSCZ
[04:54:12] [279/459] CDCM
[04:54:13] [280/459] ELYE
[04:54:14] [281/459] INBS
[04:54:15] [282/459] SMGC
[04:54:16] [283/459] UTMP
[04:54:17] [284/459] INTA
[04:54:17] [285/459] OMPT
[04:54:18] [286/459] SCIR
[04:54:20] [287/459] GCKJ
[04:54:21] [288/459] INOG
[04:54:22] [289/459] SMGB
[04:54:22] [290/459] MCSG
[04:54:23] [291/459] STKG
[04:54:24] [292/459] TTKG
[04:54:25] [293/459] SRTR
[04:54:26] [294/459] ETTR
[04:54:27] [295/459] GGGZ
[04:54:28] [296/459] IPGM
[04:54:28] [297/459] FCDH
[04:54:30] [298/459] DESB
[04:54:31] [299/459] VNTP
[04:54:33] [300/459] ANNT
[04:54:34] [301/459] SLTI
[04:54:34] [302/459] MAJU
[04:54:36] [303/459] JCXP
[04:54:37] [304/459] HARK
[04:54:38] [305/459] JPCJ
[04:54:39] [306/459] RXBD
[04:54:39] [307/459] PTKJ
[04:54:41] [308/459] CMTU
[04:54:43] [309/459] SWOR
[04:54:44] [310/459] JMEX
[04:54:44] [311/459] DTPT
[04:54:45] [312/459] VGMM
[04:54:46] [313/459] VCSG
[04:54:47] [314/459] CVCG
[04:54:49] [315/459] TNTT
[04:54:51] [316/459] SHRM
[04:54:52] [317/459] CGKD
[04:54:53] [318/459] EKCM
[04:54:53] [319/459] SDCX
[04:54:54] [320/459] SBTE
[04:54:56] [321/459] STKJ
[04:54:57] [322/459] TPCE
[04:54:58] [323/459] JTNP
[04:55:00] [324/459] LPCH
[04:55:02] [325/459] CPUO
[04:55:03] [326/459] APSU
[04:55:04] [327/459] RTHC
[04:55:05] [328/459] PTBU
[04:55:06] [329/459] CUCC
[04:55:07] [330/459] CPSA
[04:55:07] [331/459] SUAY
[04:55:08] [332/459] AYAA
[04:55:09] [333/459] MUCH
[04:55:10] [334/459] PCIN
[04:55:10] [335/459] JRRM
[04:55:11] [336/459] KATS
[04:55:12] [337/459] MHFF
[04:55:13] [338/459] ESYM
[04:55:14] [339/459] STYV
[04:55:16] [340/459] SDKG
[04:55:17] [341/459] SMTI
[04:55:17] [342/459] NYCS
[04:55:18] [343/459] MTBG
[04:55:19] [344/459] RHCA
[04:55:20] [345/459] PCKH
[04:55:21] [346/459] ARCR
[04:55:21] [347/459] NCMB
[04:55:23] [348/459] SHYC
[04:55:24] [349/459] LACK
[04:55:25] [350/459] MTCM
[04:55:26] [351/459] RRBN
[04:55:26] [352/459] MYDC
[04:55:27] [353/459] STCS
[04:55:29] [354/459] CONN
[04:55:30] [355/459] SIPS
[04:55:31] [356/459] SMMX
[04:55:32] [357/459] SCBY
[04:55:32] [358/459] SUAP
[04:55:33] [359/459] RSMK
[04:55:34] [360/459] STKP
[04:55:35] [361/459] CIPC
[04:55:36] [362/459] KKCI
[04:55:37] [363/459] CTNK
[04:55:38] [364/459] MMTZ
[04:55:38] [365/459] DCCO
[04:55:40] [366/459] VNMN
[04:55:41] [367/459] RLCN
[04:55:42] [368/459] CMMS
[04:55:43] [369/459] AYOU
[04:55:43] [370/459] SSCN
[04:55:44] [371/459] SMXN
[04:55:46] [372/459] ASSK
[04:55:48] [373/459] VCKM
[04:55:49] [374/459] PCPH
[04:55:50] [375/459] PADM
[04:55:52] [376/459] IESA
[04:55:53] [377/459] VCSP
[04:55:54] [378/459] AEST
[04:55:54] [379/459] VTNR
[04:55:55] [380/459] GTTA
[04:55:56] [381/459] CMMM
[04:55:57] [382/459] AHKT
[04:55:58] [383/459] SIJI
[04:55:59] [384/459] VCEI
[04:55:59] [385/459] SAKR
[04:56:00] [386/459] VSMT
[04:56:01] [387/459] SSCT
[04:56:03] [388/459] USTR
[04:56:04] [389/459] MTKT
[04:56:04] [390/459] TGMP
[04:56:05] [391/459] SIVC
[04:56:06] [392/459] KICT
[04:56:07] [393/459] DAMD
[04:56:07] [394/459] CNPT
[04:56:08] [395/459] RVTT
[04:56:09] [396/459] SNCM
[04:56:10] [397/459] GHTE
[04:56:11] [398/459] PPAM
[04:56:12] [399/459] PVAA
[04:56:13] [400/459] CPAO
[04:56:14] [401/459] HAMD
[04:56:15] [402/459] RCCA
[04:56:16] [403/459] MPCH
[04:56:17] [404/459] ARED
[04:56:18] [405/459] RRCV
[04:56:19] [406/459] MTRB
[04:56:20] [407/459] CKUA
[04:56:21] [408/459] ABMP
[04:56:22] [409/459] RCWA
[04:56:23] [410/459] CGAR
[04:56:24] [411/459] METH
[04:56:25] [412/459] WAGA
[04:56:25] [413/459] MCMA
[04:56:27] [414/459] CSMP
[04:56:28] [415/459] RCNK
[04:56:29] [416/459] PSTM
[04:56:30] [417/459] CSEP
[04:56:31] [418/459] AMGD
[04:56:31] [419/459] CSTE
[04:56:32] [420/459] CONS
[04:56:33] [421/459] APPX
[04:56:34] [422/459] MABC
[04:56:35] [423/459] CXST
[04:56:36] [424/459] MATN
[04:56:36] [425/459] MACZ
[04:56:37] [426/459] MASA
[04:56:38] [427/459] MBSX
[04:56:39] [428/459] CSST
[04:56:40] [429/459] APCL
[04:56:41] [430/459] CGOS
[04:56:41] [431/459] CPEC
[04:56:43] [432/459] MCCP
[04:56:44] [433/459] BSSO
[04:56:45] [434/459] SJKA
[04:56:46] [435/459] CGBO
[04:56:47] [436/459] MVSK
[04:56:47] [437/459] HVCA
[04:56:48] [438/459] NAMD
[04:56:50] [439/459] DEVI
[04:56:51] [440/459] SCSV
[04:56:52] [441/459] PSMA
[04:56:53] [442/459] CLDJ
[04:56:54] [443/459] NMAD
[04:56:54] [444/459] CGMO
[04:56:55] [445/459] MCNA
[04:56:56] [446/459] OCBN
[04:56:58] [447/459] CPEM
[04:56:58] [448/459] CPSM
[04:56:59] [449/459] RCAD
[04:57:00] [450/459] CPMU
[04:57:01] [451/459] DICD
[04:57:02] [452/459] CHOE
[04:57:03] [453/459] PDJM
[04:57:03] [454/459] SSTU
[04:57:04] [455/459] VNRN
[04:57:06] [456/459] PVLG
[04:57:07] [457/459] SWBL
[04:57:08] [458/459] SCAB
[04:57:10] [459/459] RDDA
[04:57:10] 🧹 Deduping shows
[04:57:10] ✅ DONE | Shows=155 | Movies=10
[12:02:56] 🚀 SCRIPT STARTED
[12:02:56] [1/459] MCCZ
[12:02:56] 🧠 New identity created
[12:02:57] [2/459] FRPU
[12:02:58] [3/459] SKSI
[12:02:59] [4/459] SSCK
[12:02:59] [5/459] SRDC
[12:03:00] [6/459] RSCZ
[12:03:01] [7/459] PRVT
[12:03:02] [8/459] GAGJ
[12:03:03] [9/459] SMHG
[12:03:03] [10/459] JTST
[12:03:04] [11/459] MYTH
[12:03:06] [12/459] JPCC
[12:03:06] [13/459] ACDC
[12:03:07] [14/459] SVFP
[12:03:08] [15/459] SFCM
[12:03:09] [16/459] RUPK
[12:03:10] [17/459] NTCR
[12:03:11] [18/459] RTCH
[12:03:11] [19/459] SCMH
[12:03:13] [20/459] SVYM
[12:03:14] [21/459] SPYM
[12:03:15] [22/459] SMMF
[12:03:15] [23/459] CLLB
[12:03:16] [24/459] FMCB
[12:03:17] [25/459] BBTC
[12:03:18] [26/459] NTHS
[12:03:19] [27/459] PKKJ
[12:03:19] [28/459] MTJA
[12:03:20] [29/459] PMSJ
[12:03:21] [30/459] JMJU
[12:03:22] [31/459] SRAD
[12:03:23] [32/459] MJMC
[12:03:24] [33/459] DFRM
[12:03:25] [34/459] PMRS
[12:03:26] [35/459] RKPP
[12:03:27] [36/459] BMBK
[12:03:28] [37/459] NEWS
[12:03:29] [38/459] SALB
[12:03:30] [39/459] SCPW
[12:03:31] [40/459] RAYL
[12:03:32] [41/459] CMGJ
[12:03:33] [42/459] JRCR
[12:03:34] [43/459] SRTB
[12:03:35] [44/459] ETPB
[12:03:35] [45/459] MXBN
[12:03:36] [46/459] TOPE
[12:03:37] [47/459] SNLJ
[12:03:38] [48/459] CDDP
[12:03:39] [49/459] APCX
[12:03:40] [50/459] TALP
[12:03:41] [51/459] RRMP
[12:03:42] [52/459] MAHB
[12:03:43] [53/459] MTKR
[12:03:44] [54/459] KSKL
[12:03:45] [55/459] RJLT
[12:03:46] [56/459] ATAS
[12:03:46] [57/459] AMHR
[12:03:47] [58/459] RSRM
[12:03:48] [59/459] GCAT
[12:03:49] [60/459] SMML
[12:03:50] [61/459] ACCD
[12:03:51] [62/459] VYDA
[12:03:52] [63/459] MSKT
[12:03:52] [64/459] AVDM
[12:03:53] [65/459] ASMH
[12:03:54] [66/459] VTMB
[12:03:54] [67/459] WVMB
[12:03:55] [68/459] PPMN
[12:03:56] [69/459] MTMD
[12:03:57] [70/459] SMMO
[12:03:58] [71/459] DLPB
[12:04:00] [72/459] AKMD
[12:04:00] [73/459] SHRR
[12:04:01] [74/459] ASCO
[12:04:02] [75/459] CZVX
[12:04:03] [76/459] GCBB
[12:04:04] [77/459] ATBM
[12:04:05] [78/459] TCGM
[12:04:05] [79/459] UMSE
[12:04:06] [80/459] NKCL
[12:04:07] [81/459] BTLR
[12:04:08] [82/459] GOCL
[12:04:09] [83/459] MIRN
[12:04:10] [84/459] THEC
[12:04:11] [85/459] SPPB
[12:04:12] [86/459] PMMM
[12:04:13] [87/459] GGMC
[12:04:14] [88/459] AVSR
[12:04:14] [89/459] RDMH
[12:04:15] [90/459] JSRS
[12:04:16] [91/459] VKGP
[12:04:18] [92/459] ACRT
[12:04:18] [93/459] GCBA
[12:04:19] [94/459] GTCP
[12:04:21] [95/459] AKFC
[12:04:22] [96/459] INCS
[12:04:23] [97/459] SMCK
[12:04:24] [98/459] BRUN
[12:04:24] [99/459] RPPC
[12:04:25] [100/459] PAYD
[12:04:26] [101/459] SVVT
[12:04:27] [102/459] RNCC
[12:04:28] [103/459] PCRC
[12:04:28] [104/459] PMRM
[12:04:29] [105/459] CCRP
[12:04:30] [106/459] INCR
[12:04:31] [107/459] ZTMP
[12:04:32] [108/459] MCNR
[12:04:32] [109/459] INRP
[12:04:33] [110/459] STRC
[12:04:34] [111/459] RATI
[12:04:35] [112/459] PBTR
[12:04:36] [113/459] CMHP
[12:04:36] [114/459] ZECJ
[12:04:37] [115/459] CCCB
[12:04:38] [116/459] BWCB
[12:04:39] [117/459] CCAT
[12:04:40] [118/459] KGCM
[12:04:41] [119/459] INPT
[12:04:42] [120/459] FNCO
[12:04:42] [121/459] SRMJ
[12:04:43] [122/459] PFSC
[12:04:44] [123/459] PBMC
[12:04:45] [124/459] KARP
[12:04:46] [125/459] KOVI
[12:04:46] [126/459] ACXL
[12:04:47] [127/459] GKCC
[12:04:48] [128/459] ASCC
[12:04:49] [129/459] SETC
[12:04:49] [130/459] KACC
[12:04:50] [131/459] KAVE
[12:04:51] [132/459] CNTC
[12:04:52] [133/459] MEEN
[12:04:53] [134/459] BMRV
[12:04:54] [135/459] SVAM
[12:04:55] [136/459] VTBP
[12:04:56] [137/459] VCKN
[12:04:57] [138/459] SGTK
[12:04:59] [139/459] RCGS
[12:05:00] [140/459] RCCB
[12:05:00] [141/459] RKSR
[12:05:01] [142/459] RKCU
[12:05:02] [143/459] GIBH
[12:05:03] [144/459] CXBS
[12:05:04] [145/459] GGCB
[12:05:04] [146/459] SCPB
[12:05:05] [147/459] AKTB
[12:05:07] [148/459] SRBU
[12:05:08] [149/459] CSSA
[12:05:09] [150/459] MYAN
[12:05:10] [151/459] EXCA
[12:05:11] [152/459] CKSA
[12:05:12] [153/459] JTNM
[12:05:13] [154/459] CXKT
[12:05:14] [155/459] NCLM
[12:05:14] [156/459] JAAD
[12:05:15] [157/459] RDCR
[12:05:16] [158/459] MEER
[12:05:17] [159/459] SIBT
[12:05:18] [160/459] PVVB
[12:05:19] [161/459] FNPN
[12:05:19] [162/459] CRPX
[12:05:20] [163/459] STET
[12:05:21] [164/459] METE
[12:05:22] [165/459] BJML
[12:05:22] [166/459] MAVT
[12:05:23] [167/459] MSRM
[12:05:24] [168/459] TJMP
[12:05:24] [169/459] MHCK
[12:05:25] [170/459] SVGP
[12:05:26] [171/459] KRRC
[12:05:27] [172/459] IMCH
[12:05:27] [173/459] CMCS
[12:05:28] [174/459] SGND
[12:05:29] [175/459] RNAT
[12:05:31] [176/459] PRTN
[12:05:31] [177/459] MPTN
[12:05:33] [178/459] ARCC
[12:05:34] [179/459] NTTE
[12:05:34] [180/459] ABND
[12:05:36] [181/459] KCSN
[12:05:37] [182/459] KCSA
[12:05:37] [183/459] DCKT
[12:05:38] [184/459] MBBR
[12:05:39] [185/459] RAMU
[12:05:40] [186/459] RACW
[12:05:42] [187/459] MCHP
[12:05:42] [188/459] TMHM
[12:05:43] [189/459] STXH
[12:05:44] [190/459] AGSG
[12:05:45] [191/459] SIRA
[12:05:46] [192/459] RCAN
[12:05:46] [193/459] CWTB
[12:05:47] [194/459] VTYM
[12:05:48] [195/459] RRPP
[12:05:49] [196/459] ASMR
[12:05:49] [197/459] RONO
[12:05:50] [198/459] MEMR
[12:05:51] [199/459] CTMR
[12:05:52] [200/459] PMTT
[12:05:52] [201/459] PSLX
[12:05:53] [202/459] IPPL
[12:05:54] [203/459] MMSG
[12:05:55] [204/459] INEL
[12:05:56] [205/459] COAC
[12:05:56] [206/459] WVLK
[12:05:57] [207/459] PPXL
[12:05:58] [208/459] PSML
[12:05:59] [209/459] FNLK
[12:05:59] [210/459] ILUM
[12:06:00] [211/459] ILCM
[12:06:01] [212/459] MSNL
[12:06:02] [213/459] VINB
[12:06:03] [214/459] SALW
[12:06:04] [215/459] PRTB
[12:06:05] [216/459] NCIL
[12:06:06] [217/459] PSUL
[12:06:07] [218/459] SCLK
[12:06:08] [219/459] ADDC
[12:06:09] [220/459] OACL
[12:06:10] [221/459] OOCF
[12:06:11] [222/459] GPMF
[12:06:11] [223/459] SSDG
[12:06:12] [224/459] SKRS
[12:06:13] [225/459] NTTP
[12:06:14] [226/459] SLTP
[12:06:15] [227/459] JTLC
[12:06:15] [228/459] POON
[12:06:17] [229/459] CCPC
[12:06:18] [230/459] DCKC
[12:06:19] [231/459] CPRT
[12:06:20] [232/459] EYHZ
[12:06:21] [233/459] ARBL
[12:06:22] [234/459] SBTB
[12:06:22] [235/459] MMCK
[12:06:23] [236/459] PLMR
[12:06:24] [237/459] BIJH
[12:06:25] [238/459] SDRT
[12:06:26] [239/459] PRDC
[12:06:27] [240/459] OMJA
[12:06:28] [241/459] VKCR
[12:06:29] [242/459] ATRT
[12:06:30] [243/459] WVRP
[12:06:30] [244/459] MVRP
[12:06:31] [245/459] FCAX
[12:06:32] [246/459] CTLC
[12:06:33] [247/459] JCHB
[12:06:34] [248/459] SELP
[12:06:35] [249/459] VCPG
[12:06:35] [250/459] ASCX
[12:06:36] [251/459] EOCS
[12:06:37] [252/459] RCPH
[12:06:38] [253/459] RJTM
[12:06:39] [254/459] SGMD
[12:06:40] [255/459] SVJT
[12:06:41] [256/459] SPPO
[12:06:41] [257/459] MNRL
[12:06:43] [258/459] KNOX
[12:06:44] [259/459] GIER
[12:06:44] [260/459] PJMS
[12:06:45] [261/459] UNSP
[12:06:46] [262/459] JETP
[12:06:47] [263/459] VTWA
[12:06:48] [264/459] SCJI
[12:06:49] [265/459] CBZZ
[12:06:50] [266/459] SDCJ
[12:06:51] [267/459] RRCC
[12:06:51] [268/459] VNKG
[12:06:52] [269/459] LKTO
[12:06:53] [270/459] PJRM
[12:06:54] [271/459] NVRM
[12:06:54] [272/459] SJCS
[12:06:55] [273/459] VIGK
[12:06:56] [274/459] ANST
[12:06:57] [275/459] JTTS
[12:06:57] [276/459] NTST
[12:06:58] [277/459] PREB
[12:06:59] [278/459] TSCZ
[12:07:00] [279/459] CDCM
[12:07:01] [280/459] ELYE
[12:07:02] [281/459] INBS
[12:07:03] [282/459] SMGC
[12:07:04] [283/459] UTMP
[12:07:05] [284/459] INTA
[12:07:06] [285/459] OMPT
[12:07:07] [286/459] SCIR
[12:07:07] [287/459] GCKJ
[12:07:08] [288/459] INOG
[12:07:09] [289/459] SMGB
[12:07:09] [290/459] MCSG
[12:07:10] [291/459] STKG
[12:07:11] [292/459] TTKG
[12:07:12] [293/459] SRTR
[12:07:13] [294/459] ETTR
[12:07:14] [295/459] GGGZ
[12:07:15] [296/459] IPGM
[12:07:15] [297/459] FCDH
[12:07:16] [298/459] DESB
[12:07:17] [299/459] VNTP
[12:07:18] [300/459] ANNT
[12:07:19] [301/459] SLTI
[12:07:20] [302/459] MAJU
[12:07:21] [303/459] JCXP
[12:07:22] [304/459] HARK
[12:07:23] [305/459] JPCJ
[12:07:24] [306/459] RXBD
[12:07:25] [307/459] PTKJ
[12:07:26] [308/459] CMTU
[12:07:26] [309/459] SWOR
[12:07:27] [310/459] JMEX
[12:07:28] [311/459] DTPT
[12:07:29] [312/459] VGMM
[12:07:30] [313/459] VCSG
[12:07:31] [314/459] CVCG
[12:07:32] [315/459] TNTT
[12:07:33] [316/459] SHRM
[12:07:33] [317/459] CGKD
[12:07:34] [318/459] EKCM
[12:07:35] [319/459] SDCX
[12:07:35] [320/459] SBTE
[12:07:36] [321/459] STKJ
[12:07:37] [322/459] TPCE
[12:07:38] [323/459] JTNP
[12:07:38] [324/459] LPCH
[12:07:39] [325/459] CPUO
[12:07:40] [326/459] APSU
[12:07:41] [327/459] RTHC
[12:07:42] [328/459] PTBU
[12:07:43] [329/459] CUCC
[12:07:43] [330/459] CPSA
[12:07:44] [331/459] SUAY
[12:07:45] [332/459] AYAA
[12:07:46] [333/459] MUCH
[12:07:47] [334/459] PCIN
[12:07:48] [335/459] JRRM
[12:07:49] [336/459] KATS
[12:07:49] [337/459] MHFF
[12:07:50] [338/459] ESYM
[12:07:51] [339/459] STYV
[12:07:52] [340/459] SDKG
[12:07:53] [341/459] SMTI
[12:07:53] [342/459] NYCS
[12:07:54] [343/459] MTBG
[12:07:55] [344/459] RHCA
[12:07:56] [345/459] PCKH
[12:07:57] [346/459] ARCR
[12:07:58] [347/459] NCMB
[12:07:58] [348/459] SHYC
[12:07:59] [349/459] LACK
[12:08:00] [350/459] MTCM
[12:08:01] [351/459] RRBN
[12:08:02] [352/459] MYDC
[12:08:02] [353/459] STCS
[12:08:03] [354/459] CONN
[12:08:04] [355/459] SIPS
[12:08:05] [356/459] SMMX
[12:08:06] [357/459] SCBY
[12:08:08] [358/459] SUAP
[12:08:08] [359/459] RSMK
[12:08:09] [360/459] STKP
[12:08:10] [361/459] CIPC
[12:08:10] [362/459] KKCI
[12:08:11] [363/459] CTNK
[12:08:13] [364/459] MMTZ
[12:08:14] [365/459] DCCO
[12:08:14] [366/459] VNMN
[12:08:15] [367/459] RLCN
[12:08:16] [368/459] CMMS
[12:08:16] [369/459] AYOU
[12:08:17] [370/459] SSCN
[12:08:18] [371/459] SMXN
[12:08:19] [372/459] ASSK
[12:08:19] [373/459] VCKM
[12:08:20] [374/459] PCPH
[12:08:21] [375/459] PADM
[12:08:22] [376/459] IESA
[12:08:23] [377/459] VCSP
[12:08:24] [378/459] AEST
[12:08:25] [379/459] VTNR
[12:08:26] [380/459] GTTA
[12:08:27] [381/459] CMMM
[12:08:27] [382/459] AHKT
[12:08:29] [383/459] SIJI
[12:08:30] [384/459] VCEI
[12:08:30] [385/459] SAKR
[12:08:31] [386/459] VSMT
[12:08:32] [387/459] SSCT
[12:08:33] [388/459] USTR
[12:08:34] [389/459] MTKT
[12:08:34] [390/459] TGMP
[12:08:35] [391/459] SIVC
[12:08:36] [392/459] KICT
[12:08:37] [393/459] DAMD
[12:08:38] [394/459] CNPT
[12:08:38] [395/459] RVTT
[12:08:39] [396/459] SNCM
[12:08:40] [397/459] GHTE
[12:08:41] [398/459] PPAM
[12:08:42] [399/459] PVAA
[12:08:42] [400/459] CPAO
[12:08:43] [401/459] HAMD
[12:08:44] [402/459] RCCA
[12:08:44] [403/459] MPCH
[12:08:45] [404/459] ARED
[12:08:46] [405/459] RRCV
[12:08:47] [406/459] MTRB
[12:08:48] [407/459] CKUA
[12:08:49] [408/459] ABMP
[12:08:49] [409/459] RCWA
[12:08:50] [410/459] CGAR
[12:08:51] [411/459] METH
[12:08:52] [412/459] WAGA
[12:08:53] [413/459] MCMA
[12:08:54] [414/459] CSMP
[12:08:55] [415/459] RCNK
[12:08:56] [416/459] PSTM
[12:08:57] [417/459] CSEP
[12:08:58] [418/459] AMGD
[12:08:58] [419/459] CSTE
[12:08:59] [420/459] CONS
[12:09:00] [421/459] APPX
[12:09:01] [422/459] MABC
[12:09:01] [423/459] CXST
[12:09:02] [424/459] MATN
[12:09:04] [425/459] MACZ
[12:09:05] [426/459] MASA
[12:09:06] [427/459] MBSX
[12:09:07] [428/459] CSST
[12:09:08] [429/459] APCL
[12:09:08] [430/459] CGOS
[12:09:09] [431/459] CPEC
[12:09:10] [432/459] MCCP
[12:09:11] [433/459] BSSO
[12:09:12] [434/459] SJKA
[12:09:12] [435/459] CGBO
[12:09:13] [436/459] MVSK
[12:09:14] [437/459] HVCA
[12:09:15] [438/459] NAMD
[12:09:16] [439/459] DEVI
[12:09:17] [440/459] SCSV
[12:09:18] [441/459] PSMA
[12:09:19] [442/459] CLDJ
[12:09:20] [443/459] NMAD
[12:09:20] [444/459] CGMO
[12:09:21] [445/459] MCNA
[12:09:22] [446/459] OCBN
[12:09:23] [447/459] CPEM
[12:09:23] [448/459] CPSM
[12:09:24] [449/459] RCAD
[12:09:25] [450/459] CPMU
[12:09:26] [451/459] DICD
[12:09:27] [452/459] CHOE
[12:09:27] [453/459] PDJM
[12:09:28] [454/459] SSTU
[12:09:30] [455/459] VNRN
[12:09:30] [456/459] PVLG
[12:09:31] [457/459] SWBL
[12:09:32] [458/459] SCAB
[12:09:33] [459/459] RDDA
[12:09:33] 🧹 Deduping shows
[12:09:33] ✅ DONE | Shows=216 | Movies=12
[19:07:26] 🚀 SCRIPT STARTED
[19:07:26] [1/459] MCCZ
[19:07:26] 🧠 New identity created
[19:07:27] [2/459] FRPU
[19:07:28] [3/459] SKSI
[19:07:28] [4/459] SSCK
[19:07:29] [5/459] SRDC
[19:07:31] [6/459] RSCZ
[19:07:32] [7/459] PRVT
[19:07:33] [8/459] GAGJ
[19:07:34] [9/459] SMHG
[19:07:34] [10/459] JTST
[19:07:35] [11/459] MYTH
[19:07:36] [12/459] JPCC
[19:07:37] [13/459] ACDC
[19:07:38] [14/459] SVFP
[19:07:39] [15/459] SFCM
[19:07:39] [16/459] RUPK
[19:07:40] [17/459] NTCR
[19:07:41] [18/459] RTCH
[19:07:42] [19/459] SCMH
[19:07:43] [20/459] SVYM
[19:07:44] [21/459] SPYM
[19:07:45] [22/459] SMMF
[19:07:46] [23/459] CLLB
[19:07:48] [24/459] FMCB
[19:07:49] [25/459] BBTC
[19:07:50] [26/459] NTHS
[19:07:51] [27/459] PKKJ
[19:07:52] [28/459] MTJA
[19:07:53] [29/459] PMSJ
[19:07:54] [30/459] JMJU
[19:07:54] [31/459] SRAD
[19:07:55] [32/459] MJMC
[19:07:57] [33/459] DFRM
[19:07:58] [34/459] PMRS
[19:07:58] [35/459] RKPP
[19:07:59] [36/459] BMBK
[19:08:00] [37/459] NEWS
[19:08:01] [38/459] SALB
[19:08:02] [39/459] SCPW
[19:08:03] [40/459] RAYL
[19:08:04] [41/459] CMGJ
[19:08:05] [42/459] JRCR
[19:08:06] [43/459] SRTB
[19:08:06] [44/459] ETPB
[19:08:07] [45/459] MXBN
[19:08:08] [46/459] TOPE
[19:08:09] [47/459] SNLJ
[19:08:10] [48/459] CDDP
[19:08:11] [49/459] APCX
[19:08:11] [50/459] TALP
[19:08:12] [51/459] RRMP
[19:08:13] [52/459] MAHB
[19:08:14] [53/459] MTKR
[19:08:15] [54/459] KSKL
[19:08:16] [55/459] RJLT
[19:08:17] [56/459] ATAS
[19:08:18] [57/459] AMHR
[19:08:19] [58/459] RSRM
[19:08:19] [59/459] GCAT
[19:08:20] [60/459] SMML
[19:08:21] [61/459] ACCD
[19:08:22] [62/459] VYDA
[19:08:24] [63/459] MSKT
[19:08:24] [64/459] AVDM
[19:08:25] [65/459] ASMH
[19:08:26] [66/459] VTMB
[19:08:27] [67/459] WVMB
[19:08:28] [68/459] PPMN
[19:08:29] [69/459] MTMD
[19:08:30] [70/459] SMMO
[19:08:30] [71/459] DLPB
[19:08:31] [72/459] AKMD
[19:08:32] [73/459] SHRR
[19:08:33] [74/459] ASCO
[19:08:35] [75/459] CZVX
[19:08:35] [76/459] GCBB
[19:08:36] [77/459] ATBM
[19:08:37] [78/459] TCGM
[19:08:38] [79/459] UMSE
[19:08:39] [80/459] NKCL
[19:08:39] [81/459] BTLR
[19:08:40] [82/459] GOCL
[19:08:41] [83/459] MIRN
[19:08:42] [84/459] THEC
[19:08:43] [85/459] SPPB
[19:08:45] [86/459] PMMM
[19:08:46] [87/459] GGMC
[19:08:46] [88/459] AVSR
[19:08:47] [89/459] RDMH
[19:08:48] [90/459] JSRS
[19:08:49] [91/459] VKGP
[19:08:50] [92/459] ACRT
[19:08:50] [93/459] GCBA
[19:08:51] [94/459] GTCP
[19:08:52] [95/459] AKFC
[19:08:52] [96/459] INCS
[19:08:53] [97/459] SMCK
[19:08:54] [98/459] BRUN
[19:08:55] [99/459] RPPC
[19:08:56] [100/459] PAYD
[19:08:57] [101/459] SVVT
[19:08:58] [102/459] RNCC
[19:08:59] [103/459] PCRC
[19:09:00] [104/459] PMRM
[19:09:01] [105/459] CCRP
[19:09:02] [106/459] INCR
[19:09:03] [107/459] ZTMP
[19:09:04] [108/459] MCNR
[19:09:05] [109/459] INRP
[19:09:06] [110/459] STRC
[19:09:07] [111/459] RATI
[19:09:07] [112/459] PBTR
[19:09:08] [113/459] CMHP
[19:09:09] [114/459] ZECJ
[19:09:10] [115/459] CCCB
[19:09:11] [116/459] BWCB
[19:09:12] [117/459] CCAT
[19:09:13] [118/459] KGCM
[19:09:14] [119/459] INPT
[19:09:15] [120/459] FNCO
[19:09:16] [121/459] SRMJ
[19:09:16] [122/459] PFSC
[19:09:17] [123/459] PBMC
[19:09:18] [124/459] KARP
[19:09:19] [125/459] KOVI
[19:09:20] [126/459] ACXL
[19:09:21] [127/459] GKCC
[19:09:22] [128/459] ASCC
[19:09:23] [129/459] SETC
[19:09:24] [130/459] KACC
[19:09:26] [131/459] KAVE
[19:09:26] [132/459] CNTC
[19:09:27] [133/459] MEEN
[19:09:28] [134/459] BMRV
[19:09:29] [135/459] SVAM
[19:09:30] [136/459] VTBP
[19:09:31] [137/459] VCKN
[19:09:32] [138/459] SGTK
[19:09:32] [139/459] RCGS
[19:09:33] [140/459] RCCB
[19:09:34] [141/459] RKSR
[19:09:35] [142/459] RKCU
[19:09:36] [143/459] GIBH
[19:09:37] [144/459] CXBS
[19:09:38] [145/459] GGCB
[19:09:39] [146/459] SCPB
[19:09:40] [147/459] AKTB
[19:09:41] [148/459] SRBU
[19:09:41] [149/459] CSSA
[19:09:42] [150/459] MYAN
[19:09:43] [151/459] EXCA
[19:09:44] [152/459] CKSA
[19:09:45] [153/459] JTNM
[19:09:46] [154/459] CXKT
[19:09:47] [155/459] NCLM
[19:09:47] [156/459] JAAD
[19:09:48] [157/459] RDCR
[19:09:49] [158/459] MEER
[19:09:50] [159/459] SIBT
[19:09:51] [160/459] PVVB
[19:09:52] [161/459] FNPN
[19:09:53] [162/459] CRPX
[19:09:53] [163/459] STET
[19:09:55] [164/459] METE
[19:09:56] [165/459] BJML
[19:09:56] [166/459] MAVT
[19:09:58] [167/459] MSRM
[19:09:58] [168/459] TJMP
[19:09:59] [169/459] MHCK
[19:10:00] [170/459] SVGP
[19:10:01] [171/459] KRRC
[19:10:01] [172/459] IMCH
[19:10:02] [173/459] CMCS
[19:10:03] [174/459] SGND
[19:10:04] [175/459] RNAT
[19:10:05] [176/459] PRTN
[19:10:06] [177/459] MPTN
[19:10:06] [178/459] ARCC
[19:10:07] [179/459] NTTE
[19:10:08] [180/459] ABND
[19:10:09] [181/459] KCSN
[19:10:09] [182/459] KCSA
[19:10:10] [183/459] DCKT
[19:10:11] [184/459] MBBR
[19:10:12] [185/459] RAMU
[19:10:13] [186/459] RACW
[19:10:14] [187/459] MCHP
[19:10:14] [188/459] TMHM
[19:10:15] [189/459] STXH
[19:10:16] [190/459] AGSG
[19:10:17] [191/459] SIRA
[19:10:17] [192/459] RCAN
[19:10:18] [193/459] CWTB
[19:10:19] [194/459] VTYM
[19:10:20] [195/459] RRPP
[19:10:21] [196/459] ASMR
[19:10:22] [197/459] RONO
[19:10:23] [198/459] MEMR
[19:10:24] [199/459] CTMR
[19:10:25] [200/459] PMTT
[19:10:26] [201/459] PSLX
[19:10:26] [202/459] IPPL
[19:10:28] [203/459] MMSG
[19:10:29] [204/459] INEL
[19:10:30] [205/459] COAC
[19:10:31] [206/459] WVLK
[19:10:32] [207/459] PPXL
[19:10:33] [208/459] PSML
[19:10:33] [209/459] FNLK
[19:10:34] [210/459] ILUM
[19:10:35] [211/459] ILCM
[19:10:36] [212/459] MSNL
[19:10:37] [213/459] VINB
[19:10:39] [214/459] SALW
[19:10:40] [215/459] PRTB
[19:10:40] [216/459] NCIL
[19:10:42] [217/459] PSUL
[19:10:43] [218/459] SCLK
[19:10:44] [219/459] ADDC
[19:10:45] [220/459] OACL
[19:10:45] [221/459] OOCF
[19:10:46] [222/459] GPMF
[19:10:47] [223/459] SSDG
[19:10:48] [224/459] SKRS
[19:10:49] [225/459] NTTP
[19:10:50] [226/459] SLTP
[19:10:51] [227/459] JTLC
[19:10:52] [228/459] POON
[19:10:53] [229/459] CCPC
[19:10:53] [230/459] DCKC
[19:10:54] [231/459] CPRT
[19:10:55] [232/459] EYHZ
[19:10:55] [233/459] ARBL
[19:10:56] [234/459] SBTB
[19:10:57] [235/459] MMCK
[19:10:58] [236/459] PLMR
[19:10:59] [237/459] BIJH
[19:10:59] [238/459] SDRT
[19:11:00] [239/459] PRDC
[19:11:01] [240/459] OMJA
[19:11:02] [241/459] VKCR
[19:11:03] [242/459] ATRT
[19:11:04] [243/459] WVRP
[19:11:05] [244/459] MVRP
[19:11:05] [245/459] FCAX
[19:11:06] [246/459] CTLC
[19:11:07] [247/459] JCHB
[19:11:08] [248/459] SELP
[19:11:09] [249/459] VCPG
[19:11:09] [250/459] ASCX
[19:11:10] [251/459] EOCS
[19:11:11] [252/459] RCPH
[19:11:12] [253/459] RJTM
[19:11:13] [254/459] SGMD
[19:11:13] [255/459] SVJT
[19:11:14] [256/459] SPPO
[19:11:15] [257/459] MNRL
[19:11:16] [258/459] KNOX
[19:11:17] [259/459] GIER
[19:11:18] [260/459] PJMS
[19:11:19] [261/459] UNSP
[19:11:20] [262/459] JETP
[19:11:21] [263/459] VTWA
[19:11:21] [264/459] SCJI
[19:11:22] [265/459] CBZZ
[19:11:23] [266/459] SDCJ
[19:11:24] [267/459] RRCC
[19:11:25] [268/459] VNKG
[19:11:25] [269/459] LKTO
[19:11:26] [270/459] PJRM
[19:11:27] [271/459] NVRM
[19:11:28] [272/459] SJCS
[19:11:29] [273/459] VIGK
[19:11:30] [274/459] ANST
[19:11:30] [275/459] JTTS
[19:11:31] [276/459] NTST
[19:11:32] [277/459] PREB
[19:11:32] [278/459] TSCZ
[19:11:33] [279/459] CDCM
[19:11:35] [280/459] ELYE
[19:11:36] [281/459] INBS
[19:11:37] [282/459] SMGC
[19:11:37] [283/459] UTMP
[19:11:39] [284/459] INTA
[19:11:40] [285/459] OMPT
[19:11:41] [286/459] SCIR
[19:11:42] [287/459] GCKJ
[19:11:43] [288/459] INOG
[19:11:44] [289/459] SMGB
[19:11:45] [290/459] MCSG
[19:11:46] [291/459] STKG
[19:11:47] [292/459] TTKG
[19:11:48] [293/459] SRTR
[19:11:48] [294/459] ETTR
[19:11:49] [295/459] GGGZ
[19:11:50] [296/459] IPGM
[19:11:51] [297/459] FCDH
[19:11:52] [298/459] DESB
[19:11:53] [299/459] VNTP
[19:11:54] [300/459] ANNT
[19:11:55] [301/459] SLTI
[19:11:56] [302/459] MAJU
[19:11:57] [303/459] JCXP
[19:11:58] [304/459] HARK
[19:11:58] [305/459] JPCJ
[19:11:59] [306/459] RXBD
[19:12:00] [307/459] PTKJ
[19:12:01] [308/459] CMTU
[19:12:02] [309/459] SWOR
[19:12:02] [310/459] JMEX
[19:12:04] [311/459] DTPT
[19:12:05] [312/459] VGMM
[19:12:06] [313/459] VCSG
[19:12:07] [314/459] CVCG
[19:12:08] [315/459] TNTT
[19:12:08] [316/459] SHRM
[19:12:09] [317/459] CGKD
[19:12:10] [318/459] EKCM
[19:12:11] [319/459] SDCX
[19:12:12] [320/459] SBTE
[19:12:12] [321/459] STKJ
[19:12:13] [322/459] TPCE
[19:12:15] [323/459] JTNP
[19:12:16] [324/459] LPCH
[19:12:16] [325/459] CPUO
[19:12:17] [326/459] APSU
[19:12:18] [327/459] RTHC
[19:12:19] [328/459] PTBU
[19:12:20] [329/459] CUCC
[19:12:21] [330/459] CPSA
[19:12:22] [331/459] SUAY
[19:12:23] [332/459] AYAA
[19:12:24] [333/459] MUCH
[19:12:25] [334/459] PCIN
[19:12:26] [335/459] JRRM
[19:12:26] [336/459] KATS
[19:12:27] [337/459] MHFF
[19:12:28] [338/459] ESYM
[19:12:28] [339/459] STYV
[19:12:29] [340/459] SDKG
[19:12:31] [341/459] SMTI
[19:12:32] [342/459] NYCS
[19:12:33] [343/459] MTBG
[19:12:34] [344/459] RHCA
[19:12:35] [345/459] PCKH
[19:12:35] [346/459] ARCR
[19:12:36] [347/459] NCMB
[19:12:37] [348/459] SHYC
[19:12:38] [349/459] LACK
[19:12:38] [350/459] MTCM
[19:12:39] [351/459] RRBN
[19:12:40] [352/459] MYDC
[19:12:41] [353/459] STCS
[19:12:42] [354/459] CONN
[19:12:43] [355/459] SIPS
[19:12:44] [356/459] SMMX
[19:12:45] [357/459] SCBY
[19:12:46] [358/459] SUAP
[19:12:46] [359/459] RSMK
[19:12:47] [360/459] STKP
[19:12:48] [361/459] CIPC
[19:12:49] [362/459] KKCI
[19:12:49] [363/459] CTNK
[19:12:50] [364/459] MMTZ
[19:12:51] [365/459] DCCO
[19:12:52] [366/459] VNMN
[19:12:53] [367/459] RLCN
[19:12:54] [368/459] CMMS
[19:12:55] [369/459] AYOU
[19:12:56] [370/459] SSCN
[19:12:57] [371/459] SMXN
[19:12:58] [372/459] ASSK
[19:12:59] [373/459] VCKM
[19:13:00] [374/459] PCPH
[19:13:01] [375/459] PADM
[19:13:02] [376/459] IESA
[19:13:03] [377/459] VCSP
[19:13:04] [378/459] AEST
[19:13:05] [379/459] VTNR
[19:13:05] [380/459] GTTA
[19:13:06] [381/459] CMMM
[19:13:07] [382/459] AHKT
[19:13:08] [383/459] SIJI
[19:13:09] [384/459] VCEI
[19:13:09] [385/459] SAKR
[19:13:10] [386/459] VSMT
[19:13:12] [387/459] SSCT
[19:13:13] [388/459] USTR
[19:13:14] [389/459] MTKT
[19:13:15] [390/459] TGMP
[19:13:15] [391/459] SIVC
[19:13:16] [392/459] KICT
[19:13:17] [393/459] DAMD
[19:13:18] [394/459] CNPT
[19:13:19] [395/459] RVTT
[19:13:19] [396/459] SNCM
[19:13:20] [397/459] GHTE
[19:13:21] [398/459] PPAM
[19:13:22] [399/459] PVAA
[19:13:22] [400/459] CPAO
[19:13:23] [401/459] HAMD
[19:13:24] [402/459] RCCA
[19:13:25] [403/459] MPCH
[19:13:26] [404/459] ARED
[19:13:27] [405/459] RRCV
[19:13:28] [406/459] MTRB
[19:13:29] [407/459] CKUA
[19:13:30] [408/459] ABMP
[19:13:30] [409/459] RCWA
[19:13:31] [410/459] CGAR
[19:13:32] [411/459] METH
[19:13:33] [412/459] WAGA
[19:13:33] [413/459] MCMA
[19:13:35] [414/459] CSMP
[19:13:36] [415/459] RCNK
[19:13:37] [416/459] PSTM
[19:13:38] [417/459] CSEP
[19:13:39] [418/459] AMGD
[19:13:40] [419/459] CSTE
[19:13:40] [420/459] CONS
[19:13:41] [421/459] APPX
[19:13:42] [422/459] MABC
[19:13:43] [423/459] CXST
[19:13:44] [424/459] MATN
[19:13:44] [425/459] MACZ
[19:13:45] [426/459] MASA
[19:13:46] [427/459] MBSX
[19:13:47] [428/459] CSST
[19:13:48] [429/459] APCL
[19:13:49] [430/459] CGOS
[19:13:50] [431/459] CPEC
[19:13:50] [432/459] MCCP
[19:13:51] [433/459] BSSO
[19:13:52] [434/459] SJKA
[19:13:53] [435/459] CGBO
[19:13:54] [436/459] MVSK
[19:13:55] [437/459] HVCA
[19:13:55] [438/459] NAMD
[19:13:56] [439/459] DEVI
[19:13:57] [440/459] SCSV
[19:13:58] [441/459] PSMA
[19:13:59] [442/459] CLDJ
[19:13:59] [443/459] NMAD
[19:14:01] [444/459] CGMO
[19:14:01] [445/459] MCNA
[19:14:02] [446/459] OCBN
[19:14:03] [447/459] CPEM
[19:14:03] [448/459] CPSM
[19:14:04] [449/459] RCAD
[19:14:05] [450/459] CPMU
[19:14:06] [451/459] DICD
[19:14:07] [452/459] CHOE
[19:14:07] [453/459] PDJM
[19:14:08] [454/459] SSTU
[19:14:10] [455/459] VNRN
[19:14:10] [456/459] PVLG
[19:14:11] [457/459] SWBL
[19:14:12] [458/459] SCAB
[19:14:13] [459/459] RDDA
[19:14:13] 🧹 Deduping shows
[19:14:13] ✅ DONE | Shows=386 | Movies=25
[21:55:50] 🚀 SCRIPT STARTED
[21:55:50] [1/459] MCCZ
[21:55:50] 🧠 New identity created
[21:55:51] [2/459] FRPU
[21:55:52] [3/459] SKSI
[21:55:53] [4/459] SSCK
[21:55:53] [5/459] SRDC
[21:55:54] [6/459] RSCZ
[21:55:55] [7/459] PRVT
[21:55:57] [8/459] GAGJ
[21:55:58] [9/459] SMHG
[21:55:59] [10/459] JTST
[21:55:59] [11/459] MYTH
[21:56:00] [12/459] JPCC
[21:56:01] [13/459] ACDC
[21:56:02] [14/459] SVFP
[21:56:03] [15/459] SFCM
[21:56:04] [16/459] RUPK
[21:56:05] [17/459] NTCR
[21:56:06] [18/459] RTCH
[21:56:07] [19/459] SCMH
[21:56:08] [20/459] SVYM
[21:56:09] [21/459] SPYM
[21:56:11] [22/459] SMMF
[21:56:12] [23/459] CLLB
[21:56:13] [24/459] FMCB
[21:56:13] [25/459] BBTC
[21:56:14] [26/459] NTHS
[21:56:15] [27/459] PKKJ
[21:56:17] [28/459] MTJA
[21:56:19] [29/459] PMSJ
[21:56:20] [30/459] JMJU
[21:56:21] [31/459] SRAD
[21:56:22] [32/459] MJMC
[21:56:23] [33/459] DFRM
[21:56:24] [34/459] PMRS
[21:56:25] [35/459] RKPP
[21:56:26] [36/459] BMBK
[21:56:26] [37/459] NEWS
[21:56:27] [38/459] SALB
[21:56:28] [39/459] SCPW
[21:56:29] [40/459] RAYL
[21:56:30] [41/459] CMGJ
[21:56:32] [42/459] JRCR
[21:56:33] [43/459] SRTB
[21:56:33] [44/459] ETPB
[21:56:34] [45/459] MXBN
[21:56:35] [46/459] TOPE
[21:56:36] [47/459] SNLJ
[21:56:37] [48/459] CDDP
[21:56:38] [49/459] APCX
[21:56:39] [50/459] TALP
[21:56:41] [51/459] RRMP
[21:56:43] [52/459] MAHB
[21:56:44] [53/459] MTKR
[21:56:45] [54/459] KSKL
[21:56:45] [55/459] RJLT
[21:56:46] [56/459] ATAS
[21:56:47] [57/459] AMHR
[21:56:48] [58/459] RSRM
[21:56:49] [59/459] GCAT
[21:56:50] [60/459] SMML
[21:56:51] [61/459] ACCD
[21:56:51] [62/459] VYDA
[21:56:52] [63/459] MSKT
[21:56:54] [64/459] AVDM
[21:56:55] [65/459] ASMH
[21:56:56] [66/459] VTMB
[21:56:57] [67/459] WVMB
[21:56:58] [68/459] PPMN
[21:56:58] [69/459] MTMD
[21:56:59] [70/459] SMMO
[21:57:01] [71/459] DLPB
[21:57:02] [72/459] AKMD
[21:57:02] [73/459] SHRR
[21:57:03] [74/459] ASCO
[21:57:04] [75/459] CZVX
[21:57:05] [76/459] GCBB
[21:57:07] [77/459] ATBM
[21:57:07] [78/459] TCGM
[21:57:08] [79/459] UMSE
[21:57:09] [80/459] NKCL
[21:57:10] [81/459] BTLR
[21:57:11] [82/459] GOCL
[21:57:12] [83/459] MIRN
[21:57:13] [84/459] THEC
[21:57:13] [85/459] SPPB
[21:57:14] [86/459] PMMM
[21:57:15] [87/459] GGMC
[21:57:16] [88/459] AVSR
[21:57:18] [89/459] RDMH
[21:57:19] [90/459] JSRS
[21:57:20] [91/459] VKGP
[21:57:22] [92/459] ACRT
[21:57:23] [93/459] GCBA
[21:57:23] [94/459] GTCP
[21:57:24] [95/459] AKFC
[21:57:25] [96/459] INCS
[21:57:26] [97/459] SMCK
[21:57:28] [98/459] BRUN
[21:57:29] [99/459] RPPC
[21:57:30] [100/459] PAYD
[21:57:31] [101/459] SVVT
[21:57:32] [102/459] RNCC
[21:57:32] [103/459] PCRC
[21:57:33] [104/459] PMRM
[21:57:35] [105/459] CCRP
[21:57:37] [106/459] INCR
[21:57:38] [107/459] ZTMP
[21:57:38] [108/459] MCNR
[21:57:39] [109/459] INRP
[21:57:40] [110/459] STRC
[21:57:41] [111/459] RATI
[21:57:43] [112/459] PBTR
[21:57:44] [113/459] CMHP
[21:57:45] [114/459] ZECJ
[21:57:46] [115/459] CCCB
[21:57:47] [116/459] BWCB
[21:57:48] [117/459] CCAT
[21:57:49] [118/459] KGCM
[21:57:51] [119/459] INPT
[21:57:52] [120/459] FNCO
[21:57:53] [121/459] SRMJ
[21:57:54] [122/459] PFSC
[21:57:55] [123/459] PBMC
[21:57:56] [124/459] KARP
[21:57:57] [125/459] KOVI
[21:57:58] [126/459] ACXL
[21:58:00] [127/459] GKCC
[21:58:01] [128/459] ASCC
[21:58:02] [129/459] SETC
[21:58:03] [130/459] KACC
[21:58:05] [131/459] KAVE
[21:58:06] [132/459] CNTC
[21:58:07] [133/459] MEEN
[21:58:07] [134/459] BMRV
[21:58:08] [135/459] SVAM
[21:58:10] [136/459] VTBP
[21:58:11] [137/459] VCKN
[21:58:13] [138/459] SGTK
[21:58:14] [139/459] RCGS
[21:58:16] [140/459] RCCB
[21:58:17] [141/459] RKSR
[21:58:18] [142/459] RKCU
[21:58:19] [143/459] GIBH
[21:58:20] [144/459] CXBS
[21:58:21] [145/459] GGCB
[21:58:22] [146/459] SCPB
[21:58:24] [147/459] AKTB
[21:58:24] [148/459] SRBU
[21:58:25] [149/459] CSSA
[21:58:26] [150/459] MYAN
[21:58:27] [151/459] EXCA
[21:58:27] [152/459] CKSA
[21:58:28] [153/459] JTNM
[21:58:29] [154/459] CXKT
[21:58:29] [155/459] NCLM
[21:58:31] [156/459] JAAD
[21:58:33] [157/459] RDCR
[21:58:34] [158/459] MEER
[21:58:34] [159/459] SIBT
[21:58:36] [160/459] PVVB
[21:58:36] [161/459] FNPN
[21:58:37] [162/459] CRPX
[21:58:39] [163/459] STET
[21:58:39] [164/459] METE
[21:58:40] [165/459] BJML
[21:58:41] [166/459] MAVT
[21:58:42] [167/459] MSRM
[21:58:43] [168/459] TJMP
[21:58:44] [169/459] MHCK
[21:58:45] [170/459] SVGP
[21:58:46] [171/459] KRRC
[21:58:47] [172/459] IMCH
[21:58:48] [173/459] CMCS
[21:58:49] [174/459] SGND
[21:58:50] [175/459] RNAT
[21:58:51] [176/459] PRTN
[21:58:53] [177/459] MPTN
[21:58:54] [178/459] ARCC
[21:58:56] [179/459] NTTE
[21:58:58] [180/459] ABND
[21:58:59] [181/459] KCSN
[21:59:00] [182/459] KCSA
[21:59:01] [183/459] DCKT
[21:59:02] [184/459] MBBR
[21:59:02] [185/459] RAMU
[21:59:03] [186/459] RACW
[21:59:04] [187/459] MCHP
[21:59:05] [188/459] TMHM
[21:59:06] [189/459] STXH
[21:59:07] [190/459] AGSG
[21:59:07] [191/459] SIRA
[21:59:08] [192/459] RCAN
[21:59:09] [193/459] CWTB
[21:59:10] [194/459] VTYM
[21:59:11] [195/459] RRPP
[21:59:12] [196/459] ASMR
[21:59:13] [197/459] RONO
[21:59:14] [198/459] MEMR
[21:59:16] [199/459] CTMR
[21:59:16] [200/459] PMTT
[21:59:18] [201/459] PSLX
[21:59:19] [202/459] IPPL
[21:59:20] [203/459] MMSG
[21:59:21] [204/459] INEL
[21:59:22] [205/459] COAC
[21:59:24] [206/459] WVLK
[21:59:24] [207/459] PPXL
[21:59:26] [208/459] PSML
[21:59:27] [209/459] FNLK
[21:59:28] [210/459] ILUM
[21:59:29] [211/459] ILCM
[21:59:30] [212/459] MSNL
[21:59:31] [213/459] VINB
[21:59:32] [214/459] SALW
[21:59:32] [215/459] PRTB
[21:59:33] [216/459] NCIL
[21:59:34] [217/459] PSUL
[21:59:35] [218/459] SCLK
[21:59:36] [219/459] ADDC
[21:59:37] [220/459] OACL
[21:59:38] [221/459] OOCF
[21:59:39] [222/459] GPMF
[21:59:39] [223/459] SSDG
[21:59:40] [224/459] SKRS
[21:59:41] [225/459] NTTP
[21:59:42] [226/459] SLTP
[21:59:43] [227/459] JTLC
[21:59:44] [228/459] POON
[21:59:44] [229/459] CCPC
[21:59:45] [230/459] DCKC
[21:59:46] [231/459] CPRT
[21:59:47] [232/459] EYHZ
[21:59:48] [233/459] ARBL
[21:59:49] [234/459] SBTB
[21:59:50] [235/459] MMCK
[21:59:51] [236/459] PLMR
[21:59:52] [237/459] BIJH
[21:59:53] [238/459] SDRT
[21:59:55] [239/459] PRDC
[21:59:55] [240/459] OMJA
[21:59:56] [241/459] VKCR
[21:59:57] [242/459] ATRT
[21:59:58] [243/459] WVRP
[21:59:59] [244/459] MVRP
[22:00:00] [245/459] FCAX
[22:00:01] [246/459] CTLC
[22:00:01] [247/459] JCHB
[22:00:02] [248/459] SELP
[22:00:03] [249/459] VCPG
[22:00:04] [250/459] ASCX
[22:00:06] [251/459] EOCS
[22:00:08] [252/459] RCPH
[22:00:08] [253/459] RJTM
[22:00:09] [254/459] SGMD
[22:00:10] [255/459] SVJT
[22:00:12] [256/459] SPPO
[22:00:13] [257/459] MNRL
[22:00:13] [258/459] KNOX
[22:00:15] [259/459] GIER
[22:00:16] [260/459] PJMS
[22:00:17] [261/459] UNSP
[22:00:18] [262/459] JETP
[22:00:19] [263/459] VTWA
[22:00:20] [264/459] SCJI
[22:00:21] [265/459] CBZZ
[22:00:22] [266/459] SDCJ
[22:00:22] [267/459] RRCC
[22:00:23] [268/459] VNKG
[22:00:24] [269/459] LKTO
[22:00:25] [270/459] PJRM
[22:00:26] [271/459] NVRM
[22:00:27] [272/459] SJCS
[22:00:27] [273/459] VIGK
[22:00:28] [274/459] ANST
[22:00:29] [275/459] JTTS
[22:00:30] [276/459] NTST
[22:00:31] [277/459] PREB
[22:00:32] [278/459] TSCZ
[22:00:34] [279/459] CDCM
[22:00:35] [280/459] ELYE
[22:00:35] [281/459] INBS
[22:00:36] [282/459] SMGC
[22:00:37] [283/459] UTMP
[22:00:39] [284/459] INTA
[22:00:40] [285/459] OMPT
[22:00:40] [286/459] SCIR
[22:00:41] [287/459] GCKJ
[22:00:42] [288/459] INOG
[22:00:43] [289/459] SMGB
[22:00:43] [290/459] MCSG
[22:00:45] [291/459] STKG
[22:00:46] [292/459] TTKG
[22:00:47] [293/459] SRTR
[22:00:48] [294/459] ETTR
[22:00:49] [295/459] GGGZ
[22:00:50] [296/459] IPGM
[22:00:51] [297/459] FCDH
[22:00:53] [298/459] DESB
[22:00:55] [299/459] VNTP
[22:00:57] [300/459] ANNT
[22:00:57] [301/459] SLTI
[22:00:58] [302/459] MAJU
[22:00:59] [303/459] JCXP
[22:01:01] [304/459] HARK
[22:01:02] [305/459] JPCJ
[22:01:04] [306/459] RXBD
[22:01:05] [307/459] PTKJ
[22:01:06] [308/459] CMTU
[22:01:07] [309/459] SWOR
[22:01:08] [310/459] JMEX
[22:01:09] [311/459] DTPT
[22:01:10] [312/459] VGMM
[22:01:11] [313/459] VCSG
[22:01:11] [314/459] CVCG
[22:01:12] [315/459] TNTT
[22:01:14] [316/459] SHRM
[22:01:15] [317/459] CGKD
[22:01:16] [318/459] EKCM
[22:01:17] [319/459] SDCX
[22:01:18] [320/459] SBTE
[22:01:19] [321/459] STKJ
[22:01:19] [322/459] TPCE
[22:01:20] [323/459] JTNP
[22:01:21] [324/459] LPCH
[22:01:23] [325/459] CPUO
[22:01:24] [326/459] APSU
[22:01:25] [327/459] RTHC
[22:01:26] [328/459] PTBU
[22:01:27] [329/459] CUCC
[22:01:28] [330/459] CPSA
[22:01:29] [331/459] SUAY
[22:01:30] [332/459] AYAA
[22:01:31] [333/459] MUCH
[22:01:32] [334/459] PCIN
[22:01:34] [335/459] JRRM
[22:01:36] [336/459] KATS
[22:01:37] [337/459] MHFF
[22:01:38] [338/459] ESYM
[22:01:40] [339/459] STYV
[22:01:40] [340/459] SDKG
[22:01:41] [341/459] SMTI
[22:01:42] [342/459] NYCS
[22:01:43] [343/459] MTBG
[22:01:44] [344/459] RHCA
[22:01:45] [345/459] PCKH
[22:01:45] [346/459] ARCR
[22:01:46] [347/459] NCMB
[22:01:47] [348/459] SHYC
[22:01:48] [349/459] LACK
[22:01:49] [350/459] MTCM
[22:01:51] [351/459] RRBN
[22:01:52] [352/459] MYDC
[22:01:53] [353/459] STCS
[22:01:54] [354/459] CONN
[22:01:55] [355/459] SIPS
[22:01:56] [356/459] SMMX
[22:01:57] [357/459] SCBY
[22:01:58] [358/459] SUAP
[22:02:00] [359/459] RSMK
[22:02:00] [360/459] STKP
[22:02:01] [361/459] CIPC
[22:02:04] [362/459] KKCI
[22:02:05] [363/459] CTNK
[22:02:05] [364/459] MMTZ
[22:02:06] [365/459] DCCO
[22:02:07] [366/459] VNMN
[22:02:08] [367/459] RLCN
[22:02:09] [368/459] CMMS
[22:02:11] [369/459] AYOU
[22:02:12] [370/459] SSCN
[22:02:13] [371/459] SMXN
[22:02:14] [372/459] ASSK
[22:02:15] [373/459] VCKM
[22:02:15] [374/459] PCPH
[22:02:16] [375/459] PADM
[22:02:17] [376/459] IESA
[22:02:18] [377/459] VCSP
[22:02:19] [378/459] AEST
[22:02:20] [379/459] VTNR
[22:02:21] [380/459] GTTA
[22:02:23] [381/459] CMMM
[22:02:23] [382/459] AHKT
[22:02:25] [383/459] SIJI
[22:02:26] [384/459] VCEI
[22:02:26] [385/459] SAKR
[22:02:27] [386/459] VSMT
[22:02:28] [387/459] SSCT
[22:02:29] [388/459] USTR
[22:02:30] [389/459] MTKT
[22:02:31] [390/459] TGMP
[22:02:31] [391/459] SIVC
[22:02:33] [392/459] KICT
[22:02:34] [393/459] DAMD
[22:02:35] [394/459] CNPT
[22:02:36] [395/459] RVTT
[22:02:37] [396/459] SNCM
[22:02:39] [397/459] GHTE
[22:02:40] [398/459] PPAM
[22:02:41] [399/459] PVAA
[22:02:41] [400/459] CPAO
[22:02:42] [401/459] HAMD
[22:02:44] [402/459] RCCA
[22:02:45] [403/459] MPCH
[22:02:45] [404/459] ARED
[22:02:46] [405/459] RRCV
[22:02:47] [406/459] MTRB
[22:02:49] [407/459] CKUA
[22:02:50] [408/459] ABMP
[22:02:51] [409/459] RCWA
[22:02:52] [410/459] CGAR
[22:02:54] [411/459] METH
[22:02:55] [412/459] WAGA
[22:02:56] [413/459] MCMA
[22:02:56] [414/459] CSMP
[22:02:58] [415/459] RCNK
[22:02:59] [416/459] PSTM
[22:03:00] [417/459] CSEP
[22:03:00] [418/459] AMGD
[22:03:01] [419/459] CSTE
[22:03:02] [420/459] CONS
[22:03:03] [421/459] APPX
[22:03:04] [422/459] MABC
[22:03:05] [423/459] CXST
[22:03:06] [424/459] MATN
[22:03:07] [425/459] MACZ
[22:03:08] [426/459] MASA
[22:03:08] [427/459] MBSX
[22:03:09] [428/459] CSST
[22:03:10] [429/459] APCL
[22:03:11] [430/459] CGOS
[22:03:12] [431/459] CPEC
[22:03:12] [432/459] MCCP
[22:03:15] [433/459] BSSO
[22:03:16] [434/459] SJKA
[22:03:18] [435/459] CGBO
[22:03:19] [436/459] MVSK
[22:03:21] [437/459] HVCA
[22:03:22] [438/459] NAMD
[22:03:22] [439/459] DEVI
[22:03:23] [440/459] SCSV
[22:03:24] [441/459] PSMA
[22:03:25] [442/459] CLDJ
[22:03:25] [443/459] NMAD
[22:03:26] [444/459] CGMO
[22:03:27] [445/459] MCNA
[22:03:29] [446/459] OCBN
[22:03:30] [447/459] CPEM
[22:03:30] [448/459] CPSM
[22:03:31] [449/459] RCAD
[22:03:32] [450/459] CPMU
[22:03:34] [451/459] DICD
[22:03:36] [452/459] CHOE
[22:03:37] [453/459] PDJM
[22:03:38] [454/459] SSTU
[22:03:40] [455/459] VNRN
[22:03:41] [456/459] PVLG
[22:03:42] [457/459] SWBL
[22:03:43] [458/459] SCAB
[22:03:44] [459/459] RDDA
[22:03:45] 🧹 Deduping shows
[22:03:45] ✅ DONE | Shows=621 | Movies=37
[03:48:55] 🚀 SCRIPT STARTED
[03:48:55] [1/459] MCCZ
[03:48:55] 🧠 New identity created
[03:48:55] [2/459] FRPU
[03:48:56] [3/459] SKSI
[03:48:57] [4/459] SSCK
[03:48:57] [5/459] SRDC
[03:48:58] [6/459] RSCZ
[03:48:59] [7/459] PRVT
[03:48:59] [8/459] GAGJ
[03:49:00] [9/459] SMHG
[03:49:01] [10/459] JTST
[03:49:01] [11/459] MYTH
[03:49:02] [12/459] JPCC
[03:49:03] [13/459] ACDC
[03:49:03] [14/459] SVFP
[03:49:04] [15/459] SFCM
[03:49:04] [16/459] RUPK
[03:49:05] [17/459] NTCR
[03:49:06] [18/459] RTCH
[03:49:06] [19/459] SCMH
[03:49:06] [20/459] SVYM
[03:49:07] [21/459] SPYM
[03:49:08] [22/459] SMMF
[03:49:08] [23/459] CLLB
[03:49:09] [24/459] FMCB
[03:49:09] [25/459] BBTC
[03:49:10] [26/459] NTHS
[03:49:10] [27/459] PKKJ
[03:49:11] [28/459] MTJA
[03:49:11] [29/459] PMSJ
[03:49:12] [30/459] JMJU
[03:49:12] [31/459] SRAD
[03:49:13] [32/459] MJMC
[03:49:14] [33/459] DFRM
[03:49:14] [34/459] PMRS
[03:49:15] [35/459] RKPP
[03:49:16] [36/459] BMBK
[03:49:16] [37/459] NEWS
[03:49:17] [38/459] SALB
[03:49:18] [39/459] SCPW
[03:49:18] [40/459] RAYL
[03:49:19] [41/459] CMGJ
[03:49:19] [42/459] JRCR
[03:49:20] [43/459] SRTB
[03:49:21] [44/459] ETPB
[03:49:21] [45/459] MXBN
[03:49:22] [46/459] TOPE
[03:49:22] [47/459] SNLJ
[03:49:23] [48/459] CDDP
[03:49:24] [49/459] APCX
[03:49:24] [50/459] TALP
[03:49:25] [51/459] RRMP
[03:49:26] [52/459] MAHB
[03:49:26] [53/459] MTKR
[03:49:27] [54/459] KSKL
[03:49:28] [55/459] RJLT
[03:49:28] [56/459] ATAS
[03:49:29] [57/459] AMHR
[03:49:29] [58/459] RSRM
[03:49:30] [59/459] GCAT
[03:49:31] [60/459] SMML
[03:49:32] [61/459] ACCD
[03:49:32] [62/459] VYDA
[03:49:33] [63/459] MSKT
[03:49:33] [64/459] AVDM
[03:49:34] [65/459] ASMH
[03:49:35] [66/459] VTMB
[03:49:35] [67/459] WVMB
[03:49:36] [68/459] PPMN
[03:49:36] [69/459] MTMD
[03:49:37] [70/459] SMMO
[03:49:38] [71/459] DLPB
[03:49:38] [72/459] AKMD
[03:49:39] [73/459] SHRR
[03:49:39] [74/459] ASCO
[03:49:40] [75/459] CZVX
[03:49:40] [76/459] GCBB
[03:49:41] [77/459] ATBM
[03:49:42] [78/459] TCGM
[03:49:42] [79/459] UMSE
[03:49:43] [80/459] NKCL
[03:49:44] [81/459] BTLR
[03:49:44] [82/459] GOCL
[03:49:45] [83/459] MIRN
[03:49:46] [84/459] THEC
[03:49:46] [85/459] SPPB
[03:49:47] [86/459] PMMM
[03:49:48] [87/459] GGMC
[03:49:49] [88/459] AVSR
[03:49:49] [89/459] RDMH
[03:49:50] [90/459] JSRS
[03:49:50] [91/459] VKGP
[03:49:51] [92/459] ACRT
[03:49:52] [93/459] GCBA
[03:49:52] [94/459] GTCP
[03:49:53] [95/459] AKFC
[03:49:53] [96/459] INCS
[03:49:54] [97/459] SMCK
[03:49:55] [98/459] BRUN
[03:49:55] [99/459] RPPC
[03:49:56] [100/459] PAYD
[03:49:57] [101/459] SVVT
[03:49:57] [102/459] RNCC
[03:49:58] [103/459] PCRC
[03:49:58] [104/459] PMRM
[03:49:59] [105/459] CCRP
[03:50:00] [106/459] INCR
[03:50:00] [107/459] ZTMP
[03:50:01] [108/459] MCNR
[03:50:01] [109/459] INRP
[03:50:02] [110/459] STRC
[03:50:02] [111/459] RATI
[03:50:03] [112/459] PBTR
[03:50:04] [113/459] CMHP
[03:50:04] [114/459] ZECJ
[03:50:05] [115/459] CCCB
[03:50:05] [116/459] BWCB
[03:50:06] [117/459] CCAT
[03:50:07] [118/459] KGCM
[03:50:08] [119/459] INPT
[03:50:08] [120/459] FNCO
[03:50:09] [121/459] SRMJ
[03:50:10] [122/459] PFSC
[03:50:10] [123/459] PBMC
[03:50:11] [124/459] KARP
[03:50:12] [125/459] KOVI
[03:50:12] [126/459] ACXL
[03:50:13] [127/459] GKCC
[03:50:13] [128/459] ASCC
[03:50:14] [129/459] SETC
[03:50:15] [130/459] KACC
[03:50:15] [131/459] KAVE
[03:50:16] [132/459] CNTC
[03:50:16] [133/459] MEEN
[03:50:17] [134/459] BMRV
[03:50:17] [135/459] SVAM
[03:50:18] [136/459] VTBP
[03:50:18] [137/459] VCKN
[03:50:19] [138/459] SGTK
[03:50:20] [139/459] RCGS
[03:50:20] [140/459] RCCB
[03:50:21] [141/459] RKSR
[03:50:21] [142/459] RKCU
[03:50:22] [143/459] GIBH
[03:50:22] [144/459] CXBS
[03:50:23] [145/459] GGCB
[03:50:24] [146/459] SCPB
[03:50:24] [147/459] AKTB
[03:50:25] [148/459] SRBU
[03:50:25] [149/459] CSSA
[03:50:26] [150/459] MYAN
[03:50:27] [151/459] EXCA
[03:50:27] [152/459] CKSA
[03:50:28] [153/459] JTNM
[03:50:28] [154/459] CXKT
[03:50:29] [155/459] NCLM
[03:50:30] [156/459] JAAD
[03:50:30] [157/459] RDCR
[03:50:31] [158/459] MEER
[03:50:32] [159/459] SIBT
[03:50:32] [160/459] PVVB
[03:50:33] [161/459] FNPN
[03:50:33] [162/459] CRPX
[03:50:34] [163/459] STET
[03:50:35] [164/459] METE
[03:50:35] [165/459] BJML
[03:50:36] [166/459] MAVT
[03:50:37] [167/459] MSRM
[03:50:37] [168/459] TJMP
[03:50:38] [169/459] MHCK
[03:50:39] [170/459] SVGP
[03:50:39] [171/459] KRRC
[03:50:40] [172/459] IMCH
[03:50:40] [173/459] CMCS
[03:50:41] [174/459] SGND
[03:50:41] [175/459] RNAT
[03:50:42] [176/459] PRTN
[03:50:42] [177/459] MPTN
[03:50:43] [178/459] ARCC
[03:50:44] [179/459] NTTE
[03:50:44] [180/459] ABND
[03:50:45] [181/459] KCSN
[03:50:45] [182/459] KCSA
[03:50:46] [183/459] DCKT
[03:50:47] [184/459] MBBR
[03:50:47] [185/459] RAMU
[03:50:48] [186/459] RACW
[03:50:49] [187/459] MCHP
[03:50:49] [188/459] TMHM
[03:50:50] [189/459] STXH
[03:50:51] [190/459] AGSG
[03:50:51] [191/459] SIRA
[03:50:52] [192/459] RCAN
[03:50:52] [193/459] CWTB
[03:50:53] [194/459] VTYM
[03:50:53] [195/459] RRPP
[03:50:54] [196/459] ASMR
[03:50:54] [197/459] RONO
[03:50:55] [198/459] MEMR
[03:50:56] [199/459] CTMR
[03:50:56] [200/459] PMTT
[03:50:57] [201/459] PSLX
[03:50:57] [202/459] IPPL
[03:50:58] [203/459] MMSG
[03:50:59] [204/459] INEL
[03:51:00] [205/459] COAC
[03:51:00] [206/459] WVLK
[03:51:01] [207/459] PPXL
[03:51:01] [208/459] PSML
[03:51:02] [209/459] FNLK
[03:51:03] [210/459] ILUM
[03:51:03] [211/459] ILCM
[03:51:04] [212/459] MSNL
[03:51:05] [213/459] VINB
[03:51:05] [214/459] SALW
[03:51:06] [215/459] PRTB
[03:51:06] [216/459] NCIL
[03:51:07] [217/459] PSUL
[03:51:07] [218/459] SCLK
[03:51:08] [219/459] ADDC
[03:51:09] [220/459] OACL
[03:51:09] [221/459] OOCF
[03:51:10] [222/459] GPMF
[03:51:10] [223/459] SSDG
[03:51:11] [224/459] SKRS
[03:51:12] [225/459] NTTP
[03:51:12] [226/459] SLTP
[03:51:13] [227/459] JTLC
[03:51:13] [228/459] POON
[03:51:14] [229/459] CCPC
[03:51:14] [230/459] DCKC
[03:51:15] [231/459] CPRT
[03:51:15] [232/459] EYHZ
[03:51:16] [233/459] ARBL
[03:51:16] [234/459] SBTB
[03:51:17] [235/459] MMCK
[03:51:17] [236/459] PLMR
[03:51:18] [237/459] BIJH
[03:51:19] [238/459] SDRT
[03:51:19] [239/459] PRDC
[03:51:20] [240/459] OMJA
[03:51:20] [241/459] VKCR
[03:51:21] [242/459] ATRT
[03:51:21] [243/459] WVRP
[03:51:22] [244/459] MVRP
[03:51:23] [245/459] FCAX
[03:51:23] [246/459] CTLC
[03:51:24] [247/459] JCHB
[03:51:25] [248/459] SELP
[03:51:25] [249/459] VCPG
[03:51:26] [250/459] ASCX
[03:51:27] [251/459] EOCS
[03:51:27] [252/459] RCPH
[03:51:28] [253/459] RJTM
[03:51:29] [254/459] SGMD
[03:51:29] [255/459] SVJT
[03:51:30] [256/459] SPPO
[03:51:30] [257/459] MNRL
[03:51:31] [258/459] KNOX
[03:51:32] [259/459] GIER
[03:51:32] [260/459] PJMS
[03:51:33] [261/459] UNSP
[03:51:33] [262/459] JETP
[03:51:34] [263/459] VTWA
[03:51:34] [264/459] SCJI
[03:51:35] [265/459] CBZZ
[03:51:35] [266/459] SDCJ
[03:51:36] [267/459] RRCC
[03:51:36] [268/459] VNKG
[03:51:37] [269/459] LKTO
[03:51:38] [270/459] PJRM
[03:51:38] [271/459] NVRM
[03:51:39] [272/459] SJCS
[03:51:40] [273/459] VIGK
[03:51:40] [274/459] ANST
[03:51:41] [275/459] JTTS
[03:51:41] [276/459] NTST
[03:51:42] [277/459] PREB
[03:51:43] [278/459] TSCZ
[03:51:43] [279/459] CDCM
[03:51:44] [280/459] ELYE
[03:51:44] [281/459] INBS
[03:51:45] [282/459] SMGC
[03:51:45] [283/459] UTMP
[03:51:46] [284/459] INTA
[03:51:47] [285/459] OMPT
[03:51:47] [286/459] SCIR
[03:51:48] [287/459] GCKJ
[03:51:48] [288/459] INOG
[03:51:49] [289/459] SMGB
[03:51:49] [290/459] MCSG
[03:51:50] [291/459] STKG
[03:51:50] [292/459] TTKG
[03:51:51] [293/459] SRTR
[03:51:52] [294/459] ETTR
[03:51:52] [295/459] GGGZ
[03:51:53] [296/459] IPGM
[03:51:54] [297/459] FCDH
[03:51:54] [298/459] DESB
[03:51:55] [299/459] VNTP
[03:51:56] [300/459] ANNT
[03:51:56] [301/459] SLTI
[03:51:57] [302/459] MAJU
[03:51:57] [303/459] JCXP
[03:51:58] [304/459] HARK
[03:51:59] [305/459] JPCJ
[03:51:59] [306/459] RXBD
[03:52:00] [307/459] PTKJ
[03:52:00] [308/459] CMTU
[03:52:01] [309/459] SWOR
[03:52:01] [310/459] JMEX
[03:52:02] [311/459] DTPT
[03:52:02] [312/459] VGMM
[03:52:03] [313/459] VCSG
[03:52:03] [314/459] CVCG
[03:52:04] [315/459] TNTT
[03:52:05] [316/459] SHRM
[03:52:05] [317/459] CGKD
[03:52:06] [318/459] EKCM
[03:52:07] [319/459] SDCX
[03:52:07] [320/459] SBTE
[03:52:08] [321/459] STKJ
[03:52:09] [322/459] TPCE
[03:52:09] [323/459] JTNP
[03:52:10] [324/459] LPCH
[03:52:11] [325/459] CPUO
[03:52:11] [326/459] APSU
[03:52:12] [327/459] RTHC
[03:52:12] [328/459] PTBU
[03:52:12] [329/459] CUCC
[03:52:13] [330/459] CPSA
[03:52:14] [331/459] SUAY
[03:52:14] [332/459] AYAA
[03:52:15] [333/459] MUCH
[03:52:15] [334/459] PCIN
[03:52:16] [335/459] JRRM
[03:52:16] [336/459] KATS
[03:52:17] [337/459] MHFF
[03:52:17] [338/459] ESYM
[03:52:18] [339/459] STYV
[03:52:18] [340/459] SDKG
[03:52:19] [341/459] SMTI
[03:52:20] [342/459] NYCS
[03:52:20] [343/459] MTBG
[03:52:21] [344/459] RHCA
[03:52:22] [345/459] PCKH
[03:52:22] [346/459] ARCR
[03:52:23] [347/459] NCMB
[03:52:23] [348/459] SHYC
[03:52:24] [349/459] LACK
[03:52:25] [350/459] MTCM
[03:52:25] [351/459] RRBN
[03:52:26] [352/459] MYDC
[03:52:26] [353/459] STCS
[03:52:27] [354/459] CONN
[03:52:28] [355/459] SIPS
[03:52:28] [356/459] SMMX
[03:52:29] [357/459] SCBY
[03:52:30] [358/459] SUAP
[03:52:30] [359/459] RSMK
[03:52:31] [360/459] STKP
[03:52:31] [361/459] CIPC
[03:52:32] [362/459] KKCI
[03:52:33] [363/459] CTNK
[03:52:33] [364/459] MMTZ
[03:52:34] [365/459] DCCO
[03:52:34] [366/459] VNMN
[03:52:35] [367/459] RLCN
[03:52:35] [368/459] CMMS
[03:52:36] [369/459] AYOU
[03:52:37] [370/459] SSCN
[03:52:37] [371/459] SMXN
[03:52:38] [372/459] ASSK
[03:52:38] [373/459] VCKM
[03:52:39] [374/459] PCPH
[03:52:39] [375/459] PADM
[03:52:40] [376/459] IESA
[03:52:41] [377/459] VCSP
[03:52:41] [378/459] AEST
[03:52:42] [379/459] VTNR
[03:52:42] [380/459] GTTA
[03:52:43] [381/459] CMMM
[03:52:44] [382/459] AHKT
[03:52:44] [383/459] SIJI
[03:52:45] [384/459] VCEI
[03:52:45] [385/459] SAKR
[03:52:46] [386/459] VSMT
[03:52:47] [387/459] SSCT
[03:52:47] [388/459] USTR
[03:52:48] [389/459] MTKT
[03:52:48] [390/459] TGMP
[03:52:49] [391/459] SIVC
[03:52:50] [392/459] KICT
[03:52:50] [393/459] DAMD
[03:52:51] [394/459] CNPT
[03:52:52] [395/459] RVTT
[03:52:52] [396/459] SNCM
[03:52:53] [397/459] GHTE
[03:52:54] [398/459] PPAM
[03:52:54] [399/459] PVAA
[03:52:55] [400/459] CPAO
[03:52:55] [401/459] HAMD
[03:52:56] [402/459] RCCA
[03:52:57] [403/459] MPCH
[03:52:57] [404/459] ARED
[03:52:58] [405/459] RRCV
[03:52:59] [406/459] MTRB
[03:52:59] [407/459] CKUA
[03:53:00] [408/459] ABMP
[03:53:01] [409/459] RCWA
[03:53:01] [410/459] CGAR
[03:53:02] [411/459] METH
[03:53:02] [412/459] WAGA
[03:53:03] [413/459] MCMA
[03:53:04] [414/459] CSMP
[03:53:04] [415/459] RCNK
[03:53:05] [416/459] PSTM
[03:53:05] [417/459] CSEP
[03:53:06] [418/459] AMGD
[03:53:07] [419/459] CSTE
[03:53:07] [420/459] CONS
[03:53:08] [421/459] APPX
[03:53:08] [422/459] MABC
[03:53:09] [423/459] CXST
[03:53:09] [424/459] MATN
[03:53:10] [425/459] MACZ
[03:53:11] [426/459] MASA
[03:53:11] [427/459] MBSX
[03:53:12] [428/459] CSST
[03:53:13] [429/459] APCL
[03:53:13] [430/459] CGOS
[03:53:14] [431/459] CPEC
[03:53:14] [432/459] MCCP
[03:53:15] [433/459] BSSO
[03:53:15] [434/459] SJKA
[03:53:16] [435/459] CGBO
[03:53:17] [436/459] MVSK
[03:53:17] [437/459] HVCA
[03:53:18] [438/459] NAMD
[03:53:19] [439/459] DEVI
[03:53:19] [440/459] SCSV
[03:53:20] [441/459] PSMA
[03:53:21] [442/459] CLDJ
[03:53:21] [443/459] NMAD
[03:53:22] [444/459] CGMO
[03:53:22] [445/459] MCNA
[03:53:23] [446/459] OCBN
[03:53:24] [447/459] CPEM
[03:53:24] [448/459] CPSM
[03:53:25] [449/459] RCAD
[03:53:25] [450/459] CPMU
[03:53:26] [451/459] DICD
[03:53:26] [452/459] CHOE
[03:53:27] [453/459] PDJM
[03:53:27] [454/459] SSTU
[03:53:28] [455/459] VNRN
[03:53:29] [456/459] PVLG
[03:53:29] [457/459] SWBL
[03:53:30] [458/459] SCAB
[03:53:31] [459/459] RDDA
[03:53:31] 🧹 Deduping shows
[03:53:31] ✅ DONE | Shows=1136 | Movies=57
