[10:18:58] 🚀 SCRIPT STARTED
[10:18:58] [1/296] CDCA
[10:18:58] 🧠 New identity created
[10:18:59] [2/296] MNSR
[10:19:01] [3/296] CSSL
[10:19:02] [4/296] BGGM
[10:19:03] [5/296] MANT
[10:19:04] [6/296] SOOY
[10:19:05] [7/296] VPPK
[10:19:06] [8/296] MYHJ
[10:19:07] [9/296] KSCK
[10:19:07] [10/296] KATK
[10:19:08] [11/296] RTRT
[10:19:09] [12/296] SSTT
[10:19:10] [13/296] SSTV
[10:19:11] [14/296] LACM
[10:19:12] [15/296] SGMG
[10:19:13] [16/296] KACX
[10:19:13] [17/296] GVCP
[10:19:14] [18/296] CSNC
[10:19:15] [19/296] SXCB
[10:19:16] [20/296] BAHS
[10:19:17] [21/296] PCBI
[10:19:17] [22/296] PSSM
[10:19:18] [23/296] RCOK
[10:19:19] [24/296] SCPF
[10:19:21] [25/296] SSAS
[10:19:21] [26/296] EVMM
[10:19:22] [27/296] SYCB
[10:19:23] [28/296] GCKI
[10:19:24] [29/296] IAET
[10:19:26] [30/296] DDTD
[10:19:26] [31/296] GMDH
[10:19:27] [32/296] STLE
[10:19:29] [33/296] JTRA
[10:19:30] [34/296] RPPA
[10:19:31] [35/296] ARUT
[10:19:32] [36/296] JTVM
[10:19:32] [37/296] SWRH
[10:19:33] [38/296] DCPC
[10:19:35] [39/296] RAPR
[10:19:36] [40/296] GCRT
[10:19:37] [41/296] ATUN
[10:19:38] [42/296] LTRM
[10:19:39] [43/296] TASR
[10:19:40] [44/296] RLLC
[10:19:40] [45/296] MABI
[10:19:42] [46/296] SVHB
[10:19:43] [47/296] NVTB
[10:19:44] [48/296] KCKG
[10:19:45] [49/296] SSRN
[10:19:46] [50/296] VDDC
[10:19:46] [51/296] GKTK
[10:19:48] [52/296] YFSN
[10:19:49] [53/296] GCSG
[10:19:50] [54/296] ESSM
[10:19:51] [55/296] KRIH
[10:19:53] [56/296] GCDS
[10:19:54] [57/296] CCSH
[10:19:54] [58/296] ACSK
[10:19:55] [59/296] APRK
[10:19:56] [60/296] ADKM
[10:19:57] [61/296] SRDM
[10:19:57] [62/296] RMOG
[10:19:58] [63/296] SJMY
[10:19:59] [64/296] PGGC
[10:20:00] [65/296] INGM
[10:20:01] [66/296] LSCB
[10:20:01] [67/296] STAD
[10:20:03] [68/296] MCCR
[10:20:04] [69/296] ABCC
[10:20:05] [70/296] RKCC
[10:20:06] [71/296] RTCR
[10:20:07] [72/296] GGBC
[10:20:08] [73/296] GCSD
[10:20:09] [74/296] LPTY
[10:20:10] [75/296] MCFD
[10:20:11] [76/296] HENN
[10:20:11] [77/296] SMKU
[10:20:12] [78/296] TNZC
[10:20:13] [79/296] DRCD
[10:20:15] [80/296] DLCD
[10:20:16] [81/296] RCDA
[10:20:17] [82/296] COSM
[10:20:17] [83/296] MCMJ
[10:20:18] [84/296] CSTR
[10:20:19] [85/296] CVDK
[10:20:20] [86/296] INRR
[10:20:21] [87/296] RJRT
[10:20:23] [88/296] IRMR
[10:20:23] [89/296] SRCF
[10:20:24] [90/296] GRCR
[10:20:25] [91/296] SURC
[10:20:26] [92/296] NMNH
[10:20:27] [93/296] SVBL
[10:20:28] [94/296] KACI
[10:20:28] [95/296] TDGO
[10:20:29] [96/296] KTBR
[10:20:30] [97/296] PMAD
[10:20:31] [98/296] CCPN
[10:20:32] [99/296] SBTK
[10:20:33] [100/296] LMDK
[10:20:34] [101/296] PGDA
[10:20:34] [102/296] SRML
[10:20:35] [103/296] EVCK
[10:20:36] [104/296] RTTK
[10:20:37] [105/296] SRTU
[10:20:38] [106/296] VRSA
[10:20:39] [107/296] VARS
[10:20:40] [108/296] DSCZ
[10:20:41] [109/296] GAGA
[10:20:41] [110/296] SARV
[10:20:42] [111/296] SEEG
[10:20:43] [112/296] GLCA
[10:20:45] [113/296] APAS
[10:20:46] [114/296] VCIA
[10:20:46] [115/296] SJTA
[10:20:47] [116/296] SABM
[10:20:48] [117/296] PPAG
[10:20:49] [118/296] RVCA
[10:20:50] [119/296] CCIA
[10:20:51] [120/296] HTAG
[10:20:52] [121/296] SMBI
[10:20:52] [122/296] MCJR
[10:20:53] [123/296] CCJR
[10:20:54] [124/296] SINF
[10:20:55] [125/296] CPLX
[10:20:56] [126/296] KKTJ
[10:20:56] [127/296] GDBW
[10:20:58] [128/296] CSUB
[10:20:59] [129/296] DABA
[10:21:00] [130/296] TITR
[10:21:01] [131/296] NYCR
[10:21:02] [132/296] RTRY
[10:21:02] [133/296] JTJL
[10:21:03] [134/296] SJCP
[10:21:04] [135/296] KCCA
[10:21:05] [136/296] MLPG
[10:21:06] [137/296] VRCK
[10:21:06] [138/296] SRIN
[10:21:07] [139/296] CXMK
[10:21:08] [140/296] SKAD
[10:21:09] [141/296] AVTR
[10:21:10] [142/296] PTAJ
[10:21:10] [143/296] SCNK
[10:21:11] [144/296] STTI
[10:21:12] [145/296] KACR
[10:21:13] [146/296] SSDX
[10:21:14] [147/296] VRTJ
[10:21:15] [148/296] RAJD
[10:21:16] [149/296] SCIP
[10:21:17] [150/296] RJSL
[10:21:18] [151/296] ARRS
[10:21:18] [152/296] ASMS
[10:21:19] [153/296] RDTS
[10:21:20] [154/296] DVMY
[10:21:21] [155/296] RASA
[10:21:22] [156/296] INOM
[10:21:23] [157/296] SPRS
[10:21:24] [158/296] SGCS
[10:21:25] [159/296] SALM
[10:21:26] [160/296] PKHC
[10:21:27] [161/296] RCSV
[10:21:28] [162/296] CPKC
[10:21:29] [163/296] AACD
[10:21:29] [164/296] GGCV
[10:21:30] [165/296] SMKD
[10:21:31] [166/296] NBCH
[10:21:32] [167/296] AMCB
[10:21:33] [168/296] OPCN
[10:21:34] [169/296] DCIN
[10:21:34] [170/296] INGW
[10:21:35] [171/296] PKKW
[10:21:36] [172/296] FNGW
[10:21:37] [173/296] GCGD
[10:21:38] [174/296] MSTW
[10:21:39] [175/296] KCCG
[10:21:40] [176/296] MRSS
[10:21:42] [177/296] CLCF
[10:21:42] [178/296] EETS
[10:21:44] [179/296] AATR
[10:21:45] [180/296] CMMN
[10:21:46] [181/296] SCCJ
[10:21:47] [182/296] CDTK
[10:21:48] [183/296] AICP
[10:21:49] [184/296] FNBP
[10:21:49] [185/296] CBPB
[10:21:50] [186/296] CPAS
[10:21:51] [187/296] MAPM
[10:21:51] [188/296] PASD
[10:21:52] [189/296] JCMN
[10:21:53] [190/296] MALB
[10:21:54] [191/296] SACG
[10:21:55] [192/296] DDRX
[10:21:56] [193/296] DDXB
[10:21:57] [194/296] RAMC
[10:21:58] [195/296] SANC
[10:21:58] [196/296] BCBP
[10:21:59] [197/296] ALPC
[10:22:00] [198/296] RBAC
[10:22:01] [199/296] RAJL
[10:22:02] [200/296] MPDX
[10:22:03] [201/296] MUSC
[10:22:04] [202/296] VKMK
[10:22:05] [203/296] SKCG
[10:22:05] [204/296] ANCN
[10:22:06] [205/296] MMCJ
[10:22:07] [206/296] DCAK
[10:22:08] [207/296] SCKG
[10:22:09] [208/296] LMCK
[10:22:10] [209/296] CKKX
[10:22:11] [210/296] ANKU
[10:22:12] [211/296] CSMD
[10:22:12] [212/296] MKMP
[10:22:13] [213/296] SVBG
[10:22:14] [214/296] ROOP
[10:22:15] [215/296] GDMT
[10:22:16] [216/296] FPPF
[10:22:16] [217/296] SFUU
[10:22:17] [218/296] ANCB
[10:22:19] [219/296] SMMC
[10:22:20] [220/296] UGKT
[10:22:21] [221/296] JVRM
[10:22:21] [222/296] BATG
[10:22:22] [223/296] RATE
[10:22:23] [224/296] SKME
[10:22:24] [225/296] LMTP
[10:22:25] [226/296] TCBD
[10:22:25] [227/296] ESBD
[10:22:26] [228/296] GDCU
[10:22:27] [229/296] SNKT
[10:22:28] [230/296] SRNK
[10:22:29] [231/296] SMED
[10:22:29] [232/296] CSQS
[10:22:31] [233/296] ALCS
[10:22:32] [234/296] KCKN
[10:22:33] [235/296] VCCL
[10:22:34] [236/296] MCDA
[10:22:35] [237/296] SHMI
[10:22:35] [238/296] SKHA
[10:22:36] [239/296] SVFK
[10:22:38] [240/296] INVB
[10:22:38] [241/296] MELD
[10:22:40] [242/296] JTYS
[10:22:42] [243/296] INCM
[10:22:43] [244/296] MCDV
[10:22:43] [245/296] KSGK
[10:22:44] [246/296] ICMG
[10:22:45] [247/296] CSCV
[10:22:47] [248/296] STMD
[10:22:47] [249/296] STTR
[10:22:49] [250/296] INVC
[10:22:50] [251/296] JTBL
[10:22:52] [252/296] SRVV
[10:22:53] [253/296] MAVC
[10:22:54] [254/296] SRPP
[10:22:54] [255/296] JGDM
[10:22:55] [256/296] MBSJ
[10:22:57] [257/296] SSLL
[10:22:58] [258/296] SLKP
[10:22:59] [259/296] NSRV
[10:23:00] [260/296] UTDV
[10:23:01] [261/296] KICM
[10:23:01] [262/296] KCMD
[10:23:02] [263/296] TTPP
[10:23:03] [264/296] KMPV
[10:23:04] [265/296] SKTV
[10:23:04] [266/296] STCV
[10:23:06] [267/296] SRDA
[10:23:07] [268/296] JTSX
[10:23:08] [269/296] STBV
[10:23:09] [270/296] APVZ
[10:23:10] [271/296] GSTV
[10:23:11] [272/296] NMVS
[10:23:12] [273/296] SKRT
[10:23:13] [274/296] RMDV
[10:23:14] [275/296] RATG
[10:23:15] [276/296] SJYV
[10:23:16] [277/296] NDGP
[10:23:17] [278/296] SNDG
[10:23:18] [279/296] INSR
[10:23:19] [280/296] INSO
[10:23:20] [281/296] CCSI
[10:23:22] [282/296] RASM
[10:23:22] [283/296] NEWC
[10:23:23] [284/296] VSHL
[10:23:24] [285/296] BISW
[10:23:25] [286/296] GCNG
[10:23:25] [287/296] CWSC
[10:23:26] [288/296] SKAN
[10:23:27] [289/296] SEHP
[10:23:28] [290/296] CCOA
[10:23:29] [291/296] MCAJ
[10:23:30] [292/296] ACDE
[10:23:31] [293/296] AACM
[10:23:32] [294/296] JJCK
[10:23:32] [295/296] RCMO
[10:23:33] [296/296] GDAW
[10:23:34] 🧹 Deduping shows
[10:23:34] ✅ DONE | Shows=14 | Movies=4
[16:48:49] 🚀 SCRIPT STARTED
[16:48:49] [1/296] CDCA
[16:48:50] 🧠 New identity created
[16:48:50] [2/296] MNSR
[16:48:51] [3/296] CSSL
[16:48:52] [4/296] BGGM
[16:48:53] [5/296] MANT
[16:48:54] [6/296] SOOY
[16:48:55] [7/296] VPPK
[16:48:55] [8/296] MYHJ
[16:48:57] [9/296] KSCK
[16:48:57] [10/296] KATK
[16:48:59] [11/296] RTRT
[16:49:00] [12/296] SSTT
[16:49:01] [13/296] SSTV
[16:49:01] [14/296] LACM
[16:49:03] [15/296] SGMG
[16:49:03] [16/296] KACX
[16:49:04] [17/296] GVCP
[16:49:05] [18/296] CSNC
[16:49:06] [19/296] SXCB
[16:49:08] [20/296] BAHS
[16:49:09] [21/296] PCBI
[16:49:10] [22/296] PSSM
[16:49:10] [23/296] RCOK
[16:49:11] [24/296] SCPF
[16:49:12] [25/296] SSAS
[16:49:13] [26/296] EVMM
[16:49:14] [27/296] SYCB
[16:49:15] [28/296] GCKI
[16:49:17] [29/296] IAET
[16:49:18] [30/296] DDTD
[16:49:18] [31/296] GMDH
[16:49:19] [32/296] STLE
[16:49:20] [33/296] JTRA
[16:49:21] [34/296] RPPA
[16:49:21] [35/296] ARUT
[16:49:22] [36/296] JTVM
[16:49:23] [37/296] SWRH
[16:49:24] [38/296] DCPC
[16:49:24] [39/296] RAPR
[16:49:25] [40/296] GCRT
[16:49:26] [41/296] ATUN
[16:49:27] [42/296] LTRM
[16:49:28] [43/296] TASR
[16:49:28] [44/296] RLLC
[16:49:29] [45/296] MABI
[16:49:30] [46/296] SVHB
[16:49:31] [47/296] NVTB
[16:49:32] [48/296] KCKG
[16:49:32] [49/296] SSRN
[16:49:33] [50/296] VDDC
[16:49:34] [51/296] GKTK
[16:49:35] [52/296] YFSN
[16:49:36] [53/296] GCSG
[16:49:37] [54/296] ESSM
[16:49:38] [55/296] KRIH
[16:49:39] [56/296] GCDS
[16:49:40] [57/296] CCSH
[16:49:40] [58/296] ACSK
[16:49:41] [59/296] APRK
[16:49:42] [60/296] ADKM
[16:49:43] [61/296] SRDM
[16:49:44] [62/296] RMOG
[16:49:45] [63/296] SJMY
[16:49:46] [64/296] PGGC
[16:49:47] [65/296] INGM
[16:49:48] [66/296] LSCB
[16:49:48] [67/296] STAD
[16:49:49] [68/296] MCCR
[16:49:50] [69/296] ABCC
[16:49:51] [70/296] RKCC
[16:49:52] [71/296] RTCR
[16:49:53] [72/296] GGBC
[16:49:54] [73/296] GCSD
[16:49:54] [74/296] LPTY
[16:49:55] [75/296] MCFD
[16:49:56] [76/296] HENN
[16:49:57] [77/296] SMKU
[16:49:58] [78/296] TNZC
[16:49:59] [79/296] DRCD
[16:49:59] [80/296] DLCD
[16:50:00] [81/296] RCDA
[16:50:01] [82/296] COSM
[16:50:03] [83/296] MCMJ
[16:50:04] [84/296] CSTR
[16:50:04] [85/296] CVDK
[16:50:05] [86/296] INRR
[16:50:06] [87/296] RJRT
[16:50:07] [88/296] IRMR
[16:50:07] [89/296] SRCF
[16:50:08] [90/296] GRCR
[16:50:09] [91/296] SURC
[16:50:10] [92/296] NMNH
[16:50:11] [93/296] SVBL
[16:50:11] [94/296] KACI
[16:50:12] [95/296] TDGO
[16:50:13] [96/296] KTBR
[16:50:14] [97/296] PMAD
[16:50:15] [98/296] CCPN
[16:50:16] [99/296] SBTK
[16:50:17] [100/296] LMDK
[16:50:17] [101/296] PGDA
[16:50:18] [102/296] SRML
[16:50:19] [103/296] EVCK
[16:50:20] [104/296] RTTK
[16:50:21] [105/296] SRTU
[16:50:22] [106/296] VRSA
[16:50:23] [107/296] VARS
[16:50:24] [108/296] DSCZ
[16:50:25] [109/296] GAGA
[16:50:26] [110/296] SARV
[16:50:26] [111/296] SEEG
[16:50:28] [112/296] GLCA
[16:50:28] [113/296] APAS
[16:50:29] [114/296] VCIA
[16:50:30] [115/296] SJTA
[16:50:31] [116/296] SABM
[16:50:32] [117/296] PPAG
[16:50:32] [118/296] RVCA
[16:50:33] [119/296] CCIA
[16:50:34] [120/296] HTAG
[16:50:35] [121/296] SMBI
[16:50:36] [122/296] MCJR
[16:50:37] [123/296] CCJR
[16:50:38] [124/296] SINF
[16:50:39] [125/296] CPLX
[16:50:40] [126/296] KKTJ
[16:50:41] [127/296] GDBW
[16:50:41] [128/296] CSUB
[16:50:42] [129/296] DABA
[16:50:43] [130/296] TITR
[16:50:44] [131/296] NYCR
[16:50:44] [132/296] RTRY
[16:50:45] [133/296] JTJL
[16:50:46] [134/296] SJCP
[16:50:47] [135/296] KCCA
[16:50:48] [136/296] MLPG
[16:50:49] [137/296] VRCK
[16:50:50] [138/296] SRIN
[16:50:50] [139/296] CXMK
[16:50:51] [140/296] SKAD
[16:50:52] [141/296] AVTR
[16:50:53] [142/296] PTAJ
[16:50:54] [143/296] SCNK
[16:50:55] [144/296] STTI
[16:50:55] [145/296] KACR
[16:50:56] [146/296] SSDX
[16:50:57] [147/296] VRTJ
[16:50:58] [148/296] RAJD
[16:50:59] [149/296] SCIP
[16:51:00] [150/296] RJSL
[16:51:01] [151/296] ARRS
[16:51:02] [152/296] ASMS
[16:51:03] [153/296] RDTS
[16:51:04] [154/296] DVMY
[16:51:05] [155/296] RASA
[16:51:06] [156/296] INOM
[16:51:06] [157/296] SPRS
[16:51:07] [158/296] SGCS
[16:51:08] [159/296] SALM
[16:51:09] [160/296] PKHC
[16:51:09] [161/296] RCSV
[16:51:11] [162/296] CPKC
[16:51:12] [163/296] AACD
[16:51:13] [164/296] GGCV
[16:51:14] [165/296] SMKD
[16:51:15] [166/296] NBCH
[16:51:16] [167/296] AMCB
[16:51:17] [168/296] OPCN
[16:51:18] [169/296] DCIN
[16:51:19] [170/296] INGW
[16:51:20] [171/296] PKKW
[16:51:20] [172/296] FNGW
[16:51:21] [173/296] GCGD
[16:51:22] [174/296] MSTW
[16:51:22] [175/296] KCCG
[16:51:23] [176/296] MRSS
[16:51:24] [177/296] CLCF
[16:51:25] [178/296] EETS
[16:51:26] [179/296] AATR
[16:51:27] [180/296] CMMN
[16:51:27] [181/296] SCCJ
[16:51:28] [182/296] CDTK
[16:51:29] [183/296] AICP
[16:51:30] [184/296] FNBP
[16:51:31] [185/296] CBPB
[16:51:33] [186/296] CPAS
[16:51:34] [187/296] MAPM
[16:51:35] [188/296] PASD
[16:51:36] [189/296] JCMN
[16:51:37] [190/296] MALB
[16:51:38] [191/296] SACG
[16:51:39] [192/296] DDRX
[16:51:40] [193/296] DDXB
[16:51:40] [194/296] RAMC
[16:51:42] [195/296] SANC
[16:51:43] [196/296] BCBP
[16:51:43] [197/296] ALPC
[16:51:44] [198/296] RBAC
[16:51:45] [199/296] RAJL
[16:51:46] [200/296] MPDX
[16:51:48] [201/296] MUSC
[16:51:48] [202/296] VKMK
[16:51:49] [203/296] SKCG
[16:51:50] [204/296] ANCN
[16:51:51] [205/296] MMCJ
[16:51:52] [206/296] DCAK
[16:51:54] [207/296] SCKG
[16:51:55] [208/296] LMCK
[16:51:55] [209/296] CKKX
[16:51:56] [210/296] ANKU
[16:51:57] [211/296] CSMD
[16:51:58] [212/296] MKMP
[16:51:58] [213/296] SVBG
[16:51:59] [214/296] ROOP
[16:52:00] [215/296] GDMT
[16:52:01] [216/296] FPPF
[16:52:01] [217/296] SFUU
[16:52:02] [218/296] ANCB
[16:52:03] [219/296] SMMC
[16:52:04] [220/296] UGKT
[16:52:05] [221/296] JVRM
[16:52:06] [222/296] BATG
[16:52:06] [223/296] RATE
[16:52:07] [224/296] SKME
[16:52:08] [225/296] LMTP
[16:52:09] [226/296] TCBD
[16:52:10] [227/296] ESBD
[16:52:10] [228/296] GDCU
[16:52:11] [229/296] SNKT
[16:52:12] [230/296] SRNK
[16:52:13] [231/296] SMED
[16:52:14] [232/296] CSQS
[16:52:15] [233/296] ALCS
[16:52:15] [234/296] KCKN
[16:52:16] [235/296] VCCL
[16:52:17] [236/296] MCDA
[16:52:18] [237/296] SHMI
[16:52:18] [238/296] SKHA
[16:52:19] [239/296] SVFK
[16:52:20] [240/296] INVB
[16:52:21] [241/296] MELD
[16:52:22] [242/296] JTYS
[16:52:23] [243/296] INCM
[16:52:23] [244/296] MCDV
[16:52:24] [245/296] KSGK
[16:52:25] [246/296] ICMG
[16:52:26] [247/296] CSCV
[16:52:26] [248/296] STMD
[16:52:27] [249/296] STTR
[16:52:28] [250/296] INVC
[16:52:29] [251/296] JTBL
[16:52:30] [252/296] SRVV
[16:52:30] [253/296] MAVC
[16:52:31] [254/296] SRPP
[16:52:32] [255/296] JGDM
[16:52:33] [256/296] MBSJ
[16:52:34] [257/296] SSLL
[16:52:35] [258/296] SLKP
[16:52:36] [259/296] NSRV
[16:52:37] [260/296] UTDV
[16:52:38] [261/296] KICM
[16:52:39] [262/296] KCMD
[16:52:39] [263/296] TTPP
[16:52:40] [264/296] KMPV
[16:52:42] [265/296] SKTV
[16:52:42] [266/296] STCV
[16:52:43] [267/296] SRDA
[16:52:44] [268/296] JTSX
[16:52:45] [269/296] STBV
[16:52:46] [270/296] APVZ
[16:52:46] [271/296] GSTV
[16:52:47] [272/296] NMVS
[16:52:48] [273/296] SKRT
[16:52:49] [274/296] RMDV
[16:52:49] [275/296] RATG
[16:52:50] [276/296] SJYV
[16:52:51] [277/296] NDGP
[16:52:52] [278/296] SNDG
[16:52:53] [279/296] INSR
[16:52:54] [280/296] INSO
[16:52:55] [281/296] CCSI
[16:52:55] [282/296] RASM
[16:52:56] [283/296] NEWC
[16:52:57] [284/296] VSHL
[16:52:57] [285/296] BISW
[16:52:58] [286/296] GCNG
[16:52:59] [287/296] CWSC
[16:53:00] [288/296] SKAN
[16:53:01] [289/296] SEHP
[16:53:01] [290/296] CCOA
[16:53:02] [291/296] MCAJ
[16:53:03] [292/296] ACDE
[16:53:04] [293/296] AACM
[16:53:04] [294/296] JJCK
[16:53:05] [295/296] RCMO
[16:53:06] [296/296] GDAW
[16:53:07] 🧹 Deduping shows
[16:53:07] ✅ DONE | Shows=17 | Movies=4
[04:49:36] 🚀 SCRIPT STARTED
[04:49:36] [1/296] CDCA
[04:49:36] 🧠 New identity created
[04:49:38] [2/296] MNSR
[04:49:39] [3/296] CSSL
[04:49:40] [4/296] BGGM
[04:49:41] [5/296] MANT
[04:49:42] [6/296] SOOY
[04:49:43] [7/296] VPPK
[04:49:44] [8/296] MYHJ
[04:49:45] [9/296] KSCK
[04:49:46] [10/296] KATK
[04:49:47] [11/296] RTRT
[04:49:48] [12/296] SSTT
[04:49:50] [13/296] SSTV
[04:49:51] [14/296] LACM
[04:49:52] [15/296] SGMG
[04:49:54] [16/296] KACX
[04:49:54] [17/296] GVCP
[04:49:55] [18/296] CSNC
[04:49:56] [19/296] SXCB
[04:49:57] [20/296] BAHS
[04:49:59] [21/296] PCBI
[04:50:00] [22/296] PSSM
[04:50:01] [23/296] RCOK
[04:50:02] [24/296] SCPF
[04:50:03] [25/296] SSAS
[04:50:04] [26/296] EVMM
[04:50:05] [27/296] SYCB
[04:50:06] [28/296] GCKI
[04:50:07] [29/296] IAET
[04:50:08] [30/296] DDTD
[04:50:09] [31/296] GMDH
[04:50:10] [32/296] STLE
[04:50:11] [33/296] JTRA
[04:50:12] [34/296] RPPA
[04:50:13] [35/296] ARUT
[04:50:14] [36/296] JTVM
[04:50:15] [37/296] SWRH
[04:50:15] [38/296] DCPC
[04:50:16] [39/296] RAPR
[04:50:17] [40/296] GCRT
[04:50:17] [41/296] ATUN
[04:50:19] [42/296] LTRM
[04:50:20] [43/296] TASR
[04:50:21] [44/296] RLLC
[04:50:22] [45/296] MABI
[04:50:23] [46/296] SVHB
[04:50:23] [47/296] NVTB
[04:50:24] [48/296] KCKG
[04:50:26] [49/296] SSRN
[04:50:27] [50/296] VDDC
[04:50:28] [51/296] GKTK
[04:50:29] [52/296] YFSN
[04:50:31] [53/296] GCSG
[04:50:32] [54/296] ESSM
[04:50:33] [55/296] KRIH
[04:50:33] [56/296] GCDS
[04:50:35] [57/296] CCSH
[04:50:36] [58/296] ACSK
[04:50:37] [59/296] APRK
[04:50:38] [60/296] ADKM
[04:50:39] [61/296] SRDM
[04:50:39] [62/296] RMOG
[04:50:41] [63/296] SJMY
[04:50:42] [64/296] PGGC
[04:50:43] [65/296] INGM
[04:50:44] [66/296] LSCB
[04:50:45] [67/296] STAD
[04:50:46] [68/296] MCCR
[04:50:46] [69/296] ABCC
[04:50:48] [70/296] RKCC
[04:50:49] [71/296] RTCR
[04:50:50] [72/296] GGBC
[04:50:50] [73/296] GCSD
[04:50:51] [74/296] LPTY
[04:50:53] [75/296] MCFD
[04:50:53] [76/296] HENN
[04:50:54] [77/296] SMKU
[04:50:55] [78/296] TNZC
[04:50:56] [79/296] DRCD
[04:50:57] [80/296] DLCD
[04:50:58] [81/296] RCDA
[04:50:58] [82/296] COSM
[04:50:59] [83/296] MCMJ
[04:51:00] [84/296] CSTR
[04:51:01] [85/296] CVDK
[04:51:03] [86/296] INRR
[04:51:04] [87/296] RJRT
[04:51:04] [88/296] IRMR
[04:51:06] [89/296] SRCF
[04:51:07] [90/296] GRCR
[04:51:08] [91/296] SURC
[04:51:09] [92/296] NMNH
[04:51:10] [93/296] SVBL
[04:51:11] [94/296] KACI
[04:51:12] [95/296] TDGO
[04:51:13] [96/296] KTBR
[04:51:14] [97/296] PMAD
[04:51:16] [98/296] CCPN
[04:51:17] [99/296] SBTK
[04:51:18] [100/296] LMDK
[04:51:19] [101/296] PGDA
[04:51:21] [102/296] SRML
[04:51:22] [103/296] EVCK
[04:51:23] [104/296] RTTK
[04:51:23] [105/296] SRTU
[04:51:24] [106/296] VRSA
[04:51:25] [107/296] VARS
[04:51:26] [108/296] DSCZ
[04:51:27] [109/296] GAGA
[04:51:28] [110/296] SARV
[04:51:29] [111/296] SEEG
[04:51:29] [112/296] GLCA
[04:51:30] [113/296] APAS
[04:51:31] [114/296] VCIA
[04:51:32] [115/296] SJTA
[04:51:33] [116/296] SABM
[04:51:34] [117/296] PPAG
[04:51:34] [118/296] RVCA
[04:51:35] [119/296] CCIA
[04:51:36] [120/296] HTAG
[04:51:37] [121/296] SMBI
[04:51:38] [122/296] MCJR
[04:51:39] [123/296] CCJR
[04:51:40] [124/296] SINF
[04:51:41] [125/296] CPLX
[04:51:41] [126/296] KKTJ
[04:51:43] [127/296] GDBW
[04:51:44] [128/296] CSUB
[04:51:45] [129/296] DABA
[04:51:46] [130/296] TITR
[04:51:47] [131/296] NYCR
[04:51:48] [132/296] RTRY
[04:51:49] [133/296] JTJL
[04:51:50] [134/296] SJCP
[04:51:51] [135/296] KCCA
[04:51:53] [136/296] MLPG
[04:51:54] [137/296] VRCK
[04:51:55] [138/296] SRIN
[04:51:56] [139/296] CXMK
[04:51:57] [140/296] SKAD
[04:51:58] [141/296] AVTR
[04:52:00] [142/296] PTAJ
[04:52:01] [143/296] SCNK
[04:52:02] [144/296] STTI
[04:52:02] [145/296] KACR
[04:52:03] [146/296] SSDX
[04:52:04] [147/296] VRTJ
[04:52:05] [148/296] RAJD
[04:52:06] [149/296] SCIP
[04:52:07] [150/296] RJSL
[04:52:08] [151/296] ARRS
[04:52:09] [152/296] ASMS
[04:52:10] [153/296] RDTS
[04:52:10] [154/296] DVMY
[04:52:11] [155/296] RASA
[04:52:12] [156/296] INOM
[04:52:13] [157/296] SPRS
[04:52:15] [158/296] SGCS
[04:52:16] [159/296] SALM
[04:52:17] [160/296] PKHC
[04:52:18] [161/296] RCSV
[04:52:20] [162/296] CPKC
[04:52:21] [163/296] AACD
[04:52:22] [164/296] GGCV
[04:52:23] [165/296] SMKD
[04:52:24] [166/296] NBCH
[04:52:25] [167/296] AMCB
[04:52:26] [168/296] OPCN
[04:52:27] [169/296] DCIN
[04:52:28] [170/296] INGW
[04:52:29] [171/296] PKKW
[04:52:30] [172/296] FNGW
[04:52:31] [173/296] GCGD
[04:52:32] [174/296] MSTW
[04:52:32] [175/296] KCCG
[04:52:33] [176/296] MRSS
[04:52:34] [177/296] CLCF
[04:52:35] [178/296] EETS
[04:52:36] [179/296] AATR
[04:52:37] [180/296] CMMN
[04:52:38] [181/296] SCCJ
[04:52:38] [182/296] CDTK
[04:52:39] [183/296] AICP
[04:52:40] [184/296] FNBP
[04:52:41] [185/296] CBPB
[04:52:42] [186/296] CPAS
[04:52:42] [187/296] MAPM
[04:52:43] [188/296] PASD
[04:52:44] [189/296] JCMN
[04:52:45] [190/296] MALB
[04:52:45] [191/296] SACG
[04:52:46] [192/296] DDRX
[04:52:47] [193/296] DDXB
[04:52:48] [194/296] RAMC
[04:52:49] [195/296] SANC
[04:52:50] [196/296] BCBP
[04:52:50] [197/296] ALPC
[04:52:52] [198/296] RBAC
[04:52:53] [199/296] RAJL
[04:52:54] [200/296] MPDX
[04:52:54] [201/296] MUSC
[04:52:55] [202/296] VKMK
[04:52:56] [203/296] SKCG
[04:52:57] [204/296] ANCN
[04:52:58] [205/296] MMCJ
[04:52:59] [206/296] DCAK
[04:53:00] [207/296] SCKG
[04:53:01] [208/296] LMCK
[04:53:02] [209/296] CKKX
[04:53:02] [210/296] ANKU
[04:53:03] [211/296] CSMD
[04:53:05] [212/296] MKMP
[04:53:07] [213/296] SVBG
[04:53:08] [214/296] ROOP
[04:53:08] [215/296] GDMT
[04:53:09] [216/296] FPPF
[04:53:10] [217/296] SFUU
[04:53:11] [218/296] ANCB
[04:53:12] [219/296] SMMC
[04:53:13] [220/296] UGKT
[04:53:14] [221/296] JVRM
[04:53:14] [222/296] BATG
[04:53:15] [223/296] RATE
[04:53:16] [224/296] SKME
[04:53:17] [225/296] LMTP
[04:53:18] [226/296] TCBD
[04:53:19] [227/296] ESBD
[04:53:20] [228/296] GDCU
[04:53:21] [229/296] SNKT
[04:53:22] [230/296] SRNK
[04:53:23] [231/296] SMED
[04:53:24] [232/296] CSQS
[04:53:24] [233/296] ALCS
[04:53:25] [234/296] KCKN
[04:53:26] [235/296] VCCL
[04:53:27] [236/296] MCDA
[04:53:28] [237/296] SHMI
[04:53:29] [238/296] SKHA
[04:53:30] [239/296] SVFK
[04:53:30] [240/296] INVB
[04:53:31] [241/296] MELD
[04:53:32] [242/296] JTYS
[04:53:33] [243/296] INCM
[04:53:34] [244/296] MCDV
[04:53:35] [245/296] KSGK
[04:53:36] [246/296] ICMG
[04:53:37] [247/296] CSCV
[04:53:37] [248/296] STMD
[04:53:38] [249/296] STTR
[04:53:39] [250/296] INVC
[04:53:40] [251/296] JTBL
[04:53:41] [252/296] SRVV
[04:53:42] [253/296] MAVC
[04:53:43] [254/296] SRPP
[04:53:44] [255/296] JGDM
[04:53:45] [256/296] MBSJ
[04:53:45] [257/296] SSLL
[04:53:46] [258/296] SLKP
[04:53:47] [259/296] NSRV
[04:53:47] [260/296] UTDV
[04:53:48] [261/296] KICM
[04:53:49] [262/296] KCMD
[04:53:50] [263/296] TTPP
[04:53:51] [264/296] KMPV
[04:53:52] [265/296] SKTV
[04:53:52] [266/296] STCV
[04:53:53] [267/296] SRDA
[04:53:54] [268/296] JTSX
[04:53:55] [269/296] STBV
[04:53:55] [270/296] APVZ
[04:53:56] [271/296] GSTV
[04:53:57] [272/296] NMVS
[04:53:58] [273/296] SKRT
[04:53:59] [274/296] RMDV
[04:54:00] [275/296] RATG
[04:54:01] [276/296] SJYV
[04:54:02] [277/296] NDGP
[04:54:03] [278/296] SNDG
[04:54:04] [279/296] INSR
[04:54:05] [280/296] INSO
[04:54:06] [281/296] CCSI
[04:54:06] [282/296] RASM
[04:54:07] [283/296] NEWC
[04:54:08] [284/296] VSHL
[04:54:10] [285/296] BISW
[04:54:11] [286/296] GCNG
[04:54:12] [287/296] CWSC
[04:54:13] [288/296] SKAN
[04:54:13] [289/296] SEHP
[04:54:14] [290/296] CCOA
[04:54:15] [291/296] MCAJ
[04:54:16] [292/296] ACDE
[04:54:17] [293/296] AACM
[04:54:17] [294/296] JJCK
[04:54:18] [295/296] RCMO
[04:54:19] [296/296] GDAW
[04:54:20] 🧹 Deduping shows
[04:54:20] ✅ DONE | Shows=81 | Movies=8
[12:02:55] 🚀 SCRIPT STARTED
[12:02:55] [1/296] CDCA
[12:02:55] 🧠 New identity created
[12:02:56] [2/296] MNSR
[12:02:57] [3/296] CSSL
[12:02:58] [4/296] BGGM
[12:02:59] [5/296] MANT
[12:03:00] [6/296] SOOY
[12:03:01] [7/296] VPPK
[12:03:02] [8/296] MYHJ
[12:03:03] [9/296] KSCK
[12:03:04] [10/296] KATK
[12:03:05] [11/296] RTRT
[12:03:06] [12/296] SSTT
[12:03:07] [13/296] SSTV
[12:03:08] [14/296] LACM
[12:03:09] [15/296] SGMG
[12:03:10] [16/296] KACX
[12:03:11] [17/296] GVCP
[12:03:12] [18/296] CSNC
[12:03:12] [19/296] SXCB
[12:03:13] [20/296] BAHS
[12:03:14] [21/296] PCBI
[12:03:15] [22/296] PSSM
[12:03:16] [23/296] RCOK
[12:03:17] [24/296] SCPF
[12:03:18] [25/296] SSAS
[12:03:18] [26/296] EVMM
[12:03:19] [27/296] SYCB
[12:03:20] [28/296] GCKI
[12:03:21] [29/296] IAET
[12:03:22] [30/296] DDTD
[12:03:22] [31/296] GMDH
[12:03:23] [32/296] STLE
[12:03:24] [33/296] JTRA
[12:03:25] [34/296] RPPA
[12:03:26] [35/296] ARUT
[12:03:27] [36/296] JTVM
[12:03:28] [37/296] SWRH
[12:03:28] [38/296] DCPC
[12:03:29] [39/296] RAPR
[12:03:30] [40/296] GCRT
[12:03:31] [41/296] ATUN
[12:03:31] [42/296] LTRM
[12:03:32] [43/296] TASR
[12:03:33] [44/296] RLLC
[12:03:33] [45/296] MABI
[12:03:34] [46/296] SVHB
[12:03:35] [47/296] NVTB
[12:03:36] [48/296] KCKG
[12:03:37] [49/296] SSRN
[12:03:38] [50/296] VDDC
[12:03:39] [51/296] GKTK
[12:03:39] [52/296] YFSN
[12:03:40] [53/296] GCSG
[12:03:41] [54/296] ESSM
[12:03:42] [55/296] KRIH
[12:03:43] [56/296] GCDS
[12:03:45] [57/296] CCSH
[12:03:46] [58/296] ACSK
[12:03:46] [59/296] APRK
[12:03:47] [60/296] ADKM
[12:03:48] [61/296] SRDM
[12:03:49] [62/296] RMOG
[12:03:50] [63/296] SJMY
[12:03:51] [64/296] PGGC
[12:03:52] [65/296] INGM
[12:03:53] [66/296] LSCB
[12:03:54] [67/296] STAD
[12:03:55] [68/296] MCCR
[12:03:55] [69/296] ABCC
[12:03:56] [70/296] RKCC
[12:03:57] [71/296] RTCR
[12:03:58] [72/296] GGBC
[12:03:59] [73/296] GCSD
[12:03:59] [74/296] LPTY
[12:04:00] [75/296] MCFD
[12:04:02] [76/296] HENN
[12:04:02] [77/296] SMKU
[12:04:03] [78/296] TNZC
[12:04:04] [79/296] DRCD
[12:04:05] [80/296] DLCD
[12:04:06] [81/296] RCDA
[12:04:06] [82/296] COSM
[12:04:07] [83/296] MCMJ
[12:04:08] [84/296] CSTR
[12:04:09] [85/296] CVDK
[12:04:10] [86/296] INRR
[12:04:11] [87/296] RJRT
[12:04:12] [88/296] IRMR
[12:04:13] [89/296] SRCF
[12:04:14] [90/296] GRCR
[12:04:14] [91/296] SURC
[12:04:15] [92/296] NMNH
[12:04:16] [93/296] SVBL
[12:04:17] [94/296] KACI
[12:04:17] [95/296] TDGO
[12:04:18] [96/296] KTBR
[12:04:19] [97/296] PMAD
[12:04:19] [98/296] CCPN
[12:04:20] [99/296] SBTK
[12:04:21] [100/296] LMDK
[12:04:22] [101/296] PGDA
[12:04:23] [102/296] SRML
[12:04:24] [103/296] EVCK
[12:04:25] [104/296] RTTK
[12:04:26] [105/296] SRTU
[12:04:27] [106/296] VRSA
[12:04:28] [107/296] VARS
[12:04:29] [108/296] DSCZ
[12:04:30] [109/296] GAGA
[12:04:30] [110/296] SARV
[12:04:32] [111/296] SEEG
[12:04:33] [112/296] GLCA
[12:04:33] [113/296] APAS
[12:04:34] [114/296] VCIA
[12:04:35] [115/296] SJTA
[12:04:36] [116/296] SABM
[12:04:37] [117/296] PPAG
[12:04:38] [118/296] RVCA
[12:04:38] [119/296] CCIA
[12:04:40] [120/296] HTAG
[12:04:41] [121/296] SMBI
[12:04:41] [122/296] MCJR
[12:04:42] [123/296] CCJR
[12:04:43] [124/296] SINF
[12:04:44] [125/296] CPLX
[12:04:44] [126/296] KKTJ
[12:04:45] [127/296] GDBW
[12:04:46] [128/296] CSUB
[12:04:47] [129/296] DABA
[12:04:48] [130/296] TITR
[12:04:49] [131/296] NYCR
[12:04:50] [132/296] RTRY
[12:04:51] [133/296] JTJL
[12:04:52] [134/296] SJCP
[12:04:53] [135/296] KCCA
[12:04:53] [136/296] MLPG
[12:04:54] [137/296] VRCK
[12:04:55] [138/296] SRIN
[12:04:56] [139/296] CXMK
[12:04:56] [140/296] SKAD
[12:04:57] [141/296] AVTR
[12:04:58] [142/296] PTAJ
[12:04:59] [143/296] SCNK
[12:05:00] [144/296] STTI
[12:05:00] [145/296] KACR
[12:05:01] [146/296] SSDX
[12:05:02] [147/296] VRTJ
[12:05:03] [148/296] RAJD
[12:05:04] [149/296] SCIP
[12:05:04] [150/296] RJSL
[12:05:05] [151/296] ARRS
[12:05:06] [152/296] ASMS
[12:05:07] [153/296] RDTS
[12:05:08] [154/296] DVMY
[12:05:09] [155/296] RASA
[12:05:09] [156/296] INOM
[12:05:10] [157/296] SPRS
[12:05:11] [158/296] SGCS
[12:05:12] [159/296] SALM
[12:05:13] [160/296] PKHC
[12:05:14] [161/296] RCSV
[12:05:14] [162/296] CPKC
[12:05:16] [163/296] AACD
[12:05:17] [164/296] GGCV
[12:05:18] [165/296] SMKD
[12:05:19] [166/296] NBCH
[12:05:20] [167/296] AMCB
[12:05:20] [168/296] OPCN
[12:05:21] [169/296] DCIN
[12:05:22] [170/296] INGW
[12:05:23] [171/296] PKKW
[12:05:24] [172/296] FNGW
[12:05:24] [173/296] GCGD
[12:05:25] [174/296] MSTW
[12:05:26] [175/296] KCCG
[12:05:27] [176/296] MRSS
[12:05:28] [177/296] CLCF
[12:05:29] [178/296] EETS
[12:05:30] [179/296] AATR
[12:05:30] [180/296] CMMN
[12:05:31] [181/296] SCCJ
[12:05:32] [182/296] CDTK
[12:05:33] [183/296] AICP
[12:05:34] [184/296] FNBP
[12:05:34] [185/296] CBPB
[12:05:35] [186/296] CPAS
[12:05:36] [187/296] MAPM
[12:05:37] [188/296] PASD
[12:05:37] [189/296] JCMN
[12:05:38] [190/296] MALB
[12:05:39] [191/296] SACG
[12:05:40] [192/296] DDRX
[12:05:41] [193/296] DDXB
[12:05:42] [194/296] RAMC
[12:05:43] [195/296] SANC
[12:05:44] [196/296] BCBP
[12:05:45] [197/296] ALPC
[12:05:46] [198/296] RBAC
[12:05:47] [199/296] RAJL
[12:05:48] [200/296] MPDX
[12:05:48] [201/296] MUSC
[12:05:49] [202/296] VKMK
[12:05:50] [203/296] SKCG
[12:05:51] [204/296] ANCN
[12:05:52] [205/296] MMCJ
[12:05:53] [206/296] DCAK
[12:05:54] [207/296] SCKG
[12:05:55] [208/296] LMCK
[12:05:56] [209/296] CKKX
[12:05:56] [210/296] ANKU
[12:05:57] [211/296] CSMD
[12:05:58] [212/296] MKMP
[12:05:59] [213/296] SVBG
[12:06:00] [214/296] ROOP
[12:06:01] [215/296] GDMT
[12:06:01] [216/296] FPPF
[12:06:02] [217/296] SFUU
[12:06:03] [218/296] ANCB
[12:06:04] [219/296] SMMC
[12:06:04] [220/296] UGKT
[12:06:05] [221/296] JVRM
[12:06:06] [222/296] BATG
[12:06:07] [223/296] RATE
[12:06:08] [224/296] SKME
[12:06:08] [225/296] LMTP
[12:06:09] [226/296] TCBD
[12:06:10] [227/296] ESBD
[12:06:11] [228/296] GDCU
[12:06:12] [229/296] SNKT
[12:06:12] [230/296] SRNK
[12:06:14] [231/296] SMED
[12:06:15] [232/296] CSQS
[12:06:15] [233/296] ALCS
[12:06:16] [234/296] KCKN
[12:06:17] [235/296] VCCL
[12:06:17] [236/296] MCDA
[12:06:18] [237/296] SHMI
[12:06:19] [238/296] SKHA
[12:06:20] [239/296] SVFK
[12:06:21] [240/296] INVB
[12:06:21] [241/296] MELD
[12:06:22] [242/296] JTYS
[12:06:23] [243/296] INCM
[12:06:24] [244/296] MCDV
[12:06:26] [245/296] KSGK
[12:06:26] [246/296] ICMG
[12:06:27] [247/296] CSCV
[12:06:28] [248/296] STMD
[12:06:30] [249/296] STTR
[12:06:30] [250/296] INVC
[12:06:31] [251/296] JTBL
[12:06:32] [252/296] SRVV
[12:06:33] [253/296] MAVC
[12:06:34] [254/296] SRPP
[12:06:35] [255/296] JGDM
[12:06:36] [256/296] MBSJ
[12:06:36] [257/296] SSLL
[12:06:37] [258/296] SLKP
[12:06:38] [259/296] NSRV
[12:06:39] [260/296] UTDV
[12:06:39] [261/296] KICM
[12:06:40] [262/296] KCMD
[12:06:41] [263/296] TTPP
[12:06:42] [264/296] KMPV
[12:06:43] [265/296] SKTV
[12:06:43] [266/296] STCV
[12:06:44] [267/296] SRDA
[12:06:45] [268/296] JTSX
[12:06:46] [269/296] STBV
[12:06:46] [270/296] APVZ
[12:06:47] [271/296] GSTV
[12:06:48] [272/296] NMVS
[12:06:49] [273/296] SKRT
[12:06:50] [274/296] RMDV
[12:06:50] [275/296] RATG
[12:06:51] [276/296] SJYV
[12:06:52] [277/296] NDGP
[12:06:53] [278/296] SNDG
[12:06:53] [279/296] INSR
[12:06:54] [280/296] INSO
[12:06:55] [281/296] CCSI
[12:06:56] [282/296] RASM
[12:06:57] [283/296] NEWC
[12:06:58] [284/296] VSHL
[12:06:58] [285/296] BISW
[12:06:59] [286/296] GCNG
[12:07:00] [287/296] CWSC
[12:07:01] [288/296] SKAN
[12:07:02] [289/296] SEHP
[12:07:02] [290/296] CCOA
[12:07:03] [291/296] MCAJ
[12:07:04] [292/296] ACDE
[12:07:05] [293/296] AACM
[12:07:06] [294/296] JJCK
[12:07:07] [295/296] RCMO
[12:07:08] [296/296] GDAW
[12:07:08] 🧹 Deduping shows
[12:07:08] ✅ DONE | Shows=109 | Movies=11
[19:06:58] 🚀 SCRIPT STARTED
[19:06:58] [1/296] CDCA
[19:06:58] 🧠 New identity created
[19:06:59] [2/296] MNSR
[19:07:00] [3/296] CSSL
[19:07:01] [4/296] BGGM
[19:07:02] [5/296] MANT
[19:07:02] [6/296] SOOY
[19:07:03] [7/296] VPPK
[19:07:04] [8/296] MYHJ
[19:07:05] [9/296] KSCK
[19:07:06] [10/296] KATK
[19:07:07] [11/296] RTRT
[19:07:08] [12/296] SSTT
[19:07:09] [13/296] SSTV
[19:07:10] [14/296] LACM
[19:07:11] [15/296] SGMG
[19:07:11] [16/296] KACX
[19:07:12] [17/296] GVCP
[19:07:13] [18/296] CSNC
[19:07:14] [19/296] SXCB
[19:07:15] [20/296] BAHS
[19:07:16] [21/296] PCBI
[19:07:17] [22/296] PSSM
[19:07:17] [23/296] RCOK
[19:07:19] [24/296] SCPF
[19:07:20] [25/296] SSAS
[19:07:21] [26/296] EVMM
[19:07:22] [27/296] SYCB
[19:07:22] [28/296] GCKI
[19:07:23] [29/296] IAET
[19:07:24] [30/296] DDTD
[19:07:25] [31/296] GMDH
[19:07:26] [32/296] STLE
[19:07:27] [33/296] JTRA
[19:07:28] [34/296] RPPA
[19:07:28] [35/296] ARUT
[19:07:29] [36/296] JTVM
[19:07:30] [37/296] SWRH
[19:07:32] [38/296] DCPC
[19:07:32] [39/296] RAPR
[19:07:33] [40/296] GCRT
[19:07:35] [41/296] ATUN
[19:07:35] [42/296] LTRM
[19:07:36] [43/296] TASR
[19:07:37] [44/296] RLLC
[19:07:38] [45/296] MABI
[19:07:39] [46/296] SVHB
[19:07:39] [47/296] NVTB
[19:07:40] [48/296] KCKG
[19:07:41] [49/296] SSRN
[19:07:42] [50/296] VDDC
[19:07:43] [51/296] GKTK
[19:07:44] [52/296] YFSN
[19:07:45] [53/296] GCSG
[19:07:45] [54/296] ESSM
[19:07:46] [55/296] KRIH
[19:07:47] [56/296] GCDS
[19:07:48] [57/296] CCSH
[19:07:48] [58/296] ACSK
[19:07:49] [59/296] APRK
[19:07:50] [60/296] ADKM
[19:07:51] [61/296] SRDM
[19:07:52] [62/296] RMOG
[19:07:53] [63/296] SJMY
[19:07:54] [64/296] PGGC
[19:07:55] [65/296] INGM
[19:07:56] [66/296] LSCB
[19:07:57] [67/296] STAD
[19:07:58] [68/296] MCCR
[19:07:58] [69/296] ABCC
[19:07:59] [70/296] RKCC
[19:08:00] [71/296] RTCR
[19:08:01] [72/296] GGBC
[19:08:02] [73/296] GCSD
[19:08:03] [74/296] LPTY
[19:08:04] [75/296] MCFD
[19:08:04] [76/296] HENN
[19:08:05] [77/296] SMKU
[19:08:06] [78/296] TNZC
[19:08:07] [79/296] DRCD
[19:08:07] [80/296] DLCD
[19:08:08] [81/296] RCDA
[19:08:09] [82/296] COSM
[19:08:10] [83/296] MCMJ
[19:08:11] [84/296] CSTR
[19:08:12] [85/296] CVDK
[19:08:13] [86/296] INRR
[19:08:14] [87/296] RJRT
[19:08:15] [88/296] IRMR
[19:08:16] [89/296] SRCF
[19:08:16] [90/296] GRCR
[19:08:17] [91/296] SURC
[19:08:18] [92/296] NMNH
[19:08:19] [93/296] SVBL
[19:08:20] [94/296] KACI
[19:08:21] [95/296] TDGO
[19:08:22] [96/296] KTBR
[19:08:22] [97/296] PMAD
[19:08:23] [98/296] CCPN
[19:08:24] [99/296] SBTK
[19:08:25] [100/296] LMDK
[19:08:26] [101/296] PGDA
[19:08:26] [102/296] SRML
[19:08:28] [103/296] EVCK
[19:08:28] [104/296] RTTK
[19:08:29] [105/296] SRTU
[19:08:31] [106/296] VRSA
[19:08:31] [107/296] VARS
[19:08:32] [108/296] DSCZ
[19:08:33] [109/296] GAGA
[19:08:34] [110/296] SARV
[19:08:35] [111/296] SEEG
[19:08:36] [112/296] GLCA
[19:08:37] [113/296] APAS
[19:08:38] [114/296] VCIA
[19:08:40] [115/296] SJTA
[19:08:40] [116/296] SABM
[19:08:41] [117/296] PPAG
[19:08:43] [118/296] RVCA
[19:08:44] [119/296] CCIA
[19:08:44] [120/296] HTAG
[19:08:45] [121/296] SMBI
[19:08:46] [122/296] MCJR
[19:08:47] [123/296] CCJR
[19:08:48] [124/296] SINF
[19:08:49] [125/296] CPLX
[19:08:50] [126/296] KKTJ
[19:08:51] [127/296] GDBW
[19:08:51] [128/296] CSUB
[19:08:52] [129/296] DABA
[19:08:53] [130/296] TITR
[19:08:54] [131/296] NYCR
[19:08:55] [132/296] RTRY
[19:08:56] [133/296] JTJL
[19:08:57] [134/296] SJCP
[19:08:58] [135/296] KCCA
[19:08:58] [136/296] MLPG
[19:09:00] [137/296] VRCK
[19:09:01] [138/296] SRIN
[19:09:02] [139/296] CXMK
[19:09:02] [140/296] SKAD
[19:09:03] [141/296] AVTR
[19:09:04] [142/296] PTAJ
[19:09:05] [143/296] SCNK
[19:09:06] [144/296] STTI
[19:09:07] [145/296] KACR
[19:09:07] [146/296] SSDX
[19:09:08] [147/296] VRTJ
[19:09:09] [148/296] RAJD
[19:09:10] [149/296] SCIP
[19:09:11] [150/296] RJSL
[19:09:12] [151/296] ARRS
[19:09:13] [152/296] ASMS
[19:09:14] [153/296] RDTS
[19:09:15] [154/296] DVMY
[19:09:16] [155/296] RASA
[19:09:17] [156/296] INOM
[19:09:17] [157/296] SPRS
[19:09:18] [158/296] SGCS
[19:09:19] [159/296] SALM
[19:09:20] [160/296] PKHC
[19:09:20] [161/296] RCSV
[19:09:21] [162/296] CPKC
[19:09:22] [163/296] AACD
[19:09:23] [164/296] GGCV
[19:09:24] [165/296] SMKD
[19:09:25] [166/296] NBCH
[19:09:26] [167/296] AMCB
[19:09:26] [168/296] OPCN
[19:09:27] [169/296] DCIN
[19:09:28] [170/296] INGW
[19:09:29] [171/296] PKKW
[19:09:30] [172/296] FNGW
[19:09:31] [173/296] GCGD
[19:09:31] [174/296] MSTW
[19:09:32] [175/296] KCCG
[19:09:33] [176/296] MRSS
[19:09:34] [177/296] CLCF
[19:09:35] [178/296] EETS
[19:09:36] [179/296] AATR
[19:09:37] [180/296] CMMN
[19:09:38] [181/296] SCCJ
[19:09:39] [182/296] CDTK
[19:09:40] [183/296] AICP
[19:09:40] [184/296] FNBP
[19:09:41] [185/296] CBPB
[19:09:42] [186/296] CPAS
[19:09:43] [187/296] MAPM
[19:09:45] [188/296] PASD
[19:09:46] [189/296] JCMN
[19:09:47] [190/296] MALB
[19:09:47] [191/296] SACG
[19:09:48] [192/296] DDRX
[19:09:49] [193/296] DDXB
[19:09:50] [194/296] RAMC
[19:09:50] [195/296] SANC
[19:09:51] [196/296] BCBP
[19:09:52] [197/296] ALPC
[19:09:53] [198/296] RBAC
[19:09:54] [199/296] RAJL
[19:09:55] [200/296] MPDX
[19:09:56] [201/296] MUSC
[19:09:56] [202/296] VKMK
[19:09:57] [203/296] SKCG
[19:09:58] [204/296] ANCN
[19:09:59] [205/296] MMCJ
[19:10:01] [206/296] DCAK
[19:10:02] [207/296] SCKG
[19:10:02] [208/296] LMCK
[19:10:03] [209/296] CKKX
[19:10:04] [210/296] ANKU
[19:10:05] [211/296] CSMD
[19:10:05] [212/296] MKMP
[19:10:06] [213/296] SVBG
[19:10:07] [214/296] ROOP
[19:10:08] [215/296] GDMT
[19:10:08] [216/296] FPPF
[19:10:09] [217/296] SFUU
[19:10:10] [218/296] ANCB
[19:10:11] [219/296] SMMC
[19:10:11] [220/296] UGKT
[19:10:12] [221/296] JVRM
[19:10:13] [222/296] BATG
[19:10:14] [223/296] RATE
[19:10:15] [224/296] SKME
[19:10:16] [225/296] LMTP
[19:10:17] [226/296] TCBD
[19:10:19] [227/296] ESBD
[19:10:19] [228/296] GDCU
[19:10:20] [229/296] SNKT
[19:10:21] [230/296] SRNK
[19:10:22] [231/296] SMED
[19:10:22] [232/296] CSQS
[19:10:23] [233/296] ALCS
[19:10:24] [234/296] KCKN
[19:10:25] [235/296] VCCL
[19:10:26] [236/296] MCDA
[19:10:26] [237/296] SHMI
[19:10:27] [238/296] SKHA
[19:10:28] [239/296] SVFK
[19:10:29] [240/296] INVB
[19:10:30] [241/296] MELD
[19:10:31] [242/296] JTYS
[19:10:32] [243/296] INCM
[19:10:33] [244/296] MCDV
[19:10:34] [245/296] KSGK
[19:10:34] [246/296] ICMG
[19:10:35] [247/296] CSCV
[19:10:36] [248/296] STMD
[19:10:37] [249/296] STTR
[19:10:38] [250/296] INVC
[19:10:39] [251/296] JTBL
[19:10:40] [252/296] SRVV
[19:10:41] [253/296] MAVC
[19:10:42] [254/296] SRPP
[19:10:42] [255/296] JGDM
[19:10:43] [256/296] MBSJ
[19:10:44] [257/296] SSLL
[19:10:45] [258/296] SLKP
[19:10:46] [259/296] NSRV
[19:10:46] [260/296] UTDV
[19:10:47] [261/296] KICM
[19:10:48] [262/296] KCMD
[19:10:49] [263/296] TTPP
[19:10:50] [264/296] KMPV
[19:10:50] [265/296] SKTV
[19:10:52] [266/296] STCV
[19:10:53] [267/296] SRDA
[19:10:54] [268/296] JTSX
[19:10:54] [269/296] STBV
[19:10:55] [270/296] APVZ
[19:10:56] [271/296] GSTV
[19:10:57] [272/296] NMVS
[19:10:58] [273/296] SKRT
[19:10:58] [274/296] RMDV
[19:10:59] [275/296] RATG
[19:11:00] [276/296] SJYV
[19:11:01] [277/296] NDGP
[19:11:01] [278/296] SNDG
[19:11:02] [279/296] INSR
[19:11:03] [280/296] INSO
[19:11:04] [281/296] CCSI
[19:11:05] [282/296] RASM
[19:11:06] [283/296] NEWC
[19:11:07] [284/296] VSHL
[19:11:08] [285/296] BISW
[19:11:09] [286/296] GCNG
[19:11:10] [287/296] CWSC
[19:11:11] [288/296] SKAN
[19:11:12] [289/296] SEHP
[19:11:12] [290/296] CCOA
[19:11:13] [291/296] MCAJ
[19:11:14] [292/296] ACDE
[19:11:15] [293/296] AACM
[19:11:16] [294/296] JJCK
[19:11:17] [295/296] RCMO
[19:11:17] [296/296] GDAW
[19:11:18] 🧹 Deduping shows
[19:11:18] ✅ DONE | Shows=173 | Movies=18
[21:55:50] 🚀 SCRIPT STARTED
[21:55:50] [1/296] CDCA
[21:55:50] 🧠 New identity created
[21:55:51] [2/296] MNSR
[21:55:52] [3/296] CSSL
[21:55:53] [4/296] BGGM
[21:55:54] [5/296] MANT
[21:55:55] [6/296] SOOY
[21:55:56] [7/296] VPPK
[21:55:57] [8/296] MYHJ
[21:55:57] [9/296] KSCK
[21:55:58] [10/296] KATK
[21:55:59] [11/296] RTRT
[21:56:00] [12/296] SSTT
[21:56:01] [13/296] SSTV
[21:56:02] [14/296] LACM
[21:56:02] [15/296] SGMG
[21:56:03] [16/296] KACX
[21:56:04] [17/296] GVCP
[21:56:05] [18/296] CSNC
[21:56:06] [19/296] SXCB
[21:56:07] [20/296] BAHS
[21:56:08] [21/296] PCBI
[21:56:08] [22/296] PSSM
[21:56:09] [23/296] RCOK
[21:56:10] [24/296] SCPF
[21:56:11] [25/296] SSAS
[21:56:12] [26/296] EVMM
[21:56:13] [27/296] SYCB
[21:56:14] [28/296] GCKI
[21:56:14] [29/296] IAET
[21:56:15] [30/296] DDTD
[21:56:17] [31/296] GMDH
[21:56:18] [32/296] STLE
[21:56:19] [33/296] JTRA
[21:56:20] [34/296] RPPA
[21:56:22] [35/296] ARUT
[21:56:22] [36/296] JTVM
[21:56:23] [37/296] SWRH
[21:56:24] [38/296] DCPC
[21:56:25] [39/296] RAPR
[21:56:26] [40/296] GCRT
[21:56:27] [41/296] ATUN
[21:56:29] [42/296] LTRM
[21:56:30] [43/296] TASR
[21:56:31] [44/296] RLLC
[21:56:32] [45/296] MABI
[21:56:33] [46/296] SVHB
[21:56:34] [47/296] NVTB
[21:56:36] [48/296] KCKG
[21:56:37] [49/296] SSRN
[21:56:39] [50/296] VDDC
[21:56:40] [51/296] GKTK
[21:56:41] [52/296] YFSN
[21:56:42] [53/296] GCSG
[21:56:42] [54/296] ESSM
[21:56:43] [55/296] KRIH
[21:56:45] [56/296] GCDS
[21:56:46] [57/296] CCSH
[21:56:47] [58/296] ACSK
[21:56:47] [59/296] APRK
[21:56:48] [60/296] ADKM
[21:56:50] [61/296] SRDM
[21:56:50] [62/296] RMOG
[21:56:52] [63/296] SJMY
[21:56:53] [64/296] PGGC
[21:56:53] [65/296] INGM
[21:56:54] [66/296] LSCB
[21:56:55] [67/296] STAD
[21:56:56] [68/296] MCCR
[21:56:57] [69/296] ABCC
[21:56:58] [70/296] RKCC
[21:57:00] [71/296] RTCR
[21:57:01] [72/296] GGBC
[21:57:02] [73/296] GCSD
[21:57:02] [74/296] LPTY
[21:57:04] [75/296] MCFD
[21:57:06] [76/296] HENN
[21:57:06] [77/296] SMKU
[21:57:08] [78/296] TNZC
[21:57:09] [79/296] DRCD
[21:57:10] [80/296] DLCD
[21:57:11] [81/296] RCDA
[21:57:12] [82/296] COSM
[21:57:13] [83/296] MCMJ
[21:57:14] [84/296] CSTR
[21:57:15] [85/296] CVDK
[21:57:17] [86/296] INRR
[21:57:18] [87/296] RJRT
[21:57:19] [88/296] IRMR
[21:57:22] [89/296] SRCF
[21:57:23] [90/296] GRCR
[21:57:24] [91/296] SURC
[21:57:25] [92/296] NMNH
[21:57:27] [93/296] SVBL
[21:57:29] [94/296] KACI
[21:57:30] [95/296] TDGO
[21:57:31] [96/296] KTBR
[21:57:32] [97/296] PMAD
[21:57:33] [98/296] CCPN
[21:57:34] [99/296] SBTK
[21:57:34] [100/296] LMDK
[21:57:36] [101/296] PGDA
[21:57:37] [102/296] SRML
[21:57:40] [103/296] EVCK
[21:57:41] [104/296] RTTK
[21:57:43] [105/296] SRTU
[21:57:44] [106/296] VRSA
[21:57:44] [107/296] VARS
[21:57:45] [108/296] DSCZ
[21:57:46] [109/296] GAGA
[21:57:47] [110/296] SARV
[21:57:48] [111/296] SEEG
[21:57:49] [112/296] GLCA
[21:57:51] [113/296] APAS
[21:57:52] [114/296] VCIA
[21:57:53] [115/296] SJTA
[21:57:54] [116/296] SABM
[21:57:54] [117/296] PPAG
[21:57:56] [118/296] RVCA
[21:57:57] [119/296] CCIA
[21:57:58] [120/296] HTAG
[21:57:58] [121/296] SMBI
[21:58:00] [122/296] MCJR
[21:58:02] [123/296] CCJR
[21:58:03] [124/296] SINF
[21:58:03] [125/296] CPLX
[21:58:05] [126/296] KKTJ
[21:58:07] [127/296] GDBW
[21:58:08] [128/296] CSUB
[21:58:08] [129/296] DABA
[21:58:09] [130/296] TITR
[21:58:11] [131/296] NYCR
[21:58:12] [132/296] RTRY
[21:58:14] [133/296] JTJL
[21:58:15] [134/296] SJCP
[21:58:16] [135/296] KCCA
[21:58:17] [136/296] MLPG
[21:58:18] [137/296] VRCK
[21:58:18] [138/296] SRIN
[21:58:19] [139/296] CXMK
[21:58:21] [140/296] SKAD
[21:58:22] [141/296] AVTR
[21:58:24] [142/296] PTAJ
[21:58:24] [143/296] SCNK
[21:58:25] [144/296] STTI
[21:58:26] [145/296] KACR
[21:58:27] [146/296] SSDX
[21:58:28] [147/296] VRTJ
[21:58:29] [148/296] RAJD
[21:58:30] [149/296] SCIP
[21:58:31] [150/296] RJSL
[21:58:32] [151/296] ARRS
[21:58:33] [152/296] ASMS
[21:58:33] [153/296] RDTS
[21:58:34] [154/296] DVMY
[21:58:36] [155/296] RASA
[21:58:37] [156/296] INOM
[21:58:38] [157/296] SPRS
[21:58:39] [158/296] SGCS
[21:58:40] [159/296] SALM
[21:58:41] [160/296] PKHC
[21:58:42] [161/296] RCSV
[21:58:43] [162/296] CPKC
[21:58:45] [163/296] AACD
[21:58:45] [164/296] GGCV
[21:58:46] [165/296] SMKD
[21:58:47] [166/296] NBCH
[21:58:49] [167/296] AMCB
[21:58:49] [168/296] OPCN
[21:58:51] [169/296] DCIN
[21:58:51] [170/296] INGW
[21:58:52] [171/296] PKKW
[21:58:53] [172/296] FNGW
[21:58:54] [173/296] GCGD
[21:58:55] [174/296] MSTW
[21:58:56] [175/296] KCCG
[21:58:57] [176/296] MRSS
[21:58:58] [177/296] CLCF
[21:58:59] [178/296] EETS
[21:59:00] [179/296] AATR
[21:59:01] [180/296] CMMN
[21:59:02] [181/296] SCCJ
[21:59:03] [182/296] CDTK
[21:59:03] [183/296] AICP
[21:59:06] [184/296] FNBP
[21:59:07] [185/296] CBPB
[21:59:08] [186/296] CPAS
[21:59:09] [187/296] MAPM
[21:59:10] [188/296] PASD
[21:59:12] [189/296] JCMN
[21:59:13] [190/296] MALB
[21:59:14] [191/296] SACG
[21:59:15] [192/296] DDRX
[21:59:16] [193/296] DDXB
[21:59:17] [194/296] RAMC
[21:59:18] [195/296] SANC
[21:59:19] [196/296] BCBP
[21:59:19] [197/296] ALPC
[21:59:21] [198/296] RBAC
[21:59:23] [199/296] RAJL
[21:59:24] [200/296] MPDX
[21:59:25] [201/296] MUSC
[21:59:26] [202/296] VKMK
[21:59:27] [203/296] SKCG
[21:59:28] [204/296] ANCN
[21:59:29] [205/296] MMCJ
[21:59:30] [206/296] DCAK
[21:59:31] [207/296] SCKG
[21:59:33] [208/296] LMCK
[21:59:34] [209/296] CKKX
[21:59:34] [210/296] ANKU
[21:59:35] [211/296] CSMD
[21:59:36] [212/296] MKMP
[21:59:37] [213/296] SVBG
[21:59:38] [214/296] ROOP
[21:59:39] [215/296] GDMT
[21:59:41] [216/296] FPPF
[21:59:41] [217/296] SFUU
[21:59:42] [218/296] ANCB
[21:59:44] [219/296] SMMC
[21:59:44] [220/296] UGKT
[21:59:45] [221/296] JVRM
[21:59:46] [222/296] BATG
[21:59:47] [223/296] RATE
[21:59:49] [224/296] SKME
[21:59:49] [225/296] LMTP
[21:59:50] [226/296] TCBD
[21:59:51] [227/296] ESBD
[21:59:52] [228/296] GDCU
[21:59:53] [229/296] SNKT
[21:59:54] [230/296] SRNK
[21:59:55] [231/296] SMED
[21:59:56] [232/296] CSQS
[21:59:57] [233/296] ALCS
[21:59:58] [234/296] KCKN
[21:59:58] [235/296] VCCL
[21:59:59] [236/296] MCDA
[22:00:00] [237/296] SHMI
[22:00:01] [238/296] SKHA
[22:00:02] [239/296] SVFK
[22:00:03] [240/296] INVB
[22:00:03] [241/296] MELD
[22:00:05] [242/296] JTYS
[22:00:05] [243/296] INCM
[22:00:06] [244/296] MCDV
[22:00:07] [245/296] KSGK
[22:00:08] [246/296] ICMG
[22:00:08] [247/296] CSCV
[22:00:09] [248/296] STMD
[22:00:11] [249/296] STTR
[22:00:12] [250/296] INVC
[22:00:13] [251/296] JTBL
[22:00:14] [252/296] SRVV
[22:00:15] [253/296] MAVC
[22:00:16] [254/296] SRPP
[22:00:16] [255/296] JGDM
[22:00:18] [256/296] MBSJ
[22:00:19] [257/296] SSLL
[22:00:20] [258/296] SLKP
[22:00:21] [259/296] NSRV
[22:00:22] [260/296] UTDV
[22:00:23] [261/296] KICM
[22:00:23] [262/296] KCMD
[22:00:24] [263/296] TTPP
[22:00:25] [264/296] KMPV
[22:00:26] [265/296] SKTV
[22:00:28] [266/296] STCV
[22:00:28] [267/296] SRDA
[22:00:29] [268/296] JTSX
[22:00:30] [269/296] STBV
[22:00:31] [270/296] APVZ
[22:00:33] [271/296] GSTV
[22:00:34] [272/296] NMVS
[22:00:35] [273/296] SKRT
[22:00:37] [274/296] RMDV
[22:00:38] [275/296] RATG
[22:00:38] [276/296] SJYV
[22:00:39] [277/296] NDGP
[22:00:40] [278/296] SNDG
[22:00:41] [279/296] INSR
[22:00:42] [280/296] INSO
[22:00:43] [281/296] CCSI
[22:00:44] [282/296] RASM
[22:00:44] [283/296] NEWC
[22:00:45] [284/296] VSHL
[22:00:46] [285/296] BISW
[22:00:47] [286/296] GCNG
[22:00:50] [287/296] CWSC
[22:00:51] [288/296] SKAN
[22:00:51] [289/296] SEHP
[22:00:53] [290/296] CCOA
[22:00:54] [291/296] MCAJ
[22:00:55] [292/296] ACDE
[22:00:56] [293/296] AACM
[22:00:57] [294/296] JJCK
[22:00:57] [295/296] RCMO
[22:00:58] [296/296] GDAW
[22:00:59] 🧹 Deduping shows
[22:00:59] ✅ DONE | Shows=367 | Movies=25
