[10:18:54] 🚀 SCRIPT STARTED
[10:18:54] [1/324] GCTA
[10:18:54] 🧠 New identity created
[10:18:55] [2/324] TOPN
[10:18:56] [3/324] MCUS
[10:18:57] [4/324] SHRL
[10:18:58] [5/324] UPTP
[10:18:58] [6/324] TMMP
[10:18:59] [7/324] DNRP
[10:19:00] [8/324] SRLT
[10:19:01] [9/324] RCNS
[10:19:02] [10/324] DCBH
[10:19:03] [11/324] NAGJ
[10:19:04] [12/324] JVRC
[10:19:05] [13/324] KRJG
[10:19:05] [14/324] SRTJ
[10:19:06] [15/324] CMXM
[10:19:07] [16/324] STMI
[10:19:08] [17/324] SLST
[10:19:10] [18/324] DTCN
[10:19:11] [19/324] STYN
[10:19:11] [20/324] SZVR
[10:19:12] [21/324] SRKO
[10:19:13] [22/324] JTGT
[10:19:14] [23/324] SVFD
[10:19:15] [24/324] SISD
[10:19:16] [25/324] ABDD
[10:19:16] [26/324] DRCA
[10:19:17] [27/324] AVCS
[10:19:18] [28/324] MVKH
[10:19:19] [29/324] ACPR
[10:19:20] [30/324] STIP
[10:19:21] [31/324] MTRA
[10:19:23] [32/324] RMKH
[10:19:25] [33/324] NKRL
[10:19:26] [34/324] PCWN
[10:19:27] [35/324] BLMT
[10:19:27] [36/324] GDPG
[10:19:28] [37/324] SRMX
[10:19:29] [38/324] JACP
[10:19:30] [39/324] CPSH
[10:19:31] [40/324] MCCD
[10:19:32] [41/324] ECGH
[10:19:33] [42/324] MKCK
[10:19:34] [43/324] SRMM
[10:19:35] [44/324] SKYR
[10:19:36] [45/324] PCKC
[10:19:37] [46/324] JCMA
[10:19:38] [47/324] BSMP
[10:19:39] [48/324] VSPA
[10:19:39] [49/324] DJYA
[10:19:40] [50/324] DIMP
[10:19:41] [51/324] FXDR
[10:19:43] [52/324] SSRC
[10:19:44] [53/324] STHP
[10:19:44] [54/324] CPPD
[10:19:45] [55/324] FCLK
[10:19:46] [56/324] SCPP
[10:19:47] [57/324] DCMJ
[10:19:47] [58/324] RCCR
[10:19:48] [59/324] INMT
[10:19:49] [60/324] LXTK
[10:19:50] [61/324] SRYK
[10:19:51] [62/324] SGDK
[10:19:52] [63/324] PPKA
[10:19:52] [64/324] SPKA
[10:19:53] [65/324] CGHH
[10:19:54] [66/324] DCJN
[10:19:55] [67/324] SRKV
[10:19:56] [68/324] SAJC
[10:19:57] [69/324] SUSR
[10:19:57] [70/324] STYG
[10:19:58] [71/324] NTKP
[10:19:59] [72/324] AKTG
[10:20:00] [73/324] CGCM
[10:20:00] [74/324] TULC
[10:20:01] [75/324] NYYZ
[10:20:02] [76/324] NYBW
[10:20:03] [77/324] MACB
[10:20:04] [78/324] SLVT
[10:20:04] [79/324] SANA
[10:20:05] [80/324] ACMR
[10:20:06] [81/324] CPKN
[10:20:07] [82/324] DLGK
[10:20:08] [83/324] CWCK
[10:20:09] [84/324] FDDH
[10:20:10] [85/324] MMMD
[10:20:10] [86/324] CMEH
[10:20:11] [87/324] GGGV
[10:20:13] [88/324] SPJL
[10:20:13] [89/324] RCCD
[10:20:14] [90/324] STTZ
[10:20:15] [91/324] BTCF
[10:20:16] [92/324] TSTZ
[10:20:16] [93/324] IPMM
[10:20:17] [94/324] PMPW
[10:20:18] [95/324] PCMZ
[10:20:19] [96/324] ESEM
[10:20:20] [97/324] PIPO
[10:20:20] [98/324] MATK
[10:20:21] [99/324] PGHM
[10:20:22] [100/324] CTSR
[10:20:23] [101/324] CYKR
[10:20:24] [102/324] MSCM
[10:20:26] [103/324] RFNP
[10:20:26] [104/324] PDCP
[10:20:27] [105/324] NPSE
[10:20:28] [106/324] MKML
[10:20:29] [107/324] FTDP
[10:20:30] [108/324] MMXA
[10:20:31] [109/324] CEPO
[10:20:32] [110/324] CMVP
[10:20:33] [111/324] SGTH
[10:20:35] [112/324] SAYN
[10:20:35] [113/324] URVS
[10:20:36] [114/324] VJTN
[10:20:37] [115/324] BBYK
[10:20:38] [116/324] SHBO
[10:20:38] [117/324] VCMR
[10:20:40] [118/324] MACT
[10:20:41] [119/324] JMNP
[10:20:42] [120/324] VICS
[10:20:42] [121/324] VCDA
[10:20:43] [122/324] GCMM
[10:20:44] [123/324] INVS
[10:20:45] [124/324] SCGM
[10:20:46] [125/324] PCDA
[10:20:46] [126/324] KDCT
[10:20:47] [127/324] JACS
[10:20:48] [128/324] GMMC
[10:20:48] [129/324] AICM
[10:20:49] [130/324] TJCM
[10:20:50] [131/324] RMTI
[10:20:51] [132/324] SHAC
[10:20:52] [133/324] APJC
[10:20:53] [134/324] GCTG
[10:20:54] [135/324] SSMC
[10:20:55] [136/324] THRM
[10:20:56] [137/324] RBCT
[10:20:57] [138/324] DIKT
[10:20:59] [139/324] MIDL
[10:21:00] [140/324] VCSN
[10:21:00] [141/324] SKTG
[10:21:01] [142/324] SMWC
[10:21:02] [143/324] MNKH
[10:21:03] [144/324] PIAT
[10:21:04] [145/324] LTTP
[10:21:04] [146/324] PTPU
[10:21:05] [147/324] ACMG
[10:21:06] [148/324] SHMM
[10:21:07] [149/324] MCMN
[10:21:07] [150/324] GLDC
[10:21:08] [151/324] HOUT
[10:21:09] [152/324] SVRP
[10:21:10] [153/324] PVDN
[10:21:11] [154/324] SCPY
[10:21:12] [155/324] DTPY
[10:21:13] [156/324] GKCS
[10:21:14] [157/324] NCAM
[10:21:15] [158/324] BSRM
[10:21:16] [159/324] RCLC
[10:21:16] [160/324] SKKD
[10:21:17] [161/324] ACHU
[10:21:18] [162/324] RSCF
[10:21:18] [163/324] IMSH
[10:21:19] [164/324] MACX
[10:21:20] [165/324] HMMW
[10:21:21] [166/324] JTCP
[10:21:22] [167/324] SREN
[10:21:23] [168/324] PJRR
[10:21:23] [169/324] INAC
[10:21:24] [170/324] BMCA
[10:21:25] [171/324] SHCB
[10:21:26] [172/324] GABA
[10:21:27] [173/324] SBCT
[10:21:28] [174/324] GCMA
[10:21:28] [175/324] MYTK
[10:21:29] [176/324] INZS
[10:21:30] [177/324] RMIK
[10:21:31] [178/324] NYCH
[10:21:32] [179/324] RAVE
[10:21:33] [180/324] PSXM
[10:21:34] [181/324] MCGP
[10:21:35] [182/324] PDDK
[10:21:35] [183/324] SPCK
[10:21:36] [184/324] MCRL
[10:21:37] [185/324] MHKT
[10:21:38] [186/324] ANRR
[10:21:39] [187/324] SAPK
[10:21:40] [188/324] NCUK
[10:21:41] [189/324] JUGA
[10:21:42] [190/324] DBSC
[10:21:42] [191/324] LALK
[10:21:43] [192/324] GUCK
[10:21:44] [193/324] STSG
[10:21:45] [194/324] PPPZ
[10:21:45] [195/324] CNCY
[10:21:46] [196/324] MTAR
[10:21:47] [197/324] VNKD
[10:21:48] [198/324] KMAJ
[10:21:49] [199/324] ACXK
[10:21:50] [200/324] UTKC
[10:21:50] [201/324] PBLK
[10:21:51] [202/324] ACBX
[10:21:52] [203/324] PTGM
[10:21:53] [204/324] BTDA
[10:21:54] [205/324] PJMB
[10:21:56] [206/324] TPDA
[10:21:56] [207/324] AMOE
[10:21:57] [208/324] PRHT
[10:21:58] [209/324] PRTA
[10:21:59] [210/324] STAM
[10:21:59] [211/324] MSAA
[10:22:00] [212/324] SDLU
[10:22:01] [213/324] RCHH
[10:22:02] [214/324] KANT
[10:22:03] [215/324] FCRT
[10:22:03] [216/324] DNKM
[10:22:04] [217/324] RYCP
[10:22:06] [218/324] MYRP
[10:22:07] [219/324] PPAK
[10:22:07] [220/324] NVPK
[10:22:09] [221/324] PRMC
[10:22:09] [222/324] JBCS
[10:22:10] [223/324] GXCK
[10:22:11] [224/324] USKO
[10:22:12] [225/324] GTEM
[10:22:13] [226/324] SMBU
[10:22:13] [227/324] VETC
[10:22:14] [228/324] LCDA
[10:22:15] [229/324] MTVT
[10:22:15] [230/324] PYCP
[10:22:16] [231/324] PNSC
[10:22:17] [232/324] PPCC
[10:22:17] [233/324] TGRT
[10:22:18] [234/324] JYOT
[10:22:19] [235/324] SRCZ
[10:22:20] [236/324] SJTE
[10:22:21] [237/324] DESC
[10:22:22] [238/324] JHVN
[10:22:23] [239/324] IPSG
[10:22:23] [240/324] IPCM
[10:22:24] [241/324] PDRS
[10:22:25] [242/324] ANCV
[10:22:26] [243/324] CMVV
[10:22:27] [244/324] SHYP
[10:22:28] [245/324] DNCS
[10:22:28] [246/324] GAJK
[10:22:29] [247/324] AKTN
[10:22:30] [248/324] KAYA
[10:22:31] [249/324] SBRC
[10:22:32] [250/324] CHTP
[10:22:32] [251/324] SHRT
[10:22:33] [252/324] BCKU
[10:22:34] [253/324] FCPS
[10:22:34] [254/324] ARDD
[10:22:35] [255/324] CPCM
[10:22:36] [256/324] CGSM
[10:22:37] [257/324] PSMP
[10:22:38] [258/324] SDAL
[10:22:39] [259/324] RTNB
[10:22:40] [260/324] LMCR
[10:22:40] [261/324] CIMA
[10:22:41] [262/324] RNAS
[10:22:42] [263/324] LITH
[10:22:43] [264/324] PBOX
[10:22:44] [265/324] FRTS
[10:22:44] [266/324] RKIC
[10:22:45] [267/324] PTAI
[10:22:46] [268/324] GCIC
[10:22:47] [269/324] FNAS
[10:22:47] [270/324] SCAR
[10:22:48] [271/324] MTCA
[10:22:49] [272/324] SCTS
[10:22:50] [273/324] SYCS
[10:22:51] [274/324] RDMS
[10:22:52] [275/324] KAMP
[10:22:52] [276/324] ERSD
[10:22:54] [277/324] MJMJ
[10:22:55] [278/324] SRCJ
[10:22:57] [279/324] SCXE
[10:22:58] [280/324] SVFR
[10:22:59] [281/324] BHCS
[10:23:00] [282/324] IMCC
[10:23:01] [283/324] PCBO
[10:23:01] [284/324] PRVN
[10:23:02] [285/324] AUPM
[10:23:04] [286/324] INBW
[10:23:05] [287/324] SVCW
[10:23:06] [288/324] RKCF
[10:23:06] [289/324] UVBH
[10:23:07] [290/324] DNCY
[10:23:08] [291/324] ABCN
[10:23:10] [292/324] PRUR
[10:23:11] [293/324] PFMR
[10:23:12] [294/324] RKCN
[10:23:13] [295/324] CFEA
[10:23:13] [296/324] SDBG
[10:23:14] [297/324] SNAR
[10:23:16] [298/324] YISI
[10:23:17] [299/324] JCFF
[10:23:18] [300/324] VTRK
[10:23:18] [301/324] PCLZ
[10:23:19] [302/324] DIMY
[10:23:20] [303/324] BBTS
[10:23:21] [304/324] GATH
[10:23:22] [305/324] GTMN
[10:23:23] [306/324] VTMH
[10:23:24] [307/324] CCKP
[10:23:25] [308/324] GPKA
[10:23:26] [309/324] MHCL
[10:23:27] [310/324] ATCL
[10:23:28] [311/324] SBCK
[10:23:28] [312/324] AMMR
[10:23:29] [313/324] MADC
[10:23:30] [314/324] TMMA
[10:23:31] [315/324] CACC
[10:23:31] [316/324] CHAL
[10:23:32] [317/324] DURG
[10:23:33] [318/324] GMKU
[10:23:34] [319/324] GECA
[10:23:35] [320/324] KYRR
[10:23:37] [321/324] KSDE
[10:23:38] [322/324] LMCI
[10:23:38] [323/324] NKCP
[10:23:39] [324/324] BGTC
[10:23:40] 🧹 Deduping shows
[10:23:40] ✅ DONE | Shows=30 | Movies=5
[16:50:18] 🚀 SCRIPT STARTED
[16:50:18] [1/324] GCTA
[16:50:18] 🧠 New identity created
[16:50:19] [2/324] TOPN
[16:50:20] [3/324] MCUS
[16:50:21] [4/324] SHRL
[16:50:22] [5/324] UPTP
[16:50:23] [6/324] TMMP
[16:50:24] [7/324] DNRP
[16:50:25] [8/324] SRLT
[16:50:26] [9/324] RCNS
[16:50:27] [10/324] DCBH
[16:50:28] [11/324] NAGJ
[16:50:29] [12/324] JVRC
[16:50:29] [13/324] KRJG
[16:50:30] [14/324] SRTJ
[16:50:31] [15/324] CMXM
[16:50:32] [16/324] STMI
[16:50:33] [17/324] SLST
[16:50:34] [18/324] DTCN
[16:50:35] [19/324] STYN
[16:50:35] [20/324] SZVR
[16:50:36] [21/324] SRKO
[16:50:37] [22/324] JTGT
[16:50:38] [23/324] SVFD
[16:50:39] [24/324] SISD
[16:50:39] [25/324] ABDD
[16:50:40] [26/324] DRCA
[16:50:41] [27/324] AVCS
[16:50:42] [28/324] MVKH
[16:50:43] [29/324] ACPR
[16:50:44] [30/324] STIP
[16:50:45] [31/324] MTRA
[16:50:46] [32/324] RMKH
[16:50:47] [33/324] NKRL
[16:50:48] [34/324] PCWN
[16:50:49] [35/324] BLMT
[16:50:50] [36/324] GDPG
[16:50:51] [37/324] SRMX
[16:50:52] [38/324] JACP
[16:50:53] [39/324] CPSH
[16:50:54] [40/324] MCCD
[16:50:55] [41/324] ECGH
[16:50:55] [42/324] MKCK
[16:50:56] [43/324] SRMM
[16:50:58] [44/324] SKYR
[16:50:58] [45/324] PCKC
[16:50:59] [46/324] JCMA
[16:51:00] [47/324] BSMP
[16:51:01] [48/324] VSPA
[16:51:02] [49/324] DJYA
[16:51:02] [50/324] DIMP
[16:51:03] [51/324] FXDR
[16:51:04] [52/324] SSRC
[16:51:05] [53/324] STHP
[16:51:06] [54/324] CPPD
[16:51:08] [55/324] FCLK
[16:51:09] [56/324] SCPP
[16:51:10] [57/324] DCMJ
[16:51:10] [58/324] RCCR
[16:51:11] [59/324] INMT
[16:51:12] [60/324] LXTK
[16:51:13] [61/324] SRYK
[16:51:14] [62/324] SGDK
[16:51:15] [63/324] PPKA
[16:51:15] [64/324] SPKA
[16:51:16] [65/324] CGHH
[16:51:17] [66/324] DCJN
[16:51:18] [67/324] SRKV
[16:51:20] [68/324] SAJC
[16:51:21] [69/324] SUSR
[16:51:21] [70/324] STYG
[16:51:22] [71/324] NTKP
[16:51:23] [72/324] AKTG
[16:51:24] [73/324] CGCM
[16:51:24] [74/324] TULC
[16:51:25] [75/324] NYYZ
[16:51:26] [76/324] NYBW
[16:51:27] [77/324] MACB
[16:51:27] [78/324] SLVT
[16:51:28] [79/324] SANA
[16:51:29] [80/324] ACMR
[16:51:30] [81/324] CPKN
[16:51:31] [82/324] DLGK
[16:51:31] [83/324] CWCK
[16:51:32] [84/324] FDDH
[16:51:33] [85/324] MMMD
[16:51:34] [86/324] CMEH
[16:51:35] [87/324] GGGV
[16:51:35] [88/324] SPJL
[16:51:36] [89/324] RCCD
[16:51:37] [90/324] STTZ
[16:51:38] [91/324] BTCF
[16:51:39] [92/324] TSTZ
[16:51:40] [93/324] IPMM
[16:51:41] [94/324] PMPW
[16:51:42] [95/324] PCMZ
[16:51:43] [96/324] ESEM
[16:51:44] [97/324] PIPO
[16:51:45] [98/324] MATK
[16:51:46] [99/324] PGHM
[16:51:48] [100/324] CTSR
[16:51:48] [101/324] CYKR
[16:51:49] [102/324] MSCM
[16:51:50] [103/324] RFNP
[16:51:51] [104/324] PDCP
[16:51:51] [105/324] NPSE
[16:51:52] [106/324] MKML
[16:51:53] [107/324] FTDP
[16:51:54] [108/324] MMXA
[16:51:55] [109/324] CEPO
[16:51:56] [110/324] CMVP
[16:51:57] [111/324] SGTH
[16:51:58] [112/324] SAYN
[16:51:59] [113/324] URVS
[16:52:00] [114/324] VJTN
[16:52:01] [115/324] BBYK
[16:52:01] [116/324] SHBO
[16:52:02] [117/324] VCMR
[16:52:03] [118/324] MACT
[16:52:04] [119/324] JMNP
[16:52:05] [120/324] VICS
[16:52:06] [121/324] VCDA
[16:52:07] [122/324] GCMM
[16:52:08] [123/324] INVS
[16:52:08] [124/324] SCGM
[16:52:09] [125/324] PCDA
[16:52:10] [126/324] KDCT
[16:52:11] [127/324] JACS
[16:52:12] [128/324] GMMC
[16:52:13] [129/324] AICM
[16:52:13] [130/324] TJCM
[16:52:14] [131/324] RMTI
[16:52:15] [132/324] SHAC
[16:52:16] [133/324] APJC
[16:52:17] [134/324] GCTG
[16:52:18] [135/324] SSMC
[16:52:18] [136/324] THRM
[16:52:19] [137/324] RBCT
[16:52:20] [138/324] DIKT
[16:52:21] [139/324] MIDL
[16:52:21] [140/324] VCSN
[16:52:22] [141/324] SKTG
[16:52:24] [142/324] SMWC
[16:52:24] [143/324] MNKH
[16:52:25] [144/324] PIAT
[16:52:26] [145/324] LTTP
[16:52:27] [146/324] PTPU
[16:52:28] [147/324] ACMG
[16:52:29] [148/324] SHMM
[16:52:30] [149/324] MCMN
[16:52:30] [150/324] GLDC
[16:52:31] [151/324] HOUT
[16:52:32] [152/324] SVRP
[16:52:32] [153/324] PVDN
[16:52:33] [154/324] SCPY
[16:52:34] [155/324] DTPY
[16:52:35] [156/324] GKCS
[16:52:36] [157/324] NCAM
[16:52:37] [158/324] BSRM
[16:52:38] [159/324] RCLC
[16:52:38] [160/324] SKKD
[16:52:40] [161/324] ACHU
[16:52:40] [162/324] RSCF
[16:52:41] [163/324] IMSH
[16:52:42] [164/324] MACX
[16:52:43] [165/324] HMMW
[16:52:43] [166/324] JTCP
[16:52:44] [167/324] SREN
[16:52:45] [168/324] PJRR
[16:52:46] [169/324] INAC
[16:52:47] [170/324] BMCA
[16:52:48] [171/324] SHCB
[16:52:48] [172/324] GABA
[16:52:49] [173/324] SBCT
[16:52:50] [174/324] GCMA
[16:52:51] [175/324] MYTK
[16:52:52] [176/324] INZS
[16:52:53] [177/324] RMIK
[16:52:54] [178/324] NYCH
[16:52:55] [179/324] RAVE
[16:52:56] [180/324] PSXM
[16:52:56] [181/324] MCGP
[16:52:57] [182/324] PDDK
[16:52:59] [183/324] SPCK
[16:53:00] [184/324] MCRL
[16:53:00] [185/324] MHKT
[16:53:01] [186/324] ANRR
[16:53:02] [187/324] SAPK
[16:53:03] [188/324] NCUK
[16:53:04] [189/324] JUGA
[16:53:05] [190/324] DBSC
[16:53:06] [191/324] LALK
[16:53:07] [192/324] GUCK
[16:53:07] [193/324] STSG
[16:53:08] [194/324] PPPZ
[16:53:09] [195/324] CNCY
[16:53:10] [196/324] MTAR
[16:53:11] [197/324] VNKD
[16:53:12] [198/324] KMAJ
[16:53:13] [199/324] ACXK
[16:53:14] [200/324] UTKC
[16:53:15] [201/324] PBLK
[16:53:15] [202/324] ACBX
[16:53:16] [203/324] PTGM
[16:53:17] [204/324] BTDA
[16:53:18] [205/324] PJMB
[16:53:19] [206/324] TPDA
[16:53:20] [207/324] AMOE
[16:53:21] [208/324] PRHT
[16:53:22] [209/324] PRTA
[16:53:23] [210/324] STAM
[16:53:23] [211/324] MSAA
[16:53:24] [212/324] SDLU
[16:53:25] [213/324] RCHH
[16:53:26] [214/324] KANT
[16:53:26] [215/324] FCRT
[16:53:27] [216/324] DNKM
[16:53:29] [217/324] RYCP
[16:53:29] [218/324] MYRP
[16:53:30] [219/324] PPAK
[16:53:31] [220/324] NVPK
[16:53:32] [221/324] PRMC
[16:53:33] [222/324] JBCS
[16:53:34] [223/324] GXCK
[16:53:34] [224/324] USKO
[16:53:35] [225/324] GTEM
[16:53:36] [226/324] SMBU
[16:53:37] [227/324] VETC
[16:53:38] [228/324] LCDA
[16:53:39] [229/324] MTVT
[16:53:40] [230/324] PYCP
[16:53:41] [231/324] PNSC
[16:53:41] [232/324] PPCC
[16:53:42] [233/324] TGRT
[16:53:43] [234/324] JYOT
[16:53:44] [235/324] SRCZ
[16:53:45] [236/324] SJTE
[16:53:45] [237/324] DESC
[16:53:46] [238/324] JHVN
[16:53:47] [239/324] IPSG
[16:53:48] [240/324] IPCM
[16:53:48] [241/324] PDRS
[16:53:49] [242/324] ANCV
[16:53:50] [243/324] CMVV
[16:53:51] [244/324] SHYP
[16:53:52] [245/324] DNCS
[16:53:54] [246/324] GAJK
[16:53:54] [247/324] AKTN
[16:53:55] [248/324] KAYA
[16:53:56] [249/324] SBRC
[16:53:57] [250/324] CHTP
[16:53:58] [251/324] SHRT
[16:53:58] [252/324] BCKU
[16:54:00] [253/324] FCPS
[16:54:01] [254/324] ARDD
[16:54:02] [255/324] CPCM
[16:54:03] [256/324] CGSM
[16:54:03] [257/324] PSMP
[16:54:04] [258/324] SDAL
[16:54:05] [259/324] RTNB
[16:54:06] [260/324] LMCR
[16:54:07] [261/324] CIMA
[16:54:07] [262/324] RNAS
[16:54:08] [263/324] LITH
[16:54:09] [264/324] PBOX
[16:54:10] [265/324] FRTS
[16:54:11] [266/324] RKIC
[16:54:12] [267/324] PTAI
[16:54:13] [268/324] GCIC
[16:54:14] [269/324] FNAS
[16:54:15] [270/324] SCAR
[16:54:15] [271/324] MTCA
[16:54:16] [272/324] SCTS
[16:54:17] [273/324] SYCS
[16:54:18] [274/324] RDMS
[16:54:19] [275/324] KAMP
[16:54:20] [276/324] ERSD
[16:54:20] [277/324] MJMJ
[16:54:21] [278/324] SRCJ
[16:54:22] [279/324] SCXE
[16:54:23] [280/324] SVFR
[16:54:24] [281/324] BHCS
[16:54:25] [282/324] IMCC
[16:54:25] [283/324] PCBO
[16:54:26] [284/324] PRVN
[16:54:27] [285/324] AUPM
[16:54:28] [286/324] INBW
[16:54:28] [287/324] SVCW
[16:54:29] [288/324] RKCF
[16:54:30] [289/324] UVBH
[16:54:30] [290/324] DNCY
[16:54:31] [291/324] ABCN
[16:54:32] [292/324] PRUR
[16:54:33] [293/324] PFMR
[16:54:33] [294/324] RKCN
[16:54:34] [295/324] CFEA
[16:54:36] [296/324] SDBG
[16:54:37] [297/324] SNAR
[16:54:37] [298/324] YISI
[16:54:39] [299/324] JCFF
[16:54:40] [300/324] VTRK
[16:54:41] [301/324] PCLZ
[16:54:41] [302/324] DIMY
[16:54:42] [303/324] BBTS
[16:54:43] [304/324] GATH
[16:54:44] [305/324] GTMN
[16:54:45] [306/324] VTMH
[16:54:45] [307/324] CCKP
[16:54:46] [308/324] GPKA
[16:54:47] [309/324] MHCL
[16:54:48] [310/324] ATCL
[16:54:49] [311/324] SBCK
[16:54:50] [312/324] AMMR
[16:54:51] [313/324] MADC
[16:54:51] [314/324] TMMA
[16:54:52] [315/324] CACC
[16:54:53] [316/324] CHAL
[16:54:54] [317/324] DURG
[16:54:54] [318/324] GMKU
[16:54:55] [319/324] GECA
[16:54:56] [320/324] KYRR
[16:54:57] [321/324] KSDE
[16:54:58] [322/324] LMCI
[16:54:59] [323/324] NKCP
[16:54:59] [324/324] BGTC
[16:55:00] 🧹 Deduping shows
[16:55:00] ✅ DONE | Shows=30 | Movies=5
[04:49:38] 🚀 SCRIPT STARTED
[04:49:38] [1/324] GCTA
[04:49:38] 🧠 New identity created
[04:49:39] [2/324] TOPN
[04:49:40] [3/324] MCUS
[04:49:40] [4/324] SHRL
[04:49:41] [5/324] UPTP
[04:49:42] [6/324] TMMP
[04:49:42] [7/324] DNRP
[04:49:43] [8/324] SRLT
[04:49:44] [9/324] RCNS
[04:49:44] [10/324] DCBH
[04:49:45] [11/324] NAGJ
[04:49:45] [12/324] JVRC
[04:49:46] [13/324] KRJG
[04:49:47] [14/324] SRTJ
[04:49:47] [15/324] CMXM
[04:49:48] [16/324] STMI
[04:49:48] [17/324] SLST
[04:49:49] [18/324] DTCN
[04:49:50] [19/324] STYN
[04:49:50] [20/324] SZVR
[04:49:51] [21/324] SRKO
[04:49:51] [22/324] JTGT
[04:49:52] [23/324] SVFD
[04:49:53] [24/324] SISD
[04:49:53] [25/324] ABDD
[04:49:54] [26/324] DRCA
[04:49:55] [27/324] AVCS
[04:49:55] [28/324] MVKH
[04:49:56] [29/324] ACPR
[04:49:56] [30/324] STIP
[04:49:57] [31/324] MTRA
[04:49:58] [32/324] RMKH
[04:49:58] [33/324] NKRL
[04:49:59] [34/324] PCWN
[04:49:59] [35/324] BLMT
[04:50:00] [36/324] GDPG
[04:50:01] [37/324] SRMX
[04:50:01] [38/324] JACP
[04:50:02] [39/324] CPSH
[04:50:02] [40/324] MCCD
[04:50:03] [41/324] ECGH
[04:50:04] [42/324] MKCK
[04:50:04] [43/324] SRMM
[04:50:05] [44/324] SKYR
[04:50:05] [45/324] PCKC
[04:50:06] [46/324] JCMA
[04:50:07] [47/324] BSMP
[04:50:07] [48/324] VSPA
[04:50:08] [49/324] DJYA
[04:50:08] [50/324] DIMP
[04:50:09] [51/324] FXDR
[04:50:10] [52/324] SSRC
[04:50:10] [53/324] STHP
[04:50:10] [54/324] CPPD
[04:50:11] [55/324] FCLK
[04:50:12] [56/324] SCPP
[04:50:12] [57/324] DCMJ
[04:50:13] [58/324] RCCR
[04:50:13] [59/324] INMT
[04:50:14] [60/324] LXTK
[04:50:15] [61/324] SRYK
[04:50:15] [62/324] SGDK
[04:50:16] [63/324] PPKA
[04:50:17] [64/324] SPKA
[04:50:17] [65/324] CGHH
[04:50:18] [66/324] DCJN
[04:50:19] [67/324] SRKV
[04:50:19] [68/324] SAJC
[04:50:20] [69/324] SUSR
[04:50:20] [70/324] STYG
[04:50:21] [71/324] NTKP
[04:50:22] [72/324] AKTG
[04:50:22] [73/324] CGCM
[04:50:23] [74/324] TULC
[04:50:23] [75/324] NYYZ
[04:50:24] [76/324] NYBW
[04:50:25] [77/324] MACB
[04:50:25] [78/324] SLVT
[04:50:26] [79/324] SANA
[04:50:27] [80/324] ACMR
[04:50:27] [81/324] CPKN
[04:50:28] [82/324] DLGK
[04:50:29] [83/324] CWCK
[04:50:29] [84/324] FDDH
[04:50:30] [85/324] MMMD
[04:50:30] [86/324] CMEH
[04:50:31] [87/324] GGGV
[04:50:32] [88/324] SPJL
[04:50:32] [89/324] RCCD
[04:50:33] [90/324] STTZ
[04:50:33] [91/324] BTCF
[04:50:34] [92/324] TSTZ
[04:50:34] [93/324] IPMM
[04:50:35] [94/324] PMPW
[04:50:35] [95/324] PCMZ
[04:50:36] [96/324] ESEM
[04:50:37] [97/324] PIPO
[04:50:37] [98/324] MATK
[04:50:38] [99/324] PGHM
[04:50:38] [100/324] CTSR
[04:50:39] [101/324] CYKR
[04:50:40] [102/324] MSCM
[04:50:40] [103/324] RFNP
[04:50:41] [104/324] PDCP
[04:50:41] [105/324] NPSE
[04:50:42] [106/324] MKML
[04:50:42] [107/324] FTDP
[04:50:43] [108/324] MMXA
[04:50:44] [109/324] CEPO
[04:50:44] [110/324] CMVP
[04:50:45] [111/324] SGTH
[04:50:45] [112/324] SAYN
[04:50:46] [113/324] URVS
[04:50:46] [114/324] VJTN
[04:50:47] [115/324] BBYK
[04:50:47] [116/324] SHBO
[04:50:48] [117/324] VCMR
[04:50:49] [118/324] MACT
[04:50:49] [119/324] JMNP
[04:50:50] [120/324] VICS
[04:50:50] [121/324] VCDA
[04:50:51] [122/324] GCMM
[04:50:52] [123/324] INVS
[04:50:52] [124/324] SCGM
[04:50:53] [125/324] PCDA
[04:50:54] [126/324] KDCT
[04:50:54] [127/324] JACS
[04:50:55] [128/324] GMMC
[04:50:55] [129/324] AICM
[04:50:56] [130/324] TJCM
[04:50:56] [131/324] RMTI
[04:50:57] [132/324] SHAC
[04:50:58] [133/324] APJC
[04:50:58] [134/324] GCTG
[04:50:59] [135/324] SSMC
[04:51:00] [136/324] THRM
[04:51:00] [137/324] RBCT
[04:51:01] [138/324] DIKT
[04:51:02] [139/324] MIDL
[04:51:02] [140/324] VCSN
[04:51:03] [141/324] SKTG
[04:51:04] [142/324] SMWC
[04:51:04] [143/324] MNKH
[04:51:05] [144/324] PIAT
[04:51:06] [145/324] LTTP
[04:51:06] [146/324] PTPU
[04:51:07] [147/324] ACMG
[04:51:07] [148/324] SHMM
[04:51:08] [149/324] MCMN
[04:51:08] [150/324] GLDC
[04:51:09] [151/324] HOUT
[04:51:09] [152/324] SVRP
[04:51:10] [153/324] PVDN
[04:51:10] [154/324] SCPY
[04:51:11] [155/324] DTPY
[04:51:12] [156/324] GKCS
[04:51:12] [157/324] NCAM
[04:51:13] [158/324] BSRM
[04:51:13] [159/324] RCLC
[04:51:14] [160/324] SKKD
[04:51:14] [161/324] ACHU
[04:51:15] [162/324] RSCF
[04:51:16] [163/324] IMSH
[04:51:16] [164/324] MACX
[04:51:17] [165/324] HMMW
[04:51:17] [166/324] JTCP
[04:51:18] [167/324] SREN
[04:51:18] [168/324] PJRR
[04:51:19] [169/324] INAC
[04:51:20] [170/324] BMCA
[04:51:20] [171/324] SHCB
[04:51:21] [172/324] GABA
[04:51:21] [173/324] SBCT
[04:51:22] [174/324] GCMA
[04:51:22] [175/324] MYTK
[04:51:23] [176/324] INZS
[04:51:23] [177/324] RMIK
[04:51:24] [178/324] NYCH
[04:51:25] [179/324] RAVE
[04:51:25] [180/324] PSXM
[04:51:26] [181/324] MCGP
[04:51:26] [182/324] PDDK
[04:51:27] [183/324] SPCK
[04:51:27] [184/324] MCRL
[04:51:28] [185/324] MHKT
[04:51:28] [186/324] ANRR
[04:51:29] [187/324] SAPK
[04:51:29] [188/324] NCUK
[04:51:30] [189/324] JUGA
[04:51:30] [190/324] DBSC
[04:51:31] [191/324] LALK
[04:51:32] [192/324] GUCK
[04:51:32] [193/324] STSG
[04:51:33] [194/324] PPPZ
[04:51:33] [195/324] CNCY
[04:51:34] [196/324] MTAR
[04:51:34] [197/324] VNKD
[04:51:35] [198/324] KMAJ
[04:51:35] [199/324] ACXK
[04:51:36] [200/324] UTKC
[04:51:37] [201/324] PBLK
[04:51:37] [202/324] ACBX
[04:51:38] [203/324] PTGM
[04:51:38] [204/324] BTDA
[04:51:39] [205/324] PJMB
[04:51:40] [206/324] TPDA
[04:51:40] [207/324] AMOE
[04:51:41] [208/324] PRHT
[04:51:41] [209/324] PRTA
[04:51:42] [210/324] STAM
[04:51:43] [211/324] MSAA
[04:51:43] [212/324] SDLU
[04:51:44] [213/324] RCHH
[04:51:45] [214/324] KANT
[04:51:45] [215/324] FCRT
[04:51:46] [216/324] DNKM
[04:51:46] [217/324] RYCP
[04:51:47] [218/324] MYRP
[04:51:47] [219/324] PPAK
[04:51:48] [220/324] NVPK
[04:51:49] [221/324] PRMC
[04:51:49] [222/324] JBCS
[04:51:50] [223/324] GXCK
[04:51:50] [224/324] USKO
[04:51:51] [225/324] GTEM
[04:51:51] [226/324] SMBU
[04:51:52] [227/324] VETC
[04:51:53] [228/324] LCDA
[04:51:53] [229/324] MTVT
[04:51:54] [230/324] PYCP
[04:51:54] [231/324] PNSC
[04:51:55] [232/324] PPCC
[04:51:56] [233/324] TGRT
[04:51:56] [234/324] JYOT
[04:51:57] [235/324] SRCZ
[04:51:57] [236/324] SJTE
[04:51:58] [237/324] DESC
[04:51:59] [238/324] JHVN
[04:51:59] [239/324] IPSG
[04:52:00] [240/324] IPCM
[04:52:01] [241/324] PDRS
[04:52:01] [242/324] ANCV
[04:52:02] [243/324] CMVV
[04:52:03] [244/324] SHYP
[04:52:03] [245/324] DNCS
[04:52:04] [246/324] GAJK
[04:52:04] [247/324] AKTN
[04:52:05] [248/324] KAYA
[04:52:06] [249/324] SBRC
[04:52:06] [250/324] CHTP
[04:52:07] [251/324] SHRT
[04:52:07] [252/324] BCKU
[04:52:08] [253/324] FCPS
[04:52:08] [254/324] ARDD
[04:52:09] [255/324] CPCM
[04:52:09] [256/324] CGSM
[04:52:10] [257/324] PSMP
[04:52:11] [258/324] SDAL
[04:52:11] [259/324] RTNB
[04:52:12] [260/324] LMCR
[04:52:12] [261/324] CIMA
[04:52:13] [262/324] RNAS
[04:52:13] [263/324] LITH
[04:52:14] [264/324] PBOX
[04:52:15] [265/324] FRTS
[04:52:15] [266/324] RKIC
[04:52:16] [267/324] PTAI
[04:52:16] [268/324] GCIC
[04:52:17] [269/324] FNAS
[04:52:17] [270/324] SCAR
[04:52:18] [271/324] MTCA
[04:52:19] [272/324] SCTS
[04:52:19] [273/324] SYCS
[04:52:20] [274/324] RDMS
[04:52:21] [275/324] KAMP
[04:52:21] [276/324] ERSD
[04:52:22] [277/324] MJMJ
[04:52:22] [278/324] SRCJ
[04:52:23] [279/324] SCXE
[04:52:24] [280/324] SVFR
[04:52:24] [281/324] BHCS
[04:52:25] [282/324] IMCC
[04:52:25] [283/324] PCBO
[04:52:26] [284/324] PRVN
[04:52:26] [285/324] AUPM
[04:52:27] [286/324] INBW
[04:52:28] [287/324] SVCW
[04:52:28] [288/324] RKCF
[04:52:29] [289/324] UVBH
[04:52:29] [290/324] DNCY
[04:52:30] [291/324] ABCN
[04:52:30] [292/324] PRUR
[04:52:31] [293/324] PFMR
[04:52:31] [294/324] RKCN
[04:52:32] [295/324] CFEA
[04:52:33] [296/324] SDBG
[04:52:33] [297/324] SNAR
[04:52:34] [298/324] YISI
[04:52:34] [299/324] JCFF
[04:52:35] [300/324] VTRK
[04:52:35] [301/324] PCLZ
[04:52:36] [302/324] DIMY
[04:52:37] [303/324] BBTS
[04:52:37] [304/324] GATH
[04:52:38] [305/324] GTMN
[04:52:38] [306/324] VTMH
[04:52:39] [307/324] CCKP
[04:52:40] [308/324] GPKA
[04:52:40] [309/324] MHCL
[04:52:41] [310/324] ATCL
[04:52:41] [311/324] SBCK
[04:52:42] [312/324] AMMR
[04:52:43] [313/324] MADC
[04:52:43] [314/324] TMMA
[04:52:44] [315/324] CACC
[04:52:45] [316/324] CHAL
[04:52:45] [317/324] DURG
[04:52:45] [318/324] GMKU
[04:52:46] [319/324] GECA
[04:52:47] [320/324] KYRR
[04:52:47] [321/324] KSDE
[04:52:48] [322/324] LMCI
[04:52:49] [323/324] NKCP
[04:52:49] [324/324] BGTC
[04:52:49] 🧹 Deduping shows
[04:52:49] ✅ DONE | Shows=143 | Movies=10
[12:02:55] 🚀 SCRIPT STARTED
[12:02:55] [1/324] GCTA
[12:02:55] 🧠 New identity created
[12:02:56] [2/324] TOPN
[12:02:57] [3/324] MCUS
[12:02:58] [4/324] SHRL
[12:02:59] [5/324] UPTP
[12:03:00] [6/324] TMMP
[12:03:01] [7/324] DNRP
[12:03:02] [8/324] SRLT
[12:03:03] [9/324] RCNS
[12:03:04] [10/324] DCBH
[12:03:05] [11/324] NAGJ
[12:03:06] [12/324] JVRC
[12:03:07] [13/324] KRJG
[12:03:07] [14/324] SRTJ
[12:03:08] [15/324] CMXM
[12:03:09] [16/324] STMI
[12:03:10] [17/324] SLST
[12:03:11] [18/324] DTCN
[12:03:12] [19/324] STYN
[12:03:12] [20/324] SZVR
[12:03:14] [21/324] SRKO
[12:03:15] [22/324] JTGT
[12:03:16] [23/324] SVFD
[12:03:17] [24/324] SISD
[12:03:18] [25/324] ABDD
[12:03:19] [26/324] DRCA
[12:03:20] [27/324] AVCS
[12:03:20] [28/324] MVKH
[12:03:21] [29/324] ACPR
[12:03:22] [30/324] STIP
[12:03:23] [31/324] MTRA
[12:03:24] [32/324] RMKH
[12:03:25] [33/324] NKRL
[12:03:26] [34/324] PCWN
[12:03:27] [35/324] BLMT
[12:03:28] [36/324] GDPG
[12:03:29] [37/324] SRMX
[12:03:29] [38/324] JACP
[12:03:30] [39/324] CPSH
[12:03:31] [40/324] MCCD
[12:03:32] [41/324] ECGH
[12:03:33] [42/324] MKCK
[12:03:34] [43/324] SRMM
[12:03:35] [44/324] SKYR
[12:03:36] [45/324] PCKC
[12:03:37] [46/324] JCMA
[12:03:38] [47/324] BSMP
[12:03:39] [48/324] VSPA
[12:03:40] [49/324] DJYA
[12:03:40] [50/324] DIMP
[12:03:41] [51/324] FXDR
[12:03:42] [52/324] SSRC
[12:03:43] [53/324] STHP
[12:03:44] [54/324] CPPD
[12:03:44] [55/324] FCLK
[12:03:45] [56/324] SCPP
[12:03:46] [57/324] DCMJ
[12:03:48] [58/324] RCCR
[12:03:48] [59/324] INMT
[12:03:49] [60/324] LXTK
[12:03:50] [61/324] SRYK
[12:03:51] [62/324] SGDK
[12:03:52] [63/324] PPKA
[12:03:53] [64/324] SPKA
[12:03:54] [65/324] CGHH
[12:03:55] [66/324] DCJN
[12:03:56] [67/324] SRKV
[12:03:57] [68/324] SAJC
[12:03:58] [69/324] SUSR
[12:03:59] [70/324] STYG
[12:04:01] [71/324] NTKP
[12:04:02] [72/324] AKTG
[12:04:03] [73/324] CGCM
[12:04:03] [74/324] TULC
[12:04:05] [75/324] NYYZ
[12:04:06] [76/324] NYBW
[12:04:06] [77/324] MACB
[12:04:07] [78/324] SLVT
[12:04:08] [79/324] SANA
[12:04:09] [80/324] ACMR
[12:04:10] [81/324] CPKN
[12:04:11] [82/324] DLGK
[12:04:12] [83/324] CWCK
[12:04:12] [84/324] FDDH
[12:04:13] [85/324] MMMD
[12:04:14] [86/324] CMEH
[12:04:15] [87/324] GGGV
[12:04:15] [88/324] SPJL
[12:04:16] [89/324] RCCD
[12:04:17] [90/324] STTZ
[12:04:18] [91/324] BTCF
[12:04:20] [92/324] TSTZ
[12:04:20] [93/324] IPMM
[12:04:21] [94/324] PMPW
[12:04:22] [95/324] PCMZ
[12:04:23] [96/324] ESEM
[12:04:23] [97/324] PIPO
[12:04:24] [98/324] MATK
[12:04:25] [99/324] PGHM
[12:04:26] [100/324] CTSR
[12:04:27] [101/324] CYKR
[12:04:28] [102/324] MSCM
[12:04:29] [103/324] RFNP
[12:04:30] [104/324] PDCP
[12:04:30] [105/324] NPSE
[12:04:31] [106/324] MKML
[12:04:32] [107/324] FTDP
[12:04:33] [108/324] MMXA
[12:04:34] [109/324] CEPO
[12:04:35] [110/324] CMVP
[12:04:35] [111/324] SGTH
[12:04:36] [112/324] SAYN
[12:04:37] [113/324] URVS
[12:04:38] [114/324] VJTN
[12:04:38] [115/324] BBYK
[12:04:39] [116/324] SHBO
[12:04:40] [117/324] VCMR
[12:04:41] [118/324] MACT
[12:04:42] [119/324] JMNP
[12:04:42] [120/324] VICS
[12:04:43] [121/324] VCDA
[12:04:44] [122/324] GCMM
[12:04:45] [123/324] INVS
[12:04:46] [124/324] SCGM
[12:04:47] [125/324] PCDA
[12:04:48] [126/324] KDCT
[12:04:49] [127/324] JACS
[12:04:50] [128/324] GMMC
[12:04:51] [129/324] AICM
[12:04:52] [130/324] TJCM
[12:04:54] [131/324] RMTI
[12:04:54] [132/324] SHAC
[12:04:55] [133/324] APJC
[12:04:57] [134/324] GCTG
[12:04:57] [135/324] SSMC
[12:04:58] [136/324] THRM
[12:04:59] [137/324] RBCT
[12:04:59] [138/324] DIKT
[12:05:00] [139/324] MIDL
[12:05:01] [140/324] VCSN
[12:05:02] [141/324] SKTG
[12:05:03] [142/324] SMWC
[12:05:04] [143/324] MNKH
[12:05:05] [144/324] PIAT
[12:05:06] [145/324] LTTP
[12:05:06] [146/324] PTPU
[12:05:07] [147/324] ACMG
[12:05:08] [148/324] SHMM
[12:05:09] [149/324] MCMN
[12:05:10] [150/324] GLDC
[12:05:11] [151/324] HOUT
[12:05:11] [152/324] SVRP
[12:05:12] [153/324] PVDN
[12:05:13] [154/324] SCPY
[12:05:14] [155/324] DTPY
[12:05:15] [156/324] GKCS
[12:05:16] [157/324] NCAM
[12:05:17] [158/324] BSRM
[12:05:18] [159/324] RCLC
[12:05:19] [160/324] SKKD
[12:05:20] [161/324] ACHU
[12:05:21] [162/324] RSCF
[12:05:21] [163/324] IMSH
[12:05:22] [164/324] MACX
[12:05:23] [165/324] HMMW
[12:05:24] [166/324] JTCP
[12:05:25] [167/324] SREN
[12:05:25] [168/324] PJRR
[12:05:26] [169/324] INAC
[12:05:28] [170/324] BMCA
[12:05:28] [171/324] SHCB
[12:05:29] [172/324] GABA
[12:05:30] [173/324] SBCT
[12:05:31] [174/324] GCMA
[12:05:32] [175/324] MYTK
[12:05:33] [176/324] INZS
[12:05:34] [177/324] RMIK
[12:05:35] [178/324] NYCH
[12:05:36] [179/324] RAVE
[12:05:37] [180/324] PSXM
[12:05:38] [181/324] MCGP
[12:05:39] [182/324] PDDK
[12:05:40] [183/324] SPCK
[12:05:40] [184/324] MCRL
[12:05:41] [185/324] MHKT
[12:05:42] [186/324] ANRR
[12:05:43] [187/324] SAPK
[12:05:43] [188/324] NCUK
[12:05:44] [189/324] JUGA
[12:05:45] [190/324] DBSC
[12:05:46] [191/324] LALK
[12:05:46] [192/324] GUCK
[12:05:47] [193/324] STSG
[12:05:48] [194/324] PPPZ
[12:05:49] [195/324] CNCY
[12:05:50] [196/324] MTAR
[12:05:51] [197/324] VNKD
[12:05:51] [198/324] KMAJ
[12:05:52] [199/324] ACXK
[12:05:53] [200/324] UTKC
[12:05:54] [201/324] PBLK
[12:05:55] [202/324] ACBX
[12:05:56] [203/324] PTGM
[12:05:57] [204/324] BTDA
[12:05:57] [205/324] PJMB
[12:05:58] [206/324] TPDA
[12:05:59] [207/324] AMOE
[12:06:00] [208/324] PRHT
[12:06:01] [209/324] PRTA
[12:06:02] [210/324] STAM
[12:06:03] [211/324] MSAA
[12:06:04] [212/324] SDLU
[12:06:05] [213/324] RCHH
[12:06:06] [214/324] KANT
[12:06:07] [215/324] FCRT
[12:06:07] [216/324] DNKM
[12:06:08] [217/324] RYCP
[12:06:09] [218/324] MYRP
[12:06:10] [219/324] PPAK
[12:06:10] [220/324] NVPK
[12:06:11] [221/324] PRMC
[12:06:13] [222/324] JBCS
[12:06:14] [223/324] GXCK
[12:06:15] [224/324] USKO
[12:06:15] [225/324] GTEM
[12:06:16] [226/324] SMBU
[12:06:17] [227/324] VETC
[12:06:19] [228/324] LCDA
[12:06:19] [229/324] MTVT
[12:06:20] [230/324] PYCP
[12:06:21] [231/324] PNSC
[12:06:22] [232/324] PPCC
[12:06:23] [233/324] TGRT
[12:06:24] [234/324] JYOT
[12:06:25] [235/324] SRCZ
[12:06:25] [236/324] SJTE
[12:06:27] [237/324] DESC
[12:06:28] [238/324] JHVN
[12:06:29] [239/324] IPSG
[12:06:29] [240/324] IPCM
[12:06:30] [241/324] PDRS
[12:06:31] [242/324] ANCV
[12:06:31] [243/324] CMVV
[12:06:32] [244/324] SHYP
[12:06:33] [245/324] DNCS
[12:06:34] [246/324] GAJK
[12:06:34] [247/324] AKTN
[12:06:36] [248/324] KAYA
[12:06:37] [249/324] SBRC
[12:06:38] [250/324] CHTP
[12:06:39] [251/324] SHRT
[12:06:39] [252/324] BCKU
[12:06:40] [253/324] FCPS
[12:06:41] [254/324] ARDD
[12:06:42] [255/324] CPCM
[12:06:43] [256/324] CGSM
[12:06:44] [257/324] PSMP
[12:06:45] [258/324] SDAL
[12:06:46] [259/324] RTNB
[12:06:47] [260/324] LMCR
[12:06:48] [261/324] CIMA
[12:06:49] [262/324] RNAS
[12:06:50] [263/324] LITH
[12:06:50] [264/324] PBOX
[12:06:51] [265/324] FRTS
[12:06:52] [266/324] RKIC
[12:06:53] [267/324] PTAI
[12:06:54] [268/324] GCIC
[12:06:55] [269/324] FNAS
[12:06:55] [270/324] SCAR
[12:06:56] [271/324] MTCA
[12:06:57] [272/324] SCTS
[12:06:59] [273/324] SYCS
[12:07:00] [274/324] RDMS
[12:07:00] [275/324] KAMP
[12:07:01] [276/324] ERSD
[12:07:02] [277/324] MJMJ
[12:07:03] [278/324] SRCJ
[12:07:03] [279/324] SCXE
[12:07:04] [280/324] SVFR
[12:07:05] [281/324] BHCS
[12:07:06] [282/324] IMCC
[12:07:06] [283/324] PCBO
[12:07:07] [284/324] PRVN
[12:07:08] [285/324] AUPM
[12:07:09] [286/324] INBW
[12:07:10] [287/324] SVCW
[12:07:11] [288/324] RKCF
[12:07:12] [289/324] UVBH
[12:07:12] [290/324] DNCY
[12:07:13] [291/324] ABCN
[12:07:14] [292/324] PRUR
[12:07:15] [293/324] PFMR
[12:07:16] [294/324] RKCN
[12:07:16] [295/324] CFEA
[12:07:17] [296/324] SDBG
[12:07:18] [297/324] SNAR
[12:07:19] [298/324] YISI
[12:07:20] [299/324] JCFF
[12:07:20] [300/324] VTRK
[12:07:21] [301/324] PCLZ
[12:07:22] [302/324] DIMY
[12:07:23] [303/324] BBTS
[12:07:24] [304/324] GATH
[12:07:24] [305/324] GTMN
[12:07:25] [306/324] VTMH
[12:07:26] [307/324] CCKP
[12:07:27] [308/324] GPKA
[12:07:27] [309/324] MHCL
[12:07:28] [310/324] ATCL
[12:07:29] [311/324] SBCK
[12:07:30] [312/324] AMMR
[12:07:31] [313/324] MADC
[12:07:32] [314/324] TMMA
[12:07:33] [315/324] CACC
[12:07:34] [316/324] CHAL
[12:07:35] [317/324] DURG
[12:07:36] [318/324] GMKU
[12:07:37] [319/324] GECA
[12:07:38] [320/324] KYRR
[12:07:38] [321/324] KSDE
[12:07:39] [322/324] LMCI
[12:07:40] [323/324] NKCP
[12:07:41] [324/324] BGTC
[12:07:42] 🧹 Deduping shows
[12:07:42] ✅ DONE | Shows=160 | Movies=12
[19:07:01] 🚀 SCRIPT STARTED
[19:07:01] [1/324] GCTA
[19:07:01] 🧠 New identity created
[19:07:03] [2/324] TOPN
[19:07:04] [3/324] MCUS
[19:07:05] [4/324] SHRL
[19:07:06] [5/324] UPTP
[19:07:06] [6/324] TMMP
[19:07:07] [7/324] DNRP
[19:07:08] [8/324] SRLT
[19:07:09] [9/324] RCNS
[19:07:09] [10/324] DCBH
[19:07:11] [11/324] NAGJ
[19:07:12] [12/324] JVRC
[19:07:13] [13/324] KRJG
[19:07:14] [14/324] SRTJ
[19:07:15] [15/324] CMXM
[19:07:16] [16/324] STMI
[19:07:16] [17/324] SLST
[19:07:17] [18/324] DTCN
[19:07:18] [19/324] STYN
[19:07:19] [20/324] SZVR
[19:07:20] [21/324] SRKO
[19:07:21] [22/324] JTGT
[19:07:22] [23/324] SVFD
[19:07:23] [24/324] SISD
[19:07:24] [25/324] ABDD
[19:07:25] [26/324] DRCA
[19:07:26] [27/324] AVCS
[19:07:27] [28/324] MVKH
[19:07:28] [29/324] ACPR
[19:07:29] [30/324] STIP
[19:07:30] [31/324] MTRA
[19:07:31] [32/324] RMKH
[19:07:32] [33/324] NKRL
[19:07:32] [34/324] PCWN
[19:07:34] [35/324] BLMT
[19:07:35] [36/324] GDPG
[19:07:36] [37/324] SRMX
[19:07:37] [38/324] JACP
[19:07:38] [39/324] CPSH
[19:07:39] [40/324] MCCD
[19:07:40] [41/324] ECGH
[19:07:40] [42/324] MKCK
[19:07:41] [43/324] SRMM
[19:07:42] [44/324] SKYR
[19:07:43] [45/324] PCKC
[19:07:44] [46/324] JCMA
[19:07:44] [47/324] BSMP
[19:07:45] [48/324] VSPA
[19:07:46] [49/324] DJYA
[19:07:47] [50/324] DIMP
[19:07:48] [51/324] FXDR
[19:07:49] [52/324] SSRC
[19:07:50] [53/324] STHP
[19:07:51] [54/324] CPPD
[19:07:52] [55/324] FCLK
[19:07:53] [56/324] SCPP
[19:07:53] [57/324] DCMJ
[19:07:54] [58/324] RCCR
[19:07:55] [59/324] INMT
[19:07:56] [60/324] LXTK
[19:07:57] [61/324] SRYK
[19:07:58] [62/324] SGDK
[19:07:58] [63/324] PPKA
[19:07:59] [64/324] SPKA
[19:08:00] [65/324] CGHH
[19:08:01] [66/324] DCJN
[19:08:02] [67/324] SRKV
[19:08:03] [68/324] SAJC
[19:08:04] [69/324] SUSR
[19:08:05] [70/324] STYG
[19:08:05] [71/324] NTKP
[19:08:06] [72/324] AKTG
[19:08:07] [73/324] CGCM
[19:08:08] [74/324] TULC
[19:08:09] [75/324] NYYZ
[19:08:10] [76/324] NYBW
[19:08:11] [77/324] MACB
[19:08:12] [78/324] SLVT
[19:08:13] [79/324] SANA
[19:08:14] [80/324] ACMR
[19:08:15] [81/324] CPKN
[19:08:16] [82/324] DLGK
[19:08:16] [83/324] CWCK
[19:08:17] [84/324] FDDH
[19:08:19] [85/324] MMMD
[19:08:20] [86/324] CMEH
[19:08:20] [87/324] GGGV
[19:08:21] [88/324] SPJL
[19:08:22] [89/324] RCCD
[19:08:24] [90/324] STTZ
[19:08:25] [91/324] BTCF
[19:08:26] [92/324] TSTZ
[19:08:26] [93/324] IPMM
[19:08:27] [94/324] PMPW
[19:08:28] [95/324] PCMZ
[19:08:29] [96/324] ESEM
[19:08:30] [97/324] PIPO
[19:08:31] [98/324] MATK
[19:08:32] [99/324] PGHM
[19:08:33] [100/324] CTSR
[19:08:34] [101/324] CYKR
[19:08:35] [102/324] MSCM
[19:08:36] [103/324] RFNP
[19:08:36] [104/324] PDCP
[19:08:37] [105/324] NPSE
[19:08:38] [106/324] MKML
[19:08:39] [107/324] FTDP
[19:08:39] [108/324] MMXA
[19:08:40] [109/324] CEPO
[19:08:41] [110/324] CMVP
[19:08:43] [111/324] SGTH
[19:08:44] [112/324] SAYN
[19:08:45] [113/324] URVS
[19:08:46] [114/324] VJTN
[19:08:47] [115/324] BBYK
[19:08:47] [116/324] SHBO
[19:08:49] [117/324] VCMR
[19:08:49] [118/324] MACT
[19:08:50] [119/324] JMNP
[19:08:52] [120/324] VICS
[19:08:52] [121/324] VCDA
[19:08:53] [122/324] GCMM
[19:08:55] [123/324] INVS
[19:08:55] [124/324] SCGM
[19:08:56] [125/324] PCDA
[19:08:57] [126/324] KDCT
[19:08:58] [127/324] JACS
[19:08:59] [128/324] GMMC
[19:08:59] [129/324] AICM
[19:09:00] [130/324] TJCM
[19:09:01] [131/324] RMTI
[19:09:02] [132/324] SHAC
[19:09:03] [133/324] APJC
[19:09:04] [134/324] GCTG
[19:09:05] [135/324] SSMC
[19:09:05] [136/324] THRM
[19:09:06] [137/324] RBCT
[19:09:07] [138/324] DIKT
[19:09:08] [139/324] MIDL
[19:09:09] [140/324] VCSN
[19:09:09] [141/324] SKTG
[19:09:10] [142/324] SMWC
[19:09:11] [143/324] MNKH
[19:09:12] [144/324] PIAT
[19:09:13] [145/324] LTTP
[19:09:14] [146/324] PTPU
[19:09:14] [147/324] ACMG
[19:09:15] [148/324] SHMM
[19:09:16] [149/324] MCMN
[19:09:17] [150/324] GLDC
[19:09:17] [151/324] HOUT
[19:09:18] [152/324] SVRP
[19:09:19] [153/324] PVDN
[19:09:20] [154/324] SCPY
[19:09:20] [155/324] DTPY
[19:09:21] [156/324] GKCS
[19:09:22] [157/324] NCAM
[19:09:23] [158/324] BSRM
[19:09:24] [159/324] RCLC
[19:09:25] [160/324] SKKD
[19:09:26] [161/324] ACHU
[19:09:27] [162/324] RSCF
[19:09:27] [163/324] IMSH
[19:09:28] [164/324] MACX
[19:09:29] [165/324] HMMW
[19:09:30] [166/324] JTCP
[19:09:30] [167/324] SREN
[19:09:31] [168/324] PJRR
[19:09:32] [169/324] INAC
[19:09:33] [170/324] BMCA
[19:09:34] [171/324] SHCB
[19:09:35] [172/324] GABA
[19:09:35] [173/324] SBCT
[19:09:37] [174/324] GCMA
[19:09:37] [175/324] MYTK
[19:09:38] [176/324] INZS
[19:09:40] [177/324] RMIK
[19:09:41] [178/324] NYCH
[19:09:42] [179/324] RAVE
[19:09:43] [180/324] PSXM
[19:09:44] [181/324] MCGP
[19:09:44] [182/324] PDDK
[19:09:45] [183/324] SPCK
[19:09:46] [184/324] MCRL
[19:09:47] [185/324] MHKT
[19:09:48] [186/324] ANRR
[19:09:49] [187/324] SAPK
[19:09:50] [188/324] NCUK
[19:09:50] [189/324] JUGA
[19:09:51] [190/324] DBSC
[19:09:52] [191/324] LALK
[19:09:53] [192/324] GUCK
[19:09:54] [193/324] STSG
[19:09:55] [194/324] PPPZ
[19:09:56] [195/324] CNCY
[19:09:57] [196/324] MTAR
[19:09:58] [197/324] VNKD
[19:09:59] [198/324] KMAJ
[19:10:00] [199/324] ACXK
[19:10:00] [200/324] UTKC
[19:10:01] [201/324] PBLK
[19:10:02] [202/324] ACBX
[19:10:03] [203/324] PTGM
[19:10:04] [204/324] BTDA
[19:10:04] [205/324] PJMB
[19:10:05] [206/324] TPDA
[19:10:06] [207/324] AMOE
[19:10:08] [208/324] PRHT
[19:10:08] [209/324] PRTA
[19:10:09] [210/324] STAM
[19:10:10] [211/324] MSAA
[19:10:10] [212/324] SDLU
[19:10:11] [213/324] RCHH
[19:10:12] [214/324] KANT
[19:10:13] [215/324] FCRT
[19:10:14] [216/324] DNKM
[19:10:14] [217/324] RYCP
[19:10:15] [218/324] MYRP
[19:10:16] [219/324] PPAK
[19:10:17] [220/324] NVPK
[19:10:18] [221/324] PRMC
[19:10:19] [222/324] JBCS
[19:10:20] [223/324] GXCK
[19:10:21] [224/324] USKO
[19:10:23] [225/324] GTEM
[19:10:24] [226/324] SMBU
[19:10:24] [227/324] VETC
[19:10:25] [228/324] LCDA
[19:10:26] [229/324] MTVT
[19:10:27] [230/324] PYCP
[19:10:28] [231/324] PNSC
[19:10:28] [232/324] PPCC
[19:10:29] [233/324] TGRT
[19:10:30] [234/324] JYOT
[19:10:31] [235/324] SRCZ
[19:10:32] [236/324] SJTE
[19:10:33] [237/324] DESC
[19:10:33] [238/324] JHVN
[19:10:34] [239/324] IPSG
[19:10:35] [240/324] IPCM
[19:10:36] [241/324] PDRS
[19:10:37] [242/324] ANCV
[19:10:38] [243/324] CMVV
[19:10:39] [244/324] SHYP
[19:10:39] [245/324] DNCS
[19:10:41] [246/324] GAJK
[19:10:41] [247/324] AKTN
[19:10:42] [248/324] KAYA
[19:10:44] [249/324] SBRC
[19:10:44] [250/324] CHTP
[19:10:45] [251/324] SHRT
[19:10:46] [252/324] BCKU
[19:10:47] [253/324] FCPS
[19:10:48] [254/324] ARDD
[19:10:49] [255/324] CPCM
[19:10:49] [256/324] CGSM
[19:10:50] [257/324] PSMP
[19:10:51] [258/324] SDAL
[19:10:52] [259/324] RTNB
[19:10:53] [260/324] LMCR
[19:10:54] [261/324] CIMA
[19:10:55] [262/324] RNAS
[19:10:55] [263/324] LITH
[19:10:56] [264/324] PBOX
[19:10:57] [265/324] FRTS
[19:10:58] [266/324] RKIC
[19:10:59] [267/324] PTAI
[19:11:00] [268/324] GCIC
[19:11:01] [269/324] FNAS
[19:11:02] [270/324] SCAR
[19:11:03] [271/324] MTCA
[19:11:04] [272/324] SCTS
[19:11:04] [273/324] SYCS
[19:11:05] [274/324] RDMS
[19:11:06] [275/324] KAMP
[19:11:07] [276/324] ERSD
[19:11:08] [277/324] MJMJ
[19:11:09] [278/324] SRCJ
[19:11:09] [279/324] SCXE
[19:11:10] [280/324] SVFR
[19:11:11] [281/324] BHCS
[19:11:12] [282/324] IMCC
[19:11:13] [283/324] PCBO
[19:11:14] [284/324] PRVN
[19:11:14] [285/324] AUPM
[19:11:15] [286/324] INBW
[19:11:16] [287/324] SVCW
[19:11:17] [288/324] RKCF
[19:11:18] [289/324] UVBH
[19:11:19] [290/324] DNCY
[19:11:19] [291/324] ABCN
[19:11:20] [292/324] PRUR
[19:11:21] [293/324] PFMR
[19:11:22] [294/324] RKCN
[19:11:23] [295/324] CFEA
[19:11:24] [296/324] SDBG
[19:11:24] [297/324] SNAR
[19:11:25] [298/324] YISI
[19:11:26] [299/324] JCFF
[19:11:27] [300/324] VTRK
[19:11:28] [301/324] PCLZ
[19:11:28] [302/324] DIMY
[19:11:29] [303/324] BBTS
[19:11:30] [304/324] GATH
[19:11:31] [305/324] GTMN
[19:11:31] [306/324] VTMH
[19:11:32] [307/324] CCKP
[19:11:33] [308/324] GPKA
[19:11:33] [309/324] MHCL
[19:11:34] [310/324] ATCL
[19:11:36] [311/324] SBCK
[19:11:37] [312/324] AMMR
[19:11:37] [313/324] MADC
[19:11:38] [314/324] TMMA
[19:11:40] [315/324] CACC
[19:11:41] [316/324] CHAL
[19:11:41] [317/324] DURG
[19:11:42] [318/324] GMKU
[19:11:43] [319/324] GECA
[19:11:44] [320/324] KYRR
[19:11:45] [321/324] KSDE
[19:11:46] [322/324] LMCI
[19:11:47] [323/324] NKCP
[19:11:47] [324/324] BGTC
[19:11:48] 🧹 Deduping shows
[19:11:48] ✅ DONE | Shows=266 | Movies=18
