[10:08:51] 🚀 SCRIPT STARTED
[10:08:51] [1/445] TGMR
[10:08:51] 🧠 New identity created
[10:08:52] [2/445] CXKR
[10:08:53] [3/445] SROP
[10:08:54] [4/445] GTSV
[10:08:55] [5/445] SNTY
[10:08:56] [6/445] SMYY
[10:08:57] [7/445] CNCS
[10:08:57] [8/445] CSTM
[10:08:58] [9/445] NUCD
[10:08:59] [10/445] SHCZ
[10:09:00] [11/445] NJCT
[10:09:01] [12/445] COPC
[10:09:02] [13/445] STVV
[10:09:02] [14/445] SKRN
[10:09:03] [15/445] APPZ
[10:09:04] [16/445] YMGN
[10:09:05] [17/445] SVTU
[10:09:06] [18/445] GTAD
[10:09:06] [19/445] PSUS
[10:09:07] [20/445] SMCD
[10:09:08] [21/445] CMCM
[10:09:09] [22/445] SYCT
[10:09:09] [23/445] STLY
[10:09:10] [24/445] CMHU
[10:09:11] [25/445] CMSA
[10:09:12] [26/445] CLCU
[10:09:13] [27/445] PPNT
[10:09:14] [28/445] JTAB
[10:09:15] [29/445] BUUC
[10:09:17] [30/445] BSVK
[10:09:17] [31/445] VVVQ
[10:09:18] [32/445] TKMU
[10:09:19] [33/445] ESYL
[10:09:20] [34/445] ACHP
[10:09:21] [35/445] BTKD
[10:09:21] [36/445] DESA
[10:09:22] [37/445] GBCT
[10:09:23] [38/445] BLLD
[10:09:24] [39/445] SKNT
[10:09:25] [40/445] SSTE
[10:09:25] [41/445] VJMR
[10:09:26] [42/445] NTPU
[10:09:27] [43/445] RDKN
[10:09:28] [44/445] ADGC
[10:09:29] [45/445] VRBP
[10:09:30] [46/445] NMNA
[10:09:31] [47/445] CMMX
[10:09:32] [48/445] PTKO
[10:09:32] [49/445] RBML
[10:09:33] [50/445] SAIC
[10:09:34] [51/445] SVTJ
[10:09:35] [52/445] MRTE
[10:09:35] [53/445] RBTP
[10:09:36] [54/445] NLPS
[10:09:37] [55/445] GTNA
[10:09:38] [56/445] DGGC
[10:09:39] [57/445] SMCR
[10:09:40] [58/445] SCGD
[10:09:41] [59/445] SRRJ
[10:09:42] [60/445] CNRY
[10:09:42] [61/445] KTDI
[10:09:43] [62/445] SNJL
[10:09:44] [63/445] RKMD
[10:09:45] [64/445] SMDC
[10:09:46] [65/445] TADG
[10:09:46] [66/445] MCGS
[10:09:47] [67/445] PETK
[10:09:48] [68/445] CHAG
[10:09:49] [69/445] KSTL
[10:09:50] [70/445] AADS
[10:09:51] [71/445] NTHZ
[10:09:52] [72/445] HCKI
[10:09:53] [73/445] SSEF
[10:09:54] [74/445] MCGX
[10:09:55] [75/445] ERRA
[10:09:56] [76/445] SDTW
[10:09:56] [77/445] RMPK
[10:09:57] [78/445] PTHK
[10:09:58] [79/445] PXCS
[10:09:59] [80/445] SVLU
[10:10:00] [81/445] STAH
[10:10:01] [82/445] JRGF
[10:10:02] [83/445] CDOK
[10:10:02] [84/445] CMSG
[10:10:03] [85/445] APTD
[10:10:04] [86/445] KMPG
[10:10:05] [87/445] MUTJ
[10:10:06] [88/445] VCCI
[10:10:07] [89/445] URBE
[10:10:08] [90/445] TCTS
[10:10:09] [91/445] STSN
[10:10:10] [92/445] AKCH
[10:10:10] [93/445] APSC
[10:10:11] [94/445] VLTB
[10:10:12] [95/445] SANU
[10:10:13] [96/445] AXAM
[10:10:13] [97/445] MGMG
[10:10:14] [98/445] HTBY
[10:10:15] [99/445] MMZS
[10:10:16] [100/445] SUDR
[10:10:17] [101/445] CCAD
[10:10:18] [102/445] SKKC
[10:10:18] [103/445] RMCD
[10:10:20] [104/445] SBCQ
[10:10:21] [105/445] DCCT
[10:10:21] [106/445] VTKP
[10:10:22] [107/445] MLAM
[10:10:23] [108/445] SAVT
[10:10:24] [109/445] GEPL
[10:10:25] [110/445] AMCD
[10:10:25] [111/445] CCXR
[10:10:27] [112/445] GRNG
[10:10:28] [113/445] EBCA
[10:10:29] [114/445] CNVG
[10:10:30] [115/445] MWSS
[10:10:31] [116/445] VBOR
[10:10:32] [117/445] NEEB
[10:10:33] [118/445] SUTH
[10:10:33] [119/445] ANDB
[10:10:34] [120/445] MMXS
[10:10:35] [121/445] CNPD
[10:10:36] [122/445] SDCE
[10:10:37] [123/445] DHCB
[10:10:38] [124/445] ODEN
[10:10:39] [125/445] TNTC
[10:10:39] [126/445] VBKM
[10:10:40] [127/445] RZYM
[10:10:41] [128/445] JEMC
[10:10:42] [129/445] CMAU
[10:10:42] [130/445] SIVP
[10:10:43] [131/445] ATAG
[10:10:44] [132/445] CHTM
[10:10:45] [133/445] AAEE
[10:10:46] [134/445] IWPM
[10:10:47] [135/445] KCMW
[10:10:48] [136/445] MCTD
[10:10:49] [137/445] SPWR
[10:10:49] [138/445] SDPO
[10:10:50] [139/445] PCSK
[10:10:51] [140/445] ACHV
[10:10:52] [141/445] SVLA
[10:10:53] [142/445] PICT
[10:10:53] [143/445] BXDR
[10:10:54] [144/445] SPWA
[10:10:56] [145/445] MCKO
[10:10:56] [146/445] RTHK
[10:10:57] [147/445] CCMF
[10:10:58] [148/445] MRGB
[10:10:58] [149/445] CPLC
[10:10:59] [150/445] RACD
[10:11:00] [151/445] ATKT
[10:11:01] [152/445] SARN
[10:11:02] [153/445] KKUI
[10:11:03] [154/445] RGCM
[10:11:04] [155/445] BRVP
[10:11:05] [156/445] HRSR
[10:11:06] [157/445] GKGM
[10:11:07] [158/445] TTCD
[10:11:08] [159/445] PTTI
[10:11:08] [160/445] MPTT
[10:11:09] [161/445] CVTT
[10:11:10] [162/445] PCXD
[10:11:11] [163/445] GCDC
[10:11:12] [164/445] CCCF
[10:11:12] [165/445] MRAD
[10:11:13] [166/445] CPLK
[10:11:14] [167/445] SATB
[10:11:15] [168/445] SNVG
[10:11:15] [169/445] JMBA
[10:11:16] [170/445] TEJA
[10:11:17] [171/445] STYO
[10:11:18] [172/445] JTBP
[10:11:19] [173/445] KRGD
[10:11:20] [174/445] SLJJ
[10:11:21] [175/445] SPTJ
[10:11:22] [176/445] SWJG
[10:11:23] [177/445] LKRT
[10:11:24] [178/445] KCKA
[10:11:25] [179/445] SNCR
[10:11:26] [180/445] SMKL
[10:11:26] [181/445] GCFA
[10:11:27] [182/445] DDCK
[10:11:28] [183/445] NCHJ
[10:11:29] [184/445] RDMA
[10:11:30] [185/445] SVSV
[10:11:31] [186/445] SCJG
[10:11:31] [187/445] VKLP
[10:11:32] [188/445] NWCC
[10:11:33] [189/445] VKNS
[10:11:34] [190/445] SDDP
[10:11:35] [191/445] ACSI
[10:11:35] [192/445] SATG
[10:11:36] [193/445] SCMW
[10:11:37] [194/445] LKTK
[10:11:38] [195/445] VCKV
[10:11:39] [196/445] KKPE
[10:11:40] [197/445] KIGH
[10:11:41] [198/445] SRPM
[10:11:42] [199/445] SCAH
[10:11:43] [200/445] MUTA
[10:11:44] [201/445] SEPU
[10:11:45] [202/445] INOA
[10:11:46] [203/445] BASK
[10:11:47] [204/445] NECB
[10:11:48] [205/445] GTTG
[10:11:49] [206/445] ASSA
[10:11:50] [207/445] ANCL
[10:11:50] [208/445] GCTI
[10:11:51] [209/445] RCTS
[10:11:52] [210/445] ACNL
[10:11:53] [211/445] MYCT
[10:11:54] [212/445] NMHT
[10:11:54] [213/445] MDIT
[10:11:55] [214/445] LATG
[10:11:57] [215/445] SMTY
[10:11:58] [216/445] CVCT
[10:11:58] [217/445] RAMB
[10:11:59] [218/445] TGMS
[10:12:00] [219/445] BHEL
[10:12:01] [220/445] SHCT
[10:12:01] [221/445] SVCT
[10:12:02] [222/445] MRIY
[10:12:03] [223/445] SARO
[10:12:04] [224/445] STCT
[10:12:05] [225/445] JKKC
[10:12:06] [226/445] PLTT
[10:12:06] [227/445] SRNT
[10:12:07] [228/445] YAST
[10:12:08] [229/445] PERL
[10:12:10] [230/445] CICM
[10:12:10] [231/445] MMTR
[10:12:11] [232/445] ABTK
[10:12:12] [233/445] ATYY
[10:12:12] [234/445] ASTK
[10:12:13] [235/445] VVCK
[10:12:14] [236/445] ATKY
[10:12:15] [237/445] GWEK
[10:12:15] [238/445] SVFH
[10:12:16] [239/445] SLTA
[10:12:18] [240/445] AASH
[10:12:18] [241/445] ACXB
[10:12:19] [242/445] SMTX
[10:12:20] [243/445] AZDH
[10:12:21] [244/445] CMMH
[10:12:21] [245/445] SCSZ
[10:12:22] [246/445] SCKP
[10:12:23] [247/445] NXTM
[10:12:24] [248/445] NWCS
[10:12:24] [249/445] CXMH
[10:12:26] [250/445] PCMA
[10:12:26] [251/445] SGCM
[10:12:27] [252/445] SDTU
[10:12:28] [253/445] MMVI
[10:12:29] [254/445] JKCM
[10:12:29] [255/445] VCMM
[10:12:30] [256/445] SYEE
[10:12:32] [257/445] VASD
[10:12:33] [258/445] BDRB
[10:12:34] [259/445] LASM
[10:12:35] [260/445] DCRL
[10:12:36] [261/445] DVPM
[10:12:37] [262/445] SBMJ
[10:12:38] [263/445] CBMU
[10:12:39] [264/445] IUBS
[10:12:40] [265/445] INAP
[10:12:41] [266/445] SRRC
[10:12:42] [267/445] SAGR
[10:12:42] [268/445] CPMJ
[10:12:43] [269/445] ATJL
[10:12:44] [270/445] NNTD
[10:12:45] [271/445] JHCJ
[10:12:46] [272/445] CMMP
[10:12:46] [273/445] RSDR
[10:12:47] [274/445] AMTI
[10:12:48] [275/445] NYSG
[10:12:48] [276/445] AVSG
[10:12:49] [277/445] SYTP
[10:12:50] [278/445] LARC
[10:12:51] [279/445] RJTP
[10:12:52] [280/445] LAKC
[10:12:52] [281/445] MCXE
[10:12:54] [282/445] CCZC
[10:12:55] [283/445] AVCH
[10:12:55] [284/445] CMBE
[10:12:57] [285/445] MRRC
[10:12:58] [286/445] PCPY
[10:12:59] [287/445] SRMH
[10:12:59] [288/445] SVGS
[10:13:00] [289/445] PCSE
[10:13:01] [290/445] SVFT
[10:13:02] [291/445] TNZP
[10:13:02] [292/445] ICTP
[10:13:03] [293/445] ACTZ
[10:13:04] [294/445] GTUR
[10:13:05] [295/445] MAFC
[10:13:06] [296/445] MINL
[10:13:06] [297/445] MRCL
[10:13:07] [298/445] RCRP
[10:13:08] [299/445] RFFG
[10:13:08] [300/445] RMAS
[10:13:09] [301/445] INVR
[10:13:10] [302/445] RMAR
[10:13:11] [303/445] CNIS
[10:13:12] [304/445] RHRJ
[10:13:13] [305/445] INXR
[10:13:13] [306/445] VALT
[10:13:14] [307/445] LCSH
[10:13:15] [308/445] CMVS
[10:13:16] [309/445] CNMS
[10:13:17] [310/445] ROOG
[10:13:18] [311/445] ISRM
[10:13:19] [312/445] RCRM
[10:13:20] [313/445] ACJA
[10:13:21] [314/445] RCVS
[10:13:21] [315/445] CPUS
[10:13:23] [316/445] TGCS
[10:13:24] [317/445] RKCJ
[10:13:25] [318/445] MKSB
[10:13:26] [319/445] TCSJ
[10:13:27] [320/445] RMGP
[10:13:28] [321/445] CLLP
[10:13:29] [322/445] RCMV
[10:13:30] [323/445] CCKS
[10:13:32] [324/445] RSRP
[10:13:33] [325/445] APLP
[10:13:34] [326/445] CNVS
[10:13:34] [327/445] RMVY
[10:13:35] [328/445] PGBD
[10:13:36] [329/445] KLMS
[10:13:37] [330/445] RUST
[10:13:38] [331/445] MASM
[10:13:39] [332/445] BACS
[10:13:40] [333/445] BWST
[10:13:41] [334/445] RRFH
[10:13:42] [335/445] SJTM
[10:13:43] [336/445] BEMR
[10:13:43] [337/445] MCGR
[10:13:44] [338/445] SDSK
[10:13:45] [339/445] VBOL
[10:13:46] [340/445] RMGM
[10:13:47] [341/445] NOPL
[10:13:48] [342/445] MKJK
[10:13:49] [343/445] CVRN
[10:13:50] [344/445] MMEN
[10:13:50] [345/445] AMNG
[10:13:51] [346/445] INTM
[10:13:52] [347/445] SLCZ
[10:13:53] [348/445] AMJN
[10:13:54] [349/445] ACJN
[10:13:55] [350/445] AMKN
[10:13:56] [351/445] BTCN
[10:13:56] [352/445] AMBT
[10:13:57] [353/445] PACN
[10:13:58] [354/445] LCNS
[10:13:59] [355/445] PPKC
[10:13:59] [356/445] JYYN
[10:14:00] [357/445] JTNR
[10:14:01] [358/445] GTEE
[10:14:02] [359/445] SRNM
[10:14:03] [360/445] SDTC
[10:14:04] [361/445] VPCA
[10:14:05] [362/445] VLRA
[10:14:05] [363/445] SHKR
[10:14:06] [364/445] SBKD
[10:14:07] [365/445] SAAD
[10:14:08] [366/445] JTGN
[10:14:09] [367/445] SLAM
[10:14:11] [368/445] VTPM
[10:14:12] [369/445] ANPT
[10:14:12] [370/445] PUNB
[10:14:13] [371/445] CPKT
[10:14:14] [372/445] CNWE
[10:14:15] [373/445] ECPP
[10:14:16] [374/445] CPAR
[10:14:16] [375/445] ESBW
[10:14:17] [376/445] PKPU
[10:14:18] [377/445] CPRP
[10:14:19] [378/445] RAHU
[10:14:21] [379/445] RHMN
[10:14:21] [380/445] FMJP
[10:14:22] [381/445] CTMP
[10:14:23] [382/445] INPN
[10:14:23] [383/445] STTG
[10:14:25] [384/445] CTRD
[10:14:26] [385/445] PUVB
[10:14:27] [386/445] ESVP
[10:14:27] [387/445] CPFT
[10:14:28] [388/445] LCPC
[10:14:29] [389/445] VBCT
[10:14:30] [390/445] FSCW
[10:14:32] [391/445] VCMP
[10:14:33] [392/445] ASHC
[10:14:33] [393/445] VLCX
[10:14:34] [394/445] SHEV
[10:14:36] [395/445] APCO
[10:14:36] [396/445] SILC
[10:14:38] [397/445] SNMR
[10:14:39] [398/445] KYBO
[10:14:39] [399/445] SATK
[10:14:40] [400/445] SSCS
[10:14:41] [401/445] CLSB
[10:14:42] [402/445] KMJR
[10:14:43] [403/445] FSCK
[10:14:43] [404/445] NNKA
[10:14:44] [405/445] CLMK
[10:14:45] [406/445] DMPZ
[10:14:45] [407/445] INQM
[10:14:46] [408/445] CAML
[10:14:47] [409/445] INRK
[10:14:48] [410/445] IMKN
[10:14:49] [411/445] SVNR
[10:14:50] [412/445] INSL
[10:14:50] [413/445] MSMA
[10:14:51] [414/445] MCKK
[10:14:52] [415/445] FCHP
[10:14:53] [416/445] SFCR
[10:14:54] [417/445] NACK
[10:14:55] [418/445] PVAK
[10:14:56] [419/445] INER
[10:14:57] [420/445] RDBK
[10:14:58] [421/445] SVFN
[10:14:58] [422/445] IFRM
[10:15:00] [423/445] ATCK
[10:15:01] [424/445] ASKO
[10:15:01] [425/445] STKT
[10:15:02] [426/445] SVFB
[10:15:03] [427/445] INKS
[10:15:04] [428/445] PCRA
[10:15:05] [429/445] ATJA
[10:15:06] [430/445] IMJN
[10:15:06] [431/445] INHD
[10:15:07] [432/445] BARA
[10:15:08] [433/445] MCSL
[10:15:09] [434/445] RTOY
[10:15:09] [435/445] MENO
[10:15:10] [436/445] PUDM
[10:15:11] [437/445] PRCN
[10:15:12] [438/445] JMJR
[10:15:13] [439/445] SSGK
[10:15:14] [440/445] SSRL
[10:15:15] [441/445] JYKL
[10:15:16] [442/445] ACNB
[10:15:16] [443/445] SONP
[10:15:17] [444/445] EMCI
[10:15:18] [445/445] MRJH
[10:15:18] 🧹 Deduping shows
[10:15:18] ✅ DONE | Shows=156 | Movies=10
[16:49:23] 🚀 SCRIPT STARTED
[16:49:23] [1/445] TGMR
[16:49:23] 🧠 New identity created
[16:49:24] [2/445] CXKR
[16:49:25] [3/445] SROP
[16:49:27] [4/445] GTSV
[16:49:28] [5/445] SNTY
[16:49:30] [6/445] SMYY
[16:49:31] [7/445] CNCS
[16:49:32] [8/445] CSTM
[16:49:33] [9/445] NUCD
[16:49:34] [10/445] SHCZ
[16:49:34] [11/445] NJCT
[16:49:35] [12/445] COPC
[16:49:36] [13/445] STVV
[16:49:38] [14/445] SKRN
[16:49:38] [15/445] APPZ
[16:49:39] [16/445] YMGN
[16:49:40] [17/445] SVTU
[16:49:41] [18/445] GTAD
[16:49:41] [19/445] PSUS
[16:49:42] [20/445] SMCD
[16:49:43] [21/445] CMCM
[16:49:44] [22/445] SYCT
[16:49:45] [23/445] STLY
[16:49:45] [24/445] CMHU
[16:49:47] [25/445] CMSA
[16:49:48] [26/445] CLCU
[16:49:49] [27/445] PPNT
[16:49:49] [28/445] JTAB
[16:49:50] [29/445] BUUC
[16:49:51] [30/445] BSVK
[16:49:52] [31/445] VVVQ
[16:49:53] [32/445] TKMU
[16:49:53] [33/445] ESYL
[16:49:54] [34/445] ACHP
[16:49:55] [35/445] BTKD
[16:49:57] [36/445] DESA
[16:49:58] [37/445] GBCT
[16:50:00] [38/445] BLLD
[16:50:01] [39/445] SKNT
[16:50:02] [40/445] SSTE
[16:50:02] [41/445] VJMR
[16:50:03] [42/445] NTPU
[16:50:04] [43/445] RDKN
[16:50:06] [44/445] ADGC
[16:50:07] [45/445] VRBP
[16:50:07] [46/445] NMNA
[16:50:08] [47/445] CMMX
[16:50:09] [48/445] PTKO
[16:50:10] [49/445] RBML
[16:50:11] [50/445] SAIC
[16:50:11] [51/445] SVTJ
[16:50:13] [52/445] MRTE
[16:50:13] [53/445] RBTP
[16:50:14] [54/445] NLPS
[16:50:15] [55/445] GTNA
[16:50:16] [56/445] DGGC
[16:50:17] [57/445] SMCR
[16:50:18] [58/445] SCGD
[16:50:18] [59/445] SRRJ
[16:50:19] [60/445] CNRY
[16:50:21] [61/445] KTDI
[16:50:22] [62/445] SNJL
[16:50:23] [63/445] RKMD
[16:50:24] [64/445] SMDC
[16:50:24] [65/445] TADG
[16:50:25] [66/445] MCGS
[16:50:26] [67/445] PETK
[16:50:27] [68/445] CHAG
[16:50:28] [69/445] KSTL
[16:50:29] [70/445] AADS
[16:50:30] [71/445] NTHZ
[16:50:30] [72/445] HCKI
[16:50:31] [73/445] SSEF
[16:50:32] [74/445] MCGX
[16:50:32] [75/445] ERRA
[16:50:34] [76/445] SDTW
[16:50:35] [77/445] RMPK
[16:50:36] [78/445] PTHK
[16:50:36] [79/445] PXCS
[16:50:37] [80/445] SVLU
[16:50:38] [81/445] STAH
[16:50:40] [82/445] JRGF
[16:50:40] [83/445] CDOK
[16:50:42] [84/445] CMSG
[16:50:42] [85/445] APTD
[16:50:43] [86/445] KMPG
[16:50:44] [87/445] MUTJ
[16:50:45] [88/445] VCCI
[16:50:46] [89/445] URBE
[16:50:47] [90/445] TCTS
[16:50:48] [91/445] STSN
[16:50:49] [92/445] AKCH
[16:50:49] [93/445] APSC
[16:50:50] [94/445] VLTB
[16:50:52] [95/445] SANU
[16:50:53] [96/445] AXAM
[16:50:54] [97/445] MGMG
[16:50:55] [98/445] HTBY
[16:50:57] [99/445] MMZS
[16:50:57] [100/445] SUDR
[16:50:58] [101/445] CCAD
[16:50:59] [102/445] SKKC
[16:50:59] [103/445] RMCD
[16:51:00] [104/445] SBCQ
[16:51:01] [105/445] DCCT
[16:51:02] [106/445] VTKP
[16:51:03] [107/445] MLAM
[16:51:04] [108/445] SAVT
[16:51:05] [109/445] GEPL
[16:51:05] [110/445] AMCD
[16:51:06] [111/445] CCXR
[16:51:07] [112/445] GRNG
[16:51:08] [113/445] EBCA
[16:51:09] [114/445] CNVG
[16:51:10] [115/445] MWSS
[16:51:10] [116/445] VBOR
[16:51:11] [117/445] NEEB
[16:51:12] [118/445] SUTH
[16:51:13] [119/445] ANDB
[16:51:14] [120/445] MMXS
[16:51:15] [121/445] CNPD
[16:51:17] [122/445] SDCE
[16:51:18] [123/445] DHCB
[16:51:18] [124/445] ODEN
[16:51:19] [125/445] TNTC
[16:51:20] [126/445] VBKM
[16:51:21] [127/445] RZYM
[16:51:22] [128/445] JEMC
[16:51:23] [129/445] CMAU
[16:51:24] [130/445] SIVP
[16:51:25] [131/445] ATAG
[16:51:25] [132/445] CHTM
[16:51:26] [133/445] AAEE
[16:51:27] [134/445] IWPM
[16:51:28] [135/445] KCMW
[16:51:29] [136/445] MCTD
[16:51:30] [137/445] SPWR
[16:51:31] [138/445] SDPO
[16:51:32] [139/445] PCSK
[16:51:33] [140/445] ACHV
[16:51:34] [141/445] SVLA
[16:51:35] [142/445] PICT
[16:51:36] [143/445] BXDR
[16:51:37] [144/445] SPWA
[16:51:37] [145/445] MCKO
[16:51:38] [146/445] RTHK
[16:51:39] [147/445] CCMF
[16:51:40] [148/445] MRGB
[16:51:40] [149/445] CPLC
[16:51:41] [150/445] RACD
[16:51:42] [151/445] ATKT
[16:51:43] [152/445] SARN
[16:51:43] [153/445] KKUI
[16:51:44] [154/445] RGCM
[16:51:45] [155/445] BRVP
[16:51:47] [156/445] HRSR
[16:51:47] [157/445] GKGM
[16:51:48] [158/445] TTCD
[16:51:49] [159/445] PTTI
[16:51:50] [160/445] MPTT
[16:51:51] [161/445] CVTT
[16:51:52] [162/445] PCXD
[16:51:53] [163/445] GCDC
[16:51:53] [164/445] CCCF
[16:51:54] [165/445] MRAD
[16:51:55] [166/445] CPLK
[16:51:56] [167/445] SATB
[16:51:57] [168/445] SNVG
[16:51:58] [169/445] JMBA
[16:51:59] [170/445] TEJA
[16:51:59] [171/445] STYO
[16:52:00] [172/445] JTBP
[16:52:01] [173/445] KRGD
[16:52:02] [174/445] SLJJ
[16:52:03] [175/445] SPTJ
[16:52:04] [176/445] SWJG
[16:52:04] [177/445] LKRT
[16:52:05] [178/445] KCKA
[16:52:06] [179/445] SNCR
[16:52:07] [180/445] SMKL
[16:52:08] [181/445] GCFA
[16:52:08] [182/445] DDCK
[16:52:09] [183/445] NCHJ
[16:52:10] [184/445] RDMA
[16:52:11] [185/445] SVSV
[16:52:12] [186/445] SCJG
[16:52:13] [187/445] VKLP
[16:52:14] [188/445] NWCC
[16:52:16] [189/445] VKNS
[16:52:17] [190/445] SDDP
[16:52:17] [191/445] ACSI
[16:52:18] [192/445] SATG
[16:52:19] [193/445] SCMW
[16:52:20] [194/445] LKTK
[16:52:21] [195/445] VCKV
[16:52:22] [196/445] KKPE
[16:52:22] [197/445] KIGH
[16:52:23] [198/445] SRPM
[16:52:24] [199/445] SCAH
[16:52:25] [200/445] MUTA
[16:52:26] [201/445] SEPU
[16:52:27] [202/445] INOA
[16:52:28] [203/445] BASK
[16:52:28] [204/445] NECB
[16:52:29] [205/445] GTTG
[16:52:30] [206/445] ASSA
[16:52:31] [207/445] ANCL
[16:52:32] [208/445] GCTI
[16:52:33] [209/445] RCTS
[16:52:33] [210/445] ACNL
[16:52:34] [211/445] MYCT
[16:52:35] [212/445] NMHT
[16:52:36] [213/445] MDIT
[16:52:37] [214/445] LATG
[16:52:37] [215/445] SMTY
[16:52:38] [216/445] CVCT
[16:52:39] [217/445] RAMB
[16:52:40] [218/445] TGMS
[16:52:41] [219/445] BHEL
[16:52:42] [220/445] SHCT
[16:52:42] [221/445] SVCT
[16:52:43] [222/445] MRIY
[16:52:45] [223/445] SARO
[16:52:46] [224/445] STCT
[16:52:47] [225/445] JKKC
[16:52:48] [226/445] PLTT
[16:52:49] [227/445] SRNT
[16:52:50] [228/445] YAST
[16:52:50] [229/445] PERL
[16:52:51] [230/445] CICM
[16:52:52] [231/445] MMTR
[16:52:53] [232/445] ABTK
[16:52:53] [233/445] ATYY
[16:52:54] [234/445] ASTK
[16:52:55] [235/445] VVCK
[16:52:56] [236/445] ATKY
[16:52:56] [237/445] GWEK
[16:52:57] [238/445] SVFH
[16:52:58] [239/445] SLTA
[16:52:59] [240/445] AASH
[16:53:00] [241/445] ACXB
[16:53:01] [242/445] SMTX
[16:53:01] [243/445] AZDH
[16:53:02] [244/445] CMMH
[16:53:03] [245/445] SCSZ
[16:53:04] [246/445] SCKP
[16:53:04] [247/445] NXTM
[16:53:05] [248/445] NWCS
[16:53:06] [249/445] CXMH
[16:53:08] [250/445] PCMA
[16:53:08] [251/445] SGCM
[16:53:10] [252/445] SDTU
[16:53:11] [253/445] MMVI
[16:53:12] [254/445] JKCM
[16:53:12] [255/445] VCMM
[16:53:13] [256/445] SYEE
[16:53:14] [257/445] VASD
[16:53:15] [258/445] BDRB
[16:53:17] [259/445] LASM
[16:53:17] [260/445] DCRL
[16:53:18] [261/445] DVPM
[16:53:19] [262/445] SBMJ
[16:53:20] [263/445] CBMU
[16:53:21] [264/445] IUBS
[16:53:22] [265/445] INAP
[16:53:22] [266/445] SRRC
[16:53:23] [267/445] SAGR
[16:53:24] [268/445] CPMJ
[16:53:25] [269/445] ATJL
[16:53:25] [270/445] NNTD
[16:53:26] [271/445] JHCJ
[16:53:27] [272/445] CMMP
[16:53:29] [273/445] RSDR
[16:53:29] [274/445] AMTI
[16:53:30] [275/445] NYSG
[16:53:31] [276/445] AVSG
[16:53:32] [277/445] SYTP
[16:53:33] [278/445] LARC
[16:53:34] [279/445] RJTP
[16:53:34] [280/445] LAKC
[16:53:35] [281/445] MCXE
[16:53:36] [282/445] CCZC
[16:53:37] [283/445] AVCH
[16:53:38] [284/445] CMBE
[16:53:39] [285/445] MRRC
[16:53:40] [286/445] PCPY
[16:53:40] [287/445] SRMH
[16:53:41] [288/445] SVGS
[16:53:42] [289/445] PCSE
[16:53:43] [290/445] SVFT
[16:53:44] [291/445] TNZP
[16:53:45] [292/445] ICTP
[16:53:46] [293/445] ACTZ
[16:53:46] [294/445] GTUR
[16:53:47] [295/445] MAFC
[16:53:48] [296/445] MINL
[16:53:49] [297/445] MRCL
[16:53:49] [298/445] RCRP
[16:53:50] [299/445] RFFG
[16:53:51] [300/445] RMAS
[16:53:52] [301/445] INVR
[16:53:53] [302/445] RMAR
[16:53:54] [303/445] CNIS
[16:53:54] [304/445] RHRJ
[16:53:55] [305/445] INXR
[16:53:56] [306/445] VALT
[16:53:57] [307/445] LCSH
[16:53:58] [308/445] CMVS
[16:53:59] [309/445] CNMS
[16:54:00] [310/445] ROOG
[16:54:01] [311/445] ISRM
[16:54:02] [312/445] RCRM
[16:54:03] [313/445] ACJA
[16:54:04] [314/445] RCVS
[16:54:05] [315/445] CPUS
[16:54:06] [316/445] TGCS
[16:54:07] [317/445] RKCJ
[16:54:08] [318/445] MKSB
[16:54:09] [319/445] TCSJ
[16:54:09] [320/445] RMGP
[16:54:11] [321/445] CLLP
[16:54:12] [322/445] RCMV
[16:54:13] [323/445] CCKS
[16:54:14] [324/445] RSRP
[16:54:15] [325/445] APLP
[16:54:15] [326/445] CNVS
[16:54:16] [327/445] RMVY
[16:54:17] [328/445] PGBD
[16:54:18] [329/445] KLMS
[16:54:18] [330/445] RUST
[16:54:19] [331/445] MASM
[16:54:20] [332/445] BACS
[16:54:21] [333/445] BWST
[16:54:23] [334/445] RRFH
[16:54:24] [335/445] SJTM
[16:54:25] [336/445] BEMR
[16:54:26] [337/445] MCGR
[16:54:26] [338/445] SDSK
[16:54:27] [339/445] VBOL
[16:54:28] [340/445] RMGM
[16:54:29] [341/445] NOPL
[16:54:29] [342/445] MKJK
[16:54:30] [343/445] CVRN
[16:54:31] [344/445] MMEN
[16:54:32] [345/445] AMNG
[16:54:33] [346/445] INTM
[16:54:34] [347/445] SLCZ
[16:54:34] [348/445] AMJN
[16:54:35] [349/445] ACJN
[16:54:36] [350/445] AMKN
[16:54:37] [351/445] BTCN
[16:54:37] [352/445] AMBT
[16:54:38] [353/445] PACN
[16:54:39] [354/445] LCNS
[16:54:40] [355/445] PPKC
[16:54:40] [356/445] JYYN
[16:54:41] [357/445] JTNR
[16:54:42] [358/445] GTEE
[16:54:43] [359/445] SRNM
[16:54:44] [360/445] SDTC
[16:54:45] [361/445] VPCA
[16:54:45] [362/445] VLRA
[16:54:46] [363/445] SHKR
[16:54:48] [364/445] SBKD
[16:54:48] [365/445] SAAD
[16:54:49] [366/445] JTGN
[16:54:50] [367/445] SLAM
[16:54:52] [368/445] VTPM
[16:54:52] [369/445] ANPT
[16:54:53] [370/445] PUNB
[16:54:54] [371/445] CPKT
[16:54:55] [372/445] CNWE
[16:54:56] [373/445] ECPP
[16:54:57] [374/445] CPAR
[16:54:58] [375/445] ESBW
[16:54:59] [376/445] PKPU
[16:54:59] [377/445] CPRP
[16:55:01] [378/445] RAHU
[16:55:01] [379/445] RHMN
[16:55:03] [380/445] FMJP
[16:55:04] [381/445] CTMP
[16:55:05] [382/445] INPN
[16:55:05] [383/445] STTG
[16:55:06] [384/445] CTRD
[16:55:07] [385/445] PUVB
[16:55:08] [386/445] ESVP
[16:55:09] [387/445] CPFT
[16:55:09] [388/445] LCPC
[16:55:10] [389/445] VBCT
[16:55:11] [390/445] FSCW
[16:55:11] [391/445] VCMP
[16:55:12] [392/445] ASHC
[16:55:13] [393/445] VLCX
[16:55:14] [394/445] SHEV
[16:55:15] [395/445] APCO
[16:55:16] [396/445] SILC
[16:55:17] [397/445] SNMR
[16:55:17] [398/445] KYBO
[16:55:18] [399/445] SATK
[16:55:19] [400/445] SSCS
[16:55:20] [401/445] CLSB
[16:55:20] [402/445] KMJR
[16:55:22] [403/445] FSCK
[16:55:22] [404/445] NNKA
[16:55:24] [405/445] CLMK
[16:55:24] [406/445] DMPZ
[16:55:25] [407/445] INQM
[16:55:26] [408/445] CAML
[16:55:27] [409/445] INRK
[16:55:28] [410/445] IMKN
[16:55:29] [411/445] SVNR
[16:55:30] [412/445] INSL
[16:55:30] [413/445] MSMA
[16:55:31] [414/445] MCKK
[16:55:32] [415/445] FCHP
[16:55:33] [416/445] SFCR
[16:55:34] [417/445] NACK
[16:55:34] [418/445] PVAK
[16:55:35] [419/445] INER
[16:55:36] [420/445] RDBK
[16:55:37] [421/445] SVFN
[16:55:38] [422/445] IFRM
[16:55:39] [423/445] ATCK
[16:55:40] [424/445] ASKO
[16:55:41] [425/445] STKT
[16:55:42] [426/445] SVFB
[16:55:43] [427/445] INKS
[16:55:43] [428/445] PCRA
[16:55:44] [429/445] ATJA
[16:55:45] [430/445] IMJN
[16:55:46] [431/445] INHD
[16:55:47] [432/445] BARA
[16:55:47] [433/445] MCSL
[16:55:48] [434/445] RTOY
[16:55:49] [435/445] MENO
[16:55:50] [436/445] PUDM
[16:55:51] [437/445] PRCN
[16:55:52] [438/445] JMJR
[16:55:52] [439/445] SSGK
[16:55:54] [440/445] SSRL
[16:55:54] [441/445] JYKL
[16:55:55] [442/445] ACNB
[16:55:56] [443/445] SONP
[16:55:57] [444/445] EMCI
[16:55:58] [445/445] MRJH
[16:55:58] 🧹 Deduping shows
[16:55:58] ✅ DONE | Shows=251 | Movies=19
