[10:08:44] 🚀 SCRIPT STARTED
[10:08:44] [1/459] NECA
[10:08:44] 🧠 New identity created
[10:08:45] [2/459] BJLC
[10:08:46] [3/459] BASU
[10:08:47] [4/459] RUPI
[10:08:47] [5/459] LCBK
[10:08:49] [6/459] PMAC
[10:08:50] [7/459] AMLC
[10:08:51] [8/459] LICL
[10:08:51] [9/459] UDMM
[10:08:52] [10/459] STBZ
[10:08:53] [11/459] UUBT
[10:08:54] [12/459] SJKC
[10:08:55] [13/459] TUAL
[10:08:56] [14/459] MRSE
[10:08:57] [15/459] RMRK
[10:08:58] [16/459] TTKP
[10:08:59] [17/459] KTKO
[10:09:00] [18/459] SDBK
[10:09:01] [19/459] MCPR
[10:09:03] [20/459] CHTI
[10:09:04] [21/459] GCCP
[10:09:05] [22/459] SRMY
[10:09:05] [23/459] NYST
[10:09:06] [24/459] NYAG
[10:09:07] [25/459] SBMT
[10:09:08] [26/459] INGA
[10:09:09] [27/459] WSIC
[10:09:10] [28/459] SCSS
[10:09:10] [29/459] COPG
[10:09:11] [30/459] RCGR
[10:09:12] [31/459] TCZA
[10:09:13] [32/459] CNLP
[10:09:14] [33/459] CLKN
[10:09:14] [34/459] LHDF
[10:09:16] [35/459] ELKC
[10:09:17] [36/459] VCEM
[10:09:17] [37/459] SSZA
[10:09:19] [38/459] KRMT
[10:09:20] [39/459] LCMV
[10:09:21] [40/459] AYCZ
[10:09:21] [41/459] CUMS
[10:09:22] [42/459] BOCK
[10:09:23] [43/459] PNMR
[10:09:24] [44/459] PJCP
[10:09:25] [45/459] JDDD
[10:09:26] [46/459] STMS
[10:09:26] [47/459] FLMB
[10:09:27] [48/459] PKCM
[10:09:28] [49/459] SPPR
[10:09:29] [50/459] EYLH
[10:09:30] [51/459] RJCC
[10:09:30] [52/459] MMPS
[10:09:31] [53/459] SHMX
[10:09:32] [54/459] CCNL
[10:09:33] [55/459] RCNV
[10:09:34] [56/459] MAAG
[10:09:35] [57/459] LXCM
[10:09:35] [58/459] RCNI
[10:09:36] [59/459] SNNI
[10:09:37] [60/459] LALC
[10:09:38] [61/459] SOCN
[10:09:39] [62/459] JHTP
[10:09:40] [63/459] PITP
[10:09:41] [64/459] CCKW
[10:09:42] [65/459] MCMC
[10:09:43] [66/459] DEES
[10:09:44] [67/459] SABT
[10:09:45] [68/459] VSPP
[10:09:46] [69/459] ABCT
[10:09:47] [70/459] JVTB
[10:09:48] [71/459] VCBD
[10:09:49] [72/459] RMGG
[10:09:49] [73/459] RNMH
[10:09:50] [74/459] SPGL
[10:09:50] [75/459] JTTR
[10:09:52] [76/459] SICS
[10:09:53] [77/459] SRMI
[10:09:54] [78/459] SSIJ
[10:09:55] [79/459] KFMT
[10:09:56] [80/459] VBIT
[10:09:57] [81/459] JKCT
[10:09:58] [82/459] GCGP
[10:09:58] [83/459] GDCS
[10:09:59] [84/459] TRBA
[10:10:01] [85/459] QUST
[10:10:01] [86/459] VSHM
[10:10:03] [87/459] SDCP
[10:10:04] [88/459] SNVS
[10:10:05] [89/459] NYTO
[10:10:05] [90/459] URWC
[10:10:06] [91/459] GTWH
[10:10:07] [92/459] PFCM
[10:10:08] [93/459] KRTA
[10:10:08] [94/459] AXMC
[10:10:09] [95/459] EVMC
[10:10:10] [96/459] HGSM
[10:10:12] [97/459] ACVM
[10:10:12] [98/459] PSKL
[10:10:13] [99/459] RDMP
[10:10:14] [100/459] RHGH
[10:10:15] [101/459] OMCM
[10:10:16] [102/459] DCCP
[10:10:17] [103/459] MCPB
[10:10:17] [104/459] ALCI
[10:10:18] [105/459] BLMX
[10:10:19] [106/459] BTMV
[10:10:20] [107/459] FVPN
[10:10:21] [108/459] CMAR
[10:10:21] [109/459] CEIM
[10:10:22] [110/459] CMVA
[10:10:23] [111/459] CPIV
[10:10:24] [112/459] CNPE
[10:10:25] [113/459] COLV
[10:10:26] [114/459] DNNV
[10:10:26] [115/459] HCAD
[10:10:27] [116/459] TAKA
[10:10:28] [117/459] INVD
[10:10:29] [118/459] IRMM
[10:10:29] [119/459] INSE
[10:10:30] [120/459] MRSW
[10:10:31] [121/459] MCVD
[10:10:32] [122/459] MCSO
[10:10:33] [123/459] PEVM
[10:10:33] [124/459] PVNL
[10:10:34] [125/459] PTCV
[10:10:35] [126/459] PRTC
[10:10:36] [127/459] RCVA
[10:10:37] [128/459] MTBN
[10:10:37] [129/459] LUCP
[10:10:38] [130/459] FMPT
[10:10:39] [131/459] JLSL
[10:10:40] [132/459] SBHA
[10:10:40] [133/459] SHRC
[10:10:41] [134/459] AVPS
[10:10:42] [135/459] STPM
[10:10:43] [136/459] ATRD
[10:10:44] [137/459] VTED
[10:10:44] [138/459] ACAI
[10:10:45] [139/459] SMAE
[10:10:46] [140/459] VMAT
[10:10:47] [141/459] LKCT
[10:10:48] [142/459] JTVK
[10:10:49] [143/459] PRTY
[10:10:49] [144/459] GETT
[10:10:50] [145/459] ESAP
[10:10:51] [146/459] NCPM
[10:10:52] [147/459] PCPA
[10:10:53] [148/459] MMOM
[10:10:53] [149/459] PHUP
[10:10:54] [150/459] CCPI
[10:10:55] [151/459] CNTD
[10:10:56] [152/459] NLJR
[10:10:57] [153/459] SRNG
[10:10:58] [154/459] MHAL
[10:10:58] [155/459] PNSM
[10:11:00] [156/459] DRMY
[10:11:01] [157/459] CCMU
[10:11:01] [158/459] SCMY
[10:11:02] [159/459] PVSY
[10:11:03] [160/459] SDLM
[10:11:04] [161/459] ICCM
[10:11:04] [162/459] PYSU
[10:11:05] [163/459] GATM
[10:11:06] [164/459] WOTM
[10:11:07] [165/459] RKTS
[10:11:08] [166/459] PMTY
[10:11:09] [167/459] LYMS
[10:11:09] [168/459] TGCA
[10:11:10] [169/459] DSTA
[10:11:11] [170/459] CNGE
[10:11:12] [171/459] VSTG
[10:11:13] [172/459] GTCK
[10:11:14] [173/459] TGNT
[10:11:14] [174/459] ASLC
[10:11:15] [175/459] SSST
[10:11:16] [176/459] KBTT
[10:11:17] [177/459] HKCP
[10:11:18] [178/459] SWLC
[10:11:18] [179/459] RTND
[10:11:19] [180/459] PKKT
[10:11:20] [181/459] HSTK
[10:11:21] [182/459] SPTT
[10:11:21] [183/459] IMPM
[10:11:22] [184/459] SCMV
[10:11:23] [185/459] SPCT
[10:11:24] [186/459] JBCA
[10:11:25] [187/459] ATTR
[10:11:25] [188/459] SPMT
[10:11:26] [189/459] LCTM
[10:11:27] [190/459] SCVL
[10:11:28] [191/459] SCVT
[10:11:29] [192/459] KRIC
[10:11:30] [193/459] CTMG
[10:11:31] [194/459] ACNC
[10:11:32] [195/459] DMCK
[10:11:32] [196/459] KMTV
[10:11:33] [197/459] PFCJ
[10:11:34] [198/459] VNMD
[10:11:35] [199/459] VPCZ
[10:11:36] [200/459] SRYR
[10:11:37] [201/459] SYTR
[10:11:38] [202/459] GATR
[10:11:39] [203/459] URTR
[10:11:39] [204/459] MKSM
[10:11:40] [205/459] VSMH
[10:11:41] [206/459] SKRJ
[10:11:42] [207/459] SSJR
[10:11:43] [208/459] SVSM
[10:11:43] [209/459] RUCM
[10:11:44] [210/459] PRKN
[10:11:45] [211/459] RROH
[10:11:47] [212/459] SCTN
[10:11:47] [213/459] RTDM
[10:11:48] [214/459] ASRM
[10:11:49] [215/459] SKMD
[10:11:50] [216/459] SUTD
[10:11:52] [217/459] SADM
[10:11:53] [218/459] WCNR
[10:11:53] [219/459] CNED
[10:11:54] [220/459] MPDB
[10:11:55] [221/459] KTBH
[10:11:56] [222/459] IDRM
[10:11:57] [223/459] PJJT
[10:11:58] [224/459] PFCV
[10:11:58] [225/459] AACT
[10:11:59] [226/459] AAAD
[10:12:00] [227/459] ANES
[10:12:01] [228/459] MNCA
[10:12:02] [229/459] RMGU
[10:12:03] [230/459] DLCN
[10:12:03] [231/459] LJWT
[10:12:05] [232/459] MCBG
[10:12:06] [233/459] MYBG
[10:12:07] [234/459] GCCA
[10:12:08] [235/459] GCGA
[10:12:09] [236/459] ECGN
[10:12:10] [237/459] PRAB
[10:12:10] [238/459] PNMP
[10:12:11] [239/459] GCPT
[10:12:12] [240/459] ROYN
[10:12:13] [241/459] VATM
[10:12:14] [242/459] KSNT
[10:12:15] [243/459] ACTC
[10:12:16] [244/459] PLTD
[10:12:16] [245/459] SKMK
[10:12:17] [246/459] CMTT
[10:12:18] [247/459] SMXP
[10:12:19] [248/459] SCMX
[10:12:20] [249/459] ACXN
[10:12:21] [250/459] ASWT
[10:12:21] [251/459] VVVL
[10:12:22] [252/459] NAGO
[10:12:23] [253/459] SNCN
[10:12:24] [254/459] MCKP
[10:12:25] [255/459] SAMO
[10:12:25] [256/459] JBTV
[10:12:26] [257/459] DCVV
[10:12:27] [258/459] KMSV
[10:12:28] [259/459] KDCN
[10:12:29] [260/459] CNCP
[10:12:30] [261/459] HAMC
[10:12:30] [262/459] CCVZ
[10:12:31] [263/459] NCCK
[10:12:32] [264/459] MCHR
[10:12:33] [265/459] SCHT
[10:12:34] [266/459] ESSH
[10:12:35] [267/459] CUJC
[10:12:35] [268/459] PECP
[10:12:36] [269/459] PMMI
[10:12:37] [270/459] PCCH
[10:12:38] [271/459] PRPM
[10:12:39] [272/459] PVKL
[10:12:40] [273/459] CBSM
[10:12:41] [274/459] PVCZ
[10:12:42] [275/459] PCVV
[10:12:43] [276/459] CTMJ
[10:12:44] [277/459] RCPS
[10:12:44] [278/459] PCIT
[10:12:45] [279/459] FNCH
[10:12:47] [280/459] INZD
[10:12:48] [281/459] INPC
[10:12:49] [282/459] LCZP
[10:12:49] [283/459] SMCB
[10:12:50] [284/459] PTSB
[10:12:51] [285/459] TPSI
[10:12:52] [286/459] KHMJ
[10:12:52] [287/459] RCCJ
[10:12:54] [288/459] NCJA
[10:12:55] [289/459] NCJN
[10:12:56] [290/459] BTDP
[10:12:56] [291/459] PADY
[10:12:57] [292/459] NYBH
[10:12:58] [293/459] MTBR
[10:12:59] [294/459] KRBC
[10:12:59] [295/459] DKTI
[10:13:00] [296/459] ANAN
[10:13:01] [297/459] INBP
[10:13:02] [298/459] PATB
[10:13:03] [299/459] RGNT
[10:13:04] [300/459] CGPM
[10:13:05] [301/459] INTN
[10:13:06] [302/459] MCMP
[10:13:07] [303/459] ASRG
[10:13:07] [304/459] CXJD
[10:13:09] [305/459] SPCP
[10:13:10] [306/459] CSTP
[10:13:11] [307/459] PKVC
[10:13:11] [308/459] ESCP
[10:13:12] [309/459] CAEP
[10:13:13] [310/459] CCSP
[10:13:14] [311/459] KTPC
[10:13:14] [312/459] DACA
[10:13:15] [313/459] NVKY
[10:13:16] [314/459] PTIN
[10:13:17] [315/459] SCIN
[10:13:18] [316/459] MCTY
[10:13:19] [317/459] PCMX
[10:13:20] [318/459] INIC
[10:13:21] [319/459] MMZM
[10:13:22] [320/459] SSLP
[10:13:23] [321/459] DTDT
[10:13:23] [322/459] FFCX
[10:13:24] [323/459] RCMM
[10:13:25] [324/459] KYID
[10:13:26] [325/459] CSCI
[10:13:27] [326/459] FCMC
[10:13:28] [327/459] MMXI
[10:13:29] [328/459] ASTC
[10:13:30] [329/459] CMRA
[10:13:31] [330/459] DICI
[10:13:31] [331/459] KDIN
[10:13:32] [332/459] PRFI
[10:13:33] [333/459] SVFC
[10:13:34] [334/459] UCPL
[10:13:35] [335/459] COOC
[10:13:36] [336/459] SCAL
[10:13:37] [337/459] SVFF
[10:13:38] [338/459] VCMG
[10:13:38] [339/459] UUCT
[10:13:39] [340/459] GCSE
[10:13:40] [341/459] SUSC
[10:13:41] [342/459] MISC
[10:13:42] [343/459] RMBL
[10:13:43] [344/459] CMXN
[10:13:44] [345/459] PVBK
[10:13:45] [346/459] HHCG
[10:13:46] [347/459] SCAG
[10:13:47] [348/459] CNPR
[10:13:47] [349/459] CSER
[10:13:48] [350/459] HLWD
[10:13:49] [351/459] BOLY
[10:13:49] [352/459] SSPG
[10:13:50] [353/459] MUPX
[10:13:51] [354/459] HAMR
[10:13:52] [355/459] SDNC
[10:13:53] [356/459] RTEN
[10:13:54] [357/459] SDTD
[10:13:54] [358/459] KAWS
[10:13:55] [359/459] CMZX
[10:13:56] [360/459] DCDD
[10:13:57] [361/459] ALSN
[10:13:58] [362/459] IMXS
[10:13:59] [363/459] PVFF
[10:14:00] [364/459] PVOO
[10:14:01] [365/459] CFBS
[10:14:02] [366/459] PVER
[10:14:02] [367/459] PPNX
[10:14:03] [368/459] CNRM
[10:14:04] [369/459] PVWW
[10:14:05] [370/459] INMB
[10:14:05] [371/459] CPJR
[10:14:06] [372/459] INRZ
[10:14:07] [373/459] PMSR
[10:14:08] [374/459] GPGM
[10:14:09] [375/459] PGWB
[10:14:10] [376/459] PMBR
[10:14:11] [377/459] GPAM
[10:14:12] [378/459] INBC
[10:14:13] [379/459] PZVK
[10:14:13] [380/459] CPEB
[10:14:14] [381/459] FMLB
[10:14:16] [382/459] INBG
[10:14:16] [383/459] GPBR
[10:14:17] [384/459] PAAS
[10:14:18] [385/459] VTBR
[10:14:19] [386/459] GPMY
[10:14:20] [387/459] GYBU
[10:14:21] [388/459] INBJ
[10:14:22] [389/459] LKTH
[10:14:22] [390/459] NSBR
[10:14:24] [391/459] PDRD
[10:14:25] [392/459] VRBL
[10:14:26] [393/459] VTGB
[10:14:26] [394/459] VTSK
[10:14:27] [395/459] BKDV
[10:14:28] [396/459] SVTB
[10:14:29] [397/459] MLDT
[10:14:30] [398/459] NRBL
[10:14:31] [399/459] SLTR
[10:14:32] [400/459] VNKA
[10:14:33] [401/459] TDCA
[10:14:34] [402/459] INBM
[10:14:35] [403/459] SSNR
[10:14:35] [404/459] BHAC
[10:14:36] [405/459] SDSD
[10:14:37] [406/459] SAMP
[10:14:38] [407/459] RATK
[10:14:39] [408/459] KCBI
[10:14:40] [409/459] URBL
[10:14:40] [410/459] MKBG
[10:14:41] [411/459] ASTB
[10:14:42] [412/459] VBWT
[10:14:43] [413/459] GPSM
[10:14:44] [414/459] ROON
[10:14:45] [415/459] CHTH
[10:14:45] [416/459] SSPA
[10:14:46] [417/459] ANBL
[10:14:47] [418/459] VTBE
[10:14:48] [419/459] SVKT
[10:14:49] [420/459] SVYK
[10:14:50] [421/459] PTBK
[10:14:51] [422/459] RKTB
[10:14:52] [423/459] BALT
[10:14:53] [424/459] STSV
[10:14:54] [425/459] VCCB
[10:14:55] [426/459] SLTB
[10:14:56] [427/459] SBCR
[10:14:56] [428/459] VDCS
[10:14:57] [429/459] MDKI
[10:14:58] [430/459] SMRN
[10:14:59] [431/459] PTBC
[10:15:00] [432/459] RADI
[10:15:01] [433/459] ADCR
[10:15:01] [434/459] SDCS
[10:15:02] [435/459] SRPJ
[10:15:03] [436/459] ARTS
[10:15:04] [437/459] SRHK
[10:15:05] [438/459] SPAY
[10:15:06] [439/459] GPTB
[10:15:06] [440/459] SNNN
[10:15:08] [441/459] BALJ
[10:15:08] [442/459] TRIG
[10:15:09] [443/459] GTYT
[10:15:10] [444/459] ATGN
[10:15:11] [445/459] ANTE
[10:15:12] [446/459] BDCG
[10:15:13] [447/459] VECI
[10:15:14] [448/459] SCPR
[10:15:15] [449/459] RTEA
[10:15:16] [450/459] JSAI
[10:15:17] [451/459] VJTP
[10:15:17] [452/459] GNDS
[10:15:18] [453/459] PAXA
[10:15:19] [454/459] CGGM
[10:15:20] [455/459] ACKZ
[10:15:21] [456/459] EMCC
[10:15:22] [457/459] KLSK
[10:15:23] [458/459] AVCK
[10:15:23] [459/459] JTCK
[10:15:24] 🧹 Deduping shows
[10:15:24] ✅ DONE | Shows=210 | Movies=18
[16:49:23] 🚀 SCRIPT STARTED
[16:49:23] [1/459] NECA
[16:49:23] 🧠 New identity created
[16:49:25] [2/459] BJLC
[16:49:25] [3/459] BASU
[16:49:26] [4/459] RUPI
[16:49:27] [5/459] LCBK
[16:49:28] [6/459] PMAC
[16:49:29] [7/459] AMLC
[16:49:29] [8/459] LICL
[16:49:30] [9/459] UDMM
[16:49:31] [10/459] STBZ
[16:49:32] [11/459] UUBT
[16:49:33] [12/459] SJKC
[16:49:34] [13/459] TUAL
[16:49:35] [14/459] MRSE
[16:49:36] [15/459] RMRK
[16:49:36] [16/459] TTKP
[16:49:37] [17/459] KTKO
[16:49:38] [18/459] SDBK
[16:49:39] [19/459] MCPR
[16:49:40] [20/459] CHTI
[16:49:41] [21/459] GCCP
[16:49:42] [22/459] SRMY
[16:49:42] [23/459] NYST
[16:49:44] [24/459] NYAG
[16:49:45] [25/459] SBMT
[16:49:46] [26/459] INGA
[16:49:46] [27/459] WSIC
[16:49:47] [28/459] SCSS
[16:49:48] [29/459] COPG
[16:49:49] [30/459] RCGR
[16:49:50] [31/459] TCZA
[16:49:51] [32/459] CNLP
[16:49:52] [33/459] CLKN
[16:49:53] [34/459] LHDF
[16:49:53] [35/459] ELKC
[16:49:54] [36/459] VCEM
[16:49:56] [37/459] SSZA
[16:49:56] [38/459] KRMT
[16:49:57] [39/459] LCMV
[16:49:58] [40/459] AYCZ
[16:49:59] [41/459] CUMS
[16:49:59] [42/459] BOCK
[16:50:00] [43/459] PNMR
[16:50:01] [44/459] PJCP
[16:50:02] [45/459] JDDD
[16:50:03] [46/459] STMS
[16:50:04] [47/459] FLMB
[16:50:04] [48/459] PKCM
[16:50:06] [49/459] SPPR
[16:50:07] [50/459] EYLH
[16:50:08] [51/459] RJCC
[16:50:08] [52/459] MMPS
[16:50:09] [53/459] SHMX
[16:50:10] [54/459] CCNL
[16:50:12] [55/459] RCNV
[16:50:13] [56/459] MAAG
[16:50:14] [57/459] LXCM
[16:50:15] [58/459] RCNI
[16:50:16] [59/459] SNNI
[16:50:17] [60/459] LALC
[16:50:17] [61/459] SOCN
[16:50:18] [62/459] JHTP
[16:50:19] [63/459] PITP
[16:50:20] [64/459] CCKW
[16:50:21] [65/459] MCMC
[16:50:22] [66/459] DEES
[16:50:23] [67/459] SABT
[16:50:23] [68/459] VSPP
[16:50:24] [69/459] ABCT
[16:50:25] [70/459] JVTB
[16:50:26] [71/459] VCBD
[16:50:27] [72/459] RMGG
[16:50:27] [73/459] RNMH
[16:50:28] [74/459] SPGL
[16:50:30] [75/459] JTTR
[16:50:31] [76/459] SICS
[16:50:31] [77/459] SRMI
[16:50:32] [78/459] SSIJ
[16:50:33] [79/459] KFMT
[16:50:34] [80/459] VBIT
[16:50:35] [81/459] JKCT
[16:50:35] [82/459] GCGP
[16:50:36] [83/459] GDCS
[16:50:37] [84/459] TRBA
[16:50:38] [85/459] QUST
[16:50:39] [86/459] VSHM
[16:50:39] [87/459] SDCP
[16:50:40] [88/459] SNVS
[16:50:41] [89/459] NYTO
[16:50:42] [90/459] URWC
[16:50:43] [91/459] GTWH
[16:50:44] [92/459] PFCM
[16:50:45] [93/459] KRTA
[16:50:46] [94/459] AXMC
[16:50:47] [95/459] EVMC
[16:50:47] [96/459] HGSM
[16:50:48] [97/459] ACVM
[16:50:49] [98/459] PSKL
[16:50:50] [99/459] RDMP
[16:50:52] [100/459] RHGH
[16:50:53] [101/459] OMCM
[16:50:53] [102/459] DCCP
[16:50:54] [103/459] MCPB
[16:50:56] [104/459] ALCI
[16:50:57] [105/459] BLMX
[16:50:58] [106/459] BTMV
[16:50:59] [107/459] FVPN
[16:51:00] [108/459] CMAR
[16:51:01] [109/459] CEIM
[16:51:02] [110/459] CMVA
[16:51:03] [111/459] CPIV
[16:51:03] [112/459] CNPE
[16:51:04] [113/459] COLV
[16:51:05] [114/459] DNNV
[16:51:06] [115/459] HCAD
[16:51:07] [116/459] TAKA
[16:51:08] [117/459] INVD
[16:51:09] [118/459] IRMM
[16:51:10] [119/459] INSE
[16:51:11] [120/459] MRSW
[16:51:12] [121/459] MCVD
[16:51:13] [122/459] MCSO
[16:51:14] [123/459] PEVM
[16:51:15] [124/459] PVNL
[16:51:16] [125/459] PTCV
[16:51:16] [126/459] PRTC
[16:51:17] [127/459] RCVA
[16:51:18] [128/459] MTBN
[16:51:19] [129/459] LUCP
[16:51:20] [130/459] FMPT
[16:51:20] [131/459] JLSL
[16:51:21] [132/459] SBHA
[16:51:22] [133/459] SHRC
[16:51:23] [134/459] AVPS
[16:51:24] [135/459] STPM
[16:51:25] [136/459] ATRD
[16:51:26] [137/459] VTED
[16:51:28] [138/459] ACAI
[16:51:29] [139/459] SMAE
[16:51:30] [140/459] VMAT
[16:51:31] [141/459] LKCT
[16:51:31] [142/459] JTVK
[16:51:32] [143/459] PRTY
[16:51:33] [144/459] GETT
[16:51:34] [145/459] ESAP
[16:51:35] [146/459] NCPM
[16:51:36] [147/459] PCPA
[16:51:36] [148/459] MMOM
[16:51:37] [149/459] PHUP
[16:51:38] [150/459] CCPI
[16:51:39] [151/459] CNTD
[16:51:40] [152/459] NLJR
[16:51:41] [153/459] SRNG
[16:51:42] [154/459] MHAL
[16:51:43] [155/459] PNSM
[16:51:44] [156/459] DRMY
[16:51:45] [157/459] CCMU
[16:51:46] [158/459] SCMY
[16:51:47] [159/459] PVSY
[16:51:48] [160/459] SDLM
[16:51:49] [161/459] ICCM
[16:51:50] [162/459] PYSU
[16:51:50] [163/459] GATM
[16:51:51] [164/459] WOTM
[16:51:52] [165/459] RKTS
[16:51:53] [166/459] PMTY
[16:51:54] [167/459] LYMS
[16:51:55] [168/459] TGCA
[16:51:55] [169/459] DSTA
[16:51:56] [170/459] CNGE
[16:51:57] [171/459] VSTG
[16:51:58] [172/459] GTCK
[16:51:59] [173/459] TGNT
[16:52:00] [174/459] ASLC
[16:52:01] [175/459] SSST
[16:52:02] [176/459] KBTT
[16:52:02] [177/459] HKCP
[16:52:03] [178/459] SWLC
[16:52:04] [179/459] RTND
[16:52:05] [180/459] PKKT
[16:52:06] [181/459] HSTK
[16:52:08] [182/459] SPTT
[16:52:09] [183/459] IMPM
[16:52:10] [184/459] SCMV
[16:52:11] [185/459] SPCT
[16:52:12] [186/459] JBCA
[16:52:13] [187/459] ATTR
[16:52:13] [188/459] SPMT
[16:52:14] [189/459] LCTM
[16:52:15] [190/459] SCVL
[16:52:16] [191/459] SCVT
[16:52:17] [192/459] KRIC
[16:52:17] [193/459] CTMG
[16:52:18] [194/459] ACNC
[16:52:19] [195/459] DMCK
[16:52:20] [196/459] KMTV
[16:52:21] [197/459] PFCJ
[16:52:21] [198/459] VNMD
[16:52:22] [199/459] VPCZ
[16:52:24] [200/459] SRYR
[16:52:25] [201/459] SYTR
[16:52:26] [202/459] GATR
[16:52:27] [203/459] URTR
[16:52:28] [204/459] MKSM
[16:52:28] [205/459] VSMH
[16:52:30] [206/459] SKRJ
[16:52:31] [207/459] SSJR
[16:52:32] [208/459] SVSM
[16:52:33] [209/459] RUCM
[16:52:33] [210/459] PRKN
[16:52:34] [211/459] RROH
[16:52:36] [212/459] SCTN
[16:52:37] [213/459] RTDM
[16:52:37] [214/459] ASRM
[16:52:38] [215/459] SKMD
[16:52:39] [216/459] SUTD
[16:52:40] [217/459] SADM
[16:52:41] [218/459] WCNR
[16:52:41] [219/459] CNED
[16:52:42] [220/459] MPDB
[16:52:43] [221/459] KTBH
[16:52:44] [222/459] IDRM
[16:52:45] [223/459] PJJT
[16:52:46] [224/459] PFCV
[16:52:47] [225/459] AACT
[16:52:48] [226/459] AAAD
[16:52:49] [227/459] ANES
[16:52:50] [228/459] MNCA
[16:52:51] [229/459] RMGU
[16:52:52] [230/459] DLCN
[16:52:54] [231/459] LJWT
[16:52:55] [232/459] MCBG
[16:52:56] [233/459] MYBG
[16:52:57] [234/459] GCCA
[16:52:58] [235/459] GCGA
[16:52:59] [236/459] ECGN
[16:53:00] [237/459] PRAB
[16:53:01] [238/459] PNMP
[16:53:01] [239/459] GCPT
[16:53:02] [240/459] ROYN
[16:53:03] [241/459] VATM
[16:53:04] [242/459] KSNT
[16:53:05] [243/459] ACTC
[16:53:06] [244/459] PLTD
[16:53:07] [245/459] SKMK
[16:53:08] [246/459] CMTT
[16:53:09] [247/459] SMXP
[16:53:10] [248/459] SCMX
[16:53:11] [249/459] ACXN
[16:53:12] [250/459] ASWT
[16:53:13] [251/459] VVVL
[16:53:13] [252/459] NAGO
[16:53:14] [253/459] SNCN
[16:53:15] [254/459] MCKP
[16:53:16] [255/459] SAMO
[16:53:18] [256/459] JBTV
[16:53:18] [257/459] DCVV
[16:53:19] [258/459] KMSV
[16:53:20] [259/459] KDCN
[16:53:21] [260/459] CNCP
[16:53:22] [261/459] HAMC
[16:53:23] [262/459] CCVZ
[16:53:24] [263/459] NCCK
[16:53:25] [264/459] MCHR
[16:53:26] [265/459] SCHT
[16:53:27] [266/459] ESSH
[16:53:27] [267/459] CUJC
[16:53:28] [268/459] PECP
[16:53:29] [269/459] PMMI
[16:53:30] [270/459] PCCH
[16:53:31] [271/459] PRPM
[16:53:32] [272/459] PVKL
[16:53:32] [273/459] CBSM
[16:53:33] [274/459] PVCZ
[16:53:34] [275/459] PCVV
[16:53:35] [276/459] CTMJ
[16:53:36] [277/459] RCPS
[16:53:37] [278/459] PCIT
[16:53:37] [279/459] FNCH
[16:53:39] [280/459] INZD
[16:53:40] [281/459] INPC
[16:53:41] [282/459] LCZP
[16:53:42] [283/459] SMCB
[16:53:42] [284/459] PTSB
[16:53:44] [285/459] TPSI
[16:53:45] [286/459] KHMJ
[16:53:46] [287/459] RCCJ
[16:53:47] [288/459] NCJA
[16:53:48] [289/459] NCJN
[16:53:49] [290/459] BTDP
[16:53:49] [291/459] PADY
[16:53:50] [292/459] NYBH
[16:53:51] [293/459] MTBR
[16:53:52] [294/459] KRBC
[16:53:53] [295/459] DKTI
[16:53:54] [296/459] ANAN
[16:53:56] [297/459] INBP
[16:53:57] [298/459] PATB
[16:53:58] [299/459] RGNT
[16:53:59] [300/459] CGPM
[16:54:00] [301/459] INTN
[16:54:01] [302/459] MCMP
[16:54:01] [303/459] ASRG
[16:54:02] [304/459] CXJD
[16:54:03] [305/459] SPCP
[16:54:04] [306/459] CSTP
[16:54:05] [307/459] PKVC
[16:54:06] [308/459] ESCP
[16:54:06] [309/459] CAEP
[16:54:07] [310/459] CCSP
[16:54:08] [311/459] KTPC
[16:54:09] [312/459] DACA
[16:54:09] [313/459] NVKY
[16:54:10] [314/459] PTIN
[16:54:11] [315/459] SCIN
[16:54:12] [316/459] MCTY
[16:54:13] [317/459] PCMX
[16:54:13] [318/459] INIC
[16:54:14] [319/459] MMZM
[16:54:15] [320/459] SSLP
[16:54:16] [321/459] DTDT
[16:54:18] [322/459] FFCX
[16:54:18] [323/459] RCMM
[16:54:19] [324/459] KYID
[16:54:20] [325/459] CSCI
[16:54:22] [326/459] FCMC
[16:54:23] [327/459] MMXI
[16:54:24] [328/459] ASTC
[16:54:25] [329/459] CMRA
[16:54:26] [330/459] DICI
[16:54:27] [331/459] KDIN
[16:54:28] [332/459] PRFI
[16:54:30] [333/459] SVFC
[16:54:30] [334/459] UCPL
[16:54:32] [335/459] COOC
[16:54:32] [336/459] SCAL
[16:54:33] [337/459] SVFF
[16:54:34] [338/459] VCMG
[16:54:35] [339/459] UUCT
[16:54:35] [340/459] GCSE
[16:54:36] [341/459] SUSC
[16:54:37] [342/459] MISC
[16:54:38] [343/459] RMBL
[16:54:39] [344/459] CMXN
[16:54:39] [345/459] PVBK
[16:54:40] [346/459] HHCG
[16:54:41] [347/459] SCAG
[16:54:42] [348/459] CNPR
[16:54:43] [349/459] CSER
[16:54:44] [350/459] HLWD
[16:54:45] [351/459] BOLY
[16:54:45] [352/459] SSPG
[16:54:46] [353/459] MUPX
[16:54:47] [354/459] HAMR
[16:54:48] [355/459] SDNC
[16:54:48] [356/459] RTEN
[16:54:49] [357/459] SDTD
[16:54:50] [358/459] KAWS
[16:54:51] [359/459] CMZX
[16:54:51] [360/459] DCDD
[16:54:52] [361/459] ALSN
[16:54:53] [362/459] IMXS
[16:54:54] [363/459] PVFF
[16:54:55] [364/459] PVOO
[16:54:56] [365/459] CFBS
[16:54:57] [366/459] PVER
[16:54:58] [367/459] PPNX
[16:54:58] [368/459] CNRM
[16:54:59] [369/459] PVWW
[16:55:00] [370/459] INMB
[16:55:01] [371/459] CPJR
[16:55:02] [372/459] INRZ
[16:55:03] [373/459] PMSR
[16:55:04] [374/459] GPGM
[16:55:05] [375/459] PGWB
[16:55:06] [376/459] PMBR
[16:55:07] [377/459] GPAM
[16:55:08] [378/459] INBC
[16:55:08] [379/459] PZVK
[16:55:09] [380/459] CPEB
[16:55:10] [381/459] FMLB
[16:55:11] [382/459] INBG
[16:55:11] [383/459] GPBR
[16:55:12] [384/459] PAAS
[16:55:13] [385/459] VTBR
[16:55:14] [386/459] GPMY
[16:55:15] [387/459] GYBU
[16:55:16] [388/459] INBJ
[16:55:17] [389/459] LKTH
[16:55:18] [390/459] NSBR
[16:55:18] [391/459] PDRD
[16:55:19] [392/459] VRBL
[16:55:20] [393/459] VTGB
[16:55:21] [394/459] VTSK
[16:55:22] [395/459] BKDV
[16:55:22] [396/459] SVTB
[16:55:23] [397/459] MLDT
[16:55:24] [398/459] NRBL
[16:55:25] [399/459] SLTR
[16:55:26] [400/459] VNKA
[16:55:28] [401/459] TDCA
[16:55:28] [402/459] INBM
[16:55:29] [403/459] SSNR
[16:55:30] [404/459] BHAC
[16:55:31] [405/459] SDSD
[16:55:32] [406/459] SAMP
[16:55:32] [407/459] RATK
[16:55:34] [408/459] KCBI
[16:55:35] [409/459] URBL
[16:55:36] [410/459] MKBG
[16:55:37] [411/459] ASTB
[16:55:38] [412/459] VBWT
[16:55:39] [413/459] GPSM
[16:55:40] [414/459] ROON
[16:55:41] [415/459] CHTH
[16:55:42] [416/459] SSPA
[16:55:43] [417/459] ANBL
[16:55:44] [418/459] VTBE
[16:55:45] [419/459] SVKT
[16:55:46] [420/459] SVYK
[16:55:47] [421/459] PTBK
[16:55:48] [422/459] RKTB
[16:55:48] [423/459] BALT
[16:55:49] [424/459] STSV
[16:55:50] [425/459] VCCB
[16:55:51] [426/459] SLTB
[16:55:51] [427/459] SBCR
[16:55:53] [428/459] VDCS
[16:55:54] [429/459] MDKI
[16:55:56] [430/459] SMRN
[16:55:57] [431/459] PTBC
[16:55:57] [432/459] RADI
[16:55:58] [433/459] ADCR
[16:55:59] [434/459] SDCS
[16:56:00] [435/459] SRPJ
[16:56:01] [436/459] ARTS
[16:56:02] [437/459] SRHK
[16:56:03] [438/459] SPAY
[16:56:04] [439/459] GPTB
[16:56:05] [440/459] SNNN
[16:56:05] [441/459] BALJ
[16:56:06] [442/459] TRIG
[16:56:07] [443/459] GTYT
[16:56:08] [444/459] ATGN
[16:56:09] [445/459] ANTE
[16:56:11] [446/459] BDCG
[16:56:12] [447/459] VECI
[16:56:14] [448/459] SCPR
[16:56:15] [449/459] RTEA
[16:56:16] [450/459] JSAI
[16:56:18] [451/459] VJTP
[16:56:19] [452/459] GNDS
[16:56:19] [453/459] PAXA
[16:56:20] [454/459] CGGM
[16:56:21] [455/459] ACKZ
[16:56:22] [456/459] EMCC
[16:56:23] [457/459] KLSK
[16:56:24] [458/459] AVCK
[16:56:25] [459/459] JTCK
[16:56:25] 🧹 Deduping shows
[16:56:25] ✅ DONE | Shows=454 | Movies=34
[04:50:43] 🚀 SCRIPT STARTED
[04:50:43] [1/459] NECA
[04:50:43] 🧠 New identity created
[04:50:44] [2/459] BJLC
[04:50:44] [3/459] BASU
[04:50:45] [4/459] RUPI
[04:50:45] [5/459] LCBK
[04:50:46] [6/459] PMAC
[04:50:47] [7/459] AMLC
[04:50:47] [8/459] LICL
[04:50:48] [9/459] UDMM
[04:50:48] [10/459] STBZ
[04:50:49] [11/459] UUBT
[04:50:49] [12/459] SJKC
[04:50:50] [13/459] TUAL
[04:50:50] [14/459] MRSE
[04:50:51] [15/459] RMRK
[04:50:52] [16/459] TTKP
[04:50:52] [17/459] KTKO
[04:50:53] [18/459] SDBK
[04:50:53] [19/459] MCPR
[04:50:54] [20/459] CHTI
[04:50:54] [21/459] GCCP
[04:50:55] [22/459] SRMY
[04:50:55] [23/459] NYST
[04:50:56] [24/459] NYAG
[04:50:56] [25/459] SBMT
[04:50:57] [26/459] INGA
[04:50:57] [27/459] WSIC
[04:50:58] [28/459] SCSS
[04:50:59] [29/459] COPG
[04:50:59] [30/459] RCGR
[04:51:00] [31/459] TCZA
[04:51:00] [32/459] CNLP
[04:51:01] [33/459] CLKN
[04:51:01] [34/459] LHDF
[04:51:02] [35/459] ELKC
[04:51:03] [36/459] VCEM
[04:51:03] [37/459] SSZA
[04:51:04] [38/459] KRMT
[04:51:04] [39/459] LCMV
[04:51:05] [40/459] AYCZ
[04:51:05] [41/459] CUMS
[04:51:06] [42/459] BOCK
[04:51:06] [43/459] PNMR
[04:51:07] [44/459] PJCP
[04:51:08] [45/459] JDDD
[04:51:08] [46/459] STMS
[04:51:09] [47/459] FLMB
[04:51:09] [48/459] PKCM
[04:51:10] [49/459] SPPR
[04:51:11] [50/459] EYLH
[04:51:11] [51/459] RJCC
[04:51:12] [52/459] MMPS
[04:51:12] [53/459] SHMX
[04:51:13] [54/459] CCNL
[04:51:14] [55/459] RCNV
[04:51:14] [56/459] MAAG
[04:51:15] [57/459] LXCM
[04:51:15] [58/459] RCNI
[04:51:16] [59/459] SNNI
[04:51:16] [60/459] LALC
[04:51:17] [61/459] SOCN
[04:51:17] [62/459] JHTP
[04:51:18] [63/459] PITP
[04:51:18] [64/459] CCKW
[04:51:19] [65/459] MCMC
[04:51:19] [66/459] DEES
[04:51:20] [67/459] SABT
[04:51:20] [68/459] VSPP
[04:51:21] [69/459] ABCT
[04:51:21] [70/459] JVTB
[04:51:22] [71/459] VCBD
[04:51:23] [72/459] RMGG
[04:51:23] [73/459] RNMH
[04:51:24] [74/459] SPGL
[04:51:25] [75/459] JTTR
[04:51:25] [76/459] SICS
[04:51:26] [77/459] SRMI
[04:51:26] [78/459] SSIJ
[04:51:27] [79/459] KFMT
[04:51:27] [80/459] VBIT
[04:51:28] [81/459] JKCT
[04:51:29] [82/459] GCGP
[04:51:29] [83/459] GDCS
[04:51:30] [84/459] TRBA
[04:51:30] [85/459] QUST
[04:51:30] [86/459] VSHM
[04:51:31] [87/459] SDCP
[04:51:31] [88/459] SNVS
[04:51:32] [89/459] NYTO
[04:51:33] [90/459] URWC
[04:51:33] [91/459] GTWH
[04:51:34] [92/459] PFCM
[04:51:34] [93/459] KRTA
[04:51:35] [94/459] AXMC
[04:51:35] [95/459] EVMC
[04:51:36] [96/459] HGSM
[04:51:37] [97/459] ACVM
[04:51:37] [98/459] PSKL
[04:51:38] [99/459] RDMP
[04:51:38] [100/459] RHGH
[04:51:39] [101/459] OMCM
[04:51:39] [102/459] DCCP
[04:51:40] [103/459] MCPB
[04:51:41] [104/459] ALCI
[04:51:41] [105/459] BLMX
[04:51:42] [106/459] BTMV
[04:51:42] [107/459] FVPN
[04:51:43] [108/459] CMAR
[04:51:44] [109/459] CEIM
[04:51:44] [110/459] CMVA
[04:51:45] [111/459] CPIV
[04:51:46] [112/459] CNPE
[04:51:46] [113/459] COLV
[04:51:47] [114/459] DNNV
[04:51:47] [115/459] HCAD
[04:51:48] [116/459] TAKA
[04:51:48] [117/459] INVD
[04:51:49] [118/459] IRMM
[04:51:49] [119/459] INSE
[04:51:50] [120/459] MRSW
[04:51:50] [121/459] MCVD
[04:51:51] [122/459] MCSO
[04:51:51] [123/459] PEVM
[04:51:52] [124/459] PVNL
[04:51:52] [125/459] PTCV
[04:51:53] [126/459] PRTC
[04:51:54] [127/459] RCVA
[04:51:54] [128/459] MTBN
[04:51:55] [129/459] LUCP
[04:51:55] [130/459] FMPT
[04:51:56] [131/459] JLSL
[04:51:56] [132/459] SBHA
[04:51:57] [133/459] SHRC
[04:51:58] [134/459] AVPS
[04:51:58] [135/459] STPM
[04:51:59] [136/459] ATRD
[04:52:00] [137/459] VTED
[04:52:00] [138/459] ACAI
[04:52:01] [139/459] SMAE
[04:52:01] [140/459] VMAT
[04:52:02] [141/459] LKCT
[04:52:03] [142/459] JTVK
[04:52:03] [143/459] PRTY
[04:52:04] [144/459] GETT
[04:52:04] [145/459] ESAP
[04:52:05] [146/459] NCPM
[04:52:05] [147/459] PCPA
[04:52:06] [148/459] MMOM
[04:52:07] [149/459] PHUP
[04:52:07] [150/459] CCPI
[04:52:08] [151/459] CNTD
[04:52:08] [152/459] NLJR
[04:52:09] [153/459] SRNG
[04:52:09] [154/459] MHAL
[04:52:10] [155/459] PNSM
[04:52:10] [156/459] DRMY
[04:52:11] [157/459] CCMU
[04:52:12] [158/459] SCMY
[04:52:12] [159/459] PVSY
[04:52:13] [160/459] SDLM
[04:52:13] [161/459] ICCM
[04:52:14] [162/459] PYSU
[04:52:14] [163/459] GATM
[04:52:15] [164/459] WOTM
[04:52:15] [165/459] RKTS
[04:52:16] [166/459] PMTY
[04:52:16] [167/459] LYMS
[04:52:16] [168/459] TGCA
[04:52:17] [169/459] DSTA
[04:52:18] [170/459] CNGE
[04:52:18] [171/459] VSTG
[04:52:19] [172/459] GTCK
[04:52:19] [173/459] TGNT
[04:52:20] [174/459] ASLC
[04:52:21] [175/459] SSST
[04:52:21] [176/459] KBTT
[04:52:22] [177/459] HKCP
[04:52:22] [178/459] SWLC
[04:52:23] [179/459] RTND
[04:52:23] [180/459] PKKT
[04:52:24] [181/459] HSTK
[04:52:24] [182/459] SPTT
[04:52:25] [183/459] IMPM
[04:52:25] [184/459] SCMV
[04:52:26] [185/459] SPCT
[04:52:27] [186/459] JBCA
[04:52:27] [187/459] ATTR
[04:52:28] [188/459] SPMT
[04:52:28] [189/459] LCTM
[04:52:29] [190/459] SCVL
[04:52:29] [191/459] SCVT
[04:52:30] [192/459] KRIC
[04:52:30] [193/459] CTMG
[04:52:31] [194/459] ACNC
[04:52:32] [195/459] DMCK
[04:52:32] [196/459] KMTV
[04:52:33] [197/459] PFCJ
[04:52:34] [198/459] VNMD
[04:52:34] [199/459] VPCZ
[04:52:35] [200/459] SRYR
[04:52:35] [201/459] SYTR
[04:52:36] [202/459] GATR
[04:52:37] [203/459] URTR
[04:52:37] [204/459] MKSM
[04:52:38] [205/459] VSMH
[04:52:38] [206/459] SKRJ
[04:52:39] [207/459] SSJR
[04:52:39] [208/459] SVSM
[04:52:40] [209/459] RUCM
[04:52:40] [210/459] PRKN
[04:52:41] [211/459] RROH
[04:52:42] [212/459] SCTN
[04:52:42] [213/459] RTDM
[04:52:42] [214/459] ASRM
[04:52:43] [215/459] SKMD
[04:52:43] [216/459] SUTD
[04:52:44] [217/459] SADM
[04:52:44] [218/459] WCNR
[04:52:45] [219/459] CNED
[04:52:46] [220/459] MPDB
[04:52:46] [221/459] KTBH
[04:52:47] [222/459] IDRM
[04:52:47] [223/459] PJJT
[04:52:48] [224/459] PFCV
[04:52:49] [225/459] AACT
[04:52:49] [226/459] AAAD
[04:52:50] [227/459] ANES
[04:52:50] [228/459] MNCA
[04:52:51] [229/459] RMGU
[04:52:51] [230/459] DLCN
[04:52:52] [231/459] LJWT
[04:52:53] [232/459] MCBG
[04:52:53] [233/459] MYBG
[04:52:54] [234/459] GCCA
[04:52:54] [235/459] GCGA
[04:52:55] [236/459] ECGN
[04:52:55] [237/459] PRAB
[04:52:56] [238/459] PNMP
[04:52:56] [239/459] GCPT
[04:52:57] [240/459] ROYN
[04:52:57] [241/459] VATM
[04:52:58] [242/459] KSNT
[04:52:58] [243/459] ACTC
[04:52:59] [244/459] PLTD
[04:52:59] [245/459] SKMK
[04:53:00] [246/459] CMTT
[04:53:00] [247/459] SMXP
[04:53:01] [248/459] SCMX
[04:53:01] [249/459] ACXN
[04:53:02] [250/459] ASWT
[04:53:03] [251/459] VVVL
[04:53:03] [252/459] NAGO
[04:53:03] [253/459] SNCN
[04:53:04] [254/459] MCKP
[04:53:04] [255/459] SAMO
[04:53:05] [256/459] JBTV
[04:53:06] [257/459] DCVV
[04:53:06] [258/459] KMSV
[04:53:07] [259/459] KDCN
[04:53:07] [260/459] CNCP
[04:53:08] [261/459] HAMC
[04:53:09] [262/459] CCVZ
[04:53:09] [263/459] NCCK
[04:53:10] [264/459] MCHR
[04:53:10] [265/459] SCHT
[04:53:11] [266/459] ESSH
[04:53:12] [267/459] CUJC
[04:53:12] [268/459] PECP
[04:53:13] [269/459] PMMI
[04:53:14] [270/459] PCCH
[04:53:14] [271/459] PRPM
[04:53:15] [272/459] PVKL
[04:53:15] [273/459] CBSM
[04:53:16] [274/459] PVCZ
[04:53:16] [275/459] PCVV
[04:53:17] [276/459] CTMJ
[04:53:17] [277/459] RCPS
[04:53:18] [278/459] PCIT
[04:53:19] [279/459] FNCH
[04:53:19] [280/459] INZD
[04:53:20] [281/459] INPC
[04:53:20] [282/459] LCZP
[04:53:21] [283/459] SMCB
[04:53:22] [284/459] PTSB
[04:53:22] [285/459] TPSI
[04:53:23] [286/459] KHMJ
[04:53:23] [287/459] RCCJ
[04:53:24] [288/459] NCJA
[04:53:24] [289/459] NCJN
[04:53:25] [290/459] BTDP
[04:53:26] [291/459] PADY
[04:53:26] [292/459] NYBH
[04:53:27] [293/459] MTBR
[04:53:27] [294/459] KRBC
[04:53:28] [295/459] DKTI
[04:53:28] [296/459] ANAN
[04:53:29] [297/459] INBP
[04:53:29] [298/459] PATB
[04:53:30] [299/459] RGNT
[04:53:30] [300/459] CGPM
[04:53:31] [301/459] INTN
[04:53:32] [302/459] MCMP
[04:53:32] [303/459] ASRG
[04:53:33] [304/459] CXJD
[04:53:33] [305/459] SPCP
[04:53:34] [306/459] CSTP
[04:53:34] [307/459] PKVC
[04:53:35] [308/459] ESCP
[04:53:35] [309/459] CAEP
[04:53:36] [310/459] CCSP
[04:53:36] [311/459] KTPC
[04:53:37] [312/459] DACA
[04:53:37] [313/459] NVKY
[04:53:38] [314/459] PTIN
[04:53:38] [315/459] SCIN
[04:53:39] [316/459] MCTY
[04:53:39] [317/459] PCMX
[04:53:40] [318/459] INIC
[04:53:41] [319/459] MMZM
[04:53:41] [320/459] SSLP
[04:53:42] [321/459] DTDT
[04:53:42] [322/459] FFCX
[04:53:43] [323/459] RCMM
[04:53:44] [324/459] KYID
[04:53:44] [325/459] CSCI
[04:53:45] [326/459] FCMC
[04:53:45] [327/459] MMXI
[04:53:46] [328/459] ASTC
[04:53:46] [329/459] CMRA
[04:53:47] [330/459] DICI
[04:53:47] [331/459] KDIN
[04:53:48] [332/459] PRFI
[04:53:48] [333/459] SVFC
[04:53:49] [334/459] UCPL
[04:53:49] [335/459] COOC
[04:53:50] [336/459] SCAL
[04:53:51] [337/459] SVFF
[04:53:51] [338/459] VCMG
[04:53:52] [339/459] UUCT
[04:53:52] [340/459] GCSE
[04:53:53] [341/459] SUSC
[04:53:53] [342/459] MISC
[04:53:54] [343/459] RMBL
[04:53:54] [344/459] CMXN
[04:53:55] [345/459] PVBK
[04:53:55] [346/459] HHCG
[04:53:56] [347/459] SCAG
[04:53:57] [348/459] CNPR
[04:53:57] [349/459] CSER
[04:53:58] [350/459] HLWD
[04:53:59] [351/459] BOLY
[04:53:59] [352/459] SSPG
[04:54:00] [353/459] MUPX
[04:54:00] [354/459] HAMR
[04:54:01] [355/459] SDNC
[04:54:01] [356/459] RTEN
[04:54:02] [357/459] SDTD
[04:54:02] [358/459] KAWS
[04:54:03] [359/459] CMZX
[04:54:03] [360/459] DCDD
[04:54:04] [361/459] ALSN
[04:54:05] [362/459] IMXS
[04:54:05] [363/459] PVFF
[04:54:06] [364/459] PVOO
[04:54:06] [365/459] CFBS
[04:54:07] [366/459] PVER
[04:54:07] [367/459] PPNX
[04:54:08] [368/459] CNRM
[04:54:09] [369/459] PVWW
[04:54:09] [370/459] INMB
[04:54:10] [371/459] CPJR
[04:54:10] [372/459] INRZ
[04:54:11] [373/459] PMSR
[04:54:11] [374/459] GPGM
[04:54:12] [375/459] PGWB
[04:54:12] [376/459] PMBR
[04:54:13] [377/459] GPAM
[04:54:13] [378/459] INBC
[04:54:14] [379/459] PZVK
[04:54:14] [380/459] CPEB
[04:54:15] [381/459] FMLB
[04:54:15] [382/459] INBG
[04:54:16] [383/459] GPBR
[04:54:16] [384/459] PAAS
[04:54:17] [385/459] VTBR
[04:54:18] [386/459] GPMY
[04:54:18] [387/459] GYBU
[04:54:18] [388/459] INBJ
[04:54:19] [389/459] LKTH
[04:54:20] [390/459] NSBR
[04:54:20] [391/459] PDRD
[04:54:21] [392/459] VRBL
[04:54:22] [393/459] VTGB
[04:54:22] [394/459] VTSK
[04:54:23] [395/459] BKDV
[04:54:23] [396/459] SVTB
[04:54:24] [397/459] MLDT
[04:54:24] [398/459] NRBL
[04:54:25] [399/459] SLTR
[04:54:25] [400/459] VNKA
[04:54:26] [401/459] TDCA
[04:54:26] [402/459] INBM
[04:54:27] [403/459] SSNR
[04:54:28] [404/459] BHAC
[04:54:28] [405/459] SDSD
[04:54:29] [406/459] SAMP
[04:54:29] [407/459] RATK
[04:54:30] [408/459] KCBI
[04:54:30] [409/459] URBL
[04:54:31] [410/459] MKBG
[04:54:31] [411/459] ASTB
[04:54:32] [412/459] VBWT
[04:54:32] [413/459] GPSM
[04:54:33] [414/459] ROON
[04:54:34] [415/459] CHTH
[04:54:34] [416/459] SSPA
[04:54:35] [417/459] ANBL
[04:54:35] [418/459] VTBE
[04:54:36] [419/459] SVKT
[04:54:37] [420/459] SVYK
[04:54:38] [421/459] PTBK
[04:54:38] [422/459] RKTB
[04:54:39] [423/459] BALT
[04:54:39] [424/459] STSV
[04:54:40] [425/459] VCCB
[04:54:40] [426/459] SLTB
[04:54:41] [427/459] SBCR
[04:54:42] [428/459] VDCS
[04:54:42] [429/459] MDKI
[04:54:43] [430/459] SMRN
[04:54:43] [431/459] PTBC
[04:54:44] [432/459] RADI
[04:54:44] [433/459] ADCR
[04:54:45] [434/459] SDCS
[04:54:45] [435/459] SRPJ
[04:54:46] [436/459] ARTS
[04:54:46] [437/459] SRHK
[04:54:47] [438/459] SPAY
[04:54:47] [439/459] GPTB
[04:54:48] [440/459] SNNN
[04:54:48] [441/459] BALJ
[04:54:49] [442/459] TRIG
[04:54:49] [443/459] GTYT
[04:54:50] [444/459] ATGN
[04:54:51] [445/459] ANTE
[04:54:51] [446/459] BDCG
[04:54:52] [447/459] VECI
[04:54:52] [448/459] SCPR
[04:54:53] [449/459] RTEA
[04:54:54] [450/459] JSAI
[04:54:54] [451/459] VJTP
[04:54:55] [452/459] GNDS
[04:54:55] [453/459] PAXA
[04:54:56] [454/459] CGGM
[04:54:56] [455/459] ACKZ
[04:54:57] [456/459] EMCC
[04:54:57] [457/459] KLSK
[04:54:58] [458/459] AVCK
[04:54:58] [459/459] JTCK
[04:54:59] 🧹 Deduping shows
[04:54:59] ✅ DONE | Shows=1345 | Movies=66
[12:01:42] 🚀 SCRIPT STARTED
[12:01:42] [1/459] NECA
[12:01:42] 🧠 New identity created
[12:01:43] [2/459] BJLC
[12:01:44] [3/459] BASU
[12:01:45] [4/459] RUPI
[12:01:46] [5/459] LCBK
[12:01:47] [6/459] PMAC
[12:01:48] [7/459] AMLC
[12:01:49] [8/459] LICL
[12:01:49] [9/459] UDMM
[12:01:51] [10/459] STBZ
[12:01:52] [11/459] UUBT
[12:01:53] [12/459] SJKC
[12:01:54] [13/459] TUAL
[12:01:55] [14/459] MRSE
[12:01:56] [15/459] RMRK
[12:01:57] [16/459] TTKP
[12:01:58] [17/459] KTKO
[12:01:59] [18/459] SDBK
[12:02:00] [19/459] MCPR
[12:02:00] [20/459] CHTI
[12:02:02] [21/459] GCCP
[12:02:03] [22/459] SRMY
[12:02:05] [23/459] NYST
[12:02:06] [24/459] NYAG
[12:02:06] [25/459] SBMT
[12:02:07] [26/459] INGA
[12:02:08] [27/459] WSIC
[12:02:09] [28/459] SCSS
[12:02:10] [29/459] COPG
[12:02:11] [30/459] RCGR
[12:02:12] [31/459] TCZA
[12:02:13] [32/459] CNLP
[12:02:14] [33/459] CLKN
[12:02:15] [34/459] LHDF
[12:02:16] [35/459] ELKC
[12:02:17] [36/459] VCEM
[12:02:18] [37/459] SSZA
[12:02:18] [38/459] KRMT
[12:02:19] [39/459] LCMV
[12:02:20] [40/459] AYCZ
[12:02:21] [41/459] CUMS
[12:02:22] [42/459] BOCK
[12:02:23] [43/459] PNMR
[12:02:24] [44/459] PJCP
[12:02:25] [45/459] JDDD
[12:02:26] [46/459] STMS
[12:02:27] [47/459] FLMB
[12:02:27] [48/459] PKCM
[12:02:28] [49/459] SPPR
[12:02:29] [50/459] EYLH
[12:02:30] [51/459] RJCC
[12:02:31] [52/459] MMPS
[12:02:32] [53/459] SHMX
[12:02:33] [54/459] CCNL
[12:02:33] [55/459] RCNV
[12:02:34] [56/459] MAAG
[12:02:35] [57/459] LXCM
[12:02:37] [58/459] RCNI
[12:02:38] [59/459] SNNI
[12:02:39] [60/459] LALC
[12:02:40] [61/459] SOCN
[12:02:41] [62/459] JHTP
[12:02:42] [63/459] PITP
[12:02:43] [64/459] CCKW
[12:02:44] [65/459] MCMC
[12:02:44] [66/459] DEES
[12:02:46] [67/459] SABT
[12:02:47] [68/459] VSPP
[12:02:47] [69/459] ABCT
[12:02:48] [70/459] JVTB
[12:02:49] [71/459] VCBD
[12:02:50] [72/459] RMGG
[12:02:51] [73/459] RNMH
[12:02:51] [74/459] SPGL
[12:02:52] [75/459] JTTR
[12:02:53] [76/459] SICS
[12:02:54] [77/459] SRMI
[12:02:54] [78/459] SSIJ
[12:02:56] [79/459] KFMT
[12:02:57] [80/459] VBIT
[12:02:58] [81/459] JKCT
[12:02:58] [82/459] GCGP
[12:02:59] [83/459] GDCS
[12:03:00] [84/459] TRBA
[12:03:01] [85/459] QUST
[12:03:02] [86/459] VSHM
[12:03:03] [87/459] SDCP
[12:03:04] [88/459] SNVS
[12:03:05] [89/459] NYTO
[12:03:05] [90/459] URWC
[12:03:06] [91/459] GTWH
[12:03:07] [92/459] PFCM
[12:03:08] [93/459] KRTA
[12:03:09] [94/459] AXMC
[12:03:10] [95/459] EVMC
[12:03:11] [96/459] HGSM
[12:03:12] [97/459] ACVM
[12:03:13] [98/459] PSKL
[12:03:14] [99/459] RDMP
[12:03:15] [100/459] RHGH
[12:03:16] [101/459] OMCM
[12:03:17] [102/459] DCCP
[12:03:18] [103/459] MCPB
[12:03:19] [104/459] ALCI
[12:03:20] [105/459] BLMX
[12:03:20] [106/459] BTMV
[12:03:22] [107/459] FVPN
[12:03:23] [108/459] CMAR
[12:03:23] [109/459] CEIM
[12:03:24] [110/459] CMVA
[12:03:25] [111/459] CPIV
[12:03:26] [112/459] CNPE
[12:03:27] [113/459] COLV
[12:03:28] [114/459] DNNV
[12:03:29] [115/459] HCAD
[12:03:30] [116/459] TAKA
[12:03:31] [117/459] INVD
[12:03:32] [118/459] IRMM
[12:03:33] [119/459] INSE
[12:03:34] [120/459] MRSW
[12:03:35] [121/459] MCVD
[12:03:36] [122/459] MCSO
[12:03:37] [123/459] PEVM
[12:03:38] [124/459] PVNL
[12:03:40] [125/459] PTCV
[12:03:40] [126/459] PRTC
[12:03:41] [127/459] RCVA
[12:03:42] [128/459] MTBN
[12:03:43] [129/459] LUCP
[12:03:44] [130/459] FMPT
[12:03:44] [131/459] JLSL
[12:03:45] [132/459] SBHA
[12:03:46] [133/459] SHRC
[12:03:47] [134/459] AVPS
[12:03:47] [135/459] STPM
[12:03:48] [136/459] ATRD
[12:03:49] [137/459] VTED
[12:03:50] [138/459] ACAI
[12:03:51] [139/459] SMAE
[12:03:52] [140/459] VMAT
[12:03:53] [141/459] LKCT
[12:03:54] [142/459] JTVK
[12:03:54] [143/459] PRTY
[12:03:55] [144/459] GETT
[12:03:56] [145/459] ESAP
[12:03:57] [146/459] NCPM
[12:03:58] [147/459] PCPA
[12:03:58] [148/459] MMOM
[12:03:59] [149/459] PHUP
[12:04:00] [150/459] CCPI
[12:04:01] [151/459] CNTD
[12:04:03] [152/459] NLJR
[12:04:04] [153/459] SRNG
[12:04:05] [154/459] MHAL
[12:04:06] [155/459] PNSM
[12:04:07] [156/459] DRMY
[12:04:07] [157/459] CCMU
[12:04:08] [158/459] SCMY
[12:04:09] [159/459] PVSY
[12:04:11] [160/459] SDLM
[12:04:12] [161/459] ICCM
[12:04:13] [162/459] PYSU
[12:04:13] [163/459] GATM
[12:04:14] [164/459] WOTM
[12:04:16] [165/459] RKTS
[12:04:16] [166/459] PMTY
[12:04:17] [167/459] LYMS
[12:04:18] [168/459] TGCA
[12:04:19] [169/459] DSTA
[12:04:19] [170/459] CNGE
[12:04:20] [171/459] VSTG
[12:04:21] [172/459] GTCK
[12:04:22] [173/459] TGNT
[12:04:23] [174/459] ASLC
[12:04:23] [175/459] SSST
[12:04:24] [176/459] KBTT
[12:04:25] [177/459] HKCP
[12:04:26] [178/459] SWLC
[12:04:27] [179/459] RTND
[12:04:28] [180/459] PKKT
[12:04:29] [181/459] HSTK
[12:04:29] [182/459] SPTT
[12:04:31] [183/459] IMPM
[12:04:32] [184/459] SCMV
[12:04:32] [185/459] SPCT
[12:04:33] [186/459] JBCA
[12:04:34] [187/459] ATTR
[12:04:35] [188/459] SPMT
[12:04:37] [189/459] LCTM
[12:04:37] [190/459] SCVL
[12:04:38] [191/459] SCVT
[12:04:39] [192/459] KRIC
[12:04:39] [193/459] CTMG
[12:04:40] [194/459] ACNC
[12:04:41] [195/459] DMCK
[12:04:42] [196/459] KMTV
[12:04:42] [197/459] PFCJ
[12:04:43] [198/459] VNMD
[12:04:44] [199/459] VPCZ
[12:04:45] [200/459] SRYR
[12:04:46] [201/459] SYTR
[12:04:47] [202/459] GATR
[12:04:48] [203/459] URTR
[12:04:49] [204/459] MKSM
[12:04:49] [205/459] VSMH
[12:04:50] [206/459] SKRJ
[12:04:51] [207/459] SSJR
[12:04:52] [208/459] SVSM
[12:04:53] [209/459] RUCM
[12:04:54] [210/459] PRKN
[12:04:54] [211/459] RROH
[12:04:55] [212/459] SCTN
[12:04:56] [213/459] RTDM
[12:04:57] [214/459] ASRM
[12:04:59] [215/459] SKMD
[12:04:59] [216/459] SUTD
[12:05:00] [217/459] SADM
[12:05:01] [218/459] WCNR
[12:05:02] [219/459] CNED
[12:05:03] [220/459] MPDB
[12:05:04] [221/459] KTBH
[12:05:05] [222/459] IDRM
[12:05:05] [223/459] PJJT
[12:05:07] [224/459] PFCV
[12:05:08] [225/459] AACT
[12:05:09] [226/459] AAAD
[12:05:10] [227/459] ANES
[12:05:11] [228/459] MNCA
[12:05:12] [229/459] RMGU
[12:05:13] [230/459] DLCN
[12:05:14] [231/459] LJWT
[12:05:15] [232/459] MCBG
[12:05:16] [233/459] MYBG
[12:05:17] [234/459] GCCA
[12:05:17] [235/459] GCGA
[12:05:18] [236/459] ECGN
[12:05:19] [237/459] PRAB
[12:05:20] [238/459] PNMP
[12:05:21] [239/459] GCPT
[12:05:22] [240/459] ROYN
[12:05:24] [241/459] VATM
[12:05:24] [242/459] KSNT
[12:05:25] [243/459] ACTC
[12:05:26] [244/459] PLTD
[12:05:28] [245/459] SKMK
[12:05:29] [246/459] CMTT
[12:05:29] [247/459] SMXP
[12:05:30] [248/459] SCMX
[12:05:31] [249/459] ACXN
[12:05:32] [250/459] ASWT
[12:05:33] [251/459] VVVL
[12:05:34] [252/459] NAGO
[12:05:35] [253/459] SNCN
[12:05:36] [254/459] MCKP
[12:05:37] [255/459] SAMO
[12:05:38] [256/459] JBTV
[12:05:39] [257/459] DCVV
[12:05:40] [258/459] KMSV
[12:05:41] [259/459] KDCN
[12:05:42] [260/459] CNCP
[12:05:43] [261/459] HAMC
[12:05:44] [262/459] CCVZ
[12:05:45] [263/459] NCCK
[12:05:46] [264/459] MCHR
[12:05:48] [265/459] SCHT
[12:05:49] [266/459] ESSH
[12:05:49] [267/459] CUJC
[12:05:50] [268/459] PECP
[12:05:51] [269/459] PMMI
[12:05:52] [270/459] PCCH
[12:05:52] [271/459] PRPM
[12:05:53] [272/459] PVKL
[12:05:54] [273/459] CBSM
[12:05:55] [274/459] PVCZ
[12:05:55] [275/459] PCVV
[12:05:56] [276/459] CTMJ
[12:05:57] [277/459] RCPS
[12:05:58] [278/459] PCIT
[12:06:00] [279/459] FNCH
[12:06:00] [280/459] INZD
[12:06:01] [281/459] INPC
[12:06:01] [282/459] LCZP
[12:06:02] [283/459] SMCB
[12:06:03] [284/459] PTSB
[12:06:04] [285/459] TPSI
[12:06:04] [286/459] KHMJ
[12:06:05] [287/459] RCCJ
[12:06:06] [288/459] NCJA
[12:06:07] [289/459] NCJN
[12:06:09] [290/459] BTDP
[12:06:09] [291/459] PADY
[12:06:10] [292/459] NYBH
[12:06:11] [293/459] MTBR
[12:06:12] [294/459] KRBC
[12:06:13] [295/459] DKTI
[12:06:14] [296/459] ANAN
[12:06:15] [297/459] INBP
[12:06:15] [298/459] PATB
[12:06:17] [299/459] RGNT
[12:06:18] [300/459] CGPM
[12:06:18] [301/459] INTN
[12:06:19] [302/459] MCMP
[12:06:20] [303/459] ASRG
[12:06:21] [304/459] CXJD
[12:06:22] [305/459] SPCP
[12:06:23] [306/459] CSTP
[12:06:23] [307/459] PKVC
[12:06:24] [308/459] ESCP
[12:06:26] [309/459] CAEP
[12:06:26] [310/459] CCSP
[12:06:27] [311/459] KTPC
[12:06:28] [312/459] DACA
[12:06:29] [313/459] NVKY
[12:06:29] [314/459] PTIN
[12:06:30] [315/459] SCIN
[12:06:31] [316/459] MCTY
[12:06:31] [317/459] PCMX
[12:06:32] [318/459] INIC
[12:06:33] [319/459] MMZM
[12:06:33] [320/459] SSLP
[12:06:35] [321/459] DTDT
[12:06:36] [322/459] FFCX
[12:06:37] [323/459] RCMM
[12:06:37] [324/459] KYID
[12:06:38] [325/459] CSCI
[12:06:39] [326/459] FCMC
[12:06:40] [327/459] MMXI
[12:06:41] [328/459] ASTC
[12:06:41] [329/459] CMRA
[12:06:42] [330/459] DICI
[12:06:43] [331/459] KDIN
[12:06:45] [332/459] PRFI
[12:06:45] [333/459] SVFC
[12:06:46] [334/459] UCPL
[12:06:46] [335/459] COOC
[12:06:48] [336/459] SCAL
[12:06:49] [337/459] SVFF
[12:06:49] [338/459] VCMG
[12:06:50] [339/459] UUCT
[12:06:51] [340/459] GCSE
[12:06:51] [341/459] SUSC
[12:06:52] [342/459] MISC
[12:06:53] [343/459] RMBL
[12:06:54] [344/459] CMXN
[12:06:55] [345/459] PVBK
[12:06:56] [346/459] HHCG
[12:06:57] [347/459] SCAG
[12:06:57] [348/459] CNPR
[12:06:58] [349/459] CSER
[12:06:59] [350/459] HLWD
[12:06:59] [351/459] BOLY
[12:07:00] [352/459] SSPG
[12:07:02] [353/459] MUPX
[12:07:03] [354/459] HAMR
[12:07:03] [355/459] SDNC
[12:07:04] [356/459] RTEN
[12:07:05] [357/459] SDTD
[12:07:06] [358/459] KAWS
[12:07:06] [359/459] CMZX
[12:07:07] [360/459] DCDD
[12:07:08] [361/459] ALSN
[12:07:09] [362/459] IMXS
[12:07:09] [363/459] PVFF
[12:07:10] [364/459] PVOO
[12:07:11] [365/459] CFBS
[12:07:12] [366/459] PVER
[12:07:12] [367/459] PPNX
[12:07:13] [368/459] CNRM
[12:07:14] [369/459] PVWW
[12:07:15] [370/459] INMB
[12:07:16] [371/459] CPJR
[12:07:17] [372/459] INRZ
[12:07:18] [373/459] PMSR
[12:07:18] [374/459] GPGM
[12:07:19] [375/459] PGWB
[12:07:20] [376/459] PMBR
[12:07:21] [377/459] GPAM
[12:07:21] [378/459] INBC
[12:07:22] [379/459] PZVK
[12:07:24] [380/459] CPEB
[12:07:25] [381/459] FMLB
[12:07:26] [382/459] INBG
[12:07:27] [383/459] GPBR
[12:07:28] [384/459] PAAS
[12:07:28] [385/459] VTBR
[12:07:29] [386/459] GPMY
[12:07:29] [387/459] GYBU
[12:07:30] [388/459] INBJ
[12:07:31] [389/459] LKTH
[12:07:32] [390/459] NSBR
[12:07:33] [391/459] PDRD
[12:07:34] [392/459] VRBL
[12:07:34] [393/459] VTGB
[12:07:35] [394/459] VTSK
[12:07:36] [395/459] BKDV
[12:07:37] [396/459] SVTB
[12:07:38] [397/459] MLDT
[12:07:39] [398/459] NRBL
[12:07:39] [399/459] SLTR
[12:07:40] [400/459] VNKA
[12:07:41] [401/459] TDCA
[12:07:42] [402/459] INBM
[12:07:43] [403/459] SSNR
[12:07:44] [404/459] BHAC
[12:07:44] [405/459] SDSD
[12:07:46] [406/459] SAMP
[12:07:47] [407/459] RATK
[12:07:47] [408/459] KCBI
[12:07:48] [409/459] URBL
[12:07:49] [410/459] MKBG
[12:07:50] [411/459] ASTB
[12:07:50] [412/459] VBWT
[12:07:51] [413/459] GPSM
[12:07:52] [414/459] ROON
[12:07:53] [415/459] CHTH
[12:07:54] [416/459] SSPA
[12:07:54] [417/459] ANBL
[12:07:55] [418/459] VTBE
[12:07:56] [419/459] SVKT
[12:07:57] [420/459] SVYK
[12:07:58] [421/459] PTBK
[12:07:59] [422/459] RKTB
[12:08:00] [423/459] BALT
[12:08:00] [424/459] STSV
[12:08:01] [425/459] VCCB
[12:08:02] [426/459] SLTB
[12:08:02] [427/459] SBCR
[12:08:03] [428/459] VDCS
[12:08:04] [429/459] MDKI
[12:08:05] [430/459] SMRN
[12:08:05] [431/459] PTBC
[12:08:06] [432/459] RADI
[12:08:07] [433/459] ADCR
[12:08:08] [434/459] SDCS
[12:08:09] [435/459] SRPJ
[12:08:10] [436/459] ARTS
[12:08:11] [437/459] SRHK
[12:08:11] [438/459] SPAY
[12:08:12] [439/459] GPTB
[12:08:13] [440/459] SNNN
[12:08:14] [441/459] BALJ
[12:08:14] [442/459] TRIG
[12:08:16] [443/459] GTYT
[12:08:17] [444/459] ATGN
[12:08:18] [445/459] ANTE
[12:08:18] [446/459] BDCG
[12:08:19] [447/459] VECI
[12:08:20] [448/459] SCPR
[12:08:21] [449/459] RTEA
[12:08:22] [450/459] JSAI
[12:08:22] [451/459] VJTP
[12:08:23] [452/459] GNDS
[12:08:24] [453/459] PAXA
[12:08:25] [454/459] CGGM
[12:08:25] [455/459] ACKZ
[12:08:26] [456/459] EMCC
[12:08:27] [457/459] KLSK
[12:08:28] [458/459] AVCK
[12:08:29] [459/459] JTCK
[12:08:30] 🧹 Deduping shows
[12:08:30] ✅ DONE | Shows=1492 | Movies=74
[19:06:22] 🚀 SCRIPT STARTED
[19:06:22] [1/459] NECA
[19:06:22] 🧠 New identity created
[19:06:23] [2/459] BJLC
[19:06:24] [3/459] BASU
[19:06:24] [4/459] RUPI
[19:06:25] [5/459] LCBK
[19:06:27] [6/459] PMAC
[19:06:28] [7/459] AMLC
[19:06:29] [8/459] LICL
[19:06:30] [9/459] UDMM
[19:06:31] [10/459] STBZ
[19:06:32] [11/459] UUBT
[19:06:32] [12/459] SJKC
[19:06:33] [13/459] TUAL
[19:06:34] [14/459] MRSE
[19:06:35] [15/459] RMRK
[19:06:36] [16/459] TTKP
[19:06:37] [17/459] KTKO
[19:06:37] [18/459] SDBK
[19:06:38] [19/459] MCPR
[19:06:39] [20/459] CHTI
[19:06:40] [21/459] GCCP
[19:06:41] [22/459] SRMY
[19:06:42] [23/459] NYST
[19:06:43] [24/459] NYAG
[19:06:44] [25/459] SBMT
[19:06:45] [26/459] INGA
[19:06:46] [27/459] WSIC
[19:06:47] [28/459] SCSS
[19:06:48] [29/459] COPG
[19:06:49] [30/459] RCGR
[19:06:49] [31/459] TCZA
[19:06:50] [32/459] CNLP
[19:06:51] [33/459] CLKN
[19:06:52] [34/459] LHDF
[19:06:53] [35/459] ELKC
[19:06:54] [36/459] VCEM
[19:06:55] [37/459] SSZA
[19:06:57] [38/459] KRMT
[19:06:57] [39/459] LCMV
[19:06:58] [40/459] AYCZ
[19:06:59] [41/459] CUMS
[19:07:00] [42/459] BOCK
[19:07:01] [43/459] PNMR
[19:07:02] [44/459] PJCP
[19:07:03] [45/459] JDDD
[19:07:04] [46/459] STMS
[19:07:05] [47/459] FLMB
[19:07:05] [48/459] PKCM
[19:07:06] [49/459] SPPR
[19:07:07] [50/459] EYLH
[19:07:08] [51/459] RJCC
[19:07:09] [52/459] MMPS
[19:07:09] [53/459] SHMX
[19:07:10] [54/459] CCNL
[19:07:11] [55/459] RCNV
[19:07:12] [56/459] MAAG
[19:07:12] [57/459] LXCM
[19:07:13] [58/459] RCNI
[19:07:14] [59/459] SNNI
[19:07:15] [60/459] LALC
[19:07:16] [61/459] SOCN
[19:07:16] [62/459] JHTP
[19:07:17] [63/459] PITP
[19:07:18] [64/459] CCKW
[19:07:20] [65/459] MCMC
[19:07:20] [66/459] DEES
[19:07:21] [67/459] SABT
[19:07:23] [68/459] VSPP
[19:07:24] [69/459] ABCT
[19:07:25] [70/459] JVTB
[19:07:25] [71/459] VCBD
[19:07:26] [72/459] RMGG
[19:07:27] [73/459] RNMH
[19:07:28] [74/459] SPGL
[19:07:29] [75/459] JTTR
[19:07:29] [76/459] SICS
[19:07:30] [77/459] SRMI
[19:07:32] [78/459] SSIJ
[19:07:33] [79/459] KFMT
[19:07:34] [80/459] VBIT
[19:07:34] [81/459] JKCT
[19:07:35] [82/459] GCGP
[19:07:36] [83/459] GDCS
[19:07:37] [84/459] TRBA
[19:07:38] [85/459] QUST
[19:07:38] [86/459] VSHM
[19:07:39] [87/459] SDCP
[19:07:40] [88/459] SNVS
[19:07:41] [89/459] NYTO
[19:07:42] [90/459] URWC
[19:07:43] [91/459] GTWH
[19:07:44] [92/459] PFCM
[19:07:44] [93/459] KRTA
[19:07:46] [94/459] AXMC
[19:07:46] [95/459] EVMC
[19:07:47] [96/459] HGSM
[19:07:48] [97/459] ACVM
[19:07:49] [98/459] PSKL
[19:07:50] [99/459] RDMP
[19:07:50] [100/459] RHGH
[19:07:51] [101/459] OMCM
[19:07:52] [102/459] DCCP
[19:07:53] [103/459] MCPB
[19:07:54] [104/459] ALCI
[19:07:54] [105/459] BLMX
[19:07:55] [106/459] BTMV
[19:07:56] [107/459] FVPN
[19:07:57] [108/459] CMAR
[19:07:58] [109/459] CEIM
[19:07:59] [110/459] CMVA
[19:08:00] [111/459] CPIV
[19:08:01] [112/459] CNPE
[19:08:01] [113/459] COLV
[19:08:02] [114/459] DNNV
[19:08:03] [115/459] HCAD
[19:08:04] [116/459] TAKA
[19:08:04] [117/459] INVD
[19:08:05] [118/459] IRMM
[19:08:06] [119/459] INSE
[19:08:07] [120/459] MRSW
[19:08:08] [121/459] MCVD
[19:08:09] [122/459] MCSO
[19:08:10] [123/459] PEVM
[19:08:12] [124/459] PVNL
[19:08:13] [125/459] PTCV
[19:08:14] [126/459] PRTC
[19:08:15] [127/459] RCVA
[19:08:15] [128/459] MTBN
[19:08:16] [129/459] LUCP
[19:08:17] [130/459] FMPT
[19:08:18] [131/459] JLSL
[19:08:19] [132/459] SBHA
[19:08:20] [133/459] SHRC
[19:08:20] [134/459] AVPS
[19:08:21] [135/459] STPM
[19:08:22] [136/459] ATRD
[19:08:23] [137/459] VTED
[19:08:24] [138/459] ACAI
[19:08:25] [139/459] SMAE
[19:08:26] [140/459] VMAT
[19:08:27] [141/459] LKCT
[19:08:28] [142/459] JTVK
[19:08:28] [143/459] PRTY
[19:08:29] [144/459] GETT
[19:08:30] [145/459] ESAP
[19:08:31] [146/459] NCPM
[19:08:32] [147/459] PCPA
[19:08:33] [148/459] MMOM
[19:08:33] [149/459] PHUP
[19:08:34] [150/459] CCPI
[19:08:35] [151/459] CNTD
[19:08:36] [152/459] NLJR
[19:08:37] [153/459] SRNG
[19:08:38] [154/459] MHAL
[19:08:39] [155/459] PNSM
[19:08:40] [156/459] DRMY
[19:08:41] [157/459] CCMU
[19:08:42] [158/459] SCMY
[19:08:43] [159/459] PVSY
[19:08:43] [160/459] SDLM
[19:08:44] [161/459] ICCM
[19:08:45] [162/459] PYSU
[19:08:46] [163/459] GATM
[19:08:47] [164/459] WOTM
[19:08:48] [165/459] RKTS
[19:08:49] [166/459] PMTY
[19:08:50] [167/459] LYMS
[19:08:50] [168/459] TGCA
[19:08:52] [169/459] DSTA
[19:08:52] [170/459] CNGE
[19:08:53] [171/459] VSTG
[19:08:54] [172/459] GTCK
[19:08:55] [173/459] TGNT
[19:08:56] [174/459] ASLC
[19:08:58] [175/459] SSST
[19:08:59] [176/459] KBTT
[19:08:59] [177/459] HKCP
[19:09:00] [178/459] SWLC
[19:09:01] [179/459] RTND
[19:09:02] [180/459] PKKT
[19:09:03] [181/459] HSTK
[19:09:04] [182/459] SPTT
[19:09:05] [183/459] IMPM
[19:09:06] [184/459] SCMV
[19:09:06] [185/459] SPCT
[19:09:07] [186/459] JBCA
[19:09:08] [187/459] ATTR
[19:09:09] [188/459] SPMT
[19:09:09] [189/459] LCTM
[19:09:10] [190/459] SCVL
[19:09:11] [191/459] SCVT
[19:09:12] [192/459] KRIC
[19:09:13] [193/459] CTMG
[19:09:14] [194/459] ACNC
[19:09:14] [195/459] DMCK
[19:09:15] [196/459] KMTV
[19:09:16] [197/459] PFCJ
[19:09:17] [198/459] VNMD
[19:09:18] [199/459] VPCZ
[19:09:19] [200/459] SRYR
[19:09:21] [201/459] SYTR
[19:09:22] [202/459] GATR
[19:09:22] [203/459] URTR
[19:09:23] [204/459] MKSM
[19:09:24] [205/459] VSMH
[19:09:25] [206/459] SKRJ
[19:09:26] [207/459] SSJR
[19:09:27] [208/459] SVSM
[19:09:27] [209/459] RUCM
[19:09:28] [210/459] PRKN
[19:09:29] [211/459] RROH
[19:09:30] [212/459] SCTN
[19:09:31] [213/459] RTDM
[19:09:31] [214/459] ASRM
[19:09:32] [215/459] SKMD
[19:09:33] [216/459] SUTD
[19:09:34] [217/459] SADM
[19:09:35] [218/459] WCNR
[19:09:36] [219/459] CNED
[19:09:37] [220/459] MPDB
[19:09:37] [221/459] KTBH
[19:09:38] [222/459] IDRM
[19:09:39] [223/459] PJJT
[19:09:40] [224/459] PFCV
[19:09:40] [225/459] AACT
[19:09:41] [226/459] AAAD
[19:09:42] [227/459] ANES
[19:09:43] [228/459] MNCA
[19:09:44] [229/459] RMGU
[19:09:45] [230/459] DLCN
[19:09:45] [231/459] LJWT
[19:09:46] [232/459] MCBG
[19:09:47] [233/459] MYBG
[19:09:49] [234/459] GCCA
[19:09:49] [235/459] GCGA
[19:09:50] [236/459] ECGN
[19:09:51] [237/459] PRAB
[19:09:52] [238/459] PNMP
[19:09:52] [239/459] GCPT
[19:09:53] [240/459] ROYN
[19:09:54] [241/459] VATM
[19:09:56] [242/459] KSNT
[19:09:56] [243/459] ACTC
[19:09:57] [244/459] PLTD
[19:09:58] [245/459] SKMK
[19:09:59] [246/459] CMTT
[19:09:59] [247/459] SMXP
[19:10:00] [248/459] SCMX
[19:10:01] [249/459] ACXN
[19:10:02] [250/459] ASWT
[19:10:02] [251/459] VVVL
[19:10:03] [252/459] NAGO
[19:10:04] [253/459] SNCN
[19:10:05] [254/459] MCKP
[19:10:05] [255/459] SAMO
[19:10:06] [256/459] JBTV
[19:10:07] [257/459] DCVV
[19:10:08] [258/459] KMSV
[19:10:09] [259/459] KDCN
[19:10:09] [260/459] CNCP
[19:10:10] [261/459] HAMC
[19:10:11] [262/459] CCVZ
[19:10:12] [263/459] NCCK
[19:10:13] [264/459] MCHR
[19:10:13] [265/459] SCHT
[19:10:15] [266/459] ESSH
[19:10:15] [267/459] CUJC
[19:10:16] [268/459] PECP
[19:10:17] [269/459] PMMI
[19:10:18] [270/459] PCCH
[19:10:19] [271/459] PRPM
[19:10:19] [272/459] PVKL
[19:10:20] [273/459] CBSM
[19:10:21] [274/459] PVCZ
[19:10:22] [275/459] PCVV
[19:10:23] [276/459] CTMJ
[19:10:24] [277/459] RCPS
[19:10:24] [278/459] PCIT
[19:10:25] [279/459] FNCH
[19:10:26] [280/459] INZD
[19:10:27] [281/459] INPC
[19:10:27] [282/459] LCZP
[19:10:28] [283/459] SMCB
[19:10:29] [284/459] PTSB
[19:10:30] [285/459] TPSI
[19:10:31] [286/459] KHMJ
[19:10:31] [287/459] RCCJ
[19:10:32] [288/459] NCJA
[19:10:33] [289/459] NCJN
[19:10:34] [290/459] BTDP
[19:10:34] [291/459] PADY
[19:10:35] [292/459] NYBH
[19:10:37] [293/459] MTBR
[19:10:37] [294/459] KRBC
[19:10:38] [295/459] DKTI
[19:10:39] [296/459] ANAN
[19:10:40] [297/459] INBP
[19:10:41] [298/459] PATB
[19:10:42] [299/459] RGNT
[19:10:42] [300/459] CGPM
[19:10:43] [301/459] INTN
[19:10:44] [302/459] MCMP
[19:10:45] [303/459] ASRG
[19:10:45] [304/459] CXJD
[19:10:46] [305/459] SPCP
[19:10:47] [306/459] CSTP
[19:10:48] [307/459] PKVC
[19:10:49] [308/459] ESCP
[19:10:50] [309/459] CAEP
[19:10:51] [310/459] CCSP
[19:10:51] [311/459] KTPC
[19:10:52] [312/459] DACA
[19:10:53] [313/459] NVKY
[19:10:54] [314/459] PTIN
[19:10:55] [315/459] SCIN
[19:10:55] [316/459] MCTY
[19:10:56] [317/459] PCMX
[19:10:57] [318/459] INIC
[19:10:58] [319/459] MMZM
[19:10:59] [320/459] SSLP
[19:11:00] [321/459] DTDT
[19:11:00] [322/459] FFCX
[19:11:01] [323/459] RCMM
[19:11:03] [324/459] KYID
[19:11:03] [325/459] CSCI
[19:11:04] [326/459] FCMC
[19:11:05] [327/459] MMXI
[19:11:06] [328/459] ASTC
[19:11:07] [329/459] CMRA
[19:11:08] [330/459] DICI
[19:11:08] [331/459] KDIN
[19:11:09] [332/459] PRFI
[19:11:10] [333/459] SVFC
[19:11:11] [334/459] UCPL
[19:11:12] [335/459] COOC
[19:11:13] [336/459] SCAL
[19:11:14] [337/459] SVFF
[19:11:15] [338/459] VCMG
[19:11:15] [339/459] UUCT
[19:11:16] [340/459] GCSE
[19:11:17] [341/459] SUSC
[19:11:17] [342/459] MISC
[19:11:18] [343/459] RMBL
[19:11:19] [344/459] CMXN
[19:11:20] [345/459] PVBK
[19:11:20] [346/459] HHCG
[19:11:21] [347/459] SCAG
[19:11:22] [348/459] CNPR
[19:11:23] [349/459] CSER
[19:11:24] [350/459] HLWD
[19:11:25] [351/459] BOLY
[19:11:25] [352/459] SSPG
[19:11:26] [353/459] MUPX
[19:11:27] [354/459] HAMR
[19:11:28] [355/459] SDNC
[19:11:29] [356/459] RTEN
[19:11:30] [357/459] SDTD
[19:11:31] [358/459] KAWS
[19:11:31] [359/459] CMZX
[19:11:32] [360/459] DCDD
[19:11:33] [361/459] ALSN
[19:11:34] [362/459] IMXS
[19:11:35] [363/459] PVFF
[19:11:35] [364/459] PVOO
[19:11:37] [365/459] CFBS
[19:11:38] [366/459] PVER
[19:11:38] [367/459] PPNX
[19:11:39] [368/459] CNRM
[19:11:40] [369/459] PVWW
[19:11:41] [370/459] INMB
[19:11:41] [371/459] CPJR
[19:11:42] [372/459] INRZ
[19:11:43] [373/459] PMSR
[19:11:44] [374/459] GPGM
[19:11:46] [375/459] PGWB
[19:11:46] [376/459] PMBR
[19:11:47] [377/459] GPAM
[19:11:48] [378/459] INBC
[19:11:49] [379/459] PZVK
[19:11:50] [380/459] CPEB
[19:11:51] [381/459] FMLB
[19:11:51] [382/459] INBG
[19:11:52] [383/459] GPBR
[19:11:53] [384/459] PAAS
[19:11:54] [385/459] VTBR
[19:11:55] [386/459] GPMY
[19:11:56] [387/459] GYBU
[19:11:57] [388/459] INBJ
[19:11:57] [389/459] LKTH
[19:11:58] [390/459] NSBR
[19:11:59] [391/459] PDRD
[19:11:59] [392/459] VRBL
[19:12:00] [393/459] VTGB
[19:12:01] [394/459] VTSK
[19:12:02] [395/459] BKDV
[19:12:03] [396/459] SVTB
[19:12:03] [397/459] MLDT
[19:12:04] [398/459] NRBL
[19:12:06] [399/459] SLTR
[19:12:06] [400/459] VNKA
[19:12:07] [401/459] TDCA
[19:12:09] [402/459] INBM
[19:12:09] [403/459] SSNR
[19:12:11] [404/459] BHAC
[19:12:12] [405/459] SDSD
[19:12:12] [406/459] SAMP
[19:12:13] [407/459] RATK
[19:12:14] [408/459] KCBI
[19:12:15] [409/459] URBL
[19:12:16] [410/459] MKBG
[19:12:16] [411/459] ASTB
[19:12:17] [412/459] VBWT
[19:12:18] [413/459] GPSM
[19:12:19] [414/459] ROON
[19:12:20] [415/459] CHTH
[19:12:20] [416/459] SSPA
[19:12:21] [417/459] ANBL
[19:12:22] [418/459] VTBE
[19:12:23] [419/459] SVKT
[19:12:25] [420/459] SVYK
[19:12:25] [421/459] PTBK
[19:12:26] [422/459] RKTB
[19:12:27] [423/459] BALT
[19:12:28] [424/459] STSV
[19:12:28] [425/459] VCCB
[19:12:29] [426/459] SLTB
[19:12:30] [427/459] SBCR
[19:12:31] [428/459] VDCS
[19:12:32] [429/459] MDKI
[19:12:32] [430/459] SMRN
[19:12:33] [431/459] PTBC
[19:12:34] [432/459] RADI
[19:12:35] [433/459] ADCR
[19:12:36] [434/459] SDCS
[19:12:37] [435/459] SRPJ
[19:12:38] [436/459] ARTS
[19:12:38] [437/459] SRHK
[19:12:39] [438/459] SPAY
[19:12:40] [439/459] GPTB
[19:12:41] [440/459] SNNN
[19:12:42] [441/459] BALJ
[19:12:43] [442/459] TRIG
[19:12:44] [443/459] GTYT
[19:12:45] [444/459] ATGN
[19:12:45] [445/459] ANTE
[19:12:46] [446/459] BDCG
[19:12:48] [447/459] VECI
[19:12:48] [448/459] SCPR
[19:12:49] [449/459] RTEA
[19:12:50] [450/459] JSAI
[19:12:51] [451/459] VJTP
[19:12:52] [452/459] GNDS
[19:12:53] [453/459] PAXA
[19:12:53] [454/459] CGGM
[19:12:55] [455/459] ACKZ
[19:12:55] [456/459] EMCC
[19:12:56] [457/459] KLSK
[19:12:57] [458/459] AVCK
[19:12:58] [459/459] JTCK
[19:12:59] 🧹 Deduping shows
[19:12:59] ✅ DONE | Shows=2080 | Movies=80
