[10:08:47] 🚀 SCRIPT STARTED
[10:08:47] [1/459] MBDC
[10:08:48] 🧠 New identity created
[10:08:49] [2/459] CHKM
[10:08:51] [3/459] JTKZ
[10:08:51] [4/459] CMCT
[10:08:52] [5/459] ASHO
[10:08:53] [6/459] ECDG
[10:08:54] [7/459] SPAT
[10:08:55] [8/459] HILC
[10:08:56] [9/459] SPPH
[10:08:57] [10/459] SBHN
[10:08:59] [11/459] RRCA
[10:08:59] [12/459] APAA
[10:09:00] [13/459] RAME
[10:09:01] [14/459] TMMS
[10:09:02] [15/459] BATK
[10:09:03] [16/459] LKOP
[10:09:04] [17/459] AMTT
[10:09:05] [18/459] PTGK
[10:09:06] [19/459] ANRS
[10:09:08] [20/459] VWBW
[10:09:08] [21/459] SVFG
[10:09:09] [22/459] STAT
[10:09:10] [23/459] GDCV
[10:09:11] [24/459] VEBI
[10:09:12] [25/459] VDSS
[10:09:13] [26/459] NTHV
[10:09:13] [27/459] AOCH
[10:09:14] [28/459] KASR
[10:09:15] [29/459] AYCS
[10:09:16] [30/459] SHAI
[10:09:16] [31/459] SKPE
[10:09:17] [32/459] SBTA
[10:09:18] [33/459] RTTD
[10:09:19] [34/459] CCJD
[10:09:19] [35/459] RSJJ
[10:09:20] [36/459] RKND
[10:09:21] [37/459] SVTX
[10:09:22] [38/459] BAKM
[10:09:23] [39/459] SVDC
[10:09:23] [40/459] MNCV
[10:09:24] [41/459] SJGC
[10:09:25] [42/459] MTPK
[10:09:26] [43/459] GATP
[10:09:27] [44/459] ABTS
[10:09:27] [45/459] ABDE
[10:09:28] [46/459] RCNM
[10:09:29] [47/459] KTHV
[10:09:30] [48/459] MDGJ
[10:09:31] [49/459] SMLM
[10:09:32] [50/459] JTMA
[10:09:33] [51/459] ACKP
[10:09:34] [52/459] SRTA
[10:09:35] [53/459] STAY
[10:09:35] [54/459] MAVO
[10:09:37] [55/459] APTS
[10:09:38] [56/459] OMEA
[10:09:39] [57/459] TTFD
[10:09:39] [58/459] MJCU
[10:09:40] [59/459] CXTE
[10:09:42] [60/459] CTPX
[10:09:43] [61/459] ASSL
[10:09:43] [62/459] CMVB
[10:09:44] [63/459] VPUR
[10:09:45] [64/459] JJDA
[10:09:46] [65/459] INBL
[10:09:47] [66/459] BIKB
[10:09:47] [67/459] NTBB
[10:09:48] [68/459] GLOB
[10:09:49] [69/459] SNTB
[10:09:50] [70/459] CHGV
[10:09:50] [71/459] SSBZ
[10:09:51] [72/459] PRDB
[10:09:52] [73/459] ISMT
[10:09:53] [74/459] MCSD
[10:09:54] [75/459] JBTT
[10:09:55] [76/459] GEKR
[10:09:56] [77/459] PVUN
[10:09:57] [78/459] NRTB
[10:09:58] [79/459] PRAA
[10:09:58] [80/459] PCBL
[10:09:59] [81/459] PTCM
[10:10:00] [82/459] KHNN
[10:10:01] [83/459] OMJE
[10:10:01] [84/459] STGN
[10:10:02] [85/459] RPMS
[10:10:03] [86/459] NWAD
[10:10:04] [87/459] BLCK
[10:10:05] [88/459] SVAA
[10:10:06] [89/459] URVM
[10:10:07] [90/459] ANTM
[10:10:08] [91/459] VJYM
[10:10:08] [92/459] MAZZ
[10:10:09] [93/459] CSHM
[10:10:10] [94/459] WGMH
[10:10:11] [95/459] SALN
[10:10:12] [96/459] BRTP
[10:10:14] [97/459] SVTA
[10:10:14] [98/459] SBTP
[10:10:15] [99/459] VLSS
[10:10:16] [100/459] SRJA
[10:10:17] [101/459] ANCG
[10:10:18] [102/459] CGGC
[10:10:18] [103/459] CRJA
[10:10:19] [104/459] USCR
[10:10:20] [105/459] MMEF
[10:10:21] [106/459] JCRJ
[10:10:22] [107/459] ADCM
[10:10:23] [108/459] BMYK
[10:10:23] [109/459] KICS
[10:10:24] [110/459] MBBT
[10:10:25] [111/459] MACK
[10:10:26] [112/459] CLDR
[10:10:27] [113/459] JYCR
[10:10:28] [114/459] DCRP
[10:10:30] [115/459] RAHT
[10:10:31] [116/459] CSSM
[10:10:31] [117/459] ATPK
[10:10:33] [118/459] KLRT
[10:10:34] [119/459] SRDD
[10:10:34] [120/459] CKMC
[10:10:35] [121/459] KRVM
[10:10:36] [122/459] AKCP
[10:10:37] [123/459] CNCV
[10:10:38] [124/459] PACT
[10:10:39] [125/459] NATP
[10:10:39] [126/459] PCPK
[10:10:40] [127/459] SMHO
[10:10:42] [128/459] CWTK
[10:10:42] [129/459] RVKZ
[10:10:43] [130/459] ASPD
[10:10:44] [131/459] VTKZ
[10:10:45] [132/459] LCSO
[10:10:46] [133/459] PRDY
[10:10:47] [134/459] RCAP
[10:10:47] [135/459] RGAR
[10:10:48] [136/459] RCAC
[10:10:49] [137/459] PMOD
[10:10:50] [138/459] PVCN
[10:10:50] [139/459] SCRZ
[10:10:51] [140/459] PVPC
[10:10:52] [141/459] STID
[10:10:53] [142/459] NEDD
[10:10:54] [143/459] BNBA
[10:10:55] [144/459] NTCD
[10:10:56] [145/459] OCDE
[10:10:56] [146/459] CCDU
[10:10:57] [147/459] CRXH
[10:10:58] [148/459] VLVT
[10:10:59] [149/459] CICI
[10:10:59] [150/459] SUCB
[10:11:00] [151/459] TCBP
[10:11:01] [152/459] SCCY
[10:11:02] [153/459] LXCY
[10:11:03] [154/459] NCMD
[10:11:04] [155/459] PHCS
[10:11:05] [156/459] DUXR
[10:11:05] [157/459] VNKS
[10:11:06] [158/459] SEDP
[10:11:07] [159/459] SVEN
[10:11:09] [160/459] SRKM
[10:11:10] [161/459] JTLT
[10:11:11] [162/459] SVSS
[10:11:12] [163/459] AMDE
[10:11:13] [164/459] WVRN
[10:11:15] [165/459] ISMG
[10:11:15] [166/459] WVKS
[10:11:16] [167/459] USCG
[10:11:17] [168/459] IOTG
[10:11:18] [169/459] RRJM
[10:11:19] [170/459] EDMP
[10:11:20] [171/459] SCGZ
[10:11:21] [172/459] GMGX
[10:11:22] [173/459] OMTP
[10:11:22] [174/459] MITD
[10:11:23] [175/459] SMMD
[10:11:24] [176/459] STML
[10:11:25] [177/459] MCFS
[10:11:26] [178/459] FPKA
[10:11:27] [179/459] OMLR
[10:11:27] [180/459] KKSC
[10:11:28] [181/459] RVMA
[10:11:29] [182/459] SCLL
[10:11:30] [183/459] SCDK
[10:11:31] [184/459] SXMI
[10:11:32] [185/459] SHDN
[10:11:32] [186/459] PAAD
[10:11:33] [187/459] UUCB
[10:11:34] [188/459] JHOL
[10:11:35] [189/459] SGWT
[10:11:36] [190/459] SRII
[10:11:37] [191/459] SGCK
[10:11:38] [192/459] SVVB
[10:11:39] [193/459] DMHA
[10:11:40] [194/459] PPNL
[10:11:41] [195/459] CPNL
[10:11:42] [196/459] WVLD
[10:11:43] [197/459] PSLV
[10:11:44] [198/459] VTTL
[10:11:44] [199/459] NPAD
[10:11:45] [200/459] PVCS
[10:11:46] [201/459] MCHL
[10:11:47] [202/459] PPLL
[10:11:47] [203/459] MALO
[10:11:48] [204/459] SWBH
[10:11:49] [205/459] PUGB
[10:11:50] [206/459] INBB
[10:11:51] [207/459] INNS
[10:11:52] [208/459] MCPT
[10:11:53] [209/459] SCMI
[10:11:54] [210/459] OCON
[10:11:55] [211/459] SCSM
[10:11:56] [212/459] RJVN
[10:11:56] [213/459] AMDK
[10:11:57] [214/459] ISMR
[10:11:58] [215/459] SMTD
[10:11:59] [216/459] VTDD
[10:12:00] [217/459] PDDZ
[10:12:00] [218/459] PCCK
[10:12:01] [219/459] INAM
[10:12:02] [220/459] FNKT
[10:12:03] [221/459] GDKA
[10:12:04] [222/459] MAYU
[10:12:05] [223/459] TCGU
[10:12:05] [224/459] KDCA
[10:12:06] [225/459] DOMY
[10:12:07] [226/459] PDDD
[10:12:08] [227/459] BJTS
[10:12:10] [228/459] VTCA
[10:12:11] [229/459] SBTM
[10:12:12] [230/459] SEET
[10:12:13] [231/459] SSTJ
[10:12:14] [232/459] SVNT
[10:12:15] [233/459] PPPR
[10:12:16] [234/459] PVYS
[10:12:17] [235/459] IOSE
[10:12:17] [236/459] ACTV
[10:12:18] [237/459] APVE
[10:12:19] [238/459] TCCL
[10:12:20] [239/459] SCMO
[10:12:21] [240/459] SAUM
[10:12:22] [241/459] KCJS
[10:12:23] [242/459] NJCJ
[10:12:24] [243/459] NECF
[10:12:25] [244/459] CCGW
[10:12:26] [245/459] CCMG
[10:12:27] [246/459] NYRG
[10:12:28] [247/459] NCSQ
[10:12:29] [248/459] GRCG
[10:12:30] [249/459] CCBT
[10:12:31] [250/459] ACGA
[10:12:32] [251/459] INAG
[10:12:33] [252/459] FUCG
[10:12:34] [253/459] AICF
[10:12:34] [254/459] GRGA
[10:12:35] [255/459] GDCN
[10:12:36] [256/459] RRCG
[10:12:37] [257/459] SDCH
[10:12:38] [258/459] WVJM
[10:12:39] [259/459] JCCZ
[10:12:40] [260/459] CNCL
[10:12:41] [261/459] TMLV
[10:12:42] [262/459] MEMB
[10:12:43] [263/459] SGTD
[10:12:44] [264/459] CONX
[10:12:45] [265/459] CCMH
[10:12:46] [266/459] ACMC
[10:12:47] [267/459] DTPD
[10:12:47] [268/459] POJA
[10:12:48] [269/459] FNBH
[10:12:49] [270/459] CGCB
[10:12:50] [271/459] RACN
[10:12:51] [272/459] JTSM
[10:12:52] [273/459] SCDN
[10:12:53] [274/459] AACK
[10:12:54] [275/459] RMCE
[10:12:55] [276/459] BSGB
[10:12:55] [277/459] MRCB
[10:12:56] [278/459] SRVR
[10:12:57] [279/459] VTKK
[10:12:58] [280/459] AMST
[10:12:59] [281/459] APCY
[10:13:00] [282/459] LMHO
[10:13:01] [283/459] MTZH
[10:13:02] [284/459] AMZB
[10:13:03] [285/459] SUVT
[10:13:04] [286/459] RCIP
[10:13:04] [287/459] KESR
[10:13:05] [288/459] SNKC
[10:13:06] [289/459] SCED
[10:13:07] [290/459] DVCA
[10:13:08] [291/459] VCDT
[10:13:08] [292/459] RRDI
[10:13:09] [293/459] DFCH
[10:13:10] [294/459] INSC
[10:13:11] [295/459] RGTR
[10:13:12] [296/459] FMOT
[10:13:13] [297/459] SCPM
[10:13:14] [298/459] GCDT
[10:13:15] [299/459] BRKT
[10:13:16] [300/459] DEMP
[10:13:17] [301/459] SRLC
[10:13:18] [302/459] KSTT
[10:13:19] [303/459] SMMT
[10:13:19] [304/459] SILM
[10:13:20] [305/459] JCVM
[10:13:21] [306/459] KCSV
[10:13:22] [307/459] MHLK
[10:13:23] [308/459] SLVL
[10:13:24] [309/459] RJKP
[10:13:25] [310/459] BBPC
[10:13:26] [311/459] MXCB
[10:13:27] [312/459] TCPK
[10:13:28] [313/459] RTBR
[10:13:29] [314/459] GAUT
[10:13:30] [315/459] DVCF
[10:13:31] [316/459] JTSB
[10:13:32] [317/459] SBLS
[10:13:33] [318/459] UDAY
[10:13:33] [319/459] PTNP
[10:13:35] [320/459] DMKT
[10:13:36] [321/459] NTDT
[10:13:36] [322/459] SHDJ
[10:13:37] [323/459] OTNC
[10:13:38] [324/459] RNTW
[10:13:39] [325/459] GCMI
[10:13:40] [326/459] CRCM
[10:13:40] [327/459] NNCZ
[10:13:41] [328/459] OEMO
[10:13:42] [329/459] PVJM
[10:13:43] [330/459] CPJI
[10:13:44] [331/459] RMCJ
[10:13:44] [332/459] CNWJ
[10:13:45] [333/459] EPJM
[10:13:46] [334/459] FNJJ
[10:13:47] [335/459] GCMJ
[10:13:48] [336/459] INPS
[10:13:49] [337/459] BICJ
[10:13:49] [338/459] ISTJ
[10:13:50] [339/459] INJC
[10:13:51] [340/459] GLXJ
[10:13:52] [341/459] INEM
[10:13:53] [342/459] JTMN
[10:13:54] [343/459] FRCJ
[10:13:54] [344/459] DDJP
[10:13:55] [345/459] INJV
[10:13:57] [346/459] GOLC
[10:13:58] [347/459] KOCI
[10:13:58] [348/459] FSTD
[10:13:59] [349/459] PACJ
[10:14:00] [350/459] GMCN
[10:14:00] [351/459] MMDJ
[10:14:01] [352/459] GODH
[10:14:02] [353/459] SKYN
[10:14:03] [354/459] NCTH
[10:14:04] [355/459] SKVZ
[10:14:04] [356/459] SVML
[10:14:05] [357/459] ACVZ
[10:14:06] [358/459] SURA
[10:14:07] [359/459] RTRB
[10:14:08] [360/459] LLCT
[10:14:09] [361/459] ATTS
[10:14:09] [362/459] JYCM
[10:14:10] [363/459] CTKR
[10:14:11] [364/459] LCKR
[10:14:12] [365/459] NYCV
[10:14:13] [366/459] NYOH
[10:14:14] [367/459] NOVX
[10:14:14] [368/459] MRGK
[10:14:15] [369/459] MOON
[10:14:16] [370/459] SBUC
[10:14:18] [371/459] GSVA
[10:14:18] [372/459] VIAK
[10:14:19] [373/459] SMVZ
[10:14:20] [374/459] MATE
[10:14:21] [375/459] RDCN
[10:14:22] [376/459] ASBL
[10:14:23] [377/459] ASVS
[10:14:24] [378/459] ASSR
[10:14:24] [379/459] SSKN
[10:14:25] [380/459] DRPV
[10:14:26] [381/459] MRHT
[10:14:27] [382/459] BSCN
[10:14:28] [383/459] RKNX
[10:14:29] [384/459] MSMC
[10:14:30] [385/459] MSCJ
[10:14:30] [386/459] BTBJ
[10:14:31] [387/459] MJCC
[10:14:32] [388/459] IOMM
[10:14:33] [389/459] ADGR
[10:14:34] [390/459] MYCP
[10:14:35] [391/459] IGCM
[10:14:35] [392/459] PGRK
[10:14:36] [393/459] VPGO
[10:14:37] [394/459] KOMS
[10:14:38] [395/459] URGG
[10:14:38] [396/459] GOST
[10:14:39] [397/459] LACT
[10:14:41] [398/459] BWCM
[10:14:42] [399/459] NCCW
[10:14:43] [400/459] SKYC
[10:14:44] [401/459] CCPM
[10:14:44] [402/459] VCBT
[10:14:45] [403/459] SDKR
[10:14:46] [404/459] CTYB
[10:14:47] [405/459] SHCX
[10:14:47] [406/459] RCUN
[10:14:48] [407/459] CNRA
[10:14:49] [408/459] RFCA
[10:14:49] [409/459] RDCU
[10:14:50] [410/459] SARK
[10:14:51] [411/459] SPPP
[10:14:52] [412/459] ADMB
[10:14:53] [413/459] JYOE
[10:14:53] [414/459] SRMD
[10:14:54] [415/459] RJDH
[10:14:55] [416/459] SSTD
[10:14:56] [417/459] AACV
[10:14:57] [418/459] PPVD
[10:14:57] [419/459] STCP
[10:14:58] [420/459] ANJR
[10:14:59] [421/459] ANLS
[10:15:00] [422/459] BIJO
[10:15:01] [423/459] AVAB
[10:15:02] [424/459] SPMD
[10:15:03] [425/459] SVJL
[10:15:04] [426/459] SDDJ
[10:15:05] [427/459] SLTU
[10:15:05] [428/459] SAKA
[10:15:06] [429/459] PMAM
[10:15:07] [430/459] FNAM
[10:15:08] [431/459] ACAM
[10:15:08] [432/459] SCMM
[10:15:09] [433/459] PMAK
[10:15:10] [434/459] NYSA
[10:15:11] [435/459] FCPA
[10:15:12] [436/459] GDAN
[10:15:13] [437/459] RSCA
[10:15:13] [438/459] DMAN
[10:15:14] [439/459] DZCM
[10:15:15] [440/459] NSGL
[10:15:16] [441/459] CCPP
[10:15:17] [442/459] PSMG
[10:15:18] [443/459] GSER
[10:15:18] [444/459] FCCT
[10:15:19] [445/459] FCTB
[10:15:20] [446/459] LCNK
[10:15:21] [447/459] SKTY
[10:15:22] [448/459] INAA
[10:15:23] [449/459] RCWN
[10:15:23] [450/459] VAIS
[10:15:24] [451/459] CVMN
[10:15:25] [452/459] INTS
[10:15:27] [453/459] FRGS
[10:15:27] [454/459] DTCK
[10:15:28] [455/459] MCMH
[10:15:29] [456/459] ECRR
[10:15:30] [457/459] RLLP
[10:15:31] [458/459] CCSN
[10:15:32] [459/459] CCBA
[10:15:33] 🧹 Deduping shows
[10:15:33] ✅ DONE | Shows=242 | Movies=14
[16:50:33] 🚀 SCRIPT STARTED
[16:50:33] [1/459] MBDC
[16:50:33] 🧠 New identity created
[16:50:34] [2/459] CHKM
[16:50:35] [3/459] JTKZ
[16:50:36] [4/459] CMCT
[16:50:37] [5/459] ASHO
[16:50:39] [6/459] ECDG
[16:50:39] [7/459] SPAT
[16:50:41] [8/459] HILC
[16:50:42] [9/459] SPPH
[16:50:42] [10/459] SBHN
[16:50:43] [11/459] RRCA
[16:50:44] [12/459] APAA
[16:50:45] [13/459] RAME
[16:50:46] [14/459] TMMS
[16:50:47] [15/459] BATK
[16:50:48] [16/459] LKOP
[16:50:49] [17/459] AMTT
[16:50:50] [18/459] PTGK
[16:50:51] [19/459] ANRS
[16:50:52] [20/459] VWBW
[16:50:53] [21/459] SVFG
[16:50:54] [22/459] STAT
[16:50:55] [23/459] GDCV
[16:50:55] [24/459] VEBI
[16:50:57] [25/459] VDSS
[16:50:58] [26/459] NTHV
[16:50:59] [27/459] AOCH
[16:51:00] [28/459] KASR
[16:51:01] [29/459] AYCS
[16:51:03] [30/459] SHAI
[16:51:05] [31/459] SKPE
[16:51:05] [32/459] SBTA
[16:51:06] [33/459] RTTD
[16:51:07] [34/459] CCJD
[16:51:08] [35/459] RSJJ
[16:51:08] [36/459] RKND
[16:51:09] [37/459] SVTX
[16:51:10] [38/459] BAKM
[16:51:12] [39/459] SVDC
[16:51:12] [40/459] MNCV
[16:51:13] [41/459] SJGC
[16:51:14] [42/459] MTPK
[16:51:15] [43/459] GATP
[16:51:15] [44/459] ABTS
[16:51:17] [45/459] ABDE
[16:51:18] [46/459] RCNM
[16:51:20] [47/459] KTHV
[16:51:20] [48/459] MDGJ
[16:51:21] [49/459] SMLM
[16:51:22] [50/459] JTMA
[16:51:24] [51/459] ACKP
[16:51:25] [52/459] SRTA
[16:51:25] [53/459] STAY
[16:51:26] [54/459] MAVO
[16:51:28] [55/459] APTS
[16:51:29] [56/459] OMEA
[16:51:30] [57/459] TTFD
[16:51:31] [58/459] MJCU
[16:51:32] [59/459] CXTE
[16:51:33] [60/459] CTPX
[16:51:34] [61/459] ASSL
[16:51:35] [62/459] CMVB
[16:51:36] [63/459] VPUR
[16:51:38] [64/459] JJDA
[16:51:38] [65/459] INBL
[16:51:39] [66/459] BIKB
[16:51:41] [67/459] NTBB
[16:51:42] [68/459] GLOB
[16:51:42] [69/459] SNTB
[16:51:43] [70/459] CHGV
[16:51:44] [71/459] SSBZ
[16:51:45] [72/459] PRDB
[16:51:46] [73/459] ISMT
[16:51:46] [74/459] MCSD
[16:51:47] [75/459] JBTT
[16:51:49] [76/459] GEKR
[16:51:50] [77/459] PVUN
[16:51:51] [78/459] NRTB
[16:51:52] [79/459] PRAA
[16:51:52] [80/459] PCBL
[16:51:53] [81/459] PTCM
[16:51:54] [82/459] KHNN
[16:51:55] [83/459] OMJE
[16:51:56] [84/459] STGN
[16:51:57] [85/459] RPMS
[16:51:58] [86/459] NWAD
[16:51:59] [87/459] BLCK
[16:52:00] [88/459] SVAA
[16:52:01] [89/459] URVM
[16:52:01] [90/459] ANTM
[16:52:02] [91/459] VJYM
[16:52:03] [92/459] MAZZ
[16:52:04] [93/459] CSHM
[16:52:05] [94/459] WGMH
[16:52:06] [95/459] SALN
[16:52:07] [96/459] BRTP
[16:52:07] [97/459] SVTA
[16:52:08] [98/459] SBTP
[16:52:09] [99/459] VLSS
[16:52:10] [100/459] SRJA
[16:52:11] [101/459] ANCG
[16:52:11] [102/459] CGGC
[16:52:12] [103/459] CRJA
[16:52:13] [104/459] USCR
[16:52:14] [105/459] MMEF
[16:52:15] [106/459] JCRJ
[16:52:16] [107/459] ADCM
[16:52:17] [108/459] BMYK
[16:52:17] [109/459] KICS
[16:52:19] [110/459] MBBT
[16:52:20] [111/459] MACK
[16:52:22] [112/459] CLDR
[16:52:22] [113/459] JYCR
[16:52:23] [114/459] DCRP
[16:52:24] [115/459] RAHT
[16:52:25] [116/459] CSSM
[16:52:26] [117/459] ATPK
[16:52:26] [118/459] KLRT
[16:52:28] [119/459] SRDD
[16:52:29] [120/459] CKMC
[16:52:30] [121/459] KRVM
[16:52:30] [122/459] AKCP
[16:52:31] [123/459] CNCV
[16:52:32] [124/459] PACT
[16:52:33] [125/459] NATP
[16:52:34] [126/459] PCPK
[16:52:34] [127/459] SMHO
[16:52:35] [128/459] CWTK
[16:52:36] [129/459] RVKZ
[16:52:37] [130/459] ASPD
[16:52:39] [131/459] VTKZ
[16:52:39] [132/459] LCSO
[16:52:41] [133/459] PRDY
[16:52:42] [134/459] RCAP
[16:52:42] [135/459] RGAR
[16:52:43] [136/459] RCAC
[16:52:44] [137/459] PMOD
[16:52:45] [138/459] PVCN
[16:52:46] [139/459] SCRZ
[16:52:46] [140/459] PVPC
[16:52:47] [141/459] STID
[16:52:49] [142/459] NEDD
[16:52:50] [143/459] BNBA
[16:52:51] [144/459] NTCD
[16:52:53] [145/459] OCDE
[16:52:53] [146/459] CCDU
[16:52:54] [147/459] CRXH
[16:52:55] [148/459] VLVT
[16:52:56] [149/459] CICI
[16:52:57] [150/459] SUCB
[16:52:58] [151/459] TCBP
[16:52:59] [152/459] SCCY
[16:53:00] [153/459] LXCY
[16:53:01] [154/459] NCMD
[16:53:02] [155/459] PHCS
[16:53:02] [156/459] DUXR
[16:53:03] [157/459] VNKS
[16:53:04] [158/459] SEDP
[16:53:05] [159/459] SVEN
[16:53:07] [160/459] SRKM
[16:53:08] [161/459] JTLT
[16:53:08] [162/459] SVSS
[16:53:09] [163/459] AMDE
[16:53:10] [164/459] WVRN
[16:53:11] [165/459] ISMG
[16:53:12] [166/459] WVKS
[16:53:12] [167/459] USCG
[16:53:13] [168/459] IOTG
[16:53:14] [169/459] RRJM
[16:53:16] [170/459] EDMP
[16:53:16] [171/459] SCGZ
[16:53:17] [172/459] GMGX
[16:53:18] [173/459] OMTP
[16:53:19] [174/459] MITD
[16:53:20] [175/459] SMMD
[16:53:20] [176/459] STML
[16:53:21] [177/459] MCFS
[16:53:22] [178/459] FPKA
[16:53:23] [179/459] OMLR
[16:53:24] [180/459] KKSC
[16:53:24] [181/459] RVMA
[16:53:25] [182/459] SCLL
[16:53:26] [183/459] SCDK
[16:53:27] [184/459] SXMI
[16:53:28] [185/459] SHDN
[16:53:28] [186/459] PAAD
[16:53:29] [187/459] UUCB
[16:53:30] [188/459] JHOL
[16:53:31] [189/459] SGWT
[16:53:32] [190/459] SRII
[16:53:33] [191/459] SGCK
[16:53:33] [192/459] SVVB
[16:53:34] [193/459] DMHA
[16:53:36] [194/459] PPNL
[16:53:37] [195/459] CPNL
[16:53:39] [196/459] WVLD
[16:53:40] [197/459] PSLV
[16:53:41] [198/459] VTTL
[16:53:41] [199/459] NPAD
[16:53:42] [200/459] PVCS
[16:53:43] [201/459] MCHL
[16:53:44] [202/459] PPLL
[16:53:45] [203/459] MALO
[16:53:46] [204/459] SWBH
[16:53:48] [205/459] PUGB
[16:53:49] [206/459] INBB
[16:53:50] [207/459] INNS
[16:53:50] [208/459] MCPT
[16:53:51] [209/459] SCMI
[16:53:52] [210/459] OCON
[16:53:54] [211/459] SCSM
[16:53:55] [212/459] RJVN
[16:53:56] [213/459] AMDK
[16:53:57] [214/459] ISMR
[16:53:58] [215/459] SMTD
[16:53:59] [216/459] VTDD
[16:53:59] [217/459] PDDZ
[16:54:00] [218/459] PCCK
[16:54:01] [219/459] INAM
[16:54:02] [220/459] FNKT
[16:54:03] [221/459] GDKA
[16:54:04] [222/459] MAYU
[16:54:04] [223/459] TCGU
[16:54:05] [224/459] KDCA
[16:54:06] [225/459] DOMY
[16:54:07] [226/459] PDDD
[16:54:08] [227/459] BJTS
[16:54:08] [228/459] VTCA
[16:54:09] [229/459] SBTM
[16:54:10] [230/459] SEET
[16:54:11] [231/459] SSTJ
[16:54:12] [232/459] SVNT
[16:54:12] [233/459] PPPR
[16:54:13] [234/459] PVYS
[16:54:14] [235/459] IOSE
[16:54:15] [236/459] ACTV
[16:54:15] [237/459] APVE
[16:54:16] [238/459] TCCL
[16:54:17] [239/459] SCMO
[16:54:18] [240/459] SAUM
[16:54:19] [241/459] KCJS
[16:54:19] [242/459] NJCJ
[16:54:20] [243/459] NECF
[16:54:21] [244/459] CCGW
[16:54:22] [245/459] CCMG
[16:54:23] [246/459] NYRG
[16:54:24] [247/459] NCSQ
[16:54:25] [248/459] GRCG
[16:54:26] [249/459] CCBT
[16:54:27] [250/459] ACGA
[16:54:27] [251/459] INAG
[16:54:28] [252/459] FUCG
[16:54:30] [253/459] AICF
[16:54:30] [254/459] GRGA
[16:54:31] [255/459] GDCN
[16:54:32] [256/459] RRCG
[16:54:33] [257/459] SDCH
[16:54:34] [258/459] WVJM
[16:54:35] [259/459] JCCZ
[16:54:36] [260/459] CNCL
[16:54:36] [261/459] TMLV
[16:54:37] [262/459] MEMB
[16:54:39] [263/459] SGTD
[16:54:41] [264/459] CONX
[16:54:42] [265/459] CCMH
[16:54:43] [266/459] ACMC
[16:54:44] [267/459] DTPD
[16:54:45] [268/459] POJA
[16:54:46] [269/459] FNBH
[16:54:46] [270/459] CGCB
[16:54:47] [271/459] RACN
[16:54:48] [272/459] JTSM
[16:54:49] [273/459] SCDN
[16:54:50] [274/459] AACK
[16:54:51] [275/459] RMCE
[16:54:52] [276/459] BSGB
[16:54:52] [277/459] MRCB
[16:54:54] [278/459] SRVR
[16:54:55] [279/459] VTKK
[16:54:56] [280/459] AMST
[16:54:57] [281/459] APCY
[16:54:58] [282/459] LMHO
[16:54:58] [283/459] MTZH
[16:54:59] [284/459] AMZB
[16:55:00] [285/459] SUVT
[16:55:01] [286/459] RCIP
[16:55:02] [287/459] KESR
[16:55:02] [288/459] SNKC
[16:55:05] [289/459] SCED
[16:55:05] [290/459] DVCA
[16:55:07] [291/459] VCDT
[16:55:08] [292/459] RRDI
[16:55:09] [293/459] DFCH
[16:55:09] [294/459] INSC
[16:55:10] [295/459] RGTR
[16:55:11] [296/459] FMOT
[16:55:12] [297/459] SCPM
[16:55:13] [298/459] GCDT
[16:55:14] [299/459] BRKT
[16:55:15] [300/459] DEMP
[16:55:15] [301/459] SRLC
[16:55:16] [302/459] KSTT
[16:55:17] [303/459] SMMT
[16:55:18] [304/459] SILM
[16:55:19] [305/459] JCVM
[16:55:19] [306/459] KCSV
[16:55:20] [307/459] MHLK
[16:55:21] [308/459] SLVL
[16:55:22] [309/459] RJKP
[16:55:23] [310/459] BBPC
[16:55:23] [311/459] MXCB
[16:55:25] [312/459] TCPK
[16:55:26] [313/459] RTBR
[16:55:26] [314/459] GAUT
[16:55:27] [315/459] DVCF
[16:55:28] [316/459] JTSB
[16:55:29] [317/459] SBLS
[16:55:30] [318/459] UDAY
[16:55:30] [319/459] PTNP
[16:55:31] [320/459] DMKT
[16:55:32] [321/459] NTDT
[16:55:33] [322/459] SHDJ
[16:55:34] [323/459] OTNC
[16:55:35] [324/459] RNTW
[16:55:35] [325/459] GCMI
[16:55:36] [326/459] CRCM
[16:55:37] [327/459] NNCZ
[16:55:39] [328/459] OEMO
[16:55:39] [329/459] PVJM
[16:55:40] [330/459] CPJI
[16:55:41] [331/459] RMCJ
[16:55:42] [332/459] CNWJ
[16:55:42] [333/459] EPJM
[16:55:43] [334/459] FNJJ
[16:55:44] [335/459] GCMJ
[16:55:45] [336/459] INPS
[16:55:46] [337/459] BICJ
[16:55:47] [338/459] ISTJ
[16:55:48] [339/459] INJC
[16:55:49] [340/459] GLXJ
[16:55:49] [341/459] INEM
[16:55:50] [342/459] JTMN
[16:55:51] [343/459] FRCJ
[16:55:52] [344/459] DDJP
[16:55:52] [345/459] INJV
[16:55:53] [346/459] GOLC
[16:55:54] [347/459] KOCI
[16:55:55] [348/459] FSTD
[16:55:56] [349/459] PACJ
[16:55:57] [350/459] GMCN
[16:55:58] [351/459] MMDJ
[16:55:59] [352/459] GODH
[16:55:59] [353/459] SKYN
[16:56:00] [354/459] NCTH
[16:56:01] [355/459] SKVZ
[16:56:02] [356/459] SVML
[16:56:03] [357/459] ACVZ
[16:56:04] [358/459] SURA
[16:56:05] [359/459] RTRB
[16:56:06] [360/459] LLCT
[16:56:07] [361/459] ATTS
[16:56:08] [362/459] JYCM
[16:56:09] [363/459] CTKR
[16:56:10] [364/459] LCKR
[16:56:11] [365/459] NYCV
[16:56:12] [366/459] NYOH
[16:56:12] [367/459] NOVX
[16:56:13] [368/459] MRGK
[16:56:14] [369/459] MOON
[16:56:15] [370/459] SBUC
[16:56:15] [371/459] GSVA
[16:56:17] [372/459] VIAK
[16:56:17] [373/459] SMVZ
[16:56:18] [374/459] MATE
[16:56:19] [375/459] RDCN
[16:56:20] [376/459] ASBL
[16:56:21] [377/459] ASVS
[16:56:22] [378/459] ASSR
[16:56:23] [379/459] SSKN
[16:56:24] [380/459] DRPV
[16:56:24] [381/459] MRHT
[16:56:25] [382/459] BSCN
[16:56:26] [383/459] RKNX
[16:56:27] [384/459] MSMC
[16:56:28] [385/459] MSCJ
[16:56:30] [386/459] BTBJ
[16:56:31] [387/459] MJCC
[16:56:31] [388/459] IOMM
[16:56:32] [389/459] ADGR
[16:56:34] [390/459] MYCP
[16:56:35] [391/459] IGCM
[16:56:36] [392/459] PGRK
[16:56:36] [393/459] VPGO
[16:56:37] [394/459] KOMS
[16:56:38] [395/459] URGG
[16:56:39] [396/459] GOST
[16:56:41] [397/459] LACT
[16:56:42] [398/459] BWCM
[16:56:43] [399/459] NCCW
[16:56:44] [400/459] SKYC
[16:56:45] [401/459] CCPM
[16:56:46] [402/459] VCBT
[16:56:48] [403/459] SDKR
[16:56:49] [404/459] CTYB
[16:56:50] [405/459] SHCX
[16:56:50] [406/459] RCUN
[16:56:52] [407/459] CNRA
[16:56:52] [408/459] RFCA
[16:56:53] [409/459] RDCU
[16:56:55] [410/459] SARK
[16:56:56] [411/459] SPPP
[16:56:57] [412/459] ADMB
[16:56:58] [413/459] JYOE
[16:56:59] [414/459] SRMD
[16:57:01] [415/459] RJDH
[16:57:01] [416/459] SSTD
[16:57:02] [417/459] AACV
[16:57:03] [418/459] PPVD
[16:57:03] [419/459] STCP
[16:57:04] [420/459] ANJR
[16:57:05] [421/459] ANLS
[16:57:06] [422/459] BIJO
[16:57:07] [423/459] AVAB
[16:57:08] [424/459] SPMD
[16:57:08] [425/459] SVJL
[16:57:09] [426/459] SDDJ
[16:57:10] [427/459] SLTU
[16:57:11] [428/459] SAKA
[16:57:12] [429/459] PMAM
[16:57:12] [430/459] FNAM
[16:57:13] [431/459] ACAM
[16:57:14] [432/459] SCMM
[16:57:15] [433/459] PMAK
[16:57:15] [434/459] NYSA
[16:57:16] [435/459] FCPA
[16:57:17] [436/459] GDAN
[16:57:18] [437/459] RSCA
[16:57:19] [438/459] DMAN
[16:57:20] [439/459] DZCM
[16:57:21] [440/459] NSGL
[16:57:21] [441/459] CCPP
[16:57:22] [442/459] PSMG
[16:57:23] [443/459] GSER
[16:57:24] [444/459] FCCT
[16:57:25] [445/459] FCTB
[16:57:25] [446/459] LCNK
[16:57:26] [447/459] SKTY
[16:57:27] [448/459] INAA
[16:57:27] [449/459] RCWN
[16:57:29] [450/459] VAIS
[16:57:30] [451/459] CVMN
[16:57:31] [452/459] INTS
[16:57:31] [453/459] FRGS
[16:57:32] [454/459] DTCK
[16:57:33] [455/459] MCMH
[16:57:34] [456/459] ECRR
[16:57:35] [457/459] RLLP
[16:57:35] [458/459] CCSN
[16:57:36] [459/459] CCBA
[16:57:37] 🧹 Deduping shows
[16:57:37] ✅ DONE | Shows=337 | Movies=19
