[10:08:46] 🚀 SCRIPT STARTED
[10:08:46] [1/459] FNDB
[10:08:46] 🧠 New identity created
[10:08:47] [2/459] AMBH
[10:08:48] [3/459] PRHN
[10:08:49] [4/459] ACPM
[10:08:50] [5/459] PVFS
[10:08:50] [6/459] AACN
[10:08:51] [7/459] ACAS
[10:08:52] [8/459] CTNR
[10:08:52] [9/459] MMAH
[10:08:54] [10/459] CPMH
[10:08:55] [11/459] IGMH
[10:08:56] [12/459] ABCS
[10:08:57] [13/459] CMMA
[10:08:58] [14/459] GPRH
[10:08:58] [15/459] PNNG
[10:08:59] [16/459] AMCA
[10:09:01] [17/459] ISTN
[10:09:02] [18/459] PIIC
[10:09:02] [19/459] AHMH
[10:09:03] [20/459] ASHN
[10:09:04] [21/459] INHY
[10:09:05] [22/459] SRMO
[10:09:06] [23/459] PIMH
[10:09:07] [24/459] PVTS
[10:09:08] [25/459] MMCA
[10:09:09] [26/459] AKYJ
[10:09:10] [27/459] BRKH
[10:09:11] [28/459] MAHM
[10:09:12] [29/459] CPHY
[10:09:12] [30/459] PVTP
[10:09:13] [31/459] SMMR
[10:09:15] [32/459] PVHM
[10:09:15] [33/459] SNDY
[10:09:16] [34/459] GOKU
[10:09:18] [35/459] ACEV
[10:09:19] [36/459] PVUM
[10:09:20] [37/459] VSWA
[10:09:20] [38/459] IPRS
[10:09:21] [39/459] ASGN
[10:09:22] [40/459] BKMV
[10:09:23] [41/459] PVYH
[10:09:24] [42/459] INKM
[10:09:25] [43/459] ARJU
[10:09:25] [44/459] JJPP
[10:09:26] [45/459] SSRM
[10:09:27] [46/459] HMHD
[10:09:29] [47/459] SNKH
[10:09:30] [48/459] ACHI
[10:09:31] [49/459] MRAA
[10:09:31] [50/459] INMH
[10:09:32] [51/459] ARMH
[10:09:33] [52/459] DVRR
[10:09:34] [53/459] SUDA
[10:09:35] [54/459] MCSS
[10:09:36] [55/459] VRKC
[10:09:37] [56/459] PRCX
[10:09:37] [57/459] ASJY
[10:09:38] [58/459] MTHY
[10:09:39] [59/459] SRCM
[10:09:40] [60/459] TVHY
[10:09:41] [61/459] STHD
[10:09:42] [62/459] CPCL
[10:09:42] [63/459] PSMJ
[10:09:43] [64/459] MRGT
[10:09:45] [65/459] ARYH
[10:09:45] [66/459] VTRB
[10:09:46] [67/459] SCHC
[10:09:47] [68/459] MRRG
[10:09:48] [69/459] SPCB
[10:09:49] [70/459] AMCM
[10:09:50] [71/459] IVNM
[10:09:51] [72/459] TRHY
[10:09:51] [73/459] PTTH
[10:09:52] [74/459] RKMH
[10:09:53] [75/459] PRCS
[10:09:54] [76/459] VAJA
[10:09:55] [77/459] BJNG
[10:09:56] [78/459] SCVM
[10:09:56] [79/459] GNHB
[10:09:57] [80/459] TLUR
[10:09:58] [81/459] UKCC
[10:09:59] [82/459] SRKR
[10:10:00] [83/459] RMKN
[10:10:01] [84/459] SLRT
[10:10:01] [85/459] LKMT
[10:10:02] [86/459] SSRJ
[10:10:03] [87/459] SPHT
[10:10:04] [88/459] ANTT
[10:10:05] [89/459] SRCH
[10:10:06] [90/459] SRCA
[10:10:07] [91/459] ARTH
[10:10:08] [92/459] MCBH
[10:10:09] [93/459] SNIB
[10:10:10] [94/459] SART
[10:10:10] [95/459] SKTA
[10:10:11] [96/459] YAKT
[10:10:12] [97/459] MLCK
[10:10:13] [98/459] ANTS
[10:10:14] [99/459] DGCA
[10:10:15] [100/459] SGMP
[10:10:16] [101/459] ASWN
[10:10:17] [102/459] KFVU
[10:10:17] [103/459] POOR
[10:10:18] [104/459] GKDN
[10:10:19] [105/459] EOSE
[10:10:20] [106/459] GTTT
[10:10:21] [107/459] ARRO
[10:10:22] [108/459] CMMK
[10:10:23] [109/459] MSCN
[10:10:23] [110/459] GDKH
[10:10:24] [111/459] DLMT
[10:10:25] [112/459] PVMF
[10:10:26] [113/459] CPCK
[10:10:26] [114/459] VMHE
[10:10:27] [115/459] PVLC
[10:10:28] [116/459] PCVB
[10:10:29] [117/459] SNYK
[10:10:30] [118/459] KTEK
[10:10:31] [119/459] PCNM
[10:10:32] [120/459] NTTR
[10:10:32] [121/459] CPSK
[10:10:33] [122/459] JMMA
[10:10:34] [123/459] GCFK
[10:10:35] [124/459] MYCA
[10:10:36] [125/459] KSNP
[10:10:37] [126/459] PMCE
[10:10:38] [127/459] SCKI
[10:10:39] [128/459] FSMA
[10:10:41] [129/459] CETA
[10:10:41] [130/459] MCIK
[10:10:42] [131/459] MYCR
[10:10:43] [132/459] EVMP
[10:10:44] [133/459] SSGT
[10:10:45] [134/459] KCTK
[10:10:45] [135/459] ZTKC
[10:10:46] [136/459] MMTA
[10:10:47] [137/459] MAJT
[10:10:49] [138/459] ACPK
[10:10:49] [139/459] JMAX
[10:10:50] [140/459] SETK
[10:10:51] [141/459] CAIS
[10:10:52] [142/459] AGCD
[10:10:53] [143/459] URCL
[10:10:54] [144/459] VTDS
[10:10:54] [145/459] JCNM
[10:10:56] [146/459] KCAM
[10:10:57] [147/459] ADCU
[10:10:58] [148/459] GXYN
[10:10:58] [149/459] SMJG
[10:10:59] [150/459] EYCJ
[10:11:00] [151/459] CCEJ
[10:11:01] [152/459] MARS
[10:11:02] [153/459] CPVJ
[10:11:02] [154/459] INVP
[10:11:03] [155/459] CPOV
[10:11:04] [156/459] VIJK
[10:11:05] [157/459] LAIM
[10:11:06] [158/459] STHV
[10:11:07] [159/459] SVLJ
[10:11:08] [160/459] ATVJ
[10:11:10] [161/459] JTSC
[10:11:11] [162/459] RMTV
[10:11:12] [163/459] MGGG
[10:11:13] [164/459] SWTH
[10:11:14] [165/459] INVJ
[10:11:14] [166/459] PRSV
[10:11:15] [167/459] JATV
[10:11:16] [168/459] RCVD
[10:11:17] [169/459] BDMA
[10:11:18] [170/459] BLJI
[10:11:19] [171/459] SWOT
[10:11:20] [172/459] SWRN
[10:11:21] [173/459] TVRA
[10:11:22] [174/459] VCSV
[10:11:23] [175/459] NVRN
[10:11:24] [176/459] SIKC
[10:11:25] [177/459] VAKR
[10:11:27] [178/459] SYLN
[10:11:27] [179/459] KLJL
[10:11:28] [180/459] LKMY
[10:11:29] [181/459] VSLY
[10:11:30] [182/459] CIKO
[10:11:31] [183/459] GPBG
[10:11:32] [184/459] CECM
[10:11:32] [185/459] SLKB
[10:11:33] [186/459] MTBO
[10:11:34] [187/459] SSHB
[10:11:35] [188/459] VPCS
[10:11:36] [189/459] RCSR
[10:11:37] [190/459] RJRM
[10:11:38] [191/459] KPPB
[10:11:38] [192/459] SEDC
[10:11:39] [193/459] SCAI
[10:11:40] [194/459] RMTR
[10:11:41] [195/459] ASST
[10:11:42] [196/459] GCAK
[10:11:43] [197/459] ANNK
[10:11:44] [198/459] KDDF
[10:11:44] [199/459] NRDP
[10:11:45] [200/459] PLAK
[10:11:46] [201/459] GCMC
[10:11:47] [202/459] ALPY
[10:11:47] [203/459] SICE
[10:11:48] [204/459] SISR
[10:11:49] [205/459] SRPZ
[10:11:50] [206/459] SRSW
[10:11:51] [207/459] SUYA
[10:11:52] [208/459] AMMT
[10:11:52] [209/459] BHCU
[10:11:53] [210/459] KLPA
[10:11:54] [211/459] NVKH
[10:11:55] [212/459] JMRC
[10:11:56] [213/459] KTTT
[10:11:57] [214/459] MAGH
[10:11:58] [215/459] MMMX
[10:11:58] [216/459] SALJ
[10:11:59] [217/459] GTJA
[10:12:00] [218/459] MAHT
[10:12:01] [219/459] SSNN
[10:12:01] [220/459] ARRP
[10:12:02] [221/459] ATNS
[10:12:03] [222/459] SKDT
[10:12:04] [223/459] ACAT
[10:12:06] [224/459] APRC
[10:12:06] [225/459] SWAG
[10:12:07] [226/459] SDPT
[10:12:08] [227/459] STPS
[10:12:09] [228/459] WWCZ
[10:12:10] [229/459] LLCH
[10:12:11] [230/459] MZHA
[10:12:12] [231/459] CRJG
[10:12:13] [232/459] JGTK
[10:12:14] [233/459] KCSR
[10:12:15] [234/459] CHTL
[10:12:15] [235/459] EDSR
[10:12:16] [236/459] CSWO
[10:12:17] [237/459] CPVM
[10:12:18] [238/459] MXBY
[10:12:19] [239/459] FMMA
[10:12:19] [240/459] POVI
[10:12:20] [241/459] MTHB
[10:12:21] [242/459] INRC
[10:12:22] [243/459] PIPP
[10:12:22] [244/459] BMXC
[10:12:23] [245/459] PCMM
[10:12:24] [246/459] PMKM
[10:12:25] [247/459] GATY
[10:12:25] [248/459] IMCM
[10:12:26] [249/459] POPE
[10:12:28] [250/459] MTCR
[10:12:29] [251/459] PVAE
[10:12:29] [252/459] PVMI
[10:12:30] [253/459] CPNM
[10:12:32] [254/459] FMRL
[10:12:32] [255/459] MCIW
[10:12:33] [256/459] MXBO
[10:12:34] [257/459] FMKY
[10:12:35] [258/459] FMDA
[10:12:36] [259/459] THAB
[10:12:37] [260/459] PRCW
[10:12:38] [261/459] PITI
[10:12:38] [262/459] MCFF
[10:12:39] [263/459] PDDV
[10:12:40] [264/459] MCRM
[10:12:41] [265/459] KKMB
[10:12:41] [266/459] INKO
[10:12:42] [267/459] PLXP
[10:12:43] [268/459] MMHA
[10:12:44] [269/459] FMVS
[10:12:44] [270/459] POLM
[10:12:45] [271/459] STER
[10:12:47] [272/459] PVWJ
[10:12:47] [273/459] IMJW
[10:12:48] [274/459] FNAN
[10:12:49] [275/459] CAGL
[10:12:50] [276/459] IPBG
[10:12:51] [277/459] SMFV
[10:12:52] [278/459] MMMR
[10:12:53] [279/459] MMWM
[10:12:53] [280/459] FNCM
[10:12:54] [281/459] MDVA
[10:12:55] [282/459] MMET
[10:12:56] [283/459] MIDO
[10:12:56] [284/459] INNP
[10:12:57] [285/459] MIFU
[10:12:58] [286/459] MMSZ
[10:12:59] [287/459] BMXA
[10:13:00] [288/459] MCAA
[10:13:01] [289/459] SCVP
[10:13:02] [290/459] PLUS
[10:13:02] [291/459] MUCK
[10:13:03] [292/459] MTMA
[10:13:04] [293/459] HPVR
[10:13:05] [294/459] PMPK
[10:13:05] [295/459] MAJB
[10:13:06] [296/459] CTRR
[10:13:07] [297/459] MCTG
[10:13:08] [298/459] MACE
[10:13:09] [299/459] AAAS
[10:13:10] [300/459] CPVV
[10:13:11] [301/459] RCHG
[10:13:12] [302/459] MCNE
[10:13:13] [303/459] EMNC
[10:13:13] [304/459] MCAN
[10:13:15] [305/459] TCDM
[10:13:16] [306/459] IRGT
[10:13:17] [307/459] GCMG
[10:13:17] [308/459] MXSN
[10:13:18] [309/459] MXCK
[10:13:19] [310/459] MCRC
[10:13:20] [311/459] RSMI
[10:13:21] [312/459] WAML
[10:13:21] [313/459] MTSC
[10:13:22] [314/459] FMDR
[10:13:23] [315/459] LEPV
[10:13:24] [316/459] MTGD
[10:13:25] [317/459] IMOB
[10:13:26] [318/459] CLMM
[10:13:27] [319/459] PZCD
[10:13:28] [320/459] GOCS
[10:13:29] [321/459] KCMA
[10:13:30] [322/459] CCMP
[10:13:30] [323/459] MTSU
[10:13:31] [324/459] SNGL
[10:13:32] [325/459] MMMC
[10:13:32] [326/459] MMAA
[10:13:33] [327/459] GCDM
[10:13:34] [328/459] KTMV
[10:13:35] [329/459] AETE
[10:13:35] [330/459] OMCS
[10:13:36] [331/459] GDCD
[10:13:37] [332/459] NYMD
[10:13:38] [333/459] RNCV
[10:13:38] [334/459] KKMT
[10:13:40] [335/459] GDTH
[10:13:41] [336/459] KMMV
[10:13:42] [337/459] NHCG
[10:13:42] [338/459] PJDW
[10:13:44] [339/459] MMCV
[10:13:45] [340/459] FQSA
[10:13:46] [341/459] KURL
[10:13:47] [342/459] NNNX
[10:13:47] [343/459] AMAU
[10:13:48] [344/459] VVVM
[10:13:50] [345/459] VECU
[10:13:50] [346/459] WCVR
[10:13:51] [347/459] MTGG
[10:13:52] [348/459] SGTG
[10:13:53] [349/459] MNTG
[10:13:54] [350/459] JDDG
[10:13:55] [351/459] MBTK
[10:13:56] [352/459] SGCD
[10:13:56] [353/459] MCTC
[10:13:57] [354/459] JTPC
[10:13:58] [355/459] SDKT
[10:13:59] [356/459] KRCC
[10:14:00] [357/459] RMMD
[10:14:01] [358/459] AAME
[10:14:01] [359/459] TMWC
[10:14:02] [360/459] NRWY
[10:14:03] [361/459] CITD
[10:14:04] [362/459] VERD
[10:14:04] [363/459] MKSK
[10:14:05] [364/459] STSM
[10:14:06] [365/459] MJDG
[10:14:07] [366/459] RKPM
[10:14:08] [367/459] SSCE
[10:14:08] [368/459] VMAE
[10:14:09] [369/459] SBRU
[10:14:10] [370/459] AMBC
[10:14:11] [371/459] AMLU
[10:14:12] [372/459] INVZ
[10:14:12] [373/459] LGTV
[10:14:13] [374/459] SVAD
[10:14:14] [375/459] SMSA
[10:14:14] [376/459] SPCZ
[10:14:15] [377/459] GTCX
[10:14:16] [378/459] SCSL
[10:14:17] [379/459] SAHU
[10:14:18] [380/459] NCDA
[10:14:18] [381/459] SCCG
[10:14:19] [382/459] VKTL
[10:14:20] [383/459] PUUJ
[10:14:21] [384/459] STEJ
[10:14:21] [385/459] RJAL
[10:14:22] [386/459] ACJC
[10:14:23] [387/459] VTHC
[10:14:24] [388/459] ARVB
[10:14:25] [389/459] AUBB
[10:14:25] [390/459] GDBR
[10:14:27] [391/459] PVND
[10:14:28] [392/459] BGRJ
[10:14:28] [393/459] RJMM
[10:14:29] [394/459] MCSA
[10:14:30] [395/459] BODA
[10:14:31] [396/459] JAGG
[10:14:32] [397/459] SCGA
[10:14:32] [398/459] LRCM
[10:14:33] [399/459] CPCN
[10:14:34] [400/459] SSTF
[10:14:35] [401/459] SRXP
[10:14:36] [402/459] CNFX
[10:14:37] [403/459] ANDI
[10:14:38] [404/459] SYEW
[10:14:39] [405/459] RCRE
[10:14:40] [406/459] SCRW
[10:14:41] [407/459] MBKR
[10:14:42] [408/459] ASNT
[10:14:42] [409/459] JTMT
[10:14:44] [410/459] SHAY
[10:14:45] [411/459] VRTH
[10:14:45] [412/459] SPTI
[10:14:47] [413/459] DPTD
[10:14:48] [414/459] TGSN
[10:14:48] [415/459] RCWV
[10:14:49] [416/459] OCUR
[10:14:50] [417/459] KSTC
[10:14:51] [418/459] SANI
[10:14:53] [419/459] MLCA
[10:14:54] [420/459] EGCA
[10:14:54] [421/459] SYSN
[10:14:55] [422/459] PKTA
[10:14:57] [423/459] PRCC
[10:14:58] [424/459] KSTR
[10:14:58] [425/459] SNTP
[10:14:59] [426/459] RCHA
[10:15:00] [427/459] SEEA
[10:15:01] [428/459] ALAT
[10:15:02] [429/459] AATV
[10:15:03] [430/459] RJTE
[10:15:03] [431/459] AAPP
[10:15:05] [432/459] PMMH
[10:15:06] [433/459] INRJ
[10:15:07] [434/459] SARB
[10:15:08] [435/459] PCJL
[10:15:08] [436/459] PFJJ
[10:15:09] [437/459] GRDC
[10:15:10] [438/459] BCBA
[10:15:10] [439/459] VIXL
[10:15:11] [440/459] CSTL
[10:15:12] [441/459] MTDK
[10:15:13] [442/459] TDAC
[10:15:13] [443/459] GTDN
[10:15:14] [444/459] TTDE
[10:15:15] [445/459] ASTS
[10:15:16] [446/459] CPNS
[10:15:17] [447/459] PVVW
[10:15:18] [448/459] USEB
[10:15:19] [449/459] DTYN
[10:15:20] [450/459] PVLE
[10:15:21] [451/459] CIPS
[10:15:22] [452/459] PAEG
[10:15:23] [453/459] PTCW
[10:15:24] [454/459] G3SR
[10:15:25] [455/459] PGND
[10:15:26] [456/459] INVM
[10:15:26] [457/459] SPIA
[10:15:27] [458/459] PCSN
[10:15:28] [459/459] PPGV
[10:15:29] 🧹 Deduping shows
[10:15:29] ✅ DONE | Shows=445 | Movies=17
[16:49:23] 🚀 SCRIPT STARTED
[16:49:23] [1/459] FNDB
[16:49:23] 🧠 New identity created
[16:49:24] [2/459] AMBH
[16:49:25] [3/459] PRHN
[16:49:26] [4/459] ACPM
[16:49:27] [5/459] PVFS
[16:49:28] [6/459] AACN
[16:49:29] [7/459] ACAS
[16:49:30] [8/459] CTNR
[16:49:31] [9/459] MMAH
[16:49:31] [10/459] CPMH
[16:49:33] [11/459] IGMH
[16:49:34] [12/459] ABCS
[16:49:34] [13/459] CMMA
[16:49:35] [14/459] GPRH
[16:49:36] [15/459] PNNG
[16:49:37] [16/459] AMCA
[16:49:38] [17/459] ISTN
[16:49:39] [18/459] PIIC
[16:49:40] [19/459] AHMH
[16:49:41] [20/459] ASHN
[16:49:42] [21/459] INHY
[16:49:43] [22/459] SRMO
[16:49:44] [23/459] PIMH
[16:49:45] [24/459] PVTS
[16:49:46] [25/459] MMCA
[16:49:48] [26/459] AKYJ
[16:49:48] [27/459] BRKH
[16:49:49] [28/459] MAHM
[16:49:50] [29/459] CPHY
[16:49:51] [30/459] PVTP
[16:49:53] [31/459] SMMR
[16:49:53] [32/459] PVHM
[16:49:54] [33/459] SNDY
[16:49:55] [34/459] GOKU
[16:49:56] [35/459] ACEV
[16:49:57] [36/459] PVUM
[16:49:58] [37/459] VSWA
[16:49:58] [38/459] IPRS
[16:49:59] [39/459] ASGN
[16:50:00] [40/459] BKMV
[16:50:01] [41/459] PVYH
[16:50:02] [42/459] INKM
[16:50:02] [43/459] ARJU
[16:50:04] [44/459] JJPP
[16:50:05] [45/459] SSRM
[16:50:06] [46/459] HMHD
[16:50:06] [47/459] SNKH
[16:50:07] [48/459] ACHI
[16:50:08] [49/459] MRAA
[16:50:09] [50/459] INMH
[16:50:10] [51/459] ARMH
[16:50:11] [52/459] DVRR
[16:50:12] [53/459] SUDA
[16:50:12] [54/459] MCSS
[16:50:13] [55/459] VRKC
[16:50:14] [56/459] PRCX
[16:50:15] [57/459] ASJY
[16:50:15] [58/459] MTHY
[16:50:16] [59/459] SRCM
[16:50:17] [60/459] TVHY
[16:50:19] [61/459] STHD
[16:50:19] [62/459] CPCL
[16:50:21] [63/459] PSMJ
[16:50:22] [64/459] MRGT
[16:50:22] [65/459] ARYH
[16:50:24] [66/459] VTRB
[16:50:26] [67/459] SCHC
[16:50:27] [68/459] MRRG
[16:50:28] [69/459] SPCB
[16:50:29] [70/459] AMCM
[16:50:29] [71/459] IVNM
[16:50:30] [72/459] TRHY
[16:50:31] [73/459] PTTH
[16:50:32] [74/459] RKMH
[16:50:33] [75/459] PRCS
[16:50:34] [76/459] VAJA
[16:50:35] [77/459] BJNG
[16:50:35] [78/459] SCVM
[16:50:36] [79/459] GNHB
[16:50:37] [80/459] TLUR
[16:50:38] [81/459] UKCC
[16:50:39] [82/459] SRKR
[16:50:40] [83/459] RMKN
[16:50:41] [84/459] SLRT
[16:50:42] [85/459] LKMT
[16:50:43] [86/459] SSRJ
[16:50:44] [87/459] SPHT
[16:50:45] [88/459] ANTT
[16:50:45] [89/459] SRCH
[16:50:46] [90/459] SRCA
[16:50:47] [91/459] ARTH
[16:50:49] [92/459] MCBH
[16:50:50] [93/459] SNIB
[16:50:50] [94/459] SART
[16:50:51] [95/459] SKTA
[16:50:52] [96/459] YAKT
[16:50:53] [97/459] MLCK
[16:50:54] [98/459] ANTS
[16:50:54] [99/459] DGCA
[16:50:55] [100/459] SGMP
[16:50:56] [101/459] ASWN
[16:50:57] [102/459] KFVU
[16:50:58] [103/459] POOR
[16:50:58] [104/459] GKDN
[16:50:59] [105/459] EOSE
[16:51:00] [106/459] GTTT
[16:51:01] [107/459] ARRO
[16:51:03] [108/459] CMMK
[16:51:04] [109/459] MSCN
[16:51:05] [110/459] GDKH
[16:51:06] [111/459] DLMT
[16:51:06] [112/459] PVMF
[16:51:07] [113/459] CPCK
[16:51:08] [114/459] VMHE
[16:51:09] [115/459] PVLC
[16:51:09] [116/459] PCVB
[16:51:10] [117/459] SNYK
[16:51:11] [118/459] KTEK
[16:51:12] [119/459] PCNM
[16:51:13] [120/459] NTTR
[16:51:14] [121/459] CPSK
[16:51:16] [122/459] JMMA
[16:51:16] [123/459] GCFK
[16:51:17] [124/459] MYCA
[16:51:18] [125/459] KSNP
[16:51:19] [126/459] PMCE
[16:51:20] [127/459] SCKI
[16:51:21] [128/459] FSMA
[16:51:22] [129/459] CETA
[16:51:22] [130/459] MCIK
[16:51:24] [131/459] MYCR
[16:51:25] [132/459] EVMP
[16:51:26] [133/459] SSGT
[16:51:27] [134/459] KCTK
[16:51:27] [135/459] ZTKC
[16:51:29] [136/459] MMTA
[16:51:30] [137/459] MAJT
[16:51:30] [138/459] ACPK
[16:51:32] [139/459] JMAX
[16:51:32] [140/459] SETK
[16:51:33] [141/459] CAIS
[16:51:34] [142/459] AGCD
[16:51:35] [143/459] URCL
[16:51:36] [144/459] VTDS
[16:51:37] [145/459] JCNM
[16:51:38] [146/459] KCAM
[16:51:39] [147/459] ADCU
[16:51:40] [148/459] GXYN
[16:51:41] [149/459] SMJG
[16:51:42] [150/459] EYCJ
[16:51:42] [151/459] CCEJ
[16:51:43] [152/459] MARS
[16:51:44] [153/459] CPVJ
[16:51:45] [154/459] INVP
[16:51:46] [155/459] CPOV
[16:51:47] [156/459] VIJK
[16:51:48] [157/459] LAIM
[16:51:49] [158/459] STHV
[16:51:50] [159/459] SVLJ
[16:51:51] [160/459] ATVJ
[16:51:52] [161/459] JTSC
[16:51:53] [162/459] RMTV
[16:51:53] [163/459] MGGG
[16:51:55] [164/459] SWTH
[16:51:56] [165/459] INVJ
[16:51:57] [166/459] PRSV
[16:51:58] [167/459] JATV
[16:51:59] [168/459] RCVD
[16:51:59] [169/459] BDMA
[16:52:00] [170/459] BLJI
[16:52:01] [171/459] SWOT
[16:52:02] [172/459] SWRN
[16:52:03] [173/459] TVRA
[16:52:03] [174/459] VCSV
[16:52:04] [175/459] NVRN
[16:52:05] [176/459] SIKC
[16:52:06] [177/459] VAKR
[16:52:06] [178/459] SYLN
[16:52:07] [179/459] KLJL
[16:52:08] [180/459] LKMY
[16:52:09] [181/459] VSLY
[16:52:10] [182/459] CIKO
[16:52:11] [183/459] GPBG
[16:52:11] [184/459] CECM
[16:52:12] [185/459] SLKB
[16:52:14] [186/459] MTBO
[16:52:15] [187/459] SSHB
[16:52:16] [188/459] VPCS
[16:52:16] [189/459] RCSR
[16:52:17] [190/459] RJRM
[16:52:18] [191/459] KPPB
[16:52:19] [192/459] SEDC
[16:52:20] [193/459] SCAI
[16:52:21] [194/459] RMTR
[16:52:22] [195/459] ASST
[16:52:23] [196/459] GCAK
[16:52:24] [197/459] ANNK
[16:52:25] [198/459] KDDF
[16:52:26] [199/459] NRDP
[16:52:27] [200/459] PLAK
[16:52:28] [201/459] GCMC
[16:52:29] [202/459] ALPY
[16:52:31] [203/459] SICE
[16:52:32] [204/459] SISR
[16:52:32] [205/459] SRPZ
[16:52:33] [206/459] SRSW
[16:52:35] [207/459] SUYA
[16:52:36] [208/459] AMMT
[16:52:37] [209/459] BHCU
[16:52:38] [210/459] KLPA
[16:52:38] [211/459] NVKH
[16:52:39] [212/459] JMRC
[16:52:40] [213/459] KTTT
[16:52:41] [214/459] MAGH
[16:52:42] [215/459] MMMX
[16:52:42] [216/459] SALJ
[16:52:43] [217/459] GTJA
[16:52:44] [218/459] MAHT
[16:52:45] [219/459] SSNN
[16:52:46] [220/459] ARRP
[16:52:47] [221/459] ATNS
[16:52:48] [222/459] SKDT
[16:52:49] [223/459] ACAT
[16:52:50] [224/459] APRC
[16:52:51] [225/459] SWAG
[16:52:52] [226/459] SDPT
[16:52:53] [227/459] STPS
[16:52:54] [228/459] WWCZ
[16:52:54] [229/459] LLCH
[16:52:55] [230/459] MZHA
[16:52:56] [231/459] CRJG
[16:52:57] [232/459] JGTK
[16:52:58] [233/459] KCSR
[16:52:58] [234/459] CHTL
[16:52:59] [235/459] EDSR
[16:53:01] [236/459] CSWO
[16:53:02] [237/459] CPVM
[16:53:03] [238/459] MXBY
[16:53:04] [239/459] FMMA
[16:53:04] [240/459] POVI
[16:53:05] [241/459] MTHB
[16:53:06] [242/459] INRC
[16:53:07] [243/459] PIPP
[16:53:08] [244/459] BMXC
[16:53:09] [245/459] PCMM
[16:53:11] [246/459] PMKM
[16:53:12] [247/459] GATY
[16:53:13] [248/459] IMCM
[16:53:14] [249/459] POPE
[16:53:15] [250/459] MTCR
[16:53:16] [251/459] PVAE
[16:53:16] [252/459] PVMI
[16:53:17] [253/459] CPNM
[16:53:19] [254/459] FMRL
[16:53:19] [255/459] MCIW
[16:53:20] [256/459] MXBO
[16:53:21] [257/459] FMKY
[16:53:22] [258/459] FMDA
[16:53:23] [259/459] THAB
[16:53:24] [260/459] PRCW
[16:53:25] [261/459] PITI
[16:53:26] [262/459] MCFF
[16:53:27] [263/459] PDDV
[16:53:28] [264/459] MCRM
[16:53:28] [265/459] KKMB
[16:53:30] [266/459] INKO
[16:53:30] [267/459] PLXP
[16:53:31] [268/459] MMHA
[16:53:32] [269/459] FMVS
[16:53:33] [270/459] POLM
[16:53:33] [271/459] STER
[16:53:34] [272/459] PVWJ
[16:53:35] [273/459] IMJW
[16:53:36] [274/459] FNAN
[16:53:37] [275/459] CAGL
[16:53:37] [276/459] IPBG
[16:53:38] [277/459] SMFV
[16:53:39] [278/459] MMMR
[16:53:40] [279/459] MMWM
[16:53:40] [280/459] FNCM
[16:53:41] [281/459] MDVA
[16:53:42] [282/459] MMET
[16:53:43] [283/459] MIDO
[16:53:44] [284/459] INNP
[16:53:45] [285/459] MIFU
[16:53:46] [286/459] MMSZ
[16:53:47] [287/459] BMXA
[16:53:48] [288/459] MCAA
[16:53:49] [289/459] SCVP
[16:53:50] [290/459] PLUS
[16:53:51] [291/459] MUCK
[16:53:51] [292/459] MTMA
[16:53:52] [293/459] HPVR
[16:53:53] [294/459] PMPK
[16:53:54] [295/459] MAJB
[16:53:55] [296/459] CTRR
[16:53:56] [297/459] MCTG
[16:53:56] [298/459] MACE
[16:53:57] [299/459] AAAS
[16:53:58] [300/459] CPVV
[16:53:58] [301/459] RCHG
[16:53:59] [302/459] MCNE
[16:54:00] [303/459] EMNC
[16:54:01] [304/459] MCAN
[16:54:01] [305/459] TCDM
[16:54:02] [306/459] IRGT
[16:54:03] [307/459] GCMG
[16:54:04] [308/459] MXSN
[16:54:05] [309/459] MXCK
[16:54:06] [310/459] MCRC
[16:54:06] [311/459] RSMI
[16:54:07] [312/459] WAML
[16:54:08] [313/459] MTSC
[16:54:09] [314/459] FMDR
[16:54:10] [315/459] LEPV
[16:54:11] [316/459] MTGD
[16:54:13] [317/459] IMOB
[16:54:14] [318/459] CLMM
[16:54:16] [319/459] PZCD
[16:54:17] [320/459] GOCS
[16:54:18] [321/459] KCMA
[16:54:19] [322/459] CCMP
[16:54:20] [323/459] MTSU
[16:54:20] [324/459] SNGL
[16:54:22] [325/459] MMMC
[16:54:23] [326/459] MMAA
[16:54:23] [327/459] GCDM
[16:54:24] [328/459] KTMV
[16:54:25] [329/459] AETE
[16:54:27] [330/459] OMCS
[16:54:28] [331/459] GDCD
[16:54:29] [332/459] NYMD
[16:54:29] [333/459] RNCV
[16:54:30] [334/459] KKMT
[16:54:31] [335/459] GDTH
[16:54:32] [336/459] KMMV
[16:54:33] [337/459] NHCG
[16:54:34] [338/459] PJDW
[16:54:35] [339/459] MMCV
[16:54:36] [340/459] FQSA
[16:54:37] [341/459] KURL
[16:54:37] [342/459] NNNX
[16:54:38] [343/459] AMAU
[16:54:39] [344/459] VVVM
[16:54:40] [345/459] VECU
[16:54:42] [346/459] WCVR
[16:54:42] [347/459] MTGG
[16:54:43] [348/459] SGTG
[16:54:44] [349/459] MNTG
[16:54:45] [350/459] JDDG
[16:54:46] [351/459] MBTK
[16:54:47] [352/459] SGCD
[16:54:47] [353/459] MCTC
[16:54:48] [354/459] JTPC
[16:54:49] [355/459] SDKT
[16:54:49] [356/459] KRCC
[16:54:51] [357/459] RMMD
[16:54:52] [358/459] AAME
[16:54:52] [359/459] TMWC
[16:54:54] [360/459] NRWY
[16:54:55] [361/459] CITD
[16:54:56] [362/459] VERD
[16:54:57] [363/459] MKSK
[16:54:58] [364/459] STSM
[16:54:59] [365/459] MJDG
[16:55:00] [366/459] RKPM
[16:55:01] [367/459] SSCE
[16:55:01] [368/459] VMAE
[16:55:02] [369/459] SBRU
[16:55:03] [370/459] AMBC
[16:55:04] [371/459] AMLU
[16:55:05] [372/459] INVZ
[16:55:06] [373/459] LGTV
[16:55:06] [374/459] SVAD
[16:55:07] [375/459] SMSA
[16:55:08] [376/459] SPCZ
[16:55:10] [377/459] GTCX
[16:55:10] [378/459] SCSL
[16:55:11] [379/459] SAHU
[16:55:12] [380/459] NCDA
[16:55:13] [381/459] SCCG
[16:55:14] [382/459] VKTL
[16:55:14] [383/459] PUUJ
[16:55:15] [384/459] STEJ
[16:55:16] [385/459] RJAL
[16:55:17] [386/459] ACJC
[16:55:18] [387/459] VTHC
[16:55:19] [388/459] ARVB
[16:55:20] [389/459] AUBB
[16:55:20] [390/459] GDBR
[16:55:21] [391/459] PVND
[16:55:22] [392/459] BGRJ
[16:55:23] [393/459] RJMM
[16:55:24] [394/459] MCSA
[16:55:24] [395/459] BODA
[16:55:25] [396/459] JAGG
[16:55:26] [397/459] SCGA
[16:55:27] [398/459] LRCM
[16:55:28] [399/459] CPCN
[16:55:29] [400/459] SSTF
[16:55:30] [401/459] SRXP
[16:55:31] [402/459] CNFX
[16:55:31] [403/459] ANDI
[16:55:32] [404/459] SYEW
[16:55:33] [405/459] RCRE
[16:55:34] [406/459] SCRW
[16:55:35] [407/459] MBKR
[16:55:35] [408/459] ASNT
[16:55:36] [409/459] JTMT
[16:55:37] [410/459] SHAY
[16:55:39] [411/459] VRTH
[16:55:40] [412/459] SPTI
[16:55:41] [413/459] DPTD
[16:55:42] [414/459] TGSN
[16:55:43] [415/459] RCWV
[16:55:43] [416/459] OCUR
[16:55:44] [417/459] KSTC
[16:55:45] [418/459] SANI
[16:55:46] [419/459] MLCA
[16:55:47] [420/459] EGCA
[16:55:48] [421/459] SYSN
[16:55:49] [422/459] PKTA
[16:55:50] [423/459] PRCC
[16:55:51] [424/459] KSTR
[16:55:52] [425/459] SNTP
[16:55:53] [426/459] RCHA
[16:55:53] [427/459] SEEA
[16:55:54] [428/459] ALAT
[16:55:55] [429/459] AATV
[16:55:56] [430/459] RJTE
[16:55:57] [431/459] AAPP
[16:55:58] [432/459] PMMH
[16:55:59] [433/459] INRJ
[16:55:59] [434/459] SARB
[16:56:00] [435/459] PCJL
[16:56:01] [436/459] PFJJ
[16:56:02] [437/459] GRDC
[16:56:03] [438/459] BCBA
[16:56:04] [439/459] VIXL
[16:56:04] [440/459] CSTL
[16:56:05] [441/459] MTDK
[16:56:06] [442/459] TDAC
[16:56:07] [443/459] GTDN
[16:56:08] [444/459] TTDE
[16:56:08] [445/459] ASTS
[16:56:09] [446/459] CPNS
[16:56:10] [447/459] PVVW
[16:56:11] [448/459] USEB
[16:56:11] [449/459] DTYN
[16:56:12] [450/459] PVLE
[16:56:13] [451/459] CIPS
[16:56:14] [452/459] PAEG
[16:56:15] [453/459] PTCW
[16:56:16] [454/459] G3SR
[16:56:17] [455/459] PGND
[16:56:17] [456/459] INVM
[16:56:18] [457/459] SPIA
[16:56:19] [458/459] PCSN
[16:56:20] [459/459] PPGV
[16:56:21] 🧹 Deduping shows
[16:56:21] ✅ DONE | Shows=789 | Movies=29
