[10:08:45] 🚀 SCRIPT STARTED
[10:08:45] [1/459] MCCZ
[10:08:46] 🧠 New identity created
[10:08:46] [2/459] FRPU
[10:08:47] [3/459] SKSI
[10:08:48] [4/459] SSCK
[10:08:49] [5/459] SRDC
[10:08:50] [6/459] RSCZ
[10:08:51] [7/459] PRVT
[10:08:51] [8/459] GAGJ
[10:08:52] [9/459] SMHG
[10:08:53] [10/459] JTST
[10:08:54] [11/459] MYTH
[10:08:56] [12/459] JPCC
[10:08:57] [13/459] ACDC
[10:08:58] [14/459] SVFP
[10:08:59] [15/459] SFCM
[10:09:00] [16/459] RUPK
[10:09:00] [17/459] NTCR
[10:09:01] [18/459] RTCH
[10:09:02] [19/459] SCMH
[10:09:03] [20/459] SVYM
[10:09:04] [21/459] SPYM
[10:09:05] [22/459] SMMF
[10:09:05] [23/459] CLLB
[10:09:06] [24/459] FMCB
[10:09:07] [25/459] BBTC
[10:09:08] [26/459] NTHS
[10:09:08] [27/459] PKKJ
[10:09:09] [28/459] MTJA
[10:09:10] [29/459] PMSJ
[10:09:11] [30/459] JMJU
[10:09:12] [31/459] SRAD
[10:09:13] [32/459] MJMC
[10:09:14] [33/459] DFRM
[10:09:14] [34/459] PMRS
[10:09:15] [35/459] RKPP
[10:09:16] [36/459] BMBK
[10:09:17] [37/459] NEWS
[10:09:18] [38/459] SALB
[10:09:18] [39/459] SCPW
[10:09:19] [40/459] RAYL
[10:09:20] [41/459] CMGJ
[10:09:21] [42/459] JRCR
[10:09:22] [43/459] SRTB
[10:09:23] [44/459] ETPB
[10:09:23] [45/459] MXBN
[10:09:24] [46/459] TOPE
[10:09:25] [47/459] SNLJ
[10:09:26] [48/459] CDDP
[10:09:27] [49/459] APCX
[10:09:28] [50/459] TALP
[10:09:28] [51/459] RRMP
[10:09:29] [52/459] MAHB
[10:09:30] [53/459] MTKR
[10:09:32] [54/459] KSKL
[10:09:32] [55/459] RJLT
[10:09:33] [56/459] ATAS
[10:09:34] [57/459] AMHR
[10:09:35] [58/459] RSRM
[10:09:36] [59/459] GCAT
[10:09:37] [60/459] SMML
[10:09:38] [61/459] ACCD
[10:09:39] [62/459] VYDA
[10:09:40] [63/459] MSKT
[10:09:41] [64/459] AVDM
[10:09:42] [65/459] ASMH
[10:09:43] [66/459] VTMB
[10:09:44] [67/459] WVMB
[10:09:44] [68/459] PPMN
[10:09:45] [69/459] MTMD
[10:09:46] [70/459] SMMO
[10:09:47] [71/459] DLPB
[10:09:48] [72/459] AKMD
[10:09:49] [73/459] SHRR
[10:09:49] [74/459] ASCO
[10:09:50] [75/459] CZVX
[10:09:51] [76/459] GCBB
[10:09:52] [77/459] ATBM
[10:09:53] [78/459] TCGM
[10:09:54] [79/459] UMSE
[10:09:54] [80/459] NKCL
[10:09:56] [81/459] BTLR
[10:09:57] [82/459] GOCL
[10:09:58] [83/459] MIRN
[10:09:59] [84/459] THEC
[10:10:00] [85/459] SPPB
[10:10:00] [86/459] PMMM
[10:10:01] [87/459] GGMC
[10:10:02] [88/459] AVSR
[10:10:03] [89/459] RDMH
[10:10:04] [90/459] JSRS
[10:10:05] [91/459] VKGP
[10:10:06] [92/459] ACRT
[10:10:06] [93/459] GCBA
[10:10:07] [94/459] GTCP
[10:10:08] [95/459] AKFC
[10:10:09] [96/459] INCS
[10:10:10] [97/459] SMCK
[10:10:11] [98/459] BRUN
[10:10:11] [99/459] RPPC
[10:10:12] [100/459] PAYD
[10:10:13] [101/459] SVVT
[10:10:14] [102/459] RNCC
[10:10:15] [103/459] PCRC
[10:10:16] [104/459] PMRM
[10:10:17] [105/459] CCRP
[10:10:18] [106/459] INCR
[10:10:19] [107/459] ZTMP
[10:10:20] [108/459] MCNR
[10:10:21] [109/459] INRP
[10:10:22] [110/459] STRC
[10:10:23] [111/459] RATI
[10:10:24] [112/459] PBTR
[10:10:25] [113/459] CMHP
[10:10:25] [114/459] ZECJ
[10:10:26] [115/459] CCCB
[10:10:27] [116/459] BWCB
[10:10:28] [117/459] CCAT
[10:10:29] [118/459] KGCM
[10:10:30] [119/459] INPT
[10:10:30] [120/459] FNCO
[10:10:31] [121/459] SRMJ
[10:10:32] [122/459] PFSC
[10:10:33] [123/459] PBMC
[10:10:34] [124/459] KARP
[10:10:34] [125/459] KOVI
[10:10:35] [126/459] ACXL
[10:10:36] [127/459] GKCC
[10:10:37] [128/459] ASCC
[10:10:38] [129/459] SETC
[10:10:38] [130/459] KACC
[10:10:39] [131/459] KAVE
[10:10:40] [132/459] CNTC
[10:10:41] [133/459] MEEN
[10:10:41] [134/459] BMRV
[10:10:42] [135/459] SVAM
[10:10:43] [136/459] VTBP
[10:10:44] [137/459] VCKN
[10:10:45] [138/459] SGTK
[10:10:46] [139/459] RCGS
[10:10:47] [140/459] RCCB
[10:10:48] [141/459] RKSR
[10:10:49] [142/459] RKCU
[10:10:49] [143/459] GIBH
[10:10:50] [144/459] CXBS
[10:10:51] [145/459] GGCB
[10:10:52] [146/459] SCPB
[10:10:52] [147/459] AKTB
[10:10:53] [148/459] SRBU
[10:10:54] [149/459] CSSA
[10:10:55] [150/459] MYAN
[10:10:56] [151/459] EXCA
[10:10:56] [152/459] CKSA
[10:10:57] [153/459] JTNM
[10:10:58] [154/459] CXKT
[10:10:59] [155/459] NCLM
[10:11:00] [156/459] JAAD
[10:11:01] [157/459] RDCR
[10:11:01] [158/459] MEER
[10:11:02] [159/459] SIBT
[10:11:03] [160/459] PVVB
[10:11:04] [161/459] FNPN
[10:11:05] [162/459] CRPX
[10:11:05] [163/459] STET
[10:11:06] [164/459] METE
[10:11:07] [165/459] BJML
[10:11:08] [166/459] MAVT
[10:11:09] [167/459] MSRM
[10:11:09] [168/459] TJMP
[10:11:10] [169/459] MHCK
[10:11:11] [170/459] SVGP
[10:11:13] [171/459] KRRC
[10:11:14] [172/459] IMCH
[10:11:14] [173/459] CMCS
[10:11:15] [174/459] SGND
[10:11:16] [175/459] RNAT
[10:11:17] [176/459] PRTN
[10:11:18] [177/459] MPTN
[10:11:19] [178/459] ARCC
[10:11:19] [179/459] NTTE
[10:11:20] [180/459] ABND
[10:11:21] [181/459] KCSN
[10:11:22] [182/459] KCSA
[10:11:23] [183/459] DCKT
[10:11:23] [184/459] MBBR
[10:11:24] [185/459] RAMU
[10:11:25] [186/459] RACW
[10:11:26] [187/459] MCHP
[10:11:27] [188/459] TMHM
[10:11:28] [189/459] STXH
[10:11:28] [190/459] AGSG
[10:11:29] [191/459] SIRA
[10:11:30] [192/459] RCAN
[10:11:31] [193/459] CWTB
[10:11:31] [194/459] VTYM
[10:11:32] [195/459] RRPP
[10:11:33] [196/459] ASMR
[10:11:34] [197/459] RONO
[10:11:34] [198/459] MEMR
[10:11:35] [199/459] CTMR
[10:11:36] [200/459] PMTT
[10:11:37] [201/459] PSLX
[10:11:38] [202/459] IPPL
[10:11:38] [203/459] MMSG
[10:11:40] [204/459] INEL
[10:11:41] [205/459] COAC
[10:11:41] [206/459] WVLK
[10:11:42] [207/459] PPXL
[10:11:43] [208/459] PSML
[10:11:44] [209/459] FNLK
[10:11:45] [210/459] ILUM
[10:11:46] [211/459] ILCM
[10:11:47] [212/459] MSNL
[10:11:48] [213/459] VINB
[10:11:49] [214/459] SALW
[10:11:50] [215/459] PRTB
[10:11:50] [216/459] NCIL
[10:11:51] [217/459] PSUL
[10:11:52] [218/459] SCLK
[10:11:53] [219/459] ADDC
[10:11:53] [220/459] OACL
[10:11:54] [221/459] OOCF
[10:11:55] [222/459] GPMF
[10:11:56] [223/459] SSDG
[10:11:57] [224/459] SKRS
[10:11:58] [225/459] NTTP
[10:11:58] [226/459] SLTP
[10:11:59] [227/459] JTLC
[10:12:00] [228/459] POON
[10:12:01] [229/459] CCPC
[10:12:02] [230/459] DCKC
[10:12:03] [231/459] CPRT
[10:12:05] [232/459] EYHZ
[10:12:06] [233/459] ARBL
[10:12:07] [234/459] SBTB
[10:12:08] [235/459] MMCK
[10:12:08] [236/459] PLMR
[10:12:09] [237/459] BIJH
[10:12:10] [238/459] SDRT
[10:12:11] [239/459] PRDC
[10:12:12] [240/459] OMJA
[10:12:13] [241/459] VKCR
[10:12:14] [242/459] ATRT
[10:12:14] [243/459] WVRP
[10:12:15] [244/459] MVRP
[10:12:16] [245/459] FCAX
[10:12:17] [246/459] CTLC
[10:12:18] [247/459] JCHB
[10:12:18] [248/459] SELP
[10:12:19] [249/459] VCPG
[10:12:20] [250/459] ASCX
[10:12:21] [251/459] EOCS
[10:12:22] [252/459] RCPH
[10:12:23] [253/459] RJTM
[10:12:23] [254/459] SGMD
[10:12:24] [255/459] SVJT
[10:12:25] [256/459] SPPO
[10:12:26] [257/459] MNRL
[10:12:27] [258/459] KNOX
[10:12:27] [259/459] GIER
[10:12:28] [260/459] PJMS
[10:12:29] [261/459] UNSP
[10:12:30] [262/459] JETP
[10:12:31] [263/459] VTWA
[10:12:32] [264/459] SCJI
[10:12:33] [265/459] CBZZ
[10:12:33] [266/459] SDCJ
[10:12:34] [267/459] RRCC
[10:12:35] [268/459] VNKG
[10:12:35] [269/459] LKTO
[10:12:36] [270/459] PJRM
[10:12:37] [271/459] NVRM
[10:12:38] [272/459] SJCS
[10:12:39] [273/459] VIGK
[10:12:39] [274/459] ANST
[10:12:40] [275/459] JTTS
[10:12:42] [276/459] NTST
[10:12:43] [277/459] PREB
[10:12:43] [278/459] TSCZ
[10:12:44] [279/459] CDCM
[10:12:45] [280/459] ELYE
[10:12:46] [281/459] INBS
[10:12:47] [282/459] SMGC
[10:12:48] [283/459] UTMP
[10:12:48] [284/459] INTA
[10:12:49] [285/459] OMPT
[10:12:50] [286/459] SCIR
[10:12:51] [287/459] GCKJ
[10:12:52] [288/459] INOG
[10:12:53] [289/459] SMGB
[10:12:53] [290/459] MCSG
[10:12:54] [291/459] STKG
[10:12:55] [292/459] TTKG
[10:12:56] [293/459] SRTR
[10:12:57] [294/459] ETTR
[10:12:58] [295/459] GGGZ
[10:12:58] [296/459] IPGM
[10:12:59] [297/459] FCDH
[10:13:00] [298/459] DESB
[10:13:01] [299/459] VNTP
[10:13:02] [300/459] ANNT
[10:13:03] [301/459] SLTI
[10:13:03] [302/459] MAJU
[10:13:04] [303/459] JCXP
[10:13:05] [304/459] HARK
[10:13:06] [305/459] JPCJ
[10:13:07] [306/459] RXBD
[10:13:08] [307/459] PTKJ
[10:13:09] [308/459] CMTU
[10:13:10] [309/459] SWOR
[10:13:11] [310/459] JMEX
[10:13:12] [311/459] DTPT
[10:13:13] [312/459] VGMM
[10:13:13] [313/459] VCSG
[10:13:14] [314/459] CVCG
[10:13:15] [315/459] TNTT
[10:13:16] [316/459] SHRM
[10:13:17] [317/459] CGKD
[10:13:18] [318/459] EKCM
[10:13:19] [319/459] SDCX
[10:13:20] [320/459] SBTE
[10:13:21] [321/459] STKJ
[10:13:22] [322/459] TPCE
[10:13:22] [323/459] JTNP
[10:13:23] [324/459] LPCH
[10:13:24] [325/459] CPUO
[10:13:25] [326/459] APSU
[10:13:26] [327/459] RTHC
[10:13:27] [328/459] PTBU
[10:13:28] [329/459] CUCC
[10:13:28] [330/459] CPSA
[10:13:29] [331/459] SUAY
[10:13:30] [332/459] AYAA
[10:13:31] [333/459] MUCH
[10:13:32] [334/459] PCIN
[10:13:32] [335/459] JRRM
[10:13:33] [336/459] KATS
[10:13:34] [337/459] MHFF
[10:13:35] [338/459] ESYM
[10:13:36] [339/459] STYV
[10:13:37] [340/459] SDKG
[10:13:38] [341/459] SMTI
[10:13:40] [342/459] NYCS
[10:13:40] [343/459] MTBG
[10:13:41] [344/459] RHCA
[10:13:42] [345/459] PCKH
[10:13:43] [346/459] ARCR
[10:13:44] [347/459] NCMB
[10:13:45] [348/459] SHYC
[10:13:46] [349/459] LACK
[10:13:47] [350/459] MTCM
[10:13:48] [351/459] RRBN
[10:13:49] [352/459] MYDC
[10:13:51] [353/459] STCS
[10:13:51] [354/459] CONN
[10:13:52] [355/459] SIPS
[10:13:53] [356/459] SMMX
[10:13:54] [357/459] SCBY
[10:13:54] [358/459] SUAP
[10:13:55] [359/459] RSMK
[10:13:56] [360/459] STKP
[10:13:57] [361/459] CIPC
[10:13:58] [362/459] KKCI
[10:13:59] [363/459] CTNK
[10:14:00] [364/459] MMTZ
[10:14:01] [365/459] DCCO
[10:14:02] [366/459] VNMN
[10:14:02] [367/459] RLCN
[10:14:03] [368/459] CMMS
[10:14:04] [369/459] AYOU
[10:14:05] [370/459] SSCN
[10:14:06] [371/459] SMXN
[10:14:07] [372/459] ASSK
[10:14:08] [373/459] VCKM
[10:14:08] [374/459] PCPH
[10:14:09] [375/459] PADM
[10:14:10] [376/459] IESA
[10:14:11] [377/459] VCSP
[10:14:12] [378/459] AEST
[10:14:13] [379/459] VTNR
[10:14:14] [380/459] GTTA
[10:14:15] [381/459] CMMM
[10:14:16] [382/459] AHKT
[10:14:16] [383/459] SIJI
[10:14:17] [384/459] VCEI
[10:14:18] [385/459] SAKR
[10:14:19] [386/459] VSMT
[10:14:20] [387/459] SSCT
[10:14:21] [388/459] USTR
[10:14:21] [389/459] MTKT
[10:14:22] [390/459] TGMP
[10:14:23] [391/459] SIVC
[10:14:24] [392/459] KICT
[10:14:25] [393/459] DAMD
[10:14:26] [394/459] CNPT
[10:14:26] [395/459] RVTT
[10:14:27] [396/459] SNCM
[10:14:28] [397/459] GHTE
[10:14:29] [398/459] PPAM
[10:14:30] [399/459] PVAA
[10:14:31] [400/459] CPAO
[10:14:32] [401/459] HAMD
[10:14:32] [402/459] RCCA
[10:14:33] [403/459] MPCH
[10:14:34] [404/459] ARED
[10:14:35] [405/459] RRCV
[10:14:36] [406/459] MTRB
[10:14:37] [407/459] CKUA
[10:14:38] [408/459] ABMP
[10:14:39] [409/459] RCWA
[10:14:40] [410/459] CGAR
[10:14:41] [411/459] METH
[10:14:41] [412/459] WAGA
[10:14:42] [413/459] MCMA
[10:14:44] [414/459] CSMP
[10:14:45] [415/459] RCNK
[10:14:46] [416/459] PSTM
[10:14:47] [417/459] CSEP
[10:14:47] [418/459] AMGD
[10:14:48] [419/459] CSTE
[10:14:49] [420/459] CONS
[10:14:50] [421/459] APPX
[10:14:51] [422/459] MABC
[10:14:52] [423/459] CXST
[10:14:53] [424/459] MATN
[10:14:54] [425/459] MACZ
[10:14:55] [426/459] MASA
[10:14:56] [427/459] MBSX
[10:14:57] [428/459] CSST
[10:14:58] [429/459] APCL
[10:14:59] [430/459] CGOS
[10:15:00] [431/459] CPEC
[10:15:01] [432/459] MCCP
[10:15:03] [433/459] BSSO
[10:15:04] [434/459] SJKA
[10:15:05] [435/459] CGBO
[10:15:06] [436/459] MVSK
[10:15:07] [437/459] HVCA
[10:15:08] [438/459] NAMD
[10:15:09] [439/459] DEVI
[10:15:10] [440/459] SCSV
[10:15:11] [441/459] PSMA
[10:15:12] [442/459] CLDJ
[10:15:13] [443/459] NMAD
[10:15:14] [444/459] CGMO
[10:15:15] [445/459] MCNA
[10:15:15] [446/459] OCBN
[10:15:17] [447/459] CPEM
[10:15:17] [448/459] CPSM
[10:15:18] [449/459] RCAD
[10:15:19] [450/459] CPMU
[10:15:20] [451/459] DICD
[10:15:21] [452/459] CHOE
[10:15:22] [453/459] PDJM
[10:15:22] [454/459] SSTU
[10:15:23] [455/459] VNRN
[10:15:24] [456/459] PVLG
[10:15:25] [457/459] SWBL
[10:15:26] [458/459] SCAB
[10:15:28] [459/459] RDDA
[10:15:29] 🧹 Deduping shows
[10:15:29] ✅ DONE | Shows=183 | Movies=10
[16:49:23] 🚀 SCRIPT STARTED
[16:49:23] [1/459] MCCZ
[16:49:23] 🧠 New identity created
[16:49:24] [2/459] FRPU
[16:49:25] [3/459] SKSI
[16:49:26] [4/459] SSCK
[16:49:27] [5/459] SRDC
[16:49:27] [6/459] RSCZ
[16:49:28] [7/459] PRVT
[16:49:30] [8/459] GAGJ
[16:49:30] [9/459] SMHG
[16:49:31] [10/459] JTST
[16:49:32] [11/459] MYTH
[16:49:33] [12/459] JPCC
[16:49:34] [13/459] ACDC
[16:49:34] [14/459] SVFP
[16:49:35] [15/459] SFCM
[16:49:36] [16/459] RUPK
[16:49:37] [17/459] NTCR
[16:49:38] [18/459] RTCH
[16:49:39] [19/459] SCMH
[16:49:40] [20/459] SVYM
[16:49:40] [21/459] SPYM
[16:49:41] [22/459] SMMF
[16:49:42] [23/459] CLLB
[16:49:43] [24/459] FMCB
[16:49:44] [25/459] BBTC
[16:49:45] [26/459] NTHS
[16:49:46] [27/459] PKKJ
[16:49:46] [28/459] MTJA
[16:49:47] [29/459] PMSJ
[16:49:48] [30/459] JMJU
[16:49:49] [31/459] SRAD
[16:49:50] [32/459] MJMC
[16:49:51] [33/459] DFRM
[16:49:51] [34/459] PMRS
[16:49:52] [35/459] RKPP
[16:49:53] [36/459] BMBK
[16:49:54] [37/459] NEWS
[16:49:55] [38/459] SALB
[16:49:56] [39/459] SCPW
[16:49:57] [40/459] RAYL
[16:49:57] [41/459] CMGJ
[16:49:58] [42/459] JRCR
[16:49:59] [43/459] SRTB
[16:50:00] [44/459] ETPB
[16:50:01] [45/459] MXBN
[16:50:02] [46/459] TOPE
[16:50:04] [47/459] SNLJ
[16:50:05] [48/459] CDDP
[16:50:06] [49/459] APCX
[16:50:07] [50/459] TALP
[16:50:08] [51/459] RRMP
[16:50:08] [52/459] MAHB
[16:50:09] [53/459] MTKR
[16:50:10] [54/459] KSKL
[16:50:10] [55/459] RJLT
[16:50:11] [56/459] ATAS
[16:50:12] [57/459] AMHR
[16:50:13] [58/459] RSRM
[16:50:13] [59/459] GCAT
[16:50:14] [60/459] SMML
[16:50:15] [61/459] ACCD
[16:50:16] [62/459] VYDA
[16:50:16] [63/459] MSKT
[16:50:17] [64/459] AVDM
[16:50:18] [65/459] ASMH
[16:50:19] [66/459] VTMB
[16:50:20] [67/459] WVMB
[16:50:21] [68/459] PPMN
[16:50:22] [69/459] MTMD
[16:50:23] [70/459] SMMO
[16:50:24] [71/459] DLPB
[16:50:25] [72/459] AKMD
[16:50:26] [73/459] SHRR
[16:50:26] [74/459] ASCO
[16:50:27] [75/459] CZVX
[16:50:28] [76/459] GCBB
[16:50:29] [77/459] ATBM
[16:50:30] [78/459] TCGM
[16:50:31] [79/459] UMSE
[16:50:32] [80/459] NKCL
[16:50:33] [81/459] BTLR
[16:50:34] [82/459] GOCL
[16:50:35] [83/459] MIRN
[16:50:36] [84/459] THEC
[16:50:37] [85/459] SPPB
[16:50:38] [86/459] PMMM
[16:50:39] [87/459] GGMC
[16:50:39] [88/459] AVSR
[16:50:40] [89/459] RDMH
[16:50:41] [90/459] JSRS
[16:50:42] [91/459] VKGP
[16:50:43] [92/459] ACRT
[16:50:44] [93/459] GCBA
[16:50:45] [94/459] GTCP
[16:50:46] [95/459] AKFC
[16:50:47] [96/459] INCS
[16:50:48] [97/459] SMCK
[16:50:49] [98/459] BRUN
[16:50:50] [99/459] RPPC
[16:50:50] [100/459] PAYD
[16:50:52] [101/459] SVVT
[16:50:53] [102/459] RNCC
[16:50:53] [103/459] PCRC
[16:50:54] [104/459] PMRM
[16:50:55] [105/459] CCRP
[16:50:56] [106/459] INCR
[16:50:58] [107/459] ZTMP
[16:50:58] [108/459] MCNR
[16:50:59] [109/459] INRP
[16:51:01] [110/459] STRC
[16:51:02] [111/459] RATI
[16:51:02] [112/459] PBTR
[16:51:03] [113/459] CMHP
[16:51:04] [114/459] ZECJ
[16:51:05] [115/459] CCCB
[16:51:06] [116/459] BWCB
[16:51:06] [117/459] CCAT
[16:51:07] [118/459] KGCM
[16:51:08] [119/459] INPT
[16:51:09] [120/459] FNCO
[16:51:10] [121/459] SRMJ
[16:51:11] [122/459] PFSC
[16:51:13] [123/459] PBMC
[16:51:14] [124/459] KARP
[16:51:14] [125/459] KOVI
[16:51:15] [126/459] ACXL
[16:51:16] [127/459] GKCC
[16:51:17] [128/459] ASCC
[16:51:19] [129/459] SETC
[16:51:19] [130/459] KACC
[16:51:20] [131/459] KAVE
[16:51:22] [132/459] CNTC
[16:51:22] [133/459] MEEN
[16:51:23] [134/459] BMRV
[16:51:24] [135/459] SVAM
[16:51:25] [136/459] VTBP
[16:51:26] [137/459] VCKN
[16:51:28] [138/459] SGTK
[16:51:30] [139/459] RCGS
[16:51:30] [140/459] RCCB
[16:51:31] [141/459] RKSR
[16:51:32] [142/459] RKCU
[16:51:33] [143/459] GIBH
[16:51:34] [144/459] CXBS
[16:51:35] [145/459] GGCB
[16:51:36] [146/459] SCPB
[16:51:36] [147/459] AKTB
[16:51:37] [148/459] SRBU
[16:51:38] [149/459] CSSA
[16:51:39] [150/459] MYAN
[16:51:39] [151/459] EXCA
[16:51:41] [152/459] CKSA
[16:51:42] [153/459] JTNM
[16:51:43] [154/459] CXKT
[16:51:44] [155/459] NCLM
[16:51:45] [156/459] JAAD
[16:51:45] [157/459] RDCR
[16:51:46] [158/459] MEER
[16:51:47] [159/459] SIBT
[16:51:48] [160/459] PVVB
[16:51:49] [161/459] FNPN
[16:51:50] [162/459] CRPX
[16:51:50] [163/459] STET
[16:51:51] [164/459] METE
[16:51:52] [165/459] BJML
[16:51:53] [166/459] MAVT
[16:51:53] [167/459] MSRM
[16:51:54] [168/459] TJMP
[16:51:55] [169/459] MHCK
[16:51:56] [170/459] SVGP
[16:51:57] [171/459] KRRC
[16:51:58] [172/459] IMCH
[16:51:58] [173/459] CMCS
[16:51:59] [174/459] SGND
[16:52:00] [175/459] RNAT
[16:52:01] [176/459] PRTN
[16:52:02] [177/459] MPTN
[16:52:03] [178/459] ARCC
[16:52:03] [179/459] NTTE
[16:52:04] [180/459] ABND
[16:52:05] [181/459] KCSN
[16:52:06] [182/459] KCSA
[16:52:07] [183/459] DCKT
[16:52:08] [184/459] MBBR
[16:52:09] [185/459] RAMU
[16:52:10] [186/459] RACW
[16:52:11] [187/459] MCHP
[16:52:11] [188/459] TMHM
[16:52:12] [189/459] STXH
[16:52:13] [190/459] AGSG
[16:52:14] [191/459] SIRA
[16:52:14] [192/459] RCAN
[16:52:15] [193/459] CWTB
[16:52:16] [194/459] VTYM
[16:52:17] [195/459] RRPP
[16:52:17] [196/459] ASMR
[16:52:19] [197/459] RONO
[16:52:20] [198/459] MEMR
[16:52:21] [199/459] CTMR
[16:52:22] [200/459] PMTT
[16:52:23] [201/459] PSLX
[16:52:23] [202/459] IPPL
[16:52:24] [203/459] MMSG
[16:52:25] [204/459] INEL
[16:52:26] [205/459] COAC
[16:52:26] [206/459] WVLK
[16:52:27] [207/459] PPXL
[16:52:28] [208/459] PSML
[16:52:29] [209/459] FNLK
[16:52:30] [210/459] ILUM
[16:52:31] [211/459] ILCM
[16:52:32] [212/459] MSNL
[16:52:32] [213/459] VINB
[16:52:33] [214/459] SALW
[16:52:34] [215/459] PRTB
[16:52:35] [216/459] NCIL
[16:52:35] [217/459] PSUL
[16:52:36] [218/459] SCLK
[16:52:38] [219/459] ADDC
[16:52:38] [220/459] OACL
[16:52:40] [221/459] OOCF
[16:52:41] [222/459] GPMF
[16:52:41] [223/459] SSDG
[16:52:42] [224/459] SKRS
[16:52:44] [225/459] NTTP
[16:52:45] [226/459] SLTP
[16:52:45] [227/459] JTLC
[16:52:46] [228/459] POON
[16:52:47] [229/459] CCPC
[16:52:48] [230/459] DCKC
[16:52:48] [231/459] CPRT
[16:52:49] [232/459] EYHZ
[16:52:50] [233/459] ARBL
[16:52:51] [234/459] SBTB
[16:52:52] [235/459] MMCK
[16:52:53] [236/459] PLMR
[16:52:53] [237/459] BIJH
[16:52:54] [238/459] SDRT
[16:52:55] [239/459] PRDC
[16:52:56] [240/459] OMJA
[16:52:57] [241/459] VKCR
[16:52:58] [242/459] ATRT
[16:52:59] [243/459] WVRP
[16:52:59] [244/459] MVRP
[16:53:00] [245/459] FCAX
[16:53:01] [246/459] CTLC
[16:53:02] [247/459] JCHB
[16:53:03] [248/459] SELP
[16:53:04] [249/459] VCPG
[16:53:05] [250/459] ASCX
[16:53:05] [251/459] EOCS
[16:53:06] [252/459] RCPH
[16:53:07] [253/459] RJTM
[16:53:08] [254/459] SGMD
[16:53:08] [255/459] SVJT
[16:53:09] [256/459] SPPO
[16:53:10] [257/459] MNRL
[16:53:11] [258/459] KNOX
[16:53:12] [259/459] GIER
[16:53:12] [260/459] PJMS
[16:53:13] [261/459] UNSP
[16:53:14] [262/459] JETP
[16:53:15] [263/459] VTWA
[16:53:16] [264/459] SCJI
[16:53:17] [265/459] CBZZ
[16:53:18] [266/459] SDCJ
[16:53:19] [267/459] RRCC
[16:53:20] [268/459] VNKG
[16:53:20] [269/459] LKTO
[16:53:21] [270/459] PJRM
[16:53:22] [271/459] NVRM
[16:53:23] [272/459] SJCS
[16:53:24] [273/459] VIGK
[16:53:25] [274/459] ANST
[16:53:26] [275/459] JTTS
[16:53:26] [276/459] NTST
[16:53:27] [277/459] PREB
[16:53:28] [278/459] TSCZ
[16:53:29] [279/459] CDCM
[16:53:29] [280/459] ELYE
[16:53:30] [281/459] INBS
[16:53:31] [282/459] SMGC
[16:53:32] [283/459] UTMP
[16:53:33] [284/459] INTA
[16:53:34] [285/459] OMPT
[16:53:35] [286/459] SCIR
[16:53:36] [287/459] GCKJ
[16:53:37] [288/459] INOG
[16:53:38] [289/459] SMGB
[16:53:39] [290/459] MCSG
[16:53:40] [291/459] STKG
[16:53:40] [292/459] TTKG
[16:53:41] [293/459] SRTR
[16:53:42] [294/459] ETTR
[16:53:44] [295/459] GGGZ
[16:53:44] [296/459] IPGM
[16:53:46] [297/459] FCDH
[16:53:47] [298/459] DESB
[16:53:47] [299/459] VNTP
[16:53:48] [300/459] ANNT
[16:53:49] [301/459] SLTI
[16:53:50] [302/459] MAJU
[16:53:51] [303/459] JCXP
[16:53:52] [304/459] HARK
[16:53:53] [305/459] JPCJ
[16:53:54] [306/459] RXBD
[16:53:55] [307/459] PTKJ
[16:53:55] [308/459] CMTU
[16:53:57] [309/459] SWOR
[16:53:57] [310/459] JMEX
[16:53:58] [311/459] DTPT
[16:53:59] [312/459] VGMM
[16:54:00] [313/459] VCSG
[16:54:01] [314/459] CVCG
[16:54:01] [315/459] TNTT
[16:54:02] [316/459] SHRM
[16:54:03] [317/459] CGKD
[16:54:04] [318/459] EKCM
[16:54:05] [319/459] SDCX
[16:54:06] [320/459] SBTE
[16:54:07] [321/459] STKJ
[16:54:08] [322/459] TPCE
[16:54:09] [323/459] JTNP
[16:54:10] [324/459] LPCH
[16:54:10] [325/459] CPUO
[16:54:11] [326/459] APSU
[16:54:12] [327/459] RTHC
[16:54:13] [328/459] PTBU
[16:54:14] [329/459] CUCC
[16:54:15] [330/459] CPSA
[16:54:15] [331/459] SUAY
[16:54:16] [332/459] AYAA
[16:54:17] [333/459] MUCH
[16:54:18] [334/459] PCIN
[16:54:19] [335/459] JRRM
[16:54:20] [336/459] KATS
[16:54:21] [337/459] MHFF
[16:54:21] [338/459] ESYM
[16:54:22] [339/459] STYV
[16:54:24] [340/459] SDKG
[16:54:24] [341/459] SMTI
[16:54:25] [342/459] NYCS
[16:54:26] [343/459] MTBG
[16:54:26] [344/459] RHCA
[16:54:27] [345/459] PCKH
[16:54:28] [346/459] ARCR
[16:54:29] [347/459] NCMB
[16:54:30] [348/459] SHYC
[16:54:30] [349/459] LACK
[16:54:31] [350/459] MTCM
[16:54:32] [351/459] RRBN
[16:54:33] [352/459] MYDC
[16:54:34] [353/459] STCS
[16:54:35] [354/459] CONN
[16:54:35] [355/459] SIPS
[16:54:36] [356/459] SMMX
[16:54:37] [357/459] SCBY
[16:54:38] [358/459] SUAP
[16:54:39] [359/459] RSMK
[16:54:39] [360/459] STKP
[16:54:40] [361/459] CIPC
[16:54:41] [362/459] KKCI
[16:54:42] [363/459] CTNK
[16:54:42] [364/459] MMTZ
[16:54:44] [365/459] DCCO
[16:54:44] [366/459] VNMN
[16:54:46] [367/459] RLCN
[16:54:46] [368/459] CMMS
[16:54:47] [369/459] AYOU
[16:54:48] [370/459] SSCN
[16:54:49] [371/459] SMXN
[16:54:50] [372/459] ASSK
[16:54:50] [373/459] VCKM
[16:54:52] [374/459] PCPH
[16:54:53] [375/459] PADM
[16:54:54] [376/459] IESA
[16:54:55] [377/459] VCSP
[16:54:55] [378/459] AEST
[16:54:57] [379/459] VTNR
[16:54:57] [380/459] GTTA
[16:54:58] [381/459] CMMM
[16:54:59] [382/459] AHKT
[16:55:00] [383/459] SIJI
[16:55:01] [384/459] VCEI
[16:55:02] [385/459] SAKR
[16:55:02] [386/459] VSMT
[16:55:03] [387/459] SSCT
[16:55:04] [388/459] USTR
[16:55:05] [389/459] MTKT
[16:55:06] [390/459] TGMP
[16:55:07] [391/459] SIVC
[16:55:08] [392/459] KICT
[16:55:10] [393/459] DAMD
[16:55:10] [394/459] CNPT
[16:55:11] [395/459] RVTT
[16:55:12] [396/459] SNCM
[16:55:13] [397/459] GHTE
[16:55:14] [398/459] PPAM
[16:55:14] [399/459] PVAA
[16:55:15] [400/459] CPAO
[16:55:17] [401/459] HAMD
[16:55:17] [402/459] RCCA
[16:55:18] [403/459] MPCH
[16:55:19] [404/459] ARED
[16:55:20] [405/459] RRCV
[16:55:21] [406/459] MTRB
[16:55:22] [407/459] CKUA
[16:55:23] [408/459] ABMP
[16:55:23] [409/459] RCWA
[16:55:24] [410/459] CGAR
[16:55:25] [411/459] METH
[16:55:26] [412/459] WAGA
[16:55:27] [413/459] MCMA
[16:55:27] [414/459] CSMP
[16:55:28] [415/459] RCNK
[16:55:29] [416/459] PSTM
[16:55:30] [417/459] CSEP
[16:55:30] [418/459] AMGD
[16:55:31] [419/459] CSTE
[16:55:32] [420/459] CONS
[16:55:33] [421/459] APPX
[16:55:34] [422/459] MABC
[16:55:35] [423/459] CXST
[16:55:36] [424/459] MATN
[16:55:38] [425/459] MACZ
[16:55:39] [426/459] MASA
[16:55:40] [427/459] MBSX
[16:55:40] [428/459] CSST
[16:55:41] [429/459] APCL
[16:55:42] [430/459] CGOS
[16:55:43] [431/459] CPEC
[16:55:44] [432/459] MCCP
[16:55:44] [433/459] BSSO
[16:55:45] [434/459] SJKA
[16:55:46] [435/459] CGBO
[16:55:47] [436/459] MVSK
[16:55:48] [437/459] HVCA
[16:55:48] [438/459] NAMD
[16:55:49] [439/459] DEVI
[16:55:50] [440/459] SCSV
[16:55:51] [441/459] PSMA
[16:55:52] [442/459] CLDJ
[16:55:52] [443/459] NMAD
[16:55:53] [444/459] CGMO
[16:55:54] [445/459] MCNA
[16:55:55] [446/459] OCBN
[16:55:55] [447/459] CPEM
[16:55:57] [448/459] CPSM
[16:55:58] [449/459] RCAD
[16:55:58] [450/459] CPMU
[16:55:59] [451/459] DICD
[16:56:00] [452/459] CHOE
[16:56:01] [453/459] PDJM
[16:56:02] [454/459] SSTU
[16:56:02] [455/459] VNRN
[16:56:03] [456/459] PVLG
[16:56:04] [457/459] SWBL
[16:56:05] [458/459] SCAB
[16:56:06] [459/459] RDDA
[16:56:07] 🧹 Deduping shows
[16:56:07] ✅ DONE | Shows=332 | Movies=24
[04:50:30] 🚀 SCRIPT STARTED
[04:50:30] [1/459] MCCZ
[04:50:30] 🧠 New identity created
[04:50:31] [2/459] FRPU
[04:50:32] [3/459] SKSI
[04:50:32] [4/459] SSCK
[04:50:33] [5/459] SRDC
[04:50:33] [6/459] RSCZ
[04:50:34] [7/459] PRVT
[04:50:34] [8/459] GAGJ
[04:50:35] [9/459] SMHG
[04:50:36] [10/459] JTST
[04:50:36] [11/459] MYTH
[04:50:37] [12/459] JPCC
[04:50:38] [13/459] ACDC
[04:50:39] [14/459] SVFP
[04:50:39] [15/459] SFCM
[04:50:40] [16/459] RUPK
[04:50:40] [17/459] NTCR
[04:50:41] [18/459] RTCH
[04:50:41] [19/459] SCMH
[04:50:42] [20/459] SVYM
[04:50:42] [21/459] SPYM
[04:50:43] [22/459] SMMF
[04:50:44] [23/459] CLLB
[04:50:44] [24/459] FMCB
[04:50:45] [25/459] BBTC
[04:50:45] [26/459] NTHS
[04:50:46] [27/459] PKKJ
[04:50:46] [28/459] MTJA
[04:50:47] [29/459] PMSJ
[04:50:48] [30/459] JMJU
[04:50:48] [31/459] SRAD
[04:50:49] [32/459] MJMC
[04:50:49] [33/459] DFRM
[04:50:50] [34/459] PMRS
[04:50:51] [35/459] RKPP
[04:50:51] [36/459] BMBK
[04:50:52] [37/459] NEWS
[04:50:52] [38/459] SALB
[04:50:53] [39/459] SCPW
[04:50:53] [40/459] RAYL
[04:50:54] [41/459] CMGJ
[04:50:54] [42/459] JRCR
[04:50:55] [43/459] SRTB
[04:50:56] [44/459] ETPB
[04:50:56] [45/459] MXBN
[04:50:57] [46/459] TOPE
[04:50:58] [47/459] SNLJ
[04:50:58] [48/459] CDDP
[04:50:59] [49/459] APCX
[04:50:59] [50/459] TALP
[04:51:00] [51/459] RRMP
[04:51:00] [52/459] MAHB
[04:51:01] [53/459] MTKR
[04:51:02] [54/459] KSKL
[04:51:02] [55/459] RJLT
[04:51:03] [56/459] ATAS
[04:51:03] [57/459] AMHR
[04:51:04] [58/459] RSRM
[04:51:05] [59/459] GCAT
[04:51:05] [60/459] SMML
[04:51:06] [61/459] ACCD
[04:51:06] [62/459] VYDA
[04:51:07] [63/459] MSKT
[04:51:08] [64/459] AVDM
[04:51:08] [65/459] ASMH
[04:51:09] [66/459] VTMB
[04:51:09] [67/459] WVMB
[04:51:10] [68/459] PPMN
[04:51:10] [69/459] MTMD
[04:51:11] [70/459] SMMO
[04:51:11] [71/459] DLPB
[04:51:12] [72/459] AKMD
[04:51:13] [73/459] SHRR
[04:51:13] [74/459] ASCO
[04:51:14] [75/459] CZVX
[04:51:14] [76/459] GCBB
[04:51:15] [77/459] ATBM
[04:51:15] [78/459] TCGM
[04:51:16] [79/459] UMSE
[04:51:17] [80/459] NKCL
[04:51:17] [81/459] BTLR
[04:51:18] [82/459] GOCL
[04:51:18] [83/459] MIRN
[04:51:19] [84/459] THEC
[04:51:19] [85/459] SPPB
[04:51:20] [86/459] PMMM
[04:51:21] [87/459] GGMC
[04:51:21] [88/459] AVSR
[04:51:22] [89/459] RDMH
[04:51:22] [90/459] JSRS
[04:51:23] [91/459] VKGP
[04:51:23] [92/459] ACRT
[04:51:24] [93/459] GCBA
[04:51:24] [94/459] GTCP
[04:51:25] [95/459] AKFC
[04:51:25] [96/459] INCS
[04:51:26] [97/459] SMCK
[04:51:27] [98/459] BRUN
[04:51:27] [99/459] RPPC
[04:51:28] [100/459] PAYD
[04:51:28] [101/459] SVVT
[04:51:29] [102/459] RNCC
[04:51:29] [103/459] PCRC
[04:51:30] [104/459] PMRM
[04:51:30] [105/459] CCRP
[04:51:31] [106/459] INCR
[04:51:31] [107/459] ZTMP
[04:51:32] [108/459] MCNR
[04:51:32] [109/459] INRP
[04:51:33] [110/459] STRC
[04:51:33] [111/459] RATI
[04:51:34] [112/459] PBTR
[04:51:35] [113/459] CMHP
[04:51:35] [114/459] ZECJ
[04:51:36] [115/459] CCCB
[04:51:37] [116/459] BWCB
[04:51:37] [117/459] CCAT
[04:51:38] [118/459] KGCM
[04:51:38] [119/459] INPT
[04:51:39] [120/459] FNCO
[04:51:39] [121/459] SRMJ
[04:51:40] [122/459] PFSC
[04:51:41] [123/459] PBMC
[04:51:41] [124/459] KARP
[04:51:41] [125/459] KOVI
[04:51:42] [126/459] ACXL
[04:51:43] [127/459] GKCC
[04:51:43] [128/459] ASCC
[04:51:44] [129/459] SETC
[04:51:44] [130/459] KACC
[04:51:45] [131/459] KAVE
[04:51:45] [132/459] CNTC
[04:51:46] [133/459] MEEN
[04:51:46] [134/459] BMRV
[04:51:47] [135/459] SVAM
[04:51:48] [136/459] VTBP
[04:51:48] [137/459] VCKN
[04:51:49] [138/459] SGTK
[04:51:49] [139/459] RCGS
[04:51:50] [140/459] RCCB
[04:51:50] [141/459] RKSR
[04:51:51] [142/459] RKCU
[04:51:52] [143/459] GIBH
[04:51:52] [144/459] CXBS
[04:51:53] [145/459] GGCB
[04:51:53] [146/459] SCPB
[04:51:54] [147/459] AKTB
[04:51:54] [148/459] SRBU
[04:51:55] [149/459] CSSA
[04:51:56] [150/459] MYAN
[04:51:56] [151/459] EXCA
[04:51:57] [152/459] CKSA
[04:51:57] [153/459] JTNM
[04:51:58] [154/459] CXKT
[04:51:59] [155/459] NCLM
[04:51:59] [156/459] JAAD
[04:51:59] [157/459] RDCR
[04:52:00] [158/459] MEER
[04:52:01] [159/459] SIBT
[04:52:01] [160/459] PVVB
[04:52:02] [161/459] FNPN
[04:52:02] [162/459] CRPX
[04:52:03] [163/459] STET
[04:52:04] [164/459] METE
[04:52:04] [165/459] BJML
[04:52:05] [166/459] MAVT
[04:52:05] [167/459] MSRM
[04:52:06] [168/459] TJMP
[04:52:06] [169/459] MHCK
[04:52:07] [170/459] SVGP
[04:52:07] [171/459] KRRC
[04:52:08] [172/459] IMCH
[04:52:09] [173/459] CMCS
[04:52:09] [174/459] SGND
[04:52:10] [175/459] RNAT
[04:52:10] [176/459] PRTN
[04:52:11] [177/459] MPTN
[04:52:11] [178/459] ARCC
[04:52:12] [179/459] NTTE
[04:52:12] [180/459] ABND
[04:52:13] [181/459] KCSN
[04:52:13] [182/459] KCSA
[04:52:14] [183/459] DCKT
[04:52:14] [184/459] MBBR
[04:52:15] [185/459] RAMU
[04:52:15] [186/459] RACW
[04:52:16] [187/459] MCHP
[04:52:16] [188/459] TMHM
[04:52:17] [189/459] STXH
[04:52:18] [190/459] AGSG
[04:52:19] [191/459] SIRA
[04:52:19] [192/459] RCAN
[04:52:20] [193/459] CWTB
[04:52:20] [194/459] VTYM
[04:52:20] [195/459] RRPP
[04:52:21] [196/459] ASMR
[04:52:22] [197/459] RONO
[04:52:22] [198/459] MEMR
[04:52:23] [199/459] CTMR
[04:52:23] [200/459] PMTT
[04:52:24] [201/459] PSLX
[04:52:24] [202/459] IPPL
[04:52:25] [203/459] MMSG
[04:52:25] [204/459] INEL
[04:52:26] [205/459] COAC
[04:52:26] [206/459] WVLK
[04:52:27] [207/459] PPXL
[04:52:27] [208/459] PSML
[04:52:28] [209/459] FNLK
[04:52:29] [210/459] ILUM
[04:52:29] [211/459] ILCM
[04:52:30] [212/459] MSNL
[04:52:30] [213/459] VINB
[04:52:31] [214/459] SALW
[04:52:31] [215/459] PRTB
[04:52:32] [216/459] NCIL
[04:52:32] [217/459] PSUL
[04:52:33] [218/459] SCLK
[04:52:34] [219/459] ADDC
[04:52:34] [220/459] OACL
[04:52:35] [221/459] OOCF
[04:52:35] [222/459] GPMF
[04:52:36] [223/459] SSDG
[04:52:36] [224/459] SKRS
[04:52:37] [225/459] NTTP
[04:52:37] [226/459] SLTP
[04:52:38] [227/459] JTLC
[04:52:39] [228/459] POON
[04:52:39] [229/459] CCPC
[04:52:40] [230/459] DCKC
[04:52:41] [231/459] CPRT
[04:52:41] [232/459] EYHZ
[04:52:42] [233/459] ARBL
[04:52:43] [234/459] SBTB
[04:52:43] [235/459] MMCK
[04:52:44] [236/459] PLMR
[04:52:44] [237/459] BIJH
[04:52:45] [238/459] SDRT
[04:52:46] [239/459] PRDC
[04:52:46] [240/459] OMJA
[04:52:47] [241/459] VKCR
[04:52:47] [242/459] ATRT
[04:52:48] [243/459] WVRP
[04:52:49] [244/459] MVRP
[04:52:49] [245/459] FCAX
[04:52:50] [246/459] CTLC
[04:52:50] [247/459] JCHB
[04:52:51] [248/459] SELP
[04:52:52] [249/459] VCPG
[04:52:52] [250/459] ASCX
[04:52:53] [251/459] EOCS
[04:52:53] [252/459] RCPH
[04:52:54] [253/459] RJTM
[04:52:54] [254/459] SGMD
[04:52:55] [255/459] SVJT
[04:52:56] [256/459] SPPO
[04:52:56] [257/459] MNRL
[04:52:57] [258/459] KNOX
[04:52:57] [259/459] GIER
[04:52:58] [260/459] PJMS
[04:52:58] [261/459] UNSP
[04:52:59] [262/459] JETP
[04:53:00] [263/459] VTWA
[04:53:00] [264/459] SCJI
[04:53:01] [265/459] CBZZ
[04:53:01] [266/459] SDCJ
[04:53:02] [267/459] RRCC
[04:53:03] [268/459] VNKG
[04:53:03] [269/459] LKTO
[04:53:04] [270/459] PJRM
[04:53:04] [271/459] NVRM
[04:53:05] [272/459] SJCS
[04:53:06] [273/459] VIGK
[04:53:06] [274/459] ANST
[04:53:07] [275/459] JTTS
[04:53:08] [276/459] NTST
[04:53:08] [277/459] PREB
[04:53:09] [278/459] TSCZ
[04:53:09] [279/459] CDCM
[04:53:10] [280/459] ELYE
[04:53:10] [281/459] INBS
[04:53:11] [282/459] SMGC
[04:53:12] [283/459] UTMP
[04:53:12] [284/459] INTA
[04:53:13] [285/459] OMPT
[04:53:13] [286/459] SCIR
[04:53:14] [287/459] GCKJ
[04:53:14] [288/459] INOG
[04:53:15] [289/459] SMGB
[04:53:16] [290/459] MCSG
[04:53:16] [291/459] STKG
[04:53:17] [292/459] TTKG
[04:53:17] [293/459] SRTR
[04:53:18] [294/459] ETTR
[04:53:18] [295/459] GGGZ
[04:53:19] [296/459] IPGM
[04:53:20] [297/459] FCDH
[04:53:20] [298/459] DESB
[04:53:21] [299/459] VNTP
[04:53:21] [300/459] ANNT
[04:53:22] [301/459] SLTI
[04:53:22] [302/459] MAJU
[04:53:23] [303/459] JCXP
[04:53:24] [304/459] HARK
[04:53:24] [305/459] JPCJ
[04:53:25] [306/459] RXBD
[04:53:25] [307/459] PTKJ
[04:53:26] [308/459] CMTU
[04:53:26] [309/459] SWOR
[04:53:27] [310/459] JMEX
[04:53:28] [311/459] DTPT
[04:53:28] [312/459] VGMM
[04:53:29] [313/459] VCSG
[04:53:29] [314/459] CVCG
[04:53:30] [315/459] TNTT
[04:53:31] [316/459] SHRM
[04:53:31] [317/459] CGKD
[04:53:32] [318/459] EKCM
[04:53:32] [319/459] SDCX
[04:53:33] [320/459] SBTE
[04:53:33] [321/459] STKJ
[04:53:34] [322/459] TPCE
[04:53:35] [323/459] JTNP
[04:53:35] [324/459] LPCH
[04:53:36] [325/459] CPUO
[04:53:36] [326/459] APSU
[04:53:37] [327/459] RTHC
[04:53:38] [328/459] PTBU
[04:53:38] [329/459] CUCC
[04:53:39] [330/459] CPSA
[04:53:39] [331/459] SUAY
[04:53:40] [332/459] AYAA
[04:53:40] [333/459] MUCH
[04:53:41] [334/459] PCIN
[04:53:42] [335/459] JRRM
[04:53:42] [336/459] KATS
[04:53:43] [337/459] MHFF
[04:53:44] [338/459] ESYM
[04:53:44] [339/459] STYV
[04:53:45] [340/459] SDKG
[04:53:45] [341/459] SMTI
[04:53:46] [342/459] NYCS
[04:53:46] [343/459] MTBG
[04:53:47] [344/459] RHCA
[04:53:48] [345/459] PCKH
[04:53:49] [346/459] ARCR
[04:53:49] [347/459] NCMB
[04:53:50] [348/459] SHYC
[04:53:50] [349/459] LACK
[04:53:51] [350/459] MTCM
[04:53:52] [351/459] RRBN
[04:53:52] [352/459] MYDC
[04:53:53] [353/459] STCS
[04:53:53] [354/459] CONN
[04:53:54] [355/459] SIPS
[04:53:54] [356/459] SMMX
[04:53:55] [357/459] SCBY
[04:53:55] [358/459] SUAP
[04:53:56] [359/459] RSMK
[04:53:56] [360/459] STKP
[04:53:57] [361/459] CIPC
[04:53:58] [362/459] KKCI
[04:53:58] [363/459] CTNK
[04:53:59] [364/459] MMTZ
[04:53:59] [365/459] DCCO
[04:54:00] [366/459] VNMN
[04:54:01] [367/459] RLCN
[04:54:01] [368/459] CMMS
[04:54:02] [369/459] AYOU
[04:54:02] [370/459] SSCN
[04:54:03] [371/459] SMXN
[04:54:03] [372/459] ASSK
[04:54:04] [373/459] VCKM
[04:54:04] [374/459] PCPH
[04:54:05] [375/459] PADM
[04:54:05] [376/459] IESA
[04:54:06] [377/459] VCSP
[04:54:06] [378/459] AEST
[04:54:07] [379/459] VTNR
[04:54:08] [380/459] GTTA
[04:54:08] [381/459] CMMM
[04:54:09] [382/459] AHKT
[04:54:09] [383/459] SIJI
[04:54:10] [384/459] VCEI
[04:54:11] [385/459] SAKR
[04:54:11] [386/459] VSMT
[04:54:12] [387/459] SSCT
[04:54:12] [388/459] USTR
[04:54:13] [389/459] MTKT
[04:54:14] [390/459] TGMP
[04:54:14] [391/459] SIVC
[04:54:14] [392/459] KICT
[04:54:15] [393/459] DAMD
[04:54:15] [394/459] CNPT
[04:54:16] [395/459] RVTT
[04:54:17] [396/459] SNCM
[04:54:18] [397/459] GHTE
[04:54:18] [398/459] PPAM
[04:54:19] [399/459] PVAA
[04:54:20] [400/459] CPAO
[04:54:20] [401/459] HAMD
[04:54:21] [402/459] RCCA
[04:54:21] [403/459] MPCH
[04:54:22] [404/459] ARED
[04:54:23] [405/459] RRCV
[04:54:23] [406/459] MTRB
[04:54:24] [407/459] CKUA
[04:54:24] [408/459] ABMP
[04:54:25] [409/459] RCWA
[04:54:25] [410/459] CGAR
[04:54:26] [411/459] METH
[04:54:26] [412/459] WAGA
[04:54:27] [413/459] MCMA
[04:54:27] [414/459] CSMP
[04:54:28] [415/459] RCNK
[04:54:29] [416/459] PSTM
[04:54:29] [417/459] CSEP
[04:54:30] [418/459] AMGD
[04:54:30] [419/459] CSTE
[04:54:31] [420/459] CONS
[04:54:31] [421/459] APPX
[04:54:32] [422/459] MABC
[04:54:33] [423/459] CXST
[04:54:33] [424/459] MATN
[04:54:34] [425/459] MACZ
[04:54:34] [426/459] MASA
[04:54:35] [427/459] MBSX
[04:54:35] [428/459] CSST
[04:54:36] [429/459] APCL
[04:54:36] [430/459] CGOS
[04:54:37] [431/459] CPEC
[04:54:37] [432/459] MCCP
[04:54:38] [433/459] BSSO
[04:54:39] [434/459] SJKA
[04:54:39] [435/459] CGBO
[04:54:40] [436/459] MVSK
[04:54:40] [437/459] HVCA
[04:54:41] [438/459] NAMD
[04:54:42] [439/459] DEVI
[04:54:42] [440/459] SCSV
[04:54:43] [441/459] PSMA
[04:54:43] [442/459] CLDJ
[04:54:44] [443/459] NMAD
[04:54:44] [444/459] CGMO
[04:54:45] [445/459] MCNA
[04:54:46] [446/459] OCBN
[04:54:46] [447/459] CPEM
[04:54:47] [448/459] CPSM
[04:54:48] [449/459] RCAD
[04:54:48] [450/459] CPMU
[04:54:49] [451/459] DICD
[04:54:49] [452/459] CHOE
[04:54:50] [453/459] PDJM
[04:54:50] [454/459] SSTU
[04:54:51] [455/459] VNRN
[04:54:51] [456/459] PVLG
[04:54:52] [457/459] SWBL
[04:54:53] [458/459] SCAB
[04:54:53] [459/459] RDDA
[04:54:53] 🧹 Deduping shows
[04:54:54] ✅ DONE | Shows=1120 | Movies=57
[12:01:42] 🚀 SCRIPT STARTED
[12:01:42] [1/459] MCCZ
[12:01:42] 🧠 New identity created
[12:01:43] [2/459] FRPU
[12:01:44] [3/459] SKSI
[12:01:44] [4/459] SSCK
[12:01:45] [5/459] SRDC
[12:01:46] [6/459] RSCZ
[12:01:46] [7/459] PRVT
[12:01:48] [8/459] GAGJ
[12:01:48] [9/459] SMHG
[12:01:49] [10/459] JTST
[12:01:50] [11/459] MYTH
[12:01:51] [12/459] JPCC
[12:01:51] [13/459] ACDC
[12:01:52] [14/459] SVFP
[12:01:53] [15/459] SFCM
[12:01:54] [16/459] RUPK
[12:01:55] [17/459] NTCR
[12:01:56] [18/459] RTCH
[12:01:57] [19/459] SCMH
[12:01:58] [20/459] SVYM
[12:01:59] [21/459] SPYM
[12:01:59] [22/459] SMMF
[12:02:00] [23/459] CLLB
[12:02:01] [24/459] FMCB
[12:02:02] [25/459] BBTC
[12:02:03] [26/459] NTHS
[12:02:05] [27/459] PKKJ
[12:02:06] [28/459] MTJA
[12:02:07] [29/459] PMSJ
[12:02:08] [30/459] JMJU
[12:02:09] [31/459] SRAD
[12:02:09] [32/459] MJMC
[12:02:10] [33/459] DFRM
[12:02:11] [34/459] PMRS
[12:02:12] [35/459] RKPP
[12:02:13] [36/459] BMBK
[12:02:14] [37/459] NEWS
[12:02:15] [38/459] SALB
[12:02:15] [39/459] SCPW
[12:02:16] [40/459] RAYL
[12:02:17] [41/459] CMGJ
[12:02:18] [42/459] JRCR
[12:02:19] [43/459] SRTB
[12:02:19] [44/459] ETPB
[12:02:20] [45/459] MXBN
[12:02:21] [46/459] TOPE
[12:02:22] [47/459] SNLJ
[12:02:23] [48/459] CDDP
[12:02:24] [49/459] APCX
[12:02:25] [50/459] TALP
[12:02:26] [51/459] RRMP
[12:02:26] [52/459] MAHB
[12:02:27] [53/459] MTKR
[12:02:28] [54/459] KSKL
[12:02:29] [55/459] RJLT
[12:02:29] [56/459] ATAS
[12:02:30] [57/459] AMHR
[12:02:31] [58/459] RSRM
[12:02:32] [59/459] GCAT
[12:02:33] [60/459] SMML
[12:02:34] [61/459] ACCD
[12:02:35] [62/459] VYDA
[12:02:36] [63/459] MSKT
[12:02:38] [64/459] AVDM
[12:02:38] [65/459] ASMH
[12:02:39] [66/459] VTMB
[12:02:40] [67/459] WVMB
[12:02:41] [68/459] PPMN
[12:02:42] [69/459] MTMD
[12:02:43] [70/459] SMMO
[12:02:44] [71/459] DLPB
[12:02:45] [72/459] AKMD
[12:02:46] [73/459] SHRR
[12:02:46] [74/459] ASCO
[12:02:47] [75/459] CZVX
[12:02:48] [76/459] GCBB
[12:02:49] [77/459] ATBM
[12:02:50] [78/459] TCGM
[12:02:50] [79/459] UMSE
[12:02:51] [80/459] NKCL
[12:02:53] [81/459] BTLR
[12:02:54] [82/459] GOCL
[12:02:54] [83/459] MIRN
[12:02:55] [84/459] THEC
[12:02:56] [85/459] SPPB
[12:02:57] [86/459] PMMM
[12:02:58] [87/459] GGMC
[12:02:59] [88/459] AVSR
[12:02:59] [89/459] RDMH
[12:03:00] [90/459] JSRS
[12:03:01] [91/459] VKGP
[12:03:02] [92/459] ACRT
[12:03:03] [93/459] GCBA
[12:03:04] [94/459] GTCP
[12:03:04] [95/459] AKFC
[12:03:05] [96/459] INCS
[12:03:06] [97/459] SMCK
[12:03:07] [98/459] BRUN
[12:03:07] [99/459] RPPC
[12:03:08] [100/459] PAYD
[12:03:09] [101/459] SVVT
[12:03:10] [102/459] RNCC
[12:03:11] [103/459] PCRC
[12:03:12] [104/459] PMRM
[12:03:13] [105/459] CCRP
[12:03:13] [106/459] INCR
[12:03:14] [107/459] ZTMP
[12:03:15] [108/459] MCNR
[12:03:16] [109/459] INRP
[12:03:17] [110/459] STRC
[12:03:18] [111/459] RATI
[12:03:19] [112/459] PBTR
[12:03:20] [113/459] CMHP
[12:03:21] [114/459] ZECJ
[12:03:21] [115/459] CCCB
[12:03:22] [116/459] BWCB
[12:03:23] [117/459] CCAT
[12:03:24] [118/459] KGCM
[12:03:25] [119/459] INPT
[12:03:25] [120/459] FNCO
[12:03:26] [121/459] SRMJ
[12:03:27] [122/459] PFSC
[12:03:28] [123/459] PBMC
[12:03:29] [124/459] KARP
[12:03:30] [125/459] KOVI
[12:03:30] [126/459] ACXL
[12:03:31] [127/459] GKCC
[12:03:32] [128/459] ASCC
[12:03:33] [129/459] SETC
[12:03:34] [130/459] KACC
[12:03:34] [131/459] KAVE
[12:03:35] [132/459] CNTC
[12:03:36] [133/459] MEEN
[12:03:37] [134/459] BMRV
[12:03:38] [135/459] SVAM
[12:03:38] [136/459] VTBP
[12:03:39] [137/459] VCKN
[12:03:40] [138/459] SGTK
[12:03:41] [139/459] RCGS
[12:03:42] [140/459] RCCB
[12:03:43] [141/459] RKSR
[12:03:44] [142/459] RKCU
[12:03:45] [143/459] GIBH
[12:03:46] [144/459] CXBS
[12:03:47] [145/459] GGCB
[12:03:48] [146/459] SCPB
[12:03:49] [147/459] AKTB
[12:03:50] [148/459] SRBU
[12:03:51] [149/459] CSSA
[12:03:52] [150/459] MYAN
[12:03:53] [151/459] EXCA
[12:03:53] [152/459] CKSA
[12:03:54] [153/459] JTNM
[12:03:55] [154/459] CXKT
[12:03:56] [155/459] NCLM
[12:03:57] [156/459] JAAD
[12:03:58] [157/459] RDCR
[12:03:59] [158/459] MEER
[12:04:00] [159/459] SIBT
[12:04:00] [160/459] PVVB
[12:04:02] [161/459] FNPN
[12:04:03] [162/459] CRPX
[12:04:03] [163/459] STET
[12:04:04] [164/459] METE
[12:04:05] [165/459] BJML
[12:04:06] [166/459] MAVT
[12:04:07] [167/459] MSRM
[12:04:07] [168/459] TJMP
[12:04:09] [169/459] MHCK
[12:04:09] [170/459] SVGP
[12:04:10] [171/459] KRRC
[12:04:11] [172/459] IMCH
[12:04:12] [173/459] CMCS
[12:04:13] [174/459] SGND
[12:04:14] [175/459] RNAT
[12:04:14] [176/459] PRTN
[12:04:15] [177/459] MPTN
[12:04:16] [178/459] ARCC
[12:04:17] [179/459] NTTE
[12:04:18] [180/459] ABND
[12:04:19] [181/459] KCSN
[12:04:19] [182/459] KCSA
[12:04:20] [183/459] DCKT
[12:04:21] [184/459] MBBR
[12:04:23] [185/459] RAMU
[12:04:24] [186/459] RACW
[12:04:25] [187/459] MCHP
[12:04:26] [188/459] TMHM
[12:04:26] [189/459] STXH
[12:04:27] [190/459] AGSG
[12:04:28] [191/459] SIRA
[12:04:29] [192/459] RCAN
[12:04:30] [193/459] CWTB
[12:04:31] [194/459] VTYM
[12:04:31] [195/459] RRPP
[12:04:32] [196/459] ASMR
[12:04:33] [197/459] RONO
[12:04:34] [198/459] MEMR
[12:04:35] [199/459] CTMR
[12:04:35] [200/459] PMTT
[12:04:36] [201/459] PSLX
[12:04:37] [202/459] IPPL
[12:04:38] [203/459] MMSG
[12:04:39] [204/459] INEL
[12:04:40] [205/459] COAC
[12:04:41] [206/459] WVLK
[12:04:42] [207/459] PPXL
[12:04:43] [208/459] PSML
[12:04:44] [209/459] FNLK
[12:04:45] [210/459] ILUM
[12:04:45] [211/459] ILCM
[12:04:46] [212/459] MSNL
[12:04:47] [213/459] VINB
[12:04:48] [214/459] SALW
[12:04:50] [215/459] PRTB
[12:04:50] [216/459] NCIL
[12:04:51] [217/459] PSUL
[12:04:52] [218/459] SCLK
[12:04:53] [219/459] ADDC
[12:04:54] [220/459] OACL
[12:04:54] [221/459] OOCF
[12:04:55] [222/459] GPMF
[12:04:56] [223/459] SSDG
[12:04:57] [224/459] SKRS
[12:04:58] [225/459] NTTP
[12:04:59] [226/459] SLTP
[12:04:59] [227/459] JTLC
[12:05:00] [228/459] POON
[12:05:01] [229/459] CCPC
[12:05:02] [230/459] DCKC
[12:05:02] [231/459] CPRT
[12:05:03] [232/459] EYHZ
[12:05:04] [233/459] ARBL
[12:05:05] [234/459] SBTB
[12:05:06] [235/459] MMCK
[12:05:06] [236/459] PLMR
[12:05:07] [237/459] BIJH
[12:05:08] [238/459] SDRT
[12:05:09] [239/459] PRDC
[12:05:10] [240/459] OMJA
[12:05:10] [241/459] VKCR
[12:05:11] [242/459] ATRT
[12:05:12] [243/459] WVRP
[12:05:14] [244/459] MVRP
[12:05:14] [245/459] FCAX
[12:05:15] [246/459] CTLC
[12:05:16] [247/459] JCHB
[12:05:17] [248/459] SELP
[12:05:18] [249/459] VCPG
[12:05:19] [250/459] ASCX
[12:05:19] [251/459] EOCS
[12:05:20] [252/459] RCPH
[12:05:21] [253/459] RJTM
[12:05:22] [254/459] SGMD
[12:05:23] [255/459] SVJT
[12:05:24] [256/459] SPPO
[12:05:25] [257/459] MNRL
[12:05:26] [258/459] KNOX
[12:05:27] [259/459] GIER
[12:05:27] [260/459] PJMS
[12:05:28] [261/459] UNSP
[12:05:29] [262/459] JETP
[12:05:30] [263/459] VTWA
[12:05:31] [264/459] SCJI
[12:05:31] [265/459] CBZZ
[12:05:32] [266/459] SDCJ
[12:05:33] [267/459] RRCC
[12:05:34] [268/459] VNKG
[12:05:35] [269/459] LKTO
[12:05:35] [270/459] PJRM
[12:05:36] [271/459] NVRM
[12:05:37] [272/459] SJCS
[12:05:38] [273/459] VIGK
[12:05:38] [274/459] ANST
[12:05:39] [275/459] JTTS
[12:05:40] [276/459] NTST
[12:05:41] [277/459] PREB
[12:05:42] [278/459] TSCZ
[12:05:44] [279/459] CDCM
[12:05:45] [280/459] ELYE
[12:05:46] [281/459] INBS
[12:05:47] [282/459] SMGC
[12:05:48] [283/459] UTMP
[12:05:48] [284/459] INTA
[12:05:49] [285/459] OMPT
[12:05:50] [286/459] SCIR
[12:05:51] [287/459] GCKJ
[12:05:52] [288/459] INOG
[12:05:53] [289/459] SMGB
[12:05:54] [290/459] MCSG
[12:05:55] [291/459] STKG
[12:05:55] [292/459] TTKG
[12:05:56] [293/459] SRTR
[12:05:57] [294/459] ETTR
[12:05:57] [295/459] GGGZ
[12:05:58] [296/459] IPGM
[12:05:59] [297/459] FCDH
[12:06:01] [298/459] DESB
[12:06:02] [299/459] VNTP
[12:06:03] [300/459] ANNT
[12:06:04] [301/459] SLTI
[12:06:04] [302/459] MAJU
[12:06:05] [303/459] JCXP
[12:06:06] [304/459] HARK
[12:06:07] [305/459] JPCJ
[12:06:08] [306/459] RXBD
[12:06:09] [307/459] PTKJ
[12:06:10] [308/459] CMTU
[12:06:10] [309/459] SWOR
[12:06:11] [310/459] JMEX
[12:06:12] [311/459] DTPT
[12:06:13] [312/459] VGMM
[12:06:14] [313/459] VCSG
[12:06:14] [314/459] CVCG
[12:06:15] [315/459] TNTT
[12:06:16] [316/459] SHRM
[12:06:17] [317/459] CGKD
[12:06:18] [318/459] EKCM
[12:06:18] [319/459] SDCX
[12:06:19] [320/459] SBTE
[12:06:20] [321/459] STKJ
[12:06:21] [322/459] TPCE
[12:06:22] [323/459] JTNP
[12:06:23] [324/459] LPCH
[12:06:23] [325/459] CPUO
[12:06:24] [326/459] APSU
[12:06:25] [327/459] RTHC
[12:06:26] [328/459] PTBU
[12:06:27] [329/459] CUCC
[12:06:28] [330/459] CPSA
[12:06:29] [331/459] SUAY
[12:06:29] [332/459] AYAA
[12:06:30] [333/459] MUCH
[12:06:31] [334/459] PCIN
[12:06:32] [335/459] JRRM
[12:06:33] [336/459] KATS
[12:06:33] [337/459] MHFF
[12:06:34] [338/459] ESYM
[12:06:35] [339/459] STYV
[12:06:36] [340/459] SDKG
[12:06:37] [341/459] SMTI
[12:06:38] [342/459] NYCS
[12:06:38] [343/459] MTBG
[12:06:40] [344/459] RHCA
[12:06:41] [345/459] PCKH
[12:06:41] [346/459] ARCR
[12:06:42] [347/459] NCMB
[12:06:43] [348/459] SHYC
[12:06:44] [349/459] LACK
[12:06:44] [350/459] MTCM
[12:06:45] [351/459] RRBN
[12:06:46] [352/459] MYDC
[12:06:47] [353/459] STCS
[12:06:47] [354/459] CONN
[12:06:48] [355/459] SIPS
[12:06:49] [356/459] SMMX
[12:06:50] [357/459] SCBY
[12:06:51] [358/459] SUAP
[12:06:52] [359/459] RSMK
[12:06:53] [360/459] STKP
[12:06:54] [361/459] CIPC
[12:06:54] [362/459] KKCI
[12:06:55] [363/459] CTNK
[12:06:56] [364/459] MMTZ
[12:06:58] [365/459] DCCO
[12:06:58] [366/459] VNMN
[12:06:59] [367/459] RLCN
[12:07:01] [368/459] CMMS
[12:07:02] [369/459] AYOU
[12:07:04] [370/459] SSCN
[12:07:05] [371/459] SMXN
[12:07:05] [372/459] ASSK
[12:07:06] [373/459] VCKM
[12:07:07] [374/459] PCPH
[12:07:08] [375/459] PADM
[12:07:09] [376/459] IESA
[12:07:10] [377/459] VCSP
[12:07:11] [378/459] AEST
[12:07:12] [379/459] VTNR
[12:07:13] [380/459] GTTA
[12:07:15] [381/459] CMMM
[12:07:16] [382/459] AHKT
[12:07:16] [383/459] SIJI
[12:07:17] [384/459] VCEI
[12:07:19] [385/459] SAKR
[12:07:20] [386/459] VSMT
[12:07:20] [387/459] SSCT
[12:07:21] [388/459] USTR
[12:07:22] [389/459] MTKT
[12:07:23] [390/459] TGMP
[12:07:24] [391/459] SIVC
[12:07:24] [392/459] KICT
[12:07:25] [393/459] DAMD
[12:07:26] [394/459] CNPT
[12:07:27] [395/459] RVTT
[12:07:27] [396/459] SNCM
[12:07:28] [397/459] GHTE
[12:07:29] [398/459] PPAM
[12:07:30] [399/459] PVAA
[12:07:31] [400/459] CPAO
[12:07:31] [401/459] HAMD
[12:07:32] [402/459] RCCA
[12:07:33] [403/459] MPCH
[12:07:34] [404/459] ARED
[12:07:35] [405/459] RRCV
[12:07:36] [406/459] MTRB
[12:07:37] [407/459] CKUA
[12:07:38] [408/459] ABMP
[12:07:38] [409/459] RCWA
[12:07:40] [410/459] CGAR
[12:07:41] [411/459] METH
[12:07:42] [412/459] WAGA
[12:07:43] [413/459] MCMA
[12:07:44] [414/459] CSMP
[12:07:44] [415/459] RCNK
[12:07:46] [416/459] PSTM
[12:07:46] [417/459] CSEP
[12:07:48] [418/459] AMGD
[12:07:49] [419/459] CSTE
[12:07:50] [420/459] CONS
[12:07:50] [421/459] APPX
[12:07:51] [422/459] MABC
[12:07:52] [423/459] CXST
[12:07:53] [424/459] MATN
[12:07:54] [425/459] MACZ
[12:07:55] [426/459] MASA
[12:07:55] [427/459] MBSX
[12:07:57] [428/459] CSST
[12:07:58] [429/459] APCL
[12:07:59] [430/459] CGOS
[12:07:59] [431/459] CPEC
[12:08:00] [432/459] MCCP
[12:08:01] [433/459] BSSO
[12:08:02] [434/459] SJKA
[12:08:03] [435/459] CGBO
[12:08:05] [436/459] MVSK
[12:08:05] [437/459] HVCA
[12:08:06] [438/459] NAMD
[12:08:07] [439/459] DEVI
[12:08:08] [440/459] SCSV
[12:08:09] [441/459] PSMA
[12:08:09] [442/459] CLDJ
[12:08:10] [443/459] NMAD
[12:08:11] [444/459] CGMO
[12:08:12] [445/459] MCNA
[12:08:13] [446/459] OCBN
[12:08:14] [447/459] CPEM
[12:08:15] [448/459] CPSM
[12:08:16] [449/459] RCAD
[12:08:17] [450/459] CPMU
[12:08:17] [451/459] DICD
[12:08:18] [452/459] CHOE
[12:08:19] [453/459] PDJM
[12:08:20] [454/459] SSTU
[12:08:20] [455/459] VNRN
[12:08:21] [456/459] PVLG
[12:08:22] [457/459] SWBL
[12:08:23] [458/459] SCAB
[12:08:23] [459/459] RDDA
[12:08:24] 🧹 Deduping shows
[12:08:24] ✅ DONE | Shows=1271 | Movies=68
