[10:08:44] 🚀 SCRIPT STARTED
[10:08:44] [1/296] CDCA
[10:08:44] 🧠 New identity created
[10:08:45] [2/296] MNSR
[10:08:46] [3/296] CSSL
[10:08:46] [4/296] BGGM
[10:08:47] [5/296] MANT
[10:08:48] [6/296] SOOY
[10:08:49] [7/296] VPPK
[10:08:50] [8/296] MYHJ
[10:08:51] [9/296] KSCK
[10:08:53] [10/296] KATK
[10:08:54] [11/296] RTRT
[10:08:55] [12/296] SSTT
[10:08:56] [13/296] SSTV
[10:08:57] [14/296] LACM
[10:08:58] [15/296] SGMG
[10:08:59] [16/296] KACX
[10:09:00] [17/296] GVCP
[10:09:01] [18/296] CSNC
[10:09:02] [19/296] SXCB
[10:09:02] [20/296] BAHS
[10:09:04] [21/296] PCBI
[10:09:05] [22/296] PSSM
[10:09:05] [23/296] RCOK
[10:09:06] [24/296] SCPF
[10:09:07] [25/296] SSAS
[10:09:08] [26/296] EVMM
[10:09:08] [27/296] SYCB
[10:09:10] [28/296] GCKI
[10:09:11] [29/296] IAET
[10:09:12] [30/296] DDTD
[10:09:13] [31/296] GMDH
[10:09:14] [32/296] STLE
[10:09:14] [33/296] JTRA
[10:09:15] [34/296] RPPA
[10:09:16] [35/296] ARUT
[10:09:17] [36/296] JTVM
[10:09:18] [37/296] SWRH
[10:09:18] [38/296] DCPC
[10:09:19] [39/296] RAPR
[10:09:20] [40/296] GCRT
[10:09:21] [41/296] ATUN
[10:09:22] [42/296] LTRM
[10:09:22] [43/296] TASR
[10:09:23] [44/296] RLLC
[10:09:24] [45/296] MABI
[10:09:25] [46/296] SVHB
[10:09:26] [47/296] NVTB
[10:09:27] [48/296] KCKG
[10:09:28] [49/296] SSRN
[10:09:29] [50/296] VDDC
[10:09:30] [51/296] GKTK
[10:09:31] [52/296] YFSN
[10:09:32] [53/296] GCSG
[10:09:33] [54/296] ESSM
[10:09:33] [55/296] KRIH
[10:09:34] [56/296] GCDS
[10:09:35] [57/296] CCSH
[10:09:36] [58/296] ACSK
[10:09:37] [59/296] APRK
[10:09:38] [60/296] ADKM
[10:09:39] [61/296] SRDM
[10:09:40] [62/296] RMOG
[10:09:41] [63/296] SJMY
[10:09:42] [64/296] PGGC
[10:09:43] [65/296] INGM
[10:09:44] [66/296] LSCB
[10:09:45] [67/296] STAD
[10:09:46] [68/296] MCCR
[10:09:47] [69/296] ABCC
[10:09:48] [70/296] RKCC
[10:09:48] [71/296] RTCR
[10:09:49] [72/296] GGBC
[10:09:50] [73/296] GCSD
[10:09:51] [74/296] LPTY
[10:09:52] [75/296] MCFD
[10:09:53] [76/296] HENN
[10:09:54] [77/296] SMKU
[10:09:55] [78/296] TNZC
[10:09:56] [79/296] DRCD
[10:09:57] [80/296] DLCD
[10:09:57] [81/296] RCDA
[10:09:58] [82/296] COSM
[10:09:59] [83/296] MCMJ
[10:10:00] [84/296] CSTR
[10:10:01] [85/296] CVDK
[10:10:03] [86/296] INRR
[10:10:04] [87/296] RJRT
[10:10:05] [88/296] IRMR
[10:10:06] [89/296] SRCF
[10:10:07] [90/296] GRCR
[10:10:07] [91/296] SURC
[10:10:08] [92/296] NMNH
[10:10:09] [93/296] SVBL
[10:10:10] [94/296] KACI
[10:10:11] [95/296] TDGO
[10:10:11] [96/296] KTBR
[10:10:12] [97/296] PMAD
[10:10:13] [98/296] CCPN
[10:10:14] [99/296] SBTK
[10:10:15] [100/296] LMDK
[10:10:16] [101/296] PGDA
[10:10:16] [102/296] SRML
[10:10:17] [103/296] EVCK
[10:10:18] [104/296] RTTK
[10:10:19] [105/296] SRTU
[10:10:20] [106/296] VRSA
[10:10:21] [107/296] VARS
[10:10:22] [108/296] DSCZ
[10:10:23] [109/296] GAGA
[10:10:24] [110/296] SARV
[10:10:25] [111/296] SEEG
[10:10:26] [112/296] GLCA
[10:10:26] [113/296] APAS
[10:10:27] [114/296] VCIA
[10:10:28] [115/296] SJTA
[10:10:28] [116/296] SABM
[10:10:29] [117/296] PPAG
[10:10:30] [118/296] RVCA
[10:10:31] [119/296] CCIA
[10:10:32] [120/296] HTAG
[10:10:33] [121/296] SMBI
[10:10:34] [122/296] MCJR
[10:10:34] [123/296] CCJR
[10:10:35] [124/296] SINF
[10:10:36] [125/296] CPLX
[10:10:37] [126/296] KKTJ
[10:10:38] [127/296] GDBW
[10:10:38] [128/296] CSUB
[10:10:39] [129/296] DABA
[10:10:40] [130/296] TITR
[10:10:41] [131/296] NYCR
[10:10:41] [132/296] RTRY
[10:10:42] [133/296] JTJL
[10:10:43] [134/296] SJCP
[10:10:44] [135/296] KCCA
[10:10:44] [136/296] MLPG
[10:10:45] [137/296] VRCK
[10:10:46] [138/296] SRIN
[10:10:48] [139/296] CXMK
[10:10:49] [140/296] SKAD
[10:10:49] [141/296] AVTR
[10:10:50] [142/296] PTAJ
[10:10:51] [143/296] SCNK
[10:10:52] [144/296] STTI
[10:10:53] [145/296] KACR
[10:10:54] [146/296] SSDX
[10:10:55] [147/296] VRTJ
[10:10:56] [148/296] RAJD
[10:10:56] [149/296] SCIP
[10:10:57] [150/296] RJSL
[10:10:58] [151/296] ARRS
[10:10:59] [152/296] ASMS
[10:11:00] [153/296] RDTS
[10:11:00] [154/296] DVMY
[10:11:02] [155/296] RASA
[10:11:03] [156/296] INOM
[10:11:04] [157/296] SPRS
[10:11:05] [158/296] SGCS
[10:11:06] [159/296] SALM
[10:11:07] [160/296] PKHC
[10:11:08] [161/296] RCSV
[10:11:09] [162/296] CPKC
[10:11:10] [163/296] AACD
[10:11:11] [164/296] GGCV
[10:11:12] [165/296] SMKD
[10:11:13] [166/296] NBCH
[10:11:14] [167/296] AMCB
[10:11:15] [168/296] OPCN
[10:11:16] [169/296] DCIN
[10:11:17] [170/296] INGW
[10:11:17] [171/296] PKKW
[10:11:19] [172/296] FNGW
[10:11:20] [173/296] GCGD
[10:11:20] [174/296] MSTW
[10:11:21] [175/296] KCCG
[10:11:23] [176/296] MRSS
[10:11:24] [177/296] CLCF
[10:11:25] [178/296] EETS
[10:11:25] [179/296] AATR
[10:11:26] [180/296] CMMN
[10:11:28] [181/296] SCCJ
[10:11:29] [182/296] CDTK
[10:11:29] [183/296] AICP
[10:11:30] [184/296] FNBP
[10:11:31] [185/296] CBPB
[10:11:32] [186/296] CPAS
[10:11:33] [187/296] MAPM
[10:11:34] [188/296] PASD
[10:11:34] [189/296] JCMN
[10:11:35] [190/296] MALB
[10:11:36] [191/296] SACG
[10:11:37] [192/296] DDRX
[10:11:38] [193/296] DDXB
[10:11:39] [194/296] RAMC
[10:11:40] [195/296] SANC
[10:11:40] [196/296] BCBP
[10:11:41] [197/296] ALPC
[10:11:42] [198/296] RBAC
[10:11:43] [199/296] RAJL
[10:11:44] [200/296] MPDX
[10:11:45] [201/296] MUSC
[10:11:45] [202/296] VKMK
[10:11:47] [203/296] SKCG
[10:11:48] [204/296] ANCN
[10:11:48] [205/296] MMCJ
[10:11:49] [206/296] DCAK
[10:11:50] [207/296] SCKG
[10:11:50] [208/296] LMCK
[10:11:51] [209/296] CKKX
[10:11:52] [210/296] ANKU
[10:11:53] [211/296] CSMD
[10:11:54] [212/296] MKMP
[10:11:55] [213/296] SVBG
[10:11:56] [214/296] ROOP
[10:11:57] [215/296] GDMT
[10:11:59] [216/296] FPPF
[10:11:59] [217/296] SFUU
[10:12:00] [218/296] ANCB
[10:12:01] [219/296] SMMC
[10:12:02] [220/296] UGKT
[10:12:03] [221/296] JVRM
[10:12:04] [222/296] BATG
[10:12:04] [223/296] RATE
[10:12:05] [224/296] SKME
[10:12:06] [225/296] LMTP
[10:12:07] [226/296] TCBD
[10:12:07] [227/296] ESBD
[10:12:08] [228/296] GDCU
[10:12:09] [229/296] SNKT
[10:12:11] [230/296] SRNK
[10:12:11] [231/296] SMED
[10:12:12] [232/296] CSQS
[10:12:13] [233/296] ALCS
[10:12:14] [234/296] KCKN
[10:12:15] [235/296] VCCL
[10:12:16] [236/296] MCDA
[10:12:16] [237/296] SHMI
[10:12:17] [238/296] SKHA
[10:12:18] [239/296] SVFK
[10:12:19] [240/296] INVB
[10:12:19] [241/296] MELD
[10:12:20] [242/296] JTYS
[10:12:21] [243/296] INCM
[10:12:22] [244/296] MCDV
[10:12:22] [245/296] KSGK
[10:12:23] [246/296] ICMG
[10:12:24] [247/296] CSCV
[10:12:26] [248/296] STMD
[10:12:27] [249/296] STTR
[10:12:28] [250/296] INVC
[10:12:28] [251/296] JTBL
[10:12:29] [252/296] SRVV
[10:12:30] [253/296] MAVC
[10:12:31] [254/296] SRPP
[10:12:31] [255/296] JGDM
[10:12:32] [256/296] MBSJ
[10:12:33] [257/296] SSLL
[10:12:34] [258/296] SLKP
[10:12:34] [259/296] NSRV
[10:12:35] [260/296] UTDV
[10:12:36] [261/296] KICM
[10:12:37] [262/296] KCMD
[10:12:37] [263/296] TTPP
[10:12:38] [264/296] KMPV
[10:12:39] [265/296] SKTV
[10:12:40] [266/296] STCV
[10:12:41] [267/296] SRDA
[10:12:41] [268/296] JTSX
[10:12:42] [269/296] STBV
[10:12:43] [270/296] APVZ
[10:12:44] [271/296] GSTV
[10:12:44] [272/296] NMVS
[10:12:45] [273/296] SKRT
[10:12:46] [274/296] RMDV
[10:12:47] [275/296] RATG
[10:12:47] [276/296] SJYV
[10:12:49] [277/296] NDGP
[10:12:50] [278/296] SNDG
[10:12:51] [279/296] INSR
[10:12:52] [280/296] INSO
[10:12:53] [281/296] CCSI
[10:12:54] [282/296] RASM
[10:12:54] [283/296] NEWC
[10:12:55] [284/296] VSHL
[10:12:56] [285/296] BISW
[10:12:57] [286/296] GCNG
[10:12:58] [287/296] CWSC
[10:12:59] [288/296] SKAN
[10:13:00] [289/296] SEHP
[10:13:01] [290/296] CCOA
[10:13:02] [291/296] MCAJ
[10:13:04] [292/296] ACDE
[10:13:04] [293/296] AACM
[10:13:05] [294/296] JJCK
[10:13:06] [295/296] RCMO
[10:13:07] [296/296] GDAW
[10:13:08] 🧹 Deduping shows
[10:13:08] ✅ DONE | Shows=90 | Movies=8
[16:50:19] 🚀 SCRIPT STARTED
[16:50:19] [1/296] CDCA
[16:50:19] 🧠 New identity created
[16:50:20] [2/296] MNSR
[16:50:21] [3/296] CSSL
[16:50:22] [4/296] BGGM
[16:50:23] [5/296] MANT
[16:50:24] [6/296] SOOY
[16:50:25] [7/296] VPPK
[16:50:26] [8/296] MYHJ
[16:50:27] [9/296] KSCK
[16:50:28] [10/296] KATK
[16:50:29] [11/296] RTRT
[16:50:30] [12/296] SSTT
[16:50:31] [13/296] SSTV
[16:50:32] [14/296] LACM
[16:50:33] [15/296] SGMG
[16:50:34] [16/296] KACX
[16:50:35] [17/296] GVCP
[16:50:36] [18/296] CSNC
[16:50:37] [19/296] SXCB
[16:50:38] [20/296] BAHS
[16:50:39] [21/296] PCBI
[16:50:40] [22/296] PSSM
[16:50:41] [23/296] RCOK
[16:50:42] [24/296] SCPF
[16:50:43] [25/296] SSAS
[16:50:44] [26/296] EVMM
[16:50:45] [27/296] SYCB
[16:50:46] [28/296] GCKI
[16:50:47] [29/296] IAET
[16:50:48] [30/296] DDTD
[16:50:49] [31/296] GMDH
[16:50:50] [32/296] STLE
[16:50:50] [33/296] JTRA
[16:50:51] [34/296] RPPA
[16:50:52] [35/296] ARUT
[16:50:53] [36/296] JTVM
[16:50:54] [37/296] SWRH
[16:50:54] [38/296] DCPC
[16:50:55] [39/296] RAPR
[16:50:56] [40/296] GCRT
[16:50:57] [41/296] ATUN
[16:50:58] [42/296] LTRM
[16:50:59] [43/296] TASR
[16:51:00] [44/296] RLLC
[16:51:01] [45/296] MABI
[16:51:02] [46/296] SVHB
[16:51:03] [47/296] NVTB
[16:51:03] [48/296] KCKG
[16:51:04] [49/296] SSRN
[16:51:05] [50/296] VDDC
[16:51:06] [51/296] GKTK
[16:51:07] [52/296] YFSN
[16:51:08] [53/296] GCSG
[16:51:09] [54/296] ESSM
[16:51:09] [55/296] KRIH
[16:51:10] [56/296] GCDS
[16:51:11] [57/296] CCSH
[16:51:12] [58/296] ACSK
[16:51:13] [59/296] APRK
[16:51:14] [60/296] ADKM
[16:51:15] [61/296] SRDM
[16:51:16] [62/296] RMOG
[16:51:17] [63/296] SJMY
[16:51:17] [64/296] PGGC
[16:51:18] [65/296] INGM
[16:51:19] [66/296] LSCB
[16:51:20] [67/296] STAD
[16:51:21] [68/296] MCCR
[16:51:22] [69/296] ABCC
[16:51:23] [70/296] RKCC
[16:51:24] [71/296] RTCR
[16:51:25] [72/296] GGBC
[16:51:26] [73/296] GCSD
[16:51:26] [74/296] LPTY
[16:51:27] [75/296] MCFD
[16:51:29] [76/296] HENN
[16:51:30] [77/296] SMKU
[16:51:30] [78/296] TNZC
[16:51:31] [79/296] DRCD
[16:51:32] [80/296] DLCD
[16:51:33] [81/296] RCDA
[16:51:34] [82/296] COSM
[16:51:36] [83/296] MCMJ
[16:51:37] [84/296] CSTR
[16:51:38] [85/296] CVDK
[16:51:39] [86/296] INRR
[16:51:40] [87/296] RJRT
[16:51:40] [88/296] IRMR
[16:51:41] [89/296] SRCF
[16:51:42] [90/296] GRCR
[16:51:44] [91/296] SURC
[16:51:44] [92/296] NMNH
[16:51:45] [93/296] SVBL
[16:51:46] [94/296] KACI
[16:51:47] [95/296] TDGO
[16:51:48] [96/296] KTBR
[16:51:49] [97/296] PMAD
[16:51:50] [98/296] CCPN
[16:51:51] [99/296] SBTK
[16:51:52] [100/296] LMDK
[16:51:53] [101/296] PGDA
[16:51:54] [102/296] SRML
[16:51:54] [103/296] EVCK
[16:51:55] [104/296] RTTK
[16:51:56] [105/296] SRTU
[16:51:57] [106/296] VRSA
[16:51:58] [107/296] VARS
[16:51:59] [108/296] DSCZ
[16:52:00] [109/296] GAGA
[16:52:01] [110/296] SARV
[16:52:01] [111/296] SEEG
[16:52:02] [112/296] GLCA
[16:52:03] [113/296] APAS
[16:52:04] [114/296] VCIA
[16:52:04] [115/296] SJTA
[16:52:05] [116/296] SABM
[16:52:06] [117/296] PPAG
[16:52:07] [118/296] RVCA
[16:52:08] [119/296] CCIA
[16:52:09] [120/296] HTAG
[16:52:10] [121/296] SMBI
[16:52:11] [122/296] MCJR
[16:52:11] [123/296] CCJR
[16:52:12] [124/296] SINF
[16:52:13] [125/296] CPLX
[16:52:14] [126/296] KKTJ
[16:52:15] [127/296] GDBW
[16:52:16] [128/296] CSUB
[16:52:17] [129/296] DABA
[16:52:18] [130/296] TITR
[16:52:19] [131/296] NYCR
[16:52:20] [132/296] RTRY
[16:52:21] [133/296] JTJL
[16:52:22] [134/296] SJCP
[16:52:23] [135/296] KCCA
[16:52:24] [136/296] MLPG
[16:52:25] [137/296] VRCK
[16:52:26] [138/296] SRIN
[16:52:27] [139/296] CXMK
[16:52:28] [140/296] SKAD
[16:52:29] [141/296] AVTR
[16:52:30] [142/296] PTAJ
[16:52:31] [143/296] SCNK
[16:52:32] [144/296] STTI
[16:52:33] [145/296] KACR
[16:52:34] [146/296] SSDX
[16:52:35] [147/296] VRTJ
[16:52:35] [148/296] RAJD
[16:52:36] [149/296] SCIP
[16:52:37] [150/296] RJSL
[16:52:37] [151/296] ARRS
[16:52:38] [152/296] ASMS
[16:52:39] [153/296] RDTS
[16:52:40] [154/296] DVMY
[16:52:41] [155/296] RASA
[16:52:42] [156/296] INOM
[16:52:43] [157/296] SPRS
[16:52:43] [158/296] SGCS
[16:52:44] [159/296] SALM
[16:52:45] [160/296] PKHC
[16:52:46] [161/296] RCSV
[16:52:46] [162/296] CPKC
[16:52:47] [163/296] AACD
[16:52:48] [164/296] GGCV
[16:52:49] [165/296] SMKD
[16:52:50] [166/296] NBCH
[16:52:50] [167/296] AMCB
[16:52:51] [168/296] OPCN
[16:52:52] [169/296] DCIN
[16:52:53] [170/296] INGW
[16:52:54] [171/296] PKKW
[16:52:55] [172/296] FNGW
[16:52:55] [173/296] GCGD
[16:52:56] [174/296] MSTW
[16:52:57] [175/296] KCCG
[16:52:58] [176/296] MRSS
[16:52:59] [177/296] CLCF
[16:53:00] [178/296] EETS
[16:53:01] [179/296] AATR
[16:53:02] [180/296] CMMN
[16:53:03] [181/296] SCCJ
[16:53:03] [182/296] CDTK
[16:53:05] [183/296] AICP
[16:53:07] [184/296] FNBP
[16:53:07] [185/296] CBPB
[16:53:08] [186/296] CPAS
[16:53:10] [187/296] MAPM
[16:53:11] [188/296] PASD
[16:53:12] [189/296] JCMN
[16:53:12] [190/296] MALB
[16:53:13] [191/296] SACG
[16:53:14] [192/296] DDRX
[16:53:15] [193/296] DDXB
[16:53:16] [194/296] RAMC
[16:53:17] [195/296] SANC
[16:53:17] [196/296] BCBP
[16:53:18] [197/296] ALPC
[16:53:19] [198/296] RBAC
[16:53:20] [199/296] RAJL
[16:53:21] [200/296] MPDX
[16:53:21] [201/296] MUSC
[16:53:22] [202/296] VKMK
[16:53:23] [203/296] SKCG
[16:53:24] [204/296] ANCN
[16:53:25] [205/296] MMCJ
[16:53:26] [206/296] DCAK
[16:53:27] [207/296] SCKG
[16:53:28] [208/296] LMCK
[16:53:29] [209/296] CKKX
[16:53:30] [210/296] ANKU
[16:53:30] [211/296] CSMD
[16:53:31] [212/296] MKMP
[16:53:32] [213/296] SVBG
[16:53:32] [214/296] ROOP
[16:53:33] [215/296] GDMT
[16:53:35] [216/296] FPPF
[16:53:35] [217/296] SFUU
[16:53:36] [218/296] ANCB
[16:53:37] [219/296] SMMC
[16:53:38] [220/296] UGKT
[16:53:39] [221/296] JVRM
[16:53:40] [222/296] BATG
[16:53:40] [223/296] RATE
[16:53:41] [224/296] SKME
[16:53:42] [225/296] LMTP
[16:53:43] [226/296] TCBD
[16:53:44] [227/296] ESBD
[16:53:45] [228/296] GDCU
[16:53:45] [229/296] SNKT
[16:53:46] [230/296] SRNK
[16:53:47] [231/296] SMED
[16:53:48] [232/296] CSQS
[16:53:49] [233/296] ALCS
[16:53:49] [234/296] KCKN
[16:53:50] [235/296] VCCL
[16:53:51] [236/296] MCDA
[16:53:52] [237/296] SHMI
[16:53:52] [238/296] SKHA
[16:53:53] [239/296] SVFK
[16:53:54] [240/296] INVB
[16:53:55] [241/296] MELD
[16:53:56] [242/296] JTYS
[16:53:57] [243/296] INCM
[16:53:58] [244/296] MCDV
[16:53:59] [245/296] KSGK
[16:54:00] [246/296] ICMG
[16:54:01] [247/296] CSCV
[16:54:02] [248/296] STMD
[16:54:03] [249/296] STTR
[16:54:03] [250/296] INVC
[16:54:05] [251/296] JTBL
[16:54:06] [252/296] SRVV
[16:54:06] [253/296] MAVC
[16:54:07] [254/296] SRPP
[16:54:08] [255/296] JGDM
[16:54:09] [256/296] MBSJ
[16:54:10] [257/296] SSLL
[16:54:10] [258/296] SLKP
[16:54:11] [259/296] NSRV
[16:54:12] [260/296] UTDV
[16:54:14] [261/296] KICM
[16:54:14] [262/296] KCMD
[16:54:15] [263/296] TTPP
[16:54:16] [264/296] KMPV
[16:54:17] [265/296] SKTV
[16:54:18] [266/296] STCV
[16:54:19] [267/296] SRDA
[16:54:20] [268/296] JTSX
[16:54:20] [269/296] STBV
[16:54:21] [270/296] APVZ
[16:54:22] [271/296] GSTV
[16:54:23] [272/296] NMVS
[16:54:24] [273/296] SKRT
[16:54:25] [274/296] RMDV
[16:54:25] [275/296] RATG
[16:54:26] [276/296] SJYV
[16:54:27] [277/296] NDGP
[16:54:27] [278/296] SNDG
[16:54:28] [279/296] INSR
[16:54:29] [280/296] INSO
[16:54:30] [281/296] CCSI
[16:54:31] [282/296] RASM
[16:54:31] [283/296] NEWC
[16:54:32] [284/296] VSHL
[16:54:33] [285/296] BISW
[16:54:34] [286/296] GCNG
[16:54:35] [287/296] CWSC
[16:54:35] [288/296] SKAN
[16:54:36] [289/296] SEHP
[16:54:37] [290/296] CCOA
[16:54:38] [291/296] MCAJ
[16:54:39] [292/296] ACDE
[16:54:40] [293/296] AACM
[16:54:40] [294/296] JJCK
[16:54:41] [295/296] RCMO
[16:54:42] [296/296] GDAW
[16:54:42] 🧹 Deduping shows
[16:54:42] ✅ DONE | Shows=141 | Movies=16
[04:50:39] 🚀 SCRIPT STARTED
[04:50:39] [1/296] CDCA
[04:50:39] 🧠 New identity created
[04:50:40] [2/296] MNSR
[04:50:40] [3/296] CSSL
[04:50:41] [4/296] BGGM
[04:50:41] [5/296] MANT
[04:50:42] [6/296] SOOY
[04:50:43] [7/296] VPPK
[04:50:43] [8/296] MYHJ
[04:50:44] [9/296] KSCK
[04:50:45] [10/296] KATK
[04:50:45] [11/296] RTRT
[04:50:46] [12/296] SSTT
[04:50:46] [13/296] SSTV
[04:50:47] [14/296] LACM
[04:50:48] [15/296] SGMG
[04:50:48] [16/296] KACX
[04:50:49] [17/296] GVCP
[04:50:49] [18/296] CSNC
[04:50:50] [19/296] SXCB
[04:50:51] [20/296] BAHS
[04:50:51] [21/296] PCBI
[04:50:52] [22/296] PSSM
[04:50:53] [23/296] RCOK
[04:50:53] [24/296] SCPF
[04:50:54] [25/296] SSAS
[04:50:55] [26/296] EVMM
[04:50:55] [27/296] SYCB
[04:50:56] [28/296] GCKI
[04:50:57] [29/296] IAET
[04:50:57] [30/296] DDTD
[04:50:58] [31/296] GMDH
[04:50:59] [32/296] STLE
[04:50:59] [33/296] JTRA
[04:51:00] [34/296] RPPA
[04:51:01] [35/296] ARUT
[04:51:01] [36/296] JTVM
[04:51:02] [37/296] SWRH
[04:51:02] [38/296] DCPC
[04:51:03] [39/296] RAPR
[04:51:03] [40/296] GCRT
[04:51:04] [41/296] ATUN
[04:51:05] [42/296] LTRM
[04:51:06] [43/296] TASR
[04:51:06] [44/296] RLLC
[04:51:07] [45/296] MABI
[04:51:08] [46/296] SVHB
[04:51:08] [47/296] NVTB
[04:51:09] [48/296] KCKG
[04:51:10] [49/296] SSRN
[04:51:10] [50/296] VDDC
[04:51:11] [51/296] GKTK
[04:51:12] [52/296] YFSN
[04:51:12] [53/296] GCSG
[04:51:13] [54/296] ESSM
[04:51:13] [55/296] KRIH
[04:51:14] [56/296] GCDS
[04:51:15] [57/296] CCSH
[04:51:15] [58/296] ACSK
[04:51:16] [59/296] APRK
[04:51:17] [60/296] ADKM
[04:51:17] [61/296] SRDM
[04:51:18] [62/296] RMOG
[04:51:19] [63/296] SJMY
[04:51:19] [64/296] PGGC
[04:51:20] [65/296] INGM
[04:51:20] [66/296] LSCB
[04:51:21] [67/296] STAD
[04:51:22] [68/296] MCCR
[04:51:22] [69/296] ABCC
[04:51:23] [70/296] RKCC
[04:51:24] [71/296] RTCR
[04:51:24] [72/296] GGBC
[04:51:25] [73/296] GCSD
[04:51:26] [74/296] LPTY
[04:51:26] [75/296] MCFD
[04:51:27] [76/296] HENN
[04:51:28] [77/296] SMKU
[04:51:28] [78/296] TNZC
[04:51:29] [79/296] DRCD
[04:51:30] [80/296] DLCD
[04:51:30] [81/296] RCDA
[04:51:31] [82/296] COSM
[04:51:32] [83/296] MCMJ
[04:51:32] [84/296] CSTR
[04:51:33] [85/296] CVDK
[04:51:34] [86/296] INRR
[04:51:34] [87/296] RJRT
[04:51:35] [88/296] IRMR
[04:51:35] [89/296] SRCF
[04:51:36] [90/296] GRCR
[04:51:37] [91/296] SURC
[04:51:37] [92/296] NMNH
[04:51:38] [93/296] SVBL
[04:51:39] [94/296] KACI
[04:51:40] [95/296] TDGO
[04:51:40] [96/296] KTBR
[04:51:41] [97/296] PMAD
[04:51:42] [98/296] CCPN
[04:51:42] [99/296] SBTK
[04:51:43] [100/296] LMDK
[04:51:44] [101/296] PGDA
[04:51:45] [102/296] SRML
[04:51:45] [103/296] EVCK
[04:51:46] [104/296] RTTK
[04:51:46] [105/296] SRTU
[04:51:47] [106/296] VRSA
[04:51:47] [107/296] VARS
[04:51:48] [108/296] DSCZ
[04:51:49] [109/296] GAGA
[04:51:49] [110/296] SARV
[04:51:50] [111/296] SEEG
[04:51:50] [112/296] GLCA
[04:51:51] [113/296] APAS
[04:51:52] [114/296] VCIA
[04:51:52] [115/296] SJTA
[04:51:53] [116/296] SABM
[04:51:54] [117/296] PPAG
[04:51:55] [118/296] RVCA
[04:51:55] [119/296] CCIA
[04:51:56] [120/296] HTAG
[04:51:57] [121/296] SMBI
[04:51:57] [122/296] MCJR
[04:51:58] [123/296] CCJR
[04:51:59] [124/296] SINF
[04:51:59] [125/296] CPLX
[04:52:00] [126/296] KKTJ
[04:52:01] [127/296] GDBW
[04:52:01] [128/296] CSUB
[04:52:02] [129/296] DABA
[04:52:02] [130/296] TITR
[04:52:03] [131/296] NYCR
[04:52:04] [132/296] RTRY
[04:52:04] [133/296] JTJL
[04:52:05] [134/296] SJCP
[04:52:06] [135/296] KCCA
[04:52:06] [136/296] MLPG
[04:52:07] [137/296] VRCK
[04:52:07] [138/296] SRIN
[04:52:08] [139/296] CXMK
[04:52:09] [140/296] SKAD
[04:52:09] [141/296] AVTR
[04:52:10] [142/296] PTAJ
[04:52:10] [143/296] SCNK
[04:52:11] [144/296] STTI
[04:52:12] [145/296] KACR
[04:52:12] [146/296] SSDX
[04:52:13] [147/296] VRTJ
[04:52:14] [148/296] RAJD
[04:52:14] [149/296] SCIP
[04:52:15] [150/296] RJSL
[04:52:15] [151/296] ARRS
[04:52:16] [152/296] ASMS
[04:52:17] [153/296] RDTS
[04:52:17] [154/296] DVMY
[04:52:18] [155/296] RASA
[04:52:19] [156/296] INOM
[04:52:19] [157/296] SPRS
[04:52:20] [158/296] SGCS
[04:52:21] [159/296] SALM
[04:52:21] [160/296] PKHC
[04:52:22] [161/296] RCSV
[04:52:22] [162/296] CPKC
[04:52:23] [163/296] AACD
[04:52:24] [164/296] GGCV
[04:52:24] [165/296] SMKD
[04:52:25] [166/296] NBCH
[04:52:25] [167/296] AMCB
[04:52:26] [168/296] OPCN
[04:52:27] [169/296] DCIN
[04:52:27] [170/296] INGW
[04:52:28] [171/296] PKKW
[04:52:29] [172/296] FNGW
[04:52:29] [173/296] GCGD
[04:52:30] [174/296] MSTW
[04:52:30] [175/296] KCCG
[04:52:31] [176/296] MRSS
[04:52:31] [177/296] CLCF
[04:52:32] [178/296] EETS
[04:52:32] [179/296] AATR
[04:52:33] [180/296] CMMN
[04:52:34] [181/296] SCCJ
[04:52:34] [182/296] CDTK
[04:52:35] [183/296] AICP
[04:52:36] [184/296] FNBP
[04:52:36] [185/296] CBPB
[04:52:37] [186/296] CPAS
[04:52:37] [187/296] MAPM
[04:52:38] [188/296] PASD
[04:52:38] [189/296] JCMN
[04:52:39] [190/296] MALB
[04:52:40] [191/296] SACG
[04:52:40] [192/296] DDRX
[04:52:41] [193/296] DDXB
[04:52:41] [194/296] RAMC
[04:52:42] [195/296] SANC
[04:52:43] [196/296] BCBP
[04:52:43] [197/296] ALPC
[04:52:44] [198/296] RBAC
[04:52:44] [199/296] RAJL
[04:52:45] [200/296] MPDX
[04:52:46] [201/296] MUSC
[04:52:47] [202/296] VKMK
[04:52:47] [203/296] SKCG
[04:52:48] [204/296] ANCN
[04:52:49] [205/296] MMCJ
[04:52:49] [206/296] DCAK
[04:52:50] [207/296] SCKG
[04:52:50] [208/296] LMCK
[04:52:51] [209/296] CKKX
[04:52:52] [210/296] ANKU
[04:52:52] [211/296] CSMD
[04:52:53] [212/296] MKMP
[04:52:54] [213/296] SVBG
[04:52:54] [214/296] ROOP
[04:52:55] [215/296] GDMT
[04:52:55] [216/296] FPPF
[04:52:56] [217/296] SFUU
[04:52:56] [218/296] ANCB
[04:52:57] [219/296] SMMC
[04:52:58] [220/296] UGKT
[04:52:58] [221/296] JVRM
[04:52:59] [222/296] BATG
[04:52:59] [223/296] RATE
[04:53:00] [224/296] SKME
[04:53:00] [225/296] LMTP
[04:53:01] [226/296] TCBD
[04:53:02] [227/296] ESBD
[04:53:02] [228/296] GDCU
[04:53:03] [229/296] SNKT
[04:53:03] [230/296] SRNK
[04:53:04] [231/296] SMED
[04:53:05] [232/296] CSQS
[04:53:05] [233/296] ALCS
[04:53:06] [234/296] KCKN
[04:53:07] [235/296] VCCL
[04:53:07] [236/296] MCDA
[04:53:08] [237/296] SHMI
[04:53:08] [238/296] SKHA
[04:53:09] [239/296] SVFK
[04:53:10] [240/296] INVB
[04:53:10] [241/296] MELD
[04:53:11] [242/296] JTYS
[04:53:12] [243/296] INCM
[04:53:12] [244/296] MCDV
[04:53:13] [245/296] KSGK
[04:53:14] [246/296] ICMG
[04:53:14] [247/296] CSCV
[04:53:15] [248/296] STMD
[04:53:15] [249/296] STTR
[04:53:16] [250/296] INVC
[04:53:16] [251/296] JTBL
[04:53:17] [252/296] SRVV
[04:53:18] [253/296] MAVC
[04:53:18] [254/296] SRPP
[04:53:19] [255/296] JGDM
[04:53:20] [256/296] MBSJ
[04:53:20] [257/296] SSLL
[04:53:21] [258/296] SLKP
[04:53:21] [259/296] NSRV
[04:53:22] [260/296] UTDV
[04:53:22] [261/296] KICM
[04:53:23] [262/296] KCMD
[04:53:24] [263/296] TTPP
[04:53:24] [264/296] KMPV
[04:53:25] [265/296] SKTV
[04:53:25] [266/296] STCV
[04:53:26] [267/296] SRDA
[04:53:26] [268/296] JTSX
[04:53:27] [269/296] STBV
[04:53:28] [270/296] APVZ
[04:53:28] [271/296] GSTV
[04:53:29] [272/296] NMVS
[04:53:29] [273/296] SKRT
[04:53:30] [274/296] RMDV
[04:53:31] [275/296] RATG
[04:53:31] [276/296] SJYV
[04:53:32] [277/296] NDGP
[04:53:32] [278/296] SNDG
[04:53:33] [279/296] INSR
[04:53:34] [280/296] INSO
[04:53:34] [281/296] CCSI
[04:53:35] [282/296] RASM
[04:53:36] [283/296] NEWC
[04:53:36] [284/296] VSHL
[04:53:37] [285/296] BISW
[04:53:37] [286/296] GCNG
[04:53:38] [287/296] CWSC
[04:53:39] [288/296] SKAN
[04:53:39] [289/296] SEHP
[04:53:40] [290/296] CCOA
[04:53:41] [291/296] MCAJ
[04:53:42] [292/296] ACDE
[04:53:42] [293/296] AACM
[04:53:43] [294/296] JJCK
[04:53:44] [295/296] RCMO
[04:53:44] [296/296] GDAW
[04:53:45] 🧹 Deduping shows
[04:53:45] ✅ DONE | Shows=396 | Movies=30
