[10:08:45] 🚀 SCRIPT STARTED
[10:08:45] [1/324] GCTA
[10:08:45] 🧠 New identity created
[10:08:46] [2/324] TOPN
[10:08:47] [3/324] MCUS
[10:08:47] [4/324] SHRL
[10:08:48] [5/324] UPTP
[10:08:49] [6/324] TMMP
[10:08:50] [7/324] DNRP
[10:08:51] [8/324] SRLT
[10:08:52] [9/324] RCNS
[10:08:53] [10/324] DCBH
[10:08:54] [11/324] NAGJ
[10:08:55] [12/324] JVRC
[10:08:56] [13/324] KRJG
[10:08:57] [14/324] SRTJ
[10:08:58] [15/324] CMXM
[10:08:59] [16/324] STMI
[10:09:00] [17/324] SLST
[10:09:00] [18/324] DTCN
[10:09:01] [19/324] STYN
[10:09:02] [20/324] SZVR
[10:09:03] [21/324] SRKO
[10:09:04] [22/324] JTGT
[10:09:05] [23/324] SVFD
[10:09:06] [24/324] SISD
[10:09:06] [25/324] ABDD
[10:09:07] [26/324] DRCA
[10:09:08] [27/324] AVCS
[10:09:09] [28/324] MVKH
[10:09:10] [29/324] ACPR
[10:09:10] [30/324] STIP
[10:09:11] [31/324] MTRA
[10:09:12] [32/324] RMKH
[10:09:13] [33/324] NKRL
[10:09:14] [34/324] PCWN
[10:09:15] [35/324] BLMT
[10:09:17] [36/324] GDPG
[10:09:18] [37/324] SRMX
[10:09:18] [38/324] JACP
[10:09:19] [39/324] CPSH
[10:09:20] [40/324] MCCD
[10:09:21] [41/324] ECGH
[10:09:22] [42/324] MKCK
[10:09:23] [43/324] SRMM
[10:09:24] [44/324] SKYR
[10:09:25] [45/324] PCKC
[10:09:26] [46/324] JCMA
[10:09:27] [47/324] BSMP
[10:09:28] [48/324] VSPA
[10:09:28] [49/324] DJYA
[10:09:29] [50/324] DIMP
[10:09:30] [51/324] FXDR
[10:09:31] [52/324] SSRC
[10:09:32] [53/324] STHP
[10:09:33] [54/324] CPPD
[10:09:33] [55/324] FCLK
[10:09:34] [56/324] SCPP
[10:09:36] [57/324] DCMJ
[10:09:36] [58/324] RCCR
[10:09:37] [59/324] INMT
[10:09:38] [60/324] LXTK
[10:09:39] [61/324] SRYK
[10:09:41] [62/324] SGDK
[10:09:42] [63/324] PPKA
[10:09:43] [64/324] SPKA
[10:09:44] [65/324] CGHH
[10:09:44] [66/324] DCJN
[10:09:45] [67/324] SRKV
[10:09:46] [68/324] SAJC
[10:09:47] [69/324] SUSR
[10:09:48] [70/324] STYG
[10:09:49] [71/324] NTKP
[10:09:49] [72/324] AKTG
[10:09:50] [73/324] CGCM
[10:09:51] [74/324] TULC
[10:09:51] [75/324] NYYZ
[10:09:52] [76/324] NYBW
[10:09:53] [77/324] MACB
[10:09:54] [78/324] SLVT
[10:09:55] [79/324] SANA
[10:09:56] [80/324] ACMR
[10:09:56] [81/324] CPKN
[10:09:57] [82/324] DLGK
[10:09:59] [83/324] CWCK
[10:10:00] [84/324] FDDH
[10:10:00] [85/324] MMMD
[10:10:01] [86/324] CMEH
[10:10:02] [87/324] GGGV
[10:10:03] [88/324] SPJL
[10:10:03] [89/324] RCCD
[10:10:04] [90/324] STTZ
[10:10:05] [91/324] BTCF
[10:10:06] [92/324] TSTZ
[10:10:07] [93/324] IPMM
[10:10:08] [94/324] PMPW
[10:10:09] [95/324] PCMZ
[10:10:10] [96/324] ESEM
[10:10:10] [97/324] PIPO
[10:10:11] [98/324] MATK
[10:10:12] [99/324] PGHM
[10:10:13] [100/324] CTSR
[10:10:14] [101/324] CYKR
[10:10:15] [102/324] MSCM
[10:10:16] [103/324] RFNP
[10:10:16] [104/324] PDCP
[10:10:17] [105/324] NPSE
[10:10:18] [106/324] MKML
[10:10:19] [107/324] FTDP
[10:10:20] [108/324] MMXA
[10:10:21] [109/324] CEPO
[10:10:22] [110/324] CMVP
[10:10:22] [111/324] SGTH
[10:10:23] [112/324] SAYN
[10:10:24] [113/324] URVS
[10:10:25] [114/324] VJTN
[10:10:26] [115/324] BBYK
[10:10:26] [116/324] SHBO
[10:10:28] [117/324] VCMR
[10:10:28] [118/324] MACT
[10:10:29] [119/324] JMNP
[10:10:30] [120/324] VICS
[10:10:31] [121/324] VCDA
[10:10:31] [122/324] GCMM
[10:10:32] [123/324] INVS
[10:10:33] [124/324] SCGM
[10:10:34] [125/324] PCDA
[10:10:36] [126/324] KDCT
[10:10:37] [127/324] JACS
[10:10:37] [128/324] GMMC
[10:10:38] [129/324] AICM
[10:10:39] [130/324] TJCM
[10:10:40] [131/324] RMTI
[10:10:41] [132/324] SHAC
[10:10:41] [133/324] APJC
[10:10:42] [134/324] GCTG
[10:10:43] [135/324] SSMC
[10:10:44] [136/324] THRM
[10:10:44] [137/324] RBCT
[10:10:45] [138/324] DIKT
[10:10:46] [139/324] MIDL
[10:10:47] [140/324] VCSN
[10:10:48] [141/324] SKTG
[10:10:49] [142/324] SMWC
[10:10:50] [143/324] MNKH
[10:10:51] [144/324] PIAT
[10:10:52] [145/324] LTTP
[10:10:53] [146/324] PTPU
[10:10:53] [147/324] ACMG
[10:10:54] [148/324] SHMM
[10:10:55] [149/324] MCMN
[10:10:56] [150/324] GLDC
[10:10:57] [151/324] HOUT
[10:10:58] [152/324] SVRP
[10:10:58] [153/324] PVDN
[10:10:59] [154/324] SCPY
[10:11:00] [155/324] DTPY
[10:11:01] [156/324] GKCS
[10:11:02] [157/324] NCAM
[10:11:03] [158/324] BSRM
[10:11:04] [159/324] RCLC
[10:11:05] [160/324] SKKD
[10:11:05] [161/324] ACHU
[10:11:07] [162/324] RSCF
[10:11:08] [163/324] IMSH
[10:11:09] [164/324] MACX
[10:11:09] [165/324] HMMW
[10:11:10] [166/324] JTCP
[10:11:11] [167/324] SREN
[10:11:12] [168/324] PJRR
[10:11:12] [169/324] INAC
[10:11:13] [170/324] BMCA
[10:11:14] [171/324] SHCB
[10:11:15] [172/324] GABA
[10:11:16] [173/324] SBCT
[10:11:16] [174/324] GCMA
[10:11:17] [175/324] MYTK
[10:11:18] [176/324] INZS
[10:11:19] [177/324] RMIK
[10:11:20] [178/324] NYCH
[10:11:20] [179/324] RAVE
[10:11:21] [180/324] PSXM
[10:11:22] [181/324] MCGP
[10:11:23] [182/324] PDDK
[10:11:23] [183/324] SPCK
[10:11:24] [184/324] MCRL
[10:11:25] [185/324] MHKT
[10:11:26] [186/324] ANRR
[10:11:26] [187/324] SAPK
[10:11:27] [188/324] NCUK
[10:11:28] [189/324] JUGA
[10:11:29] [190/324] DBSC
[10:11:29] [191/324] LALK
[10:11:31] [192/324] GUCK
[10:11:32] [193/324] STSG
[10:11:33] [194/324] PPPZ
[10:11:34] [195/324] CNCY
[10:11:35] [196/324] MTAR
[10:11:35] [197/324] VNKD
[10:11:36] [198/324] KMAJ
[10:11:37] [199/324] ACXK
[10:11:38] [200/324] UTKC
[10:11:39] [201/324] PBLK
[10:11:40] [202/324] ACBX
[10:11:41] [203/324] PTGM
[10:11:42] [204/324] BTDA
[10:11:43] [205/324] PJMB
[10:11:43] [206/324] TPDA
[10:11:44] [207/324] AMOE
[10:11:45] [208/324] PRHT
[10:11:47] [209/324] PRTA
[10:11:48] [210/324] STAM
[10:11:49] [211/324] MSAA
[10:11:49] [212/324] SDLU
[10:11:50] [213/324] RCHH
[10:11:51] [214/324] KANT
[10:11:52] [215/324] FCRT
[10:11:53] [216/324] DNKM
[10:11:54] [217/324] RYCP
[10:11:55] [218/324] MYRP
[10:11:55] [219/324] PPAK
[10:11:56] [220/324] NVPK
[10:11:57] [221/324] PRMC
[10:11:58] [222/324] JBCS
[10:11:59] [223/324] GXCK
[10:12:00] [224/324] USKO
[10:12:01] [225/324] GTEM
[10:12:02] [226/324] SMBU
[10:12:02] [227/324] VETC
[10:12:03] [228/324] LCDA
[10:12:04] [229/324] MTVT
[10:12:05] [230/324] PYCP
[10:12:06] [231/324] PNSC
[10:12:07] [232/324] PPCC
[10:12:08] [233/324] TGRT
[10:12:09] [234/324] JYOT
[10:12:09] [235/324] SRCZ
[10:12:10] [236/324] SJTE
[10:12:11] [237/324] DESC
[10:12:12] [238/324] JHVN
[10:12:13] [239/324] IPSG
[10:12:13] [240/324] IPCM
[10:12:14] [241/324] PDRS
[10:12:15] [242/324] ANCV
[10:12:16] [243/324] CMVV
[10:12:17] [244/324] SHYP
[10:12:18] [245/324] DNCS
[10:12:18] [246/324] GAJK
[10:12:19] [247/324] AKTN
[10:12:20] [248/324] KAYA
[10:12:21] [249/324] SBRC
[10:12:22] [250/324] CHTP
[10:12:23] [251/324] SHRT
[10:12:24] [252/324] BCKU
[10:12:25] [253/324] FCPS
[10:12:26] [254/324] ARDD
[10:12:27] [255/324] CPCM
[10:12:27] [256/324] CGSM
[10:12:28] [257/324] PSMP
[10:12:29] [258/324] SDAL
[10:12:30] [259/324] RTNB
[10:12:31] [260/324] LMCR
[10:12:32] [261/324] CIMA
[10:12:33] [262/324] RNAS
[10:12:33] [263/324] LITH
[10:12:34] [264/324] PBOX
[10:12:35] [265/324] FRTS
[10:12:36] [266/324] RKIC
[10:12:37] [267/324] PTAI
[10:12:38] [268/324] GCIC
[10:12:38] [269/324] FNAS
[10:12:39] [270/324] SCAR
[10:12:40] [271/324] MTCA
[10:12:41] [272/324] SCTS
[10:12:42] [273/324] SYCS
[10:12:44] [274/324] RDMS
[10:12:44] [275/324] KAMP
[10:12:45] [276/324] ERSD
[10:12:46] [277/324] MJMJ
[10:12:47] [278/324] SRCJ
[10:12:48] [279/324] SCXE
[10:12:49] [280/324] SVFR
[10:12:50] [281/324] BHCS
[10:12:52] [282/324] IMCC
[10:12:53] [283/324] PCBO
[10:12:53] [284/324] PRVN
[10:12:54] [285/324] AUPM
[10:12:55] [286/324] INBW
[10:12:56] [287/324] SVCW
[10:12:57] [288/324] RKCF
[10:12:57] [289/324] UVBH
[10:12:58] [290/324] DNCY
[10:12:59] [291/324] ABCN
[10:13:00] [292/324] PRUR
[10:13:00] [293/324] PFMR
[10:13:01] [294/324] RKCN
[10:13:02] [295/324] CFEA
[10:13:03] [296/324] SDBG
[10:13:03] [297/324] SNAR
[10:13:04] [298/324] YISI
[10:13:06] [299/324] JCFF
[10:13:06] [300/324] VTRK
[10:13:07] [301/324] PCLZ
[10:13:08] [302/324] DIMY
[10:13:09] [303/324] BBTS
[10:13:10] [304/324] GATH
[10:13:10] [305/324] GTMN
[10:13:11] [306/324] VTMH
[10:13:13] [307/324] CCKP
[10:13:13] [308/324] GPKA
[10:13:14] [309/324] MHCL
[10:13:15] [310/324] ATCL
[10:13:16] [311/324] SBCK
[10:13:17] [312/324] AMMR
[10:13:18] [313/324] MADC
[10:13:19] [314/324] TMMA
[10:13:20] [315/324] CACC
[10:13:20] [316/324] CHAL
[10:13:21] [317/324] DURG
[10:13:22] [318/324] GMKU
[10:13:23] [319/324] GECA
[10:13:24] [320/324] KYRR
[10:13:25] [321/324] KSDE
[10:13:26] [322/324] LMCI
[10:13:26] [323/324] NKCP
[10:13:27] [324/324] BGTC
[10:13:28] 🧹 Deduping shows
[10:13:28] ✅ DONE | Shows=143 | Movies=10
[16:49:25] 🚀 SCRIPT STARTED
[16:49:25] [1/324] GCTA
[16:49:25] 🧠 New identity created
[16:49:26] [2/324] TOPN
[16:49:26] [3/324] MCUS
[16:49:28] [4/324] SHRL
[16:49:29] [5/324] UPTP
[16:49:30] [6/324] TMMP
[16:49:30] [7/324] DNRP
[16:49:31] [8/324] SRLT
[16:49:32] [9/324] RCNS
[16:49:33] [10/324] DCBH
[16:49:34] [11/324] NAGJ
[16:49:35] [12/324] JVRC
[16:49:35] [13/324] KRJG
[16:49:36] [14/324] SRTJ
[16:49:37] [15/324] CMXM
[16:49:39] [16/324] STMI
[16:49:39] [17/324] SLST
[16:49:40] [18/324] DTCN
[16:49:41] [19/324] STYN
[16:49:42] [20/324] SZVR
[16:49:43] [21/324] SRKO
[16:49:44] [22/324] JTGT
[16:49:44] [23/324] SVFD
[16:49:45] [24/324] SISD
[16:49:46] [25/324] ABDD
[16:49:47] [26/324] DRCA
[16:49:48] [27/324] AVCS
[16:49:48] [28/324] MVKH
[16:49:49] [29/324] ACPR
[16:49:50] [30/324] STIP
[16:49:51] [31/324] MTRA
[16:49:52] [32/324] RMKH
[16:49:53] [33/324] NKRL
[16:49:54] [34/324] PCWN
[16:49:55] [35/324] BLMT
[16:49:57] [36/324] GDPG
[16:49:58] [37/324] SRMX
[16:49:58] [38/324] JACP
[16:49:59] [39/324] CPSH
[16:50:00] [40/324] MCCD
[16:50:00] [41/324] ECGH
[16:50:02] [42/324] MKCK
[16:50:03] [43/324] SRMM
[16:50:03] [44/324] SKYR
[16:50:04] [45/324] PCKC
[16:50:05] [46/324] JCMA
[16:50:06] [47/324] BSMP
[16:50:07] [48/324] VSPA
[16:50:08] [49/324] DJYA
[16:50:09] [50/324] DIMP
[16:50:09] [51/324] FXDR
[16:50:10] [52/324] SSRC
[16:50:11] [53/324] STHP
[16:50:12] [54/324] CPPD
[16:50:13] [55/324] FCLK
[16:50:14] [56/324] SCPP
[16:50:15] [57/324] DCMJ
[16:50:16] [58/324] RCCR
[16:50:17] [59/324] INMT
[16:50:17] [60/324] LXTK
[16:50:18] [61/324] SRYK
[16:50:19] [62/324] SGDK
[16:50:20] [63/324] PPKA
[16:50:21] [64/324] SPKA
[16:50:23] [65/324] CGHH
[16:50:25] [66/324] DCJN
[16:50:26] [67/324] SRKV
[16:50:26] [68/324] SAJC
[16:50:27] [69/324] SUSR
[16:50:28] [70/324] STYG
[16:50:29] [71/324] NTKP
[16:50:30] [72/324] AKTG
[16:50:30] [73/324] CGCM
[16:50:31] [74/324] TULC
[16:50:32] [75/324] NYYZ
[16:50:33] [76/324] NYBW
[16:50:33] [77/324] MACB
[16:50:34] [78/324] SLVT
[16:50:35] [79/324] SANA
[16:50:36] [80/324] ACMR
[16:50:37] [81/324] CPKN
[16:50:38] [82/324] DLGK
[16:50:38] [83/324] CWCK
[16:50:39] [84/324] FDDH
[16:50:40] [85/324] MMMD
[16:50:41] [86/324] CMEH
[16:50:42] [87/324] GGGV
[16:50:42] [88/324] SPJL
[16:50:43] [89/324] RCCD
[16:50:44] [90/324] STTZ
[16:50:45] [91/324] BTCF
[16:50:46] [92/324] TSTZ
[16:50:47] [93/324] IPMM
[16:50:48] [94/324] PMPW
[16:50:48] [95/324] PCMZ
[16:50:50] [96/324] ESEM
[16:50:51] [97/324] PIPO
[16:50:52] [98/324] MATK
[16:50:52] [99/324] PGHM
[16:50:53] [100/324] CTSR
[16:50:54] [101/324] CYKR
[16:50:55] [102/324] MSCM
[16:50:56] [103/324] RFNP
[16:50:56] [104/324] PDCP
[16:50:57] [105/324] NPSE
[16:50:58] [106/324] MKML
[16:50:59] [107/324] FTDP
[16:51:00] [108/324] MMXA
[16:51:00] [109/324] CEPO
[16:51:01] [110/324] CMVP
[16:51:02] [111/324] SGTH
[16:51:03] [112/324] SAYN
[16:51:04] [113/324] URVS
[16:51:05] [114/324] VJTN
[16:51:06] [115/324] BBYK
[16:51:07] [116/324] SHBO
[16:51:07] [117/324] VCMR
[16:51:08] [118/324] MACT
[16:51:09] [119/324] JMNP
[16:51:10] [120/324] VICS
[16:51:10] [121/324] VCDA
[16:51:11] [122/324] GCMM
[16:51:12] [123/324] INVS
[16:51:13] [124/324] SCGM
[16:51:13] [125/324] PCDA
[16:51:14] [126/324] KDCT
[16:51:15] [127/324] JACS
[16:51:16] [128/324] GMMC
[16:51:17] [129/324] AICM
[16:51:17] [130/324] TJCM
[16:51:18] [131/324] RMTI
[16:51:19] [132/324] SHAC
[16:51:20] [133/324] APJC
[16:51:21] [134/324] GCTG
[16:51:21] [135/324] SSMC
[16:51:22] [136/324] THRM
[16:51:23] [137/324] RBCT
[16:51:24] [138/324] DIKT
[16:51:25] [139/324] MIDL
[16:51:26] [140/324] VCSN
[16:51:27] [141/324] SKTG
[16:51:28] [142/324] SMWC
[16:51:29] [143/324] MNKH
[16:51:29] [144/324] PIAT
[16:51:30] [145/324] LTTP
[16:51:31] [146/324] PTPU
[16:51:32] [147/324] ACMG
[16:51:33] [148/324] SHMM
[16:51:34] [149/324] MCMN
[16:51:34] [150/324] GLDC
[16:51:35] [151/324] HOUT
[16:51:36] [152/324] SVRP
[16:51:37] [153/324] PVDN
[16:51:38] [154/324] SCPY
[16:51:39] [155/324] DTPY
[16:51:40] [156/324] GKCS
[16:51:41] [157/324] NCAM
[16:51:42] [158/324] BSRM
[16:51:43] [159/324] RCLC
[16:51:44] [160/324] SKKD
[16:51:45] [161/324] ACHU
[16:51:46] [162/324] RSCF
[16:51:47] [163/324] IMSH
[16:51:48] [164/324] MACX
[16:51:48] [165/324] HMMW
[16:51:49] [166/324] JTCP
[16:51:50] [167/324] SREN
[16:51:51] [168/324] PJRR
[16:51:52] [169/324] INAC
[16:51:53] [170/324] BMCA
[16:51:54] [171/324] SHCB
[16:51:55] [172/324] GABA
[16:51:55] [173/324] SBCT
[16:51:56] [174/324] GCMA
[16:51:57] [175/324] MYTK
[16:51:58] [176/324] INZS
[16:51:59] [177/324] RMIK
[16:52:00] [178/324] NYCH
[16:52:01] [179/324] RAVE
[16:52:02] [180/324] PSXM
[16:52:02] [181/324] MCGP
[16:52:03] [182/324] PDDK
[16:52:04] [183/324] SPCK
[16:52:05] [184/324] MCRL
[16:52:06] [185/324] MHKT
[16:52:07] [186/324] ANRR
[16:52:08] [187/324] SAPK
[16:52:09] [188/324] NCUK
[16:52:10] [189/324] JUGA
[16:52:10] [190/324] DBSC
[16:52:11] [191/324] LALK
[16:52:12] [192/324] GUCK
[16:52:13] [193/324] STSG
[16:52:14] [194/324] PPPZ
[16:52:15] [195/324] CNCY
[16:52:16] [196/324] MTAR
[16:52:16] [197/324] VNKD
[16:52:17] [198/324] KMAJ
[16:52:18] [199/324] ACXK
[16:52:19] [200/324] UTKC
[16:52:21] [201/324] PBLK
[16:52:22] [202/324] ACBX
[16:52:23] [203/324] PTGM
[16:52:24] [204/324] BTDA
[16:52:24] [205/324] PJMB
[16:52:25] [206/324] TPDA
[16:52:26] [207/324] AMOE
[16:52:27] [208/324] PRHT
[16:52:27] [209/324] PRTA
[16:52:28] [210/324] STAM
[16:52:29] [211/324] MSAA
[16:52:30] [212/324] SDLU
[16:52:31] [213/324] RCHH
[16:52:32] [214/324] KANT
[16:52:32] [215/324] FCRT
[16:52:33] [216/324] DNKM
[16:52:34] [217/324] RYCP
[16:52:35] [218/324] MYRP
[16:52:36] [219/324] PPAK
[16:52:36] [220/324] NVPK
[16:52:37] [221/324] PRMC
[16:52:38] [222/324] JBCS
[16:52:39] [223/324] GXCK
[16:52:40] [224/324] USKO
[16:52:40] [225/324] GTEM
[16:52:41] [226/324] SMBU
[16:52:43] [227/324] VETC
[16:52:43] [228/324] LCDA
[16:52:44] [229/324] MTVT
[16:52:45] [230/324] PYCP
[16:52:46] [231/324] PNSC
[16:52:48] [232/324] PPCC
[16:52:48] [233/324] TGRT
[16:52:49] [234/324] JYOT
[16:52:50] [235/324] SRCZ
[16:52:52] [236/324] SJTE
[16:52:52] [237/324] DESC
[16:52:53] [238/324] JHVN
[16:52:54] [239/324] IPSG
[16:52:55] [240/324] IPCM
[16:52:56] [241/324] PDRS
[16:52:57] [242/324] ANCV
[16:52:57] [243/324] CMVV
[16:52:58] [244/324] SHYP
[16:52:59] [245/324] DNCS
[16:53:00] [246/324] GAJK
[16:53:01] [247/324] AKTN
[16:53:02] [248/324] KAYA
[16:53:04] [249/324] SBRC
[16:53:05] [250/324] CHTP
[16:53:06] [251/324] SHRT
[16:53:06] [252/324] BCKU
[16:53:07] [253/324] FCPS
[16:53:08] [254/324] ARDD
[16:53:09] [255/324] CPCM
[16:53:10] [256/324] CGSM
[16:53:11] [257/324] PSMP
[16:53:12] [258/324] SDAL
[16:53:13] [259/324] RTNB
[16:53:13] [260/324] LMCR
[16:53:14] [261/324] CIMA
[16:53:15] [262/324] RNAS
[16:53:16] [263/324] LITH
[16:53:17] [264/324] PBOX
[16:53:18] [265/324] FRTS
[16:53:19] [266/324] RKIC
[16:53:20] [267/324] PTAI
[16:53:21] [268/324] GCIC
[16:53:22] [269/324] FNAS
[16:53:23] [270/324] SCAR
[16:53:24] [271/324] MTCA
[16:53:25] [272/324] SCTS
[16:53:26] [273/324] SYCS
[16:53:26] [274/324] RDMS
[16:53:28] [275/324] KAMP
[16:53:29] [276/324] ERSD
[16:53:30] [277/324] MJMJ
[16:53:31] [278/324] SRCJ
[16:53:32] [279/324] SCXE
[16:53:32] [280/324] SVFR
[16:53:33] [281/324] BHCS
[16:53:34] [282/324] IMCC
[16:53:36] [283/324] PCBO
[16:53:37] [284/324] PRVN
[16:53:38] [285/324] AUPM
[16:53:38] [286/324] INBW
[16:53:40] [287/324] SVCW
[16:53:41] [288/324] RKCF
[16:53:42] [289/324] UVBH
[16:53:42] [290/324] DNCY
[16:53:43] [291/324] ABCN
[16:53:44] [292/324] PRUR
[16:53:45] [293/324] PFMR
[16:53:46] [294/324] RKCN
[16:53:47] [295/324] CFEA
[16:53:48] [296/324] SDBG
[16:53:50] [297/324] SNAR
[16:53:51] [298/324] YISI
[16:53:52] [299/324] JCFF
[16:53:52] [300/324] VTRK
[16:53:53] [301/324] PCLZ
[16:53:54] [302/324] DIMY
[16:53:55] [303/324] BBTS
[16:53:56] [304/324] GATH
[16:53:56] [305/324] GTMN
[16:53:57] [306/324] VTMH
[16:53:59] [307/324] CCKP
[16:54:00] [308/324] GPKA
[16:54:01] [309/324] MHCL
[16:54:02] [310/324] ATCL
[16:54:04] [311/324] SBCK
[16:54:04] [312/324] AMMR
[16:54:06] [313/324] MADC
[16:54:07] [314/324] TMMA
[16:54:08] [315/324] CACC
[16:54:09] [316/324] CHAL
[16:54:10] [317/324] DURG
[16:54:11] [318/324] GMKU
[16:54:12] [319/324] GECA
[16:54:13] [320/324] KYRR
[16:54:14] [321/324] KSDE
[16:54:14] [322/324] LMCI
[16:54:15] [323/324] NKCP
[16:54:16] [324/324] BGTC
[16:54:17] 🧹 Deduping shows
[16:54:17] ✅ DONE | Shows=218 | Movies=15
