[10:09:11] 🚀 SCRIPT STARTED
[10:09:11] [1/445] TGMR
[10:09:11] 🧠 New identity created
[10:09:12] [2/445] CXKR
[10:09:13] [3/445] SROP
[10:09:13] [4/445] GTSV
[10:09:14] [5/445] SNTY
[10:09:15] [6/445] SMYY
[10:09:16] [7/445] CNCS
[10:09:17] [8/445] CSTM
[10:09:17] [9/445] NUCD
[10:09:18] [10/445] SHCZ
[10:09:19] [11/445] NJCT
[10:09:20] [12/445] COPC
[10:09:21] [13/445] STVV
[10:09:21] [14/445] SKRN
[10:09:22] [15/445] APPZ
[10:09:23] [16/445] YMGN
[10:09:24] [17/445] SVTU
[10:09:25] [18/445] GTAD
[10:09:26] [19/445] PSUS
[10:09:27] [20/445] SMCD
[10:09:28] [21/445] CMCM
[10:09:29] [22/445] SYCT
[10:09:30] [23/445] STLY
[10:09:31] [24/445] CMHU
[10:09:31] [25/445] CMSA
[10:09:32] [26/445] CLCU
[10:09:33] [27/445] PPNT
[10:09:34] [28/445] JTAB
[10:09:35] [29/445] BUUC
[10:09:35] [30/445] BSVK
[10:09:36] [31/445] VVVQ
[10:09:37] [32/445] TKMU
[10:09:38] [33/445] ESYL
[10:09:39] [34/445] ACHP
[10:09:40] [35/445] BTKD
[10:09:41] [36/445] DESA
[10:09:42] [37/445] GBCT
[10:09:42] [38/445] BLLD
[10:09:43] [39/445] SKNT
[10:09:44] [40/445] SSTE
[10:09:45] [41/445] VJMR
[10:09:46] [42/445] NTPU
[10:09:47] [43/445] RDKN
[10:09:47] [44/445] ADGC
[10:09:48] [45/445] VRBP
[10:09:49] [46/445] NMNA
[10:09:50] [47/445] CMMX
[10:09:51] [48/445] PTKO
[10:09:51] [49/445] RBML
[10:09:53] [50/445] SAIC
[10:09:53] [51/445] SVTJ
[10:09:54] [52/445] MRTE
[10:09:55] [53/445] RBTP
[10:09:56] [54/445] NLPS
[10:09:57] [55/445] GTNA
[10:09:58] [56/445] DGGC
[10:09:59] [57/445] SMCR
[10:10:00] [58/445] SCGD
[10:10:01] [59/445] SRRJ
[10:10:02] [60/445] CNRY
[10:10:03] [61/445] KTDI
[10:10:04] [62/445] SNJL
[10:10:05] [63/445] RKMD
[10:10:06] [64/445] SMDC
[10:10:07] [65/445] TADG
[10:10:08] [66/445] MCGS
[10:10:09] [67/445] PETK
[10:10:10] [68/445] CHAG
[10:10:10] [69/445] KSTL
[10:10:11] [70/445] AADS
[10:10:12] [71/445] NTHZ
[10:10:13] [72/445] HCKI
[10:10:14] [73/445] SSEF
[10:10:15] [74/445] MCGX
[10:10:15] [75/445] ERRA
[10:10:16] [76/445] SDTW
[10:10:17] [77/445] RMPK
[10:10:18] [78/445] PTHK
[10:10:18] [79/445] PXCS
[10:10:19] [80/445] SVLU
[10:10:20] [81/445] STAH
[10:10:21] [82/445] JRGF
[10:10:21] [83/445] CDOK
[10:10:22] [84/445] CMSG
[10:10:23] [85/445] APTD
[10:10:24] [86/445] KMPG
[10:10:24] [87/445] MUTJ
[10:10:25] [88/445] VCCI
[10:10:26] [89/445] URBE
[10:10:27] [90/445] TCTS
[10:10:28] [91/445] STSN
[10:10:29] [92/445] AKCH
[10:10:30] [93/445] APSC
[10:10:31] [94/445] VLTB
[10:10:32] [95/445] SANU
[10:10:33] [96/445] AXAM
[10:10:33] [97/445] MGMG
[10:10:34] [98/445] HTBY
[10:10:35] [99/445] MMZS
[10:10:35] [100/445] SUDR
[10:10:36] [101/445] CCAD
[10:10:38] [102/445] SKKC
[10:10:39] [103/445] RMCD
[10:10:39] [104/445] SBCQ
[10:10:40] [105/445] DCCT
[10:10:42] [106/445] VTKP
[10:10:43] [107/445] MLAM
[10:10:43] [108/445] SAVT
[10:10:44] [109/445] GEPL
[10:10:45] [110/445] AMCD
[10:10:46] [111/445] CCXR
[10:10:47] [112/445] GRNG
[10:10:48] [113/445] EBCA
[10:10:49] [114/445] CNVG
[10:10:49] [115/445] MWSS
[10:10:50] [116/445] VBOR
[10:10:51] [117/445] NEEB
[10:10:52] [118/445] SUTH
[10:10:53] [119/445] ANDB
[10:10:54] [120/445] MMXS
[10:10:54] [121/445] CNPD
[10:10:55] [122/445] SDCE
[10:10:56] [123/445] DHCB
[10:10:57] [124/445] ODEN
[10:10:58] [125/445] TNTC
[10:11:00] [126/445] VBKM
[10:11:01] [127/445] RZYM
[10:11:01] [128/445] JEMC
[10:11:02] [129/445] CMAU
[10:11:03] [130/445] SIVP
[10:11:04] [131/445] ATAG
[10:11:04] [132/445] CHTM
[10:11:05] [133/445] AAEE
[10:11:06] [134/445] IWPM
[10:11:07] [135/445] KCMW
[10:11:08] [136/445] MCTD
[10:11:09] [137/445] SPWR
[10:11:10] [138/445] SDPO
[10:11:10] [139/445] PCSK
[10:11:11] [140/445] ACHV
[10:11:12] [141/445] SVLA
[10:11:13] [142/445] PICT
[10:11:14] [143/445] BXDR
[10:11:15] [144/445] SPWA
[10:11:16] [145/445] MCKO
[10:11:18] [146/445] RTHK
[10:11:18] [147/445] CCMF
[10:11:20] [148/445] MRGB
[10:11:21] [149/445] CPLC
[10:11:21] [150/445] RACD
[10:11:22] [151/445] ATKT
[10:11:23] [152/445] SARN
[10:11:24] [153/445] KKUI
[10:11:25] [154/445] RGCM
[10:11:26] [155/445] BRVP
[10:11:26] [156/445] HRSR
[10:11:27] [157/445] GKGM
[10:11:28] [158/445] TTCD
[10:11:29] [159/445] PTTI
[10:11:29] [160/445] MPTT
[10:11:30] [161/445] CVTT
[10:11:31] [162/445] PCXD
[10:11:32] [163/445] GCDC
[10:11:32] [164/445] CCCF
[10:11:33] [165/445] MRAD
[10:11:34] [166/445] CPLK
[10:11:35] [167/445] SATB
[10:11:36] [168/445] SNVG
[10:11:36] [169/445] JMBA
[10:11:37] [170/445] TEJA
[10:11:38] [171/445] STYO
[10:11:39] [172/445] JTBP
[10:11:40] [173/445] KRGD
[10:11:40] [174/445] SLJJ
[10:11:41] [175/445] SPTJ
[10:11:42] [176/445] SWJG
[10:11:43] [177/445] LKRT
[10:11:44] [178/445] KCKA
[10:11:44] [179/445] SNCR
[10:11:45] [180/445] SMKL
[10:11:47] [181/445] GCFA
[10:11:48] [182/445] DDCK
[10:11:48] [183/445] NCHJ
[10:11:49] [184/445] RDMA
[10:11:50] [185/445] SVSV
[10:11:51] [186/445] SCJG
[10:11:51] [187/445] VKLP
[10:11:52] [188/445] NWCC
[10:11:54] [189/445] VKNS
[10:11:55] [190/445] SDDP
[10:11:55] [191/445] ACSI
[10:11:56] [192/445] SATG
[10:11:57] [193/445] SCMW
[10:11:58] [194/445] LKTK
[10:11:59] [195/445] VCKV
[10:12:00] [196/445] KKPE
[10:12:01] [197/445] KIGH
[10:12:02] [198/445] SRPM
[10:12:03] [199/445] SCAH
[10:12:04] [200/445] MUTA
[10:12:04] [201/445] SEPU
[10:12:05] [202/445] INOA
[10:12:06] [203/445] BASK
[10:12:07] [204/445] NECB
[10:12:08] [205/445] GTTG
[10:12:09] [206/445] ASSA
[10:12:09] [207/445] ANCL
[10:12:10] [208/445] GCTI
[10:12:11] [209/445] RCTS
[10:12:12] [210/445] ACNL
[10:12:13] [211/445] MYCT
[10:12:14] [212/445] NMHT
[10:12:14] [213/445] MDIT
[10:12:15] [214/445] LATG
[10:12:16] [215/445] SMTY
[10:12:17] [216/445] CVCT
[10:12:18] [217/445] RAMB
[10:12:19] [218/445] TGMS
[10:12:19] [219/445] BHEL
[10:12:20] [220/445] SHCT
[10:12:21] [221/445] SVCT
[10:12:21] [222/445] MRIY
[10:12:22] [223/445] SARO
[10:12:23] [224/445] STCT
[10:12:24] [225/445] JKKC
[10:12:25] [226/445] PLTT
[10:12:26] [227/445] SRNT
[10:12:27] [228/445] YAST
[10:12:28] [229/445] PERL
[10:12:28] [230/445] CICM
[10:12:29] [231/445] MMTR
[10:12:30] [232/445] ABTK
[10:12:31] [233/445] ATYY
[10:12:32] [234/445] ASTK
[10:12:32] [235/445] VVCK
[10:12:34] [236/445] ATKY
[10:12:35] [237/445] GWEK
[10:12:36] [238/445] SVFH
[10:12:36] [239/445] SLTA
[10:12:37] [240/445] AASH
[10:12:38] [241/445] ACXB
[10:12:39] [242/445] SMTX
[10:12:39] [243/445] AZDH
[10:12:40] [244/445] CMMH
[10:12:41] [245/445] SCSZ
[10:12:42] [246/445] SCKP
[10:12:42] [247/445] NXTM
[10:12:43] [248/445] NWCS
[10:12:44] [249/445] CXMH
[10:12:45] [250/445] PCMA
[10:12:46] [251/445] SGCM
[10:12:47] [252/445] SDTU
[10:12:48] [253/445] MMVI
[10:12:48] [254/445] JKCM
[10:12:49] [255/445] VCMM
[10:12:50] [256/445] SYEE
[10:12:51] [257/445] VASD
[10:12:52] [258/445] BDRB
[10:12:52] [259/445] LASM
[10:12:53] [260/445] DCRL
[10:12:54] [261/445] DVPM
[10:12:55] [262/445] SBMJ
[10:12:56] [263/445] CBMU
[10:12:56] [264/445] IUBS
[10:12:57] [265/445] INAP
[10:12:58] [266/445] SRRC
[10:12:59] [267/445] SAGR
[10:13:00] [268/445] CPMJ
[10:13:01] [269/445] ATJL
[10:13:02] [270/445] NNTD
[10:13:03] [271/445] JHCJ
[10:13:04] [272/445] CMMP
[10:13:04] [273/445] RSDR
[10:13:06] [274/445] AMTI
[10:13:06] [275/445] NYSG
[10:13:07] [276/445] AVSG
[10:13:08] [277/445] SYTP
[10:13:09] [278/445] LARC
[10:13:09] [279/445] RJTP
[10:13:10] [280/445] LAKC
[10:13:11] [281/445] MCXE
[10:13:12] [282/445] CCZC
[10:13:12] [283/445] AVCH
[10:13:13] [284/445] CMBE
[10:13:14] [285/445] MRRC
[10:13:15] [286/445] PCPY
[10:13:16] [287/445] SRMH
[10:13:16] [288/445] SVGS
[10:13:17] [289/445] PCSE
[10:13:18] [290/445] SVFT
[10:13:19] [291/445] TNZP
[10:13:20] [292/445] ICTP
[10:13:21] [293/445] ACTZ
[10:13:21] [294/445] GTUR
[10:13:22] [295/445] MAFC
[10:13:23] [296/445] MINL
[10:13:24] [297/445] MRCL
[10:13:24] [298/445] RCRP
[10:13:25] [299/445] RFFG
[10:13:26] [300/445] RMAS
[10:13:27] [301/445] INVR
[10:13:28] [302/445] RMAR
[10:13:29] [303/445] CNIS
[10:13:29] [304/445] RHRJ
[10:13:30] [305/445] INXR
[10:13:31] [306/445] VALT
[10:13:32] [307/445] LCSH
[10:13:33] [308/445] CMVS
[10:13:34] [309/445] CNMS
[10:13:34] [310/445] ROOG
[10:13:35] [311/445] ISRM
[10:13:36] [312/445] RCRM
[10:13:37] [313/445] ACJA
[10:13:37] [314/445] RCVS
[10:13:38] [315/445] CPUS
[10:13:39] [316/445] TGCS
[10:13:40] [317/445] RKCJ
[10:13:41] [318/445] MKSB
[10:13:42] [319/445] TCSJ
[10:13:43] [320/445] RMGP
[10:13:44] [321/445] CLLP
[10:13:44] [322/445] RCMV
[10:13:45] [323/445] CCKS
[10:13:46] [324/445] RSRP
[10:13:47] [325/445] APLP
[10:13:48] [326/445] CNVS
[10:13:48] [327/445] RMVY
[10:13:49] [328/445] PGBD
[10:13:50] [329/445] KLMS
[10:13:51] [330/445] RUST
[10:13:52] [331/445] MASM
[10:13:54] [332/445] BACS
[10:13:55] [333/445] BWST
[10:13:56] [334/445] RRFH
[10:13:56] [335/445] SJTM
[10:13:57] [336/445] BEMR
[10:13:58] [337/445] MCGR
[10:13:59] [338/445] SDSK
[10:14:00] [339/445] VBOL
[10:14:01] [340/445] RMGM
[10:14:01] [341/445] NOPL
[10:14:02] [342/445] MKJK
[10:14:03] [343/445] CVRN
[10:14:04] [344/445] MMEN
[10:14:05] [345/445] AMNG
[10:14:05] [346/445] INTM
[10:14:06] [347/445] SLCZ
[10:14:07] [348/445] AMJN
[10:14:08] [349/445] ACJN
[10:14:09] [350/445] AMKN
[10:14:09] [351/445] BTCN
[10:14:10] [352/445] AMBT
[10:14:11] [353/445] PACN
[10:14:12] [354/445] LCNS
[10:14:12] [355/445] PPKC
[10:14:13] [356/445] JYYN
[10:14:14] [357/445] JTNR
[10:14:14] [358/445] GTEE
[10:14:15] [359/445] SRNM
[10:14:16] [360/445] SDTC
[10:14:17] [361/445] VPCA
[10:14:17] [362/445] VLRA
[10:14:18] [363/445] SHKR
[10:14:19] [364/445] SBKD
[10:14:20] [365/445] SAAD
[10:14:20] [366/445] JTGN
[10:14:21] [367/445] SLAM
[10:14:22] [368/445] VTPM
[10:14:23] [369/445] ANPT
[10:14:23] [370/445] PUNB
[10:14:24] [371/445] CPKT
[10:14:25] [372/445] CNWE
[10:14:26] [373/445] ECPP
[10:14:28] [374/445] CPAR
[10:14:28] [375/445] ESBW
[10:14:29] [376/445] PKPU
[10:14:30] [377/445] CPRP
[10:14:31] [378/445] RAHU
[10:14:32] [379/445] RHMN
[10:14:33] [380/445] FMJP
[10:14:34] [381/445] CTMP
[10:14:35] [382/445] INPN
[10:14:35] [383/445] STTG
[10:14:36] [384/445] CTRD
[10:14:37] [385/445] PUVB
[10:14:38] [386/445] ESVP
[10:14:38] [387/445] CPFT
[10:14:39] [388/445] LCPC
[10:14:40] [389/445] VBCT
[10:14:41] [390/445] FSCW
[10:14:42] [391/445] VCMP
[10:14:43] [392/445] ASHC
[10:14:44] [393/445] VLCX
[10:14:45] [394/445] SHEV
[10:14:46] [395/445] APCO
[10:14:47] [396/445] SILC
[10:14:48] [397/445] SNMR
[10:14:48] [398/445] KYBO
[10:14:49] [399/445] SATK
[10:14:50] [400/445] SSCS
[10:14:51] [401/445] CLSB
[10:14:51] [402/445] KMJR
[10:14:53] [403/445] FSCK
[10:14:54] [404/445] NNKA
[10:14:54] [405/445] CLMK
[10:14:55] [406/445] DMPZ
[10:14:56] [407/445] INQM
[10:14:57] [408/445] CAML
[10:14:58] [409/445] INRK
[10:14:59] [410/445] IMKN
[10:14:59] [411/445] SVNR
[10:15:00] [412/445] INSL
[10:15:01] [413/445] MSMA
[10:15:02] [414/445] MCKK
[10:15:03] [415/445] FCHP
[10:15:03] [416/445] SFCR
[10:15:04] [417/445] NACK
[10:15:05] [418/445] PVAK
[10:15:06] [419/445] INER
[10:15:06] [420/445] RDBK
[10:15:08] [421/445] SVFN
[10:15:09] [422/445] IFRM
[10:15:09] [423/445] ATCK
[10:15:11] [424/445] ASKO
[10:15:11] [425/445] STKT
[10:15:12] [426/445] SVFB
[10:15:14] [427/445] INKS
[10:15:15] [428/445] PCRA
[10:15:15] [429/445] ATJA
[10:15:16] [430/445] IMJN
[10:15:17] [431/445] INHD
[10:15:18] [432/445] BARA
[10:15:19] [433/445] MCSL
[10:15:20] [434/445] RTOY
[10:15:20] [435/445] MENO
[10:15:21] [436/445] PUDM
[10:15:22] [437/445] PRCN
[10:15:23] [438/445] JMJR
[10:15:23] [439/445] SSGK
[10:15:24] [440/445] SSRL
[10:15:25] [441/445] JYKL
[10:15:26] [442/445] ACNB
[10:15:27] [443/445] SONP
[10:15:28] [444/445] EMCI
[10:15:29] [445/445] MRJH
[10:15:30] 🧹 Deduping shows
[10:15:30] ✅ DONE | Shows=118 | Movies=25
