[10:09:02] 🚀 SCRIPT STARTED
[10:09:02] [1/459] NECA
[10:09:02] 🧠 New identity created
[10:09:02] [2/459] BJLC
[10:09:03] [3/459] BASU
[10:09:04] [4/459] RUPI
[10:09:04] [5/459] LCBK
[10:09:05] [6/459] PMAC
[10:09:06] [7/459] AMLC
[10:09:06] [8/459] LICL
[10:09:06] [9/459] UDMM
[10:09:07] [10/459] STBZ
[10:09:08] [11/459] UUBT
[10:09:08] [12/459] SJKC
[10:09:09] [13/459] TUAL
[10:09:09] [14/459] MRSE
[10:09:10] [15/459] RMRK
[10:09:11] [16/459] TTKP
[10:09:11] [17/459] KTKO
[10:09:12] [18/459] SDBK
[10:09:12] [19/459] MCPR
[10:09:13] [20/459] CHTI
[10:09:14] [21/459] GCCP
[10:09:14] [22/459] SRMY
[10:09:15] [23/459] NYST
[10:09:15] [24/459] NYAG
[10:09:16] [25/459] SBMT
[10:09:16] [26/459] INGA
[10:09:17] [27/459] WSIC
[10:09:18] [28/459] SCSS
[10:09:18] [29/459] COPG
[10:09:19] [30/459] RCGR
[10:09:19] [31/459] TCZA
[10:09:20] [32/459] CNLP
[10:09:21] [33/459] CLKN
[10:09:21] [34/459] LHDF
[10:09:22] [35/459] ELKC
[10:09:22] [36/459] VCEM
[10:09:23] [37/459] SSZA
[10:09:24] [38/459] KRMT
[10:09:24] [39/459] LCMV
[10:09:25] [40/459] AYCZ
[10:09:26] [41/459] CUMS
[10:09:26] [42/459] BOCK
[10:09:27] [43/459] PNMR
[10:09:27] [44/459] PJCP
[10:09:28] [45/459] JDDD
[10:09:28] [46/459] STMS
[10:09:29] [47/459] FLMB
[10:09:30] [48/459] PKCM
[10:09:30] [49/459] SPPR
[10:09:31] [50/459] EYLH
[10:09:32] [51/459] RJCC
[10:09:32] [52/459] MMPS
[10:09:33] [53/459] SHMX
[10:09:33] [54/459] CCNL
[10:09:34] [55/459] RCNV
[10:09:34] [56/459] MAAG
[10:09:35] [57/459] LXCM
[10:09:35] [58/459] RCNI
[10:09:36] [59/459] SNNI
[10:09:36] [60/459] LALC
[10:09:37] [61/459] SOCN
[10:09:38] [62/459] JHTP
[10:09:38] [63/459] PITP
[10:09:39] [64/459] CCKW
[10:09:39] [65/459] MCMC
[10:09:40] [66/459] DEES
[10:09:40] [67/459] SABT
[10:09:41] [68/459] VSPP
[10:09:41] [69/459] ABCT
[10:09:42] [70/459] JVTB
[10:09:43] [71/459] VCBD
[10:09:43] [72/459] RMGG
[10:09:44] [73/459] RNMH
[10:09:44] [74/459] SPGL
[10:09:45] [75/459] JTTR
[10:09:45] [76/459] SICS
[10:09:46] [77/459] SRMI
[10:09:47] [78/459] SSIJ
[10:09:47] [79/459] KFMT
[10:09:48] [80/459] VBIT
[10:09:48] [81/459] JKCT
[10:09:49] [82/459] GCGP
[10:09:50] [83/459] GDCS
[10:09:50] [84/459] TRBA
[10:09:50] [85/459] QUST
[10:09:51] [86/459] VSHM
[10:09:51] [87/459] SDCP
[10:09:52] [88/459] SNVS
[10:09:53] [89/459] NYTO
[10:09:53] [90/459] URWC
[10:09:54] [91/459] GTWH
[10:09:55] [92/459] PFCM
[10:09:56] [93/459] KRTA
[10:09:56] [94/459] AXMC
[10:09:57] [95/459] EVMC
[10:09:57] [96/459] HGSM
[10:09:58] [97/459] ACVM
[10:09:58] [98/459] PSKL
[10:09:59] [99/459] RDMP
[10:09:59] [100/459] RHGH
[10:10:00] [101/459] OMCM
[10:10:00] [102/459] DCCP
[10:10:01] [103/459] MCPB
[10:10:02] [104/459] ALCI
[10:10:02] [105/459] BLMX
[10:10:03] [106/459] BTMV
[10:10:03] [107/459] FVPN
[10:10:04] [108/459] CMAR
[10:10:05] [109/459] CEIM
[10:10:05] [110/459] CMVA
[10:10:06] [111/459] CPIV
[10:10:06] [112/459] CNPE
[10:10:07] [113/459] COLV
[10:10:08] [114/459] DNNV
[10:10:08] [115/459] HCAD
[10:10:09] [116/459] TAKA
[10:10:10] [117/459] INVD
[10:10:10] [118/459] IRMM
[10:10:11] [119/459] INSE
[10:10:11] [120/459] MRSW
[10:10:12] [121/459] MCVD
[10:10:12] [122/459] MCSO
[10:10:13] [123/459] PEVM
[10:10:13] [124/459] PVNL
[10:10:14] [125/459] PTCV
[10:10:15] [126/459] PRTC
[10:10:15] [127/459] RCVA
[10:10:15] [128/459] MTBN
[10:10:16] [129/459] LUCP
[10:10:17] [130/459] FMPT
[10:10:17] [131/459] JLSL
[10:10:18] [132/459] SBHA
[10:10:18] [133/459] SHRC
[10:10:19] [134/459] AVPS
[10:10:19] [135/459] STPM
[10:10:20] [136/459] ATRD
[10:10:20] [137/459] VTED
[10:10:21] [138/459] ACAI
[10:10:21] [139/459] SMAE
[10:10:22] [140/459] VMAT
[10:10:22] [141/459] LKCT
[10:10:23] [142/459] JTVK
[10:10:24] [143/459] PRTY
[10:10:24] [144/459] GETT
[10:10:25] [145/459] ESAP
[10:10:26] [146/459] NCPM
[10:10:26] [147/459] PCPA
[10:10:27] [148/459] MMOM
[10:10:27] [149/459] PHUP
[10:10:28] [150/459] CCPI
[10:10:29] [151/459] CNTD
[10:10:29] [152/459] NLJR
[10:10:30] [153/459] SRNG
[10:10:30] [154/459] MHAL
[10:10:31] [155/459] PNSM
[10:10:31] [156/459] DRMY
[10:10:32] [157/459] CCMU
[10:10:32] [158/459] SCMY
[10:10:33] [159/459] PVSY
[10:10:34] [160/459] SDLM
[10:10:34] [161/459] ICCM
[10:10:34] [162/459] PYSU
[10:10:35] [163/459] GATM
[10:10:36] [164/459] WOTM
[10:10:36] [165/459] RKTS
[10:10:37] [166/459] PMTY
[10:10:37] [167/459] LYMS
[10:10:38] [168/459] TGCA
[10:10:38] [169/459] DSTA
[10:10:39] [170/459] CNGE
[10:10:39] [171/459] VSTG
[10:10:40] [172/459] GTCK
[10:10:40] [173/459] TGNT
[10:10:41] [174/459] ASLC
[10:10:41] [175/459] SSST
[10:10:42] [176/459] KBTT
[10:10:42] [177/459] HKCP
[10:10:43] [178/459] SWLC
[10:10:44] [179/459] RTND
[10:10:44] [180/459] PKKT
[10:10:45] [181/459] HSTK
[10:10:45] [182/459] SPTT
[10:10:46] [183/459] IMPM
[10:10:46] [184/459] SCMV
[10:10:47] [185/459] SPCT
[10:10:48] [186/459] JBCA
[10:10:48] [187/459] ATTR
[10:10:49] [188/459] SPMT
[10:10:49] [189/459] LCTM
[10:10:50] [190/459] SCVL
[10:10:51] [191/459] SCVT
[10:10:51] [192/459] KRIC
[10:10:52] [193/459] CTMG
[10:10:52] [194/459] ACNC
[10:10:53] [195/459] DMCK
[10:10:54] [196/459] KMTV
[10:10:54] [197/459] PFCJ
[10:10:55] [198/459] VNMD
[10:10:56] [199/459] VPCZ
[10:10:56] [200/459] SRYR
[10:10:57] [201/459] SYTR
[10:10:57] [202/459] GATR
[10:10:58] [203/459] URTR
[10:10:58] [204/459] MKSM
[10:10:59] [205/459] VSMH
[10:10:59] [206/459] SKRJ
[10:11:00] [207/459] SSJR
[10:11:01] [208/459] SVSM
[10:11:02] [209/459] RUCM
[10:11:02] [210/459] PRKN
[10:11:03] [211/459] RROH
[10:11:04] [212/459] SCTN
[10:11:05] [213/459] RTDM
[10:11:05] [214/459] ASRM
[10:11:06] [215/459] SKMD
[10:11:07] [216/459] SUTD
[10:11:08] [217/459] SADM
[10:11:09] [218/459] WCNR
[10:11:09] [219/459] CNED
[10:11:10] [220/459] MPDB
[10:11:12] [221/459] KTBH
[10:11:12] [222/459] IDRM
[10:11:13] [223/459] PJJT
[10:11:14] [224/459] PFCV
[10:11:15] [225/459] AACT
[10:11:16] [226/459] AAAD
[10:11:16] [227/459] ANES
[10:11:18] [228/459] MNCA
[10:11:19] [229/459] RMGU
[10:11:20] [230/459] DLCN
[10:11:20] [231/459] LJWT
[10:11:21] [232/459] MCBG
[10:11:22] [233/459] MYBG
[10:11:23] [234/459] GCCA
[10:11:24] [235/459] GCGA
[10:11:24] [236/459] ECGN
[10:11:25] [237/459] PRAB
[10:11:26] [238/459] PNMP
[10:11:27] [239/459] GCPT
[10:11:28] [240/459] ROYN
[10:11:28] [241/459] VATM
[10:11:29] [242/459] KSNT
[10:11:30] [243/459] ACTC
[10:11:31] [244/459] PLTD
[10:11:31] [245/459] SKMK
[10:11:32] [246/459] CMTT
[10:11:33] [247/459] SMXP
[10:11:34] [248/459] SCMX
[10:11:35] [249/459] ACXN
[10:11:36] [250/459] ASWT
[10:11:36] [251/459] VVVL
[10:11:37] [252/459] NAGO
[10:11:38] [253/459] SNCN
[10:11:39] [254/459] MCKP
[10:11:39] [255/459] SAMO
[10:11:40] [256/459] JBTV
[10:11:41] [257/459] DCVV
[10:11:42] [258/459] KMSV
[10:11:43] [259/459] KDCN
[10:11:44] [260/459] CNCP
[10:11:44] [261/459] HAMC
[10:11:45] [262/459] CCVZ
[10:11:46] [263/459] NCCK
[10:11:47] [264/459] MCHR
[10:11:48] [265/459] SCHT
[10:11:48] [266/459] ESSH
[10:11:49] [267/459] CUJC
[10:11:50] [268/459] PECP
[10:11:51] [269/459] PMMI
[10:11:52] [270/459] PCCH
[10:11:53] [271/459] PRPM
[10:11:53] [272/459] PVKL
[10:11:55] [273/459] CBSM
[10:11:55] [274/459] PVCZ
[10:11:56] [275/459] PCVV
[10:11:57] [276/459] CTMJ
[10:11:58] [277/459] RCPS
[10:11:58] [278/459] PCIT
[10:11:59] [279/459] FNCH
[10:12:00] [280/459] INZD
[10:12:01] [281/459] INPC
[10:12:01] [282/459] LCZP
[10:12:02] [283/459] SMCB
[10:12:03] [284/459] PTSB
[10:12:04] [285/459] TPSI
[10:12:05] [286/459] KHMJ
[10:12:06] [287/459] RCCJ
[10:12:07] [288/459] NCJA
[10:12:07] [289/459] NCJN
[10:12:08] [290/459] BTDP
[10:12:09] [291/459] PADY
[10:12:10] [292/459] NYBH
[10:12:11] [293/459] MTBR
[10:12:11] [294/459] KRBC
[10:12:12] [295/459] DKTI
[10:12:13] [296/459] ANAN
[10:12:14] [297/459] INBP
[10:12:14] [298/459] PATB
[10:12:15] [299/459] RGNT
[10:12:17] [300/459] CGPM
[10:12:18] [301/459] INTN
[10:12:18] [302/459] MCMP
[10:12:19] [303/459] ASRG
[10:12:20] [304/459] CXJD
[10:12:21] [305/459] SPCP
[10:12:22] [306/459] CSTP
[10:12:22] [307/459] PKVC
[10:12:23] [308/459] ESCP
[10:12:24] [309/459] CAEP
[10:12:25] [310/459] CCSP
[10:12:26] [311/459] KTPC
[10:12:27] [312/459] DACA
[10:12:27] [313/459] NVKY
[10:12:28] [314/459] PTIN
[10:12:29] [315/459] SCIN
[10:12:30] [316/459] MCTY
[10:12:31] [317/459] PCMX
[10:12:32] [318/459] INIC
[10:12:32] [319/459] MMZM
[10:12:33] [320/459] SSLP
[10:12:34] [321/459] DTDT
[10:12:35] [322/459] FFCX
[10:12:36] [323/459] RCMM
[10:12:37] [324/459] KYID
[10:12:38] [325/459] CSCI
[10:12:39] [326/459] FCMC
[10:12:40] [327/459] MMXI
[10:12:40] [328/459] ASTC
[10:12:41] [329/459] CMRA
[10:12:42] [330/459] DICI
[10:12:43] [331/459] KDIN
[10:12:44] [332/459] PRFI
[10:12:44] [333/459] SVFC
[10:12:45] [334/459] UCPL
[10:12:46] [335/459] COOC
[10:12:47] [336/459] SCAL
[10:12:48] [337/459] SVFF
[10:12:48] [338/459] VCMG
[10:12:49] [339/459] UUCT
[10:12:50] [340/459] GCSE
[10:12:51] [341/459] SUSC
[10:12:52] [342/459] MISC
[10:12:52] [343/459] RMBL
[10:12:53] [344/459] CMXN
[10:12:54] [345/459] PVBK
[10:12:55] [346/459] HHCG
[10:12:56] [347/459] SCAG
[10:12:57] [348/459] CNPR
[10:12:57] [349/459] CSER
[10:12:59] [350/459] HLWD
[10:12:59] [351/459] BOLY
[10:13:00] [352/459] SSPG
[10:13:01] [353/459] MUPX
[10:13:02] [354/459] HAMR
[10:13:02] [355/459] SDNC
[10:13:03] [356/459] RTEN
[10:13:04] [357/459] SDTD
[10:13:04] [358/459] KAWS
[10:13:05] [359/459] CMZX
[10:13:06] [360/459] DCDD
[10:13:07] [361/459] ALSN
[10:13:08] [362/459] IMXS
[10:13:09] [363/459] PVFF
[10:13:09] [364/459] PVOO
[10:13:10] [365/459] CFBS
[10:13:11] [366/459] PVER
[10:13:12] [367/459] PPNX
[10:13:13] [368/459] CNRM
[10:13:14] [369/459] PVWW
[10:13:14] [370/459] INMB
[10:13:15] [371/459] CPJR
[10:13:16] [372/459] INRZ
[10:13:17] [373/459] PMSR
[10:13:17] [374/459] GPGM
[10:13:19] [375/459] PGWB
[10:13:20] [376/459] PMBR
[10:13:20] [377/459] GPAM
[10:13:21] [378/459] INBC
[10:13:22] [379/459] PZVK
[10:13:23] [380/459] CPEB
[10:13:24] [381/459] FMLB
[10:13:24] [382/459] INBG
[10:13:25] [383/459] GPBR
[10:13:26] [384/459] PAAS
[10:13:27] [385/459] VTBR
[10:13:27] [386/459] GPMY
[10:13:28] [387/459] GYBU
[10:13:29] [388/459] INBJ
[10:13:30] [389/459] LKTH
[10:13:31] [390/459] NSBR
[10:13:32] [391/459] PDRD
[10:13:33] [392/459] VRBL
[10:13:33] [393/459] VTGB
[10:13:34] [394/459] VTSK
[10:13:36] [395/459] BKDV
[10:13:37] [396/459] SVTB
[10:13:37] [397/459] MLDT
[10:13:38] [398/459] NRBL
[10:13:39] [399/459] SLTR
[10:13:40] [400/459] VNKA
[10:13:41] [401/459] TDCA
[10:13:41] [402/459] INBM
[10:13:42] [403/459] SSNR
[10:13:43] [404/459] BHAC
[10:13:44] [405/459] SDSD
[10:13:45] [406/459] SAMP
[10:13:46] [407/459] RATK
[10:13:46] [408/459] KCBI
[10:13:48] [409/459] URBL
[10:13:49] [410/459] MKBG
[10:13:49] [411/459] ASTB
[10:13:50] [412/459] VBWT
[10:13:51] [413/459] GPSM
[10:13:51] [414/459] ROON
[10:13:52] [415/459] CHTH
[10:13:53] [416/459] SSPA
[10:13:54] [417/459] ANBL
[10:13:55] [418/459] VTBE
[10:13:55] [419/459] SVKT
[10:13:56] [420/459] SVYK
[10:13:56] [421/459] PTBK
[10:13:57] [422/459] RKTB
[10:13:58] [423/459] BALT
[10:13:59] [424/459] STSV
[10:14:00] [425/459] VCCB
[10:14:00] [426/459] SLTB
[10:14:01] [427/459] SBCR
[10:14:02] [428/459] VDCS
[10:14:03] [429/459] MDKI
[10:14:04] [430/459] SMRN
[10:14:04] [431/459] PTBC
[10:14:05] [432/459] RADI
[10:14:06] [433/459] ADCR
[10:14:07] [434/459] SDCS
[10:14:08] [435/459] SRPJ
[10:14:09] [436/459] ARTS
[10:14:10] [437/459] SRHK
[10:14:11] [438/459] SPAY
[10:14:12] [439/459] GPTB
[10:14:12] [440/459] SNNN
[10:14:13] [441/459] BALJ
[10:14:14] [442/459] TRIG
[10:14:15] [443/459] GTYT
[10:14:16] [444/459] ATGN
[10:14:17] [445/459] ANTE
[10:14:17] [446/459] BDCG
[10:14:18] [447/459] VECI
[10:14:19] [448/459] SCPR
[10:14:19] [449/459] RTEA
[10:14:20] [450/459] JSAI
[10:14:21] [451/459] VJTP
[10:14:22] [452/459] GNDS
[10:14:24] [453/459] PAXA
[10:14:24] [454/459] CGGM
[10:14:25] [455/459] ACKZ
[10:14:26] [456/459] EMCC
[10:14:27] [457/459] KLSK
[10:14:28] [458/459] AVCK
[10:14:29] [459/459] JTCK
[10:14:31] 🧹 Deduping shows
[10:14:31] ✅ DONE | Shows=112 | Movies=28
