[10:09:20] 🚀 SCRIPT STARTED
[10:09:20] [1/459] MBDC
[10:09:20] 🧠 New identity created
[10:09:21] [2/459] CHKM
[10:09:21] [3/459] JTKZ
[10:09:22] [4/459] CMCT
[10:09:23] [5/459] ASHO
[10:09:24] [6/459] ECDG
[10:09:25] [7/459] SPAT
[10:09:26] [8/459] HILC
[10:09:27] [9/459] SPPH
[10:09:28] [10/459] SBHN
[10:09:28] [11/459] RRCA
[10:09:29] [12/459] APAA
[10:09:30] [13/459] RAME
[10:09:32] [14/459] TMMS
[10:09:33] [15/459] BATK
[10:09:34] [16/459] LKOP
[10:09:34] [17/459] AMTT
[10:09:35] [18/459] PTGK
[10:09:36] [19/459] ANRS
[10:09:37] [20/459] VWBW
[10:09:38] [21/459] SVFG
[10:09:39] [22/459] STAT
[10:09:40] [23/459] GDCV
[10:09:41] [24/459] VEBI
[10:09:42] [25/459] VDSS
[10:09:43] [26/459] NTHV
[10:09:43] [27/459] AOCH
[10:09:44] [28/459] KASR
[10:09:45] [29/459] AYCS
[10:09:46] [30/459] SHAI
[10:09:47] [31/459] SKPE
[10:09:48] [32/459] SBTA
[10:09:48] [33/459] RTTD
[10:09:49] [34/459] CCJD
[10:09:50] [35/459] RSJJ
[10:09:51] [36/459] RKND
[10:09:51] [37/459] SVTX
[10:09:52] [38/459] BAKM
[10:09:53] [39/459] SVDC
[10:09:53] [40/459] MNCV
[10:09:55] [41/459] SJGC
[10:09:56] [42/459] MTPK
[10:09:57] [43/459] GATP
[10:09:58] [44/459] ABTS
[10:09:58] [45/459] ABDE
[10:09:59] [46/459] RCNM
[10:10:00] [47/459] KTHV
[10:10:02] [48/459] MDGJ
[10:10:03] [49/459] SMLM
[10:10:04] [50/459] JTMA
[10:10:05] [51/459] ACKP
[10:10:06] [52/459] SRTA
[10:10:07] [53/459] STAY
[10:10:08] [54/459] MAVO
[10:10:09] [55/459] APTS
[10:10:09] [56/459] OMEA
[10:10:10] [57/459] TTFD
[10:10:11] [58/459] MJCU
[10:10:11] [59/459] CXTE
[10:10:12] [60/459] CTPX
[10:10:13] [61/459] ASSL
[10:10:14] [62/459] CMVB
[10:10:15] [63/459] VPUR
[10:10:16] [64/459] JJDA
[10:10:17] [65/459] INBL
[10:10:17] [66/459] BIKB
[10:10:18] [67/459] NTBB
[10:10:19] [68/459] GLOB
[10:10:20] [69/459] SNTB
[10:10:21] [70/459] CHGV
[10:10:21] [71/459] SSBZ
[10:10:22] [72/459] PRDB
[10:10:23] [73/459] ISMT
[10:10:24] [74/459] MCSD
[10:10:25] [75/459] JBTT
[10:10:26] [76/459] GEKR
[10:10:27] [77/459] PVUN
[10:10:27] [78/459] NRTB
[10:10:29] [79/459] PRAA
[10:10:29] [80/459] PCBL
[10:10:31] [81/459] PTCM
[10:10:32] [82/459] KHNN
[10:10:33] [83/459] OMJE
[10:10:34] [84/459] STGN
[10:10:34] [85/459] RPMS
[10:10:35] [86/459] NWAD
[10:10:36] [87/459] BLCK
[10:10:37] [88/459] SVAA
[10:10:37] [89/459] URVM
[10:10:38] [90/459] ANTM
[10:10:39] [91/459] VJYM
[10:10:40] [92/459] MAZZ
[10:10:40] [93/459] CSHM
[10:10:41] [94/459] WGMH
[10:10:42] [95/459] SALN
[10:10:44] [96/459] BRTP
[10:10:45] [97/459] SVTA
[10:10:46] [98/459] SBTP
[10:10:47] [99/459] VLSS
[10:10:48] [100/459] SRJA
[10:10:49] [101/459] ANCG
[10:10:49] [102/459] CGGC
[10:10:50] [103/459] CRJA
[10:10:51] [104/459] USCR
[10:10:52] [105/459] MMEF
[10:10:53] [106/459] JCRJ
[10:10:53] [107/459] ADCM
[10:10:54] [108/459] BMYK
[10:10:55] [109/459] KICS
[10:10:56] [110/459] MBBT
[10:10:57] [111/459] MACK
[10:10:58] [112/459] CLDR
[10:10:58] [113/459] JYCR
[10:10:59] [114/459] DCRP
[10:11:00] [115/459] RAHT
[10:11:01] [116/459] CSSM
[10:11:02] [117/459] ATPK
[10:11:03] [118/459] KLRT
[10:11:03] [119/459] SRDD
[10:11:04] [120/459] CKMC
[10:11:05] [121/459] KRVM
[10:11:06] [122/459] AKCP
[10:11:07] [123/459] CNCV
[10:11:07] [124/459] PACT
[10:11:09] [125/459] NATP
[10:11:10] [126/459] PCPK
[10:11:11] [127/459] SMHO
[10:11:12] [128/459] CWTK
[10:11:12] [129/459] RVKZ
[10:11:13] [130/459] ASPD
[10:11:14] [131/459] VTKZ
[10:11:15] [132/459] LCSO
[10:11:16] [133/459] PRDY
[10:11:16] [134/459] RCAP
[10:11:17] [135/459] RGAR
[10:11:18] [136/459] RCAC
[10:11:19] [137/459] PMOD
[10:11:19] [138/459] PVCN
[10:11:20] [139/459] SCRZ
[10:11:22] [140/459] PVPC
[10:11:23] [141/459] STID
[10:11:23] [142/459] NEDD
[10:11:24] [143/459] BNBA
[10:11:25] [144/459] NTCD
[10:11:26] [145/459] OCDE
[10:11:27] [146/459] CCDU
[10:11:28] [147/459] CRXH
[10:11:29] [148/459] VLVT
[10:11:29] [149/459] CICI
[10:11:30] [150/459] SUCB
[10:11:31] [151/459] TCBP
[10:11:31] [152/459] SCCY
[10:11:32] [153/459] LXCY
[10:11:33] [154/459] NCMD
[10:11:34] [155/459] PHCS
[10:11:35] [156/459] DUXR
[10:11:36] [157/459] VNKS
[10:11:37] [158/459] SEDP
[10:11:38] [159/459] SVEN
[10:11:39] [160/459] SRKM
[10:11:40] [161/459] JTLT
[10:11:41] [162/459] SVSS
[10:11:42] [163/459] AMDE
[10:11:42] [164/459] WVRN
[10:11:44] [165/459] ISMG
[10:11:45] [166/459] WVKS
[10:11:46] [167/459] USCG
[10:11:46] [168/459] IOTG
[10:11:47] [169/459] RRJM
[10:11:48] [170/459] EDMP
[10:11:49] [171/459] SCGZ
[10:11:50] [172/459] GMGX
[10:11:51] [173/459] OMTP
[10:11:52] [174/459] MITD
[10:11:52] [175/459] SMMD
[10:11:53] [176/459] STML
[10:11:54] [177/459] MCFS
[10:11:55] [178/459] FPKA
[10:11:55] [179/459] OMLR
[10:11:56] [180/459] KKSC
[10:11:57] [181/459] RVMA
[10:11:59] [182/459] SCLL
[10:11:59] [183/459] SCDK
[10:12:00] [184/459] SXMI
[10:12:01] [185/459] SHDN
[10:12:01] [186/459] PAAD
[10:12:02] [187/459] UUCB
[10:12:03] [188/459] JHOL
[10:12:04] [189/459] SGWT
[10:12:05] [190/459] SRII
[10:12:06] [191/459] SGCK
[10:12:07] [192/459] SVVB
[10:12:08] [193/459] DMHA
[10:12:09] [194/459] PPNL
[10:12:09] [195/459] CPNL
[10:12:10] [196/459] WVLD
[10:12:11] [197/459] PSLV
[10:12:12] [198/459] VTTL
[10:12:12] [199/459] NPAD
[10:12:13] [200/459] PVCS
[10:12:14] [201/459] MCHL
[10:12:15] [202/459] PPLL
[10:12:16] [203/459] MALO
[10:12:17] [204/459] SWBH
[10:12:18] [205/459] PUGB
[10:12:19] [206/459] INBB
[10:12:19] [207/459] INNS
[10:12:20] [208/459] MCPT
[10:12:21] [209/459] SCMI
[10:12:22] [210/459] OCON
[10:12:23] [211/459] SCSM
[10:12:24] [212/459] RJVN
[10:12:25] [213/459] AMDK
[10:12:26] [214/459] ISMR
[10:12:26] [215/459] SMTD
[10:12:27] [216/459] VTDD
[10:12:28] [217/459] PDDZ
[10:12:29] [218/459] PCCK
[10:12:29] [219/459] INAM
[10:12:30] [220/459] FNKT
[10:12:31] [221/459] GDKA
[10:12:32] [222/459] MAYU
[10:12:33] [223/459] TCGU
[10:12:34] [224/459] KDCA
[10:12:34] [225/459] DOMY
[10:12:35] [226/459] PDDD
[10:12:36] [227/459] BJTS
[10:12:37] [228/459] VTCA
[10:12:38] [229/459] SBTM
[10:12:39] [230/459] SEET
[10:12:40] [231/459] SSTJ
[10:12:41] [232/459] SVNT
[10:12:41] [233/459] PPPR
[10:12:42] [234/459] PVYS
[10:12:43] [235/459] IOSE
[10:12:44] [236/459] ACTV
[10:12:45] [237/459] APVE
[10:12:45] [238/459] TCCL
[10:12:46] [239/459] SCMO
[10:12:48] [240/459] SAUM
[10:12:48] [241/459] KCJS
[10:12:50] [242/459] NJCJ
[10:12:50] [243/459] NECF
[10:12:51] [244/459] CCGW
[10:12:52] [245/459] CCMG
[10:12:53] [246/459] NYRG
[10:12:54] [247/459] NCSQ
[10:12:55] [248/459] GRCG
[10:12:56] [249/459] CCBT
[10:12:57] [250/459] ACGA
[10:12:58] [251/459] INAG
[10:12:59] [252/459] FUCG
[10:13:00] [253/459] AICF
[10:13:00] [254/459] GRGA
[10:13:01] [255/459] GDCN
[10:13:02] [256/459] RRCG
[10:13:03] [257/459] SDCH
[10:13:04] [258/459] WVJM
[10:13:05] [259/459] JCCZ
[10:13:06] [260/459] CNCL
[10:13:07] [261/459] TMLV
[10:13:08] [262/459] MEMB
[10:13:08] [263/459] SGTD
[10:13:09] [264/459] CONX
[10:13:10] [265/459] CCMH
[10:13:12] [266/459] ACMC
[10:13:12] [267/459] DTPD
[10:13:13] [268/459] POJA
[10:13:14] [269/459] FNBH
[10:13:15] [270/459] CGCB
[10:13:15] [271/459] RACN
[10:13:16] [272/459] JTSM
[10:13:17] [273/459] SCDN
[10:13:18] [274/459] AACK
[10:13:18] [275/459] RMCE
[10:13:19] [276/459] BSGB
[10:13:20] [277/459] MRCB
[10:13:21] [278/459] SRVR
[10:13:22] [279/459] VTKK
[10:13:22] [280/459] AMST
[10:13:23] [281/459] APCY
[10:13:24] [282/459] LMHO
[10:13:25] [283/459] MTZH
[10:13:26] [284/459] AMZB
[10:13:27] [285/459] SUVT
[10:13:27] [286/459] RCIP
[10:13:29] [287/459] KESR
[10:13:29] [288/459] SNKC
[10:13:31] [289/459] SCED
[10:13:32] [290/459] DVCA
[10:13:33] [291/459] VCDT
[10:13:34] [292/459] RRDI
[10:13:35] [293/459] DFCH
[10:13:36] [294/459] INSC
[10:13:37] [295/459] RGTR
[10:13:38] [296/459] FMOT
[10:13:39] [297/459] SCPM
[10:13:39] [298/459] GCDT
[10:13:41] [299/459] BRKT
[10:13:42] [300/459] DEMP
[10:13:43] [301/459] SRLC
[10:13:43] [302/459] KSTT
[10:13:44] [303/459] SMMT
[10:13:45] [304/459] SILM
[10:13:46] [305/459] JCVM
[10:13:47] [306/459] KCSV
[10:13:48] [307/459] MHLK
[10:13:49] [308/459] SLVL
[10:13:50] [309/459] RJKP
[10:13:50] [310/459] BBPC
[10:13:51] [311/459] MXCB
[10:13:52] [312/459] TCPK
[10:13:53] [313/459] RTBR
[10:13:53] [314/459] GAUT
[10:13:54] [315/459] DVCF
[10:13:55] [316/459] JTSB
[10:13:56] [317/459] SBLS
[10:13:56] [318/459] UDAY
[10:13:58] [319/459] PTNP
[10:13:59] [320/459] DMKT
[10:14:00] [321/459] NTDT
[10:14:02] [322/459] SHDJ
[10:14:03] [323/459] OTNC
[10:14:03] [324/459] RNTW
[10:14:04] [325/459] GCMI
[10:14:05] [326/459] CRCM
[10:14:06] [327/459] NNCZ
[10:14:07] [328/459] OEMO
[10:14:07] [329/459] PVJM
[10:14:08] [330/459] CPJI
[10:14:09] [331/459] RMCJ
[10:14:10] [332/459] CNWJ
[10:14:10] [333/459] EPJM
[10:14:11] [334/459] FNJJ
[10:14:13] [335/459] GCMJ
[10:14:13] [336/459] INPS
[10:14:14] [337/459] BICJ
[10:14:15] [338/459] ISTJ
[10:14:16] [339/459] INJC
[10:14:17] [340/459] GLXJ
[10:14:17] [341/459] INEM
[10:14:18] [342/459] JTMN
[10:14:19] [343/459] FRCJ
[10:14:20] [344/459] DDJP
[10:14:20] [345/459] INJV
[10:14:21] [346/459] GOLC
[10:14:22] [347/459] KOCI
[10:14:23] [348/459] FSTD
[10:14:24] [349/459] PACJ
[10:14:25] [350/459] GMCN
[10:14:26] [351/459] MMDJ
[10:14:27] [352/459] GODH
[10:14:28] [353/459] SKYN
[10:14:30] [354/459] NCTH
[10:14:31] [355/459] SKVZ
[10:14:32] [356/459] SVML
[10:14:32] [357/459] ACVZ
[10:14:33] [358/459] SURA
[10:14:34] [359/459] RTRB
[10:14:35] [360/459] LLCT
[10:14:35] [361/459] ATTS
[10:14:36] [362/459] JYCM
[10:14:37] [363/459] CTKR
[10:14:38] [364/459] LCKR
[10:14:39] [365/459] NYCV
[10:14:40] [366/459] NYOH
[10:14:40] [367/459] NOVX
[10:14:41] [368/459] MRGK
[10:14:42] [369/459] MOON
[10:14:43] [370/459] SBUC
[10:14:44] [371/459] GSVA
[10:14:44] [372/459] VIAK
[10:14:45] [373/459] SMVZ
[10:14:46] [374/459] MATE
[10:14:47] [375/459] RDCN
[10:14:48] [376/459] ASBL
[10:14:49] [377/459] ASVS
[10:14:50] [378/459] ASSR
[10:14:51] [379/459] SSKN
[10:14:52] [380/459] DRPV
[10:14:53] [381/459] MRHT
[10:14:54] [382/459] BSCN
[10:14:55] [383/459] RKNX
[10:14:56] [384/459] MSMC
[10:14:57] [385/459] MSCJ
[10:14:57] [386/459] BTBJ
[10:14:58] [387/459] MJCC
[10:14:58] [388/459] IOMM
[10:14:59] [389/459] ADGR
[10:15:00] [390/459] MYCP
[10:15:01] [391/459] IGCM
[10:15:02] [392/459] PGRK
[10:15:03] [393/459] VPGO
[10:15:04] [394/459] KOMS
[10:15:05] [395/459] URGG
[10:15:06] [396/459] GOST
[10:15:06] [397/459] LACT
[10:15:07] [398/459] BWCM
[10:15:08] [399/459] NCCW
[10:15:09] [400/459] SKYC
[10:15:09] [401/459] CCPM
[10:15:10] [402/459] VCBT
[10:15:11] [403/459] SDKR
[10:15:12] [404/459] CTYB
[10:15:13] [405/459] SHCX
[10:15:14] [406/459] RCUN
[10:15:15] [407/459] CNRA
[10:15:16] [408/459] RFCA
[10:15:18] [409/459] RDCU
[10:15:18] [410/459] SARK
[10:15:19] [411/459] SPPP
[10:15:20] [412/459] ADMB
[10:15:21] [413/459] JYOE
[10:15:21] [414/459] SRMD
[10:15:22] [415/459] RJDH
[10:15:23] [416/459] SSTD
[10:15:24] [417/459] AACV
[10:15:25] [418/459] PPVD
[10:15:26] [419/459] STCP
[10:15:27] [420/459] ANJR
[10:15:27] [421/459] ANLS
[10:15:28] [422/459] BIJO
[10:15:29] [423/459] AVAB
[10:15:30] [424/459] SPMD
[10:15:31] [425/459] SVJL
[10:15:32] [426/459] SDDJ
[10:15:32] [427/459] SLTU
[10:15:33] [428/459] SAKA
[10:15:34] [429/459] PMAM
[10:15:35] [430/459] FNAM
[10:15:36] [431/459] ACAM
[10:15:37] [432/459] SCMM
[10:15:38] [433/459] PMAK
[10:15:38] [434/459] NYSA
[10:15:39] [435/459] FCPA
[10:15:40] [436/459] GDAN
[10:15:41] [437/459] RSCA
[10:15:42] [438/459] DMAN
[10:15:42] [439/459] DZCM
[10:15:43] [440/459] NSGL
[10:15:44] [441/459] CCPP
[10:15:45] [442/459] PSMG
[10:15:46] [443/459] GSER
[10:15:46] [444/459] FCCT
[10:15:47] [445/459] FCTB
[10:15:48] [446/459] LCNK
[10:15:49] [447/459] SKTY
[10:15:49] [448/459] INAA
[10:15:50] [449/459] RCWN
[10:15:51] [450/459] VAIS
[10:15:52] [451/459] CVMN
[10:15:52] [452/459] INTS
[10:15:53] [453/459] FRGS
[10:15:54] [454/459] DTCK
[10:15:55] [455/459] MCMH
[10:15:56] [456/459] ECRR
[10:15:57] [457/459] RLLP
[10:15:58] [458/459] CCSN
[10:15:58] [459/459] CCBA
[10:15:59] 🧹 Deduping shows
[10:15:59] ✅ DONE | Shows=182 | Movies=26
[16:48:35] 🚀 SCRIPT STARTED
[16:48:35] [1/459] MBDC
[16:48:35] 🧠 New identity created
[16:48:36] [2/459] CHKM
[16:48:37] [3/459] JTKZ
[16:48:38] [4/459] CMCT
[16:48:39] [5/459] ASHO
[16:48:40] [6/459] ECDG
[16:48:41] [7/459] SPAT
[16:48:42] [8/459] HILC
[16:48:43] [9/459] SPPH
[16:48:44] [10/459] SBHN
[16:48:45] [11/459] RRCA
[16:48:45] [12/459] APAA
[16:48:46] [13/459] RAME
[16:48:47] [14/459] TMMS
[16:48:48] [15/459] BATK
[16:48:49] [16/459] LKOP
[16:48:49] [17/459] AMTT
[16:48:50] [18/459] PTGK
[16:48:51] [19/459] ANRS
[16:48:52] [20/459] VWBW
[16:48:52] [21/459] SVFG
[16:48:53] [22/459] STAT
[16:48:54] [23/459] GDCV
[16:48:55] [24/459] VEBI
[16:48:56] [25/459] VDSS
[16:48:56] [26/459] NTHV
[16:48:57] [27/459] AOCH
[16:48:58] [28/459] KASR
[16:48:59] [29/459] AYCS
[16:49:00] [30/459] SHAI
[16:49:01] [31/459] SKPE
[16:49:02] [32/459] SBTA
[16:49:03] [33/459] RTTD
[16:49:04] [34/459] CCJD
[16:49:05] [35/459] RSJJ
[16:49:05] [36/459] RKND
[16:49:06] [37/459] SVTX
[16:49:07] [38/459] BAKM
[16:49:08] [39/459] SVDC
[16:49:08] [40/459] MNCV
[16:49:10] [41/459] SJGC
[16:49:12] [42/459] MTPK
[16:49:13] [43/459] GATP
[16:49:14] [44/459] ABTS
[16:49:15] [45/459] ABDE
[16:49:16] [46/459] RCNM
[16:49:17] [47/459] KTHV
[16:49:17] [48/459] MDGJ
[16:49:19] [49/459] SMLM
[16:49:19] [50/459] JTMA
[16:49:21] [51/459] ACKP
[16:49:22] [52/459] SRTA
[16:49:23] [53/459] STAY
[16:49:24] [54/459] MAVO
[16:49:24] [55/459] APTS
[16:49:25] [56/459] OMEA
[16:49:26] [57/459] TTFD
[16:49:28] [58/459] MJCU
[16:49:29] [59/459] CXTE
[16:49:30] [60/459] CTPX
[16:49:31] [61/459] ASSL
[16:49:32] [62/459] CMVB
[16:49:33] [63/459] VPUR
[16:49:34] [64/459] JJDA
[16:49:34] [65/459] INBL
[16:49:35] [66/459] BIKB
[16:49:36] [67/459] NTBB
[16:49:37] [68/459] GLOB
[16:49:38] [69/459] SNTB
[16:49:39] [70/459] CHGV
[16:49:40] [71/459] SSBZ
[16:49:41] [72/459] PRDB
[16:49:41] [73/459] ISMT
[16:49:42] [74/459] MCSD
[16:49:43] [75/459] JBTT
[16:49:44] [76/459] GEKR
[16:49:46] [77/459] PVUN
[16:49:46] [78/459] NRTB
[16:49:47] [79/459] PRAA
[16:49:48] [80/459] PCBL
[16:49:48] [81/459] PTCM
[16:49:49] [82/459] KHNN
[16:49:50] [83/459] OMJE
[16:49:51] [84/459] STGN
[16:49:52] [85/459] RPMS
[16:49:53] [86/459] NWAD
[16:49:54] [87/459] BLCK
[16:49:55] [88/459] SVAA
[16:49:56] [89/459] URVM
[16:49:56] [90/459] ANTM
[16:49:57] [91/459] VJYM
[16:49:58] [92/459] MAZZ
[16:49:58] [93/459] CSHM
[16:49:59] [94/459] WGMH
[16:50:00] [95/459] SALN
[16:50:01] [96/459] BRTP
[16:50:02] [97/459] SVTA
[16:50:03] [98/459] SBTP
[16:50:03] [99/459] VLSS
[16:50:04] [100/459] SRJA
[16:50:05] [101/459] ANCG
[16:50:06] [102/459] CGGC
[16:50:07] [103/459] CRJA
[16:50:08] [104/459] USCR
[16:50:08] [105/459] MMEF
[16:50:09] [106/459] JCRJ
[16:50:10] [107/459] ADCM
[16:50:11] [108/459] BMYK
[16:50:12] [109/459] KICS
[16:50:13] [110/459] MBBT
[16:50:14] [111/459] MACK
[16:50:14] [112/459] CLDR
[16:50:15] [113/459] JYCR
[16:50:16] [114/459] DCRP
[16:50:17] [115/459] RAHT
[16:50:17] [116/459] CSSM
[16:50:18] [117/459] ATPK
[16:50:19] [118/459] KLRT
[16:50:20] [119/459] SRDD
[16:50:21] [120/459] CKMC
[16:50:22] [121/459] KRVM
[16:50:23] [122/459] AKCP
[16:50:23] [123/459] CNCV
[16:50:24] [124/459] PACT
[16:50:25] [125/459] NATP
[16:50:26] [126/459] PCPK
[16:50:26] [127/459] SMHO
[16:50:28] [128/459] CWTK
[16:50:28] [129/459] RVKZ
[16:50:29] [130/459] ASPD
[16:50:30] [131/459] VTKZ
[16:50:31] [132/459] LCSO
[16:50:32] [133/459] PRDY
[16:50:33] [134/459] RCAP
[16:50:33] [135/459] RGAR
[16:50:34] [136/459] RCAC
[16:50:35] [137/459] PMOD
[16:50:36] [138/459] PVCN
[16:50:37] [139/459] SCRZ
[16:50:37] [140/459] PVPC
[16:50:38] [141/459] STID
[16:50:40] [142/459] NEDD
[16:50:40] [143/459] BNBA
[16:50:41] [144/459] NTCD
[16:50:42] [145/459] OCDE
[16:50:43] [146/459] CCDU
[16:50:43] [147/459] CRXH
[16:50:44] [148/459] VLVT
[16:50:45] [149/459] CICI
[16:50:46] [150/459] SUCB
[16:50:47] [151/459] TCBP
[16:50:48] [152/459] SCCY
[16:50:49] [153/459] LXCY
[16:50:49] [154/459] NCMD
[16:50:50] [155/459] PHCS
[16:50:51] [156/459] DUXR
[16:50:52] [157/459] VNKS
[16:50:53] [158/459] SEDP
[16:50:53] [159/459] SVEN
[16:50:54] [160/459] SRKM
[16:50:55] [161/459] JTLT
[16:50:56] [162/459] SVSS
[16:50:57] [163/459] AMDE
[16:50:57] [164/459] WVRN
[16:50:58] [165/459] ISMG
[16:50:59] [166/459] WVKS
[16:51:00] [167/459] USCG
[16:51:01] [168/459] IOTG
[16:51:01] [169/459] RRJM
[16:51:02] [170/459] EDMP
[16:51:03] [171/459] SCGZ
[16:51:04] [172/459] GMGX
[16:51:04] [173/459] OMTP
[16:51:05] [174/459] MITD
[16:51:07] [175/459] SMMD
[16:51:08] [176/459] STML
[16:51:08] [177/459] MCFS
[16:51:09] [178/459] FPKA
[16:51:10] [179/459] OMLR
[16:51:11] [180/459] KKSC
[16:51:12] [181/459] RVMA
[16:51:13] [182/459] SCLL
[16:51:13] [183/459] SCDK
[16:51:14] [184/459] SXMI
[16:51:15] [185/459] SHDN
[16:51:16] [186/459] PAAD
[16:51:16] [187/459] UUCB
[16:51:17] [188/459] JHOL
[16:51:18] [189/459] SGWT
[16:51:19] [190/459] SRII
[16:51:19] [191/459] SGCK
[16:51:20] [192/459] SVVB
[16:51:21] [193/459] DMHA
[16:51:21] [194/459] PPNL
[16:51:22] [195/459] CPNL
[16:51:23] [196/459] WVLD
[16:51:24] [197/459] PSLV
[16:51:26] [198/459] VTTL
[16:51:26] [199/459] NPAD
[16:51:27] [200/459] PVCS
[16:51:27] [201/459] MCHL
[16:51:28] [202/459] PPLL
[16:51:29] [203/459] MALO
[16:51:30] [204/459] SWBH
[16:51:30] [205/459] PUGB
[16:51:31] [206/459] INBB
[16:51:32] [207/459] INNS
[16:51:33] [208/459] MCPT
[16:51:34] [209/459] SCMI
[16:51:34] [210/459] OCON
[16:51:35] [211/459] SCSM
[16:51:36] [212/459] RJVN
[16:51:36] [213/459] AMDK
[16:51:37] [214/459] ISMR
[16:51:38] [215/459] SMTD
[16:51:39] [216/459] VTDD
[16:51:40] [217/459] PDDZ
[16:51:41] [218/459] PCCK
[16:51:41] [219/459] INAM
[16:51:42] [220/459] FNKT
[16:51:43] [221/459] GDKA
[16:51:44] [222/459] MAYU
[16:51:45] [223/459] TCGU
[16:51:46] [224/459] KDCA
[16:51:46] [225/459] DOMY
[16:51:47] [226/459] PDDD
[16:51:48] [227/459] BJTS
[16:51:49] [228/459] VTCA
[16:51:50] [229/459] SBTM
[16:51:50] [230/459] SEET
[16:51:51] [231/459] SSTJ
[16:51:52] [232/459] SVNT
[16:51:53] [233/459] PPPR
[16:51:53] [234/459] PVYS
[16:51:54] [235/459] IOSE
[16:51:55] [236/459] ACTV
[16:51:56] [237/459] APVE
[16:51:57] [238/459] TCCL
[16:51:58] [239/459] SCMO
[16:51:59] [240/459] SAUM
[16:51:59] [241/459] KCJS
[16:52:00] [242/459] NJCJ
[16:52:01] [243/459] NECF
[16:52:02] [244/459] CCGW
[16:52:03] [245/459] CCMG
[16:52:04] [246/459] NYRG
[16:52:04] [247/459] NCSQ
[16:52:05] [248/459] GRCG
[16:52:06] [249/459] CCBT
[16:52:07] [250/459] ACGA
[16:52:08] [251/459] INAG
[16:52:09] [252/459] FUCG
[16:52:10] [253/459] AICF
[16:52:10] [254/459] GRGA
[16:52:11] [255/459] GDCN
[16:52:12] [256/459] RRCG
[16:52:13] [257/459] SDCH
[16:52:13] [258/459] WVJM
[16:52:14] [259/459] JCCZ
[16:52:15] [260/459] CNCL
[16:52:16] [261/459] TMLV
[16:52:17] [262/459] MEMB
[16:52:17] [263/459] SGTD
[16:52:18] [264/459] CONX
[16:52:19] [265/459] CCMH
[16:52:20] [266/459] ACMC
[16:52:20] [267/459] DTPD
[16:52:21] [268/459] POJA
[16:52:22] [269/459] FNBH
[16:52:23] [270/459] CGCB
[16:52:24] [271/459] RACN
[16:52:25] [272/459] JTSM
[16:52:26] [273/459] SCDN
[16:52:26] [274/459] AACK
[16:52:27] [275/459] RMCE
[16:52:29] [276/459] BSGB
[16:52:29] [277/459] MRCB
[16:52:30] [278/459] SRVR
[16:52:31] [279/459] VTKK
[16:52:32] [280/459] AMST
[16:52:33] [281/459] APCY
[16:52:34] [282/459] LMHO
[16:52:35] [283/459] MTZH
[16:52:35] [284/459] AMZB
[16:52:36] [285/459] SUVT
[16:52:37] [286/459] RCIP
[16:52:39] [287/459] KESR
[16:52:39] [288/459] SNKC
[16:52:41] [289/459] SCED
[16:52:42] [290/459] DVCA
[16:52:42] [291/459] VCDT
[16:52:43] [292/459] RRDI
[16:52:44] [293/459] DFCH
[16:52:45] [294/459] INSC
[16:52:47] [295/459] RGTR
[16:52:47] [296/459] FMOT
[16:52:48] [297/459] SCPM
[16:52:48] [298/459] GCDT
[16:52:49] [299/459] BRKT
[16:52:50] [300/459] DEMP
[16:52:50] [301/459] SRLC
[16:52:51] [302/459] KSTT
[16:52:52] [303/459] SMMT
[16:52:54] [304/459] SILM
[16:52:55] [305/459] JCVM
[16:52:55] [306/459] KCSV
[16:52:56] [307/459] MHLK
[16:52:57] [308/459] SLVL
[16:52:58] [309/459] RJKP
[16:52:59] [310/459] BBPC
[16:52:59] [311/459] MXCB
[16:53:00] [312/459] TCPK
[16:53:02] [313/459] RTBR
[16:53:03] [314/459] GAUT
[16:53:04] [315/459] DVCF
[16:53:04] [316/459] JTSB
[16:53:05] [317/459] SBLS
[16:53:07] [318/459] UDAY
[16:53:08] [319/459] PTNP
[16:53:08] [320/459] DMKT
[16:53:09] [321/459] NTDT
[16:53:09] [322/459] SHDJ
[16:53:10] [323/459] OTNC
[16:53:11] [324/459] RNTW
[16:53:12] [325/459] GCMI
[16:53:13] [326/459] CRCM
[16:53:14] [327/459] NNCZ
[16:53:15] [328/459] OEMO
[16:53:15] [329/459] PVJM
[16:53:16] [330/459] CPJI
[16:53:17] [331/459] RMCJ
[16:53:18] [332/459] CNWJ
[16:53:19] [333/459] EPJM
[16:53:20] [334/459] FNJJ
[16:53:21] [335/459] GCMJ
[16:53:22] [336/459] INPS
[16:53:22] [337/459] BICJ
[16:53:23] [338/459] ISTJ
[16:53:24] [339/459] INJC
[16:53:25] [340/459] GLXJ
[16:53:26] [341/459] INEM
[16:53:26] [342/459] JTMN
[16:53:27] [343/459] FRCJ
[16:53:28] [344/459] DDJP
[16:53:29] [345/459] INJV
[16:53:30] [346/459] GOLC
[16:53:30] [347/459] KOCI
[16:53:31] [348/459] FSTD
[16:53:32] [349/459] PACJ
[16:53:33] [350/459] GMCN
[16:53:34] [351/459] MMDJ
[16:53:34] [352/459] GODH
[16:53:35] [353/459] SKYN
[16:53:36] [354/459] NCTH
[16:53:37] [355/459] SKVZ
[16:53:38] [356/459] SVML
[16:53:39] [357/459] ACVZ
[16:53:40] [358/459] SURA
[16:53:41] [359/459] RTRB
[16:53:41] [360/459] LLCT
[16:53:42] [361/459] ATTS
[16:53:43] [362/459] JYCM
[16:53:44] [363/459] CTKR
[16:53:44] [364/459] LCKR
[16:53:45] [365/459] NYCV
[16:53:46] [366/459] NYOH
[16:53:47] [367/459] NOVX
[16:53:48] [368/459] MRGK
[16:53:49] [369/459] MOON
[16:53:49] [370/459] SBUC
[16:53:51] [371/459] GSVA
[16:53:51] [372/459] VIAK
[16:53:52] [373/459] SMVZ
[16:53:54] [374/459] MATE
[16:53:54] [375/459] RDCN
[16:53:55] [376/459] ASBL
[16:53:56] [377/459] ASVS
[16:53:56] [378/459] ASSR
[16:53:57] [379/459] SSKN
[16:53:58] [380/459] DRPV
[16:53:58] [381/459] MRHT
[16:53:59] [382/459] BSCN
[16:54:00] [383/459] RKNX
[16:54:01] [384/459] MSMC
[16:54:02] [385/459] MSCJ
[16:54:03] [386/459] BTBJ
[16:54:04] [387/459] MJCC
[16:54:04] [388/459] IOMM
[16:54:06] [389/459] ADGR
[16:54:06] [390/459] MYCP
[16:54:07] [391/459] IGCM
[16:54:07] [392/459] PGRK
[16:54:08] [393/459] VPGO
[16:54:09] [394/459] KOMS
[16:54:10] [395/459] URGG
[16:54:11] [396/459] GOST
[16:54:11] [397/459] LACT
[16:54:12] [398/459] BWCM
[16:54:14] [399/459] NCCW
[16:54:15] [400/459] SKYC
[16:54:15] [401/459] CCPM
[16:54:16] [402/459] VCBT
[16:54:18] [403/459] SDKR
[16:54:18] [404/459] CTYB
[16:54:19] [405/459] SHCX
[16:54:20] [406/459] RCUN
[16:54:21] [407/459] CNRA
[16:54:21] [408/459] RFCA
[16:54:22] [409/459] RDCU
[16:54:23] [410/459] SARK
[16:54:24] [411/459] SPPP
[16:54:24] [412/459] ADMB
[16:54:25] [413/459] JYOE
[16:54:27] [414/459] SRMD
[16:54:27] [415/459] RJDH
[16:54:28] [416/459] SSTD
[16:54:30] [417/459] AACV
[16:54:31] [418/459] PPVD
[16:54:32] [419/459] STCP
[16:54:33] [420/459] ANJR
[16:54:35] [421/459] ANLS
[16:54:37] [422/459] BIJO
[16:54:37] [423/459] AVAB
[16:54:38] [424/459] SPMD
[16:54:39] [425/459] SVJL
[16:54:40] [426/459] SDDJ
[16:54:41] [427/459] SLTU
[16:54:41] [428/459] SAKA
[16:54:42] [429/459] PMAM
[16:54:43] [430/459] FNAM
[16:54:44] [431/459] ACAM
[16:54:45] [432/459] SCMM
[16:54:45] [433/459] PMAK
[16:54:46] [434/459] NYSA
[16:54:47] [435/459] FCPA
[16:54:49] [436/459] GDAN
[16:54:50] [437/459] RSCA
[16:54:50] [438/459] DMAN
[16:54:51] [439/459] DZCM
[16:54:51] [440/459] NSGL
[16:54:52] [441/459] CCPP
[16:54:53] [442/459] PSMG
[16:54:53] [443/459] GSER
[16:54:54] [444/459] FCCT
[16:54:55] [445/459] FCTB
[16:54:56] [446/459] LCNK
[16:54:57] [447/459] SKTY
[16:54:57] [448/459] INAA
[16:54:58] [449/459] RCWN
[16:54:59] [450/459] VAIS
[16:54:59] [451/459] CVMN
[16:55:00] [452/459] INTS
[16:55:01] [453/459] FRGS
[16:55:02] [454/459] DTCK
[16:55:03] [455/459] MCMH
[16:55:04] [456/459] ECRR
[16:55:04] [457/459] RLLP
[16:55:05] [458/459] CCSN
[16:55:06] [459/459] CCBA
[16:55:07] 🧹 Deduping shows
[16:55:07] ✅ DONE | Shows=375 | Movies=35
[04:51:50] 🚀 SCRIPT STARTED
[04:51:50] [1/459] MBDC
[04:51:50] 🧠 New identity created
[04:51:51] [2/459] CHKM
[04:51:52] [3/459] JTKZ
[04:51:53] [4/459] CMCT
[04:51:54] [5/459] ASHO
[04:51:54] [6/459] ECDG
[04:51:56] [7/459] SPAT
[04:51:58] [8/459] HILC
[04:51:59] [9/459] SPPH
[04:52:00] [10/459] SBHN
[04:52:01] [11/459] RRCA
[04:52:01] [12/459] APAA
[04:52:02] [13/459] RAME
[04:52:03] [14/459] TMMS
[04:52:04] [15/459] BATK
[04:52:06] [16/459] LKOP
[04:52:06] [17/459] AMTT
[04:52:07] [18/459] PTGK
[04:52:08] [19/459] ANRS
[04:52:09] [20/459] VWBW
[04:52:09] [21/459] SVFG
[04:52:10] [22/459] STAT
[04:52:11] [23/459] GDCV
[04:52:12] [24/459] VEBI
[04:52:13] [25/459] VDSS
[04:52:15] [26/459] NTHV
[04:52:16] [27/459] AOCH
[04:52:17] [28/459] KASR
[04:52:18] [29/459] AYCS
[04:52:19] [30/459] SHAI
[04:52:19] [31/459] SKPE
[04:52:20] [32/459] SBTA
[04:52:22] [33/459] RTTD
[04:52:23] [34/459] CCJD
[04:52:24] [35/459] RSJJ
[04:52:25] [36/459] RKND
[04:52:26] [37/459] SVTX
[04:52:27] [38/459] BAKM
[04:52:28] [39/459] SVDC
[04:52:29] [40/459] MNCV
[04:52:30] [41/459] SJGC
[04:52:31] [42/459] MTPK
[04:52:32] [43/459] GATP
[04:52:33] [44/459] ABTS
[04:52:34] [45/459] ABDE
[04:52:34] [46/459] RCNM
[04:52:35] [47/459] KTHV
[04:52:36] [48/459] MDGJ
[04:52:37] [49/459] SMLM
[04:52:38] [50/459] JTMA
[04:52:38] [51/459] ACKP
[04:52:39] [52/459] SRTA
[04:52:40] [53/459] STAY
[04:52:41] [54/459] MAVO
[04:52:42] [55/459] APTS
[04:52:43] [56/459] OMEA
[04:52:43] [57/459] TTFD
[04:52:44] [58/459] MJCU
[04:52:45] [59/459] CXTE
[04:52:46] [60/459] CTPX
[04:52:46] [61/459] ASSL
[04:52:47] [62/459] CMVB
[04:52:48] [63/459] VPUR
[04:52:49] [64/459] JJDA
[04:52:50] [65/459] INBL
[04:52:51] [66/459] BIKB
[04:52:52] [67/459] NTBB
[04:52:53] [68/459] GLOB
[04:52:55] [69/459] SNTB
[04:52:55] [70/459] CHGV
[04:52:56] [71/459] SSBZ
[04:52:57] [72/459] PRDB
[04:52:58] [73/459] ISMT
[04:52:59] [74/459] MCSD
[04:53:00] [75/459] JBTT
[04:53:01] [76/459] GEKR
[04:53:02] [77/459] PVUN
[04:53:02] [78/459] NRTB
[04:53:03] [79/459] PRAA
[04:53:04] [80/459] PCBL
[04:53:05] [81/459] PTCM
[04:53:06] [82/459] KHNN
[04:53:07] [83/459] OMJE
[04:53:07] [84/459] STGN
[04:53:08] [85/459] RPMS
[04:53:09] [86/459] NWAD
[04:53:10] [87/459] BLCK
[04:53:11] [88/459] SVAA
[04:53:12] [89/459] URVM
[04:53:13] [90/459] ANTM
[04:53:14] [91/459] VJYM
[04:53:15] [92/459] MAZZ
[04:53:15] [93/459] CSHM
[04:53:16] [94/459] WGMH
[04:53:17] [95/459] SALN
[04:53:18] [96/459] BRTP
[04:53:19] [97/459] SVTA
[04:53:20] [98/459] SBTP
[04:53:21] [99/459] VLSS
[04:53:22] [100/459] SRJA
[04:53:23] [101/459] ANCG
[04:53:24] [102/459] CGGC
[04:53:25] [103/459] CRJA
[04:53:26] [104/459] USCR
[04:53:27] [105/459] MMEF
[04:53:28] [106/459] JCRJ
[04:53:28] [107/459] ADCM
[04:53:29] [108/459] BMYK
[04:53:30] [109/459] KICS
[04:53:31] [110/459] MBBT
[04:53:32] [111/459] MACK
[04:53:33] [112/459] CLDR
[04:53:34] [113/459] JYCR
[04:53:35] [114/459] DCRP
[04:53:35] [115/459] RAHT
[04:53:36] [116/459] CSSM
[04:53:37] [117/459] ATPK
[04:53:38] [118/459] KLRT
[04:53:39] [119/459] SRDD
[04:53:40] [120/459] CKMC
[04:53:40] [121/459] KRVM
[04:53:41] [122/459] AKCP
[04:53:43] [123/459] CNCV
[04:53:44] [124/459] PACT
[04:53:45] [125/459] NATP
[04:53:45] [126/459] PCPK
[04:53:46] [127/459] SMHO
[04:53:47] [128/459] CWTK
[04:53:48] [129/459] RVKZ
[04:53:49] [130/459] ASPD
[04:53:50] [131/459] VTKZ
[04:53:51] [132/459] LCSO
[04:53:52] [133/459] PRDY
[04:53:53] [134/459] RCAP
[04:53:54] [135/459] RGAR
[04:53:54] [136/459] RCAC
[04:53:56] [137/459] PMOD
[04:53:57] [138/459] PVCN
[04:53:58] [139/459] SCRZ
[04:53:59] [140/459] PVPC
[04:53:59] [141/459] STID
[04:54:00] [142/459] NEDD
[04:54:01] [143/459] BNBA
[04:54:02] [144/459] NTCD
[04:54:03] [145/459] OCDE
[04:54:04] [146/459] CCDU
[04:54:05] [147/459] CRXH
[04:54:06] [148/459] VLVT
[04:54:07] [149/459] CICI
[04:54:07] [150/459] SUCB
[04:54:08] [151/459] TCBP
[04:54:09] [152/459] SCCY
[04:54:10] [153/459] LXCY
[04:54:11] [154/459] NCMD
[04:54:12] [155/459] PHCS
[04:54:13] [156/459] DUXR
[04:54:13] [157/459] VNKS
[04:54:14] [158/459] SEDP
[04:54:15] [159/459] SVEN
[04:54:16] [160/459] SRKM
[04:54:17] [161/459] JTLT
[04:54:18] [162/459] SVSS
[04:54:19] [163/459] AMDE
[04:54:20] [164/459] WVRN
[04:54:21] [165/459] ISMG
[04:54:22] [166/459] WVKS
[04:54:23] [167/459] USCG
[04:54:24] [168/459] IOTG
[04:54:24] [169/459] RRJM
[04:54:25] [170/459] EDMP
[04:54:26] [171/459] SCGZ
[04:54:27] [172/459] GMGX
[04:54:27] [173/459] OMTP
[04:54:28] [174/459] MITD
[04:54:29] [175/459] SMMD
[04:54:30] [176/459] STML
[04:54:31] [177/459] MCFS
[04:54:31] [178/459] FPKA
[04:54:32] [179/459] OMLR
[04:54:34] [180/459] KKSC
[04:54:35] [181/459] RVMA
[04:54:36] [182/459] SCLL
[04:54:37] [183/459] SCDK
[04:54:38] [184/459] SXMI
[04:54:39] [185/459] SHDN
[04:54:40] [186/459] PAAD
[04:54:41] [187/459] UUCB
[04:54:42] [188/459] JHOL
[04:54:42] [189/459] SGWT
[04:54:43] [190/459] SRII
[04:54:44] [191/459] SGCK
[04:54:45] [192/459] SVVB
[04:54:46] [193/459] DMHA
[04:54:46] [194/459] PPNL
[04:54:47] [195/459] CPNL
[04:54:48] [196/459] WVLD
[04:54:49] [197/459] PSLV
[04:54:50] [198/459] VTTL
[04:54:50] [199/459] NPAD
[04:54:51] [200/459] PVCS
[04:54:52] [201/459] MCHL
[04:54:53] [202/459] PPLL
[04:54:54] [203/459] MALO
[04:54:54] [204/459] SWBH
[04:54:55] [205/459] PUGB
[04:54:57] [206/459] INBB
[04:54:57] [207/459] INNS
[04:54:58] [208/459] MCPT
[04:54:59] [209/459] SCMI
[04:55:00] [210/459] OCON
[04:55:01] [211/459] SCSM
[04:55:02] [212/459] RJVN
[04:55:03] [213/459] AMDK
[04:55:03] [214/459] ISMR
[04:55:04] [215/459] SMTD
[04:55:05] [216/459] VTDD
[04:55:06] [217/459] PDDZ
[04:55:07] [218/459] PCCK
[04:55:08] [219/459] INAM
[04:55:08] [220/459] FNKT
[04:55:09] [221/459] GDKA
[04:55:11] [222/459] MAYU
[04:55:12] [223/459] TCGU
[04:55:13] [224/459] KDCA
[04:55:13] [225/459] DOMY
[04:55:15] [226/459] PDDD
[04:55:16] [227/459] BJTS
[04:55:17] [228/459] VTCA
[04:55:18] [229/459] SBTM
[04:55:18] [230/459] SEET
[04:55:19] [231/459] SSTJ
[04:55:20] [232/459] SVNT
[04:55:21] [233/459] PPPR
[04:55:21] [234/459] PVYS
[04:55:22] [235/459] IOSE
[04:55:23] [236/459] ACTV
[04:55:24] [237/459] APVE
[04:55:25] [238/459] TCCL
[04:55:25] [239/459] SCMO
[04:55:26] [240/459] SAUM
[04:55:27] [241/459] KCJS
[04:55:28] [242/459] NJCJ
[04:55:29] [243/459] NECF
[04:55:29] [244/459] CCGW
[04:55:30] [245/459] CCMG
[04:55:31] [246/459] NYRG
[04:55:32] [247/459] NCSQ
[04:55:33] [248/459] GRCG
[04:55:33] [249/459] CCBT
[04:55:34] [250/459] ACGA
[04:55:35] [251/459] INAG
[04:55:36] [252/459] FUCG
[04:55:37] [253/459] AICF
[04:55:38] [254/459] GRGA
[04:55:39] [255/459] GDCN
[04:55:40] [256/459] RRCG
[04:55:40] [257/459] SDCH
[04:55:41] [258/459] WVJM
[04:55:42] [259/459] JCCZ
[04:55:43] [260/459] CNCL
[04:55:43] [261/459] TMLV
[04:55:44] [262/459] MEMB
[04:55:45] [263/459] SGTD
[04:55:46] [264/459] CONX
[04:55:47] [265/459] CCMH
[04:55:47] [266/459] ACMC
[04:55:48] [267/459] DTPD
[04:55:49] [268/459] POJA
[04:55:50] [269/459] FNBH
[04:55:51] [270/459] CGCB
[04:55:52] [271/459] RACN
[04:55:53] [272/459] JTSM
[04:55:54] [273/459] SCDN
[04:55:54] [274/459] AACK
[04:55:56] [275/459] RMCE
[04:55:56] [276/459] BSGB
[04:55:57] [277/459] MRCB
[04:55:59] [278/459] SRVR
[04:56:00] [279/459] VTKK
[04:56:01] [280/459] AMST
[04:56:02] [281/459] APCY
[04:56:03] [282/459] LMHO
[04:56:04] [283/459] MTZH
[04:56:05] [284/459] AMZB
[04:56:07] [285/459] SUVT
[04:56:08] [286/459] RCIP
[04:56:09] [287/459] KESR
[04:56:10] [288/459] SNKC
[04:56:10] [289/459] SCED
[04:56:11] [290/459] DVCA
[04:56:12] [291/459] VCDT
[04:56:13] [292/459] RRDI
[04:56:14] [293/459] DFCH
[04:56:14] [294/459] INSC
[04:56:15] [295/459] RGTR
[04:56:16] [296/459] FMOT
[04:56:17] [297/459] SCPM
[04:56:18] [298/459] GCDT
[04:56:19] [299/459] BRKT
[04:56:20] [300/459] DEMP
[04:56:21] [301/459] SRLC
[04:56:21] [302/459] KSTT
[04:56:22] [303/459] SMMT
[04:56:23] [304/459] SILM
[04:56:24] [305/459] JCVM
[04:56:24] [306/459] KCSV
[04:56:25] [307/459] MHLK
[04:56:26] [308/459] SLVL
[04:56:27] [309/459] RJKP
[04:56:27] [310/459] BBPC
[04:56:28] [311/459] MXCB
[04:56:29] [312/459] TCPK
[04:56:30] [313/459] RTBR
[04:56:31] [314/459] GAUT
[04:56:32] [315/459] DVCF
[04:56:33] [316/459] JTSB
[04:56:33] [317/459] SBLS
[04:56:34] [318/459] UDAY
[04:56:35] [319/459] PTNP
[04:56:36] [320/459] DMKT
[04:56:37] [321/459] NTDT
[04:56:38] [322/459] SHDJ
[04:56:38] [323/459] OTNC
[04:56:39] [324/459] RNTW
[04:56:40] [325/459] GCMI
[04:56:41] [326/459] CRCM
[04:56:42] [327/459] NNCZ
[04:56:43] [328/459] OEMO
[04:56:44] [329/459] PVJM
[04:56:45] [330/459] CPJI
[04:56:46] [331/459] RMCJ
[04:56:47] [332/459] CNWJ
[04:56:48] [333/459] EPJM
[04:56:49] [334/459] FNJJ
[04:56:50] [335/459] GCMJ
[04:56:51] [336/459] INPS
[04:56:52] [337/459] BICJ
[04:56:53] [338/459] ISTJ
[04:56:54] [339/459] INJC
[04:56:55] [340/459] GLXJ
[04:56:55] [341/459] INEM
[04:56:56] [342/459] JTMN
[04:56:57] [343/459] FRCJ
[04:56:58] [344/459] DDJP
[04:56:59] [345/459] INJV
[04:57:00] [346/459] GOLC
[04:57:00] [347/459] KOCI
[04:57:01] [348/459] FSTD
[04:57:02] [349/459] PACJ
[04:57:03] [350/459] GMCN
[04:57:04] [351/459] MMDJ
[04:57:05] [352/459] GODH
[04:57:06] [353/459] SKYN
[04:57:07] [354/459] NCTH
[04:57:08] [355/459] SKVZ
[04:57:09] [356/459] SVML
[04:57:10] [357/459] ACVZ
[04:57:10] [358/459] SURA
[04:57:11] [359/459] RTRB
[04:57:12] [360/459] LLCT
[04:57:14] [361/459] ATTS
[04:57:15] [362/459] JYCM
[04:57:15] [363/459] CTKR
[04:57:17] [364/459] LCKR
[04:57:18] [365/459] NYCV
[04:57:19] [366/459] NYOH
[04:57:19] [367/459] NOVX
[04:57:20] [368/459] MRGK
[04:57:21] [369/459] MOON
[04:57:22] [370/459] SBUC
[04:57:23] [371/459] GSVA
[04:57:24] [372/459] VIAK
[04:57:25] [373/459] SMVZ
[04:57:25] [374/459] MATE
[04:57:27] [375/459] RDCN
[04:57:28] [376/459] ASBL
[04:57:29] [377/459] ASVS
[04:57:29] [378/459] ASSR
[04:57:30] [379/459] SSKN
[04:57:31] [380/459] DRPV
[04:57:32] [381/459] MRHT
[04:57:33] [382/459] BSCN
[04:57:34] [383/459] RKNX
[04:57:35] [384/459] MSMC
[04:57:36] [385/459] MSCJ
[04:57:37] [386/459] BTBJ
[04:57:38] [387/459] MJCC
[04:57:39] [388/459] IOMM
[04:57:40] [389/459] ADGR
[04:57:41] [390/459] MYCP
[04:57:42] [391/459] IGCM
[04:57:43] [392/459] PGRK
[04:57:45] [393/459] VPGO
[04:57:46] [394/459] KOMS
[04:57:46] [395/459] URGG
[04:57:47] [396/459] GOST
[04:57:48] [397/459] LACT
[04:57:49] [398/459] BWCM
[04:57:50] [399/459] NCCW
[04:57:50] [400/459] SKYC
[04:57:51] [401/459] CCPM
[04:57:52] [402/459] VCBT
[04:57:54] [403/459] SDKR
[04:57:54] [404/459] CTYB
[04:57:55] [405/459] SHCX
[04:57:56] [406/459] RCUN
[04:57:57] [407/459] CNRA
[04:57:58] [408/459] RFCA
[04:57:59] [409/459] RDCU
[04:57:59] [410/459] SARK
[04:58:00] [411/459] SPPP
[04:58:01] [412/459] ADMB
[04:58:02] [413/459] JYOE
[04:58:03] [414/459] SRMD
[04:58:03] [415/459] RJDH
[04:58:04] [416/459] SSTD
[04:58:05] [417/459] AACV
[04:58:06] [418/459] PPVD
[04:58:07] [419/459] STCP
[04:58:08] [420/459] ANJR
[04:58:08] [421/459] ANLS
[04:58:09] [422/459] BIJO
[04:58:10] [423/459] AVAB
[04:58:11] [424/459] SPMD
[04:58:11] [425/459] SVJL
[04:58:12] [426/459] SDDJ
[04:58:13] [427/459] SLTU
[04:58:14] [428/459] SAKA
[04:58:15] [429/459] PMAM
[04:58:16] [430/459] FNAM
[04:58:17] [431/459] ACAM
[04:58:18] [432/459] SCMM
[04:58:19] [433/459] PMAK
[04:58:19] [434/459] NYSA
[04:58:20] [435/459] FCPA
[04:58:21] [436/459] GDAN
[04:58:22] [437/459] RSCA
[04:58:24] [438/459] DMAN
[04:58:24] [439/459] DZCM
[04:58:25] [440/459] NSGL
[04:58:26] [441/459] CCPP
[04:58:27] [442/459] PSMG
[04:58:28] [443/459] GSER
[04:58:28] [444/459] FCCT
[04:58:29] [445/459] FCTB
[04:58:30] [446/459] LCNK
[04:58:31] [447/459] SKTY
[04:58:32] [448/459] INAA
[04:58:33] [449/459] RCWN
[04:58:33] [450/459] VAIS
[04:58:34] [451/459] CVMN
[04:58:35] [452/459] INTS
[04:58:36] [453/459] FRGS
[04:58:36] [454/459] DTCK
[04:58:37] [455/459] MCMH
[04:58:38] [456/459] ECRR
[04:58:40] [457/459] RLLP
[04:58:41] [458/459] CCSN
[04:58:43] [459/459] CCBA
[04:58:43] 🧹 Deduping shows
[04:58:43] ✅ DONE | Shows=470 | Movies=42
