[10:09:38] 🚀 SCRIPT STARTED
[10:09:38] [1/459] FNDB
[10:09:38] 🧠 New identity created
[10:09:39] [2/459] AMBH
[10:09:40] [3/459] PRHN
[10:09:41] [4/459] ACPM
[10:09:41] [5/459] PVFS
[10:09:42] [6/459] AACN
[10:09:42] [7/459] ACAS
[10:09:43] [8/459] CTNR
[10:09:44] [9/459] MMAH
[10:09:44] [10/459] CPMH
[10:09:45] [11/459] IGMH
[10:09:45] [12/459] ABCS
[10:09:46] [13/459] CMMA
[10:09:47] [14/459] GPRH
[10:09:47] [15/459] PNNG
[10:09:48] [16/459] AMCA
[10:09:48] [17/459] ISTN
[10:09:49] [18/459] PIIC
[10:09:50] [19/459] AHMH
[10:09:50] [20/459] ASHN
[10:09:51] [21/459] INHY
[10:09:52] [22/459] SRMO
[10:09:52] [23/459] PIMH
[10:09:53] [24/459] PVTS
[10:09:54] [25/459] MMCA
[10:09:54] [26/459] AKYJ
[10:09:55] [27/459] BRKH
[10:09:56] [28/459] MAHM
[10:09:56] [29/459] CPHY
[10:09:57] [30/459] PVTP
[10:09:58] [31/459] SMMR
[10:09:58] [32/459] PVHM
[10:09:59] [33/459] SNDY
[10:09:59] [34/459] GOKU
[10:10:00] [35/459] ACEV
[10:10:00] [36/459] PVUM
[10:10:01] [37/459] VSWA
[10:10:01] [38/459] IPRS
[10:10:02] [39/459] ASGN
[10:10:02] [40/459] BKMV
[10:10:02] [41/459] PVYH
[10:10:03] [42/459] INKM
[10:10:04] [43/459] ARJU
[10:10:04] [44/459] JJPP
[10:10:05] [45/459] SSRM
[10:10:06] [46/459] HMHD
[10:10:06] [47/459] SNKH
[10:10:07] [48/459] ACHI
[10:10:08] [49/459] MRAA
[10:10:08] [50/459] INMH
[10:10:09] [51/459] ARMH
[10:10:10] [52/459] DVRR
[10:10:10] [53/459] SUDA
[10:10:11] [54/459] MCSS
[10:10:11] [55/459] VRKC
[10:10:12] [56/459] PRCX
[10:10:13] [57/459] ASJY
[10:10:13] [58/459] MTHY
[10:10:14] [59/459] SRCM
[10:10:15] [60/459] TVHY
[10:10:15] [61/459] STHD
[10:10:16] [62/459] CPCL
[10:10:16] [63/459] PSMJ
[10:10:17] [64/459] MRGT
[10:10:17] [65/459] ARYH
[10:10:18] [66/459] VTRB
[10:10:19] [67/459] SCHC
[10:10:19] [68/459] MRRG
[10:10:20] [69/459] SPCB
[10:10:21] [70/459] AMCM
[10:10:21] [71/459] IVNM
[10:10:22] [72/459] TRHY
[10:10:23] [73/459] PTTH
[10:10:23] [74/459] RKMH
[10:10:24] [75/459] PRCS
[10:10:25] [76/459] VAJA
[10:10:25] [77/459] BJNG
[10:10:26] [78/459] SCVM
[10:10:27] [79/459] GNHB
[10:10:27] [80/459] TLUR
[10:10:28] [81/459] UKCC
[10:10:28] [82/459] SRKR
[10:10:29] [83/459] RMKN
[10:10:30] [84/459] SLRT
[10:10:30] [85/459] LKMT
[10:10:31] [86/459] SSRJ
[10:10:32] [87/459] SPHT
[10:10:32] [88/459] ANTT
[10:10:33] [89/459] SRCH
[10:10:33] [90/459] SRCA
[10:10:34] [91/459] ARTH
[10:10:34] [92/459] MCBH
[10:10:35] [93/459] SNIB
[10:10:35] [94/459] SART
[10:10:36] [95/459] SKTA
[10:10:36] [96/459] YAKT
[10:10:37] [97/459] MLCK
[10:10:37] [98/459] ANTS
[10:10:38] [99/459] DGCA
[10:10:39] [100/459] SGMP
[10:10:39] [101/459] ASWN
[10:10:40] [102/459] KFVU
[10:10:41] [103/459] POOR
[10:10:41] [104/459] GKDN
[10:10:42] [105/459] EOSE
[10:10:43] [106/459] GTTT
[10:10:43] [107/459] ARRO
[10:10:44] [108/459] CMMK
[10:10:44] [109/459] MSCN
[10:10:45] [110/459] GDKH
[10:10:45] [111/459] DLMT
[10:10:46] [112/459] PVMF
[10:10:47] [113/459] CPCK
[10:10:47] [114/459] VMHE
[10:10:48] [115/459] PVLC
[10:10:48] [116/459] PCVB
[10:10:49] [117/459] SNYK
[10:10:50] [118/459] KTEK
[10:10:50] [119/459] PCNM
[10:10:51] [120/459] NTTR
[10:10:51] [121/459] CPSK
[10:10:52] [122/459] JMMA
[10:10:53] [123/459] GCFK
[10:10:53] [124/459] MYCA
[10:10:54] [125/459] KSNP
[10:10:54] [126/459] PMCE
[10:10:55] [127/459] SCKI
[10:10:55] [128/459] FSMA
[10:10:56] [129/459] CETA
[10:10:56] [130/459] MCIK
[10:10:57] [131/459] MYCR
[10:10:58] [132/459] EVMP
[10:10:58] [133/459] SSGT
[10:10:59] [134/459] KCTK
[10:10:59] [135/459] ZTKC
[10:11:00] [136/459] MMTA
[10:11:00] [137/459] MAJT
[10:11:01] [138/459] ACPK
[10:11:02] [139/459] JMAX
[10:11:02] [140/459] SETK
[10:11:03] [141/459] CAIS
[10:11:03] [142/459] AGCD
[10:11:04] [143/459] URCL
[10:11:05] [144/459] VTDS
[10:11:05] [145/459] JCNM
[10:11:06] [146/459] KCAM
[10:11:07] [147/459] ADCU
[10:11:07] [148/459] GXYN
[10:11:07] [149/459] SMJG
[10:11:08] [150/459] EYCJ
[10:11:08] [151/459] CCEJ
[10:11:09] [152/459] MARS
[10:11:10] [153/459] CPVJ
[10:11:10] [154/459] INVP
[10:11:11] [155/459] CPOV
[10:11:11] [156/459] VIJK
[10:11:12] [157/459] LAIM
[10:11:13] [158/459] STHV
[10:11:13] [159/459] SVLJ
[10:11:14] [160/459] ATVJ
[10:11:15] [161/459] JTSC
[10:11:15] [162/459] RMTV
[10:11:16] [163/459] MGGG
[10:11:17] [164/459] SWTH
[10:11:17] [165/459] INVJ
[10:11:18] [166/459] PRSV
[10:11:18] [167/459] JATV
[10:11:19] [168/459] RCVD
[10:11:20] [169/459] BDMA
[10:11:20] [170/459] BLJI
[10:11:21] [171/459] SWOT
[10:11:21] [172/459] SWRN
[10:11:22] [173/459] TVRA
[10:11:23] [174/459] VCSV
[10:11:23] [175/459] NVRN
[10:11:24] [176/459] SIKC
[10:11:24] [177/459] VAKR
[10:11:25] [178/459] SYLN
[10:11:25] [179/459] KLJL
[10:11:26] [180/459] LKMY
[10:11:27] [181/459] VSLY
[10:11:27] [182/459] CIKO
[10:11:28] [183/459] GPBG
[10:11:29] [184/459] CECM
[10:11:29] [185/459] SLKB
[10:11:30] [186/459] MTBO
[10:11:30] [187/459] SSHB
[10:11:31] [188/459] VPCS
[10:11:32] [189/459] RCSR
[10:11:32] [190/459] RJRM
[10:11:33] [191/459] KPPB
[10:11:34] [192/459] SEDC
[10:11:34] [193/459] SCAI
[10:11:35] [194/459] RMTR
[10:11:35] [195/459] ASST
[10:11:36] [196/459] GCAK
[10:11:37] [197/459] ANNK
[10:11:37] [198/459] KDDF
[10:11:38] [199/459] NRDP
[10:11:38] [200/459] PLAK
[10:11:39] [201/459] GCMC
[10:11:40] [202/459] ALPY
[10:11:40] [203/459] SICE
[10:11:41] [204/459] SISR
[10:11:41] [205/459] SRPZ
[10:11:42] [206/459] SRSW
[10:11:43] [207/459] SUYA
[10:11:43] [208/459] AMMT
[10:11:44] [209/459] BHCU
[10:11:44] [210/459] KLPA
[10:11:45] [211/459] NVKH
[10:11:45] [212/459] JMRC
[10:11:46] [213/459] KTTT
[10:11:47] [214/459] MAGH
[10:11:47] [215/459] MMMX
[10:11:48] [216/459] SALJ
[10:11:48] [217/459] GTJA
[10:11:49] [218/459] MAHT
[10:11:50] [219/459] SSNN
[10:11:50] [220/459] ARRP
[10:11:51] [221/459] ATNS
[10:11:51] [222/459] SKDT
[10:11:52] [223/459] ACAT
[10:11:52] [224/459] APRC
[10:11:53] [225/459] SWAG
[10:11:53] [226/459] SDPT
[10:11:54] [227/459] STPS
[10:11:55] [228/459] WWCZ
[10:11:55] [229/459] LLCH
[10:11:56] [230/459] MZHA
[10:11:56] [231/459] CRJG
[10:11:57] [232/459] JGTK
[10:11:58] [233/459] KCSR
[10:11:58] [234/459] CHTL
[10:11:59] [235/459] EDSR
[10:12:00] [236/459] CSWO
[10:12:00] [237/459] CPVM
[10:12:00] [238/459] MXBY
[10:12:01] [239/459] FMMA
[10:12:02] [240/459] POVI
[10:12:02] [241/459] MTHB
[10:12:03] [242/459] INRC
[10:12:03] [243/459] PIPP
[10:12:04] [244/459] BMXC
[10:12:05] [245/459] PCMM
[10:12:05] [246/459] PMKM
[10:12:06] [247/459] GATY
[10:12:06] [248/459] IMCM
[10:12:08] [249/459] POPE
[10:12:08] [250/459] MTCR
[10:12:10] [251/459] PVAE
[10:12:11] [252/459] PVMI
[10:12:12] [253/459] CPNM
[10:12:14] [254/459] FMRL
[10:12:15] [255/459] MCIW
[10:12:15] [256/459] MXBO
[10:12:16] [257/459] FMKY
[10:12:17] [258/459] FMDA
[10:12:19] [259/459] THAB
[10:12:19] [260/459] PRCW
[10:12:20] [261/459] PITI
[10:12:21] [262/459] MCFF
[10:12:22] [263/459] PDDV
[10:12:23] [264/459] MCRM
[10:12:24] [265/459] KKMB
[10:12:24] [266/459] INKO
[10:12:25] [267/459] PLXP
[10:12:26] [268/459] MMHA
[10:12:27] [269/459] FMVS
[10:12:29] [270/459] POLM
[10:12:29] [271/459] STER
[10:12:30] [272/459] PVWJ
[10:12:31] [273/459] IMJW
[10:12:32] [274/459] FNAN
[10:12:33] [275/459] CAGL
[10:12:34] [276/459] IPBG
[10:12:35] [277/459] SMFV
[10:12:36] [278/459] MMMR
[10:12:37] [279/459] MMWM
[10:12:38] [280/459] FNCM
[10:12:38] [281/459] MDVA
[10:12:39] [282/459] MMET
[10:12:40] [283/459] MIDO
[10:12:41] [284/459] INNP
[10:12:42] [285/459] MIFU
[10:12:43] [286/459] MMSZ
[10:12:44] [287/459] BMXA
[10:12:45] [288/459] MCAA
[10:12:47] [289/459] SCVP
[10:12:48] [290/459] PLUS
[10:12:48] [291/459] MUCK
[10:12:49] [292/459] MTMA
[10:12:50] [293/459] HPVR
[10:12:51] [294/459] PMPK
[10:12:52] [295/459] MAJB
[10:12:52] [296/459] CTRR
[10:12:53] [297/459] MCTG
[10:12:54] [298/459] MACE
[10:12:55] [299/459] AAAS
[10:12:56] [300/459] CPVV
[10:12:57] [301/459] RCHG
[10:12:58] [302/459] MCNE
[10:12:58] [303/459] EMNC
[10:12:59] [304/459] MCAN
[10:13:00] [305/459] TCDM
[10:13:01] [306/459] IRGT
[10:13:01] [307/459] GCMG
[10:13:03] [308/459] MXSN
[10:13:05] [309/459] MXCK
[10:13:06] [310/459] MCRC
[10:13:07] [311/459] RSMI
[10:13:08] [312/459] WAML
[10:13:09] [313/459] MTSC
[10:13:10] [314/459] FMDR
[10:13:11] [315/459] LEPV
[10:13:12] [316/459] MTGD
[10:13:13] [317/459] IMOB
[10:13:14] [318/459] CLMM
[10:13:14] [319/459] PZCD
[10:13:16] [320/459] GOCS
[10:13:17] [321/459] KCMA
[10:13:18] [322/459] CCMP
[10:13:18] [323/459] MTSU
[10:13:19] [324/459] SNGL
[10:13:20] [325/459] MMMC
[10:13:21] [326/459] MMAA
[10:13:22] [327/459] GCDM
[10:13:22] [328/459] KTMV
[10:13:24] [329/459] AETE
[10:13:25] [330/459] OMCS
[10:13:25] [331/459] GDCD
[10:13:26] [332/459] NYMD
[10:13:27] [333/459] RNCV
[10:13:28] [334/459] KKMT
[10:13:29] [335/459] GDTH
[10:13:29] [336/459] KMMV
[10:13:30] [337/459] NHCG
[10:13:31] [338/459] PJDW
[10:13:32] [339/459] MMCV
[10:13:33] [340/459] FQSA
[10:13:34] [341/459] KURL
[10:13:34] [342/459] NNNX
[10:13:35] [343/459] AMAU
[10:13:36] [344/459] VVVM
[10:13:37] [345/459] VECU
[10:13:37] [346/459] WCVR
[10:13:38] [347/459] MTGG
[10:13:39] [348/459] SGTG
[10:13:41] [349/459] MNTG
[10:13:41] [350/459] JDDG
[10:13:42] [351/459] MBTK
[10:13:44] [352/459] SGCD
[10:13:45] [353/459] MCTC
[10:13:45] [354/459] JTPC
[10:13:46] [355/459] SDKT
[10:13:47] [356/459] KRCC
[10:13:47] [357/459] RMMD
[10:13:48] [358/459] AAME
[10:13:49] [359/459] TMWC
[10:13:50] [360/459] NRWY
[10:13:52] [361/459] CITD
[10:13:53] [362/459] VERD
[10:13:53] [363/459] MKSK
[10:13:54] [364/459] STSM
[10:13:55] [365/459] MJDG
[10:13:56] [366/459] RKPM
[10:13:57] [367/459] SSCE
[10:13:58] [368/459] VMAE
[10:13:59] [369/459] SBRU
[10:14:01] [370/459] AMBC
[10:14:01] [371/459] AMLU
[10:14:02] [372/459] INVZ
[10:14:03] [373/459] LGTV
[10:14:04] [374/459] SVAD
[10:14:05] [375/459] SMSA
[10:14:06] [376/459] SPCZ
[10:14:07] [377/459] GTCX
[10:14:07] [378/459] SCSL
[10:14:08] [379/459] SAHU
[10:14:09] [380/459] NCDA
[10:14:10] [381/459] SCCG
[10:14:10] [382/459] VKTL
[10:14:12] [383/459] PUUJ
[10:14:13] [384/459] STEJ
[10:14:14] [385/459] RJAL
[10:14:15] [386/459] ACJC
[10:14:15] [387/459] VTHC
[10:14:16] [388/459] ARVB
[10:14:17] [389/459] AUBB
[10:14:17] [390/459] GDBR
[10:14:18] [391/459] PVND
[10:14:19] [392/459] BGRJ
[10:14:21] [393/459] RJMM
[10:14:22] [394/459] MCSA
[10:14:23] [395/459] BODA
[10:14:25] [396/459] JAGG
[10:14:26] [397/459] SCGA
[10:14:26] [398/459] LRCM
[10:14:27] [399/459] CPCN
[10:14:29] [400/459] SSTF
[10:14:30] [401/459] SRXP
[10:14:31] [402/459] CNFX
[10:14:31] [403/459] ANDI
[10:14:32] [404/459] SYEW
[10:14:33] [405/459] RCRE
[10:14:34] [406/459] SCRW
[10:14:35] [407/459] MBKR
[10:14:35] [408/459] ASNT
[10:14:36] [409/459] JTMT
[10:14:37] [410/459] SHAY
[10:14:38] [411/459] VRTH
[10:14:39] [412/459] SPTI
[10:14:40] [413/459] DPTD
[10:14:41] [414/459] TGSN
[10:14:41] [415/459] RCWV
[10:14:42] [416/459] OCUR
[10:14:43] [417/459] KSTC
[10:14:44] [418/459] SANI
[10:14:44] [419/459] MLCA
[10:14:45] [420/459] EGCA
[10:14:46] [421/459] SYSN
[10:14:47] [422/459] PKTA
[10:14:47] [423/459] PRCC
[10:14:48] [424/459] KSTR
[10:14:49] [425/459] SNTP
[10:14:50] [426/459] RCHA
[10:14:50] [427/459] SEEA
[10:14:51] [428/459] ALAT
[10:14:52] [429/459] AATV
[10:14:53] [430/459] RJTE
[10:14:54] [431/459] AAPP
[10:14:54] [432/459] PMMH
[10:14:55] [433/459] INRJ
[10:14:56] [434/459] SARB
[10:14:57] [435/459] PCJL
[10:14:57] [436/459] PFJJ
[10:14:58] [437/459] GRDC
[10:14:59] [438/459] BCBA
[10:15:00] [439/459] VIXL
[10:15:01] [440/459] CSTL
[10:15:01] [441/459] MTDK
[10:15:02] [442/459] TDAC
[10:15:04] [443/459] GTDN
[10:15:05] [444/459] TTDE
[10:15:05] [445/459] ASTS
[10:15:06] [446/459] CPNS
[10:15:07] [447/459] PVVW
[10:15:08] [448/459] USEB
[10:15:09] [449/459] DTYN
[10:15:10] [450/459] PVLE
[10:15:11] [451/459] CIPS
[10:15:12] [452/459] PAEG
[10:15:13] [453/459] PTCW
[10:15:13] [454/459] G3SR
[10:15:14] [455/459] PGND
[10:15:15] [456/459] INVM
[10:15:16] [457/459] SPIA
[10:15:17] [458/459] PCSN
[10:15:17] [459/459] PPGV
[10:15:18] 🧹 Deduping shows
[10:15:18] ✅ DONE | Shows=216 | Movies=28
