[10:09:24] 🚀 SCRIPT STARTED
[10:09:24] [1/459] MCCZ
[10:09:24] 🧠 New identity created
[10:09:25] [2/459] FRPU
[10:09:25] [3/459] SKSI
[10:09:26] [4/459] SSCK
[10:09:27] [5/459] SRDC
[10:09:27] [6/459] RSCZ
[10:09:28] [7/459] PRVT
[10:09:28] [8/459] GAGJ
[10:09:29] [9/459] SMHG
[10:09:30] [10/459] JTST
[10:09:30] [11/459] MYTH
[10:09:31] [12/459] JPCC
[10:09:32] [13/459] ACDC
[10:09:32] [14/459] SVFP
[10:09:33] [15/459] SFCM
[10:09:33] [16/459] RUPK
[10:09:34] [17/459] NTCR
[10:09:34] [18/459] RTCH
[10:09:35] [19/459] SCMH
[10:09:36] [20/459] SVYM
[10:09:36] [21/459] SPYM
[10:09:37] [22/459] SMMF
[10:09:38] [23/459] CLLB
[10:09:38] [24/459] FMCB
[10:09:39] [25/459] BBTC
[10:09:39] [26/459] NTHS
[10:09:40] [27/459] PKKJ
[10:09:41] [28/459] MTJA
[10:09:42] [29/459] PMSJ
[10:09:42] [30/459] JMJU
[10:09:42] [31/459] SRAD
[10:09:43] [32/459] MJMC
[10:09:44] [33/459] DFRM
[10:09:44] [34/459] PMRS
[10:09:45] [35/459] RKPP
[10:09:45] [36/459] BMBK
[10:09:46] [37/459] NEWS
[10:09:46] [38/459] SALB
[10:09:47] [39/459] SCPW
[10:09:48] [40/459] RAYL
[10:09:48] [41/459] CMGJ
[10:09:49] [42/459] JRCR
[10:09:49] [43/459] SRTB
[10:09:50] [44/459] ETPB
[10:09:50] [45/459] MXBN
[10:09:51] [46/459] TOPE
[10:09:51] [47/459] SNLJ
[10:09:52] [48/459] CDDP
[10:09:53] [49/459] APCX
[10:09:53] [50/459] TALP
[10:09:54] [51/459] RRMP
[10:09:55] [52/459] MAHB
[10:09:56] [53/459] MTKR
[10:09:56] [54/459] KSKL
[10:09:57] [55/459] RJLT
[10:09:57] [56/459] ATAS
[10:09:58] [57/459] AMHR
[10:09:58] [58/459] RSRM
[10:09:59] [59/459] GCAT
[10:10:00] [60/459] SMML
[10:10:00] [61/459] ACCD
[10:10:00] [62/459] VYDA
[10:10:01] [63/459] MSKT
[10:10:02] [64/459] AVDM
[10:10:02] [65/459] ASMH
[10:10:03] [66/459] VTMB
[10:10:03] [67/459] WVMB
[10:10:04] [68/459] PPMN
[10:10:04] [69/459] MTMD
[10:10:05] [70/459] SMMO
[10:10:05] [71/459] DLPB
[10:10:06] [72/459] AKMD
[10:10:07] [73/459] SHRR
[10:10:07] [74/459] ASCO
[10:10:08] [75/459] CZVX
[10:10:08] [76/459] GCBB
[10:10:08] [77/459] ATBM
[10:10:09] [78/459] TCGM
[10:10:10] [79/459] UMSE
[10:10:10] [80/459] NKCL
[10:10:11] [81/459] BTLR
[10:10:11] [82/459] GOCL
[10:10:12] [83/459] MIRN
[10:10:13] [84/459] THEC
[10:10:13] [85/459] SPPB
[10:10:14] [86/459] PMMM
[10:10:15] [87/459] GGMC
[10:10:15] [88/459] AVSR
[10:10:16] [89/459] RDMH
[10:10:16] [90/459] JSRS
[10:10:17] [91/459] VKGP
[10:10:17] [92/459] ACRT
[10:10:18] [93/459] GCBA
[10:10:18] [94/459] GTCP
[10:10:19] [95/459] AKFC
[10:10:20] [96/459] INCS
[10:10:20] [97/459] SMCK
[10:10:21] [98/459] BRUN
[10:10:21] [99/459] RPPC
[10:10:22] [100/459] PAYD
[10:10:23] [101/459] SVVT
[10:10:23] [102/459] RNCC
[10:10:24] [103/459] PCRC
[10:10:24] [104/459] PMRM
[10:10:25] [105/459] CCRP
[10:10:26] [106/459] INCR
[10:10:26] [107/459] ZTMP
[10:10:27] [108/459] MCNR
[10:10:27] [109/459] INRP
[10:10:27] [110/459] STRC
[10:10:28] [111/459] RATI
[10:10:28] [112/459] PBTR
[10:10:29] [113/459] CMHP
[10:10:30] [114/459] ZECJ
[10:10:30] [115/459] CCCB
[10:10:31] [116/459] BWCB
[10:10:31] [117/459] CCAT
[10:10:32] [118/459] KGCM
[10:10:33] [119/459] INPT
[10:10:33] [120/459] FNCO
[10:10:34] [121/459] SRMJ
[10:10:35] [122/459] PFSC
[10:10:35] [123/459] PBMC
[10:10:36] [124/459] KARP
[10:10:36] [125/459] KOVI
[10:10:37] [126/459] ACXL
[10:10:38] [127/459] GKCC
[10:10:38] [128/459] ASCC
[10:10:39] [129/459] SETC
[10:10:39] [130/459] KACC
[10:10:40] [131/459] KAVE
[10:10:41] [132/459] CNTC
[10:10:41] [133/459] MEEN
[10:10:42] [134/459] BMRV
[10:10:42] [135/459] SVAM
[10:10:43] [136/459] VTBP
[10:10:43] [137/459] VCKN
[10:10:44] [138/459] SGTK
[10:10:45] [139/459] RCGS
[10:10:46] [140/459] RCCB
[10:10:46] [141/459] RKSR
[10:10:47] [142/459] RKCU
[10:10:47] [143/459] GIBH
[10:10:48] [144/459] CXBS
[10:10:49] [145/459] GGCB
[10:10:49] [146/459] SCPB
[10:10:50] [147/459] AKTB
[10:10:51] [148/459] SRBU
[10:10:51] [149/459] CSSA
[10:10:52] [150/459] MYAN
[10:10:52] [151/459] EXCA
[10:10:53] [152/459] CKSA
[10:10:54] [153/459] JTNM
[10:10:54] [154/459] CXKT
[10:10:55] [155/459] NCLM
[10:10:55] [156/459] JAAD
[10:10:56] [157/459] RDCR
[10:10:57] [158/459] MEER
[10:10:57] [159/459] SIBT
[10:10:57] [160/459] PVVB
[10:10:58] [161/459] FNPN
[10:10:59] [162/459] CRPX
[10:10:59] [163/459] STET
[10:11:00] [164/459] METE
[10:11:00] [165/459] BJML
[10:11:01] [166/459] MAVT
[10:11:01] [167/459] MSRM
[10:11:02] [168/459] TJMP
[10:11:03] [169/459] MHCK
[10:11:03] [170/459] SVGP
[10:11:04] [171/459] KRRC
[10:11:04] [172/459] IMCH
[10:11:05] [173/459] CMCS
[10:11:05] [174/459] SGND
[10:11:06] [175/459] RNAT
[10:11:07] [176/459] PRTN
[10:11:07] [177/459] MPTN
[10:11:08] [178/459] ARCC
[10:11:08] [179/459] NTTE
[10:11:09] [180/459] ABND
[10:11:09] [181/459] KCSN
[10:11:10] [182/459] KCSA
[10:11:10] [183/459] DCKT
[10:11:11] [184/459] MBBR
[10:11:12] [185/459] RAMU
[10:11:12] [186/459] RACW
[10:11:13] [187/459] MCHP
[10:11:13] [188/459] TMHM
[10:11:14] [189/459] STXH
[10:11:14] [190/459] AGSG
[10:11:15] [191/459] SIRA
[10:11:15] [192/459] RCAN
[10:11:16] [193/459] CWTB
[10:11:16] [194/459] VTYM
[10:11:17] [195/459] RRPP
[10:11:18] [196/459] ASMR
[10:11:18] [197/459] RONO
[10:11:19] [198/459] MEMR
[10:11:20] [199/459] CTMR
[10:11:20] [200/459] PMTT
[10:11:21] [201/459] PSLX
[10:11:21] [202/459] IPPL
[10:11:22] [203/459] MMSG
[10:11:23] [204/459] INEL
[10:11:23] [205/459] COAC
[10:11:24] [206/459] WVLK
[10:11:24] [207/459] PPXL
[10:11:25] [208/459] PSML
[10:11:26] [209/459] FNLK
[10:11:26] [210/459] ILUM
[10:11:27] [211/459] ILCM
[10:11:28] [212/459] MSNL
[10:11:28] [213/459] VINB
[10:11:29] [214/459] SALW
[10:11:29] [215/459] PRTB
[10:11:30] [216/459] NCIL
[10:11:30] [217/459] PSUL
[10:11:31] [218/459] SCLK
[10:11:32] [219/459] ADDC
[10:11:32] [220/459] OACL
[10:11:33] [221/459] OOCF
[10:11:33] [222/459] GPMF
[10:11:34] [223/459] SSDG
[10:11:35] [224/459] SKRS
[10:11:35] [225/459] NTTP
[10:11:36] [226/459] SLTP
[10:11:36] [227/459] JTLC
[10:11:37] [228/459] POON
[10:11:38] [229/459] CCPC
[10:11:38] [230/459] DCKC
[10:11:39] [231/459] CPRT
[10:11:39] [232/459] EYHZ
[10:11:40] [233/459] ARBL
[10:11:40] [234/459] SBTB
[10:11:41] [235/459] MMCK
[10:11:42] [236/459] PLMR
[10:11:42] [237/459] BIJH
[10:11:43] [238/459] SDRT
[10:11:44] [239/459] PRDC
[10:11:44] [240/459] OMJA
[10:11:45] [241/459] VKCR
[10:11:45] [242/459] ATRT
[10:11:46] [243/459] WVRP
[10:11:47] [244/459] MVRP
[10:11:47] [245/459] FCAX
[10:11:48] [246/459] CTLC
[10:11:48] [247/459] JCHB
[10:11:49] [248/459] SELP
[10:11:49] [249/459] VCPG
[10:11:50] [250/459] ASCX
[10:11:51] [251/459] EOCS
[10:11:51] [252/459] RCPH
[10:11:52] [253/459] RJTM
[10:11:52] [254/459] SGMD
[10:11:53] [255/459] SVJT
[10:11:54] [256/459] SPPO
[10:11:54] [257/459] MNRL
[10:11:55] [258/459] KNOX
[10:11:56] [259/459] GIER
[10:11:56] [260/459] PJMS
[10:11:57] [261/459] UNSP
[10:11:57] [262/459] JETP
[10:11:58] [263/459] VTWA
[10:11:59] [264/459] SCJI
[10:11:59] [265/459] CBZZ
[10:12:00] [266/459] SDCJ
[10:12:00] [267/459] RRCC
[10:12:01] [268/459] VNKG
[10:12:02] [269/459] LKTO
[10:12:02] [270/459] PJRM
[10:12:03] [271/459] NVRM
[10:12:04] [272/459] SJCS
[10:12:05] [273/459] VIGK
[10:12:06] [274/459] ANST
[10:12:07] [275/459] JTTS
[10:12:07] [276/459] NTST
[10:12:08] [277/459] PREB
[10:12:09] [278/459] TSCZ
[10:12:10] [279/459] CDCM
[10:12:11] [280/459] ELYE
[10:12:12] [281/459] INBS
[10:12:12] [282/459] SMGC
[10:12:13] [283/459] UTMP
[10:12:14] [284/459] INTA
[10:12:15] [285/459] OMPT
[10:12:16] [286/459] SCIR
[10:12:17] [287/459] GCKJ
[10:12:18] [288/459] INOG
[10:12:18] [289/459] SMGB
[10:12:19] [290/459] MCSG
[10:12:21] [291/459] STKG
[10:12:21] [292/459] TTKG
[10:12:22] [293/459] SRTR
[10:12:22] [294/459] ETTR
[10:12:23] [295/459] GGGZ
[10:12:24] [296/459] IPGM
[10:12:25] [297/459] FCDH
[10:12:26] [298/459] DESB
[10:12:26] [299/459] VNTP
[10:12:28] [300/459] ANNT
[10:12:28] [301/459] SLTI
[10:12:29] [302/459] MAJU
[10:12:30] [303/459] JCXP
[10:12:30] [304/459] HARK
[10:12:31] [305/459] JPCJ
[10:12:32] [306/459] RXBD
[10:12:33] [307/459] PTKJ
[10:12:33] [308/459] CMTU
[10:12:34] [309/459] SWOR
[10:12:35] [310/459] JMEX
[10:12:35] [311/459] DTPT
[10:12:36] [312/459] VGMM
[10:12:37] [313/459] VCSG
[10:12:38] [314/459] CVCG
[10:12:39] [315/459] TNTT
[10:12:40] [316/459] SHRM
[10:12:40] [317/459] CGKD
[10:12:41] [318/459] EKCM
[10:12:42] [319/459] SDCX
[10:12:43] [320/459] SBTE
[10:12:44] [321/459] STKJ
[10:12:44] [322/459] TPCE
[10:12:46] [323/459] JTNP
[10:12:46] [324/459] LPCH
[10:12:47] [325/459] CPUO
[10:12:48] [326/459] APSU
[10:12:48] [327/459] RTHC
[10:12:49] [328/459] PTBU
[10:12:50] [329/459] CUCC
[10:12:51] [330/459] CPSA
[10:12:52] [331/459] SUAY
[10:12:53] [332/459] AYAA
[10:12:54] [333/459] MUCH
[10:12:55] [334/459] PCIN
[10:12:55] [335/459] JRRM
[10:12:56] [336/459] KATS
[10:12:57] [337/459] MHFF
[10:12:58] [338/459] ESYM
[10:12:58] [339/459] STYV
[10:12:59] [340/459] SDKG
[10:13:00] [341/459] SMTI
[10:13:01] [342/459] NYCS
[10:13:01] [343/459] MTBG
[10:13:02] [344/459] RHCA
[10:13:04] [345/459] PCKH
[10:13:04] [346/459] ARCR
[10:13:05] [347/459] NCMB
[10:13:05] [348/459] SHYC
[10:13:06] [349/459] LACK
[10:13:07] [350/459] MTCM
[10:13:08] [351/459] RRBN
[10:13:09] [352/459] MYDC
[10:13:09] [353/459] STCS
[10:13:10] [354/459] CONN
[10:13:11] [355/459] SIPS
[10:13:12] [356/459] SMMX
[10:13:13] [357/459] SCBY
[10:13:13] [358/459] SUAP
[10:13:14] [359/459] RSMK
[10:13:16] [360/459] STKP
[10:13:16] [361/459] CIPC
[10:13:17] [362/459] KKCI
[10:13:18] [363/459] CTNK
[10:13:19] [364/459] MMTZ
[10:13:19] [365/459] DCCO
[10:13:21] [366/459] VNMN
[10:13:21] [367/459] RLCN
[10:13:22] [368/459] CMMS
[10:13:23] [369/459] AYOU
[10:13:24] [370/459] SSCN
[10:13:24] [371/459] SMXN
[10:13:25] [372/459] ASSK
[10:13:26] [373/459] VCKM
[10:13:27] [374/459] PCPH
[10:13:27] [375/459] PADM
[10:13:28] [376/459] IESA
[10:13:29] [377/459] VCSP
[10:13:30] [378/459] AEST
[10:13:31] [379/459] VTNR
[10:13:32] [380/459] GTTA
[10:13:33] [381/459] CMMM
[10:13:33] [382/459] AHKT
[10:13:34] [383/459] SIJI
[10:13:34] [384/459] VCEI
[10:13:35] [385/459] SAKR
[10:13:36] [386/459] VSMT
[10:13:37] [387/459] SSCT
[10:13:38] [388/459] USTR
[10:13:38] [389/459] MTKT
[10:13:39] [390/459] TGMP
[10:13:40] [391/459] SIVC
[10:13:40] [392/459] KICT
[10:13:41] [393/459] DAMD
[10:13:42] [394/459] CNPT
[10:13:43] [395/459] RVTT
[10:13:44] [396/459] SNCM
[10:13:44] [397/459] GHTE
[10:13:45] [398/459] PPAM
[10:13:46] [399/459] PVAA
[10:13:47] [400/459] CPAO
[10:13:48] [401/459] HAMD
[10:13:49] [402/459] RCCA
[10:13:49] [403/459] MPCH
[10:13:50] [404/459] ARED
[10:13:51] [405/459] RRCV
[10:13:52] [406/459] MTRB
[10:13:53] [407/459] CKUA
[10:13:53] [408/459] ABMP
[10:13:55] [409/459] RCWA
[10:13:55] [410/459] CGAR
[10:13:56] [411/459] METH
[10:13:57] [412/459] WAGA
[10:13:58] [413/459] MCMA
[10:13:59] [414/459] CSMP
[10:14:00] [415/459] RCNK
[10:14:01] [416/459] PSTM
[10:14:01] [417/459] CSEP
[10:14:02] [418/459] AMGD
[10:14:03] [419/459] CSTE
[10:14:04] [420/459] CONS
[10:14:04] [421/459] APPX
[10:14:05] [422/459] MABC
[10:14:06] [423/459] CXST
[10:14:07] [424/459] MATN
[10:14:08] [425/459] MACZ
[10:14:08] [426/459] MASA
[10:14:09] [427/459] MBSX
[10:14:10] [428/459] CSST
[10:14:11] [429/459] APCL
[10:14:12] [430/459] CGOS
[10:14:12] [431/459] CPEC
[10:14:13] [432/459] MCCP
[10:14:14] [433/459] BSSO
[10:14:15] [434/459] SJKA
[10:14:16] [435/459] CGBO
[10:14:17] [436/459] MVSK
[10:14:17] [437/459] HVCA
[10:14:18] [438/459] NAMD
[10:14:19] [439/459] DEVI
[10:14:20] [440/459] SCSV
[10:14:21] [441/459] PSMA
[10:14:22] [442/459] CLDJ
[10:14:22] [443/459] NMAD
[10:14:23] [444/459] CGMO
[10:14:24] [445/459] MCNA
[10:14:25] [446/459] OCBN
[10:14:26] [447/459] CPEM
[10:14:26] [448/459] CPSM
[10:14:27] [449/459] RCAD
[10:14:28] [450/459] CPMU
[10:14:29] [451/459] DICD
[10:14:29] [452/459] CHOE
[10:14:30] [453/459] PDJM
[10:14:32] [454/459] SSTU
[10:14:32] [455/459] VNRN
[10:14:33] [456/459] PVLG
[10:14:33] [457/459] SWBL
[10:14:34] [458/459] SCAB
[10:14:35] [459/459] RDDA
[10:14:36] 🧹 Deduping shows
[10:14:36] ✅ DONE | Shows=107 | Movies=26
