[10:09:24] 🚀 SCRIPT STARTED
[10:09:24] [1/296] CDCA
[10:09:24] 🧠 New identity created
[10:09:25] [2/296] MNSR
[10:09:26] [3/296] CSSL
[10:09:27] [4/296] BGGM
[10:09:28] [5/296] MANT
[10:09:28] [6/296] SOOY
[10:09:29] [7/296] VPPK
[10:09:30] [8/296] MYHJ
[10:09:31] [9/296] KSCK
[10:09:32] [10/296] KATK
[10:09:32] [11/296] RTRT
[10:09:33] [12/296] SSTT
[10:09:35] [13/296] SSTV
[10:09:35] [14/296] LACM
[10:09:37] [15/296] SGMG
[10:09:37] [16/296] KACX
[10:09:38] [17/296] GVCP
[10:09:39] [18/296] CSNC
[10:09:40] [19/296] SXCB
[10:09:41] [20/296] BAHS
[10:09:41] [21/296] PCBI
[10:09:42] [22/296] PSSM
[10:09:43] [23/296] RCOK
[10:09:44] [24/296] SCPF
[10:09:45] [25/296] SSAS
[10:09:46] [26/296] EVMM
[10:09:47] [27/296] SYCB
[10:09:48] [28/296] GCKI
[10:09:49] [29/296] IAET
[10:09:50] [30/296] DDTD
[10:09:51] [31/296] GMDH
[10:09:51] [32/296] STLE
[10:09:52] [33/296] JTRA
[10:09:53] [34/296] RPPA
[10:09:54] [35/296] ARUT
[10:09:56] [36/296] JTVM
[10:09:57] [37/296] SWRH
[10:09:57] [38/296] DCPC
[10:09:58] [39/296] RAPR
[10:09:59] [40/296] GCRT
[10:10:00] [41/296] ATUN
[10:10:01] [42/296] LTRM
[10:10:02] [43/296] TASR
[10:10:04] [44/296] RLLC
[10:10:05] [45/296] MABI
[10:10:06] [46/296] SVHB
[10:10:06] [47/296] NVTB
[10:10:08] [48/296] KCKG
[10:10:08] [49/296] SSRN
[10:10:09] [50/296] VDDC
[10:10:11] [51/296] GKTK
[10:10:12] [52/296] YFSN
[10:10:12] [53/296] GCSG
[10:10:13] [54/296] ESSM
[10:10:14] [55/296] KRIH
[10:10:15] [56/296] GCDS
[10:10:16] [57/296] CCSH
[10:10:17] [58/296] ACSK
[10:10:18] [59/296] APRK
[10:10:18] [60/296] ADKM
[10:10:20] [61/296] SRDM
[10:10:21] [62/296] RMOG
[10:10:22] [63/296] SJMY
[10:10:22] [64/296] PGGC
[10:10:23] [65/296] INGM
[10:10:24] [66/296] LSCB
[10:10:25] [67/296] STAD
[10:10:26] [68/296] MCCR
[10:10:27] [69/296] ABCC
[10:10:28] [70/296] RKCC
[10:10:29] [71/296] RTCR
[10:10:29] [72/296] GGBC
[10:10:30] [73/296] GCSD
[10:10:31] [74/296] LPTY
[10:10:33] [75/296] MCFD
[10:10:33] [76/296] HENN
[10:10:34] [77/296] SMKU
[10:10:36] [78/296] TNZC
[10:10:37] [79/296] DRCD
[10:10:38] [80/296] DLCD
[10:10:38] [81/296] RCDA
[10:10:39] [82/296] COSM
[10:10:40] [83/296] MCMJ
[10:10:41] [84/296] CSTR
[10:10:42] [85/296] CVDK
[10:10:42] [86/296] INRR
[10:10:43] [87/296] RJRT
[10:10:44] [88/296] IRMR
[10:10:45] [89/296] SRCF
[10:10:46] [90/296] GRCR
[10:10:47] [91/296] SURC
[10:10:48] [92/296] NMNH
[10:10:49] [93/296] SVBL
[10:10:50] [94/296] KACI
[10:10:51] [95/296] TDGO
[10:10:51] [96/296] KTBR
[10:10:52] [97/296] PMAD
[10:10:53] [98/296] CCPN
[10:10:54] [99/296] SBTK
[10:10:55] [100/296] LMDK
[10:10:56] [101/296] PGDA
[10:10:57] [102/296] SRML
[10:10:58] [103/296] EVCK
[10:10:59] [104/296] RTTK
[10:10:59] [105/296] SRTU
[10:11:00] [106/296] VRSA
[10:11:01] [107/296] VARS
[10:11:02] [108/296] DSCZ
[10:11:03] [109/296] GAGA
[10:11:04] [110/296] SARV
[10:11:04] [111/296] SEEG
[10:11:05] [112/296] GLCA
[10:11:06] [113/296] APAS
[10:11:07] [114/296] VCIA
[10:11:08] [115/296] SJTA
[10:11:09] [116/296] SABM
[10:11:09] [117/296] PPAG
[10:11:10] [118/296] RVCA
[10:11:11] [119/296] CCIA
[10:11:12] [120/296] HTAG
[10:11:13] [121/296] SMBI
[10:11:14] [122/296] MCJR
[10:11:14] [123/296] CCJR
[10:11:15] [124/296] SINF
[10:11:16] [125/296] CPLX
[10:11:17] [126/296] KKTJ
[10:11:18] [127/296] GDBW
[10:11:19] [128/296] CSUB
[10:11:20] [129/296] DABA
[10:11:21] [130/296] TITR
[10:11:22] [131/296] NYCR
[10:11:22] [132/296] RTRY
[10:11:23] [133/296] JTJL
[10:11:24] [134/296] SJCP
[10:11:25] [135/296] KCCA
[10:11:26] [136/296] MLPG
[10:11:27] [137/296] VRCK
[10:11:28] [138/296] SRIN
[10:11:29] [139/296] CXMK
[10:11:30] [140/296] SKAD
[10:11:30] [141/296] AVTR
[10:11:31] [142/296] PTAJ
[10:11:32] [143/296] SCNK
[10:11:32] [144/296] STTI
[10:11:34] [145/296] KACR
[10:11:34] [146/296] SSDX
[10:11:35] [147/296] VRTJ
[10:11:36] [148/296] RAJD
[10:11:37] [149/296] SCIP
[10:11:38] [150/296] RJSL
[10:11:39] [151/296] ARRS
[10:11:40] [152/296] ASMS
[10:11:40] [153/296] RDTS
[10:11:41] [154/296] DVMY
[10:11:42] [155/296] RASA
[10:11:43] [156/296] INOM
[10:11:45] [157/296] SPRS
[10:11:45] [158/296] SGCS
[10:11:46] [159/296] SALM
[10:11:47] [160/296] PKHC
[10:11:48] [161/296] RCSV
[10:11:49] [162/296] CPKC
[10:11:50] [163/296] AACD
[10:11:51] [164/296] GGCV
[10:11:51] [165/296] SMKD
[10:11:52] [166/296] NBCH
[10:11:53] [167/296] AMCB
[10:11:54] [168/296] OPCN
[10:11:55] [169/296] DCIN
[10:11:56] [170/296] INGW
[10:11:57] [171/296] PKKW
[10:11:57] [172/296] FNGW
[10:11:58] [173/296] GCGD
[10:11:59] [174/296] MSTW
[10:12:00] [175/296] KCCG
[10:12:00] [176/296] MRSS
[10:12:01] [177/296] CLCF
[10:12:02] [178/296] EETS
[10:12:03] [179/296] AATR
[10:12:04] [180/296] CMMN
[10:12:05] [181/296] SCCJ
[10:12:06] [182/296] CDTK
[10:12:06] [183/296] AICP
[10:12:07] [184/296] FNBP
[10:12:08] [185/296] CBPB
[10:12:09] [186/296] CPAS
[10:12:10] [187/296] MAPM
[10:12:11] [188/296] PASD
[10:12:12] [189/296] JCMN
[10:12:13] [190/296] MALB
[10:12:14] [191/296] SACG
[10:12:15] [192/296] DDRX
[10:12:16] [193/296] DDXB
[10:12:17] [194/296] RAMC
[10:12:18] [195/296] SANC
[10:12:19] [196/296] BCBP
[10:12:19] [197/296] ALPC
[10:12:21] [198/296] RBAC
[10:12:22] [199/296] RAJL
[10:12:23] [200/296] MPDX
[10:12:24] [201/296] MUSC
[10:12:25] [202/296] VKMK
[10:12:26] [203/296] SKCG
[10:12:27] [204/296] ANCN
[10:12:28] [205/296] MMCJ
[10:12:28] [206/296] DCAK
[10:12:30] [207/296] SCKG
[10:12:31] [208/296] LMCK
[10:12:31] [209/296] CKKX
[10:12:32] [210/296] ANKU
[10:12:33] [211/296] CSMD
[10:12:34] [212/296] MKMP
[10:12:35] [213/296] SVBG
[10:12:36] [214/296] ROOP
[10:12:37] [215/296] GDMT
[10:12:38] [216/296] FPPF
[10:12:39] [217/296] SFUU
[10:12:40] [218/296] ANCB
[10:12:41] [219/296] SMMC
[10:12:42] [220/296] UGKT
[10:12:42] [221/296] JVRM
[10:12:44] [222/296] BATG
[10:12:45] [223/296] RATE
[10:12:46] [224/296] SKME
[10:12:47] [225/296] LMTP
[10:12:48] [226/296] TCBD
[10:12:48] [227/296] ESBD
[10:12:49] [228/296] GDCU
[10:12:50] [229/296] SNKT
[10:12:51] [230/296] SRNK
[10:12:52] [231/296] SMED
[10:12:54] [232/296] CSQS
[10:12:54] [233/296] ALCS
[10:12:55] [234/296] KCKN
[10:12:56] [235/296] VCCL
[10:12:57] [236/296] MCDA
[10:12:58] [237/296] SHMI
[10:12:59] [238/296] SKHA
[10:12:59] [239/296] SVFK
[10:13:00] [240/296] INVB
[10:13:01] [241/296] MELD
[10:13:02] [242/296] JTYS
[10:13:03] [243/296] INCM
[10:13:04] [244/296] MCDV
[10:13:05] [245/296] KSGK
[10:13:05] [246/296] ICMG
[10:13:06] [247/296] CSCV
[10:13:08] [248/296] STMD
[10:13:09] [249/296] STTR
[10:13:09] [250/296] INVC
[10:13:10] [251/296] JTBL
[10:13:11] [252/296] SRVV
[10:13:12] [253/296] MAVC
[10:13:13] [254/296] SRPP
[10:13:14] [255/296] JGDM
[10:13:15] [256/296] MBSJ
[10:13:15] [257/296] SSLL
[10:13:16] [258/296] SLKP
[10:13:17] [259/296] NSRV
[10:13:18] [260/296] UTDV
[10:13:19] [261/296] KICM
[10:13:19] [262/296] KCMD
[10:13:20] [263/296] TTPP
[10:13:21] [264/296] KMPV
[10:13:22] [265/296] SKTV
[10:13:23] [266/296] STCV
[10:13:23] [267/296] SRDA
[10:13:24] [268/296] JTSX
[10:13:25] [269/296] STBV
[10:13:26] [270/296] APVZ
[10:13:27] [271/296] GSTV
[10:13:28] [272/296] NMVS
[10:13:29] [273/296] SKRT
[10:13:29] [274/296] RMDV
[10:13:30] [275/296] RATG
[10:13:31] [276/296] SJYV
[10:13:32] [277/296] NDGP
[10:13:33] [278/296] SNDG
[10:13:34] [279/296] INSR
[10:13:35] [280/296] INSO
[10:13:36] [281/296] CCSI
[10:13:37] [282/296] RASM
[10:13:38] [283/296] NEWC
[10:13:38] [284/296] VSHL
[10:13:39] [285/296] BISW
[10:13:40] [286/296] GCNG
[10:13:41] [287/296] CWSC
[10:13:42] [288/296] SKAN
[10:13:42] [289/296] SEHP
[10:13:43] [290/296] CCOA
[10:13:44] [291/296] MCAJ
[10:13:45] [292/296] ACDE
[10:13:46] [293/296] AACM
[10:13:47] [294/296] JJCK
[10:13:48] [295/296] RCMO
[10:13:49] [296/296] GDAW
[10:13:50] 🧹 Deduping shows
[10:13:50] ✅ DONE | Shows=76 | Movies=12
