[10:09:01] 🚀 SCRIPT STARTED
[10:09:01] [1/324] GCTA
[10:09:01] 🧠 New identity created
[10:09:02] [2/324] TOPN
[10:09:03] [3/324] MCUS
[10:09:04] [4/324] SHRL
[10:09:04] [5/324] UPTP
[10:09:05] [6/324] TMMP
[10:09:06] [7/324] DNRP
[10:09:07] [8/324] SRLT
[10:09:08] [9/324] RCNS
[10:09:09] [10/324] DCBH
[10:09:10] [11/324] NAGJ
[10:09:11] [12/324] JVRC
[10:09:12] [13/324] KRJG
[10:09:13] [14/324] SRTJ
[10:09:14] [15/324] CMXM
[10:09:15] [16/324] STMI
[10:09:15] [17/324] SLST
[10:09:16] [18/324] DTCN
[10:09:17] [19/324] STYN
[10:09:18] [20/324] SZVR
[10:09:18] [21/324] SRKO
[10:09:19] [22/324] JTGT
[10:09:20] [23/324] SVFD
[10:09:21] [24/324] SISD
[10:09:22] [25/324] ABDD
[10:09:23] [26/324] DRCA
[10:09:24] [27/324] AVCS
[10:09:25] [28/324] MVKH
[10:09:25] [29/324] ACPR
[10:09:26] [30/324] STIP
[10:09:27] [31/324] MTRA
[10:09:28] [32/324] RMKH
[10:09:28] [33/324] NKRL
[10:09:29] [34/324] PCWN
[10:09:30] [35/324] BLMT
[10:09:31] [36/324] GDPG
[10:09:32] [37/324] SRMX
[10:09:32] [38/324] JACP
[10:09:33] [39/324] CPSH
[10:09:34] [40/324] MCCD
[10:09:35] [41/324] ECGH
[10:09:36] [42/324] MKCK
[10:09:36] [43/324] SRMM
[10:09:37] [44/324] SKYR
[10:09:38] [45/324] PCKC
[10:09:39] [46/324] JCMA
[10:09:40] [47/324] BSMP
[10:09:41] [48/324] VSPA
[10:09:42] [49/324] DJYA
[10:09:42] [50/324] DIMP
[10:09:43] [51/324] FXDR
[10:09:44] [52/324] SSRC
[10:09:45] [53/324] STHP
[10:09:45] [54/324] CPPD
[10:09:46] [55/324] FCLK
[10:09:47] [56/324] SCPP
[10:09:49] [57/324] DCMJ
[10:09:49] [58/324] RCCR
[10:09:50] [59/324] INMT
[10:09:51] [60/324] LXTK
[10:09:52] [61/324] SRYK
[10:09:52] [62/324] SGDK
[10:09:53] [63/324] PPKA
[10:09:54] [64/324] SPKA
[10:09:55] [65/324] CGHH
[10:09:56] [66/324] DCJN
[10:09:56] [67/324] SRKV
[10:09:57] [68/324] SAJC
[10:09:58] [69/324] SUSR
[10:09:59] [70/324] STYG
[10:10:00] [71/324] NTKP
[10:10:01] [72/324] AKTG
[10:10:02] [73/324] CGCM
[10:10:03] [74/324] TULC
[10:10:03] [75/324] NYYZ
[10:10:04] [76/324] NYBW
[10:10:05] [77/324] MACB
[10:10:06] [78/324] SLVT
[10:10:07] [79/324] SANA
[10:10:07] [80/324] ACMR
[10:10:08] [81/324] CPKN
[10:10:09] [82/324] DLGK
[10:10:10] [83/324] CWCK
[10:10:10] [84/324] FDDH
[10:10:11] [85/324] MMMD
[10:10:12] [86/324] CMEH
[10:10:13] [87/324] GGGV
[10:10:14] [88/324] SPJL
[10:10:15] [89/324] RCCD
[10:10:16] [90/324] STTZ
[10:10:17] [91/324] BTCF
[10:10:17] [92/324] TSTZ
[10:10:18] [93/324] IPMM
[10:10:19] [94/324] PMPW
[10:10:20] [95/324] PCMZ
[10:10:20] [96/324] ESEM
[10:10:21] [97/324] PIPO
[10:10:22] [98/324] MATK
[10:10:23] [99/324] PGHM
[10:10:24] [100/324] CTSR
[10:10:25] [101/324] CYKR
[10:10:26] [102/324] MSCM
[10:10:26] [103/324] RFNP
[10:10:27] [104/324] PDCP
[10:10:28] [105/324] NPSE
[10:10:29] [106/324] MKML
[10:10:30] [107/324] FTDP
[10:10:30] [108/324] MMXA
[10:10:31] [109/324] CEPO
[10:10:32] [110/324] CMVP
[10:10:33] [111/324] SGTH
[10:10:34] [112/324] SAYN
[10:10:34] [113/324] URVS
[10:10:35] [114/324] VJTN
[10:10:36] [115/324] BBYK
[10:10:37] [116/324] SHBO
[10:10:37] [117/324] VCMR
[10:10:38] [118/324] MACT
[10:10:39] [119/324] JMNP
[10:10:40] [120/324] VICS
[10:10:40] [121/324] VCDA
[10:10:41] [122/324] GCMM
[10:10:42] [123/324] INVS
[10:10:42] [124/324] SCGM
[10:10:43] [125/324] PCDA
[10:10:44] [126/324] KDCT
[10:10:44] [127/324] JACS
[10:10:45] [128/324] GMMC
[10:10:46] [129/324] AICM
[10:10:47] [130/324] TJCM
[10:10:47] [131/324] RMTI
[10:10:48] [132/324] SHAC
[10:10:49] [133/324] APJC
[10:10:50] [134/324] GCTG
[10:10:51] [135/324] SSMC
[10:10:51] [136/324] THRM
[10:10:52] [137/324] RBCT
[10:10:53] [138/324] DIKT
[10:10:54] [139/324] MIDL
[10:10:55] [140/324] VCSN
[10:10:55] [141/324] SKTG
[10:10:56] [142/324] SMWC
[10:10:57] [143/324] MNKH
[10:10:58] [144/324] PIAT
[10:10:59] [145/324] LTTP
[10:11:00] [146/324] PTPU
[10:11:01] [147/324] ACMG
[10:11:01] [148/324] SHMM
[10:11:02] [149/324] MCMN
[10:11:03] [150/324] GLDC
[10:11:04] [151/324] HOUT
[10:11:05] [152/324] SVRP
[10:11:06] [153/324] PVDN
[10:11:07] [154/324] SCPY
[10:11:08] [155/324] DTPY
[10:11:08] [156/324] GKCS
[10:11:09] [157/324] NCAM
[10:11:10] [158/324] BSRM
[10:11:11] [159/324] RCLC
[10:11:12] [160/324] SKKD
[10:11:13] [161/324] ACHU
[10:11:14] [162/324] RSCF
[10:11:15] [163/324] IMSH
[10:11:16] [164/324] MACX
[10:11:17] [165/324] HMMW
[10:11:18] [166/324] JTCP
[10:11:18] [167/324] SREN
[10:11:19] [168/324] PJRR
[10:11:20] [169/324] INAC
[10:11:21] [170/324] BMCA
[10:11:22] [171/324] SHCB
[10:11:23] [172/324] GABA
[10:11:23] [173/324] SBCT
[10:11:24] [174/324] GCMA
[10:11:25] [175/324] MYTK
[10:11:26] [176/324] INZS
[10:11:27] [177/324] RMIK
[10:11:28] [178/324] NYCH
[10:11:29] [179/324] RAVE
[10:11:30] [180/324] PSXM
[10:11:31] [181/324] MCGP
[10:11:32] [182/324] PDDK
[10:11:33] [183/324] SPCK
[10:11:34] [184/324] MCRL
[10:11:35] [185/324] MHKT
[10:11:35] [186/324] ANRR
[10:11:36] [187/324] SAPK
[10:11:37] [188/324] NCUK
[10:11:38] [189/324] JUGA
[10:11:39] [190/324] DBSC
[10:11:40] [191/324] LALK
[10:11:41] [192/324] GUCK
[10:11:42] [193/324] STSG
[10:11:43] [194/324] PPPZ
[10:11:44] [195/324] CNCY
[10:11:45] [196/324] MTAR
[10:11:45] [197/324] VNKD
[10:11:46] [198/324] KMAJ
[10:11:47] [199/324] ACXK
[10:11:48] [200/324] UTKC
[10:11:49] [201/324] PBLK
[10:11:49] [202/324] ACBX
[10:11:50] [203/324] PTGM
[10:11:51] [204/324] BTDA
[10:11:52] [205/324] PJMB
[10:11:53] [206/324] TPDA
[10:11:53] [207/324] AMOE
[10:11:54] [208/324] PRHT
[10:11:55] [209/324] PRTA
[10:11:56] [210/324] STAM
[10:11:57] [211/324] MSAA
[10:11:57] [212/324] SDLU
[10:11:58] [213/324] RCHH
[10:11:59] [214/324] KANT
[10:12:00] [215/324] FCRT
[10:12:01] [216/324] DNKM
[10:12:02] [217/324] RYCP
[10:12:03] [218/324] MYRP
[10:12:04] [219/324] PPAK
[10:12:05] [220/324] NVPK
[10:12:05] [221/324] PRMC
[10:12:06] [222/324] JBCS
[10:12:07] [223/324] GXCK
[10:12:08] [224/324] USKO
[10:12:09] [225/324] GTEM
[10:12:10] [226/324] SMBU
[10:12:10] [227/324] VETC
[10:12:11] [228/324] LCDA
[10:12:12] [229/324] MTVT
[10:12:13] [230/324] PYCP
[10:12:14] [231/324] PNSC
[10:12:15] [232/324] PPCC
[10:12:16] [233/324] TGRT
[10:12:17] [234/324] JYOT
[10:12:17] [235/324] SRCZ
[10:12:19] [236/324] SJTE
[10:12:20] [237/324] DESC
[10:12:20] [238/324] JHVN
[10:12:22] [239/324] IPSG
[10:12:23] [240/324] IPCM
[10:12:24] [241/324] PDRS
[10:12:25] [242/324] ANCV
[10:12:25] [243/324] CMVV
[10:12:26] [244/324] SHYP
[10:12:27] [245/324] DNCS
[10:12:28] [246/324] GAJK
[10:12:29] [247/324] AKTN
[10:12:29] [248/324] KAYA
[10:12:30] [249/324] SBRC
[10:12:31] [250/324] CHTP
[10:12:32] [251/324] SHRT
[10:12:33] [252/324] BCKU
[10:12:33] [253/324] FCPS
[10:12:34] [254/324] ARDD
[10:12:35] [255/324] CPCM
[10:12:36] [256/324] CGSM
[10:12:37] [257/324] PSMP
[10:12:37] [258/324] SDAL
[10:12:39] [259/324] RTNB
[10:12:40] [260/324] LMCR
[10:12:41] [261/324] CIMA
[10:12:42] [262/324] RNAS
[10:12:43] [263/324] LITH
[10:12:43] [264/324] PBOX
[10:12:44] [265/324] FRTS
[10:12:45] [266/324] RKIC
[10:12:46] [267/324] PTAI
[10:12:47] [268/324] GCIC
[10:12:47] [269/324] FNAS
[10:12:48] [270/324] SCAR
[10:12:49] [271/324] MTCA
[10:12:51] [272/324] SCTS
[10:12:51] [273/324] SYCS
[10:12:52] [274/324] RDMS
[10:12:53] [275/324] KAMP
[10:12:53] [276/324] ERSD
[10:12:54] [277/324] MJMJ
[10:12:55] [278/324] SRCJ
[10:12:56] [279/324] SCXE
[10:12:57] [280/324] SVFR
[10:12:58] [281/324] BHCS
[10:12:58] [282/324] IMCC
[10:12:59] [283/324] PCBO
[10:13:00] [284/324] PRVN
[10:13:01] [285/324] AUPM
[10:13:02] [286/324] INBW
[10:13:02] [287/324] SVCW
[10:13:03] [288/324] RKCF
[10:13:05] [289/324] UVBH
[10:13:06] [290/324] DNCY
[10:13:07] [291/324] ABCN
[10:13:07] [292/324] PRUR
[10:13:08] [293/324] PFMR
[10:13:09] [294/324] RKCN
[10:13:10] [295/324] CFEA
[10:13:11] [296/324] SDBG
[10:13:12] [297/324] SNAR
[10:13:13] [298/324] YISI
[10:13:14] [299/324] JCFF
[10:13:15] [300/324] VTRK
[10:13:15] [301/324] PCLZ
[10:13:16] [302/324] DIMY
[10:13:17] [303/324] BBTS
[10:13:18] [304/324] GATH
[10:13:19] [305/324] GTMN
[10:13:20] [306/324] VTMH
[10:13:21] [307/324] CCKP
[10:13:22] [308/324] GPKA
[10:13:22] [309/324] MHCL
[10:13:23] [310/324] ATCL
[10:13:24] [311/324] SBCK
[10:13:25] [312/324] AMMR
[10:13:25] [313/324] MADC
[10:13:26] [314/324] TMMA
[10:13:27] [315/324] CACC
[10:13:28] [316/324] CHAL
[10:13:28] [317/324] DURG
[10:13:29] [318/324] GMKU
[10:13:30] [319/324] GECA
[10:13:31] [320/324] KYRR
[10:13:32] [321/324] KSDE
[10:13:33] [322/324] LMCI
[10:13:34] [323/324] NKCP
[10:13:35] [324/324] BGTC
[10:13:35] 🧹 Deduping shows
[10:13:35] ✅ DONE | Shows=111 | Movies=20
