[10:11:39] 🚀 SCRIPT STARTED
[10:11:39] [1/445] TGMR
[10:11:39] 🧠 New identity created
[10:11:40] [2/445] CXKR
[10:11:40] [3/445] SROP
[10:11:41] [4/445] GTSV
[10:11:42] [5/445] SNTY
[10:11:42] [6/445] SMYY
[10:11:43] [7/445] CNCS
[10:11:44] [8/445] CSTM
[10:11:44] [9/445] NUCD
[10:11:45] [10/445] SHCZ
[10:11:45] [11/445] NJCT
[10:11:46] [12/445] COPC
[10:11:46] [13/445] STVV
[10:11:47] [14/445] SKRN
[10:11:47] [15/445] APPZ
[10:11:48] [16/445] YMGN
[10:11:48] [17/445] SVTU
[10:11:49] [18/445] GTAD
[10:11:50] [19/445] PSUS
[10:11:50] [20/445] SMCD
[10:11:51] [21/445] CMCM
[10:11:51] [22/445] SYCT
[10:11:52] [23/445] STLY
[10:11:53] [24/445] CMHU
[10:11:53] [25/445] CMSA
[10:11:54] [26/445] CLCU
[10:11:55] [27/445] PPNT
[10:11:55] [28/445] JTAB
[10:11:56] [29/445] BUUC
[10:11:57] [30/445] BSVK
[10:11:57] [31/445] VVVQ
[10:11:58] [32/445] TKMU
[10:11:58] [33/445] ESYL
[10:11:59] [34/445] ACHP
[10:11:59] [35/445] BTKD
[10:12:00] [36/445] DESA
[10:12:01] [37/445] GBCT
[10:12:02] [38/445] BLLD
[10:12:02] [39/445] SKNT
[10:12:03] [40/445] SSTE
[10:12:04] [41/445] VJMR
[10:12:04] [42/445] NTPU
[10:12:05] [43/445] RDKN
[10:12:05] [44/445] ADGC
[10:12:06] [45/445] VRBP
[10:12:06] [46/445] NMNA
[10:12:07] [47/445] CMMX
[10:12:08] [48/445] PTKO
[10:12:08] [49/445] RBML
[10:12:09] [50/445] SAIC
[10:12:10] [51/445] SVTJ
[10:12:10] [52/445] MRTE
[10:12:11] [53/445] RBTP
[10:12:11] [54/445] NLPS
[10:12:12] [55/445] GTNA
[10:12:12] [56/445] DGGC
[10:12:12] [57/445] SMCR
[10:12:13] [58/445] SCGD
[10:12:14] [59/445] SRRJ
[10:12:14] [60/445] CNRY
[10:12:15] [61/445] KTDI
[10:12:16] [62/445] SNJL
[10:12:16] [63/445] RKMD
[10:12:17] [64/445] SMDC
[10:12:17] [65/445] TADG
[10:12:18] [66/445] MCGS
[10:12:18] [67/445] PETK
[10:12:19] [68/445] CHAG
[10:12:20] [69/445] KSTL
[10:12:20] [70/445] AADS
[10:12:21] [71/445] NTHZ
[10:12:21] [72/445] HCKI
[10:12:22] [73/445] SSEF
[10:12:22] [74/445] MCGX
[10:12:23] [75/445] ERRA
[10:12:23] [76/445] SDTW
[10:12:24] [77/445] RMPK
[10:12:24] [78/445] PTHK
[10:12:25] [79/445] PXCS
[10:12:26] [80/445] SVLU
[10:12:26] [81/445] STAH
[10:12:27] [82/445] JRGF
[10:12:27] [83/445] CDOK
[10:12:28] [84/445] CMSG
[10:12:29] [85/445] APTD
[10:12:29] [86/445] KMPG
[10:12:30] [87/445] MUTJ
[10:12:31] [88/445] VCCI
[10:12:31] [89/445] URBE
[10:12:32] [90/445] TCTS
[10:12:32] [91/445] STSN
[10:12:33] [92/445] AKCH
[10:12:33] [93/445] APSC
[10:12:34] [94/445] VLTB
[10:12:35] [95/445] SANU
[10:12:35] [96/445] AXAM
[10:12:36] [97/445] MGMG
[10:12:36] [98/445] HTBY
[10:12:37] [99/445] MMZS
[10:12:38] [100/445] SUDR
[10:12:39] [101/445] CCAD
[10:12:39] [102/445] SKKC
[10:12:40] [103/445] RMCD
[10:12:40] [104/445] SBCQ
[10:12:41] [105/445] DCCT
[10:12:41] [106/445] VTKP
[10:12:42] [107/445] MLAM
[10:12:43] [108/445] SAVT
[10:12:43] [109/445] GEPL
[10:12:44] [110/445] AMCD
[10:12:45] [111/445] CCXR
[10:12:45] [112/445] GRNG
[10:12:46] [113/445] EBCA
[10:12:47] [114/445] CNVG
[10:12:47] [115/445] MWSS
[10:12:48] [116/445] VBOR
[10:12:49] [117/445] NEEB
[10:12:49] [118/445] SUTH
[10:12:50] [119/445] ANDB
[10:12:50] [120/445] MMXS
[10:12:51] [121/445] CNPD
[10:12:51] [122/445] SDCE
[10:12:52] [123/445] DHCB
[10:12:52] [124/445] ODEN
[10:12:53] [125/445] TNTC
[10:12:53] [126/445] VBKM
[10:12:54] [127/445] RZYM
[10:12:55] [128/445] JEMC
[10:12:55] [129/445] CMAU
[10:12:56] [130/445] SIVP
[10:12:56] [131/445] ATAG
[10:12:57] [132/445] CHTM
[10:12:58] [133/445] AAEE
[10:12:58] [134/445] IWPM
[10:12:59] [135/445] KCMW
[10:12:59] [136/445] MCTD
[10:13:00] [137/445] SPWR
[10:13:00] [138/445] SDPO
[10:13:01] [139/445] PCSK
[10:13:02] [140/445] ACHV
[10:13:02] [141/445] SVLA
[10:13:03] [142/445] PICT
[10:13:03] [143/445] BXDR
[10:13:04] [144/445] SPWA
[10:13:05] [145/445] MCKO
[10:13:05] [146/445] RTHK
[10:13:06] [147/445] CCMF
[10:13:06] [148/445] MRGB
[10:13:07] [149/445] CPLC
[10:13:07] [150/445] RACD
[10:13:08] [151/445] ATKT
[10:13:08] [152/445] SARN
[10:13:09] [153/445] KKUI
[10:13:10] [154/445] RGCM
[10:13:10] [155/445] BRVP
[10:13:12] [156/445] HRSR
[10:13:13] [157/445] GKGM
[10:13:14] [158/445] TTCD
[10:13:15] [159/445] PTTI
[10:13:16] [160/445] MPTT
[10:13:17] [161/445] CVTT
[10:13:17] [162/445] PCXD
[10:13:19] [163/445] GCDC
[10:13:20] [164/445] CCCF
[10:13:21] [165/445] MRAD
[10:13:22] [166/445] CPLK
[10:13:23] [167/445] SATB
[10:13:24] [168/445] SNVG
[10:13:25] [169/445] JMBA
[10:13:26] [170/445] TEJA
[10:13:27] [171/445] STYO
[10:13:28] [172/445] JTBP
[10:13:29] [173/445] KRGD
[10:13:29] [174/445] SLJJ
[10:13:31] [175/445] SPTJ
[10:13:31] [176/445] SWJG
[10:13:32] [177/445] LKRT
[10:13:33] [178/445] KCKA
[10:13:34] [179/445] SNCR
[10:13:34] [180/445] SMKL
[10:13:35] [181/445] GCFA
[10:13:36] [182/445] DDCK
[10:13:37] [183/445] NCHJ
[10:13:38] [184/445] RDMA
[10:13:39] [185/445] SVSV
[10:13:40] [186/445] SCJG
[10:13:40] [187/445] VKLP
[10:13:41] [188/445] NWCC
[10:13:42] [189/445] VKNS
[10:13:43] [190/445] SDDP
[10:13:44] [191/445] ACSI
[10:13:44] [192/445] SATG
[10:13:45] [193/445] SCMW
[10:13:45] [194/445] LKTK
[10:13:47] [195/445] VCKV
[10:13:48] [196/445] KKPE
[10:13:49] [197/445] KIGH
[10:13:50] [198/445] SRPM
[10:13:52] [199/445] SCAH
[10:13:52] [200/445] MUTA
[10:13:53] [201/445] SEPU
[10:13:54] [202/445] INOA
[10:13:55] [203/445] BASK
[10:13:55] [204/445] NECB
[10:13:56] [205/445] GTTG
[10:13:57] [206/445] ASSA
[10:13:58] [207/445] ANCL
[10:13:59] [208/445] GCTI
[10:13:59] [209/445] RCTS
[10:14:00] [210/445] ACNL
[10:14:01] [211/445] MYCT
[10:14:02] [212/445] NMHT
[10:14:04] [213/445] MDIT
[10:14:04] [214/445] LATG
[10:14:05] [215/445] SMTY
[10:14:06] [216/445] CVCT
[10:14:07] [217/445] RAMB
[10:14:07] [218/445] TGMS
[10:14:08] [219/445] BHEL
[10:14:09] [220/445] SHCT
[10:14:09] [221/445] SVCT
[10:14:10] [222/445] MRIY
[10:14:11] [223/445] SARO
[10:14:12] [224/445] STCT
[10:14:13] [225/445] JKKC
[10:14:14] [226/445] PLTT
[10:14:15] [227/445] SRNT
[10:14:16] [228/445] YAST
[10:14:16] [229/445] PERL
[10:14:17] [230/445] CICM
[10:14:18] [231/445] MMTR
[10:14:19] [232/445] ABTK
[10:14:19] [233/445] ATYY
[10:14:20] [234/445] ASTK
[10:14:21] [235/445] VVCK
[10:14:22] [236/445] ATKY
[10:14:23] [237/445] GWEK
[10:14:23] [238/445] SVFH
[10:14:24] [239/445] SLTA
[10:14:25] [240/445] AASH
[10:14:26] [241/445] ACXB
[10:14:26] [242/445] SMTX
[10:14:28] [243/445] AZDH
[10:14:29] [244/445] CMMH
[10:14:29] [245/445] SCSZ
[10:14:30] [246/445] SCKP
[10:14:31] [247/445] NXTM
[10:14:32] [248/445] NWCS
[10:14:33] [249/445] CXMH
[10:14:34] [250/445] PCMA
[10:14:34] [251/445] SGCM
[10:14:35] [252/445] SDTU
[10:14:36] [253/445] MMVI
[10:14:37] [254/445] JKCM
[10:14:38] [255/445] VCMM
[10:14:39] [256/445] SYEE
[10:14:39] [257/445] VASD
[10:14:40] [258/445] BDRB
[10:14:41] [259/445] LASM
[10:14:42] [260/445] DCRL
[10:14:43] [261/445] DVPM
[10:14:44] [262/445] SBMJ
[10:14:46] [263/445] CBMU
[10:14:47] [264/445] IUBS
[10:14:47] [265/445] INAP
[10:14:48] [266/445] SRRC
[10:14:49] [267/445] SAGR
[10:14:50] [268/445] CPMJ
[10:14:50] [269/445] ATJL
[10:14:51] [270/445] NNTD
[10:14:52] [271/445] JHCJ
[10:14:53] [272/445] CMMP
[10:14:54] [273/445] RSDR
[10:14:55] [274/445] AMTI
[10:14:56] [275/445] NYSG
[10:14:56] [276/445] AVSG
[10:14:57] [277/445] SYTP
[10:14:58] [278/445] LARC
[10:14:59] [279/445] RJTP
[10:15:00] [280/445] LAKC
[10:15:01] [281/445] MCXE
[10:15:01] [282/445] CCZC
[10:15:03] [283/445] AVCH
[10:15:04] [284/445] CMBE
[10:15:04] [285/445] MRRC
[10:15:05] [286/445] PCPY
[10:15:06] [287/445] SRMH
[10:15:07] [288/445] SVGS
[10:15:08] [289/445] PCSE
[10:15:09] [290/445] SVFT
[10:15:09] [291/445] TNZP
[10:15:10] [292/445] ICTP
[10:15:11] [293/445] ACTZ
[10:15:11] [294/445] GTUR
[10:15:12] [295/445] MAFC
[10:15:13] [296/445] MINL
[10:15:13] [297/445] MRCL
[10:15:14] [298/445] RCRP
[10:15:15] [299/445] RFFG
[10:15:16] [300/445] RMAS
[10:15:17] [301/445] INVR
[10:15:18] [302/445] RMAR
[10:15:19] [303/445] CNIS
[10:15:20] [304/445] RHRJ
[10:15:21] [305/445] INXR
[10:15:22] [306/445] VALT
[10:15:22] [307/445] LCSH
[10:15:23] [308/445] CMVS
[10:15:24] [309/445] CNMS
[10:15:25] [310/445] ROOG
[10:15:26] [311/445] ISRM
[10:15:26] [312/445] RCRM
[10:15:27] [313/445] ACJA
[10:15:28] [314/445] RCVS
[10:15:28] [315/445] CPUS
[10:15:29] [316/445] TGCS
[10:15:30] [317/445] RKCJ
[10:15:30] [318/445] MKSB
[10:15:32] [319/445] TCSJ
[10:15:33] [320/445] RMGP
[10:15:34] [321/445] CLLP
[10:15:35] [322/445] RCMV
[10:15:36] [323/445] CCKS
[10:15:37] [324/445] RSRP
[10:15:38] [325/445] APLP
[10:15:38] [326/445] CNVS
[10:15:39] [327/445] RMVY
[10:15:40] [328/445] PGBD
[10:15:41] [329/445] KLMS
[10:15:41] [330/445] RUST
[10:15:42] [331/445] MASM
[10:15:43] [332/445] BACS
[10:15:44] [333/445] BWST
[10:15:45] [334/445] RRFH
[10:15:45] [335/445] SJTM
[10:15:46] [336/445] BEMR
[10:15:47] [337/445] MCGR
[10:15:48] [338/445] SDSK
[10:15:49] [339/445] VBOL
[10:15:49] [340/445] RMGM
[10:15:50] [341/445] NOPL
[10:15:51] [342/445] MKJK
[10:15:52] [343/445] CVRN
[10:15:53] [344/445] MMEN
[10:15:53] [345/445] AMNG
[10:15:54] [346/445] INTM
[10:15:55] [347/445] SLCZ
[10:15:56] [348/445] AMJN
[10:15:57] [349/445] ACJN
[10:15:58] [350/445] AMKN
[10:15:59] [351/445] BTCN
[10:16:00] [352/445] AMBT
[10:16:01] [353/445] PACN
[10:16:02] [354/445] LCNS
[10:16:03] [355/445] PPKC
[10:16:03] [356/445] JYYN
[10:16:04] [357/445] JTNR
[10:16:05] [358/445] GTEE
[10:16:06] [359/445] SRNM
[10:16:07] [360/445] SDTC
[10:16:08] [361/445] VPCA
[10:16:09] [362/445] VLRA
[10:16:10] [363/445] SHKR
[10:16:10] [364/445] SBKD
[10:16:12] [365/445] SAAD
[10:16:13] [366/445] JTGN
[10:16:13] [367/445] SLAM
[10:16:14] [368/445] VTPM
[10:16:15] [369/445] ANPT
[10:16:16] [370/445] PUNB
[10:16:17] [371/445] CPKT
[10:16:18] [372/445] CNWE
[10:16:18] [373/445] ECPP
[10:16:19] [374/445] CPAR
[10:16:20] [375/445] ESBW
[10:16:21] [376/445] PKPU
[10:16:22] [377/445] CPRP
[10:16:23] [378/445] RAHU
[10:16:24] [379/445] RHMN
[10:16:25] [380/445] FMJP
[10:16:26] [381/445] CTMP
[10:16:27] [382/445] INPN
[10:16:28] [383/445] STTG
[10:16:28] [384/445] CTRD
[10:16:29] [385/445] PUVB
[10:16:30] [386/445] ESVP
[10:16:31] [387/445] CPFT
[10:16:32] [388/445] LCPC
[10:16:32] [389/445] VBCT
[10:16:33] [390/445] FSCW
[10:16:34] [391/445] VCMP
[10:16:35] [392/445] ASHC
[10:16:35] [393/445] VLCX
[10:16:36] [394/445] SHEV
[10:16:37] [395/445] APCO
[10:16:38] [396/445] SILC
[10:16:39] [397/445] SNMR
[10:16:39] [398/445] KYBO
[10:16:40] [399/445] SATK
[10:16:41] [400/445] SSCS
[10:16:41] [401/445] CLSB
[10:16:42] [402/445] KMJR
[10:16:43] [403/445] FSCK
[10:16:45] [404/445] NNKA
[10:16:45] [405/445] CLMK
[10:16:46] [406/445] DMPZ
[10:16:48] [407/445] INQM
[10:16:48] [408/445] CAML
[10:16:49] [409/445] INRK
[10:16:50] [410/445] IMKN
[10:16:51] [411/445] SVNR
[10:16:51] [412/445] INSL
[10:16:52] [413/445] MSMA
[10:16:53] [414/445] MCKK
[10:16:54] [415/445] FCHP
[10:16:55] [416/445] SFCR
[10:16:56] [417/445] NACK
[10:16:56] [418/445] PVAK
[10:16:57] [419/445] INER
[10:16:58] [420/445] RDBK
[10:16:59] [421/445] SVFN
[10:17:00] [422/445] IFRM
[10:17:02] [423/445] ATCK
[10:17:02] [424/445] ASKO
[10:17:04] [425/445] STKT
[10:17:05] [426/445] SVFB
[10:17:05] [427/445] INKS
[10:17:06] [428/445] PCRA
[10:17:07] [429/445] ATJA
[10:17:08] [430/445] IMJN
[10:17:08] [431/445] INHD
[10:17:09] [432/445] BARA
[10:17:10] [433/445] MCSL
[10:17:10] [434/445] RTOY
[10:17:11] [435/445] MENO
[10:17:12] [436/445] PUDM
[10:17:13] [437/445] PRCN
[10:17:14] [438/445] JMJR
[10:17:15] [439/445] SSGK
[10:17:16] [440/445] SSRL
[10:17:17] [441/445] JYKL
[10:17:18] [442/445] ACNB
[10:17:19] [443/445] SONP
[10:17:20] [444/445] EMCI
[10:17:21] [445/445] MRJH
[10:17:22] 🧹 Deduping shows
[10:17:22] ✅ DONE | Shows=576 | Movies=56
