[10:11:36] 🚀 SCRIPT STARTED
[10:11:36] [1/459] NECA
[10:11:36] 🧠 New identity created
[10:11:37] [2/459] BJLC
[10:11:37] [3/459] BASU
[10:11:38] [4/459] RUPI
[10:11:39] [5/459] LCBK
[10:11:39] [6/459] PMAC
[10:11:40] [7/459] AMLC
[10:11:40] [8/459] LICL
[10:11:41] [9/459] UDMM
[10:11:42] [10/459] STBZ
[10:11:42] [11/459] UUBT
[10:11:43] [12/459] SJKC
[10:11:44] [13/459] TUAL
[10:11:44] [14/459] MRSE
[10:11:45] [15/459] RMRK
[10:11:45] [16/459] TTKP
[10:11:46] [17/459] KTKO
[10:11:47] [18/459] SDBK
[10:11:47] [19/459] MCPR
[10:11:48] [20/459] CHTI
[10:11:49] [21/459] GCCP
[10:11:49] [22/459] SRMY
[10:11:50] [23/459] NYST
[10:11:50] [24/459] NYAG
[10:11:51] [25/459] SBMT
[10:11:51] [26/459] INGA
[10:11:52] [27/459] WSIC
[10:11:53] [28/459] SCSS
[10:11:54] [29/459] COPG
[10:11:54] [30/459] RCGR
[10:11:55] [31/459] TCZA
[10:11:55] [32/459] CNLP
[10:11:56] [33/459] CLKN
[10:11:56] [34/459] LHDF
[10:11:57] [35/459] ELKC
[10:11:58] [36/459] VCEM
[10:11:58] [37/459] SSZA
[10:11:59] [38/459] KRMT
[10:11:59] [39/459] LCMV
[10:12:00] [40/459] AYCZ
[10:12:01] [41/459] CUMS
[10:12:01] [42/459] BOCK
[10:12:02] [43/459] PNMR
[10:12:03] [44/459] PJCP
[10:12:03] [45/459] JDDD
[10:12:04] [46/459] STMS
[10:12:04] [47/459] FLMB
[10:12:05] [48/459] PKCM
[10:12:05] [49/459] SPPR
[10:12:06] [50/459] EYLH
[10:12:07] [51/459] RJCC
[10:12:07] [52/459] MMPS
[10:12:08] [53/459] SHMX
[10:12:08] [54/459] CCNL
[10:12:09] [55/459] RCNV
[10:12:10] [56/459] MAAG
[10:12:10] [57/459] LXCM
[10:12:11] [58/459] RCNI
[10:12:11] [59/459] SNNI
[10:12:12] [60/459] LALC
[10:12:13] [61/459] SOCN
[10:12:13] [62/459] JHTP
[10:12:14] [63/459] PITP
[10:12:14] [64/459] CCKW
[10:12:15] [65/459] MCMC
[10:12:15] [66/459] DEES
[10:12:16] [67/459] SABT
[10:12:16] [68/459] VSPP
[10:12:17] [69/459] ABCT
[10:12:17] [70/459] JVTB
[10:12:18] [71/459] VCBD
[10:12:19] [72/459] RMGG
[10:12:20] [73/459] RNMH
[10:12:20] [74/459] SPGL
[10:12:21] [75/459] JTTR
[10:12:21] [76/459] SICS
[10:12:22] [77/459] SRMI
[10:12:22] [78/459] SSIJ
[10:12:23] [79/459] KFMT
[10:12:24] [80/459] VBIT
[10:12:24] [81/459] JKCT
[10:12:25] [82/459] GCGP
[10:12:25] [83/459] GDCS
[10:12:26] [84/459] TRBA
[10:12:27] [85/459] QUST
[10:12:27] [86/459] VSHM
[10:12:27] [87/459] SDCP
[10:12:28] [88/459] SNVS
[10:12:29] [89/459] NYTO
[10:12:29] [90/459] URWC
[10:12:30] [91/459] GTWH
[10:12:30] [92/459] PFCM
[10:12:31] [93/459] KRTA
[10:12:31] [94/459] AXMC
[10:12:32] [95/459] EVMC
[10:12:33] [96/459] HGSM
[10:12:33] [97/459] ACVM
[10:12:34] [98/459] PSKL
[10:12:34] [99/459] RDMP
[10:12:35] [100/459] RHGH
[10:12:36] [101/459] OMCM
[10:12:36] [102/459] DCCP
[10:12:36] [103/459] MCPB
[10:12:37] [104/459] ALCI
[10:12:38] [105/459] BLMX
[10:12:38] [106/459] BTMV
[10:12:39] [107/459] FVPN
[10:12:39] [108/459] CMAR
[10:12:40] [109/459] CEIM
[10:12:41] [110/459] CMVA
[10:12:41] [111/459] CPIV
[10:12:42] [112/459] CNPE
[10:12:43] [113/459] COLV
[10:12:43] [114/459] DNNV
[10:12:44] [115/459] HCAD
[10:12:44] [116/459] TAKA
[10:12:45] [117/459] INVD
[10:12:45] [118/459] IRMM
[10:12:46] [119/459] INSE
[10:12:47] [120/459] MRSW
[10:12:47] [121/459] MCVD
[10:12:48] [122/459] MCSO
[10:12:48] [123/459] PEVM
[10:12:49] [124/459] PVNL
[10:12:49] [125/459] PTCV
[10:12:50] [126/459] PRTC
[10:12:51] [127/459] RCVA
[10:12:51] [128/459] MTBN
[10:12:52] [129/459] LUCP
[10:12:53] [130/459] FMPT
[10:12:53] [131/459] JLSL
[10:12:54] [132/459] SBHA
[10:12:55] [133/459] SHRC
[10:12:55] [134/459] AVPS
[10:12:56] [135/459] STPM
[10:12:56] [136/459] ATRD
[10:12:57] [137/459] VTED
[10:12:58] [138/459] ACAI
[10:12:59] [139/459] SMAE
[10:13:00] [140/459] VMAT
[10:13:01] [141/459] LKCT
[10:13:02] [142/459] JTVK
[10:13:02] [143/459] PRTY
[10:13:03] [144/459] GETT
[10:13:03] [145/459] ESAP
[10:13:04] [146/459] NCPM
[10:13:06] [147/459] PCPA
[10:13:06] [148/459] MMOM
[10:13:07] [149/459] PHUP
[10:13:08] [150/459] CCPI
[10:13:08] [151/459] CNTD
[10:13:09] [152/459] NLJR
[10:13:10] [153/459] SRNG
[10:13:11] [154/459] MHAL
[10:13:11] [155/459] PNSM
[10:13:13] [156/459] DRMY
[10:13:14] [157/459] CCMU
[10:13:14] [158/459] SCMY
[10:13:15] [159/459] PVSY
[10:13:16] [160/459] SDLM
[10:13:16] [161/459] ICCM
[10:13:17] [162/459] PYSU
[10:13:19] [163/459] GATM
[10:13:20] [164/459] WOTM
[10:13:21] [165/459] RKTS
[10:13:23] [166/459] PMTY
[10:13:24] [167/459] LYMS
[10:13:25] [168/459] TGCA
[10:13:26] [169/459] DSTA
[10:13:26] [170/459] CNGE
[10:13:27] [171/459] VSTG
[10:13:28] [172/459] GTCK
[10:13:29] [173/459] TGNT
[10:13:30] [174/459] ASLC
[10:13:30] [175/459] SSST
[10:13:31] [176/459] KBTT
[10:13:32] [177/459] HKCP
[10:13:33] [178/459] SWLC
[10:13:34] [179/459] RTND
[10:13:34] [180/459] PKKT
[10:13:35] [181/459] HSTK
[10:13:36] [182/459] SPTT
[10:13:37] [183/459] IMPM
[10:13:37] [184/459] SCMV
[10:13:38] [185/459] SPCT
[10:13:39] [186/459] JBCA
[10:13:40] [187/459] ATTR
[10:13:40] [188/459] SPMT
[10:13:42] [189/459] LCTM
[10:13:42] [190/459] SCVL
[10:13:43] [191/459] SCVT
[10:13:44] [192/459] KRIC
[10:13:44] [193/459] CTMG
[10:13:45] [194/459] ACNC
[10:13:46] [195/459] DMCK
[10:13:47] [196/459] KMTV
[10:13:48] [197/459] PFCJ
[10:13:49] [198/459] VNMD
[10:13:50] [199/459] VPCZ
[10:13:50] [200/459] SRYR
[10:13:51] [201/459] SYTR
[10:13:52] [202/459] GATR
[10:13:53] [203/459] URTR
[10:13:54] [204/459] MKSM
[10:13:56] [205/459] VSMH
[10:13:56] [206/459] SKRJ
[10:13:57] [207/459] SSJR
[10:13:58] [208/459] SVSM
[10:13:59] [209/459] RUCM
[10:13:59] [210/459] PRKN
[10:14:00] [211/459] RROH
[10:14:01] [212/459] SCTN
[10:14:02] [213/459] RTDM
[10:14:02] [214/459] ASRM
[10:14:03] [215/459] SKMD
[10:14:04] [216/459] SUTD
[10:14:05] [217/459] SADM
[10:14:06] [218/459] WCNR
[10:14:06] [219/459] CNED
[10:14:07] [220/459] MPDB
[10:14:08] [221/459] KTBH
[10:14:09] [222/459] IDRM
[10:14:09] [223/459] PJJT
[10:14:10] [224/459] PFCV
[10:14:12] [225/459] AACT
[10:14:12] [226/459] AAAD
[10:14:13] [227/459] ANES
[10:14:14] [228/459] MNCA
[10:14:15] [229/459] RMGU
[10:14:16] [230/459] DLCN
[10:14:17] [231/459] LJWT
[10:14:18] [232/459] MCBG
[10:14:19] [233/459] MYBG
[10:14:20] [234/459] GCCA
[10:14:21] [235/459] GCGA
[10:14:22] [236/459] ECGN
[10:14:22] [237/459] PRAB
[10:14:23] [238/459] PNMP
[10:14:24] [239/459] GCPT
[10:14:26] [240/459] ROYN
[10:14:26] [241/459] VATM
[10:14:27] [242/459] KSNT
[10:14:28] [243/459] ACTC
[10:14:29] [244/459] PLTD
[10:14:30] [245/459] SKMK
[10:14:30] [246/459] CMTT
[10:14:31] [247/459] SMXP
[10:14:32] [248/459] SCMX
[10:14:33] [249/459] ACXN
[10:14:33] [250/459] ASWT
[10:14:34] [251/459] VVVL
[10:14:35] [252/459] NAGO
[10:14:36] [253/459] SNCN
[10:14:36] [254/459] MCKP
[10:14:37] [255/459] SAMO
[10:14:38] [256/459] JBTV
[10:14:39] [257/459] DCVV
[10:14:40] [258/459] KMSV
[10:14:41] [259/459] KDCN
[10:14:42] [260/459] CNCP
[10:14:43] [261/459] HAMC
[10:14:43] [262/459] CCVZ
[10:14:44] [263/459] NCCK
[10:14:45] [264/459] MCHR
[10:14:46] [265/459] SCHT
[10:14:47] [266/459] ESSH
[10:14:47] [267/459] CUJC
[10:14:48] [268/459] PECP
[10:14:49] [269/459] PMMI
[10:14:50] [270/459] PCCH
[10:14:50] [271/459] PRPM
[10:14:51] [272/459] PVKL
[10:14:52] [273/459] CBSM
[10:14:53] [274/459] PVCZ
[10:14:54] [275/459] PCVV
[10:14:55] [276/459] CTMJ
[10:14:56] [277/459] RCPS
[10:14:57] [278/459] PCIT
[10:14:58] [279/459] FNCH
[10:14:58] [280/459] INZD
[10:14:59] [281/459] INPC
[10:15:00] [282/459] LCZP
[10:15:02] [283/459] SMCB
[10:15:03] [284/459] PTSB
[10:15:04] [285/459] TPSI
[10:15:05] [286/459] KHMJ
[10:15:05] [287/459] RCCJ
[10:15:06] [288/459] NCJA
[10:15:07] [289/459] NCJN
[10:15:08] [290/459] BTDP
[10:15:09] [291/459] PADY
[10:15:10] [292/459] NYBH
[10:15:11] [293/459] MTBR
[10:15:11] [294/459] KRBC
[10:15:12] [295/459] DKTI
[10:15:13] [296/459] ANAN
[10:15:14] [297/459] INBP
[10:15:15] [298/459] PATB
[10:15:16] [299/459] RGNT
[10:15:16] [300/459] CGPM
[10:15:17] [301/459] INTN
[10:15:18] [302/459] MCMP
[10:15:19] [303/459] ASRG
[10:15:20] [304/459] CXJD
[10:15:21] [305/459] SPCP
[10:15:21] [306/459] CSTP
[10:15:22] [307/459] PKVC
[10:15:24] [308/459] ESCP
[10:15:25] [309/459] CAEP
[10:15:25] [310/459] CCSP
[10:15:26] [311/459] KTPC
[10:15:27] [312/459] DACA
[10:15:28] [313/459] NVKY
[10:15:29] [314/459] PTIN
[10:15:30] [315/459] SCIN
[10:15:30] [316/459] MCTY
[10:15:31] [317/459] PCMX
[10:15:32] [318/459] INIC
[10:15:33] [319/459] MMZM
[10:15:34] [320/459] SSLP
[10:15:35] [321/459] DTDT
[10:15:36] [322/459] FFCX
[10:15:36] [323/459] RCMM
[10:15:37] [324/459] KYID
[10:15:38] [325/459] CSCI
[10:15:39] [326/459] FCMC
[10:15:39] [327/459] MMXI
[10:15:40] [328/459] ASTC
[10:15:41] [329/459] CMRA
[10:15:41] [330/459] DICI
[10:15:42] [331/459] KDIN
[10:15:43] [332/459] PRFI
[10:15:44] [333/459] SVFC
[10:15:45] [334/459] UCPL
[10:15:45] [335/459] COOC
[10:15:46] [336/459] SCAL
[10:15:47] [337/459] SVFF
[10:15:48] [338/459] VCMG
[10:15:49] [339/459] UUCT
[10:15:50] [340/459] GCSE
[10:15:51] [341/459] SUSC
[10:15:52] [342/459] MISC
[10:15:53] [343/459] RMBL
[10:15:54] [344/459] CMXN
[10:15:55] [345/459] PVBK
[10:15:56] [346/459] HHCG
[10:15:57] [347/459] SCAG
[10:15:58] [348/459] CNPR
[10:15:58] [349/459] CSER
[10:15:59] [350/459] HLWD
[10:16:00] [351/459] BOLY
[10:16:01] [352/459] SSPG
[10:16:02] [353/459] MUPX
[10:16:02] [354/459] HAMR
[10:16:03] [355/459] SDNC
[10:16:04] [356/459] RTEN
[10:16:05] [357/459] SDTD
[10:16:06] [358/459] KAWS
[10:16:07] [359/459] CMZX
[10:16:07] [360/459] DCDD
[10:16:08] [361/459] ALSN
[10:16:10] [362/459] IMXS
[10:16:10] [363/459] PVFF
[10:16:11] [364/459] PVOO
[10:16:12] [365/459] CFBS
[10:16:13] [366/459] PVER
[10:16:13] [367/459] PPNX
[10:16:14] [368/459] CNRM
[10:16:15] [369/459] PVWW
[10:16:16] [370/459] INMB
[10:16:17] [371/459] CPJR
[10:16:18] [372/459] INRZ
[10:16:19] [373/459] PMSR
[10:16:20] [374/459] GPGM
[10:16:21] [375/459] PGWB
[10:16:22] [376/459] PMBR
[10:16:22] [377/459] GPAM
[10:16:23] [378/459] INBC
[10:16:24] [379/459] PZVK
[10:16:25] [380/459] CPEB
[10:16:26] [381/459] FMLB
[10:16:26] [382/459] INBG
[10:16:27] [383/459] GPBR
[10:16:28] [384/459] PAAS
[10:16:29] [385/459] VTBR
[10:16:29] [386/459] GPMY
[10:16:30] [387/459] GYBU
[10:16:31] [388/459] INBJ
[10:16:32] [389/459] LKTH
[10:16:32] [390/459] NSBR
[10:16:33] [391/459] PDRD
[10:16:34] [392/459] VRBL
[10:16:35] [393/459] VTGB
[10:16:36] [394/459] VTSK
[10:16:36] [395/459] BKDV
[10:16:37] [396/459] SVTB
[10:16:38] [397/459] MLDT
[10:16:39] [398/459] NRBL
[10:16:40] [399/459] SLTR
[10:16:41] [400/459] VNKA
[10:16:42] [401/459] TDCA
[10:16:42] [402/459] INBM
[10:16:43] [403/459] SSNR
[10:16:44] [404/459] BHAC
[10:16:45] [405/459] SDSD
[10:16:46] [406/459] SAMP
[10:16:47] [407/459] RATK
[10:16:48] [408/459] KCBI
[10:16:48] [409/459] URBL
[10:16:49] [410/459] MKBG
[10:16:50] [411/459] ASTB
[10:16:51] [412/459] VBWT
[10:16:52] [413/459] GPSM
[10:16:53] [414/459] ROON
[10:16:53] [415/459] CHTH
[10:16:54] [416/459] SSPA
[10:16:55] [417/459] ANBL
[10:16:55] [418/459] VTBE
[10:16:56] [419/459] SVKT
[10:16:57] [420/459] SVYK
[10:16:58] [421/459] PTBK
[10:16:59] [422/459] RKTB
[10:17:00] [423/459] BALT
[10:17:01] [424/459] STSV
[10:17:01] [425/459] VCCB
[10:17:02] [426/459] SLTB
[10:17:03] [427/459] SBCR
[10:17:04] [428/459] VDCS
[10:17:05] [429/459] MDKI
[10:17:06] [430/459] SMRN
[10:17:07] [431/459] PTBC
[10:17:08] [432/459] RADI
[10:17:09] [433/459] ADCR
[10:17:09] [434/459] SDCS
[10:17:10] [435/459] SRPJ
[10:17:11] [436/459] ARTS
[10:17:12] [437/459] SRHK
[10:17:13] [438/459] SPAY
[10:17:13] [439/459] GPTB
[10:17:14] [440/459] SNNN
[10:17:15] [441/459] BALJ
[10:17:16] [442/459] TRIG
[10:17:17] [443/459] GTYT
[10:17:17] [444/459] ATGN
[10:17:18] [445/459] ANTE
[10:17:19] [446/459] BDCG
[10:17:20] [447/459] VECI
[10:17:21] [448/459] SCPR
[10:17:21] [449/459] RTEA
[10:17:22] [450/459] JSAI
[10:17:23] [451/459] VJTP
[10:17:24] [452/459] GNDS
[10:17:24] [453/459] PAXA
[10:17:25] [454/459] CGGM
[10:17:26] [455/459] ACKZ
[10:17:27] [456/459] EMCC
[10:17:28] [457/459] KLSK
[10:17:29] [458/459] AVCK
[10:17:30] [459/459] JTCK
[10:17:31] 🧹 Deduping shows
[10:17:31] ✅ DONE | Shows=557 | Movies=58
[16:50:48] 🚀 SCRIPT STARTED
[16:50:48] [1/459] NECA
[16:50:48] 🧠 New identity created
[16:50:49] [2/459] BJLC
[16:50:49] [3/459] BASU
[16:50:50] [4/459] RUPI
[16:50:51] [5/459] LCBK
[16:50:52] [6/459] PMAC
[16:50:52] [7/459] AMLC
[16:50:53] [8/459] LICL
[16:50:53] [9/459] UDMM
[16:50:54] [10/459] STBZ
[16:50:54] [11/459] UUBT
[16:50:55] [12/459] SJKC
[16:50:55] [13/459] TUAL
[16:50:56] [14/459] MRSE
[16:50:57] [15/459] RMRK
[16:50:57] [16/459] TTKP
[16:50:58] [17/459] KTKO
[16:50:59] [18/459] SDBK
[16:51:00] [19/459] MCPR
[16:51:00] [20/459] CHTI
[16:51:01] [21/459] GCCP
[16:51:01] [22/459] SRMY
[16:51:02] [23/459] NYST
[16:51:03] [24/459] NYAG
[16:51:03] [25/459] SBMT
[16:51:04] [26/459] INGA
[16:51:05] [27/459] WSIC
[16:51:05] [28/459] SCSS
[16:51:06] [29/459] COPG
[16:51:06] [30/459] RCGR
[16:51:07] [31/459] TCZA
[16:51:08] [32/459] CNLP
[16:51:08] [33/459] CLKN
[16:51:09] [34/459] LHDF
[16:51:10] [35/459] ELKC
[16:51:10] [36/459] VCEM
[16:51:11] [37/459] SSZA
[16:51:12] [38/459] KRMT
[16:51:12] [39/459] LCMV
[16:51:13] [40/459] AYCZ
[16:51:13] [41/459] CUMS
[16:51:14] [42/459] BOCK
[16:51:15] [43/459] PNMR
[16:51:15] [44/459] PJCP
[16:51:16] [45/459] JDDD
[16:51:17] [46/459] STMS
[16:51:17] [47/459] FLMB
[16:51:18] [48/459] PKCM
[16:51:19] [49/459] SPPR
[16:51:19] [50/459] EYLH
[16:51:20] [51/459] RJCC
[16:51:21] [52/459] MMPS
[16:51:21] [53/459] SHMX
[16:51:22] [54/459] CCNL
[16:51:22] [55/459] RCNV
[16:51:23] [56/459] MAAG
[16:51:24] [57/459] LXCM
[16:51:25] [58/459] RCNI
[16:51:25] [59/459] SNNI
[16:51:26] [60/459] LALC
[16:51:27] [61/459] SOCN
[16:51:28] [62/459] JHTP
[16:51:28] [63/459] PITP
[16:51:29] [64/459] CCKW
[16:51:30] [65/459] MCMC
[16:51:30] [66/459] DEES
[16:51:31] [67/459] SABT
[16:51:32] [68/459] VSPP
[16:51:32] [69/459] ABCT
[16:51:33] [70/459] JVTB
[16:51:33] [71/459] VCBD
[16:51:34] [72/459] RMGG
[16:51:34] [73/459] RNMH
[16:51:35] [74/459] SPGL
[16:51:36] [75/459] JTTR
[16:51:36] [76/459] SICS
[16:51:37] [77/459] SRMI
[16:51:37] [78/459] SSIJ
[16:51:38] [79/459] KFMT
[16:51:38] [80/459] VBIT
[16:51:39] [81/459] JKCT
[16:51:40] [82/459] GCGP
[16:51:40] [83/459] GDCS
[16:51:41] [84/459] TRBA
[16:51:42] [85/459] QUST
[16:51:42] [86/459] VSHM
[16:51:43] [87/459] SDCP
[16:51:44] [88/459] SNVS
[16:51:44] [89/459] NYTO
[16:51:45] [90/459] URWC
[16:51:45] [91/459] GTWH
[16:51:46] [92/459] PFCM
[16:51:46] [93/459] KRTA
[16:51:47] [94/459] AXMC
[16:51:48] [95/459] EVMC
[16:51:48] [96/459] HGSM
[16:51:49] [97/459] ACVM
[16:51:50] [98/459] PSKL
[16:51:50] [99/459] RDMP
[16:51:50] [100/459] RHGH
[16:51:51] [101/459] OMCM
[16:51:52] [102/459] DCCP
[16:51:52] [103/459] MCPB
[16:51:53] [104/459] ALCI
[16:51:54] [105/459] BLMX
[16:51:54] [106/459] BTMV
[16:51:55] [107/459] FVPN
[16:51:56] [108/459] CMAR
[16:51:56] [109/459] CEIM
[16:51:57] [110/459] CMVA
[16:51:57] [111/459] CPIV
[16:51:58] [112/459] CNPE
[16:51:59] [113/459] COLV
[16:51:59] [114/459] DNNV
[16:52:00] [115/459] HCAD
[16:52:01] [116/459] TAKA
[16:52:02] [117/459] INVD
[16:52:02] [118/459] IRMM
[16:52:03] [119/459] INSE
[16:52:03] [120/459] MRSW
[16:52:04] [121/459] MCVD
[16:52:05] [122/459] MCSO
[16:52:05] [123/459] PEVM
[16:52:06] [124/459] PVNL
[16:52:07] [125/459] PTCV
[16:52:07] [126/459] PRTC
[16:52:08] [127/459] RCVA
[16:52:08] [128/459] MTBN
[16:52:09] [129/459] LUCP
[16:52:10] [130/459] FMPT
[16:52:10] [131/459] JLSL
[16:52:11] [132/459] SBHA
[16:52:12] [133/459] SHRC
[16:52:12] [134/459] AVPS
[16:52:13] [135/459] STPM
[16:52:13] [136/459] ATRD
[16:52:14] [137/459] VTED
[16:52:15] [138/459] ACAI
[16:52:15] [139/459] SMAE
[16:52:16] [140/459] VMAT
[16:52:17] [141/459] LKCT
[16:52:19] [142/459] JTVK
[16:52:19] [143/459] PRTY
[16:52:20] [144/459] GETT
[16:52:21] [145/459] ESAP
[16:52:22] [146/459] NCPM
[16:52:22] [147/459] PCPA
[16:52:23] [148/459] MMOM
[16:52:24] [149/459] PHUP
[16:52:25] [150/459] CCPI
[16:52:27] [151/459] CNTD
[16:52:28] [152/459] NLJR
[16:52:29] [153/459] SRNG
[16:52:30] [154/459] MHAL
[16:52:31] [155/459] PNSM
[16:52:32] [156/459] DRMY
[16:52:32] [157/459] CCMU
[16:52:33] [158/459] SCMY
[16:52:34] [159/459] PVSY
[16:52:35] [160/459] SDLM
[16:52:36] [161/459] ICCM
[16:52:36] [162/459] PYSU
[16:52:37] [163/459] GATM
[16:52:38] [164/459] WOTM
[16:52:40] [165/459] RKTS
[16:52:40] [166/459] PMTY
[16:52:41] [167/459] LYMS
[16:52:43] [168/459] TGCA
[16:52:43] [169/459] DSTA
[16:52:44] [170/459] CNGE
[16:52:45] [171/459] VSTG
[16:52:46] [172/459] GTCK
[16:52:46] [173/459] TGNT
[16:52:47] [174/459] ASLC
[16:52:48] [175/459] SSST
[16:52:49] [176/459] KBTT
[16:52:49] [177/459] HKCP
[16:52:50] [178/459] SWLC
[16:52:51] [179/459] RTND
[16:52:52] [180/459] PKKT
[16:52:53] [181/459] HSTK
[16:52:54] [182/459] SPTT
[16:52:55] [183/459] IMPM
[16:52:56] [184/459] SCMV
[16:52:56] [185/459] SPCT
[16:52:57] [186/459] JBCA
[16:52:58] [187/459] ATTR
[16:53:00] [188/459] SPMT
[16:53:00] [189/459] LCTM
[16:53:01] [190/459] SCVL
[16:53:02] [191/459] SCVT
[16:53:03] [192/459] KRIC
[16:53:04] [193/459] CTMG
[16:53:04] [194/459] ACNC
[16:53:05] [195/459] DMCK
[16:53:06] [196/459] KMTV
[16:53:07] [197/459] PFCJ
[16:53:08] [198/459] VNMD
[16:53:08] [199/459] VPCZ
[16:53:09] [200/459] SRYR
[16:53:10] [201/459] SYTR
[16:53:11] [202/459] GATR
[16:53:12] [203/459] URTR
[16:53:13] [204/459] MKSM
[16:53:14] [205/459] VSMH
[16:53:14] [206/459] SKRJ
[16:53:15] [207/459] SSJR
[16:53:16] [208/459] SVSM
[16:53:17] [209/459] RUCM
[16:53:19] [210/459] PRKN
[16:53:20] [211/459] RROH
[16:53:21] [212/459] SCTN
[16:53:21] [213/459] RTDM
[16:53:22] [214/459] ASRM
[16:53:23] [215/459] SKMD
[16:53:24] [216/459] SUTD
[16:53:25] [217/459] SADM
[16:53:26] [218/459] WCNR
[16:53:27] [219/459] CNED
[16:53:27] [220/459] MPDB
[16:53:28] [221/459] KTBH
[16:53:29] [222/459] IDRM
[16:53:29] [223/459] PJJT
[16:53:30] [224/459] PFCV
[16:53:31] [225/459] AACT
[16:53:32] [226/459] AAAD
[16:53:33] [227/459] ANES
[16:53:34] [228/459] MNCA
[16:53:35] [229/459] RMGU
[16:53:35] [230/459] DLCN
[16:53:36] [231/459] LJWT
[16:53:37] [232/459] MCBG
[16:53:38] [233/459] MYBG
[16:53:39] [234/459] GCCA
[16:53:40] [235/459] GCGA
[16:53:41] [236/459] ECGN
[16:53:41] [237/459] PRAB
[16:53:42] [238/459] PNMP
[16:53:43] [239/459] GCPT
[16:53:44] [240/459] ROYN
[16:53:45] [241/459] VATM
[16:53:45] [242/459] KSNT
[16:53:46] [243/459] ACTC
[16:53:47] [244/459] PLTD
[16:53:48] [245/459] SKMK
[16:53:49] [246/459] CMTT
[16:53:50] [247/459] SMXP
[16:53:51] [248/459] SCMX
[16:53:51] [249/459] ACXN
[16:53:52] [250/459] ASWT
[16:53:53] [251/459] VVVL
[16:53:54] [252/459] NAGO
[16:53:56] [253/459] SNCN
[16:53:56] [254/459] MCKP
[16:53:57] [255/459] SAMO
[16:53:58] [256/459] JBTV
[16:53:58] [257/459] DCVV
[16:53:59] [258/459] KMSV
[16:54:00] [259/459] KDCN
[16:54:01] [260/459] CNCP
[16:54:02] [261/459] HAMC
[16:54:03] [262/459] CCVZ
[16:54:03] [263/459] NCCK
[16:54:04] [264/459] MCHR
[16:54:05] [265/459] SCHT
[16:54:06] [266/459] ESSH
[16:54:07] [267/459] CUJC
[16:54:08] [268/459] PECP
[16:54:09] [269/459] PMMI
[16:54:10] [270/459] PCCH
[16:54:11] [271/459] PRPM
[16:54:12] [272/459] PVKL
[16:54:14] [273/459] CBSM
[16:54:14] [274/459] PVCZ
[16:54:15] [275/459] PCVV
[16:54:16] [276/459] CTMJ
[16:54:16] [277/459] RCPS
[16:54:17] [278/459] PCIT
[16:54:17] [279/459] FNCH
[16:54:18] [280/459] INZD
[16:54:19] [281/459] INPC
[16:54:20] [282/459] LCZP
[16:54:20] [283/459] SMCB
[16:54:21] [284/459] PTSB
[16:54:22] [285/459] TPSI
[16:54:23] [286/459] KHMJ
[16:54:23] [287/459] RCCJ
[16:54:24] [288/459] NCJA
[16:54:25] [289/459] NCJN
[16:54:26] [290/459] BTDP
[16:54:26] [291/459] PADY
[16:54:27] [292/459] NYBH
[16:54:28] [293/459] MTBR
[16:54:29] [294/459] KRBC
[16:54:30] [295/459] DKTI
[16:54:31] [296/459] ANAN
[16:54:32] [297/459] INBP
[16:54:33] [298/459] PATB
[16:54:34] [299/459] RGNT
[16:54:35] [300/459] CGPM
[16:54:36] [301/459] INTN
[16:54:37] [302/459] MCMP
[16:54:38] [303/459] ASRG
[16:54:39] [304/459] CXJD
[16:54:40] [305/459] SPCP
[16:54:41] [306/459] CSTP
[16:54:41] [307/459] PKVC
[16:54:42] [308/459] ESCP
[16:54:43] [309/459] CAEP
[16:54:44] [310/459] CCSP
[16:54:45] [311/459] KTPC
[16:54:46] [312/459] DACA
[16:54:47] [313/459] NVKY
[16:54:48] [314/459] PTIN
[16:54:48] [315/459] SCIN
[16:54:49] [316/459] MCTY
[16:54:50] [317/459] PCMX
[16:54:51] [318/459] INIC
[16:54:52] [319/459] MMZM
[16:54:52] [320/459] SSLP
[16:54:53] [321/459] DTDT
[16:54:55] [322/459] FFCX
[16:54:56] [323/459] RCMM
[16:54:56] [324/459] KYID
[16:54:57] [325/459] CSCI
[16:54:58] [326/459] FCMC
[16:54:58] [327/459] MMXI
[16:54:59] [328/459] ASTC
[16:55:00] [329/459] CMRA
[16:55:01] [330/459] DICI
[16:55:02] [331/459] KDIN
[16:55:03] [332/459] PRFI
[16:55:04] [333/459] SVFC
[16:55:05] [334/459] UCPL
[16:55:05] [335/459] COOC
[16:55:06] [336/459] SCAL
[16:55:07] [337/459] SVFF
[16:55:08] [338/459] VCMG
[16:55:09] [339/459] UUCT
[16:55:09] [340/459] GCSE
[16:55:10] [341/459] SUSC
[16:55:11] [342/459] MISC
[16:55:12] [343/459] RMBL
[16:55:13] [344/459] CMXN
[16:55:14] [345/459] PVBK
[16:55:15] [346/459] HHCG
[16:55:16] [347/459] SCAG
[16:55:16] [348/459] CNPR
[16:55:17] [349/459] CSER
[16:55:18] [350/459] HLWD
[16:55:19] [351/459] BOLY
[16:55:20] [352/459] SSPG
[16:55:21] [353/459] MUPX
[16:55:21] [354/459] HAMR
[16:55:22] [355/459] SDNC
[16:55:23] [356/459] RTEN
[16:55:24] [357/459] SDTD
[16:55:24] [358/459] KAWS
[16:55:25] [359/459] CMZX
[16:55:26] [360/459] DCDD
[16:55:28] [361/459] ALSN
[16:55:29] [362/459] IMXS
[16:55:29] [363/459] PVFF
[16:55:30] [364/459] PVOO
[16:55:31] [365/459] CFBS
[16:55:32] [366/459] PVER
[16:55:33] [367/459] PPNX
[16:55:34] [368/459] CNRM
[16:55:35] [369/459] PVWW
[16:55:36] [370/459] INMB
[16:55:37] [371/459] CPJR
[16:55:38] [372/459] INRZ
[16:55:39] [373/459] PMSR
[16:55:40] [374/459] GPGM
[16:55:40] [375/459] PGWB
[16:55:41] [376/459] PMBR
[16:55:43] [377/459] GPAM
[16:55:44] [378/459] INBC
[16:55:45] [379/459] PZVK
[16:55:46] [380/459] CPEB
[16:55:47] [381/459] FMLB
[16:55:48] [382/459] INBG
[16:55:49] [383/459] GPBR
[16:55:49] [384/459] PAAS
[16:55:50] [385/459] VTBR
[16:55:51] [386/459] GPMY
[16:55:52] [387/459] GYBU
[16:55:53] [388/459] INBJ
[16:55:53] [389/459] LKTH
[16:55:54] [390/459] NSBR
[16:55:55] [391/459] PDRD
[16:55:56] [392/459] VRBL
[16:55:57] [393/459] VTGB
[16:55:57] [394/459] VTSK
[16:55:58] [395/459] BKDV
[16:55:59] [396/459] SVTB
[16:56:00] [397/459] MLDT
[16:56:02] [398/459] NRBL
[16:56:02] [399/459] SLTR
[16:56:03] [400/459] VNKA
[16:56:04] [401/459] TDCA
[16:56:05] [402/459] INBM
[16:56:06] [403/459] SSNR
[16:56:07] [404/459] BHAC
[16:56:08] [405/459] SDSD
[16:56:08] [406/459] SAMP
[16:56:10] [407/459] RATK
[16:56:11] [408/459] KCBI
[16:56:11] [409/459] URBL
[16:56:12] [410/459] MKBG
[16:56:13] [411/459] ASTB
[16:56:14] [412/459] VBWT
[16:56:15] [413/459] GPSM
[16:56:16] [414/459] ROON
[16:56:17] [415/459] CHTH
[16:56:18] [416/459] SSPA
[16:56:19] [417/459] ANBL
[16:56:19] [418/459] VTBE
[16:56:20] [419/459] SVKT
[16:56:21] [420/459] SVYK
[16:56:21] [421/459] PTBK
[16:56:22] [422/459] RKTB
[16:56:22] [423/459] BALT
[16:56:23] [424/459] STSV
[16:56:24] [425/459] VCCB
[16:56:25] [426/459] SLTB
[16:56:26] [427/459] SBCR
[16:56:27] [428/459] VDCS
[16:56:28] [429/459] MDKI
[16:56:29] [430/459] SMRN
[16:56:29] [431/459] PTBC
[16:56:31] [432/459] RADI
[16:56:32] [433/459] ADCR
[16:56:33] [434/459] SDCS
[16:56:34] [435/459] SRPJ
[16:56:34] [436/459] ARTS
[16:56:35] [437/459] SRHK
[16:56:36] [438/459] SPAY
[16:56:37] [439/459] GPTB
[16:56:38] [440/459] SNNN
[16:56:38] [441/459] BALJ
[16:56:40] [442/459] TRIG
[16:56:41] [443/459] GTYT
[16:56:42] [444/459] ATGN
[16:56:43] [445/459] ANTE
[16:56:43] [446/459] BDCG
[16:56:44] [447/459] VECI
[16:56:45] [448/459] SCPR
[16:56:45] [449/459] RTEA
[16:56:46] [450/459] JSAI
[16:56:47] [451/459] VJTP
[16:56:48] [452/459] GNDS
[16:56:49] [453/459] PAXA
[16:56:50] [454/459] CGGM
[16:56:51] [455/459] ACKZ
[16:56:53] [456/459] EMCC
[16:56:53] [457/459] KLSK
[16:56:54] [458/459] AVCK
[16:56:55] [459/459] JTCK
[16:56:55] 🧹 Deduping shows
[16:56:55] ✅ DONE | Shows=621 | Movies=64
[04:51:38] 🚀 SCRIPT STARTED
[04:51:38] [1/459] NECA
[04:51:38] 🧠 New identity created
[04:51:39] [2/459] BJLC
[04:51:40] [3/459] BASU
[04:51:41] [4/459] RUPI
[04:51:42] [5/459] LCBK
[04:51:43] [6/459] PMAC
[04:51:44] [7/459] AMLC
[04:51:45] [8/459] LICL
[04:51:46] [9/459] UDMM
[04:51:47] [10/459] STBZ
[04:51:48] [11/459] UUBT
[04:51:49] [12/459] SJKC
[04:51:50] [13/459] TUAL
[04:51:50] [14/459] MRSE
[04:51:51] [15/459] RMRK
[04:51:53] [16/459] TTKP
[04:51:54] [17/459] KTKO
[04:51:54] [18/459] SDBK
[04:51:55] [19/459] MCPR
[04:51:56] [20/459] CHTI
[04:51:58] [21/459] GCCP
[04:51:58] [22/459] SRMY
[04:51:59] [23/459] NYST
[04:52:00] [24/459] NYAG
[04:52:01] [25/459] SBMT
[04:52:02] [26/459] INGA
[04:52:03] [27/459] WSIC
[04:52:04] [28/459] SCSS
[04:52:05] [29/459] COPG
[04:52:07] [30/459] RCGR
[04:52:07] [31/459] TCZA
[04:52:08] [32/459] CNLP
[04:52:09] [33/459] CLKN
[04:52:10] [34/459] LHDF
[04:52:11] [35/459] ELKC
[04:52:12] [36/459] VCEM
[04:52:13] [37/459] SSZA
[04:52:14] [38/459] KRMT
[04:52:15] [39/459] LCMV
[04:52:16] [40/459] AYCZ
[04:52:17] [41/459] CUMS
[04:52:18] [42/459] BOCK
[04:52:19] [43/459] PNMR
[04:52:20] [44/459] PJCP
[04:52:20] [45/459] JDDD
[04:52:21] [46/459] STMS
[04:52:22] [47/459] FLMB
[04:52:23] [48/459] PKCM
[04:52:24] [49/459] SPPR
[04:52:25] [50/459] EYLH
[04:52:25] [51/459] RJCC
[04:52:26] [52/459] MMPS
[04:52:27] [53/459] SHMX
[04:52:28] [54/459] CCNL
[04:52:28] [55/459] RCNV
[04:52:29] [56/459] MAAG
[04:52:30] [57/459] LXCM
[04:52:31] [58/459] RCNI
[04:52:32] [59/459] SNNI
[04:52:33] [60/459] LALC
[04:52:34] [61/459] SOCN
[04:52:36] [62/459] JHTP
[04:52:36] [63/459] PITP
[04:52:37] [64/459] CCKW
[04:52:38] [65/459] MCMC
[04:52:40] [66/459] DEES
[04:52:40] [67/459] SABT
[04:52:41] [68/459] VSPP
[04:52:42] [69/459] ABCT
[04:52:43] [70/459] JVTB
[04:52:44] [71/459] VCBD
[04:52:44] [72/459] RMGG
[04:52:45] [73/459] RNMH
[04:52:46] [74/459] SPGL
[04:52:47] [75/459] JTTR
[04:52:48] [76/459] SICS
[04:52:49] [77/459] SRMI
[04:52:50] [78/459] SSIJ
[04:52:50] [79/459] KFMT
[04:52:51] [80/459] VBIT
[04:52:53] [81/459] JKCT
[04:52:54] [82/459] GCGP
[04:52:54] [83/459] GDCS
[04:52:55] [84/459] TRBA
[04:52:56] [85/459] QUST
[04:52:57] [86/459] VSHM
[04:52:58] [87/459] SDCP
[04:52:59] [88/459] SNVS
[04:52:59] [89/459] NYTO
[04:53:00] [90/459] URWC
[04:53:01] [91/459] GTWH
[04:53:02] [92/459] PFCM
[04:53:03] [93/459] KRTA
[04:53:04] [94/459] AXMC
[04:53:05] [95/459] EVMC
[04:53:05] [96/459] HGSM
[04:53:06] [97/459] ACVM
[04:53:07] [98/459] PSKL
[04:53:08] [99/459] RDMP
[04:53:09] [100/459] RHGH
[04:53:10] [101/459] OMCM
[04:53:11] [102/459] DCCP
[04:53:11] [103/459] MCPB
[04:53:12] [104/459] ALCI
[04:53:13] [105/459] BLMX
[04:53:14] [106/459] BTMV
[04:53:15] [107/459] FVPN
[04:53:17] [108/459] CMAR
[04:53:18] [109/459] CEIM
[04:53:18] [110/459] CMVA
[04:53:19] [111/459] CPIV
[04:53:20] [112/459] CNPE
[04:53:21] [113/459] COLV
[04:53:22] [114/459] DNNV
[04:53:22] [115/459] HCAD
[04:53:23] [116/459] TAKA
[04:53:24] [117/459] INVD
[04:53:26] [118/459] IRMM
[04:53:27] [119/459] INSE
[04:53:29] [120/459] MRSW
[04:53:30] [121/459] MCVD
[04:53:30] [122/459] MCSO
[04:53:31] [123/459] PEVM
[04:53:32] [124/459] PVNL
[04:53:33] [125/459] PTCV
[04:53:34] [126/459] PRTC
[04:53:36] [127/459] RCVA
[04:53:37] [128/459] MTBN
[04:53:38] [129/459] LUCP
[04:53:38] [130/459] FMPT
[04:53:39] [131/459] JLSL
[04:53:40] [132/459] SBHA
[04:53:41] [133/459] SHRC
[04:53:42] [134/459] AVPS
[04:53:43] [135/459] STPM
[04:53:44] [136/459] ATRD
[04:53:44] [137/459] VTED
[04:53:45] [138/459] ACAI
[04:53:47] [139/459] SMAE
[04:53:48] [140/459] VMAT
[04:53:49] [141/459] LKCT
[04:53:49] [142/459] JTVK
[04:53:50] [143/459] PRTY
[04:53:51] [144/459] GETT
[04:53:52] [145/459] ESAP
[04:53:53] [146/459] NCPM
[04:53:54] [147/459] PCPA
[04:53:55] [148/459] MMOM
[04:53:55] [149/459] PHUP
[04:53:56] [150/459] CCPI
[04:53:57] [151/459] CNTD
[04:53:58] [152/459] NLJR
[04:53:59] [153/459] SRNG
[04:53:59] [154/459] MHAL
[04:54:01] [155/459] PNSM
[04:54:02] [156/459] DRMY
[04:54:04] [157/459] CCMU
[04:54:05] [158/459] SCMY
[04:54:06] [159/459] PVSY
[04:54:07] [160/459] SDLM
[04:54:08] [161/459] ICCM
[04:54:09] [162/459] PYSU
[04:54:10] [163/459] GATM
[04:54:11] [164/459] WOTM
[04:54:12] [165/459] RKTS
[04:54:13] [166/459] PMTY
[04:54:14] [167/459] LYMS
[04:54:15] [168/459] TGCA
[04:54:17] [169/459] DSTA
[04:54:17] [170/459] CNGE
[04:54:19] [171/459] VSTG
[04:54:20] [172/459] GTCK
[04:54:21] [173/459] TGNT
[04:54:21] [174/459] ASLC
[04:54:22] [175/459] SSST
[04:54:23] [176/459] KBTT
[04:54:24] [177/459] HKCP
[04:54:25] [178/459] SWLC
[04:54:25] [179/459] RTND
[04:54:26] [180/459] PKKT
[04:54:27] [181/459] HSTK
[04:54:28] [182/459] SPTT
[04:54:30] [183/459] IMPM
[04:54:32] [184/459] SCMV
[04:54:32] [185/459] SPCT
[04:54:33] [186/459] JBCA
[04:54:34] [187/459] ATTR
[04:54:35] [188/459] SPMT
[04:54:37] [189/459] LCTM
[04:54:37] [190/459] SCVL
[04:54:38] [191/459] SCVT
[04:54:39] [192/459] KRIC
[04:54:40] [193/459] CTMG
[04:54:41] [194/459] ACNC
[04:54:42] [195/459] DMCK
[04:54:43] [196/459] KMTV
[04:54:44] [197/459] PFCJ
[04:54:46] [198/459] VNMD
[04:54:47] [199/459] VPCZ
[04:54:48] [200/459] SRYR
[04:54:49] [201/459] SYTR
[04:54:50] [202/459] GATR
[04:54:51] [203/459] URTR
[04:54:53] [204/459] MKSM
[04:54:53] [205/459] VSMH
[04:54:54] [206/459] SKRJ
[04:54:55] [207/459] SSJR
[04:54:56] [208/459] SVSM
[04:54:57] [209/459] RUCM
[04:54:57] [210/459] PRKN
[04:54:58] [211/459] RROH
[04:54:59] [212/459] SCTN
[04:55:00] [213/459] RTDM
[04:55:01] [214/459] ASRM
[04:55:02] [215/459] SKMD
[04:55:04] [216/459] SUTD
[04:55:05] [217/459] SADM
[04:55:05] [218/459] WCNR
[04:55:06] [219/459] CNED
[04:55:07] [220/459] MPDB
[04:55:09] [221/459] KTBH
[04:55:09] [222/459] IDRM
[04:55:10] [223/459] PJJT
[04:55:11] [224/459] PFCV
[04:55:12] [225/459] AACT
[04:55:13] [226/459] AAAD
[04:55:14] [227/459] ANES
[04:55:14] [228/459] MNCA
[04:55:16] [229/459] RMGU
[04:55:17] [230/459] DLCN
[04:55:18] [231/459] LJWT
[04:55:18] [232/459] MCBG
[04:55:19] [233/459] MYBG
[04:55:21] [234/459] GCCA
[04:55:22] [235/459] GCGA
[04:55:22] [236/459] ECGN
[04:55:23] [237/459] PRAB
[04:55:24] [238/459] PNMP
[04:55:25] [239/459] GCPT
[04:55:26] [240/459] ROYN
[04:55:26] [241/459] VATM
[04:55:28] [242/459] KSNT
[04:55:29] [243/459] ACTC
[04:55:30] [244/459] PLTD
[04:55:30] [245/459] SKMK
[04:55:31] [246/459] CMTT
[04:55:32] [247/459] SMXP
[04:55:33] [248/459] SCMX
[04:55:34] [249/459] ACXN
[04:55:34] [250/459] ASWT
[04:55:35] [251/459] VVVL
[04:55:36] [252/459] NAGO
[04:55:37] [253/459] SNCN
[04:55:38] [254/459] MCKP
[04:55:39] [255/459] SAMO
[04:55:39] [256/459] JBTV
[04:55:40] [257/459] DCVV
[04:55:42] [258/459] KMSV
[04:55:43] [259/459] KDCN
[04:55:44] [260/459] CNCP
[04:55:45] [261/459] HAMC
[04:55:45] [262/459] CCVZ
[04:55:46] [263/459] NCCK
[04:55:47] [264/459] MCHR
[04:55:48] [265/459] SCHT
[04:55:49] [266/459] ESSH
[04:55:50] [267/459] CUJC
[04:55:51] [268/459] PECP
[04:55:51] [269/459] PMMI
[04:55:52] [270/459] PCCH
[04:55:53] [271/459] PRPM
[04:55:54] [272/459] PVKL
[04:55:54] [273/459] CBSM
[04:55:56] [274/459] PVCZ
[04:55:57] [275/459] PCVV
[04:55:57] [276/459] CTMJ
[04:55:58] [277/459] RCPS
[04:56:00] [278/459] PCIT
[04:56:01] [279/459] FNCH
[04:56:02] [280/459] INZD
[04:56:02] [281/459] INPC
[04:56:03] [282/459] LCZP
[04:56:05] [283/459] SMCB
[04:56:06] [284/459] PTSB
[04:56:07] [285/459] TPSI
[04:56:08] [286/459] KHMJ
[04:56:09] [287/459] RCCJ
[04:56:10] [288/459] NCJA
[04:56:11] [289/459] NCJN
[04:56:11] [290/459] BTDP
[04:56:12] [291/459] PADY
[04:56:13] [292/459] NYBH
[04:56:14] [293/459] MTBR
[04:56:15] [294/459] KRBC
[04:56:15] [295/459] DKTI
[04:56:16] [296/459] ANAN
[04:56:17] [297/459] INBP
[04:56:18] [298/459] PATB
[04:56:19] [299/459] RGNT
[04:56:20] [300/459] CGPM
[04:56:21] [301/459] INTN
[04:56:21] [302/459] MCMP
[04:56:22] [303/459] ASRG
[04:56:23] [304/459] CXJD
[04:56:24] [305/459] SPCP
[04:56:25] [306/459] CSTP
[04:56:26] [307/459] PKVC
[04:56:27] [308/459] ESCP
[04:56:27] [309/459] CAEP
[04:56:28] [310/459] CCSP
[04:56:29] [311/459] KTPC
[04:56:30] [312/459] DACA
[04:56:31] [313/459] NVKY
[04:56:32] [314/459] PTIN
[04:56:32] [315/459] SCIN
[04:56:33] [316/459] MCTY
[04:56:34] [317/459] PCMX
[04:56:35] [318/459] INIC
[04:56:36] [319/459] MMZM
[04:56:37] [320/459] SSLP
[04:56:37] [321/459] DTDT
[04:56:38] [322/459] FFCX
[04:56:40] [323/459] RCMM
[04:56:41] [324/459] KYID
[04:56:42] [325/459] CSCI
[04:56:43] [326/459] FCMC
[04:56:44] [327/459] MMXI
[04:56:45] [328/459] ASTC
[04:56:45] [329/459] CMRA
[04:56:46] [330/459] DICI
[04:56:47] [331/459] KDIN
[04:56:48] [332/459] PRFI
[04:56:49] [333/459] SVFC
[04:56:50] [334/459] UCPL
[04:56:51] [335/459] COOC
[04:56:52] [336/459] SCAL
[04:56:53] [337/459] SVFF
[04:56:55] [338/459] VCMG
[04:56:56] [339/459] UUCT
[04:56:57] [340/459] GCSE
[04:56:58] [341/459] SUSC
[04:57:00] [342/459] MISC
[04:57:00] [343/459] RMBL
[04:57:02] [344/459] CMXN
[04:57:03] [345/459] PVBK
[04:57:03] [346/459] HHCG
[04:57:04] [347/459] SCAG
[04:57:05] [348/459] CNPR
[04:57:06] [349/459] CSER
[04:57:07] [350/459] HLWD
[04:57:08] [351/459] BOLY
[04:57:10] [352/459] SSPG
[04:57:11] [353/459] MUPX
[04:57:12] [354/459] HAMR
[04:57:13] [355/459] SDNC
[04:57:14] [356/459] RTEN
[04:57:15] [357/459] SDTD
[04:57:16] [358/459] KAWS
[04:57:17] [359/459] CMZX
[04:57:17] [360/459] DCDD
[04:57:18] [361/459] ALSN
[04:57:19] [362/459] IMXS
[04:57:20] [363/459] PVFF
[04:57:21] [364/459] PVOO
[04:57:21] [365/459] CFBS
[04:57:22] [366/459] PVER
[04:57:23] [367/459] PPNX
[04:57:24] [368/459] CNRM
[04:57:25] [369/459] PVWW
[04:57:26] [370/459] INMB
[04:57:28] [371/459] CPJR
[04:57:30] [372/459] INRZ
[04:57:31] [373/459] PMSR
[04:57:32] [374/459] GPGM
[04:57:33] [375/459] PGWB
[04:57:33] [376/459] PMBR
[04:57:34] [377/459] GPAM
[04:57:35] [378/459] INBC
[04:57:36] [379/459] PZVK
[04:57:37] [380/459] CPEB
[04:57:37] [381/459] FMLB
[04:57:38] [382/459] INBG
[04:57:40] [383/459] GPBR
[04:57:41] [384/459] PAAS
[04:57:42] [385/459] VTBR
[04:57:43] [386/459] GPMY
[04:57:45] [387/459] GYBU
[04:57:46] [388/459] INBJ
[04:57:47] [389/459] LKTH
[04:57:47] [390/459] NSBR
[04:57:48] [391/459] PDRD
[04:57:49] [392/459] VRBL
[04:57:50] [393/459] VTGB
[04:57:51] [394/459] VTSK
[04:57:52] [395/459] BKDV
[04:57:53] [396/459] SVTB
[04:57:54] [397/459] MLDT
[04:57:54] [398/459] NRBL
[04:57:55] [399/459] SLTR
[04:57:56] [400/459] VNKA
[04:57:57] [401/459] TDCA
[04:57:58] [402/459] INBM
[04:57:58] [403/459] SSNR
[04:58:00] [404/459] BHAC
[04:58:01] [405/459] SDSD
[04:58:02] [406/459] SAMP
[04:58:04] [407/459] RATK
[04:58:05] [408/459] KCBI
[04:58:06] [409/459] URBL
[04:58:06] [410/459] MKBG
[04:58:07] [411/459] ASTB
[04:58:08] [412/459] VBWT
[04:58:09] [413/459] GPSM
[04:58:09] [414/459] ROON
[04:58:10] [415/459] CHTH
[04:58:11] [416/459] SSPA
[04:58:12] [417/459] ANBL
[04:58:13] [418/459] VTBE
[04:58:13] [419/459] SVKT
[04:58:15] [420/459] SVYK
[04:58:16] [421/459] PTBK
[04:58:17] [422/459] RKTB
[04:58:18] [423/459] BALT
[04:58:18] [424/459] STSV
[04:58:19] [425/459] VCCB
[04:58:20] [426/459] SLTB
[04:58:20] [427/459] SBCR
[04:58:21] [428/459] VDCS
[04:58:22] [429/459] MDKI
[04:58:24] [430/459] SMRN
[04:58:25] [431/459] PTBC
[04:58:26] [432/459] RADI
[04:58:27] [433/459] ADCR
[04:58:28] [434/459] SDCS
[04:58:28] [435/459] SRPJ
[04:58:30] [436/459] ARTS
[04:58:31] [437/459] SRHK
[04:58:32] [438/459] SPAY
[04:58:33] [439/459] GPTB
[04:58:34] [440/459] SNNN
[04:58:34] [441/459] BALJ
[04:58:36] [442/459] TRIG
[04:58:37] [443/459] GTYT
[04:58:37] [444/459] ATGN
[04:58:39] [445/459] ANTE
[04:58:40] [446/459] BDCG
[04:58:41] [447/459] VECI
[04:58:41] [448/459] SCPR
[04:58:43] [449/459] RTEA
[04:58:44] [450/459] JSAI
[04:58:45] [451/459] VJTP
[04:58:46] [452/459] GNDS
[04:58:46] [453/459] PAXA
[04:58:47] [454/459] CGGM
[04:58:49] [455/459] ACKZ
[04:58:50] [456/459] EMCC
[04:58:51] [457/459] KLSK
[04:58:51] [458/459] AVCK
[04:58:52] [459/459] JTCK
[04:58:53] 🧹 Deduping shows
[04:58:53] ✅ DONE | Shows=663 | Movies=65
