[10:11:40] 🚀 SCRIPT STARTED
[10:11:40] [1/459] MBDC
[10:11:40] 🧠 New identity created
[10:11:40] [2/459] CHKM
[10:11:41] [3/459] JTKZ
[10:11:42] [4/459] CMCT
[10:11:42] [5/459] ASHO
[10:11:42] [6/459] ECDG
[10:11:43] [7/459] SPAT
[10:11:44] [8/459] HILC
[10:11:44] [9/459] SPPH
[10:11:45] [10/459] SBHN
[10:11:46] [11/459] RRCA
[10:11:46] [12/459] APAA
[10:11:47] [13/459] RAME
[10:11:47] [14/459] TMMS
[10:11:48] [15/459] BATK
[10:11:49] [16/459] LKOP
[10:11:49] [17/459] AMTT
[10:11:50] [18/459] PTGK
[10:11:51] [19/459] ANRS
[10:11:51] [20/459] VWBW
[10:11:52] [21/459] SVFG
[10:11:52] [22/459] STAT
[10:11:53] [23/459] GDCV
[10:11:54] [24/459] VEBI
[10:11:54] [25/459] VDSS
[10:11:55] [26/459] NTHV
[10:11:55] [27/459] AOCH
[10:11:56] [28/459] KASR
[10:11:56] [29/459] AYCS
[10:11:57] [30/459] SHAI
[10:11:57] [31/459] SKPE
[10:11:58] [32/459] SBTA
[10:11:59] [33/459] RTTD
[10:11:59] [34/459] CCJD
[10:12:00] [35/459] RSJJ
[10:12:00] [36/459] RKND
[10:12:01] [37/459] SVTX
[10:12:01] [38/459] BAKM
[10:12:02] [39/459] SVDC
[10:12:03] [40/459] MNCV
[10:12:03] [41/459] SJGC
[10:12:04] [42/459] MTPK
[10:12:04] [43/459] GATP
[10:12:05] [44/459] ABTS
[10:12:06] [45/459] ABDE
[10:12:07] [46/459] RCNM
[10:12:07] [47/459] KTHV
[10:12:08] [48/459] MDGJ
[10:12:09] [49/459] SMLM
[10:12:09] [50/459] JTMA
[10:12:10] [51/459] ACKP
[10:12:10] [52/459] SRTA
[10:12:11] [53/459] STAY
[10:12:12] [54/459] MAVO
[10:12:12] [55/459] APTS
[10:12:12] [56/459] OMEA
[10:12:13] [57/459] TTFD
[10:12:13] [58/459] MJCU
[10:12:14] [59/459] CXTE
[10:12:15] [60/459] CTPX
[10:12:15] [61/459] ASSL
[10:12:16] [62/459] CMVB
[10:12:16] [63/459] VPUR
[10:12:17] [64/459] JJDA
[10:12:18] [65/459] INBL
[10:12:18] [66/459] BIKB
[10:12:19] [67/459] NTBB
[10:12:20] [68/459] GLOB
[10:12:20] [69/459] SNTB
[10:12:21] [70/459] CHGV
[10:12:21] [71/459] SSBZ
[10:12:22] [72/459] PRDB
[10:12:23] [73/459] ISMT
[10:12:23] [74/459] MCSD
[10:12:23] [75/459] JBTT
[10:12:24] [76/459] GEKR
[10:12:25] [77/459] PVUN
[10:12:25] [78/459] NRTB
[10:12:26] [79/459] PRAA
[10:12:26] [80/459] PCBL
[10:12:27] [81/459] PTCM
[10:12:28] [82/459] KHNN
[10:12:28] [83/459] OMJE
[10:12:29] [84/459] STGN
[10:12:29] [85/459] RPMS
[10:12:30] [86/459] NWAD
[10:12:31] [87/459] BLCK
[10:12:31] [88/459] SVAA
[10:12:32] [89/459] URVM
[10:12:33] [90/459] ANTM
[10:12:33] [91/459] VJYM
[10:12:34] [92/459] MAZZ
[10:12:35] [93/459] CSHM
[10:12:35] [94/459] WGMH
[10:12:36] [95/459] SALN
[10:12:36] [96/459] BRTP
[10:12:37] [97/459] SVTA
[10:12:38] [98/459] SBTP
[10:12:38] [99/459] VLSS
[10:12:39] [100/459] SRJA
[10:12:40] [101/459] ANCG
[10:12:40] [102/459] CGGC
[10:12:41] [103/459] CRJA
[10:12:41] [104/459] USCR
[10:12:42] [105/459] MMEF
[10:12:42] [106/459] JCRJ
[10:12:43] [107/459] ADCM
[10:12:43] [108/459] BMYK
[10:12:44] [109/459] KICS
[10:12:44] [110/459] MBBT
[10:12:45] [111/459] MACK
[10:12:45] [112/459] CLDR
[10:12:46] [113/459] JYCR
[10:12:47] [114/459] DCRP
[10:12:47] [115/459] RAHT
[10:12:47] [116/459] CSSM
[10:12:48] [117/459] ATPK
[10:12:49] [118/459] KLRT
[10:12:49] [119/459] SRDD
[10:12:50] [120/459] CKMC
[10:12:50] [121/459] KRVM
[10:12:51] [122/459] AKCP
[10:12:52] [123/459] CNCV
[10:12:52] [124/459] PACT
[10:12:53] [125/459] NATP
[10:12:53] [126/459] PCPK
[10:12:54] [127/459] SMHO
[10:12:55] [128/459] CWTK
[10:12:55] [129/459] RVKZ
[10:12:56] [130/459] ASPD
[10:12:56] [131/459] VTKZ
[10:12:57] [132/459] LCSO
[10:12:57] [133/459] PRDY
[10:12:58] [134/459] RCAP
[10:12:58] [135/459] RGAR
[10:12:59] [136/459] RCAC
[10:12:59] [137/459] PMOD
[10:13:00] [138/459] PVCN
[10:13:00] [139/459] SCRZ
[10:13:01] [140/459] PVPC
[10:13:01] [141/459] STID
[10:13:02] [142/459] NEDD
[10:13:03] [143/459] BNBA
[10:13:04] [144/459] NTCD
[10:13:05] [145/459] OCDE
[10:13:05] [146/459] CCDU
[10:13:06] [147/459] CRXH
[10:13:07] [148/459] VLVT
[10:13:08] [149/459] CICI
[10:13:09] [150/459] SUCB
[10:13:09] [151/459] TCBP
[10:13:10] [152/459] SCCY
[10:13:11] [153/459] LXCY
[10:13:12] [154/459] NCMD
[10:13:13] [155/459] PHCS
[10:13:14] [156/459] DUXR
[10:13:14] [157/459] VNKS
[10:13:15] [158/459] SEDP
[10:13:16] [159/459] SVEN
[10:13:17] [160/459] SRKM
[10:13:18] [161/459] JTLT
[10:13:19] [162/459] SVSS
[10:13:19] [163/459] AMDE
[10:13:20] [164/459] WVRN
[10:13:21] [165/459] ISMG
[10:13:22] [166/459] WVKS
[10:13:23] [167/459] USCG
[10:13:23] [168/459] IOTG
[10:13:25] [169/459] RRJM
[10:13:25] [170/459] EDMP
[10:13:27] [171/459] SCGZ
[10:13:28] [172/459] GMGX
[10:13:29] [173/459] OMTP
[10:13:30] [174/459] MITD
[10:13:31] [175/459] SMMD
[10:13:31] [176/459] STML
[10:13:32] [177/459] MCFS
[10:13:33] [178/459] FPKA
[10:13:34] [179/459] OMLR
[10:13:35] [180/459] KKSC
[10:13:36] [181/459] RVMA
[10:13:37] [182/459] SCLL
[10:13:37] [183/459] SCDK
[10:13:38] [184/459] SXMI
[10:13:39] [185/459] SHDN
[10:13:40] [186/459] PAAD
[10:13:40] [187/459] UUCB
[10:13:41] [188/459] JHOL
[10:13:42] [189/459] SGWT
[10:13:43] [190/459] SRII
[10:13:44] [191/459] SGCK
[10:13:44] [192/459] SVVB
[10:13:45] [193/459] DMHA
[10:13:46] [194/459] PPNL
[10:13:46] [195/459] CPNL
[10:13:47] [196/459] WVLD
[10:13:48] [197/459] PSLV
[10:13:49] [198/459] VTTL
[10:13:50] [199/459] NPAD
[10:13:51] [200/459] PVCS
[10:13:52] [201/459] MCHL
[10:13:53] [202/459] PPLL
[10:13:53] [203/459] MALO
[10:13:54] [204/459] SWBH
[10:13:55] [205/459] PUGB
[10:13:56] [206/459] INBB
[10:13:56] [207/459] INNS
[10:13:57] [208/459] MCPT
[10:13:58] [209/459] SCMI
[10:13:59] [210/459] OCON
[10:14:00] [211/459] SCSM
[10:14:00] [212/459] RJVN
[10:14:01] [213/459] AMDK
[10:14:03] [214/459] ISMR
[10:14:04] [215/459] SMTD
[10:14:05] [216/459] VTDD
[10:14:05] [217/459] PDDZ
[10:14:06] [218/459] PCCK
[10:14:07] [219/459] INAM
[10:14:08] [220/459] FNKT
[10:14:08] [221/459] GDKA
[10:14:09] [222/459] MAYU
[10:14:10] [223/459] TCGU
[10:14:11] [224/459] KDCA
[10:14:12] [225/459] DOMY
[10:14:12] [226/459] PDDD
[10:14:13] [227/459] BJTS
[10:14:14] [228/459] VTCA
[10:14:15] [229/459] SBTM
[10:14:16] [230/459] SEET
[10:14:16] [231/459] SSTJ
[10:14:17] [232/459] SVNT
[10:14:18] [233/459] PPPR
[10:14:19] [234/459] PVYS
[10:14:20] [235/459] IOSE
[10:14:21] [236/459] ACTV
[10:14:22] [237/459] APVE
[10:14:23] [238/459] TCCL
[10:14:23] [239/459] SCMO
[10:14:24] [240/459] SAUM
[10:14:25] [241/459] KCJS
[10:14:27] [242/459] NJCJ
[10:14:28] [243/459] NECF
[10:14:28] [244/459] CCGW
[10:14:29] [245/459] CCMG
[10:14:30] [246/459] NYRG
[10:14:31] [247/459] NCSQ
[10:14:31] [248/459] GRCG
[10:14:32] [249/459] CCBT
[10:14:33] [250/459] ACGA
[10:14:34] [251/459] INAG
[10:14:35] [252/459] FUCG
[10:14:36] [253/459] AICF
[10:14:37] [254/459] GRGA
[10:14:38] [255/459] GDCN
[10:14:38] [256/459] RRCG
[10:14:39] [257/459] SDCH
[10:14:41] [258/459] WVJM
[10:14:41] [259/459] JCCZ
[10:14:42] [260/459] CNCL
[10:14:43] [261/459] TMLV
[10:14:44] [262/459] MEMB
[10:14:45] [263/459] SGTD
[10:14:45] [264/459] CONX
[10:14:47] [265/459] CCMH
[10:14:48] [266/459] ACMC
[10:14:49] [267/459] DTPD
[10:14:49] [268/459] POJA
[10:14:50] [269/459] FNBH
[10:14:51] [270/459] CGCB
[10:14:52] [271/459] RACN
[10:14:53] [272/459] JTSM
[10:14:53] [273/459] SCDN
[10:14:54] [274/459] AACK
[10:14:55] [275/459] RMCE
[10:14:56] [276/459] BSGB
[10:14:57] [277/459] MRCB
[10:14:57] [278/459] SRVR
[10:14:58] [279/459] VTKK
[10:14:59] [280/459] AMST
[10:15:00] [281/459] APCY
[10:15:01] [282/459] LMHO
[10:15:02] [283/459] MTZH
[10:15:03] [284/459] AMZB
[10:15:03] [285/459] SUVT
[10:15:04] [286/459] RCIP
[10:15:05] [287/459] KESR
[10:15:06] [288/459] SNKC
[10:15:06] [289/459] SCED
[10:15:07] [290/459] DVCA
[10:15:08] [291/459] VCDT
[10:15:09] [292/459] RRDI
[10:15:10] [293/459] DFCH
[10:15:10] [294/459] INSC
[10:15:12] [295/459] RGTR
[10:15:12] [296/459] FMOT
[10:15:13] [297/459] SCPM
[10:15:14] [298/459] GCDT
[10:15:15] [299/459] BRKT
[10:15:16] [300/459] DEMP
[10:15:16] [301/459] SRLC
[10:15:17] [302/459] KSTT
[10:15:18] [303/459] SMMT
[10:15:19] [304/459] SILM
[10:15:20] [305/459] JCVM
[10:15:21] [306/459] KCSV
[10:15:21] [307/459] MHLK
[10:15:22] [308/459] SLVL
[10:15:23] [309/459] RJKP
[10:15:24] [310/459] BBPC
[10:15:24] [311/459] MXCB
[10:15:25] [312/459] TCPK
[10:15:26] [313/459] RTBR
[10:15:27] [314/459] GAUT
[10:15:29] [315/459] DVCF
[10:15:30] [316/459] JTSB
[10:15:30] [317/459] SBLS
[10:15:32] [318/459] UDAY
[10:15:32] [319/459] PTNP
[10:15:34] [320/459] DMKT
[10:15:34] [321/459] NTDT
[10:15:35] [322/459] SHDJ
[10:15:36] [323/459] OTNC
[10:15:36] [324/459] RNTW
[10:15:37] [325/459] GCMI
[10:15:38] [326/459] CRCM
[10:15:39] [327/459] NNCZ
[10:15:39] [328/459] OEMO
[10:15:40] [329/459] PVJM
[10:15:41] [330/459] CPJI
[10:15:42] [331/459] RMCJ
[10:15:42] [332/459] CNWJ
[10:15:43] [333/459] EPJM
[10:15:44] [334/459] FNJJ
[10:15:46] [335/459] GCMJ
[10:15:47] [336/459] INPS
[10:15:48] [337/459] BICJ
[10:15:48] [338/459] ISTJ
[10:15:49] [339/459] INJC
[10:15:50] [340/459] GLXJ
[10:15:51] [341/459] INEM
[10:15:51] [342/459] JTMN
[10:15:52] [343/459] FRCJ
[10:15:53] [344/459] DDJP
[10:15:54] [345/459] INJV
[10:15:55] [346/459] GOLC
[10:15:55] [347/459] KOCI
[10:15:56] [348/459] FSTD
[10:15:57] [349/459] PACJ
[10:15:58] [350/459] GMCN
[10:15:59] [351/459] MMDJ
[10:16:00] [352/459] GODH
[10:16:01] [353/459] SKYN
[10:16:02] [354/459] NCTH
[10:16:02] [355/459] SKVZ
[10:16:03] [356/459] SVML
[10:16:04] [357/459] ACVZ
[10:16:05] [358/459] SURA
[10:16:06] [359/459] RTRB
[10:16:07] [360/459] LLCT
[10:16:08] [361/459] ATTS
[10:16:08] [362/459] JYCM
[10:16:09] [363/459] CTKR
[10:16:09] [364/459] LCKR
[10:16:11] [365/459] NYCV
[10:16:11] [366/459] NYOH
[10:16:12] [367/459] NOVX
[10:16:13] [368/459] MRGK
[10:16:14] [369/459] MOON
[10:16:15] [370/459] SBUC
[10:16:16] [371/459] GSVA
[10:16:16] [372/459] VIAK
[10:16:17] [373/459] SMVZ
[10:16:18] [374/459] MATE
[10:16:19] [375/459] RDCN
[10:16:20] [376/459] ASBL
[10:16:21] [377/459] ASVS
[10:16:21] [378/459] ASSR
[10:16:22] [379/459] SSKN
[10:16:23] [380/459] DRPV
[10:16:24] [381/459] MRHT
[10:16:24] [382/459] BSCN
[10:16:25] [383/459] RKNX
[10:16:26] [384/459] MSMC
[10:16:27] [385/459] MSCJ
[10:16:28] [386/459] BTBJ
[10:16:29] [387/459] MJCC
[10:16:29] [388/459] IOMM
[10:16:30] [389/459] ADGR
[10:16:31] [390/459] MYCP
[10:16:32] [391/459] IGCM
[10:16:33] [392/459] PGRK
[10:16:34] [393/459] VPGO
[10:16:35] [394/459] KOMS
[10:16:35] [395/459] URGG
[10:16:36] [396/459] GOST
[10:16:37] [397/459] LACT
[10:16:38] [398/459] BWCM
[10:16:38] [399/459] NCCW
[10:16:39] [400/459] SKYC
[10:16:40] [401/459] CCPM
[10:16:41] [402/459] VCBT
[10:16:42] [403/459] SDKR
[10:16:43] [404/459] CTYB
[10:16:44] [405/459] SHCX
[10:16:44] [406/459] RCUN
[10:16:45] [407/459] CNRA
[10:16:46] [408/459] RFCA
[10:16:46] [409/459] RDCU
[10:16:47] [410/459] SARK
[10:16:48] [411/459] SPPP
[10:16:49] [412/459] ADMB
[10:16:50] [413/459] JYOE
[10:16:50] [414/459] SRMD
[10:16:51] [415/459] RJDH
[10:16:52] [416/459] SSTD
[10:16:53] [417/459] AACV
[10:16:53] [418/459] PPVD
[10:16:54] [419/459] STCP
[10:16:55] [420/459] ANJR
[10:16:56] [421/459] ANLS
[10:16:58] [422/459] BIJO
[10:16:59] [423/459] AVAB
[10:16:59] [424/459] SPMD
[10:17:00] [425/459] SVJL
[10:17:01] [426/459] SDDJ
[10:17:02] [427/459] SLTU
[10:17:02] [428/459] SAKA
[10:17:03] [429/459] PMAM
[10:17:04] [430/459] FNAM
[10:17:05] [431/459] ACAM
[10:17:06] [432/459] SCMM
[10:17:06] [433/459] PMAK
[10:17:07] [434/459] NYSA
[10:17:08] [435/459] FCPA
[10:17:09] [436/459] GDAN
[10:17:09] [437/459] RSCA
[10:17:10] [438/459] DMAN
[10:17:11] [439/459] DZCM
[10:17:12] [440/459] NSGL
[10:17:13] [441/459] CCPP
[10:17:14] [442/459] PSMG
[10:17:15] [443/459] GSER
[10:17:16] [444/459] FCCT
[10:17:17] [445/459] FCTB
[10:17:18] [446/459] LCNK
[10:17:19] [447/459] SKTY
[10:17:19] [448/459] INAA
[10:17:20] [449/459] RCWN
[10:17:21] [450/459] VAIS
[10:17:22] [451/459] CVMN
[10:17:23] [452/459] INTS
[10:17:25] [453/459] FRGS
[10:17:26] [454/459] DTCK
[10:17:27] [455/459] MCMH
[10:17:27] [456/459] ECRR
[10:17:28] [457/459] RLLP
[10:17:29] [458/459] CCSN
[10:17:30] [459/459] CCBA
[10:17:31] 🧹 Deduping shows
[10:17:31] ✅ DONE | Shows=825 | Movies=62
[16:51:39] 🚀 SCRIPT STARTED
[16:51:39] [1/459] MBDC
[16:51:39] 🧠 New identity created
[16:51:39] [2/459] CHKM
[16:51:40] [3/459] JTKZ
[16:51:41] [4/459] CMCT
[16:51:41] [5/459] ASHO
[16:51:42] [6/459] ECDG
[16:51:43] [7/459] SPAT
[16:51:43] [8/459] HILC
[16:51:44] [9/459] SPPH
[16:51:44] [10/459] SBHN
[16:51:45] [11/459] RRCA
[16:51:46] [12/459] APAA
[16:51:46] [13/459] RAME
[16:51:47] [14/459] TMMS
[16:51:47] [15/459] BATK
[16:51:48] [16/459] LKOP
[16:51:48] [17/459] AMTT
[16:51:49] [18/459] PTGK
[16:51:50] [19/459] ANRS
[16:51:50] [20/459] VWBW
[16:51:51] [21/459] SVFG
[16:51:51] [22/459] STAT
[16:51:52] [23/459] GDCV
[16:51:53] [24/459] VEBI
[16:51:53] [25/459] VDSS
[16:51:54] [26/459] NTHV
[16:51:54] [27/459] AOCH
[16:51:55] [28/459] KASR
[16:51:56] [29/459] AYCS
[16:51:56] [30/459] SHAI
[16:51:57] [31/459] SKPE
[16:51:57] [32/459] SBTA
[16:51:58] [33/459] RTTD
[16:51:59] [34/459] CCJD
[16:51:59] [35/459] RSJJ
[16:52:00] [36/459] RKND
[16:52:00] [37/459] SVTX
[16:52:01] [38/459] BAKM
[16:52:01] [39/459] SVDC
[16:52:02] [40/459] MNCV
[16:52:03] [41/459] SJGC
[16:52:03] [42/459] MTPK
[16:52:04] [43/459] GATP
[16:52:04] [44/459] ABTS
[16:52:05] [45/459] ABDE
[16:52:06] [46/459] RCNM
[16:52:06] [47/459] KTHV
[16:52:07] [48/459] MDGJ
[16:52:08] [49/459] SMLM
[16:52:08] [50/459] JTMA
[16:52:08] [51/459] ACKP
[16:52:09] [52/459] SRTA
[16:52:10] [53/459] STAY
[16:52:10] [54/459] MAVO
[16:52:11] [55/459] APTS
[16:52:11] [56/459] OMEA
[16:52:12] [57/459] TTFD
[16:52:13] [58/459] MJCU
[16:52:13] [59/459] CXTE
[16:52:14] [60/459] CTPX
[16:52:14] [61/459] ASSL
[16:52:15] [62/459] CMVB
[16:52:16] [63/459] VPUR
[16:52:16] [64/459] JJDA
[16:52:17] [65/459] INBL
[16:52:17] [66/459] BIKB
[16:52:18] [67/459] NTBB
[16:52:19] [68/459] GLOB
[16:52:19] [69/459] SNTB
[16:52:20] [70/459] CHGV
[16:52:20] [71/459] SSBZ
[16:52:21] [72/459] PRDB
[16:52:21] [73/459] ISMT
[16:52:22] [74/459] MCSD
[16:52:23] [75/459] JBTT
[16:52:23] [76/459] GEKR
[16:52:24] [77/459] PVUN
[16:52:25] [78/459] NRTB
[16:52:25] [79/459] PRAA
[16:52:26] [80/459] PCBL
[16:52:26] [81/459] PTCM
[16:52:27] [82/459] KHNN
[16:52:27] [83/459] OMJE
[16:52:28] [84/459] STGN
[16:52:28] [85/459] RPMS
[16:52:29] [86/459] NWAD
[16:52:29] [87/459] BLCK
[16:52:30] [88/459] SVAA
[16:52:31] [89/459] URVM
[16:52:31] [90/459] ANTM
[16:52:32] [91/459] VJYM
[16:52:33] [92/459] MAZZ
[16:52:33] [93/459] CSHM
[16:52:34] [94/459] WGMH
[16:52:34] [95/459] SALN
[16:52:35] [96/459] BRTP
[16:52:36] [97/459] SVTA
[16:52:36] [98/459] SBTP
[16:52:37] [99/459] VLSS
[16:52:37] [100/459] SRJA
[16:52:38] [101/459] ANCG
[16:52:38] [102/459] CGGC
[16:52:39] [103/459] CRJA
[16:52:40] [104/459] USCR
[16:52:40] [105/459] MMEF
[16:52:41] [106/459] JCRJ
[16:52:42] [107/459] ADCM
[16:52:42] [108/459] BMYK
[16:52:43] [109/459] KICS
[16:52:43] [110/459] MBBT
[16:52:44] [111/459] MACK
[16:52:44] [112/459] CLDR
[16:52:45] [113/459] JYCR
[16:52:45] [114/459] DCRP
[16:52:46] [115/459] RAHT
[16:52:46] [116/459] CSSM
[16:52:47] [117/459] ATPK
[16:52:47] [118/459] KLRT
[16:52:48] [119/459] SRDD
[16:52:48] [120/459] CKMC
[16:52:49] [121/459] KRVM
[16:52:49] [122/459] AKCP
[16:52:50] [123/459] CNCV
[16:52:51] [124/459] PACT
[16:52:51] [125/459] NATP
[16:52:52] [126/459] PCPK
[16:52:52] [127/459] SMHO
[16:52:53] [128/459] CWTK
[16:52:53] [129/459] RVKZ
[16:52:54] [130/459] ASPD
[16:52:54] [131/459] VTKZ
[16:52:55] [132/459] LCSO
[16:52:55] [133/459] PRDY
[16:52:56] [134/459] RCAP
[16:52:57] [135/459] RGAR
[16:52:57] [136/459] RCAC
[16:52:58] [137/459] PMOD
[16:52:58] [138/459] PVCN
[16:52:59] [139/459] SCRZ
[16:52:59] [140/459] PVPC
[16:53:00] [141/459] STID
[16:53:01] [142/459] NEDD
[16:53:01] [143/459] BNBA
[16:53:02] [144/459] NTCD
[16:53:02] [145/459] OCDE
[16:53:03] [146/459] CCDU
[16:53:04] [147/459] CRXH
[16:53:04] [148/459] VLVT
[16:53:05] [149/459] CICI
[16:53:06] [150/459] SUCB
[16:53:06] [151/459] TCBP
[16:53:07] [152/459] SCCY
[16:53:07] [153/459] LXCY
[16:53:08] [154/459] NCMD
[16:53:08] [155/459] PHCS
[16:53:09] [156/459] DUXR
[16:53:10] [157/459] VNKS
[16:53:10] [158/459] SEDP
[16:53:11] [159/459] SVEN
[16:53:11] [160/459] SRKM
[16:53:12] [161/459] JTLT
[16:53:12] [162/459] SVSS
[16:53:13] [163/459] AMDE
[16:53:13] [164/459] WVRN
[16:53:14] [165/459] ISMG
[16:53:14] [166/459] WVKS
[16:53:15] [167/459] USCG
[16:53:16] [168/459] IOTG
[16:53:16] [169/459] RRJM
[16:53:17] [170/459] EDMP
[16:53:17] [171/459] SCGZ
[16:53:18] [172/459] GMGX
[16:53:19] [173/459] OMTP
[16:53:19] [174/459] MITD
[16:53:20] [175/459] SMMD
[16:53:20] [176/459] STML
[16:53:21] [177/459] MCFS
[16:53:21] [178/459] FPKA
[16:53:22] [179/459] OMLR
[16:53:23] [180/459] KKSC
[16:53:23] [181/459] RVMA
[16:53:24] [182/459] SCLL
[16:53:24] [183/459] SCDK
[16:53:25] [184/459] SXMI
[16:53:25] [185/459] SHDN
[16:53:26] [186/459] PAAD
[16:53:26] [187/459] UUCB
[16:53:27] [188/459] JHOL
[16:53:28] [189/459] SGWT
[16:53:28] [190/459] SRII
[16:53:29] [191/459] SGCK
[16:53:30] [192/459] SVVB
[16:53:30] [193/459] DMHA
[16:53:31] [194/459] PPNL
[16:53:31] [195/459] CPNL
[16:53:32] [196/459] WVLD
[16:53:32] [197/459] PSLV
[16:53:33] [198/459] VTTL
[16:53:34] [199/459] NPAD
[16:53:34] [200/459] PVCS
[16:53:35] [201/459] MCHL
[16:53:35] [202/459] PPLL
[16:53:36] [203/459] MALO
[16:53:37] [204/459] SWBH
[16:53:37] [205/459] PUGB
[16:53:38] [206/459] INBB
[16:53:38] [207/459] INNS
[16:53:39] [208/459] MCPT
[16:53:40] [209/459] SCMI
[16:53:40] [210/459] OCON
[16:53:41] [211/459] SCSM
[16:53:41] [212/459] RJVN
[16:53:42] [213/459] AMDK
[16:53:43] [214/459] ISMR
[16:53:43] [215/459] SMTD
[16:53:44] [216/459] VTDD
[16:53:44] [217/459] PDDZ
[16:53:45] [218/459] PCCK
[16:53:45] [219/459] INAM
[16:53:46] [220/459] FNKT
[16:53:46] [221/459] GDKA
[16:53:47] [222/459] MAYU
[16:53:48] [223/459] TCGU
[16:53:48] [224/459] KDCA
[16:53:49] [225/459] DOMY
[16:53:50] [226/459] PDDD
[16:53:50] [227/459] BJTS
[16:53:51] [228/459] VTCA
[16:53:51] [229/459] SBTM
[16:53:52] [230/459] SEET
[16:53:53] [231/459] SSTJ
[16:53:53] [232/459] SVNT
[16:53:53] [233/459] PPPR
[16:53:54] [234/459] PVYS
[16:53:55] [235/459] IOSE
[16:53:56] [236/459] ACTV
[16:53:56] [237/459] APVE
[16:53:57] [238/459] TCCL
[16:53:57] [239/459] SCMO
[16:53:58] [240/459] SAUM
[16:53:58] [241/459] KCJS
[16:53:59] [242/459] NJCJ
[16:54:00] [243/459] NECF
[16:54:00] [244/459] CCGW
[16:54:01] [245/459] CCMG
[16:54:02] [246/459] NYRG
[16:54:02] [247/459] NCSQ
[16:54:03] [248/459] GRCG
[16:54:03] [249/459] CCBT
[16:54:04] [250/459] ACGA
[16:54:04] [251/459] INAG
[16:54:05] [252/459] FUCG
[16:54:05] [253/459] AICF
[16:54:06] [254/459] GRGA
[16:54:06] [255/459] GDCN
[16:54:07] [256/459] RRCG
[16:54:08] [257/459] SDCH
[16:54:08] [258/459] WVJM
[16:54:09] [259/459] JCCZ
[16:54:09] [260/459] CNCL
[16:54:10] [261/459] TMLV
[16:54:10] [262/459] MEMB
[16:54:11] [263/459] SGTD
[16:54:12] [264/459] CONX
[16:54:12] [265/459] CCMH
[16:54:13] [266/459] ACMC
[16:54:13] [267/459] DTPD
[16:54:14] [268/459] POJA
[16:54:14] [269/459] FNBH
[16:54:15] [270/459] CGCB
[16:54:16] [271/459] RACN
[16:54:16] [272/459] JTSM
[16:54:17] [273/459] SCDN
[16:54:17] [274/459] AACK
[16:54:18] [275/459] RMCE
[16:54:19] [276/459] BSGB
[16:54:19] [277/459] MRCB
[16:54:20] [278/459] SRVR
[16:54:21] [279/459] VTKK
[16:54:21] [280/459] AMST
[16:54:22] [281/459] APCY
[16:54:23] [282/459] LMHO
[16:54:23] [283/459] MTZH
[16:54:24] [284/459] AMZB
[16:54:24] [285/459] SUVT
[16:54:25] [286/459] RCIP
[16:54:25] [287/459] KESR
[16:54:26] [288/459] SNKC
[16:54:27] [289/459] SCED
[16:54:27] [290/459] DVCA
[16:54:28] [291/459] VCDT
[16:54:28] [292/459] RRDI
[16:54:29] [293/459] DFCH
[16:54:29] [294/459] INSC
[16:54:30] [295/459] RGTR
[16:54:30] [296/459] FMOT
[16:54:31] [297/459] SCPM
[16:54:32] [298/459] GCDT
[16:54:32] [299/459] BRKT
[16:54:33] [300/459] DEMP
[16:54:33] [301/459] SRLC
[16:54:34] [302/459] KSTT
[16:54:35] [303/459] SMMT
[16:54:35] [304/459] SILM
[16:54:36] [305/459] JCVM
[16:54:37] [306/459] KCSV
[16:54:37] [307/459] MHLK
[16:54:38] [308/459] SLVL
[16:54:38] [309/459] RJKP
[16:54:39] [310/459] BBPC
[16:54:39] [311/459] MXCB
[16:54:40] [312/459] TCPK
[16:54:40] [313/459] RTBR
[16:54:41] [314/459] GAUT
[16:54:41] [315/459] DVCF
[16:54:42] [316/459] JTSB
[16:54:42] [317/459] SBLS
[16:54:43] [318/459] UDAY
[16:54:44] [319/459] PTNP
[16:54:44] [320/459] DMKT
[16:54:45] [321/459] NTDT
[16:54:45] [322/459] SHDJ
[16:54:46] [323/459] OTNC
[16:54:46] [324/459] RNTW
[16:54:47] [325/459] GCMI
[16:54:48] [326/459] CRCM
[16:54:48] [327/459] NNCZ
[16:54:49] [328/459] OEMO
[16:54:49] [329/459] PVJM
[16:54:50] [330/459] CPJI
[16:54:51] [331/459] RMCJ
[16:54:51] [332/459] CNWJ
[16:54:52] [333/459] EPJM
[16:54:52] [334/459] FNJJ
[16:54:53] [335/459] GCMJ
[16:54:53] [336/459] INPS
[16:54:54] [337/459] BICJ
[16:54:55] [338/459] ISTJ
[16:54:55] [339/459] INJC
[16:54:56] [340/459] GLXJ
[16:54:56] [341/459] INEM
[16:54:57] [342/459] JTMN
[16:54:58] [343/459] FRCJ
[16:54:58] [344/459] DDJP
[16:54:59] [345/459] INJV
[16:54:59] [346/459] GOLC
[16:54:59] [347/459] KOCI
[16:55:00] [348/459] FSTD
[16:55:01] [349/459] PACJ
[16:55:01] [350/459] GMCN
[16:55:02] [351/459] MMDJ
[16:55:03] [352/459] GODH
[16:55:03] [353/459] SKYN
[16:55:04] [354/459] NCTH
[16:55:04] [355/459] SKVZ
[16:55:05] [356/459] SVML
[16:55:05] [357/459] ACVZ
[16:55:06] [358/459] SURA
[16:55:06] [359/459] RTRB
[16:55:07] [360/459] LLCT
[16:55:07] [361/459] ATTS
[16:55:08] [362/459] JYCM
[16:55:08] [363/459] CTKR
[16:55:09] [364/459] LCKR
[16:55:09] [365/459] NYCV
[16:55:10] [366/459] NYOH
[16:55:11] [367/459] NOVX
[16:55:11] [368/459] MRGK
[16:55:12] [369/459] MOON
[16:55:12] [370/459] SBUC
[16:55:13] [371/459] GSVA
[16:55:13] [372/459] VIAK
[16:55:14] [373/459] SMVZ
[16:55:14] [374/459] MATE
[16:55:15] [375/459] RDCN
[16:55:15] [376/459] ASBL
[16:55:16] [377/459] ASVS
[16:55:17] [378/459] ASSR
[16:55:17] [379/459] SSKN
[16:55:18] [380/459] DRPV
[16:55:18] [381/459] MRHT
[16:55:19] [382/459] BSCN
[16:55:20] [383/459] RKNX
[16:55:20] [384/459] MSMC
[16:55:21] [385/459] MSCJ
[16:55:21] [386/459] BTBJ
[16:55:22] [387/459] MJCC
[16:55:23] [388/459] IOMM
[16:55:23] [389/459] ADGR
[16:55:24] [390/459] MYCP
[16:55:24] [391/459] IGCM
[16:55:24] [392/459] PGRK
[16:55:25] [393/459] VPGO
[16:55:25] [394/459] KOMS
[16:55:26] [395/459] URGG
[16:55:27] [396/459] GOST
[16:55:27] [397/459] LACT
[16:55:28] [398/459] BWCM
[16:55:29] [399/459] NCCW
[16:55:29] [400/459] SKYC
[16:55:30] [401/459] CCPM
[16:55:30] [402/459] VCBT
[16:55:31] [403/459] SDKR
[16:55:31] [404/459] CTYB
[16:55:32] [405/459] SHCX
[16:55:32] [406/459] RCUN
[16:55:33] [407/459] CNRA
[16:55:34] [408/459] RFCA
[16:55:34] [409/459] RDCU
[16:55:35] [410/459] SARK
[16:55:36] [411/459] SPPP
[16:55:36] [412/459] ADMB
[16:55:37] [413/459] JYOE
[16:55:37] [414/459] SRMD
[16:55:38] [415/459] RJDH
[16:55:39] [416/459] SSTD
[16:55:39] [417/459] AACV
[16:55:40] [418/459] PPVD
[16:55:40] [419/459] STCP
[16:55:40] [420/459] ANJR
[16:55:41] [421/459] ANLS
[16:55:42] [422/459] BIJO
[16:55:43] [423/459] AVAB
[16:55:43] [424/459] SPMD
[16:55:44] [425/459] SVJL
[16:55:44] [426/459] SDDJ
[16:55:45] [427/459] SLTU
[16:55:45] [428/459] SAKA
[16:55:46] [429/459] PMAM
[16:55:47] [430/459] FNAM
[16:55:47] [431/459] ACAM
[16:55:48] [432/459] SCMM
[16:55:48] [433/459] PMAK
[16:55:49] [434/459] NYSA
[16:55:49] [435/459] FCPA
[16:55:50] [436/459] GDAN
[16:55:51] [437/459] RSCA
[16:55:51] [438/459] DMAN
[16:55:52] [439/459] DZCM
[16:55:52] [440/459] NSGL
[16:55:53] [441/459] CCPP
[16:55:53] [442/459] PSMG
[16:55:54] [443/459] GSER
[16:55:54] [444/459] FCCT
[16:55:55] [445/459] FCTB
[16:55:56] [446/459] LCNK
[16:55:56] [447/459] SKTY
[16:55:57] [448/459] INAA
[16:55:57] [449/459] RCWN
[16:55:58] [450/459] VAIS
[16:55:58] [451/459] CVMN
[16:55:59] [452/459] INTS
[16:56:00] [453/459] FRGS
[16:56:00] [454/459] DTCK
[16:56:01] [455/459] MCMH
[16:56:01] [456/459] ECRR
[16:56:02] [457/459] RLLP
[16:56:02] [458/459] CCSN
[16:56:03] [459/459] CCBA
[16:56:03] 🧹 Deduping shows
[16:56:03] ✅ DONE | Shows=885 | Movies=63
[04:48:57] 🚀 SCRIPT STARTED
[04:48:57] [1/459] MBDC
[04:48:57] 🧠 New identity created
[04:48:58] [2/459] CHKM
[04:48:58] [3/459] JTKZ
[04:48:59] [4/459] CMCT
[04:49:00] [5/459] ASHO
[04:49:00] [6/459] ECDG
[04:49:01] [7/459] SPAT
[04:49:02] [8/459] HILC
[04:49:02] [9/459] SPPH
[04:49:03] [10/459] SBHN
[04:49:03] [11/459] RRCA
[04:49:04] [12/459] APAA
[04:49:04] [13/459] RAME
[04:49:05] [14/459] TMMS
[04:49:05] [15/459] BATK
[04:49:06] [16/459] LKOP
[04:49:07] [17/459] AMTT
[04:49:07] [18/459] PTGK
[04:49:08] [19/459] ANRS
[04:49:09] [20/459] VWBW
[04:49:09] [21/459] SVFG
[04:49:10] [22/459] STAT
[04:49:10] [23/459] GDCV
[04:49:11] [24/459] VEBI
[04:49:11] [25/459] VDSS
[04:49:12] [26/459] NTHV
[04:49:13] [27/459] AOCH
[04:49:13] [28/459] KASR
[04:49:14] [29/459] AYCS
[04:49:15] [30/459] SHAI
[04:49:15] [31/459] SKPE
[04:49:16] [32/459] SBTA
[04:49:17] [33/459] RTTD
[04:49:17] [34/459] CCJD
[04:49:18] [35/459] RSJJ
[04:49:18] [36/459] RKND
[04:49:19] [37/459] SVTX
[04:49:20] [38/459] BAKM
[04:49:20] [39/459] SVDC
[04:49:21] [40/459] MNCV
[04:49:22] [41/459] SJGC
[04:49:22] [42/459] MTPK
[04:49:23] [43/459] GATP
[04:49:23] [44/459] ABTS
[04:49:24] [45/459] ABDE
[04:49:25] [46/459] RCNM
[04:49:25] [47/459] KTHV
[04:49:26] [48/459] MDGJ
[04:49:26] [49/459] SMLM
[04:49:27] [50/459] JTMA
[04:49:28] [51/459] ACKP
[04:49:28] [52/459] SRTA
[04:49:29] [53/459] STAY
[04:49:30] [54/459] MAVO
[04:49:31] [55/459] APTS
[04:49:31] [56/459] OMEA
[04:49:32] [57/459] TTFD
[04:49:32] [58/459] MJCU
[04:49:33] [59/459] CXTE
[04:49:34] [60/459] CTPX
[04:49:34] [61/459] ASSL
[04:49:35] [62/459] CMVB
[04:49:35] [63/459] VPUR
[04:49:36] [64/459] JJDA
[04:49:36] [65/459] INBL
[04:49:37] [66/459] BIKB
[04:49:37] [67/459] NTBB
[04:49:38] [68/459] GLOB
[04:49:38] [69/459] SNTB
[04:49:39] [70/459] CHGV
[04:49:40] [71/459] SSBZ
[04:49:40] [72/459] PRDB
[04:49:41] [73/459] ISMT
[04:49:41] [74/459] MCSD
[04:49:42] [75/459] JBTT
[04:49:42] [76/459] GEKR
[04:49:43] [77/459] PVUN
[04:49:44] [78/459] NRTB
[04:49:44] [79/459] PRAA
[04:49:45] [80/459] PCBL
[04:49:45] [81/459] PTCM
[04:49:46] [82/459] KHNN
[04:49:47] [83/459] OMJE
[04:49:47] [84/459] STGN
[04:49:48] [85/459] RPMS
[04:49:48] [86/459] NWAD
[04:49:49] [87/459] BLCK
[04:49:49] [88/459] SVAA
[04:49:50] [89/459] URVM
[04:49:50] [90/459] ANTM
[04:49:51] [91/459] VJYM
[04:49:51] [92/459] MAZZ
[04:49:52] [93/459] CSHM
[04:49:52] [94/459] WGMH
[04:49:53] [95/459] SALN
[04:49:54] [96/459] BRTP
[04:49:54] [97/459] SVTA
[04:49:55] [98/459] SBTP
[04:49:55] [99/459] VLSS
[04:49:56] [100/459] SRJA
[04:49:56] [101/459] ANCG
[04:49:57] [102/459] CGGC
[04:49:57] [103/459] CRJA
[04:49:58] [104/459] USCR
[04:49:58] [105/459] MMEF
[04:49:59] [106/459] JCRJ
[04:50:00] [107/459] ADCM
[04:50:00] [108/459] BMYK
[04:50:01] [109/459] KICS
[04:50:01] [110/459] MBBT
[04:50:02] [111/459] MACK
[04:50:02] [112/459] CLDR
[04:50:03] [113/459] JYCR
[04:50:04] [114/459] DCRP
[04:50:04] [115/459] RAHT
[04:50:05] [116/459] CSSM
[04:50:05] [117/459] ATPK
[04:50:06] [118/459] KLRT
[04:50:06] [119/459] SRDD
[04:50:07] [120/459] CKMC
[04:50:07] [121/459] KRVM
[04:50:08] [122/459] AKCP
[04:50:09] [123/459] CNCV
[04:50:09] [124/459] PACT
[04:50:10] [125/459] NATP
[04:50:10] [126/459] PCPK
[04:50:11] [127/459] SMHO
[04:50:12] [128/459] CWTK
[04:50:12] [129/459] RVKZ
[04:50:13] [130/459] ASPD
[04:50:13] [131/459] VTKZ
[04:50:14] [132/459] LCSO
[04:50:15] [133/459] PRDY
[04:50:15] [134/459] RCAP
[04:50:16] [135/459] RGAR
[04:50:16] [136/459] RCAC
[04:50:17] [137/459] PMOD
[04:50:18] [138/459] PVCN
[04:50:18] [139/459] SCRZ
[04:50:19] [140/459] PVPC
[04:50:19] [141/459] STID
[04:50:20] [142/459] NEDD
[04:50:21] [143/459] BNBA
[04:50:21] [144/459] NTCD
[04:50:22] [145/459] OCDE
[04:50:22] [146/459] CCDU
[04:50:23] [147/459] CRXH
[04:50:24] [148/459] VLVT
[04:50:24] [149/459] CICI
[04:50:25] [150/459] SUCB
[04:50:25] [151/459] TCBP
[04:50:26] [152/459] SCCY
[04:50:26] [153/459] LXCY
[04:50:27] [154/459] NCMD
[04:50:27] [155/459] PHCS
[04:50:28] [156/459] DUXR
[04:50:28] [157/459] VNKS
[04:50:29] [158/459] SEDP
[04:50:30] [159/459] SVEN
[04:50:30] [160/459] SRKM
[04:50:31] [161/459] JTLT
[04:50:31] [162/459] SVSS
[04:50:32] [163/459] AMDE
[04:50:32] [164/459] WVRN
[04:50:33] [165/459] ISMG
[04:50:33] [166/459] WVKS
[04:50:34] [167/459] USCG
[04:50:34] [168/459] IOTG
[04:50:35] [169/459] RRJM
[04:50:36] [170/459] EDMP
[04:50:36] [171/459] SCGZ
[04:50:37] [172/459] GMGX
[04:50:37] [173/459] OMTP
[04:50:38] [174/459] MITD
[04:50:39] [175/459] SMMD
[04:50:39] [176/459] STML
[04:50:40] [177/459] MCFS
[04:50:40] [178/459] FPKA
[04:50:41] [179/459] OMLR
[04:50:42] [180/459] KKSC
[04:50:42] [181/459] RVMA
[04:50:43] [182/459] SCLL
[04:50:43] [183/459] SCDK
[04:50:44] [184/459] SXMI
[04:50:44] [185/459] SHDN
[04:50:45] [186/459] PAAD
[04:50:45] [187/459] UUCB
[04:50:46] [188/459] JHOL
[04:50:47] [189/459] SGWT
[04:50:47] [190/459] SRII
[04:50:48] [191/459] SGCK
[04:50:48] [192/459] SVVB
[04:50:49] [193/459] DMHA
[04:50:49] [194/459] PPNL
[04:50:50] [195/459] CPNL
[04:50:51] [196/459] WVLD
[04:50:51] [197/459] PSLV
[04:50:52] [198/459] VTTL
[04:50:52] [199/459] NPAD
[04:50:53] [200/459] PVCS
[04:50:53] [201/459] MCHL
[04:50:54] [202/459] PPLL
[04:50:55] [203/459] MALO
[04:50:55] [204/459] SWBH
[04:50:56] [205/459] PUGB
[04:50:56] [206/459] INBB
[04:50:57] [207/459] INNS
[04:50:57] [208/459] MCPT
[04:50:58] [209/459] SCMI
[04:50:58] [210/459] OCON
[04:50:59] [211/459] SCSM
[04:50:59] [212/459] RJVN
[04:51:00] [213/459] AMDK
[04:51:01] [214/459] ISMR
[04:51:01] [215/459] SMTD
[04:51:02] [216/459] VTDD
[04:51:03] [217/459] PDDZ
[04:51:03] [218/459] PCCK
[04:51:04] [219/459] INAM
[04:51:04] [220/459] FNKT
[04:51:05] [221/459] GDKA
[04:51:06] [222/459] MAYU
[04:51:06] [223/459] TCGU
[04:51:07] [224/459] KDCA
[04:51:08] [225/459] DOMY
[04:51:08] [226/459] PDDD
[04:51:09] [227/459] BJTS
[04:51:09] [228/459] VTCA
[04:51:10] [229/459] SBTM
[04:51:10] [230/459] SEET
[04:51:11] [231/459] SSTJ
[04:51:11] [232/459] SVNT
[04:51:12] [233/459] PPPR
[04:51:12] [234/459] PVYS
[04:51:13] [235/459] IOSE
[04:51:14] [236/459] ACTV
[04:51:14] [237/459] APVE
[04:51:15] [238/459] TCCL
[04:51:16] [239/459] SCMO
[04:51:16] [240/459] SAUM
[04:51:17] [241/459] KCJS
[04:51:17] [242/459] NJCJ
[04:51:18] [243/459] NECF
[04:51:19] [244/459] CCGW
[04:51:19] [245/459] CCMG
[04:51:20] [246/459] NYRG
[04:51:20] [247/459] NCSQ
[04:51:21] [248/459] GRCG
[04:51:21] [249/459] CCBT
[04:51:22] [250/459] ACGA
[04:51:23] [251/459] INAG
[04:51:23] [252/459] FUCG
[04:51:24] [253/459] AICF
[04:51:24] [254/459] GRGA
[04:51:25] [255/459] GDCN
[04:51:26] [256/459] RRCG
[04:51:26] [257/459] SDCH
[04:51:27] [258/459] WVJM
[04:51:27] [259/459] JCCZ
[04:51:28] [260/459] CNCL
[04:51:28] [261/459] TMLV
[04:51:29] [262/459] MEMB
[04:51:30] [263/459] SGTD
[04:51:30] [264/459] CONX
[04:51:31] [265/459] CCMH
[04:51:32] [266/459] ACMC
[04:51:32] [267/459] DTPD
[04:51:33] [268/459] POJA
[04:51:34] [269/459] FNBH
[04:51:34] [270/459] CGCB
[04:51:35] [271/459] RACN
[04:51:35] [272/459] JTSM
[04:51:36] [273/459] SCDN
[04:51:36] [274/459] AACK
[04:51:37] [275/459] RMCE
[04:51:38] [276/459] BSGB
[04:51:38] [277/459] MRCB
[04:51:39] [278/459] SRVR
[04:51:39] [279/459] VTKK
[04:51:40] [280/459] AMST
[04:51:40] [281/459] APCY
[04:51:41] [282/459] LMHO
[04:51:42] [283/459] MTZH
[04:51:42] [284/459] AMZB
[04:51:43] [285/459] SUVT
[04:51:44] [286/459] RCIP
[04:51:44] [287/459] KESR
[04:51:45] [288/459] SNKC
[04:51:45] [289/459] SCED
[04:51:46] [290/459] DVCA
[04:51:46] [291/459] VCDT
[04:51:47] [292/459] RRDI
[04:51:47] [293/459] DFCH
[04:51:48] [294/459] INSC
[04:51:49] [295/459] RGTR
[04:51:49] [296/459] FMOT
[04:51:50] [297/459] SCPM
[04:51:50] [298/459] GCDT
[04:51:51] [299/459] BRKT
[04:51:51] [300/459] DEMP
[04:51:52] [301/459] SRLC
[04:51:53] [302/459] KSTT
[04:51:53] [303/459] SMMT
[04:51:54] [304/459] SILM
[04:51:54] [305/459] JCVM
[04:51:55] [306/459] KCSV
[04:51:55] [307/459] MHLK
[04:51:56] [308/459] SLVL
[04:51:56] [309/459] RJKP
[04:51:57] [310/459] BBPC
[04:51:58] [311/459] MXCB
[04:51:58] [312/459] TCPK
[04:51:59] [313/459] RTBR
[04:52:00] [314/459] GAUT
[04:52:00] [315/459] DVCF
[04:52:01] [316/459] JTSB
[04:52:01] [317/459] SBLS
[04:52:02] [318/459] UDAY
[04:52:02] [319/459] PTNP
[04:52:03] [320/459] DMKT
[04:52:03] [321/459] NTDT
[04:52:04] [322/459] SHDJ
[04:52:05] [323/459] OTNC
[04:52:05] [324/459] RNTW
[04:52:06] [325/459] GCMI
[04:52:06] [326/459] CRCM
[04:52:07] [327/459] NNCZ
[04:52:07] [328/459] OEMO
[04:52:08] [329/459] PVJM
[04:52:09] [330/459] CPJI
[04:52:09] [331/459] RMCJ
[04:52:10] [332/459] CNWJ
[04:52:10] [333/459] EPJM
[04:52:11] [334/459] FNJJ
[04:52:11] [335/459] GCMJ
[04:52:12] [336/459] INPS
[04:52:13] [337/459] BICJ
[04:52:13] [338/459] ISTJ
[04:52:14] [339/459] INJC
[04:52:15] [340/459] GLXJ
[04:52:15] [341/459] INEM
[04:52:16] [342/459] JTMN
[04:52:16] [343/459] FRCJ
[04:52:17] [344/459] DDJP
[04:52:17] [345/459] INJV
[04:52:18] [346/459] GOLC
[04:52:19] [347/459] KOCI
[04:52:19] [348/459] FSTD
[04:52:20] [349/459] PACJ
[04:52:21] [350/459] GMCN
[04:52:21] [351/459] MMDJ
[04:52:22] [352/459] GODH
[04:52:23] [353/459] SKYN
[04:52:23] [354/459] NCTH
[04:52:24] [355/459] SKVZ
[04:52:24] [356/459] SVML
[04:52:25] [357/459] ACVZ
[04:52:25] [358/459] SURA
[04:52:26] [359/459] RTRB
[04:52:26] [360/459] LLCT
[04:52:27] [361/459] ATTS
[04:52:27] [362/459] JYCM
[04:52:28] [363/459] CTKR
[04:52:29] [364/459] LCKR
[04:52:29] [365/459] NYCV
[04:52:30] [366/459] NYOH
[04:52:31] [367/459] NOVX
[04:52:31] [368/459] MRGK
[04:52:32] [369/459] MOON
[04:52:32] [370/459] SBUC
[04:52:33] [371/459] GSVA
[04:52:34] [372/459] VIAK
[04:52:34] [373/459] SMVZ
[04:52:35] [374/459] MATE
[04:52:35] [375/459] RDCN
[04:52:36] [376/459] ASBL
[04:52:36] [377/459] ASVS
[04:52:37] [378/459] ASSR
[04:52:38] [379/459] SSKN
[04:52:38] [380/459] DRPV
[04:52:39] [381/459] MRHT
[04:52:39] [382/459] BSCN
[04:52:40] [383/459] RKNX
[04:52:40] [384/459] MSMC
[04:52:41] [385/459] MSCJ
[04:52:41] [386/459] BTBJ
[04:52:42] [387/459] MJCC
[04:52:42] [388/459] IOMM
[04:52:43] [389/459] ADGR
[04:52:43] [390/459] MYCP
[04:52:44] [391/459] IGCM
[04:52:45] [392/459] PGRK
[04:52:45] [393/459] VPGO
[04:52:46] [394/459] KOMS
[04:52:47] [395/459] URGG
[04:52:47] [396/459] GOST
[04:52:48] [397/459] LACT
[04:52:48] [398/459] BWCM
[04:52:49] [399/459] NCCW
[04:52:49] [400/459] SKYC
[04:52:50] [401/459] CCPM
[04:52:51] [402/459] VCBT
[04:52:51] [403/459] SDKR
[04:52:52] [404/459] CTYB
[04:52:52] [405/459] SHCX
[04:52:53] [406/459] RCUN
[04:52:53] [407/459] CNRA
[04:52:54] [408/459] RFCA
[04:52:54] [409/459] RDCU
[04:52:55] [410/459] SARK
[04:52:55] [411/459] SPPP
[04:52:56] [412/459] ADMB
[04:52:57] [413/459] JYOE
[04:52:57] [414/459] SRMD
[04:52:58] [415/459] RJDH
[04:52:58] [416/459] SSTD
[04:52:59] [417/459] AACV
[04:52:59] [418/459] PPVD
[04:53:00] [419/459] STCP
[04:53:00] [420/459] ANJR
[04:53:01] [421/459] ANLS
[04:53:01] [422/459] BIJO
[04:53:02] [423/459] AVAB
[04:53:03] [424/459] SPMD
[04:53:03] [425/459] SVJL
[04:53:04] [426/459] SDDJ
[04:53:05] [427/459] SLTU
[04:53:05] [428/459] SAKA
[04:53:06] [429/459] PMAM
[04:53:06] [430/459] FNAM
[04:53:07] [431/459] ACAM
[04:53:08] [432/459] SCMM
[04:53:08] [433/459] PMAK
[04:53:09] [434/459] NYSA
[04:53:09] [435/459] FCPA
[04:53:10] [436/459] GDAN
[04:53:10] [437/459] RSCA
[04:53:11] [438/459] DMAN
[04:53:11] [439/459] DZCM
[04:53:12] [440/459] NSGL
[04:53:13] [441/459] CCPP
[04:53:13] [442/459] PSMG
[04:53:14] [443/459] GSER
[04:53:14] [444/459] FCCT
[04:53:15] [445/459] FCTB
[04:53:15] [446/459] LCNK
[04:53:16] [447/459] SKTY
[04:53:16] [448/459] INAA
[04:53:17] [449/459] RCWN
[04:53:17] [450/459] VAIS
[04:53:18] [451/459] CVMN
[04:53:19] [452/459] INTS
[04:53:19] [453/459] FRGS
[04:53:20] [454/459] DTCK
[04:53:20] [455/459] MCMH
[04:53:21] [456/459] ECRR
[04:53:22] [457/459] RLLP
[04:53:22] [458/459] CCSN
[04:53:23] [459/459] CCBA
[04:53:23] 🧹 Deduping shows
[04:53:23] ✅ DONE | Shows=910 | Movies=64
[11:59:49] 🚀 SCRIPT STARTED
[11:59:49] [1/459] MBDC
[11:59:49] 🧠 New identity created
[11:59:50] [2/459] CHKM
[11:59:51] [3/459] JTKZ
[11:59:52] [4/459] CMCT
[11:59:53] [5/459] ASHO
[11:59:54] [6/459] ECDG
[11:59:55] [7/459] SPAT
[11:59:56] [8/459] HILC
[11:59:57] [9/459] SPPH
[11:59:58] [10/459] SBHN
[11:59:59] [11/459] RRCA
[12:00:00] [12/459] APAA
[12:00:01] [13/459] RAME
[12:00:02] [14/459] TMMS
[12:00:03] [15/459] BATK
[12:00:04] [16/459] LKOP
[12:00:05] [17/459] AMTT
[12:00:06] [18/459] PTGK
[12:00:06] [19/459] ANRS
[12:00:08] [20/459] VWBW
[12:00:09] [21/459] SVFG
[12:00:10] [22/459] STAT
[12:00:11] [23/459] GDCV
[12:00:12] [24/459] VEBI
[12:00:13] [25/459] VDSS
[12:00:13] [26/459] NTHV
[12:00:14] [27/459] AOCH
[12:00:15] [28/459] KASR
[12:00:16] [29/459] AYCS
[12:00:17] [30/459] SHAI
[12:00:18] [31/459] SKPE
[12:00:19] [32/459] SBTA
[12:00:20] [33/459] RTTD
[12:00:21] [34/459] CCJD
[12:00:22] [35/459] RSJJ
[12:00:23] [36/459] RKND
[12:00:25] [37/459] SVTX
[12:00:25] [38/459] BAKM
[12:00:26] [39/459] SVDC
[12:00:27] [40/459] MNCV
[12:00:28] [41/459] SJGC
[12:00:29] [42/459] MTPK
[12:00:30] [43/459] GATP
[12:00:31] [44/459] ABTS
[12:00:32] [45/459] ABDE
[12:00:33] [46/459] RCNM
[12:00:34] [47/459] KTHV
[12:00:34] [48/459] MDGJ
[12:00:35] [49/459] SMLM
[12:00:36] [50/459] JTMA
[12:00:37] [51/459] ACKP
[12:00:38] [52/459] SRTA
[12:00:40] [53/459] STAY
[12:00:41] [54/459] MAVO
[12:00:41] [55/459] APTS
[12:00:42] [56/459] OMEA
[12:00:43] [57/459] TTFD
[12:00:44] [58/459] MJCU
[12:00:45] [59/459] CXTE
[12:00:47] [60/459] CTPX
[12:00:48] [61/459] ASSL
[12:00:49] [62/459] CMVB
[12:00:50] [63/459] VPUR
[12:00:51] [64/459] JJDA
[12:00:52] [65/459] INBL
[12:00:53] [66/459] BIKB
[12:00:54] [67/459] NTBB
[12:00:54] [68/459] GLOB
[12:00:56] [69/459] SNTB
[12:00:56] [70/459] CHGV
[12:00:58] [71/459] SSBZ
[12:00:59] [72/459] PRDB
[12:01:00] [73/459] ISMT
[12:01:00] [74/459] MCSD
[12:01:01] [75/459] JBTT
[12:01:02] [76/459] GEKR
[12:01:04] [77/459] PVUN
[12:01:05] [78/459] NRTB
[12:01:06] [79/459] PRAA
[12:01:07] [80/459] PCBL
[12:01:08] [81/459] PTCM
[12:01:10] [82/459] KHNN
[12:01:11] [83/459] OMJE
[12:01:12] [84/459] STGN
[12:01:13] [85/459] RPMS
[12:01:14] [86/459] NWAD
[12:01:15] [87/459] BLCK
[12:01:16] [88/459] SVAA
[12:01:17] [89/459] URVM
[12:01:18] [90/459] ANTM
[12:01:19] [91/459] VJYM
[12:01:20] [92/459] MAZZ
[12:01:21] [93/459] CSHM
[12:01:21] [94/459] WGMH
[12:01:22] [95/459] SALN
[12:01:23] [96/459] BRTP
[12:01:24] [97/459] SVTA
[12:01:25] [98/459] SBTP
[12:01:26] [99/459] VLSS
[12:01:27] [100/459] SRJA
[12:01:28] [101/459] ANCG
[12:01:29] [102/459] CGGC
[12:01:30] [103/459] CRJA
[12:01:30] [104/459] USCR
[12:01:31] [105/459] MMEF
[12:01:32] [106/459] JCRJ
[12:01:33] [107/459] ADCM
[12:01:34] [108/459] BMYK
[12:01:35] [109/459] KICS
[12:01:35] [110/459] MBBT
[12:01:36] [111/459] MACK
[12:01:37] [112/459] CLDR
[12:01:38] [113/459] JYCR
[12:01:39] [114/459] DCRP
[12:01:40] [115/459] RAHT
[12:01:41] [116/459] CSSM
[12:01:42] [117/459] ATPK
[12:01:43] [118/459] KLRT
[12:01:44] [119/459] SRDD
[12:01:44] [120/459] CKMC
[12:01:45] [121/459] KRVM
[12:01:46] [122/459] AKCP
[12:01:47] [123/459] CNCV
[12:01:47] [124/459] PACT
[12:01:48] [125/459] NATP
[12:01:49] [126/459] PCPK
[12:01:50] [127/459] SMHO
[12:01:51] [128/459] CWTK
[12:01:51] [129/459] RVKZ
[12:01:52] [130/459] ASPD
[12:01:53] [131/459] VTKZ
[12:01:54] [132/459] LCSO
[12:01:55] [133/459] PRDY
[12:01:57] [134/459] RCAP
[12:01:59] [135/459] RGAR
[12:01:59] [136/459] RCAC
[12:02:01] [137/459] PMOD
[12:02:02] [138/459] PVCN
[12:02:03] [139/459] SCRZ
[12:02:03] [140/459] PVPC
[12:02:04] [141/459] STID
[12:02:05] [142/459] NEDD
[12:02:06] [143/459] BNBA
[12:02:07] [144/459] NTCD
[12:02:08] [145/459] OCDE
[12:02:09] [146/459] CCDU
[12:02:10] [147/459] CRXH
[12:02:10] [148/459] VLVT
[12:02:11] [149/459] CICI
[12:02:12] [150/459] SUCB
[12:02:13] [151/459] TCBP
[12:02:14] [152/459] SCCY
[12:02:14] [153/459] LXCY
[12:02:15] [154/459] NCMD
[12:02:16] [155/459] PHCS
[12:02:17] [156/459] DUXR
[12:02:18] [157/459] VNKS
[12:02:19] [158/459] SEDP
[12:02:20] [159/459] SVEN
[12:02:21] [160/459] SRKM
[12:02:21] [161/459] JTLT
[12:02:22] [162/459] SVSS
[12:02:23] [163/459] AMDE
[12:02:24] [164/459] WVRN
[12:02:25] [165/459] ISMG
[12:02:26] [166/459] WVKS
[12:02:27] [167/459] USCG
[12:02:27] [168/459] IOTG
[12:02:28] [169/459] RRJM
[12:02:29] [170/459] EDMP
[12:02:30] [171/459] SCGZ
[12:02:31] [172/459] GMGX
[12:02:32] [173/459] OMTP
[12:02:33] [174/459] MITD
[12:02:34] [175/459] SMMD
[12:02:35] [176/459] STML
[12:02:36] [177/459] MCFS
[12:02:37] [178/459] FPKA
[12:02:38] [179/459] OMLR
[12:02:39] [180/459] KKSC
[12:02:40] [181/459] RVMA
[12:02:41] [182/459] SCLL
[12:02:42] [183/459] SCDK
[12:02:43] [184/459] SXMI
[12:02:43] [185/459] SHDN
[12:02:44] [186/459] PAAD
[12:02:45] [187/459] UUCB
[12:02:47] [188/459] JHOL
[12:02:48] [189/459] SGWT
[12:02:49] [190/459] SRII
[12:02:50] [191/459] SGCK
[12:02:51] [192/459] SVVB
[12:02:52] [193/459] DMHA
[12:02:53] [194/459] PPNL
[12:02:54] [195/459] CPNL
[12:02:54] [196/459] WVLD
[12:02:55] [197/459] PSLV
[12:02:56] [198/459] VTTL
[12:02:58] [199/459] NPAD
[12:02:59] [200/459] PVCS
[12:03:00] [201/459] MCHL
[12:03:01] [202/459] PPLL
[12:03:01] [203/459] MALO
[12:03:02] [204/459] SWBH
[12:03:03] [205/459] PUGB
[12:03:04] [206/459] INBB
[12:03:06] [207/459] INNS
[12:03:07] [208/459] MCPT
[12:03:07] [209/459] SCMI
[12:03:08] [210/459] OCON
[12:03:09] [211/459] SCSM
[12:03:10] [212/459] RJVN
[12:03:10] [213/459] AMDK
[12:03:11] [214/459] ISMR
[12:03:13] [215/459] SMTD
[12:03:14] [216/459] VTDD
[12:03:15] [217/459] PDDZ
[12:03:16] [218/459] PCCK
[12:03:16] [219/459] INAM
[12:03:17] [220/459] FNKT
[12:03:18] [221/459] GDKA
[12:03:19] [222/459] MAYU
[12:03:19] [223/459] TCGU
[12:03:20] [224/459] KDCA
[12:03:21] [225/459] DOMY
[12:03:22] [226/459] PDDD
[12:03:23] [227/459] BJTS
[12:03:24] [228/459] VTCA
[12:03:25] [229/459] SBTM
[12:03:26] [230/459] SEET
[12:03:27] [231/459] SSTJ
[12:03:28] [232/459] SVNT
[12:03:29] [233/459] PPPR
[12:03:30] [234/459] PVYS
[12:03:30] [235/459] IOSE
[12:03:31] [236/459] ACTV
[12:03:33] [237/459] APVE
[12:03:34] [238/459] TCCL
[12:03:35] [239/459] SCMO
[12:03:36] [240/459] SAUM
[12:03:36] [241/459] KCJS
[12:03:37] [242/459] NJCJ
[12:03:38] [243/459] NECF
[12:03:39] [244/459] CCGW
[12:03:40] [245/459] CCMG
[12:03:41] [246/459] NYRG
[12:03:42] [247/459] NCSQ
[12:03:44] [248/459] GRCG
[12:03:45] [249/459] CCBT
[12:03:45] [250/459] ACGA
[12:03:46] [251/459] INAG
[12:03:47] [252/459] FUCG
[12:03:49] [253/459] AICF
[12:03:50] [254/459] GRGA
[12:03:50] [255/459] GDCN
[12:03:51] [256/459] RRCG
[12:03:52] [257/459] SDCH
[12:03:53] [258/459] WVJM
[12:03:54] [259/459] JCCZ
[12:03:55] [260/459] CNCL
[12:03:56] [261/459] TMLV
[12:03:57] [262/459] MEMB
[12:03:58] [263/459] SGTD
[12:03:59] [264/459] CONX
[12:04:00] [265/459] CCMH
[12:04:01] [266/459] ACMC
[12:04:03] [267/459] DTPD
[12:04:04] [268/459] POJA
[12:04:04] [269/459] FNBH
[12:04:05] [270/459] CGCB
[12:04:06] [271/459] RACN
[12:04:07] [272/459] JTSM
[12:04:08] [273/459] SCDN
[12:04:08] [274/459] AACK
[12:04:09] [275/459] RMCE
[12:04:10] [276/459] BSGB
[12:04:11] [277/459] MRCB
[12:04:12] [278/459] SRVR
[12:04:13] [279/459] VTKK
[12:04:14] [280/459] AMST
[12:04:15] [281/459] APCY
[12:04:16] [282/459] LMHO
[12:04:17] [283/459] MTZH
[12:04:18] [284/459] AMZB
[12:04:19] [285/459] SUVT
[12:04:20] [286/459] RCIP
[12:04:21] [287/459] KESR
[12:04:22] [288/459] SNKC
[12:04:23] [289/459] SCED
[12:04:24] [290/459] DVCA
[12:04:24] [291/459] VCDT
[12:04:25] [292/459] RRDI
[12:04:26] [293/459] DFCH
[12:04:28] [294/459] INSC
[12:04:29] [295/459] RGTR
[12:04:29] [296/459] FMOT
[12:04:30] [297/459] SCPM
[12:04:31] [298/459] GCDT
[12:04:32] [299/459] BRKT
[12:04:33] [300/459] DEMP
[12:04:35] [301/459] SRLC
[12:04:36] [302/459] KSTT
[12:04:37] [303/459] SMMT
[12:04:39] [304/459] SILM
[12:04:40] [305/459] JCVM
[12:04:41] [306/459] KCSV
[12:04:42] [307/459] MHLK
[12:04:43] [308/459] SLVL
[12:04:44] [309/459] RJKP
[12:04:45] [310/459] BBPC
[12:04:46] [311/459] MXCB
[12:04:47] [312/459] TCPK
[12:04:48] [313/459] RTBR
[12:04:49] [314/459] GAUT
[12:04:50] [315/459] DVCF
[12:04:51] [316/459] JTSB
[12:04:52] [317/459] SBLS
[12:04:53] [318/459] UDAY
[12:04:54] [319/459] PTNP
[12:04:55] [320/459] DMKT
[12:04:56] [321/459] NTDT
[12:04:57] [322/459] SHDJ
[12:04:57] [323/459] OTNC
[12:04:58] [324/459] RNTW
[12:04:59] [325/459] GCMI
[12:05:00] [326/459] CRCM
[12:05:01] [327/459] NNCZ
[12:05:02] [328/459] OEMO
[12:05:03] [329/459] PVJM
[12:05:04] [330/459] CPJI
[12:05:05] [331/459] RMCJ
[12:05:06] [332/459] CNWJ
[12:05:07] [333/459] EPJM
[12:05:08] [334/459] FNJJ
[12:05:09] [335/459] GCMJ
[12:05:10] [336/459] INPS
[12:05:11] [337/459] BICJ
[12:05:12] [338/459] ISTJ
[12:05:14] [339/459] INJC
[12:05:15] [340/459] GLXJ
[12:05:15] [341/459] INEM
[12:05:16] [342/459] JTMN
[12:05:17] [343/459] FRCJ
[12:05:18] [344/459] DDJP
[12:05:19] [345/459] INJV
[12:05:20] [346/459] GOLC
[12:05:20] [347/459] KOCI
[12:05:21] [348/459] FSTD
[12:05:22] [349/459] PACJ
[12:05:23] [350/459] GMCN
[12:05:24] [351/459] MMDJ
[12:05:24] [352/459] GODH
[12:05:25] [353/459] SKYN
[12:05:26] [354/459] NCTH
[12:05:27] [355/459] SKVZ
[12:05:28] [356/459] SVML
[12:05:29] [357/459] ACVZ
[12:05:30] [358/459] SURA
[12:05:31] [359/459] RTRB
[12:05:32] [360/459] LLCT
[12:05:32] [361/459] ATTS
[12:05:33] [362/459] JYCM
[12:05:35] [363/459] CTKR
[12:05:35] [364/459] LCKR
[12:05:36] [365/459] NYCV
[12:05:37] [366/459] NYOH
[12:05:38] [367/459] NOVX
[12:05:40] [368/459] MRGK
[12:05:40] [369/459] MOON
[12:05:41] [370/459] SBUC
[12:05:42] [371/459] GSVA
[12:05:43] [372/459] VIAK
[12:05:44] [373/459] SMVZ
[12:05:45] [374/459] MATE
[12:05:46] [375/459] RDCN
[12:05:46] [376/459] ASBL
[12:05:47] [377/459] ASVS
[12:05:48] [378/459] ASSR
[12:05:49] [379/459] SSKN
[12:05:50] [380/459] DRPV
[12:05:52] [381/459] MRHT
[12:05:52] [382/459] BSCN
[12:05:53] [383/459] RKNX
[12:05:54] [384/459] MSMC
[12:05:55] [385/459] MSCJ
[12:05:56] [386/459] BTBJ
[12:05:57] [387/459] MJCC
[12:05:57] [388/459] IOMM
[12:05:58] [389/459] ADGR
[12:06:00] [390/459] MYCP
[12:06:00] [391/459] IGCM
[12:06:01] [392/459] PGRK
[12:06:02] [393/459] VPGO
[12:06:03] [394/459] KOMS
[12:06:04] [395/459] URGG
[12:06:04] [396/459] GOST
[12:06:06] [397/459] LACT
[12:06:07] [398/459] BWCM
[12:06:08] [399/459] NCCW
[12:06:09] [400/459] SKYC
[12:06:09] [401/459] CCPM
[12:06:10] [402/459] VCBT
[12:06:11] [403/459] SDKR
[12:06:12] [404/459] CTYB
[12:06:13] [405/459] SHCX
[12:06:13] [406/459] RCUN
[12:06:14] [407/459] CNRA
[12:06:16] [408/459] RFCA
[12:06:17] [409/459] RDCU
[12:06:18] [410/459] SARK
[12:06:19] [411/459] SPPP
[12:06:20] [412/459] ADMB
[12:06:22] [413/459] JYOE
[12:06:23] [414/459] SRMD
[12:06:24] [415/459] RJDH
[12:06:25] [416/459] SSTD
[12:06:26] [417/459] AACV
[12:06:27] [418/459] PPVD
[12:06:29] [419/459] STCP
[12:06:30] [420/459] ANJR
[12:06:30] [421/459] ANLS
[12:06:31] [422/459] BIJO
[12:06:32] [423/459] AVAB
[12:06:33] [424/459] SPMD
[12:06:35] [425/459] SVJL
[12:06:36] [426/459] SDDJ
[12:06:36] [427/459] SLTU
[12:06:37] [428/459] SAKA
[12:06:38] [429/459] PMAM
[12:06:39] [430/459] FNAM
[12:06:40] [431/459] ACAM
[12:06:40] [432/459] SCMM
[12:06:41] [433/459] PMAK
[12:06:42] [434/459] NYSA
[12:06:43] [435/459] FCPA
[12:06:44] [436/459] GDAN
[12:06:46] [437/459] RSCA
[12:06:47] [438/459] DMAN
[12:06:48] [439/459] DZCM
[12:06:49] [440/459] NSGL
[12:06:50] [441/459] CCPP
[12:06:51] [442/459] PSMG
[12:06:52] [443/459] GSER
[12:06:52] [444/459] FCCT
[12:06:53] [445/459] FCTB
[12:06:54] [446/459] LCNK
[12:06:55] [447/459] SKTY
[12:06:57] [448/459] INAA
[12:06:57] [449/459] RCWN
[12:06:58] [450/459] VAIS
[12:06:59] [451/459] CVMN
[12:07:00] [452/459] INTS
[12:07:01] [453/459] FRGS
[12:07:02] [454/459] DTCK
[12:07:02] [455/459] MCMH
[12:07:03] [456/459] ECRR
[12:07:04] [457/459] RLLP
[12:07:05] [458/459] CCSN
[12:07:06] [459/459] CCBA
[12:07:06] 🧹 Deduping shows
[12:07:06] ✅ DONE | Shows=910 | Movies=64
[19:07:41] 🚀 SCRIPT STARTED
[19:07:41] [1/459] MBDC
[19:07:41] 🧠 New identity created
[19:07:42] [2/459] CHKM
[19:07:43] [3/459] JTKZ
[19:07:44] [4/459] CMCT
[19:07:45] [5/459] ASHO
[19:07:46] [6/459] ECDG
[19:07:47] [7/459] SPAT
[19:07:48] [8/459] HILC
[19:07:48] [9/459] SPPH
[19:07:49] [10/459] SBHN
[19:07:50] [11/459] RRCA
[19:07:51] [12/459] APAA
[19:07:52] [13/459] RAME
[19:07:53] [14/459] TMMS
[19:07:53] [15/459] BATK
[19:07:54] [16/459] LKOP
[19:07:55] [17/459] AMTT
[19:07:56] [18/459] PTGK
[19:07:57] [19/459] ANRS
[19:07:58] [20/459] VWBW
[19:07:59] [21/459] SVFG
[19:08:00] [22/459] STAT
[19:08:00] [23/459] GDCV
[19:08:01] [24/459] VEBI
[19:08:02] [25/459] VDSS
[19:08:03] [26/459] NTHV
[19:08:04] [27/459] AOCH
[19:08:05] [28/459] KASR
[19:08:05] [29/459] AYCS
[19:08:06] [30/459] SHAI
[19:08:07] [31/459] SKPE
[19:08:08] [32/459] SBTA
[19:08:09] [33/459] RTTD
[19:08:10] [34/459] CCJD
[19:08:11] [35/459] RSJJ
[19:08:11] [36/459] RKND
[19:08:12] [37/459] SVTX
[19:08:13] [38/459] BAKM
[19:08:15] [39/459] SVDC
[19:08:16] [40/459] MNCV
[19:08:17] [41/459] SJGC
[19:08:17] [42/459] MTPK
[19:08:18] [43/459] GATP
[19:08:19] [44/459] ABTS
[19:08:21] [45/459] ABDE
[19:08:22] [46/459] RCNM
[19:08:22] [47/459] KTHV
[19:08:23] [48/459] MDGJ
[19:08:25] [49/459] SMLM
[19:08:25] [50/459] JTMA
[19:08:26] [51/459] ACKP
[19:08:27] [52/459] SRTA
[19:08:28] [53/459] STAY
[19:08:29] [54/459] MAVO
[19:08:29] [55/459] APTS
[19:08:30] [56/459] OMEA
[19:08:31] [57/459] TTFD
[19:08:32] [58/459] MJCU
[19:08:32] [59/459] CXTE
[19:08:33] [60/459] CTPX
[19:08:34] [61/459] ASSL
[19:08:35] [62/459] CMVB
[19:08:36] [63/459] VPUR
[19:08:37] [64/459] JJDA
[19:08:37] [65/459] INBL
[19:08:38] [66/459] BIKB
[19:08:39] [67/459] NTBB
[19:08:40] [68/459] GLOB
[19:08:41] [69/459] SNTB
[19:08:42] [70/459] CHGV
[19:08:43] [71/459] SSBZ
[19:08:44] [72/459] PRDB
[19:08:45] [73/459] ISMT
[19:08:46] [74/459] MCSD
[19:08:46] [75/459] JBTT
[19:08:47] [76/459] GEKR
[19:08:48] [77/459] PVUN
[19:08:49] [78/459] NRTB
[19:08:50] [79/459] PRAA
[19:08:50] [80/459] PCBL
[19:08:52] [81/459] PTCM
[19:08:52] [82/459] KHNN
[19:08:53] [83/459] OMJE
[19:08:54] [84/459] STGN
[19:08:55] [85/459] RPMS
[19:08:55] [86/459] NWAD
[19:08:56] [87/459] BLCK
[19:08:57] [88/459] SVAA
[19:08:58] [89/459] URVM
[19:08:59] [90/459] ANTM
[19:09:00] [91/459] VJYM
[19:09:01] [92/459] MAZZ
[19:09:02] [93/459] CSHM
[19:09:03] [94/459] WGMH
[19:09:04] [95/459] SALN
[19:09:05] [96/459] BRTP
[19:09:06] [97/459] SVTA
[19:09:07] [98/459] SBTP
[19:09:08] [99/459] VLSS
[19:09:08] [100/459] SRJA
[19:09:09] [101/459] ANCG
[19:09:10] [102/459] CGGC
[19:09:11] [103/459] CRJA
[19:09:12] [104/459] USCR
[19:09:13] [105/459] MMEF
[19:09:13] [106/459] JCRJ
[19:09:14] [107/459] ADCM
[19:09:15] [108/459] BMYK
[19:09:16] [109/459] KICS
[19:09:17] [110/459] MBBT
[19:09:18] [111/459] MACK
[19:09:19] [112/459] CLDR
[19:09:20] [113/459] JYCR
[19:09:21] [114/459] DCRP
[19:09:22] [115/459] RAHT
[19:09:22] [116/459] CSSM
[19:09:23] [117/459] ATPK
[19:09:24] [118/459] KLRT
[19:09:25] [119/459] SRDD
[19:09:26] [120/459] CKMC
[19:09:27] [121/459] KRVM
[19:09:28] [122/459] AKCP
[19:09:28] [123/459] CNCV
[19:09:29] [124/459] PACT
[19:09:30] [125/459] NATP
[19:09:31] [126/459] PCPK
[19:09:32] [127/459] SMHO
[19:09:32] [128/459] CWTK
[19:09:33] [129/459] RVKZ
[19:09:34] [130/459] ASPD
[19:09:35] [131/459] VTKZ
[19:09:36] [132/459] LCSO
[19:09:37] [133/459] PRDY
[19:09:37] [134/459] RCAP
[19:09:38] [135/459] RGAR
[19:09:39] [136/459] RCAC
[19:09:40] [137/459] PMOD
[19:09:41] [138/459] PVCN
[19:09:42] [139/459] SCRZ
[19:09:43] [140/459] PVPC
[19:09:44] [141/459] STID
[19:09:45] [142/459] NEDD
[19:09:46] [143/459] BNBA
[19:09:47] [144/459] NTCD
[19:09:48] [145/459] OCDE
[19:09:48] [146/459] CCDU
[19:09:49] [147/459] CRXH
[19:09:50] [148/459] VLVT
[19:09:51] [149/459] CICI
[19:09:52] [150/459] SUCB
[19:09:53] [151/459] TCBP
[19:09:54] [152/459] SCCY
[19:09:55] [153/459] LXCY
[19:09:56] [154/459] NCMD
[19:09:57] [155/459] PHCS
[19:09:58] [156/459] DUXR
[19:09:58] [157/459] VNKS
[19:10:00] [158/459] SEDP
[19:10:01] [159/459] SVEN
[19:10:03] [160/459] SRKM
[19:10:04] [161/459] JTLT
[19:10:05] [162/459] SVSS
[19:10:07] [163/459] AMDE
[19:10:07] [164/459] WVRN
[19:10:08] [165/459] ISMG
[19:10:09] [166/459] WVKS
[19:10:10] [167/459] USCG
[19:10:12] [168/459] IOTG
[19:10:13] [169/459] RRJM
[19:10:14] [170/459] EDMP
[19:10:15] [171/459] SCGZ
[19:10:15] [172/459] GMGX
[19:10:16] [173/459] OMTP
[19:10:17] [174/459] MITD
[19:10:18] [175/459] SMMD
[19:10:19] [176/459] STML
[19:10:20] [177/459] MCFS
[19:10:21] [178/459] FPKA
[19:10:22] [179/459] OMLR
[19:10:22] [180/459] KKSC
[19:10:23] [181/459] RVMA
[19:10:24] [182/459] SCLL
[19:10:25] [183/459] SCDK
[19:10:25] [184/459] SXMI
[19:10:27] [185/459] SHDN
[19:10:28] [186/459] PAAD
[19:10:29] [187/459] UUCB
[19:10:29] [188/459] JHOL
[19:10:30] [189/459] SGWT
[19:10:31] [190/459] SRII
[19:10:32] [191/459] SGCK
[19:10:33] [192/459] SVVB
[19:10:34] [193/459] DMHA
[19:10:35] [194/459] PPNL
[19:10:35] [195/459] CPNL
[19:10:36] [196/459] WVLD
[19:10:37] [197/459] PSLV
[19:10:38] [198/459] VTTL
[19:10:38] [199/459] NPAD
[19:10:39] [200/459] PVCS
[19:10:40] [201/459] MCHL
[19:10:41] [202/459] PPLL
[19:10:41] [203/459] MALO
[19:10:42] [204/459] SWBH
[19:10:43] [205/459] PUGB
[19:10:45] [206/459] INBB
[19:10:45] [207/459] INNS
[19:10:46] [208/459] MCPT
[19:10:47] [209/459] SCMI
[19:10:48] [210/459] OCON
[19:10:49] [211/459] SCSM
[19:10:50] [212/459] RJVN
[19:10:51] [213/459] AMDK
[19:10:52] [214/459] ISMR
[19:10:52] [215/459] SMTD
[19:10:53] [216/459] VTDD
[19:10:54] [217/459] PDDZ
[19:10:55] [218/459] PCCK
[19:10:56] [219/459] INAM
[19:10:56] [220/459] FNKT
[19:10:58] [221/459] GDKA
[19:10:59] [222/459] MAYU
[19:11:00] [223/459] TCGU
[19:11:01] [224/459] KDCA
[19:11:02] [225/459] DOMY
[19:11:02] [226/459] PDDD
[19:11:03] [227/459] BJTS
[19:11:04] [228/459] VTCA
[19:11:05] [229/459] SBTM
[19:11:06] [230/459] SEET
[19:11:07] [231/459] SSTJ
[19:11:08] [232/459] SVNT
[19:11:09] [233/459] PPPR
[19:11:09] [234/459] PVYS
[19:11:11] [235/459] IOSE
[19:11:12] [236/459] ACTV
[19:11:12] [237/459] APVE
[19:11:13] [238/459] TCCL
[19:11:14] [239/459] SCMO
[19:11:15] [240/459] SAUM
[19:11:16] [241/459] KCJS
[19:11:17] [242/459] NJCJ
[19:11:17] [243/459] NECF
[19:11:18] [244/459] CCGW
[19:11:19] [245/459] CCMG
[19:11:20] [246/459] NYRG
[19:11:20] [247/459] NCSQ
[19:11:21] [248/459] GRCG
[19:11:22] [249/459] CCBT
[19:11:23] [250/459] ACGA
[19:11:24] [251/459] INAG
[19:11:25] [252/459] FUCG
[19:11:26] [253/459] AICF
[19:11:28] [254/459] GRGA
[19:11:28] [255/459] GDCN
[19:11:29] [256/459] RRCG
[19:11:30] [257/459] SDCH
[19:11:31] [258/459] WVJM
[19:11:32] [259/459] JCCZ
[19:11:33] [260/459] CNCL
[19:11:34] [261/459] TMLV
[19:11:35] [262/459] MEMB
[19:11:36] [263/459] SGTD
[19:11:36] [264/459] CONX
[19:11:37] [265/459] CCMH
[19:11:38] [266/459] ACMC
[19:11:39] [267/459] DTPD
[19:11:40] [268/459] POJA
[19:11:40] [269/459] FNBH
[19:11:41] [270/459] CGCB
[19:11:42] [271/459] RACN
[19:11:43] [272/459] JTSM
[19:11:44] [273/459] SCDN
[19:11:45] [274/459] AACK
[19:11:46] [275/459] RMCE
[19:11:47] [276/459] BSGB
[19:11:48] [277/459] MRCB
[19:11:49] [278/459] SRVR
[19:11:50] [279/459] VTKK
[19:11:50] [280/459] AMST
[19:11:51] [281/459] APCY
[19:11:52] [282/459] LMHO
[19:11:53] [283/459] MTZH
[19:11:54] [284/459] AMZB
[19:11:54] [285/459] SUVT
[19:11:55] [286/459] RCIP
[19:11:56] [287/459] KESR
[19:11:57] [288/459] SNKC
[19:11:58] [289/459] SCED
[19:11:59] [290/459] DVCA
[19:12:00] [291/459] VCDT
[19:12:00] [292/459] RRDI
[19:12:01] [293/459] DFCH
[19:12:02] [294/459] INSC
[19:12:04] [295/459] RGTR
[19:12:04] [296/459] FMOT
[19:12:06] [297/459] SCPM
[19:12:07] [298/459] GCDT
[19:12:07] [299/459] BRKT
[19:12:08] [300/459] DEMP
[19:12:09] [301/459] SRLC
[19:12:10] [302/459] KSTT
[19:12:10] [303/459] SMMT
[19:12:11] [304/459] SILM
[19:12:12] [305/459] JCVM
[19:12:13] [306/459] KCSV
[19:12:13] [307/459] MHLK
[19:12:14] [308/459] SLVL
[19:12:15] [309/459] RJKP
[19:12:16] [310/459] BBPC
[19:12:16] [311/459] MXCB
[19:12:17] [312/459] TCPK
[19:12:18] [313/459] RTBR
[19:12:19] [314/459] GAUT
[19:12:19] [315/459] DVCF
[19:12:20] [316/459] JTSB
[19:12:21] [317/459] SBLS
[19:12:22] [318/459] UDAY
[19:12:23] [319/459] PTNP
[19:12:24] [320/459] DMKT
[19:12:24] [321/459] NTDT
[19:12:26] [322/459] SHDJ
[19:12:26] [323/459] OTNC
[19:12:27] [324/459] RNTW
[19:12:28] [325/459] GCMI
[19:12:29] [326/459] CRCM
[19:12:30] [327/459] NNCZ
[19:12:31] [328/459] OEMO
[19:12:31] [329/459] PVJM
[19:12:33] [330/459] CPJI
[19:12:34] [331/459] RMCJ
[19:12:34] [332/459] CNWJ
[19:12:35] [333/459] EPJM
[19:12:36] [334/459] FNJJ
[19:12:37] [335/459] GCMJ
[19:12:38] [336/459] INPS
[19:12:38] [337/459] BICJ
[19:12:39] [338/459] ISTJ
[19:12:40] [339/459] INJC
[19:12:41] [340/459] GLXJ
[19:12:41] [341/459] INEM
[19:12:42] [342/459] JTMN
[19:12:43] [343/459] FRCJ
[19:12:44] [344/459] DDJP
[19:12:45] [345/459] INJV
[19:12:46] [346/459] GOLC
[19:12:47] [347/459] KOCI
[19:12:48] [348/459] FSTD
[19:12:48] [349/459] PACJ
[19:12:49] [350/459] GMCN
[19:12:50] [351/459] MMDJ
[19:12:51] [352/459] GODH
[19:12:52] [353/459] SKYN
[19:12:53] [354/459] NCTH
[19:12:54] [355/459] SKVZ
[19:12:54] [356/459] SVML
[19:12:55] [357/459] ACVZ
[19:12:56] [358/459] SURA
[19:12:57] [359/459] RTRB
[19:12:58] [360/459] LLCT
[19:12:59] [361/459] ATTS
[19:13:00] [362/459] JYCM
[19:13:01] [363/459] CTKR
[19:13:01] [364/459] LCKR
[19:13:02] [365/459] NYCV
[19:13:03] [366/459] NYOH
[19:13:04] [367/459] NOVX
[19:13:04] [368/459] MRGK
[19:13:05] [369/459] MOON
[19:13:07] [370/459] SBUC
[19:13:07] [371/459] GSVA
[19:13:08] [372/459] VIAK
[19:13:09] [373/459] SMVZ
[19:13:10] [374/459] MATE
[19:13:11] [375/459] RDCN
[19:13:12] [376/459] ASBL
[19:13:13] [377/459] ASVS
[19:13:13] [378/459] ASSR
[19:13:14] [379/459] SSKN
[19:13:15] [380/459] DRPV
[19:13:16] [381/459] MRHT
[19:13:17] [382/459] BSCN
[19:13:17] [383/459] RKNX
[19:13:18] [384/459] MSMC
[19:13:19] [385/459] MSCJ
[19:13:20] [386/459] BTBJ
[19:13:21] [387/459] MJCC
[19:13:22] [388/459] IOMM
[19:13:22] [389/459] ADGR
[19:13:23] [390/459] MYCP
[19:13:24] [391/459] IGCM
[19:13:25] [392/459] PGRK
[19:13:26] [393/459] VPGO
[19:13:27] [394/459] KOMS
[19:13:27] [395/459] URGG
[19:13:28] [396/459] GOST
[19:13:29] [397/459] LACT
[19:13:30] [398/459] BWCM
[19:13:31] [399/459] NCCW
[19:13:32] [400/459] SKYC
[19:13:33] [401/459] CCPM
[19:13:34] [402/459] VCBT
[19:13:35] [403/459] SDKR
[19:13:36] [404/459] CTYB
[19:13:36] [405/459] SHCX
[19:13:37] [406/459] RCUN
[19:13:38] [407/459] CNRA
[19:13:39] [408/459] RFCA
[19:13:40] [409/459] RDCU
[19:13:41] [410/459] SARK
[19:13:42] [411/459] SPPP
[19:13:43] [412/459] ADMB
[19:13:44] [413/459] JYOE
[19:13:44] [414/459] SRMD
[19:13:45] [415/459] RJDH
[19:13:46] [416/459] SSTD
[19:13:47] [417/459] AACV
[19:13:48] [418/459] PPVD
[19:13:48] [419/459] STCP
[19:13:49] [420/459] ANJR
[19:13:50] [421/459] ANLS
[19:13:51] [422/459] BIJO
[19:13:52] [423/459] AVAB
[19:13:53] [424/459] SPMD
[19:13:54] [425/459] SVJL
[19:13:55] [426/459] SDDJ
[19:13:56] [427/459] SLTU
[19:13:57] [428/459] SAKA
[19:13:58] [429/459] PMAM
[19:13:58] [430/459] FNAM
[19:13:59] [431/459] ACAM
[19:14:00] [432/459] SCMM
[19:14:02] [433/459] PMAK
[19:14:03] [434/459] NYSA
[19:14:03] [435/459] FCPA
[19:14:04] [436/459] GDAN
[19:14:05] [437/459] RSCA
[19:14:06] [438/459] DMAN
[19:14:07] [439/459] DZCM
[19:14:08] [440/459] NSGL
[19:14:09] [441/459] CCPP
[19:14:10] [442/459] PSMG
[19:14:11] [443/459] GSER
[19:14:12] [444/459] FCCT
[19:14:12] [445/459] FCTB
[19:14:13] [446/459] LCNK
[19:14:14] [447/459] SKTY
[19:14:15] [448/459] INAA
[19:14:15] [449/459] RCWN
[19:14:16] [450/459] VAIS
[19:14:17] [451/459] CVMN
[19:14:18] [452/459] INTS
[19:14:19] [453/459] FRGS
[19:14:20] [454/459] DTCK
[19:14:20] [455/459] MCMH
[19:14:21] [456/459] ECRR
[19:14:22] [457/459] RLLP
[19:14:23] [458/459] CCSN
[19:14:24] [459/459] CCBA
[19:14:25] 🧹 Deduping shows
[19:14:25] ✅ DONE | Shows=1463 | Movies=74
[21:53:22] 🚀 SCRIPT STARTED
[21:53:22] [1/459] MBDC
[21:53:22] 🧠 New identity created
[21:53:23] [2/459] CHKM
[21:53:23] [3/459] JTKZ
[21:53:24] [4/459] CMCT
[21:53:25] [5/459] ASHO
[21:53:26] [6/459] ECDG
[21:53:27] [7/459] SPAT
[21:53:28] [8/459] HILC
[21:53:29] [9/459] SPPH
[21:53:30] [10/459] SBHN
[21:53:30] [11/459] RRCA
[21:53:31] [12/459] APAA
[21:53:33] [13/459] RAME
[21:53:34] [14/459] TMMS
[21:53:35] [15/459] BATK
[21:53:36] [16/459] LKOP
[21:53:37] [17/459] AMTT
[21:53:37] [18/459] PTGK
[21:53:38] [19/459] ANRS
[21:53:39] [20/459] VWBW
[21:53:40] [21/459] SVFG
[21:53:41] [22/459] STAT
[21:53:41] [23/459] GDCV
[21:53:42] [24/459] VEBI
[21:53:43] [25/459] VDSS
[21:53:44] [26/459] NTHV
[21:53:45] [27/459] AOCH
[21:53:46] [28/459] KASR
[21:53:46] [29/459] AYCS
[21:53:47] [30/459] SHAI
[21:53:48] [31/459] SKPE
[21:53:49] [32/459] SBTA
[21:53:50] [33/459] RTTD
[21:53:51] [34/459] CCJD
[21:53:53] [35/459] RSJJ
[21:53:54] [36/459] RKND
[21:53:55] [37/459] SVTX
[21:53:56] [38/459] BAKM
[21:53:57] [39/459] SVDC
[21:53:58] [40/459] MNCV
[21:53:59] [41/459] SJGC
[21:54:00] [42/459] MTPK
[21:54:01] [43/459] GATP
[21:54:02] [44/459] ABTS
[21:54:03] [45/459] ABDE
[21:54:04] [46/459] RCNM
[21:54:05] [47/459] KTHV
[21:54:06] [48/459] MDGJ
[21:54:07] [49/459] SMLM
[21:54:07] [50/459] JTMA
[21:54:08] [51/459] ACKP
[21:54:09] [52/459] SRTA
[21:54:10] [53/459] STAY
[21:54:11] [54/459] MAVO
[21:54:11] [55/459] APTS
[21:54:13] [56/459] OMEA
[21:54:14] [57/459] TTFD
[21:54:14] [58/459] MJCU
[21:54:15] [59/459] CXTE
[21:54:16] [60/459] CTPX
[21:54:17] [61/459] ASSL
[21:54:18] [62/459] CMVB
[21:54:18] [63/459] VPUR
[21:54:19] [64/459] JJDA
[21:54:20] [65/459] INBL
[21:54:21] [66/459] BIKB
[21:54:21] [67/459] NTBB
[21:54:22] [68/459] GLOB
[21:54:23] [69/459] SNTB
[21:54:24] [70/459] CHGV
[21:54:25] [71/459] SSBZ
[21:54:25] [72/459] PRDB
[21:54:26] [73/459] ISMT
[21:54:27] [74/459] MCSD
[21:54:28] [75/459] JBTT
[21:54:29] [76/459] GEKR
[21:54:30] [77/459] PVUN
[21:54:31] [78/459] NRTB
[21:54:32] [79/459] PRAA
[21:54:32] [80/459] PCBL
[21:54:34] [81/459] PTCM
[21:54:35] [82/459] KHNN
[21:54:36] [83/459] OMJE
[21:54:37] [84/459] STGN
[21:54:38] [85/459] RPMS
[21:54:39] [86/459] NWAD
[21:54:40] [87/459] BLCK
[21:54:41] [88/459] SVAA
[21:54:42] [89/459] URVM
[21:54:43] [90/459] ANTM
[21:54:44] [91/459] VJYM
[21:54:44] [92/459] MAZZ
[21:54:45] [93/459] CSHM
[21:54:47] [94/459] WGMH
[21:54:47] [95/459] SALN
[21:54:48] [96/459] BRTP
[21:54:49] [97/459] SVTA
[21:54:50] [98/459] SBTP
[21:54:51] [99/459] VLSS
[21:54:52] [100/459] SRJA
[21:54:53] [101/459] ANCG
[21:54:54] [102/459] CGGC
[21:54:56] [103/459] CRJA
[21:54:56] [104/459] USCR
[21:54:57] [105/459] MMEF
[21:54:59] [106/459] JCRJ
[21:55:00] [107/459] ADCM
[21:55:01] [108/459] BMYK
[21:55:02] [109/459] KICS
[21:55:02] [110/459] MBBT
[21:55:03] [111/459] MACK
[21:55:04] [112/459] CLDR
[21:55:05] [113/459] JYCR
[21:55:06] [114/459] DCRP
[21:55:07] [115/459] RAHT
[21:55:08] [116/459] CSSM
[21:55:09] [117/459] ATPK
[21:55:09] [118/459] KLRT
[21:55:10] [119/459] SRDD
[21:55:11] [120/459] CKMC
[21:55:12] [121/459] KRVM
[21:55:13] [122/459] AKCP
[21:55:14] [123/459] CNCV
[21:55:15] [124/459] PACT
[21:55:15] [125/459] NATP
[21:55:16] [126/459] PCPK
[21:55:17] [127/459] SMHO
[21:55:18] [128/459] CWTK
[21:55:19] [129/459] RVKZ
[21:55:19] [130/459] ASPD
[21:55:20] [131/459] VTKZ
[21:55:21] [132/459] LCSO
[21:55:22] [133/459] PRDY
[21:55:23] [134/459] RCAP
[21:55:23] [135/459] RGAR
[21:55:24] [136/459] RCAC
[21:55:25] [137/459] PMOD
[21:55:26] [138/459] PVCN
[21:55:26] [139/459] SCRZ
[21:55:27] [140/459] PVPC
[21:55:28] [141/459] STID
[21:55:29] [142/459] NEDD
[21:55:30] [143/459] BNBA
[21:55:31] [144/459] NTCD
[21:55:32] [145/459] OCDE
[21:55:32] [146/459] CCDU
[21:55:33] [147/459] CRXH
[21:55:35] [148/459] VLVT
[21:55:35] [149/459] CICI
[21:55:36] [150/459] SUCB
[21:55:37] [151/459] TCBP
[21:55:38] [152/459] SCCY
[21:55:39] [153/459] LXCY
[21:55:40] [154/459] NCMD
[21:55:41] [155/459] PHCS
[21:55:42] [156/459] DUXR
[21:55:43] [157/459] VNKS
[21:55:44] [158/459] SEDP
[21:55:45] [159/459] SVEN
[21:55:46] [160/459] SRKM
[21:55:47] [161/459] JTLT
[21:55:48] [162/459] SVSS
[21:55:49] [163/459] AMDE
[21:55:50] [164/459] WVRN
[21:55:51] [165/459] ISMG
[21:55:52] [166/459] WVKS
[21:55:52] [167/459] USCG
[21:55:53] [168/459] IOTG
[21:55:54] [169/459] RRJM
[21:55:55] [170/459] EDMP
[21:55:56] [171/459] SCGZ
[21:55:57] [172/459] GMGX
[21:55:57] [173/459] OMTP
[21:55:58] [174/459] MITD
[21:55:59] [175/459] SMMD
[21:56:00] [176/459] STML
[21:56:00] [177/459] MCFS
[21:56:01] [178/459] FPKA
[21:56:02] [179/459] OMLR
[21:56:04] [180/459] KKSC
[21:56:04] [181/459] RVMA
[21:56:05] [182/459] SCLL
[21:56:06] [183/459] SCDK
[21:56:07] [184/459] SXMI
[21:56:07] [185/459] SHDN
[21:56:08] [186/459] PAAD
[21:56:09] [187/459] UUCB
[21:56:10] [188/459] JHOL
[21:56:11] [189/459] SGWT
[21:56:12] [190/459] SRII
[21:56:12] [191/459] SGCK
[21:56:13] [192/459] SVVB
[21:56:14] [193/459] DMHA
[21:56:15] [194/459] PPNL
[21:56:16] [195/459] CPNL
[21:56:17] [196/459] WVLD
[21:56:18] [197/459] PSLV
[21:56:19] [198/459] VTTL
[21:56:20] [199/459] NPAD
[21:56:21] [200/459] PVCS
[21:56:22] [201/459] MCHL
[21:56:22] [202/459] PPLL
[21:56:23] [203/459] MALO
[21:56:25] [204/459] SWBH
[21:56:26] [205/459] PUGB
[21:56:26] [206/459] INBB
[21:56:27] [207/459] INNS
[21:56:28] [208/459] MCPT
[21:56:29] [209/459] SCMI
[21:56:30] [210/459] OCON
[21:56:31] [211/459] SCSM
[21:56:32] [212/459] RJVN
[21:56:32] [213/459] AMDK
[21:56:33] [214/459] ISMR
[21:56:34] [215/459] SMTD
[21:56:35] [216/459] VTDD
[21:56:36] [217/459] PDDZ
[21:56:37] [218/459] PCCK
[21:56:37] [219/459] INAM
[21:56:38] [220/459] FNKT
[21:56:39] [221/459] GDKA
[21:56:40] [222/459] MAYU
[21:56:40] [223/459] TCGU
[21:56:42] [224/459] KDCA
[21:56:43] [225/459] DOMY
[21:56:44] [226/459] PDDD
[21:56:45] [227/459] BJTS
[21:56:45] [228/459] VTCA
[21:56:46] [229/459] SBTM
[21:56:47] [230/459] SEET
[21:56:47] [231/459] SSTJ
[21:56:48] [232/459] SVNT
[21:56:49] [233/459] PPPR
[21:56:50] [234/459] PVYS
[21:56:50] [235/459] IOSE
[21:56:51] [236/459] ACTV
[21:56:52] [237/459] APVE
[21:56:53] [238/459] TCCL
[21:56:54] [239/459] SCMO
[21:56:55] [240/459] SAUM
[21:56:55] [241/459] KCJS
[21:56:56] [242/459] NJCJ
[21:56:57] [243/459] NECF
[21:56:58] [244/459] CCGW
[21:56:59] [245/459] CCMG
[21:57:00] [246/459] NYRG
[21:57:01] [247/459] NCSQ
[21:57:02] [248/459] GRCG
[21:57:03] [249/459] CCBT
[21:57:04] [250/459] ACGA
[21:57:05] [251/459] INAG
[21:57:06] [252/459] FUCG
[21:57:07] [253/459] AICF
[21:57:07] [254/459] GRGA
[21:57:08] [255/459] GDCN
[21:57:09] [256/459] RRCG
[21:57:10] [257/459] SDCH
[21:57:11] [258/459] WVJM
[21:57:11] [259/459] JCCZ
[21:57:12] [260/459] CNCL
[21:57:13] [261/459] TMLV
[21:57:14] [262/459] MEMB
[21:57:15] [263/459] SGTD
[21:57:16] [264/459] CONX
[21:57:16] [265/459] CCMH
[21:57:17] [266/459] ACMC
[21:57:18] [267/459] DTPD
[21:57:19] [268/459] POJA
[21:57:20] [269/459] FNBH
[21:57:20] [270/459] CGCB
[21:57:21] [271/459] RACN
[21:57:22] [272/459] JTSM
[21:57:23] [273/459] SCDN
[21:57:23] [274/459] AACK
[21:57:25] [275/459] RMCE
[21:57:26] [276/459] BSGB
[21:57:27] [277/459] MRCB
[21:57:28] [278/459] SRVR
[21:57:28] [279/459] VTKK
[21:57:29] [280/459] AMST
[21:57:30] [281/459] APCY
[21:57:31] [282/459] LMHO
[21:57:31] [283/459] MTZH
[21:57:32] [284/459] AMZB
[21:57:33] [285/459] SUVT
[21:57:34] [286/459] RCIP
[21:57:35] [287/459] KESR
[21:57:36] [288/459] SNKC
[21:57:37] [289/459] SCED
[21:57:37] [290/459] DVCA
[21:57:38] [291/459] VCDT
[21:57:39] [292/459] RRDI
[21:57:40] [293/459] DFCH
[21:57:40] [294/459] INSC
[21:57:41] [295/459] RGTR
[21:57:42] [296/459] FMOT
[21:57:43] [297/459] SCPM
[21:57:44] [298/459] GCDT
[21:57:44] [299/459] BRKT
[21:57:45] [300/459] DEMP
[21:57:46] [301/459] SRLC
[21:57:47] [302/459] KSTT
[21:57:48] [303/459] SMMT
[21:57:48] [304/459] SILM
[21:57:49] [305/459] JCVM
[21:57:50] [306/459] KCSV
[21:57:51] [307/459] MHLK
[21:57:52] [308/459] SLVL
[21:57:52] [309/459] RJKP
[21:57:53] [310/459] BBPC
[21:57:54] [311/459] MXCB
[21:57:55] [312/459] TCPK
[21:57:56] [313/459] RTBR
[21:57:56] [314/459] GAUT
[21:57:57] [315/459] DVCF
[21:57:58] [316/459] JTSB
[21:57:59] [317/459] SBLS
[21:58:00] [318/459] UDAY
[21:58:01] [319/459] PTNP
[21:58:02] [320/459] DMKT
[21:58:03] [321/459] NTDT
[21:58:04] [322/459] SHDJ
[21:58:04] [323/459] OTNC
[21:58:05] [324/459] RNTW
[21:58:06] [325/459] GCMI
[21:58:07] [326/459] CRCM
[21:58:07] [327/459] NNCZ
[21:58:08] [328/459] OEMO
[21:58:09] [329/459] PVJM
[21:58:10] [330/459] CPJI
[21:58:10] [331/459] RMCJ
[21:58:11] [332/459] CNWJ
[21:58:12] [333/459] EPJM
[21:58:13] [334/459] FNJJ
[21:58:14] [335/459] GCMJ
[21:58:15] [336/459] INPS
[21:58:16] [337/459] BICJ
[21:58:17] [338/459] ISTJ
[21:58:17] [339/459] INJC
[21:58:18] [340/459] GLXJ
[21:58:20] [341/459] INEM
[21:58:20] [342/459] JTMN
[21:58:21] [343/459] FRCJ
[21:58:21] [344/459] DDJP
[21:58:22] [345/459] INJV
[21:58:23] [346/459] GOLC
[21:58:24] [347/459] KOCI
[21:58:25] [348/459] FSTD
[21:58:26] [349/459] PACJ
[21:58:27] [350/459] GMCN
[21:58:27] [351/459] MMDJ
[21:58:28] [352/459] GODH
[21:58:29] [353/459] SKYN
[21:58:30] [354/459] NCTH
[21:58:31] [355/459] SKVZ
[21:58:32] [356/459] SVML
[21:58:33] [357/459] ACVZ
[21:58:34] [358/459] SURA
[21:58:35] [359/459] RTRB
[21:58:36] [360/459] LLCT
[21:58:37] [361/459] ATTS
[21:58:37] [362/459] JYCM
[21:58:38] [363/459] CTKR
[21:58:39] [364/459] LCKR
[21:58:39] [365/459] NYCV
[21:58:41] [366/459] NYOH
[21:58:41] [367/459] NOVX
[21:58:42] [368/459] MRGK
[21:58:43] [369/459] MOON
[21:58:44] [370/459] SBUC
[21:58:45] [371/459] GSVA
[21:58:45] [372/459] VIAK
[21:58:46] [373/459] SMVZ
[21:58:47] [374/459] MATE
[21:58:48] [375/459] RDCN
[21:58:49] [376/459] ASBL
[21:58:50] [377/459] ASVS
[21:58:50] [378/459] ASSR
[21:58:51] [379/459] SSKN
[21:58:52] [380/459] DRPV
[21:58:53] [381/459] MRHT
[21:58:53] [382/459] BSCN
[21:58:55] [383/459] RKNX
[21:58:56] [384/459] MSMC
[21:58:56] [385/459] MSCJ
[21:58:57] [386/459] BTBJ
[21:58:58] [387/459] MJCC
[21:58:59] [388/459] IOMM
[21:58:59] [389/459] ADGR
[21:59:00] [390/459] MYCP
[21:59:01] [391/459] IGCM
[21:59:02] [392/459] PGRK
[21:59:03] [393/459] VPGO
[21:59:03] [394/459] KOMS
[21:59:04] [395/459] URGG
[21:59:05] [396/459] GOST
[21:59:06] [397/459] LACT
[21:59:06] [398/459] BWCM
[21:59:07] [399/459] NCCW
[21:59:08] [400/459] SKYC
[21:59:09] [401/459] CCPM
[21:59:10] [402/459] VCBT
[21:59:11] [403/459] SDKR
[21:59:11] [404/459] CTYB
[21:59:12] [405/459] SHCX
[21:59:13] [406/459] RCUN
[21:59:14] [407/459] CNRA
[21:59:14] [408/459] RFCA
[21:59:15] [409/459] RDCU
[21:59:16] [410/459] SARK
[21:59:17] [411/459] SPPP
[21:59:17] [412/459] ADMB
[21:59:18] [413/459] JYOE
[21:59:19] [414/459] SRMD
[21:59:20] [415/459] RJDH
[21:59:21] [416/459] SSTD
[21:59:21] [417/459] AACV
[21:59:22] [418/459] PPVD
[21:59:23] [419/459] STCP
[21:59:24] [420/459] ANJR
[21:59:25] [421/459] ANLS
[21:59:25] [422/459] BIJO
[21:59:26] [423/459] AVAB
[21:59:27] [424/459] SPMD
[21:59:28] [425/459] SVJL
[21:59:29] [426/459] SDDJ
[21:59:30] [427/459] SLTU
[21:59:31] [428/459] SAKA
[21:59:31] [429/459] PMAM
[21:59:32] [430/459] FNAM
[21:59:34] [431/459] ACAM
[21:59:34] [432/459] SCMM
[21:59:35] [433/459] PMAK
[21:59:36] [434/459] NYSA
[21:59:37] [435/459] FCPA
[21:59:38] [436/459] GDAN
[21:59:38] [437/459] RSCA
[21:59:39] [438/459] DMAN
[21:59:40] [439/459] DZCM
[21:59:41] [440/459] NSGL
[21:59:42] [441/459] CCPP
[21:59:43] [442/459] PSMG
[21:59:43] [443/459] GSER
[21:59:45] [444/459] FCCT
[21:59:45] [445/459] FCTB
[21:59:46] [446/459] LCNK
[21:59:46] [447/459] SKTY
[21:59:47] [448/459] INAA
[21:59:48] [449/459] RCWN
[21:59:48] [450/459] VAIS
[21:59:49] [451/459] CVMN
[21:59:50] [452/459] INTS
[21:59:51] [453/459] FRGS
[21:59:52] [454/459] DTCK
[21:59:52] [455/459] MCMH
[21:59:53] [456/459] ECRR
[21:59:55] [457/459] RLLP
[21:59:55] [458/459] CCSN
[21:59:56] [459/459] CCBA
[21:59:56] 🧹 Deduping shows
[21:59:56] ✅ DONE | Shows=1719 | Movies=79
