[10:10:04] 🚀 SCRIPT STARTED
[10:10:04] [1/459] FNDB
[10:10:04] 🧠 New identity created
[10:10:06] [2/459] AMBH
[10:10:06] [3/459] PRHN
[10:10:07] [4/459] ACPM
[10:10:08] [5/459] PVFS
[10:10:09] [6/459] AACN
[10:10:10] [7/459] ACAS
[10:10:10] [8/459] CTNR
[10:10:11] [9/459] MMAH
[10:10:12] [10/459] CPMH
[10:10:13] [11/459] IGMH
[10:10:14] [12/459] ABCS
[10:10:14] [13/459] CMMA
[10:10:15] [14/459] GPRH
[10:10:16] [15/459] PNNG
[10:10:17] [16/459] AMCA
[10:10:18] [17/459] ISTN
[10:10:19] [18/459] PIIC
[10:10:19] [19/459] AHMH
[10:10:20] [20/459] ASHN
[10:10:21] [21/459] INHY
[10:10:23] [22/459] SRMO
[10:10:23] [23/459] PIMH
[10:10:25] [24/459] PVTS
[10:10:26] [25/459] MMCA
[10:10:26] [26/459] AKYJ
[10:10:27] [27/459] BRKH
[10:10:28] [28/459] MAHM
[10:10:29] [29/459] CPHY
[10:10:30] [30/459] PVTP
[10:10:31] [31/459] SMMR
[10:10:32] [32/459] PVHM
[10:10:33] [33/459] SNDY
[10:10:34] [34/459] GOKU
[10:10:35] [35/459] ACEV
[10:10:35] [36/459] PVUM
[10:10:36] [37/459] VSWA
[10:10:37] [38/459] IPRS
[10:10:38] [39/459] ASGN
[10:10:39] [40/459] BKMV
[10:10:40] [41/459] PVYH
[10:10:40] [42/459] INKM
[10:10:41] [43/459] ARJU
[10:10:42] [44/459] JJPP
[10:10:43] [45/459] SSRM
[10:10:44] [46/459] HMHD
[10:10:45] [47/459] SNKH
[10:10:46] [48/459] ACHI
[10:10:46] [49/459] MRAA
[10:10:47] [50/459] INMH
[10:10:48] [51/459] ARMH
[10:10:49] [52/459] DVRR
[10:10:50] [53/459] SUDA
[10:10:51] [54/459] MCSS
[10:10:52] [55/459] VRKC
[10:10:53] [56/459] PRCX
[10:10:54] [57/459] ASJY
[10:10:55] [58/459] MTHY
[10:10:55] [59/459] SRCM
[10:10:56] [60/459] TVHY
[10:10:57] [61/459] STHD
[10:10:58] [62/459] CPCL
[10:10:59] [63/459] PSMJ
[10:11:00] [64/459] MRGT
[10:11:01] [65/459] ARYH
[10:11:02] [66/459] VTRB
[10:11:03] [67/459] SCHC
[10:11:04] [68/459] MRRG
[10:11:05] [69/459] SPCB
[10:11:06] [70/459] AMCM
[10:11:07] [71/459] IVNM
[10:11:08] [72/459] TRHY
[10:11:09] [73/459] PTTH
[10:11:09] [74/459] RKMH
[10:11:10] [75/459] PRCS
[10:11:11] [76/459] VAJA
[10:11:12] [77/459] BJNG
[10:11:14] [78/459] SCVM
[10:11:14] [79/459] GNHB
[10:11:15] [80/459] TLUR
[10:11:16] [81/459] UKCC
[10:11:17] [82/459] SRKR
[10:11:18] [83/459] RMKN
[10:11:19] [84/459] SLRT
[10:11:20] [85/459] LKMT
[10:11:21] [86/459] SSRJ
[10:11:22] [87/459] SPHT
[10:11:22] [88/459] ANTT
[10:11:23] [89/459] SRCH
[10:11:25] [90/459] SRCA
[10:11:26] [91/459] ARTH
[10:11:27] [92/459] MCBH
[10:11:28] [93/459] SNIB
[10:11:29] [94/459] SART
[10:11:31] [95/459] SKTA
[10:11:32] [96/459] YAKT
[10:11:33] [97/459] MLCK
[10:11:34] [98/459] ANTS
[10:11:35] [99/459] DGCA
[10:11:36] [100/459] SGMP
[10:11:36] [101/459] ASWN
[10:11:37] [102/459] KFVU
[10:11:38] [103/459] POOR
[10:11:39] [104/459] GKDN
[10:11:40] [105/459] EOSE
[10:11:42] [106/459] GTTT
[10:11:43] [107/459] ARRO
[10:11:44] [108/459] CMMK
[10:11:45] [109/459] MSCN
[10:11:46] [110/459] GDKH
[10:11:47] [111/459] DLMT
[10:11:48] [112/459] PVMF
[10:11:48] [113/459] CPCK
[10:11:49] [114/459] VMHE
[10:11:51] [115/459] PVLC
[10:11:52] [116/459] PCVB
[10:11:53] [117/459] SNYK
[10:11:53] [118/459] KTEK
[10:11:54] [119/459] PCNM
[10:11:55] [120/459] NTTR
[10:11:56] [121/459] CPSK
[10:11:57] [122/459] JMMA
[10:11:58] [123/459] GCFK
[10:11:59] [124/459] MYCA
[10:12:00] [125/459] KSNP
[10:12:01] [126/459] PMCE
[10:12:02] [127/459] SCKI
[10:12:03] [128/459] FSMA
[10:12:04] [129/459] CETA
[10:12:05] [130/459] MCIK
[10:12:06] [131/459] MYCR
[10:12:07] [132/459] EVMP
[10:12:08] [133/459] SSGT
[10:12:09] [134/459] KCTK
[10:12:10] [135/459] ZTKC
[10:12:12] [136/459] MMTA
[10:12:13] [137/459] MAJT
[10:12:14] [138/459] ACPK
[10:12:14] [139/459] JMAX
[10:12:15] [140/459] SETK
[10:12:16] [141/459] CAIS
[10:12:17] [142/459] AGCD
[10:12:18] [143/459] URCL
[10:12:19] [144/459] VTDS
[10:12:20] [145/459] JCNM
[10:12:21] [146/459] KCAM
[10:12:22] [147/459] ADCU
[10:12:22] [148/459] GXYN
[10:12:23] [149/459] SMJG
[10:12:24] [150/459] EYCJ
[10:12:25] [151/459] CCEJ
[10:12:26] [152/459] MARS
[10:12:27] [153/459] CPVJ
[10:12:28] [154/459] INVP
[10:12:29] [155/459] CPOV
[10:12:31] [156/459] VIJK
[10:12:32] [157/459] LAIM
[10:12:33] [158/459] STHV
[10:12:34] [159/459] SVLJ
[10:12:35] [160/459] ATVJ
[10:12:37] [161/459] JTSC
[10:12:38] [162/459] RMTV
[10:12:39] [163/459] MGGG
[10:12:39] [164/459] SWTH
[10:12:40] [165/459] INVJ
[10:12:41] [166/459] PRSV
[10:12:42] [167/459] JATV
[10:12:42] [168/459] RCVD
[10:12:43] [169/459] BDMA
[10:12:44] [170/459] BLJI
[10:12:45] [171/459] SWOT
[10:12:46] [172/459] SWRN
[10:12:47] [173/459] TVRA
[10:12:48] [174/459] VCSV
[10:12:48] [175/459] NVRN
[10:12:49] [176/459] SIKC
[10:12:50] [177/459] VAKR
[10:12:51] [178/459] SYLN
[10:12:52] [179/459] KLJL
[10:12:53] [180/459] LKMY
[10:12:54] [181/459] VSLY
[10:12:55] [182/459] CIKO
[10:12:55] [183/459] GPBG
[10:12:56] [184/459] CECM
[10:12:57] [185/459] SLKB
[10:12:58] [186/459] MTBO
[10:12:59] [187/459] SSHB
[10:13:00] [188/459] VPCS
[10:13:01] [189/459] RCSR
[10:13:02] [190/459] RJRM
[10:13:03] [191/459] KPPB
[10:13:04] [192/459] SEDC
[10:13:04] [193/459] SCAI
[10:13:05] [194/459] RMTR
[10:13:06] [195/459] ASST
[10:13:07] [196/459] GCAK
[10:13:09] [197/459] ANNK
[10:13:10] [198/459] KDDF
[10:13:11] [199/459] NRDP
[10:13:12] [200/459] PLAK
[10:13:14] [201/459] GCMC
[10:13:15] [202/459] ALPY
[10:13:16] [203/459] SICE
[10:13:17] [204/459] SISR
[10:13:18] [205/459] SRPZ
[10:13:18] [206/459] SRSW
[10:13:19] [207/459] SUYA
[10:13:20] [208/459] AMMT
[10:13:21] [209/459] BHCU
[10:13:22] [210/459] KLPA
[10:13:23] [211/459] NVKH
[10:13:23] [212/459] JMRC
[10:13:24] [213/459] KTTT
[10:13:25] [214/459] MAGH
[10:13:26] [215/459] MMMX
[10:13:26] [216/459] SALJ
[10:13:27] [217/459] GTJA
[10:13:28] [218/459] MAHT
[10:13:29] [219/459] SSNN
[10:13:30] [220/459] ARRP
[10:13:31] [221/459] ATNS
[10:13:32] [222/459] SKDT
[10:13:33] [223/459] ACAT
[10:13:34] [224/459] APRC
[10:13:34] [225/459] SWAG
[10:13:35] [226/459] SDPT
[10:13:36] [227/459] STPS
[10:13:37] [228/459] WWCZ
[10:13:37] [229/459] LLCH
[10:13:38] [230/459] MZHA
[10:13:39] [231/459] CRJG
[10:13:40] [232/459] JGTK
[10:13:41] [233/459] KCSR
[10:13:42] [234/459] CHTL
[10:13:42] [235/459] EDSR
[10:13:43] [236/459] CSWO
[10:13:44] [237/459] CPVM
[10:13:45] [238/459] MXBY
[10:13:46] [239/459] FMMA
[10:13:47] [240/459] POVI
[10:13:48] [241/459] MTHB
[10:13:49] [242/459] INRC
[10:13:49] [243/459] PIPP
[10:13:50] [244/459] BMXC
[10:13:51] [245/459] PCMM
[10:13:52] [246/459] PMKM
[10:13:53] [247/459] GATY
[10:13:54] [248/459] IMCM
[10:13:55] [249/459] POPE
[10:13:56] [250/459] MTCR
[10:13:57] [251/459] PVAE
[10:13:58] [252/459] PVMI
[10:14:00] [253/459] CPNM
[10:14:01] [254/459] FMRL
[10:14:02] [255/459] MCIW
[10:14:03] [256/459] MXBO
[10:14:04] [257/459] FMKY
[10:14:04] [258/459] FMDA
[10:14:05] [259/459] THAB
[10:14:06] [260/459] PRCW
[10:14:07] [261/459] PITI
[10:14:08] [262/459] MCFF
[10:14:09] [263/459] PDDV
[10:14:10] [264/459] MCRM
[10:14:11] [265/459] KKMB
[10:14:11] [266/459] INKO
[10:14:12] [267/459] PLXP
[10:14:13] [268/459] MMHA
[10:14:14] [269/459] FMVS
[10:14:14] [270/459] POLM
[10:14:15] [271/459] STER
[10:14:16] [272/459] PVWJ
[10:14:17] [273/459] IMJW
[10:14:18] [274/459] FNAN
[10:14:19] [275/459] CAGL
[10:14:19] [276/459] IPBG
[10:14:20] [277/459] SMFV
[10:14:21] [278/459] MMMR
[10:14:22] [279/459] MMWM
[10:14:23] [280/459] FNCM
[10:14:24] [281/459] MDVA
[10:14:25] [282/459] MMET
[10:14:26] [283/459] MIDO
[10:14:27] [284/459] INNP
[10:14:28] [285/459] MIFU
[10:14:29] [286/459] MMSZ
[10:14:30] [287/459] BMXA
[10:14:30] [288/459] MCAA
[10:14:31] [289/459] SCVP
[10:14:32] [290/459] PLUS
[10:14:33] [291/459] MUCK
[10:14:34] [292/459] MTMA
[10:14:35] [293/459] HPVR
[10:14:35] [294/459] PMPK
[10:14:36] [295/459] MAJB
[10:14:38] [296/459] CTRR
[10:14:39] [297/459] MCTG
[10:14:40] [298/459] MACE
[10:14:41] [299/459] AAAS
[10:14:42] [300/459] CPVV
[10:14:42] [301/459] RCHG
[10:14:43] [302/459] MCNE
[10:14:44] [303/459] EMNC
[10:14:45] [304/459] MCAN
[10:14:46] [305/459] TCDM
[10:14:47] [306/459] IRGT
[10:14:48] [307/459] GCMG
[10:14:48] [308/459] MXSN
[10:14:49] [309/459] MXCK
[10:14:50] [310/459] MCRC
[10:14:51] [311/459] RSMI
[10:14:52] [312/459] WAML
[10:14:53] [313/459] MTSC
[10:14:54] [314/459] FMDR
[10:14:55] [315/459] LEPV
[10:14:56] [316/459] MTGD
[10:14:56] [317/459] IMOB
[10:14:57] [318/459] CLMM
[10:14:58] [319/459] PZCD
[10:14:59] [320/459] GOCS
[10:15:00] [321/459] KCMA
[10:15:01] [322/459] CCMP
[10:15:02] [323/459] MTSU
[10:15:03] [324/459] SNGL
[10:15:04] [325/459] MMMC
[10:15:05] [326/459] MMAA
[10:15:06] [327/459] GCDM
[10:15:07] [328/459] KTMV
[10:15:07] [329/459] AETE
[10:15:08] [330/459] OMCS
[10:15:09] [331/459] GDCD
[10:15:10] [332/459] NYMD
[10:15:11] [333/459] RNCV
[10:15:12] [334/459] KKMT
[10:15:13] [335/459] GDTH
[10:15:14] [336/459] KMMV
[10:15:14] [337/459] NHCG
[10:15:15] [338/459] PJDW
[10:15:16] [339/459] MMCV
[10:15:17] [340/459] FQSA
[10:15:18] [341/459] KURL
[10:15:19] [342/459] NNNX
[10:15:21] [343/459] AMAU
[10:15:21] [344/459] VVVM
[10:15:22] [345/459] VECU
[10:15:23] [346/459] WCVR
[10:15:24] [347/459] MTGG
[10:15:25] [348/459] SGTG
[10:15:26] [349/459] MNTG
[10:15:27] [350/459] JDDG
[10:15:28] [351/459] MBTK
[10:15:29] [352/459] SGCD
[10:15:30] [353/459] MCTC
[10:15:31] [354/459] JTPC
[10:15:31] [355/459] SDKT
[10:15:32] [356/459] KRCC
[10:15:33] [357/459] RMMD
[10:15:34] [358/459] AAME
[10:15:34] [359/459] TMWC
[10:15:35] [360/459] NRWY
[10:15:36] [361/459] CITD
[10:15:38] [362/459] VERD
[10:15:39] [363/459] MKSK
[10:15:39] [364/459] STSM
[10:15:40] [365/459] MJDG
[10:15:41] [366/459] RKPM
[10:15:42] [367/459] SSCE
[10:15:43] [368/459] VMAE
[10:15:43] [369/459] SBRU
[10:15:44] [370/459] AMBC
[10:15:45] [371/459] AMLU
[10:15:47] [372/459] INVZ
[10:15:47] [373/459] LGTV
[10:15:48] [374/459] SVAD
[10:15:49] [375/459] SMSA
[10:15:51] [376/459] SPCZ
[10:15:52] [377/459] GTCX
[10:15:53] [378/459] SCSL
[10:15:54] [379/459] SAHU
[10:15:55] [380/459] NCDA
[10:15:56] [381/459] SCCG
[10:15:57] [382/459] VKTL
[10:15:57] [383/459] PUUJ
[10:15:58] [384/459] STEJ
[10:15:59] [385/459] RJAL
[10:16:00] [386/459] ACJC
[10:16:01] [387/459] VTHC
[10:16:01] [388/459] ARVB
[10:16:03] [389/459] AUBB
[10:16:04] [390/459] GDBR
[10:16:04] [391/459] PVND
[10:16:05] [392/459] BGRJ
[10:16:06] [393/459] RJMM
[10:16:07] [394/459] MCSA
[10:16:08] [395/459] BODA
[10:16:08] [396/459] JAGG
[10:16:09] [397/459] SCGA
[10:16:10] [398/459] LRCM
[10:16:11] [399/459] CPCN
[10:16:12] [400/459] SSTF
[10:16:13] [401/459] SRXP
[10:16:13] [402/459] CNFX
[10:16:14] [403/459] ANDI
[10:16:16] [404/459] SYEW
[10:16:17] [405/459] RCRE
[10:16:18] [406/459] SCRW
[10:16:19] [407/459] MBKR
[10:16:20] [408/459] ASNT
[10:16:20] [409/459] JTMT
[10:16:21] [410/459] SHAY
[10:16:22] [411/459] VRTH
[10:16:23] [412/459] SPTI
[10:16:24] [413/459] DPTD
[10:16:25] [414/459] TGSN
[10:16:25] [415/459] RCWV
[10:16:26] [416/459] OCUR
[10:16:27] [417/459] KSTC
[10:16:28] [418/459] SANI
[10:16:29] [419/459] MLCA
[10:16:31] [420/459] EGCA
[10:16:32] [421/459] SYSN
[10:16:33] [422/459] PKTA
[10:16:33] [423/459] PRCC
[10:16:34] [424/459] KSTR
[10:16:35] [425/459] SNTP
[10:16:36] [426/459] RCHA
[10:16:37] [427/459] SEEA
[10:16:37] [428/459] ALAT
[10:16:39] [429/459] AATV
[10:16:40] [430/459] RJTE
[10:16:41] [431/459] AAPP
[10:16:42] [432/459] PMMH
[10:16:43] [433/459] INRJ
[10:16:44] [434/459] SARB
[10:16:45] [435/459] PCJL
[10:16:45] [436/459] PFJJ
[10:16:46] [437/459] GRDC
[10:16:47] [438/459] BCBA
[10:16:48] [439/459] VIXL
[10:16:49] [440/459] CSTL
[10:16:50] [441/459] MTDK
[10:16:51] [442/459] TDAC
[10:16:52] [443/459] GTDN
[10:16:54] [444/459] TTDE
[10:16:54] [445/459] ASTS
[10:16:55] [446/459] CPNS
[10:16:56] [447/459] PVVW
[10:16:57] [448/459] USEB
[10:16:59] [449/459] DTYN
[10:17:00] [450/459] PVLE
[10:17:01] [451/459] CIPS
[10:17:01] [452/459] PAEG
[10:17:02] [453/459] PTCW
[10:17:03] [454/459] G3SR
[10:17:04] [455/459] PGND
[10:17:06] [456/459] INVM
[10:17:07] [457/459] SPIA
[10:17:08] [458/459] PCSN
[10:17:09] [459/459] PPGV
[10:17:10] 🧹 Deduping shows
[10:17:10] ✅ DONE | Shows=617 | Movies=52
[16:49:12] 🚀 SCRIPT STARTED
[16:49:12] [1/459] FNDB
[16:49:12] 🧠 New identity created
[16:49:13] [2/459] AMBH
[16:49:13] [3/459] PRHN
[16:49:14] [4/459] ACPM
[16:49:14] [5/459] PVFS
[16:49:15] [6/459] AACN
[16:49:16] [7/459] ACAS
[16:49:16] [8/459] CTNR
[16:49:17] [9/459] MMAH
[16:49:17] [10/459] CPMH
[16:49:18] [11/459] IGMH
[16:49:19] [12/459] ABCS
[16:49:19] [13/459] CMMA
[16:49:20] [14/459] GPRH
[16:49:20] [15/459] PNNG
[16:49:21] [16/459] AMCA
[16:49:21] [17/459] ISTN
[16:49:22] [18/459] PIIC
[16:49:23] [19/459] AHMH
[16:49:23] [20/459] ASHN
[16:49:24] [21/459] INHY
[16:49:24] [22/459] SRMO
[16:49:25] [23/459] PIMH
[16:49:26] [24/459] PVTS
[16:49:26] [25/459] MMCA
[16:49:27] [26/459] AKYJ
[16:49:27] [27/459] BRKH
[16:49:28] [28/459] MAHM
[16:49:29] [29/459] CPHY
[16:49:29] [30/459] PVTP
[16:49:30] [31/459] SMMR
[16:49:30] [32/459] PVHM
[16:49:31] [33/459] SNDY
[16:49:31] [34/459] GOKU
[16:49:32] [35/459] ACEV
[16:49:33] [36/459] PVUM
[16:49:34] [37/459] VSWA
[16:49:34] [38/459] IPRS
[16:49:35] [39/459] ASGN
[16:49:36] [40/459] BKMV
[16:49:36] [41/459] PVYH
[16:49:37] [42/459] INKM
[16:49:37] [43/459] ARJU
[16:49:38] [44/459] JJPP
[16:49:39] [45/459] SSRM
[16:49:39] [46/459] HMHD
[16:49:40] [47/459] SNKH
[16:49:40] [48/459] ACHI
[16:49:41] [49/459] MRAA
[16:49:41] [50/459] INMH
[16:49:42] [51/459] ARMH
[16:49:43] [52/459] DVRR
[16:49:43] [53/459] SUDA
[16:49:44] [54/459] MCSS
[16:49:44] [55/459] VRKC
[16:49:45] [56/459] PRCX
[16:49:45] [57/459] ASJY
[16:49:46] [58/459] MTHY
[16:49:46] [59/459] SRCM
[16:49:46] [60/459] TVHY
[16:49:47] [61/459] STHD
[16:49:47] [62/459] CPCL
[16:49:48] [63/459] PSMJ
[16:49:49] [64/459] MRGT
[16:49:49] [65/459] ARYH
[16:49:50] [66/459] VTRB
[16:49:51] [67/459] SCHC
[16:49:51] [68/459] MRRG
[16:49:52] [69/459] SPCB
[16:49:52] [70/459] AMCM
[16:49:53] [71/459] IVNM
[16:49:53] [72/459] TRHY
[16:49:54] [73/459] PTTH
[16:49:54] [74/459] RKMH
[16:49:55] [75/459] PRCS
[16:49:55] [76/459] VAJA
[16:49:56] [77/459] BJNG
[16:49:56] [78/459] SCVM
[16:49:57] [79/459] GNHB
[16:49:57] [80/459] TLUR
[16:49:58] [81/459] UKCC
[16:49:58] [82/459] SRKR
[16:49:59] [83/459] RMKN
[16:50:00] [84/459] SLRT
[16:50:00] [85/459] LKMT
[16:50:01] [86/459] SSRJ
[16:50:01] [87/459] SPHT
[16:50:02] [88/459] ANTT
[16:50:02] [89/459] SRCH
[16:50:03] [90/459] SRCA
[16:50:03] [91/459] ARTH
[16:50:04] [92/459] MCBH
[16:50:04] [93/459] SNIB
[16:50:05] [94/459] SART
[16:50:05] [95/459] SKTA
[16:50:06] [96/459] YAKT
[16:50:07] [97/459] MLCK
[16:50:07] [98/459] ANTS
[16:50:08] [99/459] DGCA
[16:50:09] [100/459] SGMP
[16:50:09] [101/459] ASWN
[16:50:10] [102/459] KFVU
[16:50:11] [103/459] POOR
[16:50:12] [104/459] GKDN
[16:50:12] [105/459] EOSE
[16:50:13] [106/459] GTTT
[16:50:13] [107/459] ARRO
[16:50:14] [108/459] CMMK
[16:50:15] [109/459] MSCN
[16:50:15] [110/459] GDKH
[16:50:16] [111/459] DLMT
[16:50:16] [112/459] PVMF
[16:50:17] [113/459] CPCK
[16:50:17] [114/459] VMHE
[16:50:18] [115/459] PVLC
[16:50:18] [116/459] PCVB
[16:50:19] [117/459] SNYK
[16:50:20] [118/459] KTEK
[16:50:20] [119/459] PCNM
[16:50:21] [120/459] NTTR
[16:50:22] [121/459] CPSK
[16:50:22] [122/459] JMMA
[16:50:23] [123/459] GCFK
[16:50:23] [124/459] MYCA
[16:50:24] [125/459] KSNP
[16:50:24] [126/459] PMCE
[16:50:25] [127/459] SCKI
[16:50:26] [128/459] FSMA
[16:50:27] [129/459] CETA
[16:50:27] [130/459] MCIK
[16:50:28] [131/459] MYCR
[16:50:29] [132/459] EVMP
[16:50:30] [133/459] SSGT
[16:50:30] [134/459] KCTK
[16:50:31] [135/459] ZTKC
[16:50:32] [136/459] MMTA
[16:50:33] [137/459] MAJT
[16:50:34] [138/459] ACPK
[16:50:35] [139/459] JMAX
[16:50:36] [140/459] SETK
[16:50:37] [141/459] CAIS
[16:50:37] [142/459] AGCD
[16:50:38] [143/459] URCL
[16:50:38] [144/459] VTDS
[16:50:39] [145/459] JCNM
[16:50:40] [146/459] KCAM
[16:50:41] [147/459] ADCU
[16:50:41] [148/459] GXYN
[16:50:42] [149/459] SMJG
[16:50:43] [150/459] EYCJ
[16:50:44] [151/459] CCEJ
[16:50:45] [152/459] MARS
[16:50:45] [153/459] CPVJ
[16:50:46] [154/459] INVP
[16:50:47] [155/459] CPOV
[16:50:49] [156/459] VIJK
[16:50:49] [157/459] LAIM
[16:50:50] [158/459] STHV
[16:50:50] [159/459] SVLJ
[16:50:51] [160/459] ATVJ
[16:50:52] [161/459] JTSC
[16:50:53] [162/459] RMTV
[16:50:54] [163/459] MGGG
[16:50:55] [164/459] SWTH
[16:50:55] [165/459] INVJ
[16:50:56] [166/459] PRSV
[16:50:56] [167/459] JATV
[16:50:57] [168/459] RCVD
[16:50:58] [169/459] BDMA
[16:50:59] [170/459] BLJI
[16:51:00] [171/459] SWOT
[16:51:00] [172/459] SWRN
[16:51:01] [173/459] TVRA
[16:51:02] [174/459] VCSV
[16:51:03] [175/459] NVRN
[16:51:04] [176/459] SIKC
[16:51:04] [177/459] VAKR
[16:51:05] [178/459] SYLN
[16:51:06] [179/459] KLJL
[16:51:07] [180/459] LKMY
[16:51:07] [181/459] VSLY
[16:51:09] [182/459] CIKO
[16:51:09] [183/459] GPBG
[16:51:10] [184/459] CECM
[16:51:11] [185/459] SLKB
[16:51:12] [186/459] MTBO
[16:51:13] [187/459] SSHB
[16:51:13] [188/459] VPCS
[16:51:14] [189/459] RCSR
[16:51:15] [190/459] RJRM
[16:51:15] [191/459] KPPB
[16:51:16] [192/459] SEDC
[16:51:17] [193/459] SCAI
[16:51:18] [194/459] RMTR
[16:51:18] [195/459] ASST
[16:51:20] [196/459] GCAK
[16:51:20] [197/459] ANNK
[16:51:21] [198/459] KDDF
[16:51:22] [199/459] NRDP
[16:51:23] [200/459] PLAK
[16:51:23] [201/459] GCMC
[16:51:24] [202/459] ALPY
[16:51:25] [203/459] SICE
[16:51:26] [204/459] SISR
[16:51:26] [205/459] SRPZ
[16:51:27] [206/459] SRSW
[16:51:29] [207/459] SUYA
[16:51:30] [208/459] AMMT
[16:51:30] [209/459] BHCU
[16:51:31] [210/459] KLPA
[16:51:32] [211/459] NVKH
[16:51:32] [212/459] JMRC
[16:51:34] [213/459] KTTT
[16:51:35] [214/459] MAGH
[16:51:36] [215/459] MMMX
[16:51:37] [216/459] SALJ
[16:51:37] [217/459] GTJA
[16:51:38] [218/459] MAHT
[16:51:39] [219/459] SSNN
[16:51:40] [220/459] ARRP
[16:51:40] [221/459] ATNS
[16:51:41] [222/459] SKDT
[16:51:42] [223/459] ACAT
[16:51:42] [224/459] APRC
[16:51:43] [225/459] SWAG
[16:51:44] [226/459] SDPT
[16:51:44] [227/459] STPS
[16:51:45] [228/459] WWCZ
[16:51:46] [229/459] LLCH
[16:51:47] [230/459] MZHA
[16:51:47] [231/459] CRJG
[16:51:48] [232/459] JGTK
[16:51:49] [233/459] KCSR
[16:51:50] [234/459] CHTL
[16:51:51] [235/459] EDSR
[16:51:51] [236/459] CSWO
[16:51:52] [237/459] CPVM
[16:51:53] [238/459] MXBY
[16:51:54] [239/459] FMMA
[16:51:55] [240/459] POVI
[16:51:55] [241/459] MTHB
[16:51:56] [242/459] INRC
[16:51:57] [243/459] PIPP
[16:51:58] [244/459] BMXC
[16:51:59] [245/459] PCMM
[16:51:59] [246/459] PMKM
[16:52:00] [247/459] GATY
[16:52:01] [248/459] IMCM
[16:52:02] [249/459] POPE
[16:52:02] [250/459] MTCR
[16:52:03] [251/459] PVAE
[16:52:04] [252/459] PVMI
[16:52:05] [253/459] CPNM
[16:52:05] [254/459] FMRL
[16:52:06] [255/459] MCIW
[16:52:07] [256/459] MXBO
[16:52:08] [257/459] FMKY
[16:52:08] [258/459] FMDA
[16:52:10] [259/459] THAB
[16:52:10] [260/459] PRCW
[16:52:11] [261/459] PITI
[16:52:12] [262/459] MCFF
[16:52:13] [263/459] PDDV
[16:52:13] [264/459] MCRM
[16:52:14] [265/459] KKMB
[16:52:15] [266/459] INKO
[16:52:16] [267/459] PLXP
[16:52:17] [268/459] MMHA
[16:52:17] [269/459] FMVS
[16:52:18] [270/459] POLM
[16:52:19] [271/459] STER
[16:52:20] [272/459] PVWJ
[16:52:21] [273/459] IMJW
[16:52:21] [274/459] FNAN
[16:52:22] [275/459] CAGL
[16:52:23] [276/459] IPBG
[16:52:24] [277/459] SMFV
[16:52:25] [278/459] MMMR
[16:52:25] [279/459] MMWM
[16:52:26] [280/459] FNCM
[16:52:26] [281/459] MDVA
[16:52:27] [282/459] MMET
[16:52:28] [283/459] MIDO
[16:52:30] [284/459] INNP
[16:52:30] [285/459] MIFU
[16:52:31] [286/459] MMSZ
[16:52:31] [287/459] BMXA
[16:52:32] [288/459] MCAA
[16:52:33] [289/459] SCVP
[16:52:34] [290/459] PLUS
[16:52:35] [291/459] MUCK
[16:52:36] [292/459] MTMA
[16:52:36] [293/459] HPVR
[16:52:37] [294/459] PMPK
[16:52:38] [295/459] MAJB
[16:52:39] [296/459] CTRR
[16:52:40] [297/459] MCTG
[16:52:40] [298/459] MACE
[16:52:41] [299/459] AAAS
[16:52:42] [300/459] CPVV
[16:52:43] [301/459] RCHG
[16:52:44] [302/459] MCNE
[16:52:44] [303/459] EMNC
[16:52:45] [304/459] MCAN
[16:52:46] [305/459] TCDM
[16:52:47] [306/459] IRGT
[16:52:48] [307/459] GCMG
[16:52:49] [308/459] MXSN
[16:52:49] [309/459] MXCK
[16:52:50] [310/459] MCRC
[16:52:50] [311/459] RSMI
[16:52:51] [312/459] WAML
[16:52:52] [313/459] MTSC
[16:52:53] [314/459] FMDR
[16:52:54] [315/459] LEPV
[16:52:55] [316/459] MTGD
[16:52:56] [317/459] IMOB
[16:52:57] [318/459] CLMM
[16:52:57] [319/459] PZCD
[16:52:58] [320/459] GOCS
[16:52:59] [321/459] KCMA
[16:53:00] [322/459] CCMP
[16:53:00] [323/459] MTSU
[16:53:01] [324/459] SNGL
[16:53:02] [325/459] MMMC
[16:53:03] [326/459] MMAA
[16:53:04] [327/459] GCDM
[16:53:05] [328/459] KTMV
[16:53:05] [329/459] AETE
[16:53:06] [330/459] OMCS
[16:53:07] [331/459] GDCD
[16:53:07] [332/459] NYMD
[16:53:08] [333/459] RNCV
[16:53:09] [334/459] KKMT
[16:53:10] [335/459] GDTH
[16:53:11] [336/459] KMMV
[16:53:11] [337/459] NHCG
[16:53:12] [338/459] PJDW
[16:53:13] [339/459] MMCV
[16:53:14] [340/459] FQSA
[16:53:15] [341/459] KURL
[16:53:16] [342/459] NNNX
[16:53:16] [343/459] AMAU
[16:53:17] [344/459] VVVM
[16:53:18] [345/459] VECU
[16:53:19] [346/459] WCVR
[16:53:20] [347/459] MTGG
[16:53:20] [348/459] SGTG
[16:53:21] [349/459] MNTG
[16:53:22] [350/459] JDDG
[16:53:23] [351/459] MBTK
[16:53:24] [352/459] SGCD
[16:53:25] [353/459] MCTC
[16:53:26] [354/459] JTPC
[16:53:26] [355/459] SDKT
[16:53:27] [356/459] KRCC
[16:53:27] [357/459] RMMD
[16:53:28] [358/459] AAME
[16:53:29] [359/459] TMWC
[16:53:30] [360/459] NRWY
[16:53:31] [361/459] CITD
[16:53:31] [362/459] VERD
[16:53:32] [363/459] MKSK
[16:53:33] [364/459] STSM
[16:53:34] [365/459] MJDG
[16:53:35] [366/459] RKPM
[16:53:36] [367/459] SSCE
[16:53:37] [368/459] VMAE
[16:53:38] [369/459] SBRU
[16:53:38] [370/459] AMBC
[16:53:39] [371/459] AMLU
[16:53:40] [372/459] INVZ
[16:53:41] [373/459] LGTV
[16:53:42] [374/459] SVAD
[16:53:43] [375/459] SMSA
[16:53:44] [376/459] SPCZ
[16:53:45] [377/459] GTCX
[16:53:45] [378/459] SCSL
[16:53:46] [379/459] SAHU
[16:53:47] [380/459] NCDA
[16:53:48] [381/459] SCCG
[16:53:49] [382/459] VKTL
[16:53:49] [383/459] PUUJ
[16:53:50] [384/459] STEJ
[16:53:51] [385/459] RJAL
[16:53:52] [386/459] ACJC
[16:53:53] [387/459] VTHC
[16:53:54] [388/459] ARVB
[16:53:55] [389/459] AUBB
[16:53:55] [390/459] GDBR
[16:53:56] [391/459] PVND
[16:53:57] [392/459] BGRJ
[16:53:57] [393/459] RJMM
[16:53:58] [394/459] MCSA
[16:53:59] [395/459] BODA
[16:54:00] [396/459] JAGG
[16:54:01] [397/459] SCGA
[16:54:01] [398/459] LRCM
[16:54:02] [399/459] CPCN
[16:54:03] [400/459] SSTF
[16:54:03] [401/459] SRXP
[16:54:04] [402/459] CNFX
[16:54:05] [403/459] ANDI
[16:54:06] [404/459] SYEW
[16:54:07] [405/459] RCRE
[16:54:07] [406/459] SCRW
[16:54:08] [407/459] MBKR
[16:54:09] [408/459] ASNT
[16:54:10] [409/459] JTMT
[16:54:10] [410/459] SHAY
[16:54:11] [411/459] VRTH
[16:54:12] [412/459] SPTI
[16:54:14] [413/459] DPTD
[16:54:14] [414/459] TGSN
[16:54:15] [415/459] RCWV
[16:54:16] [416/459] OCUR
[16:54:16] [417/459] KSTC
[16:54:17] [418/459] SANI
[16:54:17] [419/459] MLCA
[16:54:18] [420/459] EGCA
[16:54:19] [421/459] SYSN
[16:54:20] [422/459] PKTA
[16:54:21] [423/459] PRCC
[16:54:22] [424/459] KSTR
[16:54:22] [425/459] SNTP
[16:54:23] [426/459] RCHA
[16:54:24] [427/459] SEEA
[16:54:25] [428/459] ALAT
[16:54:25] [429/459] AATV
[16:54:26] [430/459] RJTE
[16:54:27] [431/459] AAPP
[16:54:28] [432/459] PMMH
[16:54:29] [433/459] INRJ
[16:54:29] [434/459] SARB
[16:54:30] [435/459] PCJL
[16:54:31] [436/459] PFJJ
[16:54:32] [437/459] GRDC
[16:54:33] [438/459] BCBA
[16:54:34] [439/459] VIXL
[16:54:34] [440/459] CSTL
[16:54:35] [441/459] MTDK
[16:54:36] [442/459] TDAC
[16:54:38] [443/459] GTDN
[16:54:38] [444/459] TTDE
[16:54:39] [445/459] ASTS
[16:54:40] [446/459] CPNS
[16:54:41] [447/459] PVVW
[16:54:41] [448/459] USEB
[16:54:43] [449/459] DTYN
[16:54:43] [450/459] PVLE
[16:54:44] [451/459] CIPS
[16:54:45] [452/459] PAEG
[16:54:45] [453/459] PTCW
[16:54:47] [454/459] G3SR
[16:54:47] [455/459] PGND
[16:54:48] [456/459] INVM
[16:54:48] [457/459] SPIA
[16:54:49] [458/459] PCSN
[16:54:50] [459/459] PPGV
[16:54:50] 🧹 Deduping shows
[16:54:50] ✅ DONE | Shows=713 | Movies=58
[04:52:54] 🚀 SCRIPT STARTED
[04:52:54] [1/459] FNDB
[04:52:54] 🧠 New identity created
[04:52:55] [2/459] AMBH
[04:52:55] [3/459] PRHN
[04:52:56] [4/459] ACPM
[04:52:57] [5/459] PVFS
[04:52:58] [6/459] AACN
[04:52:58] [7/459] ACAS
[04:52:59] [8/459] CTNR
[04:52:59] [9/459] MMAH
[04:53:00] [10/459] CPMH
[04:53:01] [11/459] IGMH
[04:53:02] [12/459] ABCS
[04:53:02] [13/459] CMMA
[04:53:03] [14/459] GPRH
[04:53:04] [15/459] PNNG
[04:53:05] [16/459] AMCA
[04:53:05] [17/459] ISTN
[04:53:06] [18/459] PIIC
[04:53:07] [19/459] AHMH
[04:53:07] [20/459] ASHN
[04:53:08] [21/459] INHY
[04:53:08] [22/459] SRMO
[04:53:09] [23/459] PIMH
[04:53:10] [24/459] PVTS
[04:53:10] [25/459] MMCA
[04:53:11] [26/459] AKYJ
[04:53:12] [27/459] BRKH
[04:53:13] [28/459] MAHM
[04:53:13] [29/459] CPHY
[04:53:14] [30/459] PVTP
[04:53:14] [31/459] SMMR
[04:53:15] [32/459] PVHM
[04:53:16] [33/459] SNDY
[04:53:16] [34/459] GOKU
[04:53:17] [35/459] ACEV
[04:53:18] [36/459] PVUM
[04:53:18] [37/459] VSWA
[04:53:19] [38/459] IPRS
[04:53:19] [39/459] ASGN
[04:53:20] [40/459] BKMV
[04:53:21] [41/459] PVYH
[04:53:22] [42/459] INKM
[04:53:22] [43/459] ARJU
[04:53:23] [44/459] JJPP
[04:53:24] [45/459] SSRM
[04:53:24] [46/459] HMHD
[04:53:25] [47/459] SNKH
[04:53:26] [48/459] ACHI
[04:53:26] [49/459] MRAA
[04:53:27] [50/459] INMH
[04:53:27] [51/459] ARMH
[04:53:28] [52/459] DVRR
[04:53:29] [53/459] SUDA
[04:53:29] [54/459] MCSS
[04:53:30] [55/459] VRKC
[04:53:31] [56/459] PRCX
[04:53:31] [57/459] ASJY
[04:53:32] [58/459] MTHY
[04:53:32] [59/459] SRCM
[04:53:33] [60/459] TVHY
[04:53:34] [61/459] STHD
[04:53:35] [62/459] CPCL
[04:53:35] [63/459] PSMJ
[04:53:36] [64/459] MRGT
[04:53:36] [65/459] ARYH
[04:53:37] [66/459] VTRB
[04:53:38] [67/459] SCHC
[04:53:39] [68/459] MRRG
[04:53:39] [69/459] SPCB
[04:53:40] [70/459] AMCM
[04:53:41] [71/459] IVNM
[04:53:41] [72/459] TRHY
[04:53:42] [73/459] PTTH
[04:53:43] [74/459] RKMH
[04:53:43] [75/459] PRCS
[04:53:45] [76/459] VAJA
[04:53:46] [77/459] BJNG
[04:53:47] [78/459] SCVM
[04:53:48] [79/459] GNHB
[04:53:48] [80/459] TLUR
[04:53:49] [81/459] UKCC
[04:53:49] [82/459] SRKR
[04:53:50] [83/459] RMKN
[04:53:51] [84/459] SLRT
[04:53:51] [85/459] LKMT
[04:53:52] [86/459] SSRJ
[04:53:52] [87/459] SPHT
[04:53:53] [88/459] ANTT
[04:53:54] [89/459] SRCH
[04:53:54] [90/459] SRCA
[04:53:55] [91/459] ARTH
[04:53:56] [92/459] MCBH
[04:53:57] [93/459] SNIB
[04:53:57] [94/459] SART
[04:53:58] [95/459] SKTA
[04:53:58] [96/459] YAKT
[04:53:59] [97/459] MLCK
[04:53:59] [98/459] ANTS
[04:54:00] [99/459] DGCA
[04:54:01] [100/459] SGMP
[04:54:01] [101/459] ASWN
[04:54:02] [102/459] KFVU
[04:54:02] [103/459] POOR
[04:54:03] [104/459] GKDN
[04:54:03] [105/459] EOSE
[04:54:04] [106/459] GTTT
[04:54:05] [107/459] ARRO
[04:54:06] [108/459] CMMK
[04:54:06] [109/459] MSCN
[04:54:07] [110/459] GDKH
[04:54:08] [111/459] DLMT
[04:54:08] [112/459] PVMF
[04:54:09] [113/459] CPCK
[04:54:10] [114/459] VMHE
[04:54:10] [115/459] PVLC
[04:54:11] [116/459] PCVB
[04:54:12] [117/459] SNYK
[04:54:12] [118/459] KTEK
[04:54:12] [119/459] PCNM
[04:54:13] [120/459] NTTR
[04:54:14] [121/459] CPSK
[04:54:14] [122/459] JMMA
[04:54:15] [123/459] GCFK
[04:54:15] [124/459] MYCA
[04:54:16] [125/459] KSNP
[04:54:16] [126/459] PMCE
[04:54:17] [127/459] SCKI
[04:54:18] [128/459] FSMA
[04:54:18] [129/459] CETA
[04:54:19] [130/459] MCIK
[04:54:19] [131/459] MYCR
[04:54:20] [132/459] EVMP
[04:54:21] [133/459] SSGT
[04:54:22] [134/459] KCTK
[04:54:22] [135/459] ZTKC
[04:54:23] [136/459] MMTA
[04:54:23] [137/459] MAJT
[04:54:24] [138/459] ACPK
[04:54:25] [139/459] JMAX
[04:54:25] [140/459] SETK
[04:54:26] [141/459] CAIS
[04:54:27] [142/459] AGCD
[04:54:27] [143/459] URCL
[04:54:28] [144/459] VTDS
[04:54:29] [145/459] JCNM
[04:54:29] [146/459] KCAM
[04:54:30] [147/459] ADCU
[04:54:30] [148/459] GXYN
[04:54:31] [149/459] SMJG
[04:54:31] [150/459] EYCJ
[04:54:32] [151/459] CCEJ
[04:54:32] [152/459] MARS
[04:54:33] [153/459] CPVJ
[04:54:34] [154/459] INVP
[04:54:34] [155/459] CPOV
[04:54:35] [156/459] VIJK
[04:54:36] [157/459] LAIM
[04:54:37] [158/459] STHV
[04:54:38] [159/459] SVLJ
[04:54:38] [160/459] ATVJ
[04:54:39] [161/459] JTSC
[04:54:39] [162/459] RMTV
[04:54:40] [163/459] MGGG
[04:54:41] [164/459] SWTH
[04:54:41] [165/459] INVJ
[04:54:42] [166/459] PRSV
[04:54:42] [167/459] JATV
[04:54:43] [168/459] RCVD
[04:54:43] [169/459] BDMA
[04:54:44] [170/459] BLJI
[04:54:45] [171/459] SWOT
[04:54:45] [172/459] SWRN
[04:54:46] [173/459] TVRA
[04:54:46] [174/459] VCSV
[04:54:47] [175/459] NVRN
[04:54:48] [176/459] SIKC
[04:54:49] [177/459] VAKR
[04:54:49] [178/459] SYLN
[04:54:50] [179/459] KLJL
[04:54:50] [180/459] LKMY
[04:54:51] [181/459] VSLY
[04:54:52] [182/459] CIKO
[04:54:52] [183/459] GPBG
[04:54:53] [184/459] CECM
[04:54:53] [185/459] SLKB
[04:54:54] [186/459] MTBO
[04:54:55] [187/459] SSHB
[04:54:55] [188/459] VPCS
[04:54:56] [189/459] RCSR
[04:54:56] [190/459] RJRM
[04:54:57] [191/459] KPPB
[04:54:58] [192/459] SEDC
[04:54:59] [193/459] SCAI
[04:55:00] [194/459] RMTR
[04:55:01] [195/459] ASST
[04:55:01] [196/459] GCAK
[04:55:02] [197/459] ANNK
[04:55:02] [198/459] KDDF
[04:55:03] [199/459] NRDP
[04:55:04] [200/459] PLAK
[04:55:04] [201/459] GCMC
[04:55:05] [202/459] ALPY
[04:55:05] [203/459] SICE
[04:55:06] [204/459] SISR
[04:55:06] [205/459] SRPZ
[04:55:07] [206/459] SRSW
[04:55:08] [207/459] SUYA
[04:55:08] [208/459] AMMT
[04:55:09] [209/459] BHCU
[04:55:10] [210/459] KLPA
[04:55:11] [211/459] NVKH
[04:55:11] [212/459] JMRC
[04:55:12] [213/459] KTTT
[04:55:12] [214/459] MAGH
[04:55:13] [215/459] MMMX
[04:55:14] [216/459] SALJ
[04:55:14] [217/459] GTJA
[04:55:15] [218/459] MAHT
[04:55:15] [219/459] SSNN
[04:55:16] [220/459] ARRP
[04:55:17] [221/459] ATNS
[04:55:17] [222/459] SKDT
[04:55:18] [223/459] ACAT
[04:55:19] [224/459] APRC
[04:55:19] [225/459] SWAG
[04:55:20] [226/459] SDPT
[04:55:20] [227/459] STPS
[04:55:21] [228/459] WWCZ
[04:55:22] [229/459] LLCH
[04:55:22] [230/459] MZHA
[04:55:23] [231/459] CRJG
[04:55:24] [232/459] JGTK
[04:55:24] [233/459] KCSR
[04:55:25] [234/459] CHTL
[04:55:25] [235/459] EDSR
[04:55:26] [236/459] CSWO
[04:55:27] [237/459] CPVM
[04:55:27] [238/459] MXBY
[04:55:28] [239/459] FMMA
[04:55:29] [240/459] POVI
[04:55:30] [241/459] MTHB
[04:55:30] [242/459] INRC
[04:55:31] [243/459] PIPP
[04:55:31] [244/459] BMXC
[04:55:32] [245/459] PCMM
[04:55:32] [246/459] PMKM
[04:55:33] [247/459] GATY
[04:55:34] [248/459] IMCM
[04:55:34] [249/459] POPE
[04:55:35] [250/459] MTCR
[04:55:36] [251/459] PVAE
[04:55:36] [252/459] PVMI
[04:55:37] [253/459] CPNM
[04:55:38] [254/459] FMRL
[04:55:38] [255/459] MCIW
[04:55:39] [256/459] MXBO
[04:55:39] [257/459] FMKY
[04:55:40] [258/459] FMDA
[04:55:40] [259/459] THAB
[04:55:41] [260/459] PRCW
[04:55:42] [261/459] PITI
[04:55:42] [262/459] MCFF
[04:55:43] [263/459] PDDV
[04:55:43] [264/459] MCRM
[04:55:44] [265/459] KKMB
[04:55:45] [266/459] INKO
[04:55:45] [267/459] PLXP
[04:55:46] [268/459] MMHA
[04:55:46] [269/459] FMVS
[04:55:47] [270/459] POLM
[04:55:48] [271/459] STER
[04:55:48] [272/459] PVWJ
[04:55:49] [273/459] IMJW
[04:55:50] [274/459] FNAN
[04:55:50] [275/459] CAGL
[04:55:51] [276/459] IPBG
[04:55:52] [277/459] SMFV
[04:55:52] [278/459] MMMR
[04:55:53] [279/459] MMWM
[04:55:54] [280/459] FNCM
[04:55:54] [281/459] MDVA
[04:55:55] [282/459] MMET
[04:55:55] [283/459] MIDO
[04:55:56] [284/459] INNP
[04:55:57] [285/459] MIFU
[04:55:57] [286/459] MMSZ
[04:55:58] [287/459] BMXA
[04:55:59] [288/459] MCAA
[04:55:59] [289/459] SCVP
[04:56:00] [290/459] PLUS
[04:56:00] [291/459] MUCK
[04:56:01] [292/459] MTMA
[04:56:01] [293/459] HPVR
[04:56:02] [294/459] PMPK
[04:56:02] [295/459] MAJB
[04:56:03] [296/459] CTRR
[04:56:04] [297/459] MCTG
[04:56:04] [298/459] MACE
[04:56:05] [299/459] AAAS
[04:56:05] [300/459] CPVV
[04:56:06] [301/459] RCHG
[04:56:07] [302/459] MCNE
[04:56:07] [303/459] EMNC
[04:56:08] [304/459] MCAN
[04:56:08] [305/459] TCDM
[04:56:09] [306/459] IRGT
[04:56:10] [307/459] GCMG
[04:56:10] [308/459] MXSN
[04:56:11] [309/459] MXCK
[04:56:12] [310/459] MCRC
[04:56:12] [311/459] RSMI
[04:56:13] [312/459] WAML
[04:56:14] [313/459] MTSC
[04:56:14] [314/459] FMDR
[04:56:15] [315/459] LEPV
[04:56:16] [316/459] MTGD
[04:56:16] [317/459] IMOB
[04:56:17] [318/459] CLMM
[04:56:17] [319/459] PZCD
[04:56:18] [320/459] GOCS
[04:56:18] [321/459] KCMA
[04:56:19] [322/459] CCMP
[04:56:20] [323/459] MTSU
[04:56:20] [324/459] SNGL
[04:56:21] [325/459] MMMC
[04:56:21] [326/459] MMAA
[04:56:22] [327/459] GCDM
[04:56:22] [328/459] KTMV
[04:56:23] [329/459] AETE
[04:56:24] [330/459] OMCS
[04:56:24] [331/459] GDCD
[04:56:26] [332/459] NYMD
[04:56:26] [333/459] RNCV
[04:56:27] [334/459] KKMT
[04:56:28] [335/459] GDTH
[04:56:28] [336/459] KMMV
[04:56:29] [337/459] NHCG
[04:56:29] [338/459] PJDW
[04:56:30] [339/459] MMCV
[04:56:30] [340/459] FQSA
[04:56:31] [341/459] KURL
[04:56:32] [342/459] NNNX
[04:56:32] [343/459] AMAU
[04:56:33] [344/459] VVVM
[04:56:33] [345/459] VECU
[04:56:34] [346/459] WCVR
[04:56:35] [347/459] MTGG
[04:56:35] [348/459] SGTG
[04:56:36] [349/459] MNTG
[04:56:37] [350/459] JDDG
[04:56:37] [351/459] MBTK
[04:56:38] [352/459] SGCD
[04:56:39] [353/459] MCTC
[04:56:39] [354/459] JTPC
[04:56:40] [355/459] SDKT
[04:56:40] [356/459] KRCC
[04:56:41] [357/459] RMMD
[04:56:42] [358/459] AAME
[04:56:42] [359/459] TMWC
[04:56:43] [360/459] NRWY
[04:56:43] [361/459] CITD
[04:56:44] [362/459] VERD
[04:56:44] [363/459] MKSK
[04:56:45] [364/459] STSM
[04:56:46] [365/459] MJDG
[04:56:46] [366/459] RKPM
[04:56:47] [367/459] SSCE
[04:56:48] [368/459] VMAE
[04:56:48] [369/459] SBRU
[04:56:49] [370/459] AMBC
[04:56:49] [371/459] AMLU
[04:56:50] [372/459] INVZ
[04:56:51] [373/459] LGTV
[04:56:51] [374/459] SVAD
[04:56:52] [375/459] SMSA
[04:56:53] [376/459] SPCZ
[04:56:54] [377/459] GTCX
[04:56:54] [378/459] SCSL
[04:56:54] [379/459] SAHU
[04:56:55] [380/459] NCDA
[04:56:56] [381/459] SCCG
[04:56:56] [382/459] VKTL
[04:56:57] [383/459] PUUJ
[04:56:57] [384/459] STEJ
[04:56:58] [385/459] RJAL
[04:56:59] [386/459] ACJC
[04:56:59] [387/459] VTHC
[04:57:00] [388/459] ARVB
[04:57:01] [389/459] AUBB
[04:57:01] [390/459] GDBR
[04:57:02] [391/459] PVND
[04:57:02] [392/459] BGRJ
[04:57:03] [393/459] RJMM
[04:57:03] [394/459] MCSA
[04:57:04] [395/459] BODA
[04:57:05] [396/459] JAGG
[04:57:05] [397/459] SCGA
[04:57:06] [398/459] LRCM
[04:57:07] [399/459] CPCN
[04:57:07] [400/459] SSTF
[04:57:08] [401/459] SRXP
[04:57:08] [402/459] CNFX
[04:57:09] [403/459] ANDI
[04:57:10] [404/459] SYEW
[04:57:10] [405/459] RCRE
[04:57:11] [406/459] SCRW
[04:57:11] [407/459] MBKR
[04:57:12] [408/459] ASNT
[04:57:13] [409/459] JTMT
[04:57:13] [410/459] SHAY
[04:57:14] [411/459] VRTH
[04:57:15] [412/459] SPTI
[04:57:15] [413/459] DPTD
[04:57:16] [414/459] TGSN
[04:57:16] [415/459] RCWV
[04:57:17] [416/459] OCUR
[04:57:18] [417/459] KSTC
[04:57:18] [418/459] SANI
[04:57:19] [419/459] MLCA
[04:57:19] [420/459] EGCA
[04:57:20] [421/459] SYSN
[04:57:20] [422/459] PKTA
[04:57:21] [423/459] PRCC
[04:57:21] [424/459] KSTR
[04:57:22] [425/459] SNTP
[04:57:23] [426/459] RCHA
[04:57:23] [427/459] SEEA
[04:57:24] [428/459] ALAT
[04:57:24] [429/459] AATV
[04:57:25] [430/459] RJTE
[04:57:25] [431/459] AAPP
[04:57:26] [432/459] PMMH
[04:57:26] [433/459] INRJ
[04:57:27] [434/459] SARB
[04:57:28] [435/459] PCJL
[04:57:28] [436/459] PFJJ
[04:57:30] [437/459] GRDC
[04:57:30] [438/459] BCBA
[04:57:31] [439/459] VIXL
[04:57:31] [440/459] CSTL
[04:57:32] [441/459] MTDK
[04:57:32] [442/459] TDAC
[04:57:33] [443/459] GTDN
[04:57:34] [444/459] TTDE
[04:57:34] [445/459] ASTS
[04:57:35] [446/459] CPNS
[04:57:35] [447/459] PVVW
[04:57:36] [448/459] USEB
[04:57:37] [449/459] DTYN
[04:57:38] [450/459] PVLE
[04:57:38] [451/459] CIPS
[04:57:39] [452/459] PAEG
[04:57:40] [453/459] PTCW
[04:57:40] [454/459] G3SR
[04:57:41] [455/459] PGND
[04:57:41] [456/459] INVM
[04:57:42] [457/459] SPIA
[04:57:42] [458/459] PCSN
[04:57:43] [459/459] PPGV
[04:57:44] 🧹 Deduping shows
[04:57:44] ✅ DONE | Shows=1033 | Movies=65
[11:59:47] 🚀 SCRIPT STARTED
[11:59:47] [1/459] FNDB
[11:59:47] 🧠 New identity created
[11:59:48] [2/459] AMBH
[11:59:49] [3/459] PRHN
[11:59:50] [4/459] ACPM
[11:59:51] [5/459] PVFS
[11:59:52] [6/459] AACN
[11:59:53] [7/459] ACAS
[11:59:54] [8/459] CTNR
[11:59:54] [9/459] MMAH
[11:59:55] [10/459] CPMH
[11:59:56] [11/459] IGMH
[11:59:57] [12/459] ABCS
[11:59:58] [13/459] CMMA
[11:59:59] [14/459] GPRH
[12:00:00] [15/459] PNNG
[12:00:00] [16/459] AMCA
[12:00:01] [17/459] ISTN
[12:00:02] [18/459] PIIC
[12:00:03] [19/459] AHMH
[12:00:04] [20/459] ASHN
[12:00:05] [21/459] INHY
[12:00:06] [22/459] SRMO
[12:00:07] [23/459] PIMH
[12:00:08] [24/459] PVTS
[12:00:09] [25/459] MMCA
[12:00:10] [26/459] AKYJ
[12:00:11] [27/459] BRKH
[12:00:12] [28/459] MAHM
[12:00:13] [29/459] CPHY
[12:00:14] [30/459] PVTP
[12:00:15] [31/459] SMMR
[12:00:16] [32/459] PVHM
[12:00:16] [33/459] SNDY
[12:00:17] [34/459] GOKU
[12:00:18] [35/459] ACEV
[12:00:19] [36/459] PVUM
[12:00:21] [37/459] VSWA
[12:00:21] [38/459] IPRS
[12:00:22] [39/459] ASGN
[12:00:24] [40/459] BKMV
[12:00:25] [41/459] PVYH
[12:00:25] [42/459] INKM
[12:00:26] [43/459] ARJU
[12:00:27] [44/459] JJPP
[12:00:29] [45/459] SSRM
[12:00:29] [46/459] HMHD
[12:00:30] [47/459] SNKH
[12:00:32] [48/459] ACHI
[12:00:33] [49/459] MRAA
[12:00:34] [50/459] INMH
[12:00:35] [51/459] ARMH
[12:00:36] [52/459] DVRR
[12:00:36] [53/459] SUDA
[12:00:37] [54/459] MCSS
[12:00:38] [55/459] VRKC
[12:00:39] [56/459] PRCX
[12:00:40] [57/459] ASJY
[12:00:40] [58/459] MTHY
[12:00:41] [59/459] SRCM
[12:00:42] [60/459] TVHY
[12:00:43] [61/459] STHD
[12:00:44] [62/459] CPCL
[12:00:45] [63/459] PSMJ
[12:00:46] [64/459] MRGT
[12:00:47] [65/459] ARYH
[12:00:47] [66/459] VTRB
[12:00:49] [67/459] SCHC
[12:00:50] [68/459] MRRG
[12:00:50] [69/459] SPCB
[12:00:51] [70/459] AMCM
[12:00:52] [71/459] IVNM
[12:00:54] [72/459] TRHY
[12:00:55] [73/459] PTTH
[12:00:56] [74/459] RKMH
[12:00:57] [75/459] PRCS
[12:00:58] [76/459] VAJA
[12:00:59] [77/459] BJNG
[12:00:59] [78/459] SCVM
[12:01:00] [79/459] GNHB
[12:01:01] [80/459] TLUR
[12:01:02] [81/459] UKCC
[12:01:03] [82/459] SRKR
[12:01:04] [83/459] RMKN
[12:01:05] [84/459] SLRT
[12:01:06] [85/459] LKMT
[12:01:07] [86/459] SSRJ
[12:01:08] [87/459] SPHT
[12:01:08] [88/459] ANTT
[12:01:09] [89/459] SRCH
[12:01:10] [90/459] SRCA
[12:01:11] [91/459] ARTH
[12:01:12] [92/459] MCBH
[12:01:13] [93/459] SNIB
[12:01:14] [94/459] SART
[12:01:14] [95/459] SKTA
[12:01:15] [96/459] YAKT
[12:01:16] [97/459] MLCK
[12:01:18] [98/459] ANTS
[12:01:19] [99/459] DGCA
[12:01:20] [100/459] SGMP
[12:01:20] [101/459] ASWN
[12:01:21] [102/459] KFVU
[12:01:22] [103/459] POOR
[12:01:23] [104/459] GKDN
[12:01:24] [105/459] EOSE
[12:01:25] [106/459] GTTT
[12:01:26] [107/459] ARRO
[12:01:27] [108/459] CMMK
[12:01:28] [109/459] MSCN
[12:01:28] [110/459] GDKH
[12:01:29] [111/459] DLMT
[12:01:30] [112/459] PVMF
[12:01:31] [113/459] CPCK
[12:01:32] [114/459] VMHE
[12:01:33] [115/459] PVLC
[12:01:34] [116/459] PCVB
[12:01:34] [117/459] SNYK
[12:01:36] [118/459] KTEK
[12:01:37] [119/459] PCNM
[12:01:38] [120/459] NTTR
[12:01:39] [121/459] CPSK
[12:01:40] [122/459] JMMA
[12:01:41] [123/459] GCFK
[12:01:42] [124/459] MYCA
[12:01:43] [125/459] KSNP
[12:01:44] [126/459] PMCE
[12:01:45] [127/459] SCKI
[12:01:46] [128/459] FSMA
[12:01:47] [129/459] CETA
[12:01:48] [130/459] MCIK
[12:01:49] [131/459] MYCR
[12:01:51] [132/459] EVMP
[12:01:52] [133/459] SSGT
[12:01:53] [134/459] KCTK
[12:01:53] [135/459] ZTKC
[12:01:54] [136/459] MMTA
[12:01:55] [137/459] MAJT
[12:01:56] [138/459] ACPK
[12:01:57] [139/459] JMAX
[12:01:58] [140/459] SETK
[12:01:58] [141/459] CAIS
[12:01:59] [142/459] AGCD
[12:02:00] [143/459] URCL
[12:02:01] [144/459] VTDS
[12:02:02] [145/459] JCNM
[12:02:03] [146/459] KCAM
[12:02:03] [147/459] ADCU
[12:02:04] [148/459] GXYN
[12:02:05] [149/459] SMJG
[12:02:06] [150/459] EYCJ
[12:02:07] [151/459] CCEJ
[12:02:08] [152/459] MARS
[12:02:09] [153/459] CPVJ
[12:02:09] [154/459] INVP
[12:02:10] [155/459] CPOV
[12:02:11] [156/459] VIJK
[12:02:12] [157/459] LAIM
[12:02:13] [158/459] STHV
[12:02:13] [159/459] SVLJ
[12:02:14] [160/459] ATVJ
[12:02:15] [161/459] JTSC
[12:02:16] [162/459] RMTV
[12:02:18] [163/459] MGGG
[12:02:19] [164/459] SWTH
[12:02:20] [165/459] INVJ
[12:02:21] [166/459] PRSV
[12:02:21] [167/459] JATV
[12:02:22] [168/459] RCVD
[12:02:23] [169/459] BDMA
[12:02:24] [170/459] BLJI
[12:02:25] [171/459] SWOT
[12:02:26] [172/459] SWRN
[12:02:26] [173/459] TVRA
[12:02:27] [174/459] VCSV
[12:02:28] [175/459] NVRN
[12:02:29] [176/459] SIKC
[12:02:30] [177/459] VAKR
[12:02:31] [178/459] SYLN
[12:02:31] [179/459] KLJL
[12:02:32] [180/459] LKMY
[12:02:33] [181/459] VSLY
[12:02:34] [182/459] CIKO
[12:02:35] [183/459] GPBG
[12:02:36] [184/459] CECM
[12:02:37] [185/459] SLKB
[12:02:37] [186/459] MTBO
[12:02:38] [187/459] SSHB
[12:02:40] [188/459] VPCS
[12:02:41] [189/459] RCSR
[12:02:42] [190/459] RJRM
[12:02:42] [191/459] KPPB
[12:02:43] [192/459] SEDC
[12:02:44] [193/459] SCAI
[12:02:44] [194/459] RMTR
[12:02:45] [195/459] ASST
[12:02:46] [196/459] GCAK
[12:02:47] [197/459] ANNK
[12:02:48] [198/459] KDDF
[12:02:49] [199/459] NRDP
[12:02:50] [200/459] PLAK
[12:02:50] [201/459] GCMC
[12:02:51] [202/459] ALPY
[12:02:52] [203/459] SICE
[12:02:53] [204/459] SISR
[12:02:55] [205/459] SRPZ
[12:02:56] [206/459] SRSW
[12:02:57] [207/459] SUYA
[12:02:57] [208/459] AMMT
[12:02:58] [209/459] BHCU
[12:02:59] [210/459] KLPA
[12:03:00] [211/459] NVKH
[12:03:01] [212/459] JMRC
[12:03:02] [213/459] KTTT
[12:03:02] [214/459] MAGH
[12:03:03] [215/459] MMMX
[12:03:04] [216/459] SALJ
[12:03:05] [217/459] GTJA
[12:03:06] [218/459] MAHT
[12:03:07] [219/459] SSNN
[12:03:07] [220/459] ARRP
[12:03:08] [221/459] ATNS
[12:03:09] [222/459] SKDT
[12:03:10] [223/459] ACAT
[12:03:11] [224/459] APRC
[12:03:12] [225/459] SWAG
[12:03:13] [226/459] SDPT
[12:03:14] [227/459] STPS
[12:03:15] [228/459] WWCZ
[12:03:15] [229/459] LLCH
[12:03:16] [230/459] MZHA
[12:03:17] [231/459] CRJG
[12:03:19] [232/459] JGTK
[12:03:19] [233/459] KCSR
[12:03:20] [234/459] CHTL
[12:03:21] [235/459] EDSR
[12:03:22] [236/459] CSWO
[12:03:23] [237/459] CPVM
[12:03:24] [238/459] MXBY
[12:03:25] [239/459] FMMA
[12:03:26] [240/459] POVI
[12:03:26] [241/459] MTHB
[12:03:27] [242/459] INRC
[12:03:28] [243/459] PIPP
[12:03:29] [244/459] BMXC
[12:03:30] [245/459] PCMM
[12:03:31] [246/459] PMKM
[12:03:31] [247/459] GATY
[12:03:32] [248/459] IMCM
[12:03:33] [249/459] POPE
[12:03:34] [250/459] MTCR
[12:03:35] [251/459] PVAE
[12:03:35] [252/459] PVMI
[12:03:36] [253/459] CPNM
[12:03:37] [254/459] FMRL
[12:03:38] [255/459] MCIW
[12:03:39] [256/459] MXBO
[12:03:40] [257/459] FMKY
[12:03:40] [258/459] FMDA
[12:03:41] [259/459] THAB
[12:03:43] [260/459] PRCW
[12:03:44] [261/459] PITI
[12:03:45] [262/459] MCFF
[12:03:45] [263/459] PDDV
[12:03:46] [264/459] MCRM
[12:03:47] [265/459] KKMB
[12:03:47] [266/459] INKO
[12:03:48] [267/459] PLXP
[12:03:49] [268/459] MMHA
[12:03:50] [269/459] FMVS
[12:03:51] [270/459] POLM
[12:03:52] [271/459] STER
[12:03:54] [272/459] PVWJ
[12:03:54] [273/459] IMJW
[12:03:55] [274/459] FNAN
[12:03:56] [275/459] CAGL
[12:03:58] [276/459] IPBG
[12:03:58] [277/459] SMFV
[12:03:59] [278/459] MMMR
[12:04:00] [279/459] MMWM
[12:04:01] [280/459] FNCM
[12:04:02] [281/459] MDVA
[12:04:02] [282/459] MMET
[12:04:03] [283/459] MIDO
[12:04:04] [284/459] INNP
[12:04:05] [285/459] MIFU
[12:04:06] [286/459] MMSZ
[12:04:07] [287/459] BMXA
[12:04:08] [288/459] MCAA
[12:04:08] [289/459] SCVP
[12:04:09] [290/459] PLUS
[12:04:10] [291/459] MUCK
[12:04:11] [292/459] MTMA
[12:04:12] [293/459] HPVR
[12:04:13] [294/459] PMPK
[12:04:14] [295/459] MAJB
[12:04:14] [296/459] CTRR
[12:04:16] [297/459] MCTG
[12:04:17] [298/459] MACE
[12:04:17] [299/459] AAAS
[12:04:18] [300/459] CPVV
[12:04:20] [301/459] RCHG
[12:04:20] [302/459] MCNE
[12:04:21] [303/459] EMNC
[12:04:22] [304/459] MCAN
[12:04:23] [305/459] TCDM
[12:04:24] [306/459] IRGT
[12:04:25] [307/459] GCMG
[12:04:26] [308/459] MXSN
[12:04:27] [309/459] MXCK
[12:04:28] [310/459] MCRC
[12:04:29] [311/459] RSMI
[12:04:30] [312/459] WAML
[12:04:30] [313/459] MTSC
[12:04:31] [314/459] FMDR
[12:04:32] [315/459] LEPV
[12:04:33] [316/459] MTGD
[12:04:34] [317/459] IMOB
[12:04:35] [318/459] CLMM
[12:04:36] [319/459] PZCD
[12:04:37] [320/459] GOCS
[12:04:38] [321/459] KCMA
[12:04:39] [322/459] CCMP
[12:04:41] [323/459] MTSU
[12:04:41] [324/459] SNGL
[12:04:42] [325/459] MMMC
[12:04:44] [326/459] MMAA
[12:04:45] [327/459] GCDM
[12:04:45] [328/459] KTMV
[12:04:46] [329/459] AETE
[12:04:47] [330/459] OMCS
[12:04:48] [331/459] GDCD
[12:04:49] [332/459] NYMD
[12:04:50] [333/459] RNCV
[12:04:51] [334/459] KKMT
[12:04:52] [335/459] GDTH
[12:04:53] [336/459] KMMV
[12:04:54] [337/459] NHCG
[12:04:55] [338/459] PJDW
[12:04:55] [339/459] MMCV
[12:04:56] [340/459] FQSA
[12:04:57] [341/459] KURL
[12:04:58] [342/459] NNNX
[12:04:59] [343/459] AMAU
[12:04:59] [344/459] VVVM
[12:05:00] [345/459] VECU
[12:05:01] [346/459] WCVR
[12:05:02] [347/459] MTGG
[12:05:03] [348/459] SGTG
[12:05:04] [349/459] MNTG
[12:05:05] [350/459] JDDG
[12:05:06] [351/459] MBTK
[12:05:07] [352/459] SGCD
[12:05:08] [353/459] MCTC
[12:05:09] [354/459] JTPC
[12:05:10] [355/459] SDKT
[12:05:10] [356/459] KRCC
[12:05:11] [357/459] RMMD
[12:05:12] [358/459] AAME
[12:05:13] [359/459] TMWC
[12:05:14] [360/459] NRWY
[12:05:14] [361/459] CITD
[12:05:15] [362/459] VERD
[12:05:16] [363/459] MKSK
[12:05:17] [364/459] STSM
[12:05:18] [365/459] MJDG
[12:05:19] [366/459] RKPM
[12:05:20] [367/459] SSCE
[12:05:21] [368/459] VMAE
[12:05:22] [369/459] SBRU
[12:05:23] [370/459] AMBC
[12:05:24] [371/459] AMLU
[12:05:25] [372/459] INVZ
[12:05:25] [373/459] LGTV
[12:05:26] [374/459] SVAD
[12:05:27] [375/459] SMSA
[12:05:28] [376/459] SPCZ
[12:05:29] [377/459] GTCX
[12:05:30] [378/459] SCSL
[12:05:31] [379/459] SAHU
[12:05:31] [380/459] NCDA
[12:05:32] [381/459] SCCG
[12:05:33] [382/459] VKTL
[12:05:34] [383/459] PUUJ
[12:05:35] [384/459] STEJ
[12:05:35] [385/459] RJAL
[12:05:37] [386/459] ACJC
[12:05:38] [387/459] VTHC
[12:05:38] [388/459] ARVB
[12:05:39] [389/459] AUBB
[12:05:40] [390/459] GDBR
[12:05:41] [391/459] PVND
[12:05:42] [392/459] BGRJ
[12:05:43] [393/459] RJMM
[12:05:44] [394/459] MCSA
[12:05:44] [395/459] BODA
[12:05:46] [396/459] JAGG
[12:05:47] [397/459] SCGA
[12:05:48] [398/459] LRCM
[12:05:49] [399/459] CPCN
[12:05:50] [400/459] SSTF
[12:05:51] [401/459] SRXP
[12:05:51] [402/459] CNFX
[12:05:52] [403/459] ANDI
[12:05:53] [404/459] SYEW
[12:05:54] [405/459] RCRE
[12:05:54] [406/459] SCRW
[12:05:55] [407/459] MBKR
[12:05:56] [408/459] ASNT
[12:05:57] [409/459] JTMT
[12:05:58] [410/459] SHAY
[12:05:59] [411/459] VRTH
[12:06:00] [412/459] SPTI
[12:06:00] [413/459] DPTD
[12:06:01] [414/459] TGSN
[12:06:02] [415/459] RCWV
[12:06:04] [416/459] OCUR
[12:06:05] [417/459] KSTC
[12:06:06] [418/459] SANI
[12:06:07] [419/459] MLCA
[12:06:08] [420/459] EGCA
[12:06:09] [421/459] SYSN
[12:06:10] [422/459] PKTA
[12:06:10] [423/459] PRCC
[12:06:11] [424/459] KSTR
[12:06:12] [425/459] SNTP
[12:06:13] [426/459] RCHA
[12:06:14] [427/459] SEEA
[12:06:15] [428/459] ALAT
[12:06:16] [429/459] AATV
[12:06:17] [430/459] RJTE
[12:06:18] [431/459] AAPP
[12:06:19] [432/459] PMMH
[12:06:20] [433/459] INRJ
[12:06:21] [434/459] SARB
[12:06:22] [435/459] PCJL
[12:06:23] [436/459] PFJJ
[12:06:24] [437/459] GRDC
[12:06:25] [438/459] BCBA
[12:06:26] [439/459] VIXL
[12:06:27] [440/459] CSTL
[12:06:27] [441/459] MTDK
[12:06:28] [442/459] TDAC
[12:06:29] [443/459] GTDN
[12:06:30] [444/459] TTDE
[12:06:31] [445/459] ASTS
[12:06:32] [446/459] CPNS
[12:06:33] [447/459] PVVW
[12:06:34] [448/459] USEB
[12:06:35] [449/459] DTYN
[12:06:36] [450/459] PVLE
[12:06:37] [451/459] CIPS
[12:06:38] [452/459] PAEG
[12:06:39] [453/459] PTCW
[12:06:40] [454/459] G3SR
[12:06:40] [455/459] PGND
[12:06:41] [456/459] INVM
[12:06:42] [457/459] SPIA
[12:06:43] [458/459] PCSN
[12:06:44] [459/459] PPGV
[12:06:44] 🧹 Deduping shows
[12:06:44] ✅ DONE | Shows=1484 | Movies=74
[19:02:52] 🚀 SCRIPT STARTED
[19:02:52] [1/459] FNDB
[19:02:52] 🧠 New identity created
[19:02:53] [2/459] AMBH
[19:02:54] [3/459] PRHN
[19:02:55] [4/459] ACPM
[19:02:56] [5/459] PVFS
[19:02:56] [6/459] AACN
[19:02:57] [7/459] ACAS
[19:02:58] [8/459] CTNR
[19:02:59] [9/459] MMAH
[19:03:01] [10/459] CPMH
[19:03:01] [11/459] IGMH
[19:03:02] [12/459] ABCS
[19:03:03] [13/459] CMMA
[19:03:05] [14/459] GPRH
[19:03:06] [15/459] PNNG
[19:03:06] [16/459] AMCA
[19:03:07] [17/459] ISTN
[19:03:08] [18/459] PIIC
[19:03:09] [19/459] AHMH
[19:03:10] [20/459] ASHN
[19:03:10] [21/459] INHY
[19:03:12] [22/459] SRMO
[19:03:12] [23/459] PIMH
[19:03:13] [24/459] PVTS
[19:03:14] [25/459] MMCA
[19:03:15] [26/459] AKYJ
[19:03:15] [27/459] BRKH
[19:03:17] [28/459] MAHM
[19:03:18] [29/459] CPHY
[19:03:18] [30/459] PVTP
[19:03:19] [31/459] SMMR
[19:03:20] [32/459] PVHM
[19:03:20] [33/459] SNDY
[19:03:21] [34/459] GOKU
[19:03:23] [35/459] ACEV
[19:03:24] [36/459] PVUM
[19:03:24] [37/459] VSWA
[19:03:25] [38/459] IPRS
[19:03:26] [39/459] ASGN
[19:03:27] [40/459] BKMV
[19:03:28] [41/459] PVYH
[19:03:28] [42/459] INKM
[19:03:29] [43/459] ARJU
[19:03:30] [44/459] JJPP
[19:03:31] [45/459] SSRM
[19:03:32] [46/459] HMHD
[19:03:33] [47/459] SNKH
[19:03:34] [48/459] ACHI
[19:03:34] [49/459] MRAA
[19:03:35] [50/459] INMH
[19:03:36] [51/459] ARMH
[19:03:37] [52/459] DVRR
[19:03:37] [53/459] SUDA
[19:03:38] [54/459] MCSS
[19:03:39] [55/459] VRKC
[19:03:40] [56/459] PRCX
[19:03:41] [57/459] ASJY
[19:03:42] [58/459] MTHY
[19:03:42] [59/459] SRCM
[19:03:43] [60/459] TVHY
[19:03:44] [61/459] STHD
[19:03:45] [62/459] CPCL
[19:03:46] [63/459] PSMJ
[19:03:46] [64/459] MRGT
[19:03:47] [65/459] ARYH
[19:03:48] [66/459] VTRB
[19:03:49] [67/459] SCHC
[19:03:50] [68/459] MRRG
[19:03:50] [69/459] SPCB
[19:03:51] [70/459] AMCM
[19:03:52] [71/459] IVNM
[19:03:53] [72/459] TRHY
[19:03:54] [73/459] PTTH
[19:03:54] [74/459] RKMH
[19:03:55] [75/459] PRCS
[19:03:56] [76/459] VAJA
[19:03:57] [77/459] BJNG
[19:03:58] [78/459] SCVM
[19:03:59] [79/459] GNHB
[19:04:00] [80/459] TLUR
[19:04:01] [81/459] UKCC
[19:04:01] [82/459] SRKR
[19:04:02] [83/459] RMKN
[19:04:03] [84/459] SLRT
[19:04:04] [85/459] LKMT
[19:04:05] [86/459] SSRJ
[19:04:05] [87/459] SPHT
[19:04:06] [88/459] ANTT
[19:04:07] [89/459] SRCH
[19:04:08] [90/459] SRCA
[19:04:09] [91/459] ARTH
[19:04:09] [92/459] MCBH
[19:04:10] [93/459] SNIB
[19:04:11] [94/459] SART
[19:04:12] [95/459] SKTA
[19:04:13] [96/459] YAKT
[19:04:14] [97/459] MLCK
[19:04:15] [98/459] ANTS
[19:04:16] [99/459] DGCA
[19:04:17] [100/459] SGMP
[19:04:17] [101/459] ASWN
[19:04:18] [102/459] KFVU
[19:04:19] [103/459] POOR
[19:04:20] [104/459] GKDN
[19:04:21] [105/459] EOSE
[19:04:21] [106/459] GTTT
[19:04:22] [107/459] ARRO
[19:04:23] [108/459] CMMK
[19:04:24] [109/459] MSCN
[19:04:25] [110/459] GDKH
[19:04:26] [111/459] DLMT
[19:04:27] [112/459] PVMF
[19:04:28] [113/459] CPCK
[19:04:29] [114/459] VMHE
[19:04:29] [115/459] PVLC
[19:04:30] [116/459] PCVB
[19:04:31] [117/459] SNYK
[19:04:32] [118/459] KTEK
[19:04:33] [119/459] PCNM
[19:04:33] [120/459] NTTR
[19:04:34] [121/459] CPSK
[19:04:35] [122/459] JMMA
[19:04:36] [123/459] GCFK
[19:04:37] [124/459] MYCA
[19:04:38] [125/459] KSNP
[19:04:40] [126/459] PMCE
[19:04:40] [127/459] SCKI
[19:04:41] [128/459] FSMA
[19:04:42] [129/459] CETA
[19:04:43] [130/459] MCIK
[19:04:44] [131/459] MYCR
[19:04:44] [132/459] EVMP
[19:04:45] [133/459] SSGT
[19:04:46] [134/459] KCTK
[19:04:47] [135/459] ZTKC
[19:04:47] [136/459] MMTA
[19:04:48] [137/459] MAJT
[19:04:49] [138/459] ACPK
[19:04:50] [139/459] JMAX
[19:04:51] [140/459] SETK
[19:04:52] [141/459] CAIS
[19:04:53] [142/459] AGCD
[19:04:54] [143/459] URCL
[19:04:54] [144/459] VTDS
[19:04:55] [145/459] JCNM
[19:04:56] [146/459] KCAM
[19:04:57] [147/459] ADCU
[19:04:58] [148/459] GXYN
[19:04:59] [149/459] SMJG
[19:04:59] [150/459] EYCJ
[19:05:00] [151/459] CCEJ
[19:05:01] [152/459] MARS
[19:05:02] [153/459] CPVJ
[19:05:02] [154/459] INVP
[19:05:03] [155/459] CPOV
[19:05:05] [156/459] VIJK
[19:05:06] [157/459] LAIM
[19:05:07] [158/459] STHV
[19:05:08] [159/459] SVLJ
[19:05:09] [160/459] ATVJ
[19:05:10] [161/459] JTSC
[19:05:11] [162/459] RMTV
[19:05:12] [163/459] MGGG
[19:05:12] [164/459] SWTH
[19:05:13] [165/459] INVJ
[19:05:15] [166/459] PRSV
[19:05:16] [167/459] JATV
[19:05:16] [168/459] RCVD
[19:05:18] [169/459] BDMA
[19:05:19] [170/459] BLJI
[19:05:20] [171/459] SWOT
[19:05:20] [172/459] SWRN
[19:05:21] [173/459] TVRA
[19:05:22] [174/459] VCSV
[19:05:23] [175/459] NVRN
[19:05:24] [176/459] SIKC
[19:05:24] [177/459] VAKR
[19:05:25] [178/459] SYLN
[19:05:26] [179/459] KLJL
[19:05:27] [180/459] LKMY
[19:05:28] [181/459] VSLY
[19:05:29] [182/459] CIKO
[19:05:29] [183/459] GPBG
[19:05:30] [184/459] CECM
[19:05:31] [185/459] SLKB
[19:05:32] [186/459] MTBO
[19:05:33] [187/459] SSHB
[19:05:34] [188/459] VPCS
[19:05:35] [189/459] RCSR
[19:05:35] [190/459] RJRM
[19:05:36] [191/459] KPPB
[19:05:37] [192/459] SEDC
[19:05:38] [193/459] SCAI
[19:05:39] [194/459] RMTR
[19:05:40] [195/459] ASST
[19:05:41] [196/459] GCAK
[19:05:42] [197/459] ANNK
[19:05:43] [198/459] KDDF
[19:05:44] [199/459] NRDP
[19:05:44] [200/459] PLAK
[19:05:45] [201/459] GCMC
[19:05:46] [202/459] ALPY
[19:05:47] [203/459] SICE
[19:05:48] [204/459] SISR
[19:05:50] [205/459] SRPZ
[19:05:51] [206/459] SRSW
[19:05:52] [207/459] SUYA
[19:05:53] [208/459] AMMT
[19:05:54] [209/459] BHCU
[19:05:54] [210/459] KLPA
[19:05:55] [211/459] NVKH
[19:05:56] [212/459] JMRC
[19:05:57] [213/459] KTTT
[19:05:58] [214/459] MAGH
[19:05:59] [215/459] MMMX
[19:05:59] [216/459] SALJ
[19:06:00] [217/459] GTJA
[19:06:01] [218/459] MAHT
[19:06:02] [219/459] SSNN
[19:06:03] [220/459] ARRP
[19:06:03] [221/459] ATNS
[19:06:04] [222/459] SKDT
[19:06:05] [223/459] ACAT
[19:06:06] [224/459] APRC
[19:06:06] [225/459] SWAG
[19:06:07] [226/459] SDPT
[19:06:08] [227/459] STPS
[19:06:09] [228/459] WWCZ
[19:06:10] [229/459] LLCH
[19:06:11] [230/459] MZHA
[19:06:11] [231/459] CRJG
[19:06:12] [232/459] JGTK
[19:06:13] [233/459] KCSR
[19:06:14] [234/459] CHTL
[19:06:15] [235/459] EDSR
[19:06:16] [236/459] CSWO
[19:06:16] [237/459] CPVM
[19:06:17] [238/459] MXBY
[19:06:18] [239/459] FMMA
[19:06:19] [240/459] POVI
[19:06:20] [241/459] MTHB
[19:06:21] [242/459] INRC
[19:06:22] [243/459] PIPP
[19:06:23] [244/459] BMXC
[19:06:23] [245/459] PCMM
[19:06:24] [246/459] PMKM
[19:06:25] [247/459] GATY
[19:06:26] [248/459] IMCM
[19:06:26] [249/459] POPE
[19:06:27] [250/459] MTCR
[19:06:28] [251/459] PVAE
[19:06:29] [252/459] PVMI
[19:06:30] [253/459] CPNM
[19:06:31] [254/459] FMRL
[19:06:32] [255/459] MCIW
[19:06:33] [256/459] MXBO
[19:06:34] [257/459] FMKY
[19:06:35] [258/459] FMDA
[19:06:36] [259/459] THAB
[19:06:36] [260/459] PRCW
[19:06:37] [261/459] PITI
[19:06:38] [262/459] MCFF
[19:06:39] [263/459] PDDV
[19:06:40] [264/459] MCRM
[19:06:41] [265/459] KKMB
[19:06:42] [266/459] INKO
[19:06:43] [267/459] PLXP
[19:06:44] [268/459] MMHA
[19:06:45] [269/459] FMVS
[19:06:46] [270/459] POLM
[19:06:47] [271/459] STER
[19:06:47] [272/459] PVWJ
[19:06:49] [273/459] IMJW
[19:06:50] [274/459] FNAN
[19:06:50] [275/459] CAGL
[19:06:51] [276/459] IPBG
[19:06:52] [277/459] SMFV
[19:06:53] [278/459] MMMR
[19:06:54] [279/459] MMWM
[19:06:54] [280/459] FNCM
[19:06:55] [281/459] MDVA
[19:06:56] [282/459] MMET
[19:06:58] [283/459] MIDO
[19:06:58] [284/459] INNP
[19:06:59] [285/459] MIFU
[19:07:01] [286/459] MMSZ
[19:07:02] [287/459] BMXA
[19:07:03] [288/459] MCAA
[19:07:03] [289/459] SCVP
[19:07:04] [290/459] PLUS
[19:07:05] [291/459] MUCK
[19:07:06] [292/459] MTMA
[19:07:06] [293/459] HPVR
[19:07:07] [294/459] PMPK
[19:07:08] [295/459] MAJB
[19:07:09] [296/459] CTRR
[19:07:10] [297/459] MCTG
[19:07:11] [298/459] MACE
[19:07:12] [299/459] AAAS
[19:07:13] [300/459] CPVV
[19:07:13] [301/459] RCHG
[19:07:14] [302/459] MCNE
[19:07:15] [303/459] EMNC
[19:07:16] [304/459] MCAN
[19:07:17] [305/459] TCDM
[19:07:18] [306/459] IRGT
[19:07:19] [307/459] GCMG
[19:07:20] [308/459] MXSN
[19:07:21] [309/459] MXCK
[19:07:21] [310/459] MCRC
[19:07:22] [311/459] RSMI
[19:07:23] [312/459] WAML
[19:07:24] [313/459] MTSC
[19:07:24] [314/459] FMDR
[19:07:25] [315/459] LEPV
[19:07:26] [316/459] MTGD
[19:07:27] [317/459] IMOB
[19:07:28] [318/459] CLMM
[19:07:29] [319/459] PZCD
[19:07:30] [320/459] GOCS
[19:07:31] [321/459] KCMA
[19:07:32] [322/459] CCMP
[19:07:32] [323/459] MTSU
[19:07:33] [324/459] SNGL
[19:07:34] [325/459] MMMC
[19:07:35] [326/459] MMAA
[19:07:36] [327/459] GCDM
[19:07:37] [328/459] KTMV
[19:07:38] [329/459] AETE
[19:07:39] [330/459] OMCS
[19:07:40] [331/459] GDCD
[19:07:41] [332/459] NYMD
[19:07:41] [333/459] RNCV
[19:07:42] [334/459] KKMT
[19:07:44] [335/459] GDTH
[19:07:45] [336/459] KMMV
[19:07:46] [337/459] NHCG
[19:07:46] [338/459] PJDW
[19:07:47] [339/459] MMCV
[19:07:48] [340/459] FQSA
[19:07:49] [341/459] KURL
[19:07:50] [342/459] NNNX
[19:07:50] [343/459] AMAU
[19:07:51] [344/459] VVVM
[19:07:52] [345/459] VECU
[19:07:53] [346/459] WCVR
[19:07:54] [347/459] MTGG
[19:07:55] [348/459] SGTG
[19:07:56] [349/459] MNTG
[19:07:57] [350/459] JDDG
[19:07:58] [351/459] MBTK
[19:07:59] [352/459] SGCD
[19:08:00] [353/459] MCTC
[19:08:01] [354/459] JTPC
[19:08:01] [355/459] SDKT
[19:08:02] [356/459] KRCC
[19:08:03] [357/459] RMMD
[19:08:04] [358/459] AAME
[19:08:05] [359/459] TMWC
[19:08:05] [360/459] NRWY
[19:08:07] [361/459] CITD
[19:08:08] [362/459] VERD
[19:08:08] [363/459] MKSK
[19:08:09] [364/459] STSM
[19:08:10] [365/459] MJDG
[19:08:11] [366/459] RKPM
[19:08:12] [367/459] SSCE
[19:08:13] [368/459] VMAE
[19:08:13] [369/459] SBRU
[19:08:14] [370/459] AMBC
[19:08:15] [371/459] AMLU
[19:08:16] [372/459] INVZ
[19:08:16] [373/459] LGTV
[19:08:18] [374/459] SVAD
[19:08:19] [375/459] SMSA
[19:08:19] [376/459] SPCZ
[19:08:21] [377/459] GTCX
[19:08:22] [378/459] SCSL
[19:08:22] [379/459] SAHU
[19:08:23] [380/459] NCDA
[19:08:24] [381/459] SCCG
[19:08:25] [382/459] VKTL
[19:08:26] [383/459] PUUJ
[19:08:26] [384/459] STEJ
[19:08:27] [385/459] RJAL
[19:08:28] [386/459] ACJC
[19:08:29] [387/459] VTHC
[19:08:30] [388/459] ARVB
[19:08:30] [389/459] AUBB
[19:08:31] [390/459] GDBR
[19:08:32] [391/459] PVND
[19:08:33] [392/459] BGRJ
[19:08:34] [393/459] RJMM
[19:08:35] [394/459] MCSA
[19:08:36] [395/459] BODA
[19:08:37] [396/459] JAGG
[19:08:37] [397/459] SCGA
[19:08:38] [398/459] LRCM
[19:08:39] [399/459] CPCN
[19:08:40] [400/459] SSTF
[19:08:41] [401/459] SRXP
[19:08:42] [402/459] CNFX
[19:08:42] [403/459] ANDI
[19:08:43] [404/459] SYEW
[19:08:44] [405/459] RCRE
[19:08:45] [406/459] SCRW
[19:08:46] [407/459] MBKR
[19:08:47] [408/459] ASNT
[19:08:48] [409/459] JTMT
[19:08:48] [410/459] SHAY
[19:08:49] [411/459] VRTH
[19:08:50] [412/459] SPTI
[19:08:50] [413/459] DPTD
[19:08:51] [414/459] TGSN
[19:08:52] [415/459] RCWV
[19:08:53] [416/459] OCUR
[19:08:54] [417/459] KSTC
[19:08:55] [418/459] SANI
[19:08:56] [419/459] MLCA
[19:08:57] [420/459] EGCA
[19:08:57] [421/459] SYSN
[19:08:58] [422/459] PKTA
[19:08:59] [423/459] PRCC
[19:09:00] [424/459] KSTR
[19:09:01] [425/459] SNTP
[19:09:01] [426/459] RCHA
[19:09:02] [427/459] SEEA
[19:09:03] [428/459] ALAT
[19:09:04] [429/459] AATV
[19:09:05] [430/459] RJTE
[19:09:06] [431/459] AAPP
[19:09:07] [432/459] PMMH
[19:09:08] [433/459] INRJ
[19:09:08] [434/459] SARB
[19:09:09] [435/459] PCJL
[19:09:10] [436/459] PFJJ
[19:09:11] [437/459] GRDC
[19:09:12] [438/459] BCBA
[19:09:12] [439/459] VIXL
[19:09:14] [440/459] CSTL
[19:09:15] [441/459] MTDK
[19:09:16] [442/459] TDAC
[19:09:17] [443/459] GTDN
[19:09:18] [444/459] TTDE
[19:09:19] [445/459] ASTS
[19:09:19] [446/459] CPNS
[19:09:20] [447/459] PVVW
[19:09:21] [448/459] USEB
[19:09:21] [449/459] DTYN
[19:09:22] [450/459] PVLE
[19:09:23] [451/459] CIPS
[19:09:24] [452/459] PAEG
[19:09:25] [453/459] PTCW
[19:09:26] [454/459] G3SR
[19:09:27] [455/459] PGND
[19:09:27] [456/459] INVM
[19:09:29] [457/459] SPIA
[19:09:30] [458/459] PCSN
[19:09:31] [459/459] PPGV
[19:09:32] 🧹 Deduping shows
[19:09:32] ✅ DONE | Shows=2433 | Movies=84
[21:53:21] 🚀 SCRIPT STARTED
[21:53:21] [1/459] FNDB
[21:53:21] 🧠 New identity created
[21:53:21] [2/459] AMBH
[21:53:22] [3/459] PRHN
[21:53:23] [4/459] ACPM
[21:53:24] [5/459] PVFS
[21:53:25] [6/459] AACN
[21:53:26] [7/459] ACAS
[21:53:27] [8/459] CTNR
[21:53:27] [9/459] MMAH
[21:53:28] [10/459] CPMH
[21:53:29] [11/459] IGMH
[21:53:30] [12/459] ABCS
[21:53:31] [13/459] CMMA
[21:53:32] [14/459] GPRH
[21:53:32] [15/459] PNNG
[21:53:33] [16/459] AMCA
[21:53:34] [17/459] ISTN
[21:53:35] [18/459] PIIC
[21:53:36] [19/459] AHMH
[21:53:37] [20/459] ASHN
[21:53:37] [21/459] INHY
[21:53:38] [22/459] SRMO
[21:53:39] [23/459] PIMH
[21:53:40] [24/459] PVTS
[21:53:41] [25/459] MMCA
[21:53:42] [26/459] AKYJ
[21:53:43] [27/459] BRKH
[21:53:43] [28/459] MAHM
[21:53:45] [29/459] CPHY
[21:53:45] [30/459] PVTP
[21:53:46] [31/459] SMMR
[21:53:47] [32/459] PVHM
[21:53:48] [33/459] SNDY
[21:53:49] [34/459] GOKU
[21:53:49] [35/459] ACEV
[21:53:50] [36/459] PVUM
[21:53:51] [37/459] VSWA
[21:53:52] [38/459] IPRS
[21:53:53] [39/459] ASGN
[21:53:54] [40/459] BKMV
[21:53:54] [41/459] PVYH
[21:53:55] [42/459] INKM
[21:53:56] [43/459] ARJU
[21:53:56] [44/459] JJPP
[21:53:57] [45/459] SSRM
[21:53:58] [46/459] HMHD
[21:53:59] [47/459] SNKH
[21:53:59] [48/459] ACHI
[21:54:00] [49/459] MRAA
[21:54:01] [50/459] INMH
[21:54:02] [51/459] ARMH
[21:54:04] [52/459] DVRR
[21:54:04] [53/459] SUDA
[21:54:05] [54/459] MCSS
[21:54:06] [55/459] VRKC
[21:54:07] [56/459] PRCX
[21:54:08] [57/459] ASJY
[21:54:09] [58/459] MTHY
[21:54:10] [59/459] SRCM
[21:54:11] [60/459] TVHY
[21:54:12] [61/459] STHD
[21:54:13] [62/459] CPCL
[21:54:14] [63/459] PSMJ
[21:54:15] [64/459] MRGT
[21:54:16] [65/459] ARYH
[21:54:17] [66/459] VTRB
[21:54:17] [67/459] SCHC
[21:54:18] [68/459] MRRG
[21:54:19] [69/459] SPCB
[21:54:20] [70/459] AMCM
[21:54:20] [71/459] IVNM
[21:54:22] [72/459] TRHY
[21:54:23] [73/459] PTTH
[21:54:24] [74/459] RKMH
[21:54:24] [75/459] PRCS
[21:54:25] [76/459] VAJA
[21:54:26] [77/459] BJNG
[21:54:27] [78/459] SCVM
[21:54:28] [79/459] GNHB
[21:54:29] [80/459] TLUR
[21:54:30] [81/459] UKCC
[21:54:31] [82/459] SRKR
[21:54:32] [83/459] RMKN
[21:54:32] [84/459] SLRT
[21:54:33] [85/459] LKMT
[21:54:34] [86/459] SSRJ
[21:54:36] [87/459] SPHT
[21:54:37] [88/459] ANTT
[21:54:38] [89/459] SRCH
[21:54:38] [90/459] SRCA
[21:54:39] [91/459] ARTH
[21:54:40] [92/459] MCBH
[21:54:41] [93/459] SNIB
[21:54:42] [94/459] SART
[21:54:42] [95/459] SKTA
[21:54:43] [96/459] YAKT
[21:54:44] [97/459] MLCK
[21:54:45] [98/459] ANTS
[21:54:46] [99/459] DGCA
[21:54:47] [100/459] SGMP
[21:54:47] [101/459] ASWN
[21:54:48] [102/459] KFVU
[21:54:49] [103/459] POOR
[21:54:50] [104/459] GKDN
[21:54:51] [105/459] EOSE
[21:54:51] [106/459] GTTT
[21:54:52] [107/459] ARRO
[21:54:53] [108/459] CMMK
[21:54:54] [109/459] MSCN
[21:54:55] [110/459] GDKH
[21:54:56] [111/459] DLMT
[21:54:57] [112/459] PVMF
[21:54:58] [113/459] CPCK
[21:54:59] [114/459] VMHE
[21:55:00] [115/459] PVLC
[21:55:01] [116/459] PCVB
[21:55:02] [117/459] SNYK
[21:55:02] [118/459] KTEK
[21:55:03] [119/459] PCNM
[21:55:04] [120/459] NTTR
[21:55:05] [121/459] CPSK
[21:55:06] [122/459] JMMA
[21:55:07] [123/459] GCFK
[21:55:08] [124/459] MYCA
[21:55:09] [125/459] KSNP
[21:55:10] [126/459] PMCE
[21:55:10] [127/459] SCKI
[21:55:11] [128/459] FSMA
[21:55:12] [129/459] CETA
[21:55:13] [130/459] MCIK
[21:55:14] [131/459] MYCR
[21:55:15] [132/459] EVMP
[21:55:16] [133/459] SSGT
[21:55:17] [134/459] KCTK
[21:55:18] [135/459] ZTKC
[21:55:19] [136/459] MMTA
[21:55:20] [137/459] MAJT
[21:55:21] [138/459] ACPK
[21:55:21] [139/459] JMAX
[21:55:22] [140/459] SETK
[21:55:23] [141/459] CAIS
[21:55:24] [142/459] AGCD
[21:55:25] [143/459] URCL
[21:55:26] [144/459] VTDS
[21:55:26] [145/459] JCNM
[21:55:27] [146/459] KCAM
[21:55:28] [147/459] ADCU
[21:55:29] [148/459] GXYN
[21:55:30] [149/459] SMJG
[21:55:31] [150/459] EYCJ
[21:55:32] [151/459] CCEJ
[21:55:33] [152/459] MARS
[21:55:34] [153/459] CPVJ
[21:55:34] [154/459] INVP
[21:55:35] [155/459] CPOV
[21:55:36] [156/459] VIJK
[21:55:37] [157/459] LAIM
[21:55:38] [158/459] STHV
[21:55:38] [159/459] SVLJ
[21:55:39] [160/459] ATVJ
[21:55:40] [161/459] JTSC
[21:55:41] [162/459] RMTV
[21:55:42] [163/459] MGGG
[21:55:42] [164/459] SWTH
[21:55:43] [165/459] INVJ
[21:55:44] [166/459] PRSV
[21:55:45] [167/459] JATV
[21:55:46] [168/459] RCVD
[21:55:46] [169/459] BDMA
[21:55:47] [170/459] BLJI
[21:55:48] [171/459] SWOT
[21:55:49] [172/459] SWRN
[21:55:49] [173/459] TVRA
[21:55:50] [174/459] VCSV
[21:55:51] [175/459] NVRN
[21:55:52] [176/459] SIKC
[21:55:53] [177/459] VAKR
[21:55:54] [178/459] SYLN
[21:55:55] [179/459] KLJL
[21:55:56] [180/459] LKMY
[21:55:57] [181/459] VSLY
[21:55:58] [182/459] CIKO
[21:55:58] [183/459] GPBG
[21:55:59] [184/459] CECM
[21:56:00] [185/459] SLKB
[21:56:01] [186/459] MTBO
[21:56:02] [187/459] SSHB
[21:56:03] [188/459] VPCS
[21:56:03] [189/459] RCSR
[21:56:04] [190/459] RJRM
[21:56:05] [191/459] KPPB
[21:56:06] [192/459] SEDC
[21:56:07] [193/459] SCAI
[21:56:08] [194/459] RMTR
[21:56:09] [195/459] ASST
[21:56:10] [196/459] GCAK
[21:56:11] [197/459] ANNK
[21:56:12] [198/459] KDDF
[21:56:12] [199/459] NRDP
[21:56:13] [200/459] PLAK
[21:56:14] [201/459] GCMC
[21:56:15] [202/459] ALPY
[21:56:16] [203/459] SICE
[21:56:16] [204/459] SISR
[21:56:17] [205/459] SRPZ
[21:56:18] [206/459] SRSW
[21:56:19] [207/459] SUYA
[21:56:20] [208/459] AMMT
[21:56:21] [209/459] BHCU
[21:56:22] [210/459] KLPA
[21:56:23] [211/459] NVKH
[21:56:24] [212/459] JMRC
[21:56:25] [213/459] KTTT
[21:56:25] [214/459] MAGH
[21:56:26] [215/459] MMMX
[21:56:27] [216/459] SALJ
[21:56:28] [217/459] GTJA
[21:56:29] [218/459] MAHT
[21:56:30] [219/459] SSNN
[21:56:31] [220/459] ARRP
[21:56:31] [221/459] ATNS
[21:56:32] [222/459] SKDT
[21:56:33] [223/459] ACAT
[21:56:34] [224/459] APRC
[21:56:35] [225/459] SWAG
[21:56:36] [226/459] SDPT
[21:56:37] [227/459] STPS
[21:56:37] [228/459] WWCZ
[21:56:38] [229/459] LLCH
[21:56:39] [230/459] MZHA
[21:56:40] [231/459] CRJG
[21:56:41] [232/459] JGTK
[21:56:42] [233/459] KCSR
[21:56:42] [234/459] CHTL
[21:56:43] [235/459] EDSR
[21:56:44] [236/459] CSWO
[21:56:44] [237/459] CPVM
[21:56:45] [238/459] MXBY
[21:56:46] [239/459] FMMA
[21:56:47] [240/459] POVI
[21:56:48] [241/459] MTHB
[21:56:49] [242/459] INRC
[21:56:50] [243/459] PIPP
[21:56:51] [244/459] BMXC
[21:56:51] [245/459] PCMM
[21:56:52] [246/459] PMKM
[21:56:53] [247/459] GATY
[21:56:54] [248/459] IMCM
[21:56:54] [249/459] POPE
[21:56:55] [250/459] MTCR
[21:56:56] [251/459] PVAE
[21:56:57] [252/459] PVMI
[21:56:58] [253/459] CPNM
[21:56:58] [254/459] FMRL
[21:56:59] [255/459] MCIW
[21:57:00] [256/459] MXBO
[21:57:01] [257/459] FMKY
[21:57:02] [258/459] FMDA
[21:57:02] [259/459] THAB
[21:57:03] [260/459] PRCW
[21:57:05] [261/459] PITI
[21:57:06] [262/459] MCFF
[21:57:08] [263/459] PDDV
[21:57:09] [264/459] MCRM
[21:57:09] [265/459] KKMB
[21:57:10] [266/459] INKO
[21:57:11] [267/459] PLXP
[21:57:12] [268/459] MMHA
[21:57:12] [269/459] FMVS
[21:57:13] [270/459] POLM
[21:57:14] [271/459] STER
[21:57:15] [272/459] PVWJ
[21:57:16] [273/459] IMJW
[21:57:17] [274/459] FNAN
[21:57:17] [275/459] CAGL
[21:57:18] [276/459] IPBG
[21:57:19] [277/459] SMFV
[21:57:20] [278/459] MMMR
[21:57:21] [279/459] MMWM
[21:57:22] [280/459] FNCM
[21:57:22] [281/459] MDVA
[21:57:23] [282/459] MMET
[21:57:24] [283/459] MIDO
[21:57:25] [284/459] INNP
[21:57:26] [285/459] MIFU
[21:57:26] [286/459] MMSZ
[21:57:27] [287/459] BMXA
[21:57:29] [288/459] MCAA
[21:57:29] [289/459] SCVP
[21:57:30] [290/459] PLUS
[21:57:31] [291/459] MUCK
[21:57:32] [292/459] MTMA
[21:57:33] [293/459] HPVR
[21:57:34] [294/459] PMPK
[21:57:35] [295/459] MAJB
[21:57:35] [296/459] CTRR
[21:57:36] [297/459] MCTG
[21:57:37] [298/459] MACE
[21:57:39] [299/459] AAAS
[21:57:39] [300/459] CPVV
[21:57:40] [301/459] RCHG
[21:57:41] [302/459] MCNE
[21:57:42] [303/459] EMNC
[21:57:43] [304/459] MCAN
[21:57:43] [305/459] TCDM
[21:57:44] [306/459] IRGT
[21:57:45] [307/459] GCMG
[21:57:46] [308/459] MXSN
[21:57:47] [309/459] MXCK
[21:57:48] [310/459] MCRC
[21:57:49] [311/459] RSMI
[21:57:49] [312/459] WAML
[21:57:50] [313/459] MTSC
[21:57:51] [314/459] FMDR
[21:57:52] [315/459] LEPV
[21:57:53] [316/459] MTGD
[21:57:54] [317/459] IMOB
[21:57:56] [318/459] CLMM
[21:57:56] [319/459] PZCD
[21:57:57] [320/459] GOCS
[21:57:58] [321/459] KCMA
[21:57:59] [322/459] CCMP
[21:58:00] [323/459] MTSU
[21:58:01] [324/459] SNGL
[21:58:02] [325/459] MMMC
[21:58:03] [326/459] MMAA
[21:58:04] [327/459] GCDM
[21:58:05] [328/459] KTMV
[21:58:06] [329/459] AETE
[21:58:06] [330/459] OMCS
[21:58:07] [331/459] GDCD
[21:58:08] [332/459] NYMD
[21:58:10] [333/459] RNCV
[21:58:10] [334/459] KKMT
[21:58:11] [335/459] GDTH
[21:58:11] [336/459] KMMV
[21:58:12] [337/459] NHCG
[21:58:13] [338/459] PJDW
[21:58:13] [339/459] MMCV
[21:58:14] [340/459] FQSA
[21:58:15] [341/459] KURL
[21:58:16] [342/459] NNNX
[21:58:17] [343/459] AMAU
[21:58:18] [344/459] VVVM
[21:58:19] [345/459] VECU
[21:58:20] [346/459] WCVR
[21:58:20] [347/459] MTGG
[21:58:21] [348/459] SGTG
[21:58:22] [349/459] MNTG
[21:58:22] [350/459] JDDG
[21:58:23] [351/459] MBTK
[21:58:24] [352/459] SGCD
[21:58:25] [353/459] MCTC
[21:58:26] [354/459] JTPC
[21:58:27] [355/459] SDKT
[21:58:27] [356/459] KRCC
[21:58:28] [357/459] RMMD
[21:58:29] [358/459] AAME
[21:58:30] [359/459] TMWC
[21:58:30] [360/459] NRWY
[21:58:32] [361/459] CITD
[21:58:32] [362/459] VERD
[21:58:33] [363/459] MKSK
[21:58:34] [364/459] STSM
[21:58:35] [365/459] MJDG
[21:58:36] [366/459] RKPM
[21:58:37] [367/459] SSCE
[21:58:38] [368/459] VMAE
[21:58:39] [369/459] SBRU
[21:58:39] [370/459] AMBC
[21:58:40] [371/459] AMLU
[21:58:41] [372/459] INVZ
[21:58:41] [373/459] LGTV
[21:58:42] [374/459] SVAD
[21:58:43] [375/459] SMSA
[21:58:44] [376/459] SPCZ
[21:58:45] [377/459] GTCX
[21:58:46] [378/459] SCSL
[21:58:46] [379/459] SAHU
[21:58:47] [380/459] NCDA
[21:58:48] [381/459] SCCG
[21:58:49] [382/459] VKTL
[21:58:49] [383/459] PUUJ
[21:58:50] [384/459] STEJ
[21:58:51] [385/459] RJAL
[21:58:52] [386/459] ACJC
[21:58:53] [387/459] VTHC
[21:58:54] [388/459] ARVB
[21:58:54] [389/459] AUBB
[21:58:55] [390/459] GDBR
[21:58:56] [391/459] PVND
[21:58:57] [392/459] BGRJ
[21:58:57] [393/459] RJMM
[21:58:58] [394/459] MCSA
[21:58:59] [395/459] BODA
[21:59:00] [396/459] JAGG
[21:59:01] [397/459] SCGA
[21:59:02] [398/459] LRCM
[21:59:03] [399/459] CPCN
[21:59:04] [400/459] SSTF
[21:59:04] [401/459] SRXP
[21:59:05] [402/459] CNFX
[21:59:06] [403/459] ANDI
[21:59:07] [404/459] SYEW
[21:59:07] [405/459] RCRE
[21:59:08] [406/459] SCRW
[21:59:09] [407/459] MBKR
[21:59:10] [408/459] ASNT
[21:59:11] [409/459] JTMT
[21:59:12] [410/459] SHAY
[21:59:12] [411/459] VRTH
[21:59:13] [412/459] SPTI
[21:59:14] [413/459] DPTD
[21:59:15] [414/459] TGSN
[21:59:15] [415/459] RCWV
[21:59:16] [416/459] OCUR
[21:59:17] [417/459] KSTC
[21:59:17] [418/459] SANI
[21:59:18] [419/459] MLCA
[21:59:19] [420/459] EGCA
[21:59:21] [421/459] SYSN
[21:59:21] [422/459] PKTA
[21:59:22] [423/459] PRCC
[21:59:22] [424/459] KSTR
[21:59:23] [425/459] SNTP
[21:59:24] [426/459] RCHA
[21:59:26] [427/459] SEEA
[21:59:26] [428/459] ALAT
[21:59:27] [429/459] AATV
[21:59:28] [430/459] RJTE
[21:59:29] [431/459] AAPP
[21:59:29] [432/459] PMMH
[21:59:30] [433/459] INRJ
[21:59:32] [434/459] SARB
[21:59:32] [435/459] PCJL
[21:59:33] [436/459] PFJJ
[21:59:33] [437/459] GRDC
[21:59:34] [438/459] BCBA
[21:59:35] [439/459] VIXL
[21:59:36] [440/459] CSTL
[21:59:36] [441/459] MTDK
[21:59:37] [442/459] TDAC
[21:59:38] [443/459] GTDN
[21:59:39] [444/459] TTDE
[21:59:40] [445/459] ASTS
[21:59:40] [446/459] CPNS
[21:59:41] [447/459] PVVW
[21:59:42] [448/459] USEB
[21:59:43] [449/459] DTYN
[21:59:44] [450/459] PVLE
[21:59:44] [451/459] CIPS
[21:59:46] [452/459] PAEG
[21:59:46] [453/459] PTCW
[21:59:47] [454/459] G3SR
[21:59:48] [455/459] PGND
[21:59:49] [456/459] INVM
[21:59:49] [457/459] SPIA
[21:59:50] [458/459] PCSN
[21:59:51] [459/459] PPGV
[21:59:52] 🧹 Deduping shows
[21:59:52] ✅ DONE | Shows=3097 | Movies=96
