[10:10:00] 🚀 SCRIPT STARTED
[10:10:00] [1/459] MCCZ
[10:10:00] 🧠 New identity created
[10:10:01] [2/459] FRPU
[10:10:02] [3/459] SKSI
[10:10:03] [4/459] SSCK
[10:10:04] [5/459] SRDC
[10:10:05] [6/459] RSCZ
[10:10:06] [7/459] PRVT
[10:10:07] [8/459] GAGJ
[10:10:07] [9/459] SMHG
[10:10:09] [10/459] JTST
[10:10:10] [11/459] MYTH
[10:10:10] [12/459] JPCC
[10:10:11] [13/459] ACDC
[10:10:12] [14/459] SVFP
[10:10:13] [15/459] SFCM
[10:10:14] [16/459] RUPK
[10:10:15] [17/459] NTCR
[10:10:16] [18/459] RTCH
[10:10:17] [19/459] SCMH
[10:10:17] [20/459] SVYM
[10:10:18] [21/459] SPYM
[10:10:19] [22/459] SMMF
[10:10:20] [23/459] CLLB
[10:10:21] [24/459] FMCB
[10:10:23] [25/459] BBTC
[10:10:23] [26/459] NTHS
[10:10:24] [27/459] PKKJ
[10:10:25] [28/459] MTJA
[10:10:26] [29/459] PMSJ
[10:10:27] [30/459] JMJU
[10:10:28] [31/459] SRAD
[10:10:29] [32/459] MJMC
[10:10:30] [33/459] DFRM
[10:10:31] [34/459] PMRS
[10:10:32] [35/459] RKPP
[10:10:33] [36/459] BMBK
[10:10:34] [37/459] NEWS
[10:10:34] [38/459] SALB
[10:10:35] [39/459] SCPW
[10:10:36] [40/459] RAYL
[10:10:37] [41/459] CMGJ
[10:10:38] [42/459] JRCR
[10:10:39] [43/459] SRTB
[10:10:40] [44/459] ETPB
[10:10:41] [45/459] MXBN
[10:10:41] [46/459] TOPE
[10:10:42] [47/459] SNLJ
[10:10:43] [48/459] CDDP
[10:10:44] [49/459] APCX
[10:10:45] [50/459] TALP
[10:10:46] [51/459] RRMP
[10:10:46] [52/459] MAHB
[10:10:47] [53/459] MTKR
[10:10:48] [54/459] KSKL
[10:10:49] [55/459] RJLT
[10:10:50] [56/459] ATAS
[10:10:51] [57/459] AMHR
[10:10:52] [58/459] RSRM
[10:10:52] [59/459] GCAT
[10:10:53] [60/459] SMML
[10:10:54] [61/459] ACCD
[10:10:55] [62/459] VYDA
[10:10:56] [63/459] MSKT
[10:10:56] [64/459] AVDM
[10:10:58] [65/459] ASMH
[10:10:58] [66/459] VTMB
[10:10:59] [67/459] WVMB
[10:11:00] [68/459] PPMN
[10:11:01] [69/459] MTMD
[10:11:02] [70/459] SMMO
[10:11:02] [71/459] DLPB
[10:11:03] [72/459] AKMD
[10:11:04] [73/459] SHRR
[10:11:05] [74/459] ASCO
[10:11:06] [75/459] CZVX
[10:11:07] [76/459] GCBB
[10:11:08] [77/459] ATBM
[10:11:09] [78/459] TCGM
[10:11:11] [79/459] UMSE
[10:11:11] [80/459] NKCL
[10:11:12] [81/459] BTLR
[10:11:13] [82/459] GOCL
[10:11:14] [83/459] MIRN
[10:11:15] [84/459] THEC
[10:11:16] [85/459] SPPB
[10:11:17] [86/459] PMMM
[10:11:18] [87/459] GGMC
[10:11:19] [88/459] AVSR
[10:11:20] [89/459] RDMH
[10:11:21] [90/459] JSRS
[10:11:21] [91/459] VKGP
[10:11:22] [92/459] ACRT
[10:11:23] [93/459] GCBA
[10:11:24] [94/459] GTCP
[10:11:25] [95/459] AKFC
[10:11:25] [96/459] INCS
[10:11:26] [97/459] SMCK
[10:11:27] [98/459] BRUN
[10:11:29] [99/459] RPPC
[10:11:30] [100/459] PAYD
[10:11:31] [101/459] SVVT
[10:11:31] [102/459] RNCC
[10:11:32] [103/459] PCRC
[10:11:33] [104/459] PMRM
[10:11:34] [105/459] CCRP
[10:11:35] [106/459] INCR
[10:11:36] [107/459] ZTMP
[10:11:37] [108/459] MCNR
[10:11:37] [109/459] INRP
[10:11:38] [110/459] STRC
[10:11:39] [111/459] RATI
[10:11:40] [112/459] PBTR
[10:11:41] [113/459] CMHP
[10:11:42] [114/459] ZECJ
[10:11:42] [115/459] CCCB
[10:11:43] [116/459] BWCB
[10:11:44] [117/459] CCAT
[10:11:45] [118/459] KGCM
[10:11:46] [119/459] INPT
[10:11:47] [120/459] FNCO
[10:11:48] [121/459] SRMJ
[10:11:49] [122/459] PFSC
[10:11:49] [123/459] PBMC
[10:11:50] [124/459] KARP
[10:11:51] [125/459] KOVI
[10:11:52] [126/459] ACXL
[10:11:53] [127/459] GKCC
[10:11:54] [128/459] ASCC
[10:11:55] [129/459] SETC
[10:11:56] [130/459] KACC
[10:11:57] [131/459] KAVE
[10:11:58] [132/459] CNTC
[10:11:58] [133/459] MEEN
[10:11:59] [134/459] BMRV
[10:12:00] [135/459] SVAM
[10:12:01] [136/459] VTBP
[10:12:02] [137/459] VCKN
[10:12:03] [138/459] SGTK
[10:12:04] [139/459] RCGS
[10:12:04] [140/459] RCCB
[10:12:05] [141/459] RKSR
[10:12:06] [142/459] RKCU
[10:12:07] [143/459] GIBH
[10:12:08] [144/459] CXBS
[10:12:08] [145/459] GGCB
[10:12:09] [146/459] SCPB
[10:12:10] [147/459] AKTB
[10:12:11] [148/459] SRBU
[10:12:12] [149/459] CSSA
[10:12:13] [150/459] MYAN
[10:12:14] [151/459] EXCA
[10:12:14] [152/459] CKSA
[10:12:15] [153/459] JTNM
[10:12:17] [154/459] CXKT
[10:12:17] [155/459] NCLM
[10:12:18] [156/459] JAAD
[10:12:19] [157/459] RDCR
[10:12:20] [158/459] MEER
[10:12:21] [159/459] SIBT
[10:12:21] [160/459] PVVB
[10:12:22] [161/459] FNPN
[10:12:23] [162/459] CRPX
[10:12:24] [163/459] STET
[10:12:25] [164/459] METE
[10:12:26] [165/459] BJML
[10:12:26] [166/459] MAVT
[10:12:27] [167/459] MSRM
[10:12:28] [168/459] TJMP
[10:12:29] [169/459] MHCK
[10:12:30] [170/459] SVGP
[10:12:31] [171/459] KRRC
[10:12:31] [172/459] IMCH
[10:12:32] [173/459] CMCS
[10:12:33] [174/459] SGND
[10:12:34] [175/459] RNAT
[10:12:35] [176/459] PRTN
[10:12:36] [177/459] MPTN
[10:12:36] [178/459] ARCC
[10:12:37] [179/459] NTTE
[10:12:38] [180/459] ABND
[10:12:39] [181/459] KCSN
[10:12:40] [182/459] KCSA
[10:12:40] [183/459] DCKT
[10:12:41] [184/459] MBBR
[10:12:42] [185/459] RAMU
[10:12:43] [186/459] RACW
[10:12:44] [187/459] MCHP
[10:12:44] [188/459] TMHM
[10:12:45] [189/459] STXH
[10:12:47] [190/459] AGSG
[10:12:47] [191/459] SIRA
[10:12:48] [192/459] RCAN
[10:12:49] [193/459] CWTB
[10:12:50] [194/459] VTYM
[10:12:50] [195/459] RRPP
[10:12:51] [196/459] ASMR
[10:12:52] [197/459] RONO
[10:12:54] [198/459] MEMR
[10:12:54] [199/459] CTMR
[10:12:55] [200/459] PMTT
[10:12:56] [201/459] PSLX
[10:12:57] [202/459] IPPL
[10:12:58] [203/459] MMSG
[10:12:59] [204/459] INEL
[10:13:00] [205/459] COAC
[10:13:01] [206/459] WVLK
[10:13:02] [207/459] PPXL
[10:13:02] [208/459] PSML
[10:13:03] [209/459] FNLK
[10:13:04] [210/459] ILUM
[10:13:05] [211/459] ILCM
[10:13:06] [212/459] MSNL
[10:13:07] [213/459] VINB
[10:13:08] [214/459] SALW
[10:13:09] [215/459] PRTB
[10:13:09] [216/459] NCIL
[10:13:10] [217/459] PSUL
[10:13:11] [218/459] SCLK
[10:13:12] [219/459] ADDC
[10:13:13] [220/459] OACL
[10:13:14] [221/459] OOCF
[10:13:14] [222/459] GPMF
[10:13:15] [223/459] SSDG
[10:13:16] [224/459] SKRS
[10:13:17] [225/459] NTTP
[10:13:18] [226/459] SLTP
[10:13:19] [227/459] JTLC
[10:13:20] [228/459] POON
[10:13:21] [229/459] CCPC
[10:13:22] [230/459] DCKC
[10:13:23] [231/459] CPRT
[10:13:24] [232/459] EYHZ
[10:13:24] [233/459] ARBL
[10:13:25] [234/459] SBTB
[10:13:26] [235/459] MMCK
[10:13:27] [236/459] PLMR
[10:13:28] [237/459] BIJH
[10:13:29] [238/459] SDRT
[10:13:31] [239/459] PRDC
[10:13:32] [240/459] OMJA
[10:13:33] [241/459] VKCR
[10:13:34] [242/459] ATRT
[10:13:34] [243/459] WVRP
[10:13:35] [244/459] MVRP
[10:13:36] [245/459] FCAX
[10:13:37] [246/459] CTLC
[10:13:38] [247/459] JCHB
[10:13:39] [248/459] SELP
[10:13:40] [249/459] VCPG
[10:13:41] [250/459] ASCX
[10:13:43] [251/459] EOCS
[10:13:43] [252/459] RCPH
[10:13:44] [253/459] RJTM
[10:13:45] [254/459] SGMD
[10:13:45] [255/459] SVJT
[10:13:46] [256/459] SPPO
[10:13:47] [257/459] MNRL
[10:13:48] [258/459] KNOX
[10:13:49] [259/459] GIER
[10:13:50] [260/459] PJMS
[10:13:50] [261/459] UNSP
[10:13:51] [262/459] JETP
[10:13:52] [263/459] VTWA
[10:13:53] [264/459] SCJI
[10:13:53] [265/459] CBZZ
[10:13:54] [266/459] SDCJ
[10:13:55] [267/459] RRCC
[10:13:56] [268/459] VNKG
[10:13:58] [269/459] LKTO
[10:13:58] [270/459] PJRM
[10:13:59] [271/459] NVRM
[10:14:00] [272/459] SJCS
[10:14:01] [273/459] VIGK
[10:14:02] [274/459] ANST
[10:14:03] [275/459] JTTS
[10:14:04] [276/459] NTST
[10:14:05] [277/459] PREB
[10:14:06] [278/459] TSCZ
[10:14:06] [279/459] CDCM
[10:14:07] [280/459] ELYE
[10:14:08] [281/459] INBS
[10:14:08] [282/459] SMGC
[10:14:09] [283/459] UTMP
[10:14:10] [284/459] INTA
[10:14:11] [285/459] OMPT
[10:14:12] [286/459] SCIR
[10:14:13] [287/459] GCKJ
[10:14:13] [288/459] INOG
[10:14:14] [289/459] SMGB
[10:14:15] [290/459] MCSG
[10:14:16] [291/459] STKG
[10:14:17] [292/459] TTKG
[10:14:18] [293/459] SRTR
[10:14:19] [294/459] ETTR
[10:14:20] [295/459] GGGZ
[10:14:21] [296/459] IPGM
[10:14:22] [297/459] FCDH
[10:14:23] [298/459] DESB
[10:14:23] [299/459] VNTP
[10:14:24] [300/459] ANNT
[10:14:25] [301/459] SLTI
[10:14:26] [302/459] MAJU
[10:14:27] [303/459] JCXP
[10:14:28] [304/459] HARK
[10:14:29] [305/459] JPCJ
[10:14:30] [306/459] RXBD
[10:14:31] [307/459] PTKJ
[10:14:32] [308/459] CMTU
[10:14:32] [309/459] SWOR
[10:14:33] [310/459] JMEX
[10:14:34] [311/459] DTPT
[10:14:35] [312/459] VGMM
[10:14:36] [313/459] VCSG
[10:14:37] [314/459] CVCG
[10:14:38] [315/459] TNTT
[10:14:39] [316/459] SHRM
[10:14:40] [317/459] CGKD
[10:14:41] [318/459] EKCM
[10:14:42] [319/459] SDCX
[10:14:42] [320/459] SBTE
[10:14:43] [321/459] STKJ
[10:14:44] [322/459] TPCE
[10:14:45] [323/459] JTNP
[10:14:46] [324/459] LPCH
[10:14:47] [325/459] CPUO
[10:14:47] [326/459] APSU
[10:14:48] [327/459] RTHC
[10:14:49] [328/459] PTBU
[10:14:50] [329/459] CUCC
[10:14:51] [330/459] CPSA
[10:14:53] [331/459] SUAY
[10:14:54] [332/459] AYAA
[10:14:55] [333/459] MUCH
[10:14:56] [334/459] PCIN
[10:14:57] [335/459] JRRM
[10:14:58] [336/459] KATS
[10:14:59] [337/459] MHFF
[10:15:00] [338/459] ESYM
[10:15:01] [339/459] STYV
[10:15:01] [340/459] SDKG
[10:15:02] [341/459] SMTI
[10:15:03] [342/459] NYCS
[10:15:04] [343/459] MTBG
[10:15:05] [344/459] RHCA
[10:15:06] [345/459] PCKH
[10:15:07] [346/459] ARCR
[10:15:08] [347/459] NCMB
[10:15:09] [348/459] SHYC
[10:15:10] [349/459] LACK
[10:15:12] [350/459] MTCM
[10:15:13] [351/459] RRBN
[10:15:13] [352/459] MYDC
[10:15:14] [353/459] STCS
[10:15:15] [354/459] CONN
[10:15:16] [355/459] SIPS
[10:15:17] [356/459] SMMX
[10:15:18] [357/459] SCBY
[10:15:19] [358/459] SUAP
[10:15:20] [359/459] RSMK
[10:15:21] [360/459] STKP
[10:15:22] [361/459] CIPC
[10:15:23] [362/459] KKCI
[10:15:24] [363/459] CTNK
[10:15:25] [364/459] MMTZ
[10:15:26] [365/459] DCCO
[10:15:27] [366/459] VNMN
[10:15:28] [367/459] RLCN
[10:15:29] [368/459] CMMS
[10:15:30] [369/459] AYOU
[10:15:31] [370/459] SSCN
[10:15:31] [371/459] SMXN
[10:15:32] [372/459] ASSK
[10:15:33] [373/459] VCKM
[10:15:34] [374/459] PCPH
[10:15:36] [375/459] PADM
[10:15:37] [376/459] IESA
[10:15:37] [377/459] VCSP
[10:15:38] [378/459] AEST
[10:15:39] [379/459] VTNR
[10:15:40] [380/459] GTTA
[10:15:41] [381/459] CMMM
[10:15:42] [382/459] AHKT
[10:15:43] [383/459] SIJI
[10:15:44] [384/459] VCEI
[10:15:44] [385/459] SAKR
[10:15:46] [386/459] VSMT
[10:15:47] [387/459] SSCT
[10:15:48] [388/459] USTR
[10:15:49] [389/459] MTKT
[10:15:50] [390/459] TGMP
[10:15:51] [391/459] SIVC
[10:15:52] [392/459] KICT
[10:15:53] [393/459] DAMD
[10:15:54] [394/459] CNPT
[10:15:55] [395/459] RVTT
[10:15:56] [396/459] SNCM
[10:15:57] [397/459] GHTE
[10:15:57] [398/459] PPAM
[10:15:58] [399/459] PVAA
[10:15:59] [400/459] CPAO
[10:16:00] [401/459] HAMD
[10:16:02] [402/459] RCCA
[10:16:03] [403/459] MPCH
[10:16:03] [404/459] ARED
[10:16:04] [405/459] RRCV
[10:16:05] [406/459] MTRB
[10:16:06] [407/459] CKUA
[10:16:07] [408/459] ABMP
[10:16:08] [409/459] RCWA
[10:16:09] [410/459] CGAR
[10:16:10] [411/459] METH
[10:16:11] [412/459] WAGA
[10:16:12] [413/459] MCMA
[10:16:13] [414/459] CSMP
[10:16:13] [415/459] RCNK
[10:16:14] [416/459] PSTM
[10:16:15] [417/459] CSEP
[10:16:16] [418/459] AMGD
[10:16:17] [419/459] CSTE
[10:16:17] [420/459] CONS
[10:16:18] [421/459] APPX
[10:16:19] [422/459] MABC
[10:16:20] [423/459] CXST
[10:16:21] [424/459] MATN
[10:16:22] [425/459] MACZ
[10:16:23] [426/459] MASA
[10:16:24] [427/459] MBSX
[10:16:25] [428/459] CSST
[10:16:25] [429/459] APCL
[10:16:26] [430/459] CGOS
[10:16:27] [431/459] CPEC
[10:16:28] [432/459] MCCP
[10:16:29] [433/459] BSSO
[10:16:30] [434/459] SJKA
[10:16:31] [435/459] CGBO
[10:16:31] [436/459] MVSK
[10:16:32] [437/459] HVCA
[10:16:33] [438/459] NAMD
[10:16:34] [439/459] DEVI
[10:16:35] [440/459] SCSV
[10:16:35] [441/459] PSMA
[10:16:36] [442/459] CLDJ
[10:16:37] [443/459] NMAD
[10:16:38] [444/459] CGMO
[10:16:39] [445/459] MCNA
[10:16:39] [446/459] OCBN
[10:16:40] [447/459] CPEM
[10:16:41] [448/459] CPSM
[10:16:42] [449/459] RCAD
[10:16:43] [450/459] CPMU
[10:16:44] [451/459] DICD
[10:16:44] [452/459] CHOE
[10:16:45] [453/459] PDJM
[10:16:46] [454/459] SSTU
[10:16:47] [455/459] VNRN
[10:16:48] [456/459] PVLG
[10:16:48] [457/459] SWBL
[10:16:49] [458/459] SCAB
[10:16:50] [459/459] RDDA
[10:16:51] 🧹 Deduping shows
[10:16:51] ✅ DONE | Shows=681 | Movies=59
[16:51:47] 🚀 SCRIPT STARTED
[16:51:47] [1/459] MCCZ
[16:51:47] 🧠 New identity created
[16:51:48] [2/459] FRPU
[16:51:49] [3/459] SKSI
[16:51:49] [4/459] SSCK
[16:51:50] [5/459] SRDC
[16:51:52] [6/459] RSCZ
[16:51:53] [7/459] PRVT
[16:51:53] [8/459] GAGJ
[16:51:54] [9/459] SMHG
[16:51:55] [10/459] JTST
[16:51:56] [11/459] MYTH
[16:51:57] [12/459] JPCC
[16:51:57] [13/459] ACDC
[16:51:58] [14/459] SVFP
[16:51:59] [15/459] SFCM
[16:52:01] [16/459] RUPK
[16:52:01] [17/459] NTCR
[16:52:03] [18/459] RTCH
[16:52:04] [19/459] SCMH
[16:52:04] [20/459] SVYM
[16:52:05] [21/459] SPYM
[16:52:06] [22/459] SMMF
[16:52:07] [23/459] CLLB
[16:52:08] [24/459] FMCB
[16:52:09] [25/459] BBTC
[16:52:09] [26/459] NTHS
[16:52:10] [27/459] PKKJ
[16:52:11] [28/459] MTJA
[16:52:12] [29/459] PMSJ
[16:52:13] [30/459] JMJU
[16:52:13] [31/459] SRAD
[16:52:14] [32/459] MJMC
[16:52:15] [33/459] DFRM
[16:52:16] [34/459] PMRS
[16:52:17] [35/459] RKPP
[16:52:18] [36/459] BMBK
[16:52:19] [37/459] NEWS
[16:52:20] [38/459] SALB
[16:52:21] [39/459] SCPW
[16:52:21] [40/459] RAYL
[16:52:22] [41/459] CMGJ
[16:52:23] [42/459] JRCR
[16:52:24] [43/459] SRTB
[16:52:25] [44/459] ETPB
[16:52:26] [45/459] MXBN
[16:52:28] [46/459] TOPE
[16:52:29] [47/459] SNLJ
[16:52:30] [48/459] CDDP
[16:52:31] [49/459] APCX
[16:52:31] [50/459] TALP
[16:52:32] [51/459] RRMP
[16:52:33] [52/459] MAHB
[16:52:33] [53/459] MTKR
[16:52:34] [54/459] KSKL
[16:52:35] [55/459] RJLT
[16:52:36] [56/459] ATAS
[16:52:37] [57/459] AMHR
[16:52:38] [58/459] RSRM
[16:52:39] [59/459] GCAT
[16:52:40] [60/459] SMML
[16:52:40] [61/459] ACCD
[16:52:41] [62/459] VYDA
[16:52:42] [63/459] MSKT
[16:52:43] [64/459] AVDM
[16:52:44] [65/459] ASMH
[16:52:45] [66/459] VTMB
[16:52:46] [67/459] WVMB
[16:52:47] [68/459] PPMN
[16:52:48] [69/459] MTMD
[16:52:48] [70/459] SMMO
[16:52:49] [71/459] DLPB
[16:52:50] [72/459] AKMD
[16:52:51] [73/459] SHRR
[16:52:52] [74/459] ASCO
[16:52:53] [75/459] CZVX
[16:52:54] [76/459] GCBB
[16:52:55] [77/459] ATBM
[16:52:56] [78/459] TCGM
[16:52:57] [79/459] UMSE
[16:52:58] [80/459] NKCL
[16:52:59] [81/459] BTLR
[16:53:00] [82/459] GOCL
[16:53:01] [83/459] MIRN
[16:53:02] [84/459] THEC
[16:53:03] [85/459] SPPB
[16:53:04] [86/459] PMMM
[16:53:05] [87/459] GGMC
[16:53:06] [88/459] AVSR
[16:53:07] [89/459] RDMH
[16:53:08] [90/459] JSRS
[16:53:09] [91/459] VKGP
[16:53:10] [92/459] ACRT
[16:53:11] [93/459] GCBA
[16:53:12] [94/459] GTCP
[16:53:12] [95/459] AKFC
[16:53:13] [96/459] INCS
[16:53:14] [97/459] SMCK
[16:53:16] [98/459] BRUN
[16:53:17] [99/459] RPPC
[16:53:17] [100/459] PAYD
[16:53:18] [101/459] SVVT
[16:53:19] [102/459] RNCC
[16:53:19] [103/459] PCRC
[16:53:21] [104/459] PMRM
[16:53:22] [105/459] CCRP
[16:53:23] [106/459] INCR
[16:53:23] [107/459] ZTMP
[16:53:24] [108/459] MCNR
[16:53:25] [109/459] INRP
[16:53:26] [110/459] STRC
[16:53:27] [111/459] RATI
[16:53:28] [112/459] PBTR
[16:53:29] [113/459] CMHP
[16:53:30] [114/459] ZECJ
[16:53:30] [115/459] CCCB
[16:53:31] [116/459] BWCB
[16:53:32] [117/459] CCAT
[16:53:33] [118/459] KGCM
[16:53:34] [119/459] INPT
[16:53:35] [120/459] FNCO
[16:53:36] [121/459] SRMJ
[16:53:37] [122/459] PFSC
[16:53:37] [123/459] PBMC
[16:53:39] [124/459] KARP
[16:53:40] [125/459] KOVI
[16:53:41] [126/459] ACXL
[16:53:42] [127/459] GKCC
[16:53:43] [128/459] ASCC
[16:53:44] [129/459] SETC
[16:53:45] [130/459] KACC
[16:53:46] [131/459] KAVE
[16:53:47] [132/459] CNTC
[16:53:47] [133/459] MEEN
[16:53:49] [134/459] BMRV
[16:53:50] [135/459] SVAM
[16:53:51] [136/459] VTBP
[16:53:52] [137/459] VCKN
[16:53:53] [138/459] SGTK
[16:53:54] [139/459] RCGS
[16:53:55] [140/459] RCCB
[16:53:56] [141/459] RKSR
[16:53:57] [142/459] RKCU
[16:53:58] [143/459] GIBH
[16:53:59] [144/459] CXBS
[16:54:00] [145/459] GGCB
[16:54:00] [146/459] SCPB
[16:54:01] [147/459] AKTB
[16:54:02] [148/459] SRBU
[16:54:03] [149/459] CSSA
[16:54:04] [150/459] MYAN
[16:54:04] [151/459] EXCA
[16:54:06] [152/459] CKSA
[16:54:07] [153/459] JTNM
[16:54:08] [154/459] CXKT
[16:54:09] [155/459] NCLM
[16:54:09] [156/459] JAAD
[16:54:10] [157/459] RDCR
[16:54:12] [158/459] MEER
[16:54:12] [159/459] SIBT
[16:54:13] [160/459] PVVB
[16:54:15] [161/459] FNPN
[16:54:16] [162/459] CRPX
[16:54:17] [163/459] STET
[16:54:17] [164/459] METE
[16:54:18] [165/459] BJML
[16:54:20] [166/459] MAVT
[16:54:21] [167/459] MSRM
[16:54:22] [168/459] TJMP
[16:54:22] [169/459] MHCK
[16:54:23] [170/459] SVGP
[16:54:24] [171/459] KRRC
[16:54:25] [172/459] IMCH
[16:54:26] [173/459] CMCS
[16:54:27] [174/459] SGND
[16:54:28] [175/459] RNAT
[16:54:29] [176/459] PRTN
[16:54:30] [177/459] MPTN
[16:54:31] [178/459] ARCC
[16:54:32] [179/459] NTTE
[16:54:32] [180/459] ABND
[16:54:33] [181/459] KCSN
[16:54:34] [182/459] KCSA
[16:54:36] [183/459] DCKT
[16:54:37] [184/459] MBBR
[16:54:38] [185/459] RAMU
[16:54:39] [186/459] RACW
[16:54:40] [187/459] MCHP
[16:54:41] [188/459] TMHM
[16:54:42] [189/459] STXH
[16:54:42] [190/459] AGSG
[16:54:43] [191/459] SIRA
[16:54:44] [192/459] RCAN
[16:54:45] [193/459] CWTB
[16:54:46] [194/459] VTYM
[16:54:46] [195/459] RRPP
[16:54:47] [196/459] ASMR
[16:54:48] [197/459] RONO
[16:54:49] [198/459] MEMR
[16:54:50] [199/459] CTMR
[16:54:51] [200/459] PMTT
[16:54:52] [201/459] PSLX
[16:54:53] [202/459] IPPL
[16:54:54] [203/459] MMSG
[16:54:54] [204/459] INEL
[16:54:55] [205/459] COAC
[16:54:56] [206/459] WVLK
[16:54:58] [207/459] PPXL
[16:54:58] [208/459] PSML
[16:55:00] [209/459] FNLK
[16:55:01] [210/459] ILUM
[16:55:02] [211/459] ILCM
[16:55:02] [212/459] MSNL
[16:55:03] [213/459] VINB
[16:55:05] [214/459] SALW
[16:55:06] [215/459] PRTB
[16:55:07] [216/459] NCIL
[16:55:07] [217/459] PSUL
[16:55:08] [218/459] SCLK
[16:55:09] [219/459] ADDC
[16:55:10] [220/459] OACL
[16:55:11] [221/459] OOCF
[16:55:12] [222/459] GPMF
[16:55:12] [223/459] SSDG
[16:55:13] [224/459] SKRS
[16:55:14] [225/459] NTTP
[16:55:15] [226/459] SLTP
[16:55:16] [227/459] JTLC
[16:55:17] [228/459] POON
[16:55:18] [229/459] CCPC
[16:55:19] [230/459] DCKC
[16:55:20] [231/459] CPRT
[16:55:22] [232/459] EYHZ
[16:55:23] [233/459] ARBL
[16:55:24] [234/459] SBTB
[16:55:25] [235/459] MMCK
[16:55:25] [236/459] PLMR
[16:55:26] [237/459] BIJH
[16:55:28] [238/459] SDRT
[16:55:29] [239/459] PRDC
[16:55:30] [240/459] OMJA
[16:55:30] [241/459] VKCR
[16:55:31] [242/459] ATRT
[16:55:32] [243/459] WVRP
[16:55:33] [244/459] MVRP
[16:55:33] [245/459] FCAX
[16:55:34] [246/459] CTLC
[16:55:35] [247/459] JCHB
[16:55:36] [248/459] SELP
[16:55:38] [249/459] VCPG
[16:55:38] [250/459] ASCX
[16:55:39] [251/459] EOCS
[16:55:40] [252/459] RCPH
[16:55:41] [253/459] RJTM
[16:55:42] [254/459] SGMD
[16:55:43] [255/459] SVJT
[16:55:44] [256/459] SPPO
[16:55:45] [257/459] MNRL
[16:55:46] [258/459] KNOX
[16:55:46] [259/459] GIER
[16:55:47] [260/459] PJMS
[16:55:48] [261/459] UNSP
[16:55:49] [262/459] JETP
[16:55:51] [263/459] VTWA
[16:55:51] [264/459] SCJI
[16:55:52] [265/459] CBZZ
[16:55:53] [266/459] SDCJ
[16:55:54] [267/459] RRCC
[16:55:55] [268/459] VNKG
[16:55:56] [269/459] LKTO
[16:55:57] [270/459] PJRM
[16:55:58] [271/459] NVRM
[16:55:59] [272/459] SJCS
[16:55:59] [273/459] VIGK
[16:56:00] [274/459] ANST
[16:56:01] [275/459] JTTS
[16:56:02] [276/459] NTST
[16:56:03] [277/459] PREB
[16:56:03] [278/459] TSCZ
[16:56:04] [279/459] CDCM
[16:56:05] [280/459] ELYE
[16:56:06] [281/459] INBS
[16:56:07] [282/459] SMGC
[16:56:08] [283/459] UTMP
[16:56:08] [284/459] INTA
[16:56:09] [285/459] OMPT
[16:56:11] [286/459] SCIR
[16:56:12] [287/459] GCKJ
[16:56:14] [288/459] INOG
[16:56:14] [289/459] SMGB
[16:56:15] [290/459] MCSG
[16:56:16] [291/459] STKG
[16:56:18] [292/459] TTKG
[16:56:18] [293/459] SRTR
[16:56:19] [294/459] ETTR
[16:56:20] [295/459] GGGZ
[16:56:21] [296/459] IPGM
[16:56:22] [297/459] FCDH
[16:56:22] [298/459] DESB
[16:56:24] [299/459] VNTP
[16:56:25] [300/459] ANNT
[16:56:25] [301/459] SLTI
[16:56:26] [302/459] MAJU
[16:56:27] [303/459] JCXP
[16:56:28] [304/459] HARK
[16:56:29] [305/459] JPCJ
[16:56:29] [306/459] RXBD
[16:56:30] [307/459] PTKJ
[16:56:31] [308/459] CMTU
[16:56:32] [309/459] SWOR
[16:56:33] [310/459] JMEX
[16:56:34] [311/459] DTPT
[16:56:35] [312/459] VGMM
[16:56:36] [313/459] VCSG
[16:56:37] [314/459] CVCG
[16:56:38] [315/459] TNTT
[16:56:39] [316/459] SHRM
[16:56:41] [317/459] CGKD
[16:56:41] [318/459] EKCM
[16:56:42] [319/459] SDCX
[16:56:43] [320/459] SBTE
[16:56:44] [321/459] STKJ
[16:56:45] [322/459] TPCE
[16:56:45] [323/459] JTNP
[16:56:47] [324/459] LPCH
[16:56:49] [325/459] CPUO
[16:56:50] [326/459] APSU
[16:56:51] [327/459] RTHC
[16:56:51] [328/459] PTBU
[16:56:52] [329/459] CUCC
[16:56:53] [330/459] CPSA
[16:56:54] [331/459] SUAY
[16:56:55] [332/459] AYAA
[16:56:55] [333/459] MUCH
[16:56:56] [334/459] PCIN
[16:56:57] [335/459] JRRM
[16:56:58] [336/459] KATS
[16:56:59] [337/459] MHFF
[16:57:00] [338/459] ESYM
[16:57:01] [339/459] STYV
[16:57:01] [340/459] SDKG
[16:57:02] [341/459] SMTI
[16:57:03] [342/459] NYCS
[16:57:04] [343/459] MTBG
[16:57:05] [344/459] RHCA
[16:57:05] [345/459] PCKH
[16:57:06] [346/459] ARCR
[16:57:07] [347/459] NCMB
[16:57:08] [348/459] SHYC
[16:57:10] [349/459] LACK
[16:57:11] [350/459] MTCM
[16:57:11] [351/459] RRBN
[16:57:12] [352/459] MYDC
[16:57:13] [353/459] STCS
[16:57:14] [354/459] CONN
[16:57:15] [355/459] SIPS
[16:57:16] [356/459] SMMX
[16:57:17] [357/459] SCBY
[16:57:18] [358/459] SUAP
[16:57:19] [359/459] RSMK
[16:57:20] [360/459] STKP
[16:57:21] [361/459] CIPC
[16:57:22] [362/459] KKCI
[16:57:23] [363/459] CTNK
[16:57:23] [364/459] MMTZ
[16:57:25] [365/459] DCCO
[16:57:26] [366/459] VNMN
[16:57:27] [367/459] RLCN
[16:57:28] [368/459] CMMS
[16:57:29] [369/459] AYOU
[16:57:31] [370/459] SSCN
[16:57:31] [371/459] SMXN
[16:57:32] [372/459] ASSK
[16:57:33] [373/459] VCKM
[16:57:34] [374/459] PCPH
[16:57:35] [375/459] PADM
[16:57:36] [376/459] IESA
[16:57:37] [377/459] VCSP
[16:57:38] [378/459] AEST
[16:57:38] [379/459] VTNR
[16:57:39] [380/459] GTTA
[16:57:40] [381/459] CMMM
[16:57:41] [382/459] AHKT
[16:57:42] [383/459] SIJI
[16:57:43] [384/459] VCEI
[16:57:44] [385/459] SAKR
[16:57:44] [386/459] VSMT
[16:57:45] [387/459] SSCT
[16:57:46] [388/459] USTR
[16:57:46] [389/459] MTKT
[16:57:47] [390/459] TGMP
[16:57:48] [391/459] SIVC
[16:57:49] [392/459] KICT
[16:57:50] [393/459] DAMD
[16:57:50] [394/459] CNPT
[16:57:51] [395/459] RVTT
[16:57:52] [396/459] SNCM
[16:57:53] [397/459] GHTE
[16:57:55] [398/459] PPAM
[16:57:56] [399/459] PVAA
[16:57:57] [400/459] CPAO
[16:57:58] [401/459] HAMD
[16:57:59] [402/459] RCCA
[16:58:00] [403/459] MPCH
[16:58:01] [404/459] ARED
[16:58:02] [405/459] RRCV
[16:58:03] [406/459] MTRB
[16:58:04] [407/459] CKUA
[16:58:05] [408/459] ABMP
[16:58:06] [409/459] RCWA
[16:58:07] [410/459] CGAR
[16:58:07] [411/459] METH
[16:58:08] [412/459] WAGA
[16:58:09] [413/459] MCMA
[16:58:10] [414/459] CSMP
[16:58:11] [415/459] RCNK
[16:58:11] [416/459] PSTM
[16:58:12] [417/459] CSEP
[16:58:13] [418/459] AMGD
[16:58:14] [419/459] CSTE
[16:58:15] [420/459] CONS
[16:58:15] [421/459] APPX
[16:58:16] [422/459] MABC
[16:58:18] [423/459] CXST
[16:58:19] [424/459] MATN
[16:58:20] [425/459] MACZ
[16:58:21] [426/459] MASA
[16:58:22] [427/459] MBSX
[16:58:23] [428/459] CSST
[16:58:24] [429/459] APCL
[16:58:26] [430/459] CGOS
[16:58:27] [431/459] CPEC
[16:58:28] [432/459] MCCP
[16:58:29] [433/459] BSSO
[16:58:29] [434/459] SJKA
[16:58:30] [435/459] CGBO
[16:58:31] [436/459] MVSK
[16:58:32] [437/459] HVCA
[16:58:34] [438/459] NAMD
[16:58:35] [439/459] DEVI
[16:58:36] [440/459] SCSV
[16:58:36] [441/459] PSMA
[16:58:37] [442/459] CLDJ
[16:58:38] [443/459] NMAD
[16:58:39] [444/459] CGMO
[16:58:41] [445/459] MCNA
[16:58:41] [446/459] OCBN
[16:58:42] [447/459] CPEM
[16:58:43] [448/459] CPSM
[16:58:44] [449/459] RCAD
[16:58:45] [450/459] CPMU
[16:58:46] [451/459] DICD
[16:58:47] [452/459] CHOE
[16:58:48] [453/459] PDJM
[16:58:49] [454/459] SSTU
[16:58:50] [455/459] VNRN
[16:58:50] [456/459] PVLG
[16:58:51] [457/459] SWBL
[16:58:52] [458/459] SCAB
[16:58:53] [459/459] RDDA
[16:58:54] 🧹 Deduping shows
[16:58:54] ✅ DONE | Shows=746 | Movies=59
[04:51:31] 🚀 SCRIPT STARTED
[04:51:32] [1/459] MCCZ
[04:51:32] 🧠 New identity created
[04:51:32] [2/459] FRPU
[04:51:33] [3/459] SKSI
[04:51:34] [4/459] SSCK
[04:51:34] [5/459] SRDC
[04:51:35] [6/459] RSCZ
[04:51:35] [7/459] PRVT
[04:51:36] [8/459] GAGJ
[04:51:36] [9/459] SMHG
[04:51:37] [10/459] JTST
[04:51:38] [11/459] MYTH
[04:51:38] [12/459] JPCC
[04:51:39] [13/459] ACDC
[04:51:39] [14/459] SVFP
[04:51:40] [15/459] SFCM
[04:51:41] [16/459] RUPK
[04:51:41] [17/459] NTCR
[04:51:42] [18/459] RTCH
[04:51:42] [19/459] SCMH
[04:51:43] [20/459] SVYM
[04:51:44] [21/459] SPYM
[04:51:44] [22/459] SMMF
[04:51:45] [23/459] CLLB
[04:51:46] [24/459] FMCB
[04:51:46] [25/459] BBTC
[04:51:47] [26/459] NTHS
[04:51:47] [27/459] PKKJ
[04:51:48] [28/459] MTJA
[04:51:49] [29/459] PMSJ
[04:51:50] [30/459] JMJU
[04:51:50] [31/459] SRAD
[04:51:51] [32/459] MJMC
[04:51:51] [33/459] DFRM
[04:51:52] [34/459] PMRS
[04:51:52] [35/459] RKPP
[04:51:53] [36/459] BMBK
[04:51:53] [37/459] NEWS
[04:51:54] [38/459] SALB
[04:51:55] [39/459] SCPW
[04:51:55] [40/459] RAYL
[04:51:56] [41/459] CMGJ
[04:51:57] [42/459] JRCR
[04:51:57] [43/459] SRTB
[04:51:58] [44/459] ETPB
[04:51:58] [45/459] MXBN
[04:51:59] [46/459] TOPE
[04:52:00] [47/459] SNLJ
[04:52:00] [48/459] CDDP
[04:52:01] [49/459] APCX
[04:52:02] [50/459] TALP
[04:52:02] [51/459] RRMP
[04:52:02] [52/459] MAHB
[04:52:03] [53/459] MTKR
[04:52:04] [54/459] KSKL
[04:52:04] [55/459] RJLT
[04:52:05] [56/459] ATAS
[04:52:05] [57/459] AMHR
[04:52:06] [58/459] RSRM
[04:52:07] [59/459] GCAT
[04:52:07] [60/459] SMML
[04:52:08] [61/459] ACCD
[04:52:09] [62/459] VYDA
[04:52:09] [63/459] MSKT
[04:52:10] [64/459] AVDM
[04:52:10] [65/459] ASMH
[04:52:11] [66/459] VTMB
[04:52:11] [67/459] WVMB
[04:52:12] [68/459] PPMN
[04:52:12] [69/459] MTMD
[04:52:13] [70/459] SMMO
[04:52:13] [71/459] DLPB
[04:52:14] [72/459] AKMD
[04:52:15] [73/459] SHRR
[04:52:15] [74/459] ASCO
[04:52:16] [75/459] CZVX
[04:52:16] [76/459] GCBB
[04:52:17] [77/459] ATBM
[04:52:18] [78/459] TCGM
[04:52:18] [79/459] UMSE
[04:52:19] [80/459] NKCL
[04:52:20] [81/459] BTLR
[04:52:20] [82/459] GOCL
[04:52:21] [83/459] MIRN
[04:52:21] [84/459] THEC
[04:52:22] [85/459] SPPB
[04:52:22] [86/459] PMMM
[04:52:23] [87/459] GGMC
[04:52:24] [88/459] AVSR
[04:52:24] [89/459] RDMH
[04:52:25] [90/459] JSRS
[04:52:25] [91/459] VKGP
[04:52:26] [92/459] ACRT
[04:52:26] [93/459] GCBA
[04:52:27] [94/459] GTCP
[04:52:28] [95/459] AKFC
[04:52:28] [96/459] INCS
[04:52:29] [97/459] SMCK
[04:52:29] [98/459] BRUN
[04:52:30] [99/459] RPPC
[04:52:30] [100/459] PAYD
[04:52:31] [101/459] SVVT
[04:52:31] [102/459] RNCC
[04:52:32] [103/459] PCRC
[04:52:32] [104/459] PMRM
[04:52:33] [105/459] CCRP
[04:52:33] [106/459] INCR
[04:52:34] [107/459] ZTMP
[04:52:34] [108/459] MCNR
[04:52:35] [109/459] INRP
[04:52:35] [110/459] STRC
[04:52:36] [111/459] RATI
[04:52:37] [112/459] PBTR
[04:52:37] [113/459] CMHP
[04:52:38] [114/459] ZECJ
[04:52:38] [115/459] CCCB
[04:52:39] [116/459] BWCB
[04:52:40] [117/459] CCAT
[04:52:40] [118/459] KGCM
[04:52:41] [119/459] INPT
[04:52:42] [120/459] FNCO
[04:52:42] [121/459] SRMJ
[04:52:43] [122/459] PFSC
[04:52:43] [123/459] PBMC
[04:52:44] [124/459] KARP
[04:52:44] [125/459] KOVI
[04:52:45] [126/459] ACXL
[04:52:45] [127/459] GKCC
[04:52:46] [128/459] ASCC
[04:52:47] [129/459] SETC
[04:52:47] [130/459] KACC
[04:52:48] [131/459] KAVE
[04:52:49] [132/459] CNTC
[04:52:49] [133/459] MEEN
[04:52:50] [134/459] BMRV
[04:52:50] [135/459] SVAM
[04:52:51] [136/459] VTBP
[04:52:52] [137/459] VCKN
[04:52:52] [138/459] SGTK
[04:52:53] [139/459] RCGS
[04:52:53] [140/459] RCCB
[04:52:54] [141/459] RKSR
[04:52:55] [142/459] RKCU
[04:52:55] [143/459] GIBH
[04:52:56] [144/459] CXBS
[04:52:56] [145/459] GGCB
[04:52:57] [146/459] SCPB
[04:52:57] [147/459] AKTB
[04:52:58] [148/459] SRBU
[04:52:59] [149/459] CSSA
[04:52:59] [150/459] MYAN
[04:53:00] [151/459] EXCA
[04:53:00] [152/459] CKSA
[04:53:01] [153/459] JTNM
[04:53:01] [154/459] CXKT
[04:53:02] [155/459] NCLM
[04:53:03] [156/459] JAAD
[04:53:03] [157/459] RDCR
[04:53:04] [158/459] MEER
[04:53:04] [159/459] SIBT
[04:53:05] [160/459] PVVB
[04:53:05] [161/459] FNPN
[04:53:06] [162/459] CRPX
[04:53:07] [163/459] STET
[04:53:07] [164/459] METE
[04:53:08] [165/459] BJML
[04:53:09] [166/459] MAVT
[04:53:09] [167/459] MSRM
[04:53:10] [168/459] TJMP
[04:53:10] [169/459] MHCK
[04:53:11] [170/459] SVGP
[04:53:11] [171/459] KRRC
[04:53:12] [172/459] IMCH
[04:53:13] [173/459] CMCS
[04:53:13] [174/459] SGND
[04:53:14] [175/459] RNAT
[04:53:14] [176/459] PRTN
[04:53:15] [177/459] MPTN
[04:53:15] [178/459] ARCC
[04:53:16] [179/459] NTTE
[04:53:16] [180/459] ABND
[04:53:17] [181/459] KCSN
[04:53:18] [182/459] KCSA
[04:53:18] [183/459] DCKT
[04:53:19] [184/459] MBBR
[04:53:19] [185/459] RAMU
[04:53:20] [186/459] RACW
[04:53:21] [187/459] MCHP
[04:53:21] [188/459] TMHM
[04:53:22] [189/459] STXH
[04:53:23] [190/459] AGSG
[04:53:23] [191/459] SIRA
[04:53:24] [192/459] RCAN
[04:53:24] [193/459] CWTB
[04:53:25] [194/459] VTYM
[04:53:26] [195/459] RRPP
[04:53:26] [196/459] ASMR
[04:53:27] [197/459] RONO
[04:53:27] [198/459] MEMR
[04:53:28] [199/459] CTMR
[04:53:29] [200/459] PMTT
[04:53:29] [201/459] PSLX
[04:53:30] [202/459] IPPL
[04:53:30] [203/459] MMSG
[04:53:31] [204/459] INEL
[04:53:31] [205/459] COAC
[04:53:32] [206/459] WVLK
[04:53:33] [207/459] PPXL
[04:53:33] [208/459] PSML
[04:53:34] [209/459] FNLK
[04:53:35] [210/459] ILUM
[04:53:35] [211/459] ILCM
[04:53:36] [212/459] MSNL
[04:53:36] [213/459] VINB
[04:53:37] [214/459] SALW
[04:53:38] [215/459] PRTB
[04:53:38] [216/459] NCIL
[04:53:39] [217/459] PSUL
[04:53:40] [218/459] SCLK
[04:53:40] [219/459] ADDC
[04:53:41] [220/459] OACL
[04:53:41] [221/459] OOCF
[04:53:42] [222/459] GPMF
[04:53:42] [223/459] SSDG
[04:53:43] [224/459] SKRS
[04:53:43] [225/459] NTTP
[04:53:44] [226/459] SLTP
[04:53:44] [227/459] JTLC
[04:53:45] [228/459] POON
[04:53:46] [229/459] CCPC
[04:53:46] [230/459] DCKC
[04:53:47] [231/459] CPRT
[04:53:47] [232/459] EYHZ
[04:53:48] [233/459] ARBL
[04:53:48] [234/459] SBTB
[04:53:49] [235/459] MMCK
[04:53:49] [236/459] PLMR
[04:53:50] [237/459] BIJH
[04:53:50] [238/459] SDRT
[04:53:51] [239/459] PRDC
[04:53:51] [240/459] OMJA
[04:53:52] [241/459] VKCR
[04:53:53] [242/459] ATRT
[04:53:53] [243/459] WVRP
[04:53:54] [244/459] MVRP
[04:53:54] [245/459] FCAX
[04:53:55] [246/459] CTLC
[04:53:55] [247/459] JCHB
[04:53:56] [248/459] SELP
[04:53:56] [249/459] VCPG
[04:53:57] [250/459] ASCX
[04:53:58] [251/459] EOCS
[04:53:58] [252/459] RCPH
[04:53:59] [253/459] RJTM
[04:53:59] [254/459] SGMD
[04:54:00] [255/459] SVJT
[04:54:01] [256/459] SPPO
[04:54:01] [257/459] MNRL
[04:54:02] [258/459] KNOX
[04:54:03] [259/459] GIER
[04:54:03] [260/459] PJMS
[04:54:04] [261/459] UNSP
[04:54:04] [262/459] JETP
[04:54:05] [263/459] VTWA
[04:54:05] [264/459] SCJI
[04:54:06] [265/459] CBZZ
[04:54:07] [266/459] SDCJ
[04:54:07] [267/459] RRCC
[04:54:08] [268/459] VNKG
[04:54:09] [269/459] LKTO
[04:54:09] [270/459] PJRM
[04:54:10] [271/459] NVRM
[04:54:10] [272/459] SJCS
[04:54:11] [273/459] VIGK
[04:54:11] [274/459] ANST
[04:54:12] [275/459] JTTS
[04:54:13] [276/459] NTST
[04:54:13] [277/459] PREB
[04:54:14] [278/459] TSCZ
[04:54:14] [279/459] CDCM
[04:54:15] [280/459] ELYE
[04:54:15] [281/459] INBS
[04:54:16] [282/459] SMGC
[04:54:16] [283/459] UTMP
[04:54:17] [284/459] INTA
[04:54:17] [285/459] OMPT
[04:54:18] [286/459] SCIR
[04:54:19] [287/459] GCKJ
[04:54:19] [288/459] INOG
[04:54:20] [289/459] SMGB
[04:54:20] [290/459] MCSG
[04:54:21] [291/459] STKG
[04:54:21] [292/459] TTKG
[04:54:22] [293/459] SRTR
[04:54:22] [294/459] ETTR
[04:54:23] [295/459] GGGZ
[04:54:23] [296/459] IPGM
[04:54:24] [297/459] FCDH
[04:54:25] [298/459] DESB
[04:54:25] [299/459] VNTP
[04:54:26] [300/459] ANNT
[04:54:26] [301/459] SLTI
[04:54:27] [302/459] MAJU
[04:54:27] [303/459] JCXP
[04:54:28] [304/459] HARK
[04:54:29] [305/459] JPCJ
[04:54:29] [306/459] RXBD
[04:54:30] [307/459] PTKJ
[04:54:30] [308/459] CMTU
[04:54:31] [309/459] SWOR
[04:54:31] [310/459] JMEX
[04:54:32] [311/459] DTPT
[04:54:32] [312/459] VGMM
[04:54:33] [313/459] VCSG
[04:54:34] [314/459] CVCG
[04:54:34] [315/459] TNTT
[04:54:35] [316/459] SHRM
[04:54:35] [317/459] CGKD
[04:54:36] [318/459] EKCM
[04:54:37] [319/459] SDCX
[04:54:37] [320/459] SBTE
[04:54:38] [321/459] STKJ
[04:54:38] [322/459] TPCE
[04:54:39] [323/459] JTNP
[04:54:39] [324/459] LPCH
[04:54:40] [325/459] CPUO
[04:54:40] [326/459] APSU
[04:54:41] [327/459] RTHC
[04:54:42] [328/459] PTBU
[04:54:42] [329/459] CUCC
[04:54:43] [330/459] CPSA
[04:54:43] [331/459] SUAY
[04:54:44] [332/459] AYAA
[04:54:44] [333/459] MUCH
[04:54:45] [334/459] PCIN
[04:54:45] [335/459] JRRM
[04:54:46] [336/459] KATS
[04:54:46] [337/459] MHFF
[04:54:47] [338/459] ESYM
[04:54:47] [339/459] STYV
[04:54:48] [340/459] SDKG
[04:54:49] [341/459] SMTI
[04:54:49] [342/459] NYCS
[04:54:50] [343/459] MTBG
[04:54:50] [344/459] RHCA
[04:54:51] [345/459] PCKH
[04:54:52] [346/459] ARCR
[04:54:52] [347/459] NCMB
[04:54:53] [348/459] SHYC
[04:54:53] [349/459] LACK
[04:54:54] [350/459] MTCM
[04:54:54] [351/459] RRBN
[04:54:55] [352/459] MYDC
[04:54:55] [353/459] STCS
[04:54:56] [354/459] CONN
[04:54:56] [355/459] SIPS
[04:54:57] [356/459] SMMX
[04:54:58] [357/459] SCBY
[04:54:58] [358/459] SUAP
[04:54:59] [359/459] RSMK
[04:54:59] [360/459] STKP
[04:55:00] [361/459] CIPC
[04:55:01] [362/459] KKCI
[04:55:01] [363/459] CTNK
[04:55:02] [364/459] MMTZ
[04:55:02] [365/459] DCCO
[04:55:03] [366/459] VNMN
[04:55:04] [367/459] RLCN
[04:55:04] [368/459] CMMS
[04:55:05] [369/459] AYOU
[04:55:05] [370/459] SSCN
[04:55:06] [371/459] SMXN
[04:55:06] [372/459] ASSK
[04:55:07] [373/459] VCKM
[04:55:07] [374/459] PCPH
[04:55:08] [375/459] PADM
[04:55:09] [376/459] IESA
[04:55:09] [377/459] VCSP
[04:55:10] [378/459] AEST
[04:55:10] [379/459] VTNR
[04:55:11] [380/459] GTTA
[04:55:12] [381/459] CMMM
[04:55:12] [382/459] AHKT
[04:55:13] [383/459] SIJI
[04:55:14] [384/459] VCEI
[04:55:15] [385/459] SAKR
[04:55:15] [386/459] VSMT
[04:55:16] [387/459] SSCT
[04:55:16] [388/459] USTR
[04:55:17] [389/459] MTKT
[04:55:18] [390/459] TGMP
[04:55:18] [391/459] SIVC
[04:55:19] [392/459] KICT
[04:55:19] [393/459] DAMD
[04:55:20] [394/459] CNPT
[04:55:20] [395/459] RVTT
[04:55:21] [396/459] SNCM
[04:55:22] [397/459] GHTE
[04:55:22] [398/459] PPAM
[04:55:23] [399/459] PVAA
[04:55:23] [400/459] CPAO
[04:55:24] [401/459] HAMD
[04:55:25] [402/459] RCCA
[04:55:25] [403/459] MPCH
[04:55:26] [404/459] ARED
[04:55:26] [405/459] RRCV
[04:55:27] [406/459] MTRB
[04:55:27] [407/459] CKUA
[04:55:28] [408/459] ABMP
[04:55:28] [409/459] RCWA
[04:55:29] [410/459] CGAR
[04:55:30] [411/459] METH
[04:55:30] [412/459] WAGA
[04:55:31] [413/459] MCMA
[04:55:32] [414/459] CSMP
[04:55:32] [415/459] RCNK
[04:55:33] [416/459] PSTM
[04:55:33] [417/459] CSEP
[04:55:34] [418/459] AMGD
[04:55:35] [419/459] CSTE
[04:55:35] [420/459] CONS
[04:55:36] [421/459] APPX
[04:55:37] [422/459] MABC
[04:55:37] [423/459] CXST
[04:55:38] [424/459] MATN
[04:55:38] [425/459] MACZ
[04:55:39] [426/459] MASA
[04:55:39] [427/459] MBSX
[04:55:40] [428/459] CSST
[04:55:40] [429/459] APCL
[04:55:41] [430/459] CGOS
[04:55:41] [431/459] CPEC
[04:55:42] [432/459] MCCP
[04:55:43] [433/459] BSSO
[04:55:43] [434/459] SJKA
[04:55:44] [435/459] CGBO
[04:55:44] [436/459] MVSK
[04:55:45] [437/459] HVCA
[04:55:45] [438/459] NAMD
[04:55:46] [439/459] DEVI
[04:55:46] [440/459] SCSV
[04:55:47] [441/459] PSMA
[04:55:48] [442/459] CLDJ
[04:55:48] [443/459] NMAD
[04:55:49] [444/459] CGMO
[04:55:49] [445/459] MCNA
[04:55:50] [446/459] OCBN
[04:55:51] [447/459] CPEM
[04:55:51] [448/459] CPSM
[04:55:52] [449/459] RCAD
[04:55:52] [450/459] CPMU
[04:55:53] [451/459] DICD
[04:55:53] [452/459] CHOE
[04:55:54] [453/459] PDJM
[04:55:54] [454/459] SSTU
[04:55:55] [455/459] VNRN
[04:55:55] [456/459] PVLG
[04:55:56] [457/459] SWBL
[04:55:57] [458/459] SCAB
[04:55:57] [459/459] RDDA
[04:55:58] 🧹 Deduping shows
[04:55:58] ✅ DONE | Shows=833 | Movies=61
[11:59:46] 🚀 SCRIPT STARTED
[11:59:46] [1/459] MCCZ
[11:59:46] 🧠 New identity created
[11:59:47] [2/459] FRPU
[11:59:48] [3/459] SKSI
[11:59:49] [4/459] SSCK
[11:59:50] [5/459] SRDC
[11:59:51] [6/459] RSCZ
[11:59:52] [7/459] PRVT
[11:59:52] [8/459] GAGJ
[11:59:54] [9/459] SMHG
[11:59:55] [10/459] JTST
[11:59:56] [11/459] MYTH
[11:59:57] [12/459] JPCC
[11:59:58] [13/459] ACDC
[11:59:58] [14/459] SVFP
[11:59:59] [15/459] SFCM
[12:00:00] [16/459] RUPK
[12:00:01] [17/459] NTCR
[12:00:02] [18/459] RTCH
[12:00:02] [19/459] SCMH
[12:00:03] [20/459] SVYM
[12:00:05] [21/459] SPYM
[12:00:06] [22/459] SMMF
[12:00:07] [23/459] CLLB
[12:00:07] [24/459] FMCB
[12:00:08] [25/459] BBTC
[12:00:09] [26/459] NTHS
[12:00:10] [27/459] PKKJ
[12:00:11] [28/459] MTJA
[12:00:11] [29/459] PMSJ
[12:00:12] [30/459] JMJU
[12:00:13] [31/459] SRAD
[12:00:14] [32/459] MJMC
[12:00:15] [33/459] DFRM
[12:00:15] [34/459] PMRS
[12:00:16] [35/459] RKPP
[12:00:18] [36/459] BMBK
[12:00:18] [37/459] NEWS
[12:00:19] [38/459] SALB
[12:00:20] [39/459] SCPW
[12:00:21] [40/459] RAYL
[12:00:22] [41/459] CMGJ
[12:00:23] [42/459] JRCR
[12:00:23] [43/459] SRTB
[12:00:24] [44/459] ETPB
[12:00:25] [45/459] MXBN
[12:00:27] [46/459] TOPE
[12:00:27] [47/459] SNLJ
[12:00:28] [48/459] CDDP
[12:00:30] [49/459] APCX
[12:00:31] [50/459] TALP
[12:00:32] [51/459] RRMP
[12:00:33] [52/459] MAHB
[12:00:34] [53/459] MTKR
[12:00:35] [54/459] KSKL
[12:00:36] [55/459] RJLT
[12:00:37] [56/459] ATAS
[12:00:38] [57/459] AMHR
[12:00:38] [58/459] RSRM
[12:00:39] [59/459] GCAT
[12:00:40] [60/459] SMML
[12:00:41] [61/459] ACCD
[12:00:42] [62/459] VYDA
[12:00:43] [63/459] MSKT
[12:00:43] [64/459] AVDM
[12:00:44] [65/459] ASMH
[12:00:45] [66/459] VTMB
[12:00:46] [67/459] WVMB
[12:00:47] [68/459] PPMN
[12:00:48] [69/459] MTMD
[12:00:49] [70/459] SMMO
[12:00:50] [71/459] DLPB
[12:00:51] [72/459] AKMD
[12:00:52] [73/459] SHRR
[12:00:53] [74/459] ASCO
[12:00:54] [75/459] CZVX
[12:00:54] [76/459] GCBB
[12:00:55] [77/459] ATBM
[12:00:56] [78/459] TCGM
[12:00:57] [79/459] UMSE
[12:00:58] [80/459] NKCL
[12:00:58] [81/459] BTLR
[12:00:59] [82/459] GOCL
[12:01:00] [83/459] MIRN
[12:01:01] [84/459] THEC
[12:01:02] [85/459] SPPB
[12:01:03] [86/459] PMMM
[12:01:04] [87/459] GGMC
[12:01:05] [88/459] AVSR
[12:01:06] [89/459] RDMH
[12:01:07] [90/459] JSRS
[12:01:08] [91/459] VKGP
[12:01:09] [92/459] ACRT
[12:01:09] [93/459] GCBA
[12:01:10] [94/459] GTCP
[12:01:11] [95/459] AKFC
[12:01:12] [96/459] INCS
[12:01:13] [97/459] SMCK
[12:01:14] [98/459] BRUN
[12:01:15] [99/459] RPPC
[12:01:16] [100/459] PAYD
[12:01:16] [101/459] SVVT
[12:01:17] [102/459] RNCC
[12:01:18] [103/459] PCRC
[12:01:19] [104/459] PMRM
[12:01:20] [105/459] CCRP
[12:01:21] [106/459] INCR
[12:01:22] [107/459] ZTMP
[12:01:23] [108/459] MCNR
[12:01:24] [109/459] INRP
[12:01:25] [110/459] STRC
[12:01:26] [111/459] RATI
[12:01:27] [112/459] PBTR
[12:01:28] [113/459] CMHP
[12:01:29] [114/459] ZECJ
[12:01:30] [115/459] CCCB
[12:01:31] [116/459] BWCB
[12:01:32] [117/459] CCAT
[12:01:33] [118/459] KGCM
[12:01:34] [119/459] INPT
[12:01:35] [120/459] FNCO
[12:01:36] [121/459] SRMJ
[12:01:37] [122/459] PFSC
[12:01:37] [123/459] PBMC
[12:01:38] [124/459] KARP
[12:01:39] [125/459] KOVI
[12:01:40] [126/459] ACXL
[12:01:41] [127/459] GKCC
[12:01:41] [128/459] ASCC
[12:01:42] [129/459] SETC
[12:01:43] [130/459] KACC
[12:01:44] [131/459] KAVE
[12:01:45] [132/459] CNTC
[12:01:46] [133/459] MEEN
[12:01:46] [134/459] BMRV
[12:01:47] [135/459] SVAM
[12:01:48] [136/459] VTBP
[12:01:49] [137/459] VCKN
[12:01:49] [138/459] SGTK
[12:01:50] [139/459] RCGS
[12:01:51] [140/459] RCCB
[12:01:52] [141/459] RKSR
[12:01:53] [142/459] RKCU
[12:01:54] [143/459] GIBH
[12:01:55] [144/459] CXBS
[12:01:56] [145/459] GGCB
[12:01:56] [146/459] SCPB
[12:01:57] [147/459] AKTB
[12:01:58] [148/459] SRBU
[12:01:59] [149/459] CSSA
[12:02:00] [150/459] MYAN
[12:02:01] [151/459] EXCA
[12:02:02] [152/459] CKSA
[12:02:02] [153/459] JTNM
[12:02:03] [154/459] CXKT
[12:02:04] [155/459] NCLM
[12:02:05] [156/459] JAAD
[12:02:06] [157/459] RDCR
[12:02:06] [158/459] MEER
[12:02:07] [159/459] SIBT
[12:02:08] [160/459] PVVB
[12:02:09] [161/459] FNPN
[12:02:10] [162/459] CRPX
[12:02:11] [163/459] STET
[12:02:11] [164/459] METE
[12:02:12] [165/459] BJML
[12:02:13] [166/459] MAVT
[12:02:14] [167/459] MSRM
[12:02:15] [168/459] TJMP
[12:02:16] [169/459] MHCK
[12:02:17] [170/459] SVGP
[12:02:17] [171/459] KRRC
[12:02:18] [172/459] IMCH
[12:02:19] [173/459] CMCS
[12:02:20] [174/459] SGND
[12:02:21] [175/459] RNAT
[12:02:22] [176/459] PRTN
[12:02:23] [177/459] MPTN
[12:02:23] [178/459] ARCC
[12:02:24] [179/459] NTTE
[12:02:25] [180/459] ABND
[12:02:26] [181/459] KCSN
[12:02:27] [182/459] KCSA
[12:02:27] [183/459] DCKT
[12:02:28] [184/459] MBBR
[12:02:29] [185/459] RAMU
[12:02:30] [186/459] RACW
[12:02:30] [187/459] MCHP
[12:02:31] [188/459] TMHM
[12:02:32] [189/459] STXH
[12:02:33] [190/459] AGSG
[12:02:33] [191/459] SIRA
[12:02:34] [192/459] RCAN
[12:02:35] [193/459] CWTB
[12:02:36] [194/459] VTYM
[12:02:37] [195/459] RRPP
[12:02:37] [196/459] ASMR
[12:02:38] [197/459] RONO
[12:02:39] [198/459] MEMR
[12:02:40] [199/459] CTMR
[12:02:41] [200/459] PMTT
[12:02:41] [201/459] PSLX
[12:02:42] [202/459] IPPL
[12:02:44] [203/459] MMSG
[12:02:44] [204/459] INEL
[12:02:45] [205/459] COAC
[12:02:46] [206/459] WVLK
[12:02:47] [207/459] PPXL
[12:02:47] [208/459] PSML
[12:02:48] [209/459] FNLK
[12:02:49] [210/459] ILUM
[12:02:50] [211/459] ILCM
[12:02:50] [212/459] MSNL
[12:02:52] [213/459] VINB
[12:02:53] [214/459] SALW
[12:02:53] [215/459] PRTB
[12:02:54] [216/459] NCIL
[12:02:54] [217/459] PSUL
[12:02:56] [218/459] SCLK
[12:02:56] [219/459] ADDC
[12:02:57] [220/459] OACL
[12:02:58] [221/459] OOCF
[12:02:59] [222/459] GPMF
[12:02:59] [223/459] SSDG
[12:03:00] [224/459] SKRS
[12:03:02] [225/459] NTTP
[12:03:02] [226/459] SLTP
[12:03:03] [227/459] JTLC
[12:03:04] [228/459] POON
[12:03:04] [229/459] CCPC
[12:03:05] [230/459] DCKC
[12:03:06] [231/459] CPRT
[12:03:07] [232/459] EYHZ
[12:03:08] [233/459] ARBL
[12:03:09] [234/459] SBTB
[12:03:09] [235/459] MMCK
[12:03:10] [236/459] PLMR
[12:03:11] [237/459] BIJH
[12:03:12] [238/459] SDRT
[12:03:13] [239/459] PRDC
[12:03:14] [240/459] OMJA
[12:03:15] [241/459] VKCR
[12:03:16] [242/459] ATRT
[12:03:16] [243/459] WVRP
[12:03:17] [244/459] MVRP
[12:03:18] [245/459] FCAX
[12:03:19] [246/459] CTLC
[12:03:20] [247/459] JCHB
[12:03:21] [248/459] SELP
[12:03:22] [249/459] VCPG
[12:03:23] [250/459] ASCX
[12:03:25] [251/459] EOCS
[12:03:25] [252/459] RCPH
[12:03:26] [253/459] RJTM
[12:03:26] [254/459] SGMD
[12:03:28] [255/459] SVJT
[12:03:28] [256/459] SPPO
[12:03:29] [257/459] MNRL
[12:03:29] [258/459] KNOX
[12:03:30] [259/459] GIER
[12:03:32] [260/459] PJMS
[12:03:32] [261/459] UNSP
[12:03:33] [262/459] JETP
[12:03:34] [263/459] VTWA
[12:03:35] [264/459] SCJI
[12:03:35] [265/459] CBZZ
[12:03:36] [266/459] SDCJ
[12:03:37] [267/459] RRCC
[12:03:37] [268/459] VNKG
[12:03:38] [269/459] LKTO
[12:03:39] [270/459] PJRM
[12:03:40] [271/459] NVRM
[12:03:41] [272/459] SJCS
[12:03:42] [273/459] VIGK
[12:03:43] [274/459] ANST
[12:03:44] [275/459] JTTS
[12:03:45] [276/459] NTST
[12:03:46] [277/459] PREB
[12:03:46] [278/459] TSCZ
[12:03:47] [279/459] CDCM
[12:03:48] [280/459] ELYE
[12:03:49] [281/459] INBS
[12:03:49] [282/459] SMGC
[12:03:50] [283/459] UTMP
[12:03:51] [284/459] INTA
[12:03:51] [285/459] OMPT
[12:03:52] [286/459] SCIR
[12:03:53] [287/459] GCKJ
[12:03:54] [288/459] INOG
[12:03:55] [289/459] SMGB
[12:03:56] [290/459] MCSG
[12:03:56] [291/459] STKG
[12:03:57] [292/459] TTKG
[12:03:58] [293/459] SRTR
[12:03:59] [294/459] ETTR
[12:04:00] [295/459] GGGZ
[12:04:01] [296/459] IPGM
[12:04:01] [297/459] FCDH
[12:04:02] [298/459] DESB
[12:04:03] [299/459] VNTP
[12:04:04] [300/459] ANNT
[12:04:05] [301/459] SLTI
[12:04:05] [302/459] MAJU
[12:04:06] [303/459] JCXP
[12:04:07] [304/459] HARK
[12:04:07] [305/459] JPCJ
[12:04:08] [306/459] RXBD
[12:04:09] [307/459] PTKJ
[12:04:10] [308/459] CMTU
[12:04:11] [309/459] SWOR
[12:04:11] [310/459] JMEX
[12:04:12] [311/459] DTPT
[12:04:13] [312/459] VGMM
[12:04:14] [313/459] VCSG
[12:04:15] [314/459] CVCG
[12:04:15] [315/459] TNTT
[12:04:16] [316/459] SHRM
[12:04:17] [317/459] CGKD
[12:04:18] [318/459] EKCM
[12:04:19] [319/459] SDCX
[12:04:20] [320/459] SBTE
[12:04:22] [321/459] STKJ
[12:04:22] [322/459] TPCE
[12:04:23] [323/459] JTNP
[12:04:24] [324/459] LPCH
[12:04:25] [325/459] CPUO
[12:04:25] [326/459] APSU
[12:04:26] [327/459] RTHC
[12:04:27] [328/459] PTBU
[12:04:28] [329/459] CUCC
[12:04:29] [330/459] CPSA
[12:04:29] [331/459] SUAY
[12:04:30] [332/459] AYAA
[12:04:31] [333/459] MUCH
[12:04:32] [334/459] PCIN
[12:04:33] [335/459] JRRM
[12:04:34] [336/459] KATS
[12:04:35] [337/459] MHFF
[12:04:36] [338/459] ESYM
[12:04:37] [339/459] STYV
[12:04:37] [340/459] SDKG
[12:04:38] [341/459] SMTI
[12:04:39] [342/459] NYCS
[12:04:40] [343/459] MTBG
[12:04:41] [344/459] RHCA
[12:04:42] [345/459] PCKH
[12:04:43] [346/459] ARCR
[12:04:43] [347/459] NCMB
[12:04:45] [348/459] SHYC
[12:04:45] [349/459] LACK
[12:04:46] [350/459] MTCM
[12:04:47] [351/459] RRBN
[12:04:48] [352/459] MYDC
[12:04:49] [353/459] STCS
[12:04:50] [354/459] CONN
[12:04:51] [355/459] SIPS
[12:04:52] [356/459] SMMX
[12:04:53] [357/459] SCBY
[12:04:53] [358/459] SUAP
[12:04:54] [359/459] RSMK
[12:04:55] [360/459] STKP
[12:04:56] [361/459] CIPC
[12:04:57] [362/459] KKCI
[12:04:58] [363/459] CTNK
[12:04:58] [364/459] MMTZ
[12:04:59] [365/459] DCCO
[12:05:00] [366/459] VNMN
[12:05:01] [367/459] RLCN
[12:05:02] [368/459] CMMS
[12:05:03] [369/459] AYOU
[12:05:04] [370/459] SSCN
[12:05:04] [371/459] SMXN
[12:05:05] [372/459] ASSK
[12:05:06] [373/459] VCKM
[12:05:07] [374/459] PCPH
[12:05:08] [375/459] PADM
[12:05:08] [376/459] IESA
[12:05:09] [377/459] VCSP
[12:05:10] [378/459] AEST
[12:05:11] [379/459] VTNR
[12:05:12] [380/459] GTTA
[12:05:12] [381/459] CMMM
[12:05:13] [382/459] AHKT
[12:05:14] [383/459] SIJI
[12:05:15] [384/459] VCEI
[12:05:15] [385/459] SAKR
[12:05:16] [386/459] VSMT
[12:05:17] [387/459] SSCT
[12:05:19] [388/459] USTR
[12:05:19] [389/459] MTKT
[12:05:20] [390/459] TGMP
[12:05:22] [391/459] SIVC
[12:05:22] [392/459] KICT
[12:05:23] [393/459] DAMD
[12:05:24] [394/459] CNPT
[12:05:24] [395/459] RVTT
[12:05:25] [396/459] SNCM
[12:05:26] [397/459] GHTE
[12:05:27] [398/459] PPAM
[12:05:28] [399/459] PVAA
[12:05:29] [400/459] CPAO
[12:05:30] [401/459] HAMD
[12:05:31] [402/459] RCCA
[12:05:32] [403/459] MPCH
[12:05:32] [404/459] ARED
[12:05:33] [405/459] RRCV
[12:05:34] [406/459] MTRB
[12:05:35] [407/459] CKUA
[12:05:36] [408/459] ABMP
[12:05:37] [409/459] RCWA
[12:05:37] [410/459] CGAR
[12:05:38] [411/459] METH
[12:05:39] [412/459] WAGA
[12:05:40] [413/459] MCMA
[12:05:41] [414/459] CSMP
[12:05:42] [415/459] RCNK
[12:05:42] [416/459] PSTM
[12:05:43] [417/459] CSEP
[12:05:44] [418/459] AMGD
[12:05:45] [419/459] CSTE
[12:05:46] [420/459] CONS
[12:05:46] [421/459] APPX
[12:05:47] [422/459] MABC
[12:05:48] [423/459] CXST
[12:05:49] [424/459] MATN
[12:05:50] [425/459] MACZ
[12:05:51] [426/459] MASA
[12:05:52] [427/459] MBSX
[12:05:52] [428/459] CSST
[12:05:53] [429/459] APCL
[12:05:54] [430/459] CGOS
[12:05:55] [431/459] CPEC
[12:05:55] [432/459] MCCP
[12:05:56] [433/459] BSSO
[12:05:58] [434/459] SJKA
[12:05:58] [435/459] CGBO
[12:05:59] [436/459] MVSK
[12:06:00] [437/459] HVCA
[12:06:01] [438/459] NAMD
[12:06:01] [439/459] DEVI
[12:06:02] [440/459] SCSV
[12:06:03] [441/459] PSMA
[12:06:04] [442/459] CLDJ
[12:06:05] [443/459] NMAD
[12:06:06] [444/459] CGMO
[12:06:06] [445/459] MCNA
[12:06:07] [446/459] OCBN
[12:06:08] [447/459] CPEM
[12:06:09] [448/459] CPSM
[12:06:09] [449/459] RCAD
[12:06:10] [450/459] CPMU
[12:06:11] [451/459] DICD
[12:06:12] [452/459] CHOE
[12:06:12] [453/459] PDJM
[12:06:13] [454/459] SSTU
[12:06:14] [455/459] VNRN
[12:06:15] [456/459] PVLG
[12:06:16] [457/459] SWBL
[12:06:17] [458/459] SCAB
[12:06:17] [459/459] RDDA
[12:06:18] 🧹 Deduping shows
[12:06:18] ✅ DONE | Shows=819 | Movies=60
[19:06:20] 🚀 SCRIPT STARTED
[19:06:20] [1/459] MCCZ
[19:06:21] 🧠 New identity created
[19:06:21] [2/459] FRPU
[19:06:23] [3/459] SKSI
[19:06:24] [4/459] SSCK
[19:06:26] [5/459] SRDC
[19:06:27] [6/459] RSCZ
[19:06:27] [7/459] PRVT
[19:06:28] [8/459] GAGJ
[19:06:29] [9/459] SMHG
[19:06:30] [10/459] JTST
[19:06:31] [11/459] MYTH
[19:06:31] [12/459] JPCC
[19:06:32] [13/459] ACDC
[19:06:33] [14/459] SVFP
[19:06:34] [15/459] SFCM
[19:06:35] [16/459] RUPK
[19:06:36] [17/459] NTCR
[19:06:37] [18/459] RTCH
[19:06:37] [19/459] SCMH
[19:06:38] [20/459] SVYM
[19:06:39] [21/459] SPYM
[19:06:40] [22/459] SMMF
[19:06:41] [23/459] CLLB
[19:06:42] [24/459] FMCB
[19:06:43] [25/459] BBTC
[19:06:44] [26/459] NTHS
[19:06:44] [27/459] PKKJ
[19:06:45] [28/459] MTJA
[19:06:46] [29/459] PMSJ
[19:06:47] [30/459] JMJU
[19:06:48] [31/459] SRAD
[19:06:48] [32/459] MJMC
[19:06:49] [33/459] DFRM
[19:06:50] [34/459] PMRS
[19:06:51] [35/459] RKPP
[19:06:52] [36/459] BMBK
[19:06:53] [37/459] NEWS
[19:06:54] [38/459] SALB
[19:06:55] [39/459] SCPW
[19:06:56] [40/459] RAYL
[19:06:57] [41/459] CMGJ
[19:06:58] [42/459] JRCR
[19:06:59] [43/459] SRTB
[19:07:00] [44/459] ETPB
[19:07:02] [45/459] MXBN
[19:07:02] [46/459] TOPE
[19:07:03] [47/459] SNLJ
[19:07:04] [48/459] CDDP
[19:07:05] [49/459] APCX
[19:07:06] [50/459] TALP
[19:07:08] [51/459] RRMP
[19:07:09] [52/459] MAHB
[19:07:10] [53/459] MTKR
[19:07:11] [54/459] KSKL
[19:07:12] [55/459] RJLT
[19:07:12] [56/459] ATAS
[19:07:13] [57/459] AMHR
[19:07:14] [58/459] RSRM
[19:07:15] [59/459] GCAT
[19:07:16] [60/459] SMML
[19:07:17] [61/459] ACCD
[19:07:18] [62/459] VYDA
[19:07:19] [63/459] MSKT
[19:07:20] [64/459] AVDM
[19:07:21] [65/459] ASMH
[19:07:22] [66/459] VTMB
[19:07:23] [67/459] WVMB
[19:07:23] [68/459] PPMN
[19:07:24] [69/459] MTMD
[19:07:25] [70/459] SMMO
[19:07:26] [71/459] DLPB
[19:07:27] [72/459] AKMD
[19:07:28] [73/459] SHRR
[19:07:29] [74/459] ASCO
[19:07:30] [75/459] CZVX
[19:07:30] [76/459] GCBB
[19:07:31] [77/459] ATBM
[19:07:32] [78/459] TCGM
[19:07:33] [79/459] UMSE
[19:07:34] [80/459] NKCL
[19:07:35] [81/459] BTLR
[19:07:35] [82/459] GOCL
[19:07:37] [83/459] MIRN
[19:07:38] [84/459] THEC
[19:07:39] [85/459] SPPB
[19:07:39] [86/459] PMMM
[19:07:40] [87/459] GGMC
[19:07:41] [88/459] AVSR
[19:07:42] [89/459] RDMH
[19:07:43] [90/459] JSRS
[19:07:44] [91/459] VKGP
[19:07:44] [92/459] ACRT
[19:07:45] [93/459] GCBA
[19:07:46] [94/459] GTCP
[19:07:47] [95/459] AKFC
[19:07:47] [96/459] INCS
[19:07:49] [97/459] SMCK
[19:07:50] [98/459] BRUN
[19:07:50] [99/459] RPPC
[19:07:51] [100/459] PAYD
[19:07:52] [101/459] SVVT
[19:07:53] [102/459] RNCC
[19:07:54] [103/459] PCRC
[19:07:55] [104/459] PMRM
[19:07:55] [105/459] CCRP
[19:07:57] [106/459] INCR
[19:07:58] [107/459] ZTMP
[19:07:58] [108/459] MCNR
[19:08:00] [109/459] INRP
[19:08:01] [110/459] STRC
[19:08:03] [111/459] RATI
[19:08:04] [112/459] PBTR
[19:08:04] [113/459] CMHP
[19:08:05] [114/459] ZECJ
[19:08:07] [115/459] CCCB
[19:08:07] [116/459] BWCB
[19:08:08] [117/459] CCAT
[19:08:09] [118/459] KGCM
[19:08:10] [119/459] INPT
[19:08:11] [120/459] FNCO
[19:08:13] [121/459] SRMJ
[19:08:14] [122/459] PFSC
[19:08:15] [123/459] PBMC
[19:08:16] [124/459] KARP
[19:08:16] [125/459] KOVI
[19:08:17] [126/459] ACXL
[19:08:18] [127/459] GKCC
[19:08:19] [128/459] ASCC
[19:08:20] [129/459] SETC
[19:08:21] [130/459] KACC
[19:08:22] [131/459] KAVE
[19:08:23] [132/459] CNTC
[19:08:24] [133/459] MEEN
[19:08:25] [134/459] BMRV
[19:08:26] [135/459] SVAM
[19:08:27] [136/459] VTBP
[19:08:28] [137/459] VCKN
[19:08:29] [138/459] SGTK
[19:08:29] [139/459] RCGS
[19:08:30] [140/459] RCCB
[19:08:31] [141/459] RKSR
[19:08:32] [142/459] RKCU
[19:08:33] [143/459] GIBH
[19:08:33] [144/459] CXBS
[19:08:35] [145/459] GGCB
[19:08:36] [146/459] SCPB
[19:08:37] [147/459] AKTB
[19:08:38] [148/459] SRBU
[19:08:39] [149/459] CSSA
[19:08:40] [150/459] MYAN
[19:08:41] [151/459] EXCA
[19:08:43] [152/459] CKSA
[19:08:43] [153/459] JTNM
[19:08:44] [154/459] CXKT
[19:08:45] [155/459] NCLM
[19:08:47] [156/459] JAAD
[19:08:47] [157/459] RDCR
[19:08:48] [158/459] MEER
[19:08:49] [159/459] SIBT
[19:08:50] [160/459] PVVB
[19:08:51] [161/459] FNPN
[19:08:52] [162/459] CRPX
[19:08:53] [163/459] STET
[19:08:53] [164/459] METE
[19:08:54] [165/459] BJML
[19:08:55] [166/459] MAVT
[19:08:56] [167/459] MSRM
[19:08:57] [168/459] TJMP
[19:08:58] [169/459] MHCK
[19:08:59] [170/459] SVGP
[19:09:00] [171/459] KRRC
[19:09:01] [172/459] IMCH
[19:09:02] [173/459] CMCS
[19:09:03] [174/459] SGND
[19:09:03] [175/459] RNAT
[19:09:04] [176/459] PRTN
[19:09:05] [177/459] MPTN
[19:09:06] [178/459] ARCC
[19:09:07] [179/459] NTTE
[19:09:08] [180/459] ABND
[19:09:09] [181/459] KCSN
[19:09:10] [182/459] KCSA
[19:09:10] [183/459] DCKT
[19:09:11] [184/459] MBBR
[19:09:12] [185/459] RAMU
[19:09:13] [186/459] RACW
[19:09:14] [187/459] MCHP
[19:09:14] [188/459] TMHM
[19:09:15] [189/459] STXH
[19:09:16] [190/459] AGSG
[19:09:17] [191/459] SIRA
[19:09:19] [192/459] RCAN
[19:09:20] [193/459] CWTB
[19:09:20] [194/459] VTYM
[19:09:21] [195/459] RRPP
[19:09:22] [196/459] ASMR
[19:09:23] [197/459] RONO
[19:09:24] [198/459] MEMR
[19:09:25] [199/459] CTMR
[19:09:26] [200/459] PMTT
[19:09:27] [201/459] PSLX
[19:09:28] [202/459] IPPL
[19:09:29] [203/459] MMSG
[19:09:30] [204/459] INEL
[19:09:31] [205/459] COAC
[19:09:32] [206/459] WVLK
[19:09:33] [207/459] PPXL
[19:09:34] [208/459] PSML
[19:09:34] [209/459] FNLK
[19:09:36] [210/459] ILUM
[19:09:37] [211/459] ILCM
[19:09:38] [212/459] MSNL
[19:09:40] [213/459] VINB
[19:09:41] [214/459] SALW
[19:09:42] [215/459] PRTB
[19:09:42] [216/459] NCIL
[19:09:43] [217/459] PSUL
[19:09:44] [218/459] SCLK
[19:09:45] [219/459] ADDC
[19:09:46] [220/459] OACL
[19:09:46] [221/459] OOCF
[19:09:47] [222/459] GPMF
[19:09:48] [223/459] SSDG
[19:09:49] [224/459] SKRS
[19:09:50] [225/459] NTTP
[19:09:51] [226/459] SLTP
[19:09:51] [227/459] JTLC
[19:09:53] [228/459] POON
[19:09:53] [229/459] CCPC
[19:09:54] [230/459] DCKC
[19:09:55] [231/459] CPRT
[19:09:56] [232/459] EYHZ
[19:09:58] [233/459] ARBL
[19:09:59] [234/459] SBTB
[19:09:59] [235/459] MMCK
[19:10:00] [236/459] PLMR
[19:10:01] [237/459] BIJH
[19:10:02] [238/459] SDRT
[19:10:03] [239/459] PRDC
[19:10:05] [240/459] OMJA
[19:10:05] [241/459] VKCR
[19:10:06] [242/459] ATRT
[19:10:07] [243/459] WVRP
[19:10:08] [244/459] MVRP
[19:10:09] [245/459] FCAX
[19:10:10] [246/459] CTLC
[19:10:11] [247/459] JCHB
[19:10:12] [248/459] SELP
[19:10:13] [249/459] VCPG
[19:10:14] [250/459] ASCX
[19:10:14] [251/459] EOCS
[19:10:15] [252/459] RCPH
[19:10:16] [253/459] RJTM
[19:10:17] [254/459] SGMD
[19:10:18] [255/459] SVJT
[19:10:19] [256/459] SPPO
[19:10:20] [257/459] MNRL
[19:10:21] [258/459] KNOX
[19:10:22] [259/459] GIER
[19:10:22] [260/459] PJMS
[19:10:23] [261/459] UNSP
[19:10:24] [262/459] JETP
[19:10:25] [263/459] VTWA
[19:10:26] [264/459] SCJI
[19:10:26] [265/459] CBZZ
[19:10:27] [266/459] SDCJ
[19:10:29] [267/459] RRCC
[19:10:29] [268/459] VNKG
[19:10:31] [269/459] LKTO
[19:10:32] [270/459] PJRM
[19:10:33] [271/459] NVRM
[19:10:33] [272/459] SJCS
[19:10:35] [273/459] VIGK
[19:10:37] [274/459] ANST
[19:10:37] [275/459] JTTS
[19:10:38] [276/459] NTST
[19:10:39] [277/459] PREB
[19:10:40] [278/459] TSCZ
[19:10:42] [279/459] CDCM
[19:10:43] [280/459] ELYE
[19:10:44] [281/459] INBS
[19:10:44] [282/459] SMGC
[19:10:46] [283/459] UTMP
[19:10:47] [284/459] INTA
[19:10:48] [285/459] OMPT
[19:10:49] [286/459] SCIR
[19:10:50] [287/459] GCKJ
[19:10:51] [288/459] INOG
[19:10:52] [289/459] SMGB
[19:10:53] [290/459] MCSG
[19:10:54] [291/459] STKG
[19:10:55] [292/459] TTKG
[19:10:55] [293/459] SRTR
[19:10:56] [294/459] ETTR
[19:10:57] [295/459] GGGZ
[19:10:58] [296/459] IPGM
[19:10:59] [297/459] FCDH
[19:10:59] [298/459] DESB
[19:11:00] [299/459] VNTP
[19:11:01] [300/459] ANNT
[19:11:02] [301/459] SLTI
[19:11:03] [302/459] MAJU
[19:11:04] [303/459] JCXP
[19:11:05] [304/459] HARK
[19:11:06] [305/459] JPCJ
[19:11:07] [306/459] RXBD
[19:11:07] [307/459] PTKJ
[19:11:08] [308/459] CMTU
[19:11:09] [309/459] SWOR
[19:11:10] [310/459] JMEX
[19:11:11] [311/459] DTPT
[19:11:12] [312/459] VGMM
[19:11:13] [313/459] VCSG
[19:11:14] [314/459] CVCG
[19:11:15] [315/459] TNTT
[19:11:16] [316/459] SHRM
[19:11:17] [317/459] CGKD
[19:11:18] [318/459] EKCM
[19:11:19] [319/459] SDCX
[19:11:20] [320/459] SBTE
[19:11:21] [321/459] STKJ
[19:11:22] [322/459] TPCE
[19:11:23] [323/459] JTNP
[19:11:24] [324/459] LPCH
[19:11:25] [325/459] CPUO
[19:11:26] [326/459] APSU
[19:11:27] [327/459] RTHC
[19:11:28] [328/459] PTBU
[19:11:30] [329/459] CUCC
[19:11:31] [330/459] CPSA
[19:11:32] [331/459] SUAY
[19:11:33] [332/459] AYAA
[19:11:34] [333/459] MUCH
[19:11:34] [334/459] PCIN
[19:11:35] [335/459] JRRM
[19:11:36] [336/459] KATS
[19:11:37] [337/459] MHFF
[19:11:38] [338/459] ESYM
[19:11:39] [339/459] STYV
[19:11:39] [340/459] SDKG
[19:11:41] [341/459] SMTI
[19:11:42] [342/459] NYCS
[19:11:43] [343/459] MTBG
[19:11:44] [344/459] RHCA
[19:11:45] [345/459] PCKH
[19:11:45] [346/459] ARCR
[19:11:46] [347/459] NCMB
[19:11:47] [348/459] SHYC
[19:11:48] [349/459] LACK
[19:11:48] [350/459] MTCM
[19:11:49] [351/459] RRBN
[19:11:50] [352/459] MYDC
[19:11:51] [353/459] STCS
[19:11:52] [354/459] CONN
[19:11:53] [355/459] SIPS
[19:11:54] [356/459] SMMX
[19:11:55] [357/459] SCBY
[19:11:56] [358/459] SUAP
[19:11:57] [359/459] RSMK
[19:11:58] [360/459] STKP
[19:12:00] [361/459] CIPC
[19:12:01] [362/459] KKCI
[19:12:02] [363/459] CTNK
[19:12:02] [364/459] MMTZ
[19:12:03] [365/459] DCCO
[19:12:04] [366/459] VNMN
[19:12:05] [367/459] RLCN
[19:12:05] [368/459] CMMS
[19:12:06] [369/459] AYOU
[19:12:07] [370/459] SSCN
[19:12:08] [371/459] SMXN
[19:12:09] [372/459] ASSK
[19:12:10] [373/459] VCKM
[19:12:11] [374/459] PCPH
[19:12:11] [375/459] PADM
[19:12:12] [376/459] IESA
[19:12:13] [377/459] VCSP
[19:12:15] [378/459] AEST
[19:12:15] [379/459] VTNR
[19:12:16] [380/459] GTTA
[19:12:17] [381/459] CMMM
[19:12:18] [382/459] AHKT
[19:12:18] [383/459] SIJI
[19:12:19] [384/459] VCEI
[19:12:20] [385/459] SAKR
[19:12:21] [386/459] VSMT
[19:12:22] [387/459] SSCT
[19:12:23] [388/459] USTR
[19:12:24] [389/459] MTKT
[19:12:25] [390/459] TGMP
[19:12:26] [391/459] SIVC
[19:12:26] [392/459] KICT
[19:12:28] [393/459] DAMD
[19:12:29] [394/459] CNPT
[19:12:30] [395/459] RVTT
[19:12:31] [396/459] SNCM
[19:12:31] [397/459] GHTE
[19:12:32] [398/459] PPAM
[19:12:34] [399/459] PVAA
[19:12:35] [400/459] CPAO
[19:12:36] [401/459] HAMD
[19:12:37] [402/459] RCCA
[19:12:38] [403/459] MPCH
[19:12:39] [404/459] ARED
[19:12:39] [405/459] RRCV
[19:12:40] [406/459] MTRB
[19:12:41] [407/459] CKUA
[19:12:42] [408/459] ABMP
[19:12:43] [409/459] RCWA
[19:12:44] [410/459] CGAR
[19:12:45] [411/459] METH
[19:12:46] [412/459] WAGA
[19:12:47] [413/459] MCMA
[19:12:47] [414/459] CSMP
[19:12:48] [415/459] RCNK
[19:12:49] [416/459] PSTM
[19:12:50] [417/459] CSEP
[19:12:51] [418/459] AMGD
[19:12:52] [419/459] CSTE
[19:12:53] [420/459] CONS
[19:12:54] [421/459] APPX
[19:12:55] [422/459] MABC
[19:12:56] [423/459] CXST
[19:12:57] [424/459] MATN
[19:12:58] [425/459] MACZ
[19:12:59] [426/459] MASA
[19:13:00] [427/459] MBSX
[19:13:01] [428/459] CSST
[19:13:02] [429/459] APCL
[19:13:03] [430/459] CGOS
[19:13:04] [431/459] CPEC
[19:13:05] [432/459] MCCP
[19:13:06] [433/459] BSSO
[19:13:07] [434/459] SJKA
[19:13:09] [435/459] CGBO
[19:13:11] [436/459] MVSK
[19:13:12] [437/459] HVCA
[19:13:13] [438/459] NAMD
[19:13:14] [439/459] DEVI
[19:13:15] [440/459] SCSV
[19:13:16] [441/459] PSMA
[19:13:17] [442/459] CLDJ
[19:13:18] [443/459] NMAD
[19:13:19] [444/459] CGMO
[19:13:20] [445/459] MCNA
[19:13:21] [446/459] OCBN
[19:13:22] [447/459] CPEM
[19:13:22] [448/459] CPSM
[19:13:24] [449/459] RCAD
[19:13:25] [450/459] CPMU
[19:13:26] [451/459] DICD
[19:13:27] [452/459] CHOE
[19:13:28] [453/459] PDJM
[19:13:28] [454/459] SSTU
[19:13:29] [455/459] VNRN
[19:13:30] [456/459] PVLG
[19:13:31] [457/459] SWBL
[19:13:32] [458/459] SCAB
[19:13:34] [459/459] RDDA
[19:13:35] 🧹 Deduping shows
[19:13:35] ✅ DONE | Shows=1287 | Movies=66
[21:53:19] 🚀 SCRIPT STARTED
[21:53:19] [1/459] MCCZ
[21:53:19] 🧠 New identity created
[21:53:20] [2/459] FRPU
[21:53:21] [3/459] SKSI
[21:53:22] [4/459] SSCK
[21:53:23] [5/459] SRDC
[21:53:24] [6/459] RSCZ
[21:53:25] [7/459] PRVT
[21:53:26] [8/459] GAGJ
[21:53:27] [9/459] SMHG
[21:53:28] [10/459] JTST
[21:53:28] [11/459] MYTH
[21:53:29] [12/459] JPCC
[21:53:30] [13/459] ACDC
[21:53:31] [14/459] SVFP
[21:53:32] [15/459] SFCM
[21:53:33] [16/459] RUPK
[21:53:34] [17/459] NTCR
[21:53:34] [18/459] RTCH
[21:53:35] [19/459] SCMH
[21:53:36] [20/459] SVYM
[21:53:37] [21/459] SPYM
[21:53:38] [22/459] SMMF
[21:53:39] [23/459] CLLB
[21:53:40] [24/459] FMCB
[21:53:40] [25/459] BBTC
[21:53:41] [26/459] NTHS
[21:53:42] [27/459] PKKJ
[21:53:43] [28/459] MTJA
[21:53:44] [29/459] PMSJ
[21:53:45] [30/459] JMJU
[21:53:46] [31/459] SRAD
[21:53:47] [32/459] MJMC
[21:53:48] [33/459] DFRM
[21:53:48] [34/459] PMRS
[21:53:49] [35/459] RKPP
[21:53:50] [36/459] BMBK
[21:53:51] [37/459] NEWS
[21:53:52] [38/459] SALB
[21:53:53] [39/459] SCPW
[21:53:54] [40/459] RAYL
[21:53:55] [41/459] CMGJ
[21:53:56] [42/459] JRCR
[21:53:57] [43/459] SRTB
[21:53:58] [44/459] ETPB
[21:53:59] [45/459] MXBN
[21:54:00] [46/459] TOPE
[21:54:00] [47/459] SNLJ
[21:54:01] [48/459] CDDP
[21:54:02] [49/459] APCX
[21:54:03] [50/459] TALP
[21:54:04] [51/459] RRMP
[21:54:04] [52/459] MAHB
[21:54:05] [53/459] MTKR
[21:54:06] [54/459] KSKL
[21:54:07] [55/459] RJLT
[21:54:08] [56/459] ATAS
[21:54:09] [57/459] AMHR
[21:54:10] [58/459] RSRM
[21:54:10] [59/459] GCAT
[21:54:11] [60/459] SMML
[21:54:12] [61/459] ACCD
[21:54:13] [62/459] VYDA
[21:54:14] [63/459] MSKT
[21:54:15] [64/459] AVDM
[21:54:15] [65/459] ASMH
[21:54:16] [66/459] VTMB
[21:54:17] [67/459] WVMB
[21:54:18] [68/459] PPMN
[21:54:19] [69/459] MTMD
[21:54:20] [70/459] SMMO
[21:54:21] [71/459] DLPB
[21:54:22] [72/459] AKMD
[21:54:23] [73/459] SHRR
[21:54:23] [74/459] ASCO
[21:54:24] [75/459] CZVX
[21:54:26] [76/459] GCBB
[21:54:27] [77/459] ATBM
[21:54:27] [78/459] TCGM
[21:54:28] [79/459] UMSE
[21:54:29] [80/459] NKCL
[21:54:30] [81/459] BTLR
[21:54:31] [82/459] GOCL
[21:54:32] [83/459] MIRN
[21:54:33] [84/459] THEC
[21:54:34] [85/459] SPPB
[21:54:35] [86/459] PMMM
[21:54:36] [87/459] GGMC
[21:54:37] [88/459] AVSR
[21:54:37] [89/459] RDMH
[21:54:38] [90/459] JSRS
[21:54:39] [91/459] VKGP
[21:54:40] [92/459] ACRT
[21:54:41] [93/459] GCBA
[21:54:42] [94/459] GTCP
[21:54:43] [95/459] AKFC
[21:54:44] [96/459] INCS
[21:54:45] [97/459] SMCK
[21:54:45] [98/459] BRUN
[21:54:46] [99/459] RPPC
[21:54:47] [100/459] PAYD
[21:54:48] [101/459] SVVT
[21:54:48] [102/459] RNCC
[21:54:49] [103/459] PCRC
[21:54:50] [104/459] PMRM
[21:54:51] [105/459] CCRP
[21:54:52] [106/459] INCR
[21:54:52] [107/459] ZTMP
[21:54:53] [108/459] MCNR
[21:54:54] [109/459] INRP
[21:54:55] [110/459] STRC
[21:54:56] [111/459] RATI
[21:54:57] [112/459] PBTR
[21:54:57] [113/459] CMHP
[21:54:58] [114/459] ZECJ
[21:54:59] [115/459] CCCB
[21:55:00] [116/459] BWCB
[21:55:01] [117/459] CCAT
[21:55:02] [118/459] KGCM
[21:55:02] [119/459] INPT
[21:55:03] [120/459] FNCO
[21:55:04] [121/459] SRMJ
[21:55:05] [122/459] PFSC
[21:55:06] [123/459] PBMC
[21:55:06] [124/459] KARP
[21:55:07] [125/459] KOVI
[21:55:08] [126/459] ACXL
[21:55:09] [127/459] GKCC
[21:55:10] [128/459] ASCC
[21:55:10] [129/459] SETC
[21:55:11] [130/459] KACC
[21:55:12] [131/459] KAVE
[21:55:13] [132/459] CNTC
[21:55:14] [133/459] MEEN
[21:55:15] [134/459] BMRV
[21:55:15] [135/459] SVAM
[21:55:16] [136/459] VTBP
[21:55:18] [137/459] VCKN
[21:55:18] [138/459] SGTK
[21:55:19] [139/459] RCGS
[21:55:20] [140/459] RCCB
[21:55:21] [141/459] RKSR
[21:55:22] [142/459] RKCU
[21:55:23] [143/459] GIBH
[21:55:23] [144/459] CXBS
[21:55:24] [145/459] GGCB
[21:55:25] [146/459] SCPB
[21:55:26] [147/459] AKTB
[21:55:26] [148/459] SRBU
[21:55:27] [149/459] CSSA
[21:55:28] [150/459] MYAN
[21:55:29] [151/459] EXCA
[21:55:30] [152/459] CKSA
[21:55:31] [153/459] JTNM
[21:55:32] [154/459] CXKT
[21:55:33] [155/459] NCLM
[21:55:34] [156/459] JAAD
[21:55:35] [157/459] RDCR
[21:55:35] [158/459] MEER
[21:55:36] [159/459] SIBT
[21:55:37] [160/459] PVVB
[21:55:38] [161/459] FNPN
[21:55:39] [162/459] CRPX
[21:55:40] [163/459] STET
[21:55:41] [164/459] METE
[21:55:42] [165/459] BJML
[21:55:43] [166/459] MAVT
[21:55:43] [167/459] MSRM
[21:55:44] [168/459] TJMP
[21:55:45] [169/459] MHCK
[21:55:46] [170/459] SVGP
[21:55:47] [171/459] KRRC
[21:55:48] [172/459] IMCH
[21:55:49] [173/459] CMCS
[21:55:50] [174/459] SGND
[21:55:50] [175/459] RNAT
[21:55:51] [176/459] PRTN
[21:55:53] [177/459] MPTN
[21:55:53] [178/459] ARCC
[21:55:54] [179/459] NTTE
[21:55:55] [180/459] ABND
[21:55:56] [181/459] KCSN
[21:55:58] [182/459] KCSA
[21:55:58] [183/459] DCKT
[21:55:59] [184/459] MBBR
[21:56:00] [185/459] RAMU
[21:56:01] [186/459] RACW
[21:56:02] [187/459] MCHP
[21:56:02] [188/459] TMHM
[21:56:03] [189/459] STXH
[21:56:04] [190/459] AGSG
[21:56:05] [191/459] SIRA
[21:56:06] [192/459] RCAN
[21:56:07] [193/459] CWTB
[21:56:07] [194/459] VTYM
[21:56:08] [195/459] RRPP
[21:56:09] [196/459] ASMR
[21:56:10] [197/459] RONO
[21:56:10] [198/459] MEMR
[21:56:11] [199/459] CTMR
[21:56:12] [200/459] PMTT
[21:56:13] [201/459] PSLX
[21:56:14] [202/459] IPPL
[21:56:15] [203/459] MMSG
[21:56:16] [204/459] INEL
[21:56:16] [205/459] COAC
[21:56:17] [206/459] WVLK
[21:56:18] [207/459] PPXL
[21:56:19] [208/459] PSML
[21:56:20] [209/459] FNLK
[21:56:22] [210/459] ILUM
[21:56:22] [211/459] ILCM
[21:56:23] [212/459] MSNL
[21:56:24] [213/459] VINB
[21:56:25] [214/459] SALW
[21:56:26] [215/459] PRTB
[21:56:27] [216/459] NCIL
[21:56:28] [217/459] PSUL
[21:56:29] [218/459] SCLK
[21:56:30] [219/459] ADDC
[21:56:30] [220/459] OACL
[21:56:31] [221/459] OOCF
[21:56:33] [222/459] GPMF
[21:56:33] [223/459] SSDG
[21:56:34] [224/459] SKRS
[21:56:35] [225/459] NTTP
[21:56:36] [226/459] SLTP
[21:56:37] [227/459] JTLC
[21:56:38] [228/459] POON
[21:56:38] [229/459] CCPC
[21:56:39] [230/459] DCKC
[21:56:40] [231/459] CPRT
[21:56:41] [232/459] EYHZ
[21:56:42] [233/459] ARBL
[21:56:43] [234/459] SBTB
[21:56:44] [235/459] MMCK
[21:56:45] [236/459] PLMR
[21:56:45] [237/459] BIJH
[21:56:46] [238/459] SDRT
[21:56:47] [239/459] PRDC
[21:56:48] [240/459] OMJA
[21:56:49] [241/459] VKCR
[21:56:50] [242/459] ATRT
[21:56:51] [243/459] WVRP
[21:56:52] [244/459] MVRP
[21:56:53] [245/459] FCAX
[21:56:54] [246/459] CTLC
[21:56:55] [247/459] JCHB
[21:56:56] [248/459] SELP
[21:56:57] [249/459] VCPG
[21:56:58] [250/459] ASCX
[21:56:59] [251/459] EOCS
[21:57:00] [252/459] RCPH
[21:57:00] [253/459] RJTM
[21:57:01] [254/459] SGMD
[21:57:02] [255/459] SVJT
[21:57:03] [256/459] SPPO
[21:57:03] [257/459] MNRL
[21:57:05] [258/459] KNOX
[21:57:06] [259/459] GIER
[21:57:06] [260/459] PJMS
[21:57:07] [261/459] UNSP
[21:57:08] [262/459] JETP
[21:57:09] [263/459] VTWA
[21:57:11] [264/459] SCJI
[21:57:12] [265/459] CBZZ
[21:57:12] [266/459] SDCJ
[21:57:13] [267/459] RRCC
[21:57:14] [268/459] VNKG
[21:57:15] [269/459] LKTO
[21:57:16] [270/459] PJRM
[21:57:17] [271/459] NVRM
[21:57:17] [272/459] SJCS
[21:57:18] [273/459] VIGK
[21:57:19] [274/459] ANST
[21:57:20] [275/459] JTTS
[21:57:21] [276/459] NTST
[21:57:21] [277/459] PREB
[21:57:22] [278/459] TSCZ
[21:57:23] [279/459] CDCM
[21:57:24] [280/459] ELYE
[21:57:25] [281/459] INBS
[21:57:26] [282/459] SMGC
[21:57:26] [283/459] UTMP
[21:57:27] [284/459] INTA
[21:57:28] [285/459] OMPT
[21:57:29] [286/459] SCIR
[21:57:30] [287/459] GCKJ
[21:57:31] [288/459] INOG
[21:57:32] [289/459] SMGB
[21:57:33] [290/459] MCSG
[21:57:34] [291/459] STKG
[21:57:35] [292/459] TTKG
[21:57:36] [293/459] SRTR
[21:57:37] [294/459] ETTR
[21:57:38] [295/459] GGGZ
[21:57:39] [296/459] IPGM
[21:57:40] [297/459] FCDH
[21:57:41] [298/459] DESB
[21:57:42] [299/459] VNTP
[21:57:42] [300/459] ANNT
[21:57:43] [301/459] SLTI
[21:57:44] [302/459] MAJU
[21:57:45] [303/459] JCXP
[21:57:45] [304/459] HARK
[21:57:46] [305/459] JPCJ
[21:57:47] [306/459] RXBD
[21:57:48] [307/459] PTKJ
[21:57:48] [308/459] CMTU
[21:57:49] [309/459] SWOR
[21:57:50] [310/459] JMEX
[21:57:51] [311/459] DTPT
[21:57:52] [312/459] VGMM
[21:57:53] [313/459] VCSG
[21:57:54] [314/459] CVCG
[21:57:54] [315/459] TNTT
[21:57:55] [316/459] SHRM
[21:57:56] [317/459] CGKD
[21:57:57] [318/459] EKCM
[21:57:58] [319/459] SDCX
[21:57:59] [320/459] SBTE
[21:57:59] [321/459] STKJ
[21:58:00] [322/459] TPCE
[21:58:01] [323/459] JTNP
[21:58:02] [324/459] LPCH
[21:58:03] [325/459] CPUO
[21:58:05] [326/459] APSU
[21:58:05] [327/459] RTHC
[21:58:06] [328/459] PTBU
[21:58:07] [329/459] CUCC
[21:58:08] [330/459] CPSA
[21:58:09] [331/459] SUAY
[21:58:10] [332/459] AYAA
[21:58:11] [333/459] MUCH
[21:58:11] [334/459] PCIN
[21:58:12] [335/459] JRRM
[21:58:14] [336/459] KATS
[21:58:14] [337/459] MHFF
[21:58:15] [338/459] ESYM
[21:58:16] [339/459] STYV
[21:58:17] [340/459] SDKG
[21:58:18] [341/459] SMTI
[21:58:19] [342/459] NYCS
[21:58:19] [343/459] MTBG
[21:58:20] [344/459] RHCA
[21:58:21] [345/459] PCKH
[21:58:21] [346/459] ARCR
[21:58:22] [347/459] NCMB
[21:58:23] [348/459] SHYC
[21:58:24] [349/459] LACK
[21:58:24] [350/459] MTCM
[21:58:25] [351/459] RRBN
[21:58:26] [352/459] MYDC
[21:58:27] [353/459] STCS
[21:58:28] [354/459] CONN
[21:58:29] [355/459] SIPS
[21:58:29] [356/459] SMMX
[21:58:30] [357/459] SCBY
[21:58:31] [358/459] SUAP
[21:58:32] [359/459] RSMK
[21:58:33] [360/459] STKP
[21:58:34] [361/459] CIPC
[21:58:35] [362/459] KKCI
[21:58:36] [363/459] CTNK
[21:58:37] [364/459] MMTZ
[21:58:37] [365/459] DCCO
[21:58:38] [366/459] VNMN
[21:58:39] [367/459] RLCN
[21:58:40] [368/459] CMMS
[21:58:41] [369/459] AYOU
[21:58:41] [370/459] SSCN
[21:58:42] [371/459] SMXN
[21:58:43] [372/459] ASSK
[21:58:44] [373/459] VCKM
[21:58:45] [374/459] PCPH
[21:58:45] [375/459] PADM
[21:58:46] [376/459] IESA
[21:58:47] [377/459] VCSP
[21:58:48] [378/459] AEST
[21:58:48] [379/459] VTNR
[21:58:49] [380/459] GTTA
[21:58:50] [381/459] CMMM
[21:58:50] [382/459] AHKT
[21:58:51] [383/459] SIJI
[21:58:52] [384/459] VCEI
[21:58:53] [385/459] SAKR
[21:58:54] [386/459] VSMT
[21:58:54] [387/459] SSCT
[21:58:55] [388/459] USTR
[21:58:56] [389/459] MTKT
[21:58:58] [390/459] TGMP
[21:58:58] [391/459] SIVC
[21:58:59] [392/459] KICT
[21:59:00] [393/459] DAMD
[21:59:00] [394/459] CNPT
[21:59:01] [395/459] RVTT
[21:59:02] [396/459] SNCM
[21:59:03] [397/459] GHTE
[21:59:04] [398/459] PPAM
[21:59:05] [399/459] PVAA
[21:59:05] [400/459] CPAO
[21:59:06] [401/459] HAMD
[21:59:07] [402/459] RCCA
[21:59:08] [403/459] MPCH
[21:59:09] [404/459] ARED
[21:59:10] [405/459] RRCV
[21:59:10] [406/459] MTRB
[21:59:11] [407/459] CKUA
[21:59:12] [408/459] ABMP
[21:59:13] [409/459] RCWA
[21:59:14] [410/459] CGAR
[21:59:14] [411/459] METH
[21:59:15] [412/459] WAGA
[21:59:16] [413/459] MCMA
[21:59:17] [414/459] CSMP
[21:59:18] [415/459] RCNK
[21:59:19] [416/459] PSTM
[21:59:20] [417/459] CSEP
[21:59:22] [418/459] AMGD
[21:59:22] [419/459] CSTE
[21:59:23] [420/459] CONS
[21:59:24] [421/459] APPX
[21:59:25] [422/459] MABC
[21:59:26] [423/459] CXST
[21:59:27] [424/459] MATN
[21:59:27] [425/459] MACZ
[21:59:28] [426/459] MASA
[21:59:29] [427/459] MBSX
[21:59:30] [428/459] CSST
[21:59:31] [429/459] APCL
[21:59:31] [430/459] CGOS
[21:59:32] [431/459] CPEC
[21:59:33] [432/459] MCCP
[21:59:34] [433/459] BSSO
[21:59:34] [434/459] SJKA
[21:59:35] [435/459] CGBO
[21:59:36] [436/459] MVSK
[21:59:36] [437/459] HVCA
[21:59:37] [438/459] NAMD
[21:59:38] [439/459] DEVI
[21:59:39] [440/459] SCSV
[21:59:40] [441/459] PSMA
[21:59:40] [442/459] CLDJ
[21:59:42] [443/459] NMAD
[21:59:43] [444/459] CGMO
[21:59:44] [445/459] MCNA
[21:59:44] [446/459] OCBN
[21:59:45] [447/459] CPEM
[21:59:46] [448/459] CPSM
[21:59:47] [449/459] RCAD
[21:59:48] [450/459] CPMU
[21:59:48] [451/459] DICD
[21:59:49] [452/459] CHOE
[21:59:50] [453/459] PDJM
[21:59:52] [454/459] SSTU
[21:59:52] [455/459] VNRN
[21:59:53] [456/459] PVLG
[21:59:54] [457/459] SWBL
[21:59:55] [458/459] SCAB
[21:59:56] [459/459] RDDA
[21:59:57] 🧹 Deduping shows
[21:59:57] ✅ DONE | Shows=1651 | Movies=69
