[10:10:37] 🚀 SCRIPT STARTED
[10:10:37] [1/296] CDCA
[10:10:37] 🧠 New identity created
[10:10:37] [2/296] MNSR
[10:10:38] [3/296] CSSL
[10:10:39] [4/296] BGGM
[10:10:40] [5/296] MANT
[10:10:41] [6/296] SOOY
[10:10:42] [7/296] VPPK
[10:10:43] [8/296] MYHJ
[10:10:44] [9/296] KSCK
[10:10:45] [10/296] KATK
[10:10:46] [11/296] RTRT
[10:10:47] [12/296] SSTT
[10:10:48] [13/296] SSTV
[10:10:48] [14/296] LACM
[10:10:49] [15/296] SGMG
[10:10:50] [16/296] KACX
[10:10:51] [17/296] GVCP
[10:10:52] [18/296] CSNC
[10:10:53] [19/296] SXCB
[10:10:54] [20/296] BAHS
[10:10:54] [21/296] PCBI
[10:10:56] [22/296] PSSM
[10:10:57] [23/296] RCOK
[10:10:58] [24/296] SCPF
[10:10:59] [25/296] SSAS
[10:11:00] [26/296] EVMM
[10:11:00] [27/296] SYCB
[10:11:01] [28/296] GCKI
[10:11:02] [29/296] IAET
[10:11:03] [30/296] DDTD
[10:11:04] [31/296] GMDH
[10:11:05] [32/296] STLE
[10:11:06] [33/296] JTRA
[10:11:07] [34/296] RPPA
[10:11:07] [35/296] ARUT
[10:11:08] [36/296] JTVM
[10:11:09] [37/296] SWRH
[10:11:10] [38/296] DCPC
[10:11:11] [39/296] RAPR
[10:11:12] [40/296] GCRT
[10:11:13] [41/296] ATUN
[10:11:14] [42/296] LTRM
[10:11:16] [43/296] TASR
[10:11:17] [44/296] RLLC
[10:11:18] [45/296] MABI
[10:11:19] [46/296] SVHB
[10:11:19] [47/296] NVTB
[10:11:20] [48/296] KCKG
[10:11:21] [49/296] SSRN
[10:11:22] [50/296] VDDC
[10:11:23] [51/296] GKTK
[10:11:24] [52/296] YFSN
[10:11:25] [53/296] GCSG
[10:11:26] [54/296] ESSM
[10:11:28] [55/296] KRIH
[10:11:29] [56/296] GCDS
[10:11:30] [57/296] CCSH
[10:11:31] [58/296] ACSK
[10:11:32] [59/296] APRK
[10:11:33] [60/296] ADKM
[10:11:34] [61/296] SRDM
[10:11:35] [62/296] RMOG
[10:11:35] [63/296] SJMY
[10:11:36] [64/296] PGGC
[10:11:37] [65/296] INGM
[10:11:38] [66/296] LSCB
[10:11:39] [67/296] STAD
[10:11:40] [68/296] MCCR
[10:11:41] [69/296] ABCC
[10:11:42] [70/296] RKCC
[10:11:43] [71/296] RTCR
[10:11:43] [72/296] GGBC
[10:11:44] [73/296] GCSD
[10:11:45] [74/296] LPTY
[10:11:46] [75/296] MCFD
[10:11:47] [76/296] HENN
[10:11:47] [77/296] SMKU
[10:11:48] [78/296] TNZC
[10:11:49] [79/296] DRCD
[10:11:50] [80/296] DLCD
[10:11:51] [81/296] RCDA
[10:11:52] [82/296] COSM
[10:11:53] [83/296] MCMJ
[10:11:54] [84/296] CSTR
[10:11:55] [85/296] CVDK
[10:11:56] [86/296] INRR
[10:11:57] [87/296] RJRT
[10:11:58] [88/296] IRMR
[10:11:59] [89/296] SRCF
[10:11:59] [90/296] GRCR
[10:12:00] [91/296] SURC
[10:12:01] [92/296] NMNH
[10:12:02] [93/296] SVBL
[10:12:03] [94/296] KACI
[10:12:04] [95/296] TDGO
[10:12:05] [96/296] KTBR
[10:12:06] [97/296] PMAD
[10:12:07] [98/296] CCPN
[10:12:08] [99/296] SBTK
[10:12:09] [100/296] LMDK
[10:12:09] [101/296] PGDA
[10:12:10] [102/296] SRML
[10:12:11] [103/296] EVCK
[10:12:12] [104/296] RTTK
[10:12:13] [105/296] SRTU
[10:12:13] [106/296] VRSA
[10:12:14] [107/296] VARS
[10:12:15] [108/296] DSCZ
[10:12:16] [109/296] GAGA
[10:12:17] [110/296] SARV
[10:12:18] [111/296] SEEG
[10:12:19] [112/296] GLCA
[10:12:20] [113/296] APAS
[10:12:21] [114/296] VCIA
[10:12:22] [115/296] SJTA
[10:12:23] [116/296] SABM
[10:12:24] [117/296] PPAG
[10:12:24] [118/296] RVCA
[10:12:26] [119/296] CCIA
[10:12:27] [120/296] HTAG
[10:12:27] [121/296] SMBI
[10:12:28] [122/296] MCJR
[10:12:29] [123/296] CCJR
[10:12:30] [124/296] SINF
[10:12:31] [125/296] CPLX
[10:12:32] [126/296] KKTJ
[10:12:33] [127/296] GDBW
[10:12:34] [128/296] CSUB
[10:12:35] [129/296] DABA
[10:12:36] [130/296] TITR
[10:12:36] [131/296] NYCR
[10:12:37] [132/296] RTRY
[10:12:38] [133/296] JTJL
[10:12:39] [134/296] SJCP
[10:12:40] [135/296] KCCA
[10:12:41] [136/296] MLPG
[10:12:42] [137/296] VRCK
[10:12:43] [138/296] SRIN
[10:12:43] [139/296] CXMK
[10:12:44] [140/296] SKAD
[10:12:45] [141/296] AVTR
[10:12:46] [142/296] PTAJ
[10:12:47] [143/296] SCNK
[10:12:48] [144/296] STTI
[10:12:49] [145/296] KACR
[10:12:50] [146/296] SSDX
[10:12:51] [147/296] VRTJ
[10:12:52] [148/296] RAJD
[10:12:53] [149/296] SCIP
[10:12:53] [150/296] RJSL
[10:12:54] [151/296] ARRS
[10:12:55] [152/296] ASMS
[10:12:56] [153/296] RDTS
[10:12:57] [154/296] DVMY
[10:12:58] [155/296] RASA
[10:12:59] [156/296] INOM
[10:12:59] [157/296] SPRS
[10:13:00] [158/296] SGCS
[10:13:01] [159/296] SALM
[10:13:02] [160/296] PKHC
[10:13:02] [161/296] RCSV
[10:13:03] [162/296] CPKC
[10:13:04] [163/296] AACD
[10:13:05] [164/296] GGCV
[10:13:06] [165/296] SMKD
[10:13:07] [166/296] NBCH
[10:13:08] [167/296] AMCB
[10:13:09] [168/296] OPCN
[10:13:10] [169/296] DCIN
[10:13:11] [170/296] INGW
[10:13:12] [171/296] PKKW
[10:13:12] [172/296] FNGW
[10:13:14] [173/296] GCGD
[10:13:15] [174/296] MSTW
[10:13:16] [175/296] KCCG
[10:13:17] [176/296] MRSS
[10:13:18] [177/296] CLCF
[10:13:19] [178/296] EETS
[10:13:19] [179/296] AATR
[10:13:20] [180/296] CMMN
[10:13:21] [181/296] SCCJ
[10:13:22] [182/296] CDTK
[10:13:23] [183/296] AICP
[10:13:24] [184/296] FNBP
[10:13:24] [185/296] CBPB
[10:13:25] [186/296] CPAS
[10:13:26] [187/296] MAPM
[10:13:27] [188/296] PASD
[10:13:27] [189/296] JCMN
[10:13:28] [190/296] MALB
[10:13:29] [191/296] SACG
[10:13:30] [192/296] DDRX
[10:13:31] [193/296] DDXB
[10:13:32] [194/296] RAMC
[10:13:33] [195/296] SANC
[10:13:33] [196/296] BCBP
[10:13:35] [197/296] ALPC
[10:13:35] [198/296] RBAC
[10:13:36] [199/296] RAJL
[10:13:37] [200/296] MPDX
[10:13:38] [201/296] MUSC
[10:13:39] [202/296] VKMK
[10:13:40] [203/296] SKCG
[10:13:40] [204/296] ANCN
[10:13:41] [205/296] MMCJ
[10:13:42] [206/296] DCAK
[10:13:43] [207/296] SCKG
[10:13:44] [208/296] LMCK
[10:13:45] [209/296] CKKX
[10:13:46] [210/296] ANKU
[10:13:47] [211/296] CSMD
[10:13:48] [212/296] MKMP
[10:13:48] [213/296] SVBG
[10:13:49] [214/296] ROOP
[10:13:50] [215/296] GDMT
[10:13:51] [216/296] FPPF
[10:13:52] [217/296] SFUU
[10:13:52] [218/296] ANCB
[10:13:53] [219/296] SMMC
[10:13:54] [220/296] UGKT
[10:13:55] [221/296] JVRM
[10:13:56] [222/296] BATG
[10:13:57] [223/296] RATE
[10:13:58] [224/296] SKME
[10:13:58] [225/296] LMTP
[10:13:59] [226/296] TCBD
[10:14:00] [227/296] ESBD
[10:14:01] [228/296] GDCU
[10:14:02] [229/296] SNKT
[10:14:03] [230/296] SRNK
[10:14:04] [231/296] SMED
[10:14:05] [232/296] CSQS
[10:14:05] [233/296] ALCS
[10:14:06] [234/296] KCKN
[10:14:07] [235/296] VCCL
[10:14:08] [236/296] MCDA
[10:14:09] [237/296] SHMI
[10:14:10] [238/296] SKHA
[10:14:11] [239/296] SVFK
[10:14:12] [240/296] INVB
[10:14:13] [241/296] MELD
[10:14:14] [242/296] JTYS
[10:14:14] [243/296] INCM
[10:14:15] [244/296] MCDV
[10:14:16] [245/296] KSGK
[10:14:18] [246/296] ICMG
[10:14:19] [247/296] CSCV
[10:14:20] [248/296] STMD
[10:14:21] [249/296] STTR
[10:14:22] [250/296] INVC
[10:14:22] [251/296] JTBL
[10:14:23] [252/296] SRVV
[10:14:24] [253/296] MAVC
[10:14:24] [254/296] SRPP
[10:14:25] [255/296] JGDM
[10:14:26] [256/296] MBSJ
[10:14:27] [257/296] SSLL
[10:14:28] [258/296] SLKP
[10:14:29] [259/296] NSRV
[10:14:30] [260/296] UTDV
[10:14:31] [261/296] KICM
[10:14:32] [262/296] KCMD
[10:14:33] [263/296] TTPP
[10:14:33] [264/296] KMPV
[10:14:34] [265/296] SKTV
[10:14:35] [266/296] STCV
[10:14:36] [267/296] SRDA
[10:14:37] [268/296] JTSX
[10:14:38] [269/296] STBV
[10:14:39] [270/296] APVZ
[10:14:40] [271/296] GSTV
[10:14:40] [272/296] NMVS
[10:14:42] [273/296] SKRT
[10:14:43] [274/296] RMDV
[10:14:44] [275/296] RATG
[10:14:45] [276/296] SJYV
[10:14:46] [277/296] NDGP
[10:14:46] [278/296] SNDG
[10:14:47] [279/296] INSR
[10:14:48] [280/296] INSO
[10:14:49] [281/296] CCSI
[10:14:50] [282/296] RASM
[10:14:51] [283/296] NEWC
[10:14:52] [284/296] VSHL
[10:14:53] [285/296] BISW
[10:14:54] [286/296] GCNG
[10:14:55] [287/296] CWSC
[10:14:56] [288/296] SKAN
[10:14:57] [289/296] SEHP
[10:14:57] [290/296] CCOA
[10:14:58] [291/296] MCAJ
[10:14:59] [292/296] ACDE
[10:15:00] [293/296] AACM
[10:15:01] [294/296] JJCK
[10:15:02] [295/296] RCMO
[10:15:03] [296/296] GDAW
[10:15:04] 🧹 Deduping shows
[10:15:04] ✅ DONE | Shows=460 | Movies=42
[16:50:16] 🚀 SCRIPT STARTED
[16:50:16] [1/296] CDCA
[16:50:16] 🧠 New identity created
[16:50:16] [2/296] MNSR
[16:50:17] [3/296] CSSL
[16:50:18] [4/296] BGGM
[16:50:18] [5/296] MANT
[16:50:19] [6/296] SOOY
[16:50:20] [7/296] VPPK
[16:50:20] [8/296] MYHJ
[16:50:21] [9/296] KSCK
[16:50:21] [10/296] KATK
[16:50:22] [11/296] RTRT
[16:50:22] [12/296] SSTT
[16:50:23] [13/296] SSTV
[16:50:24] [14/296] LACM
[16:50:24] [15/296] SGMG
[16:50:25] [16/296] KACX
[16:50:25] [17/296] GVCP
[16:50:26] [18/296] CSNC
[16:50:26] [19/296] SXCB
[16:50:27] [20/296] BAHS
[16:50:28] [21/296] PCBI
[16:50:28] [22/296] PSSM
[16:50:29] [23/296] RCOK
[16:50:30] [24/296] SCPF
[16:50:30] [25/296] SSAS
[16:50:31] [26/296] EVMM
[16:50:32] [27/296] SYCB
[16:50:32] [28/296] GCKI
[16:50:33] [29/296] IAET
[16:50:34] [30/296] DDTD
[16:50:34] [31/296] GMDH
[16:50:35] [32/296] STLE
[16:50:36] [33/296] JTRA
[16:50:36] [34/296] RPPA
[16:50:37] [35/296] ARUT
[16:50:37] [36/296] JTVM
[16:50:38] [37/296] SWRH
[16:50:38] [38/296] DCPC
[16:50:39] [39/296] RAPR
[16:50:40] [40/296] GCRT
[16:50:40] [41/296] ATUN
[16:50:41] [42/296] LTRM
[16:50:42] [43/296] TASR
[16:50:42] [44/296] RLLC
[16:50:43] [45/296] MABI
[16:50:44] [46/296] SVHB
[16:50:44] [47/296] NVTB
[16:50:45] [48/296] KCKG
[16:50:45] [49/296] SSRN
[16:50:46] [50/296] VDDC
[16:50:46] [51/296] GKTK
[16:50:47] [52/296] YFSN
[16:50:48] [53/296] GCSG
[16:50:48] [54/296] ESSM
[16:50:49] [55/296] KRIH
[16:50:50] [56/296] GCDS
[16:50:50] [57/296] CCSH
[16:50:51] [58/296] ACSK
[16:50:52] [59/296] APRK
[16:50:52] [60/296] ADKM
[16:50:53] [61/296] SRDM
[16:50:54] [62/296] RMOG
[16:50:54] [63/296] SJMY
[16:50:55] [64/296] PGGC
[16:50:56] [65/296] INGM
[16:50:56] [66/296] LSCB
[16:50:57] [67/296] STAD
[16:50:58] [68/296] MCCR
[16:50:58] [69/296] ABCC
[16:50:59] [70/296] RKCC
[16:50:59] [71/296] RTCR
[16:51:00] [72/296] GGBC
[16:51:01] [73/296] GCSD
[16:51:01] [74/296] LPTY
[16:51:02] [75/296] MCFD
[16:51:03] [76/296] HENN
[16:51:04] [77/296] SMKU
[16:51:04] [78/296] TNZC
[16:51:05] [79/296] DRCD
[16:51:06] [80/296] DLCD
[16:51:06] [81/296] RCDA
[16:51:07] [82/296] COSM
[16:51:07] [83/296] MCMJ
[16:51:08] [84/296] CSTR
[16:51:08] [85/296] CVDK
[16:51:09] [86/296] INRR
[16:51:10] [87/296] RJRT
[16:51:10] [88/296] IRMR
[16:51:10] [89/296] SRCF
[16:51:11] [90/296] GRCR
[16:51:12] [91/296] SURC
[16:51:12] [92/296] NMNH
[16:51:13] [93/296] SVBL
[16:51:14] [94/296] KACI
[16:51:14] [95/296] TDGO
[16:51:15] [96/296] KTBR
[16:51:15] [97/296] PMAD
[16:51:16] [98/296] CCPN
[16:51:17] [99/296] SBTK
[16:51:17] [100/296] LMDK
[16:51:18] [101/296] PGDA
[16:51:19] [102/296] SRML
[16:51:19] [103/296] EVCK
[16:51:20] [104/296] RTTK
[16:51:21] [105/296] SRTU
[16:51:21] [106/296] VRSA
[16:51:22] [107/296] VARS
[16:51:22] [108/296] DSCZ
[16:51:23] [109/296] GAGA
[16:51:24] [110/296] SARV
[16:51:24] [111/296] SEEG
[16:51:25] [112/296] GLCA
[16:51:25] [113/296] APAS
[16:51:26] [114/296] VCIA
[16:51:26] [115/296] SJTA
[16:51:27] [116/296] SABM
[16:51:28] [117/296] PPAG
[16:51:28] [118/296] RVCA
[16:51:29] [119/296] CCIA
[16:51:30] [120/296] HTAG
[16:51:30] [121/296] SMBI
[16:51:31] [122/296] MCJR
[16:51:32] [123/296] CCJR
[16:51:32] [124/296] SINF
[16:51:33] [125/296] CPLX
[16:51:34] [126/296] KKTJ
[16:51:34] [127/296] GDBW
[16:51:35] [128/296] CSUB
[16:51:35] [129/296] DABA
[16:51:36] [130/296] TITR
[16:51:37] [131/296] NYCR
[16:51:37] [132/296] RTRY
[16:51:38] [133/296] JTJL
[16:51:39] [134/296] SJCP
[16:51:39] [135/296] KCCA
[16:51:40] [136/296] MLPG
[16:51:40] [137/296] VRCK
[16:51:41] [138/296] SRIN
[16:51:42] [139/296] CXMK
[16:51:42] [140/296] SKAD
[16:51:43] [141/296] AVTR
[16:51:43] [142/296] PTAJ
[16:51:44] [143/296] SCNK
[16:51:44] [144/296] STTI
[16:51:45] [145/296] KACR
[16:51:45] [146/296] SSDX
[16:51:46] [147/296] VRTJ
[16:51:47] [148/296] RAJD
[16:51:48] [149/296] SCIP
[16:51:48] [150/296] RJSL
[16:51:49] [151/296] ARRS
[16:51:49] [152/296] ASMS
[16:51:50] [153/296] RDTS
[16:51:50] [154/296] DVMY
[16:51:51] [155/296] RASA
[16:51:51] [156/296] INOM
[16:51:52] [157/296] SPRS
[16:51:53] [158/296] SGCS
[16:51:53] [159/296] SALM
[16:51:53] [160/296] PKHC
[16:51:54] [161/296] RCSV
[16:51:55] [162/296] CPKC
[16:51:55] [163/296] AACD
[16:51:56] [164/296] GGCV
[16:51:56] [165/296] SMKD
[16:51:57] [166/296] NBCH
[16:51:57] [167/296] AMCB
[16:51:58] [168/296] OPCN
[16:51:59] [169/296] DCIN
[16:51:59] [170/296] INGW
[16:52:00] [171/296] PKKW
[16:52:00] [172/296] FNGW
[16:52:01] [173/296] GCGD
[16:52:01] [174/296] MSTW
[16:52:02] [175/296] KCCG
[16:52:03] [176/296] MRSS
[16:52:04] [177/296] CLCF
[16:52:04] [178/296] EETS
[16:52:05] [179/296] AATR
[16:52:05] [180/296] CMMN
[16:52:06] [181/296] SCCJ
[16:52:06] [182/296] CDTK
[16:52:07] [183/296] AICP
[16:52:07] [184/296] FNBP
[16:52:08] [185/296] CBPB
[16:52:09] [186/296] CPAS
[16:52:09] [187/296] MAPM
[16:52:10] [188/296] PASD
[16:52:10] [189/296] JCMN
[16:52:11] [190/296] MALB
[16:52:12] [191/296] SACG
[16:52:12] [192/296] DDRX
[16:52:13] [193/296] DDXB
[16:52:13] [194/296] RAMC
[16:52:14] [195/296] SANC
[16:52:15] [196/296] BCBP
[16:52:15] [197/296] ALPC
[16:52:16] [198/296] RBAC
[16:52:16] [199/296] RAJL
[16:52:17] [200/296] MPDX
[16:52:18] [201/296] MUSC
[16:52:18] [202/296] VKMK
[16:52:19] [203/296] SKCG
[16:52:20] [204/296] ANCN
[16:52:20] [205/296] MMCJ
[16:52:21] [206/296] DCAK
[16:52:22] [207/296] SCKG
[16:52:22] [208/296] LMCK
[16:52:23] [209/296] CKKX
[16:52:24] [210/296] ANKU
[16:52:24] [211/296] CSMD
[16:52:25] [212/296] MKMP
[16:52:25] [213/296] SVBG
[16:52:26] [214/296] ROOP
[16:52:26] [215/296] GDMT
[16:52:27] [216/296] FPPF
[16:52:28] [217/296] SFUU
[16:52:29] [218/296] ANCB
[16:52:29] [219/296] SMMC
[16:52:30] [220/296] UGKT
[16:52:31] [221/296] JVRM
[16:52:33] [222/296] BATG
[16:52:34] [223/296] RATE
[16:52:34] [224/296] SKME
[16:52:36] [225/296] LMTP
[16:52:37] [226/296] TCBD
[16:52:39] [227/296] ESBD
[16:52:39] [228/296] GDCU
[16:52:40] [229/296] SNKT
[16:52:41] [230/296] SRNK
[16:52:43] [231/296] SMED
[16:52:43] [232/296] CSQS
[16:52:44] [233/296] ALCS
[16:52:45] [234/296] KCKN
[16:52:45] [235/296] VCCL
[16:52:46] [236/296] MCDA
[16:52:47] [237/296] SHMI
[16:52:48] [238/296] SKHA
[16:52:49] [239/296] SVFK
[16:52:50] [240/296] INVB
[16:52:51] [241/296] MELD
[16:52:52] [242/296] JTYS
[16:52:53] [243/296] INCM
[16:52:53] [244/296] MCDV
[16:52:55] [245/296] KSGK
[16:52:56] [246/296] ICMG
[16:52:58] [247/296] CSCV
[16:52:58] [248/296] STMD
[16:52:59] [249/296] STTR
[16:52:59] [250/296] INVC
[16:53:00] [251/296] JTBL
[16:53:01] [252/296] SRVV
[16:53:02] [253/296] MAVC
[16:53:02] [254/296] SRPP
[16:53:04] [255/296] JGDM
[16:53:05] [256/296] MBSJ
[16:53:05] [257/296] SSLL
[16:53:06] [258/296] SLKP
[16:53:07] [259/296] NSRV
[16:53:08] [260/296] UTDV
[16:53:09] [261/296] KICM
[16:53:09] [262/296] KCMD
[16:53:10] [263/296] TTPP
[16:53:12] [264/296] KMPV
[16:53:13] [265/296] SKTV
[16:53:13] [266/296] STCV
[16:53:14] [267/296] SRDA
[16:53:16] [268/296] JTSX
[16:53:17] [269/296] STBV
[16:53:18] [270/296] APVZ
[16:53:18] [271/296] GSTV
[16:53:19] [272/296] NMVS
[16:53:20] [273/296] SKRT
[16:53:22] [274/296] RMDV
[16:53:23] [275/296] RATG
[16:53:23] [276/296] SJYV
[16:53:24] [277/296] NDGP
[16:53:25] [278/296] SNDG
[16:53:26] [279/296] INSR
[16:53:27] [280/296] INSO
[16:53:28] [281/296] CCSI
[16:53:29] [282/296] RASM
[16:53:30] [283/296] NEWC
[16:53:30] [284/296] VSHL
[16:53:31] [285/296] BISW
[16:53:32] [286/296] GCNG
[16:53:32] [287/296] CWSC
[16:53:34] [288/296] SKAN
[16:53:35] [289/296] SEHP
[16:53:35] [290/296] CCOA
[16:53:36] [291/296] MCAJ
[16:53:37] [292/296] ACDE
[16:53:38] [293/296] AACM
[16:53:39] [294/296] JJCK
[16:53:40] [295/296] RCMO
[16:53:41] [296/296] GDAW
[16:53:41] 🧹 Deduping shows
[16:53:41] ✅ DONE | Shows=513 | Movies=46
[04:50:55] 🚀 SCRIPT STARTED
[04:50:55] [1/296] CDCA
[04:50:55] 🧠 New identity created
[04:50:55] [2/296] MNSR
[04:50:56] [3/296] CSSL
[04:50:57] [4/296] BGGM
[04:50:57] [5/296] MANT
[04:50:58] [6/296] SOOY
[04:50:58] [7/296] VPPK
[04:50:59] [8/296] MYHJ
[04:51:00] [9/296] KSCK
[04:51:00] [10/296] KATK
[04:51:01] [11/296] RTRT
[04:51:02] [12/296] SSTT
[04:51:02] [13/296] SSTV
[04:51:03] [14/296] LACM
[04:51:04] [15/296] SGMG
[04:51:05] [16/296] KACX
[04:51:05] [17/296] GVCP
[04:51:06] [18/296] CSNC
[04:51:07] [19/296] SXCB
[04:51:07] [20/296] BAHS
[04:51:08] [21/296] PCBI
[04:51:08] [22/296] PSSM
[04:51:09] [23/296] RCOK
[04:51:09] [24/296] SCPF
[04:51:10] [25/296] SSAS
[04:51:11] [26/296] EVMM
[04:51:11] [27/296] SYCB
[04:51:12] [28/296] GCKI
[04:51:12] [29/296] IAET
[04:51:13] [30/296] DDTD
[04:51:14] [31/296] GMDH
[04:51:14] [32/296] STLE
[04:51:15] [33/296] JTRA
[04:51:15] [34/296] RPPA
[04:51:16] [35/296] ARUT
[04:51:17] [36/296] JTVM
[04:51:17] [37/296] SWRH
[04:51:18] [38/296] DCPC
[04:51:18] [39/296] RAPR
[04:51:19] [40/296] GCRT
[04:51:19] [41/296] ATUN
[04:51:20] [42/296] LTRM
[04:51:21] [43/296] TASR
[04:51:21] [44/296] RLLC
[04:51:22] [45/296] MABI
[04:51:23] [46/296] SVHB
[04:51:23] [47/296] NVTB
[04:51:23] [48/296] KCKG
[04:51:24] [49/296] SSRN
[04:51:25] [50/296] VDDC
[04:51:25] [51/296] GKTK
[04:51:26] [52/296] YFSN
[04:51:27] [53/296] GCSG
[04:51:27] [54/296] ESSM
[04:51:28] [55/296] KRIH
[04:51:28] [56/296] GCDS
[04:51:29] [57/296] CCSH
[04:51:29] [58/296] ACSK
[04:51:30] [59/296] APRK
[04:51:30] [60/296] ADKM
[04:51:31] [61/296] SRDM
[04:51:32] [62/296] RMOG
[04:51:33] [63/296] SJMY
[04:51:33] [64/296] PGGC
[04:51:34] [65/296] INGM
[04:51:34] [66/296] LSCB
[04:51:35] [67/296] STAD
[04:51:35] [68/296] MCCR
[04:51:36] [69/296] ABCC
[04:51:37] [70/296] RKCC
[04:51:37] [71/296] RTCR
[04:51:38] [72/296] GGBC
[04:51:38] [73/296] GCSD
[04:51:39] [74/296] LPTY
[04:51:39] [75/296] MCFD
[04:51:40] [76/296] HENN
[04:51:40] [77/296] SMKU
[04:51:41] [78/296] TNZC
[04:51:42] [79/296] DRCD
[04:51:42] [80/296] DLCD
[04:51:43] [81/296] RCDA
[04:51:44] [82/296] COSM
[04:51:44] [83/296] MCMJ
[04:51:45] [84/296] CSTR
[04:51:46] [85/296] CVDK
[04:51:46] [86/296] INRR
[04:51:47] [87/296] RJRT
[04:51:47] [88/296] IRMR
[04:51:48] [89/296] SRCF
[04:51:49] [90/296] GRCR
[04:51:49] [91/296] SURC
[04:51:50] [92/296] NMNH
[04:51:50] [93/296] SVBL
[04:51:51] [94/296] KACI
[04:51:51] [95/296] TDGO
[04:51:52] [96/296] KTBR
[04:51:52] [97/296] PMAD
[04:51:53] [98/296] CCPN
[04:51:54] [99/296] SBTK
[04:51:54] [100/296] LMDK
[04:51:55] [101/296] PGDA
[04:51:55] [102/296] SRML
[04:51:56] [103/296] EVCK
[04:51:57] [104/296] RTTK
[04:51:57] [105/296] SRTU
[04:51:58] [106/296] VRSA
[04:51:58] [107/296] VARS
[04:51:59] [108/296] DSCZ
[04:52:00] [109/296] GAGA
[04:52:00] [110/296] SARV
[04:52:01] [111/296] SEEG
[04:52:01] [112/296] GLCA
[04:52:02] [113/296] APAS
[04:52:02] [114/296] VCIA
[04:52:03] [115/296] SJTA
[04:52:03] [116/296] SABM
[04:52:04] [117/296] PPAG
[04:52:05] [118/296] RVCA
[04:52:05] [119/296] CCIA
[04:52:06] [120/296] HTAG
[04:52:07] [121/296] SMBI
[04:52:07] [122/296] MCJR
[04:52:08] [123/296] CCJR
[04:52:09] [124/296] SINF
[04:52:09] [125/296] CPLX
[04:52:10] [126/296] KKTJ
[04:52:10] [127/296] GDBW
[04:52:11] [128/296] CSUB
[04:52:12] [129/296] DABA
[04:52:12] [130/296] TITR
[04:52:13] [131/296] NYCR
[04:52:13] [132/296] RTRY
[04:52:14] [133/296] JTJL
[04:52:14] [134/296] SJCP
[04:52:15] [135/296] KCCA
[04:52:16] [136/296] MLPG
[04:52:16] [137/296] VRCK
[04:52:16] [138/296] SRIN
[04:52:17] [139/296] CXMK
[04:52:18] [140/296] SKAD
[04:52:18] [141/296] AVTR
[04:52:19] [142/296] PTAJ
[04:52:19] [143/296] SCNK
[04:52:20] [144/296] STTI
[04:52:20] [145/296] KACR
[04:52:21] [146/296] SSDX
[04:52:21] [147/296] VRTJ
[04:52:22] [148/296] RAJD
[04:52:23] [149/296] SCIP
[04:52:23] [150/296] RJSL
[04:52:24] [151/296] ARRS
[04:52:24] [152/296] ASMS
[04:52:25] [153/296] RDTS
[04:52:26] [154/296] DVMY
[04:52:26] [155/296] RASA
[04:52:27] [156/296] INOM
[04:52:28] [157/296] SPRS
[04:52:28] [158/296] SGCS
[04:52:29] [159/296] SALM
[04:52:29] [160/296] PKHC
[04:52:30] [161/296] RCSV
[04:52:30] [162/296] CPKC
[04:52:31] [163/296] AACD
[04:52:32] [164/296] GGCV
[04:52:32] [165/296] SMKD
[04:52:33] [166/296] NBCH
[04:52:33] [167/296] AMCB
[04:52:34] [168/296] OPCN
[04:52:35] [169/296] DCIN
[04:52:35] [170/296] INGW
[04:52:36] [171/296] PKKW
[04:52:36] [172/296] FNGW
[04:52:37] [173/296] GCGD
[04:52:38] [174/296] MSTW
[04:52:38] [175/296] KCCG
[04:52:39] [176/296] MRSS
[04:52:39] [177/296] CLCF
[04:52:40] [178/296] EETS
[04:52:40] [179/296] AATR
[04:52:41] [180/296] CMMN
[04:52:42] [181/296] SCCJ
[04:52:42] [182/296] CDTK
[04:52:43] [183/296] AICP
[04:52:43] [184/296] FNBP
[04:52:44] [185/296] CBPB
[04:52:45] [186/296] CPAS
[04:52:45] [187/296] MAPM
[04:52:46] [188/296] PASD
[04:52:46] [189/296] JCMN
[04:52:47] [190/296] MALB
[04:52:48] [191/296] SACG
[04:52:48] [192/296] DDRX
[04:52:49] [193/296] DDXB
[04:52:49] [194/296] RAMC
[04:52:50] [195/296] SANC
[04:52:50] [196/296] BCBP
[04:52:51] [197/296] ALPC
[04:52:51] [198/296] RBAC
[04:52:52] [199/296] RAJL
[04:52:53] [200/296] MPDX
[04:52:53] [201/296] MUSC
[04:52:54] [202/296] VKMK
[04:52:54] [203/296] SKCG
[04:52:55] [204/296] ANCN
[04:52:55] [205/296] MMCJ
[04:52:55] [206/296] DCAK
[04:52:56] [207/296] SCKG
[04:52:57] [208/296] LMCK
[04:52:57] [209/296] CKKX
[04:52:58] [210/296] ANKU
[04:52:58] [211/296] CSMD
[04:52:59] [212/296] MKMP
[04:53:00] [213/296] SVBG
[04:53:00] [214/296] ROOP
[04:53:01] [215/296] GDMT
[04:53:01] [216/296] FPPF
[04:53:02] [217/296] SFUU
[04:53:03] [218/296] ANCB
[04:53:03] [219/296] SMMC
[04:53:03] [220/296] UGKT
[04:53:04] [221/296] JVRM
[04:53:04] [222/296] BATG
[04:53:05] [223/296] RATE
[04:53:06] [224/296] SKME
[04:53:06] [225/296] LMTP
[04:53:07] [226/296] TCBD
[04:53:08] [227/296] ESBD
[04:53:08] [228/296] GDCU
[04:53:09] [229/296] SNKT
[04:53:09] [230/296] SRNK
[04:53:10] [231/296] SMED
[04:53:10] [232/296] CSQS
[04:53:11] [233/296] ALCS
[04:53:12] [234/296] KCKN
[04:53:12] [235/296] VCCL
[04:53:13] [236/296] MCDA
[04:53:14] [237/296] SHMI
[04:53:14] [238/296] SKHA
[04:53:14] [239/296] SVFK
[04:53:15] [240/296] INVB
[04:53:15] [241/296] MELD
[04:53:16] [242/296] JTYS
[04:53:17] [243/296] INCM
[04:53:17] [244/296] MCDV
[04:53:17] [245/296] KSGK
[04:53:18] [246/296] ICMG
[04:53:19] [247/296] CSCV
[04:53:19] [248/296] STMD
[04:53:20] [249/296] STTR
[04:53:20] [250/296] INVC
[04:53:21] [251/296] JTBL
[04:53:22] [252/296] SRVV
[04:53:22] [253/296] MAVC
[04:53:23] [254/296] SRPP
[04:53:24] [255/296] JGDM
[04:53:24] [256/296] MBSJ
[04:53:25] [257/296] SSLL
[04:53:25] [258/296] SLKP
[04:53:26] [259/296] NSRV
[04:53:26] [260/296] UTDV
[04:53:27] [261/296] KICM
[04:53:28] [262/296] KCMD
[04:53:28] [263/296] TTPP
[04:53:29] [264/296] KMPV
[04:53:30] [265/296] SKTV
[04:53:30] [266/296] STCV
[04:53:31] [267/296] SRDA
[04:53:32] [268/296] JTSX
[04:53:32] [269/296] STBV
[04:53:33] [270/296] APVZ
[04:53:33] [271/296] GSTV
[04:53:34] [272/296] NMVS
[04:53:34] [273/296] SKRT
[04:53:35] [274/296] RMDV
[04:53:36] [275/296] RATG
[04:53:36] [276/296] SJYV
[04:53:36] [277/296] NDGP
[04:53:37] [278/296] SNDG
[04:53:37] [279/296] INSR
[04:53:38] [280/296] INSO
[04:53:39] [281/296] CCSI
[04:53:39] [282/296] RASM
[04:53:40] [283/296] NEWC
[04:53:41] [284/296] VSHL
[04:53:41] [285/296] BISW
[04:53:42] [286/296] GCNG
[04:53:42] [287/296] CWSC
[04:53:43] [288/296] SKAN
[04:53:43] [289/296] SEHP
[04:53:44] [290/296] CCOA
[04:53:44] [291/296] MCAJ
[04:53:45] [292/296] ACDE
[04:53:45] [293/296] AACM
[04:53:46] [294/296] JJCK
[04:53:46] [295/296] RCMO
[04:53:47] [296/296] GDAW
[04:53:47] 🧹 Deduping shows
[04:53:47] ✅ DONE | Shows=617 | Movies=51
[11:59:47] 🚀 SCRIPT STARTED
[11:59:47] [1/296] CDCA
[11:59:48] 🧠 New identity created
[11:59:49] [2/296] MNSR
[11:59:49] [3/296] CSSL
[11:59:50] [4/296] BGGM
[11:59:51] [5/296] MANT
[11:59:52] [6/296] SOOY
[11:59:53] [7/296] VPPK
[11:59:54] [8/296] MYHJ
[11:59:54] [9/296] KSCK
[11:59:55] [10/296] KATK
[11:59:56] [11/296] RTRT
[11:59:57] [12/296] SSTT
[11:59:58] [13/296] SSTV
[11:59:59] [14/296] LACM
[12:00:00] [15/296] SGMG
[12:00:01] [16/296] KACX
[12:00:01] [17/296] GVCP
[12:00:02] [18/296] CSNC
[12:00:04] [19/296] SXCB
[12:00:05] [20/296] BAHS
[12:00:06] [21/296] PCBI
[12:00:07] [22/296] PSSM
[12:00:07] [23/296] RCOK
[12:00:08] [24/296] SCPF
[12:00:09] [25/296] SSAS
[12:00:10] [26/296] EVMM
[12:00:11] [27/296] SYCB
[12:00:12] [28/296] GCKI
[12:00:13] [29/296] IAET
[12:00:13] [30/296] DDTD
[12:00:14] [31/296] GMDH
[12:00:15] [32/296] STLE
[12:00:16] [33/296] JTRA
[12:00:17] [34/296] RPPA
[12:00:18] [35/296] ARUT
[12:00:19] [36/296] JTVM
[12:00:20] [37/296] SWRH
[12:00:21] [38/296] DCPC
[12:00:22] [39/296] RAPR
[12:00:23] [40/296] GCRT
[12:00:24] [41/296] ATUN
[12:00:24] [42/296] LTRM
[12:00:25] [43/296] TASR
[12:00:26] [44/296] RLLC
[12:00:27] [45/296] MABI
[12:00:28] [46/296] SVHB
[12:00:28] [47/296] NVTB
[12:00:29] [48/296] KCKG
[12:00:30] [49/296] SSRN
[12:00:31] [50/296] VDDC
[12:00:32] [51/296] GKTK
[12:00:33] [52/296] YFSN
[12:00:34] [53/296] GCSG
[12:00:35] [54/296] ESSM
[12:00:36] [55/296] KRIH
[12:00:37] [56/296] GCDS
[12:00:37] [57/296] CCSH
[12:00:39] [58/296] ACSK
[12:00:40] [59/296] APRK
[12:00:41] [60/296] ADKM
[12:00:42] [61/296] SRDM
[12:00:43] [62/296] RMOG
[12:00:44] [63/296] SJMY
[12:00:45] [64/296] PGGC
[12:00:46] [65/296] INGM
[12:00:47] [66/296] LSCB
[12:00:47] [67/296] STAD
[12:00:48] [68/296] MCCR
[12:00:49] [69/296] ABCC
[12:00:50] [70/296] RKCC
[12:00:51] [71/296] RTCR
[12:00:51] [72/296] GGBC
[12:00:52] [73/296] GCSD
[12:00:53] [74/296] LPTY
[12:00:54] [75/296] MCFD
[12:00:55] [76/296] HENN
[12:00:56] [77/296] SMKU
[12:00:56] [78/296] TNZC
[12:00:58] [79/296] DRCD
[12:00:59] [80/296] DLCD
[12:01:00] [81/296] RCDA
[12:01:00] [82/296] COSM
[12:01:01] [83/296] MCMJ
[12:01:02] [84/296] CSTR
[12:01:03] [85/296] CVDK
[12:01:04] [86/296] INRR
[12:01:04] [87/296] RJRT
[12:01:05] [88/296] IRMR
[12:01:06] [89/296] SRCF
[12:01:08] [90/296] GRCR
[12:01:08] [91/296] SURC
[12:01:09] [92/296] NMNH
[12:01:10] [93/296] SVBL
[12:01:11] [94/296] KACI
[12:01:12] [95/296] TDGO
[12:01:13] [96/296] KTBR
[12:01:15] [97/296] PMAD
[12:01:16] [98/296] CCPN
[12:01:17] [99/296] SBTK
[12:01:18] [100/296] LMDK
[12:01:19] [101/296] PGDA
[12:01:20] [102/296] SRML
[12:01:20] [103/296] EVCK
[12:01:21] [104/296] RTTK
[12:01:22] [105/296] SRTU
[12:01:23] [106/296] VRSA
[12:01:24] [107/296] VARS
[12:01:25] [108/296] DSCZ
[12:01:26] [109/296] GAGA
[12:01:27] [110/296] SARV
[12:01:28] [111/296] SEEG
[12:01:29] [112/296] GLCA
[12:01:30] [113/296] APAS
[12:01:30] [114/296] VCIA
[12:01:31] [115/296] SJTA
[12:01:32] [116/296] SABM
[12:01:33] [117/296] PPAG
[12:01:34] [118/296] RVCA
[12:01:35] [119/296] CCIA
[12:01:36] [120/296] HTAG
[12:01:36] [121/296] SMBI
[12:01:38] [122/296] MCJR
[12:01:39] [123/296] CCJR
[12:01:40] [124/296] SINF
[12:01:40] [125/296] CPLX
[12:01:41] [126/296] KKTJ
[12:01:42] [127/296] GDBW
[12:01:43] [128/296] CSUB
[12:01:44] [129/296] DABA
[12:01:45] [130/296] TITR
[12:01:46] [131/296] NYCR
[12:01:47] [132/296] RTRY
[12:01:48] [133/296] JTJL
[12:01:49] [134/296] SJCP
[12:01:50] [135/296] KCCA
[12:01:50] [136/296] MLPG
[12:01:52] [137/296] VRCK
[12:01:53] [138/296] SRIN
[12:01:54] [139/296] CXMK
[12:01:55] [140/296] SKAD
[12:01:55] [141/296] AVTR
[12:01:56] [142/296] PTAJ
[12:01:57] [143/296] SCNK
[12:01:59] [144/296] STTI
[12:02:00] [145/296] KACR
[12:02:01] [146/296] SSDX
[12:02:02] [147/296] VRTJ
[12:02:03] [148/296] RAJD
[12:02:04] [149/296] SCIP
[12:02:05] [150/296] RJSL
[12:02:06] [151/296] ARRS
[12:02:07] [152/296] ASMS
[12:02:07] [153/296] RDTS
[12:02:08] [154/296] DVMY
[12:02:09] [155/296] RASA
[12:02:10] [156/296] INOM
[12:02:11] [157/296] SPRS
[12:02:12] [158/296] SGCS
[12:02:13] [159/296] SALM
[12:02:14] [160/296] PKHC
[12:02:15] [161/296] RCSV
[12:02:15] [162/296] CPKC
[12:02:16] [163/296] AACD
[12:02:17] [164/296] GGCV
[12:02:18] [165/296] SMKD
[12:02:19] [166/296] NBCH
[12:02:20] [167/296] AMCB
[12:02:21] [168/296] OPCN
[12:02:22] [169/296] DCIN
[12:02:22] [170/296] INGW
[12:02:23] [171/296] PKKW
[12:02:24] [172/296] FNGW
[12:02:25] [173/296] GCGD
[12:02:26] [174/296] MSTW
[12:02:26] [175/296] KCCG
[12:02:27] [176/296] MRSS
[12:02:28] [177/296] CLCF
[12:02:29] [178/296] EETS
[12:02:29] [179/296] AATR
[12:02:30] [180/296] CMMN
[12:02:31] [181/296] SCCJ
[12:02:32] [182/296] CDTK
[12:02:33] [183/296] AICP
[12:02:34] [184/296] FNBP
[12:02:36] [185/296] CBPB
[12:02:37] [186/296] CPAS
[12:02:38] [187/296] MAPM
[12:02:39] [188/296] PASD
[12:02:40] [189/296] JCMN
[12:02:41] [190/296] MALB
[12:02:42] [191/296] SACG
[12:02:43] [192/296] DDRX
[12:02:44] [193/296] DDXB
[12:02:45] [194/296] RAMC
[12:02:45] [195/296] SANC
[12:02:46] [196/296] BCBP
[12:02:47] [197/296] ALPC
[12:02:48] [198/296] RBAC
[12:02:49] [199/296] RAJL
[12:02:50] [200/296] MPDX
[12:02:50] [201/296] MUSC
[12:02:51] [202/296] VKMK
[12:02:52] [203/296] SKCG
[12:02:53] [204/296] ANCN
[12:02:53] [205/296] MMCJ
[12:02:54] [206/296] DCAK
[12:02:55] [207/296] SCKG
[12:02:56] [208/296] LMCK
[12:02:57] [209/296] CKKX
[12:02:58] [210/296] ANKU
[12:02:58] [211/296] CSMD
[12:02:59] [212/296] MKMP
[12:03:00] [213/296] SVBG
[12:03:01] [214/296] ROOP
[12:03:02] [215/296] GDMT
[12:03:03] [216/296] FPPF
[12:03:04] [217/296] SFUU
[12:03:05] [218/296] ANCB
[12:03:06] [219/296] SMMC
[12:03:08] [220/296] UGKT
[12:03:09] [221/296] JVRM
[12:03:09] [222/296] BATG
[12:03:10] [223/296] RATE
[12:03:11] [224/296] SKME
[12:03:12] [225/296] LMTP
[12:03:13] [226/296] TCBD
[12:03:14] [227/296] ESBD
[12:03:14] [228/296] GDCU
[12:03:15] [229/296] SNKT
[12:03:16] [230/296] SRNK
[12:03:18] [231/296] SMED
[12:03:19] [232/296] CSQS
[12:03:20] [233/296] ALCS
[12:03:21] [234/296] KCKN
[12:03:22] [235/296] VCCL
[12:03:23] [236/296] MCDA
[12:03:24] [237/296] SHMI
[12:03:25] [238/296] SKHA
[12:03:25] [239/296] SVFK
[12:03:26] [240/296] INVB
[12:03:27] [241/296] MELD
[12:03:28] [242/296] JTYS
[12:03:29] [243/296] INCM
[12:03:29] [244/296] MCDV
[12:03:30] [245/296] KSGK
[12:03:31] [246/296] ICMG
[12:03:32] [247/296] CSCV
[12:03:33] [248/296] STMD
[12:03:34] [249/296] STTR
[12:03:35] [250/296] INVC
[12:03:36] [251/296] JTBL
[12:03:37] [252/296] SRVV
[12:03:38] [253/296] MAVC
[12:03:38] [254/296] SRPP
[12:03:39] [255/296] JGDM
[12:03:41] [256/296] MBSJ
[12:03:42] [257/296] SSLL
[12:03:43] [258/296] SLKP
[12:03:43] [259/296] NSRV
[12:03:44] [260/296] UTDV
[12:03:45] [261/296] KICM
[12:03:46] [262/296] KCMD
[12:03:47] [263/296] TTPP
[12:03:47] [264/296] KMPV
[12:03:48] [265/296] SKTV
[12:03:49] [266/296] STCV
[12:03:50] [267/296] SRDA
[12:03:51] [268/296] JTSX
[12:03:52] [269/296] STBV
[12:03:53] [270/296] APVZ
[12:03:54] [271/296] GSTV
[12:03:55] [272/296] NMVS
[12:03:56] [273/296] SKRT
[12:03:57] [274/296] RMDV
[12:03:58] [275/296] RATG
[12:03:59] [276/296] SJYV
[12:03:59] [277/296] NDGP
[12:04:00] [278/296] SNDG
[12:04:01] [279/296] INSR
[12:04:02] [280/296] INSO
[12:04:03] [281/296] CCSI
[12:04:05] [282/296] RASM
[12:04:06] [283/296] NEWC
[12:04:07] [284/296] VSHL
[12:04:08] [285/296] BISW
[12:04:08] [286/296] GCNG
[12:04:09] [287/296] CWSC
[12:04:10] [288/296] SKAN
[12:04:11] [289/296] SEHP
[12:04:12] [290/296] CCOA
[12:04:13] [291/296] MCAJ
[12:04:14] [292/296] ACDE
[12:04:15] [293/296] AACM
[12:04:16] [294/296] JJCK
[12:04:17] [295/296] RCMO
[12:04:18] [296/296] GDAW
[12:04:18] 🧹 Deduping shows
[12:04:18] ✅ DONE | Shows=628 | Movies=51
