[10:10:01] 🚀 SCRIPT STARTED
[10:10:01] [1/324] GCTA
[10:10:01] 🧠 New identity created
[10:10:03] [2/324] TOPN
[10:10:03] [3/324] MCUS
[10:10:04] [4/324] SHRL
[10:10:05] [5/324] UPTP
[10:10:06] [6/324] TMMP
[10:10:07] [7/324] DNRP
[10:10:08] [8/324] SRLT
[10:10:10] [9/324] RCNS
[10:10:11] [10/324] DCBH
[10:10:11] [11/324] NAGJ
[10:10:12] [12/324] JVRC
[10:10:14] [13/324] KRJG
[10:10:14] [14/324] SRTJ
[10:10:15] [15/324] CMXM
[10:10:16] [16/324] STMI
[10:10:17] [17/324] SLST
[10:10:18] [18/324] DTCN
[10:10:19] [19/324] STYN
[10:10:20] [20/324] SZVR
[10:10:21] [21/324] SRKO
[10:10:22] [22/324] JTGT
[10:10:23] [23/324] SVFD
[10:10:24] [24/324] SISD
[10:10:25] [25/324] ABDD
[10:10:26] [26/324] DRCA
[10:10:26] [27/324] AVCS
[10:10:27] [28/324] MVKH
[10:10:28] [29/324] ACPR
[10:10:30] [30/324] STIP
[10:10:31] [31/324] MTRA
[10:10:32] [32/324] RMKH
[10:10:33] [33/324] NKRL
[10:10:34] [34/324] PCWN
[10:10:35] [35/324] BLMT
[10:10:36] [36/324] GDPG
[10:10:37] [37/324] SRMX
[10:10:38] [38/324] JACP
[10:10:39] [39/324] CPSH
[10:10:40] [40/324] MCCD
[10:10:40] [41/324] ECGH
[10:10:41] [42/324] MKCK
[10:10:42] [43/324] SRMM
[10:10:43] [44/324] SKYR
[10:10:44] [45/324] PCKC
[10:10:45] [46/324] JCMA
[10:10:45] [47/324] BSMP
[10:10:46] [48/324] VSPA
[10:10:47] [49/324] DJYA
[10:10:48] [50/324] DIMP
[10:10:49] [51/324] FXDR
[10:10:50] [52/324] SSRC
[10:10:51] [53/324] STHP
[10:10:52] [54/324] CPPD
[10:10:53] [55/324] FCLK
[10:10:54] [56/324] SCPP
[10:10:55] [57/324] DCMJ
[10:10:56] [58/324] RCCR
[10:10:57] [59/324] INMT
[10:10:58] [60/324] LXTK
[10:11:00] [61/324] SRYK
[10:11:01] [62/324] SGDK
[10:11:02] [63/324] PPKA
[10:11:02] [64/324] SPKA
[10:11:03] [65/324] CGHH
[10:11:04] [66/324] DCJN
[10:11:05] [67/324] SRKV
[10:11:05] [68/324] SAJC
[10:11:06] [69/324] SUSR
[10:11:07] [70/324] STYG
[10:11:08] [71/324] NTKP
[10:11:09] [72/324] AKTG
[10:11:10] [73/324] CGCM
[10:11:11] [74/324] TULC
[10:11:12] [75/324] NYYZ
[10:11:13] [76/324] NYBW
[10:11:13] [77/324] MACB
[10:11:14] [78/324] SLVT
[10:11:16] [79/324] SANA
[10:11:17] [80/324] ACMR
[10:11:18] [81/324] CPKN
[10:11:19] [82/324] DLGK
[10:11:20] [83/324] CWCK
[10:11:21] [84/324] FDDH
[10:11:21] [85/324] MMMD
[10:11:22] [86/324] CMEH
[10:11:23] [87/324] GGGV
[10:11:24] [88/324] SPJL
[10:11:25] [89/324] RCCD
[10:11:26] [90/324] STTZ
[10:11:27] [91/324] BTCF
[10:11:28] [92/324] TSTZ
[10:11:28] [93/324] IPMM
[10:11:29] [94/324] PMPW
[10:11:30] [95/324] PCMZ
[10:11:31] [96/324] ESEM
[10:11:32] [97/324] PIPO
[10:11:32] [98/324] MATK
[10:11:33] [99/324] PGHM
[10:11:34] [100/324] CTSR
[10:11:35] [101/324] CYKR
[10:11:36] [102/324] MSCM
[10:11:37] [103/324] RFNP
[10:11:38] [104/324] PDCP
[10:11:38] [105/324] NPSE
[10:11:39] [106/324] MKML
[10:11:40] [107/324] FTDP
[10:11:41] [108/324] MMXA
[10:11:42] [109/324] CEPO
[10:11:43] [110/324] CMVP
[10:11:43] [111/324] SGTH
[10:11:44] [112/324] SAYN
[10:11:45] [113/324] URVS
[10:11:46] [114/324] VJTN
[10:11:47] [115/324] BBYK
[10:11:48] [116/324] SHBO
[10:11:48] [117/324] VCMR
[10:11:49] [118/324] MACT
[10:11:50] [119/324] JMNP
[10:11:51] [120/324] VICS
[10:11:52] [121/324] VCDA
[10:11:53] [122/324] GCMM
[10:11:54] [123/324] INVS
[10:11:54] [124/324] SCGM
[10:11:55] [125/324] PCDA
[10:11:56] [126/324] KDCT
[10:11:57] [127/324] JACS
[10:11:58] [128/324] GMMC
[10:11:59] [129/324] AICM
[10:12:00] [130/324] TJCM
[10:12:01] [131/324] RMTI
[10:12:02] [132/324] SHAC
[10:12:03] [133/324] APJC
[10:12:05] [134/324] GCTG
[10:12:06] [135/324] SSMC
[10:12:06] [136/324] THRM
[10:12:07] [137/324] RBCT
[10:12:08] [138/324] DIKT
[10:12:09] [139/324] MIDL
[10:12:10] [140/324] VCSN
[10:12:11] [141/324] SKTG
[10:12:11] [142/324] SMWC
[10:12:12] [143/324] MNKH
[10:12:13] [144/324] PIAT
[10:12:14] [145/324] LTTP
[10:12:15] [146/324] PTPU
[10:12:15] [147/324] ACMG
[10:12:16] [148/324] SHMM
[10:12:17] [149/324] MCMN
[10:12:18] [150/324] GLDC
[10:12:19] [151/324] HOUT
[10:12:20] [152/324] SVRP
[10:12:21] [153/324] PVDN
[10:12:22] [154/324] SCPY
[10:12:22] [155/324] DTPY
[10:12:23] [156/324] GKCS
[10:12:24] [157/324] NCAM
[10:12:25] [158/324] BSRM
[10:12:26] [159/324] RCLC
[10:12:26] [160/324] SKKD
[10:12:27] [161/324] ACHU
[10:12:28] [162/324] RSCF
[10:12:28] [163/324] IMSH
[10:12:29] [164/324] MACX
[10:12:30] [165/324] HMMW
[10:12:31] [166/324] JTCP
[10:12:32] [167/324] SREN
[10:12:32] [168/324] PJRR
[10:12:33] [169/324] INAC
[10:12:34] [170/324] BMCA
[10:12:35] [171/324] SHCB
[10:12:36] [172/324] GABA
[10:12:37] [173/324] SBCT
[10:12:38] [174/324] GCMA
[10:12:39] [175/324] MYTK
[10:12:40] [176/324] INZS
[10:12:40] [177/324] RMIK
[10:12:41] [178/324] NYCH
[10:12:42] [179/324] RAVE
[10:12:43] [180/324] PSXM
[10:12:43] [181/324] MCGP
[10:12:44] [182/324] PDDK
[10:12:45] [183/324] SPCK
[10:12:46] [184/324] MCRL
[10:12:47] [185/324] MHKT
[10:12:48] [186/324] ANRR
[10:12:49] [187/324] SAPK
[10:12:50] [188/324] NCUK
[10:12:51] [189/324] JUGA
[10:12:52] [190/324] DBSC
[10:12:52] [191/324] LALK
[10:12:53] [192/324] GUCK
[10:12:54] [193/324] STSG
[10:12:55] [194/324] PPPZ
[10:12:56] [195/324] CNCY
[10:12:57] [196/324] MTAR
[10:12:58] [197/324] VNKD
[10:12:59] [198/324] KMAJ
[10:13:00] [199/324] ACXK
[10:13:00] [200/324] UTKC
[10:13:01] [201/324] PBLK
[10:13:02] [202/324] ACBX
[10:13:03] [203/324] PTGM
[10:13:03] [204/324] BTDA
[10:13:04] [205/324] PJMB
[10:13:05] [206/324] TPDA
[10:13:06] [207/324] AMOE
[10:13:07] [208/324] PRHT
[10:13:08] [209/324] PRTA
[10:13:09] [210/324] STAM
[10:13:09] [211/324] MSAA
[10:13:10] [212/324] SDLU
[10:13:11] [213/324] RCHH
[10:13:12] [214/324] KANT
[10:13:13] [215/324] FCRT
[10:13:13] [216/324] DNKM
[10:13:14] [217/324] RYCP
[10:13:15] [218/324] MYRP
[10:13:16] [219/324] PPAK
[10:13:17] [220/324] NVPK
[10:13:17] [221/324] PRMC
[10:13:18] [222/324] JBCS
[10:13:19] [223/324] GXCK
[10:13:20] [224/324] USKO
[10:13:21] [225/324] GTEM
[10:13:22] [226/324] SMBU
[10:13:23] [227/324] VETC
[10:13:23] [228/324] LCDA
[10:13:24] [229/324] MTVT
[10:13:25] [230/324] PYCP
[10:13:25] [231/324] PNSC
[10:13:26] [232/324] PPCC
[10:13:27] [233/324] TGRT
[10:13:28] [234/324] JYOT
[10:13:29] [235/324] SRCZ
[10:13:30] [236/324] SJTE
[10:13:31] [237/324] DESC
[10:13:31] [238/324] JHVN
[10:13:32] [239/324] IPSG
[10:13:34] [240/324] IPCM
[10:13:34] [241/324] PDRS
[10:13:35] [242/324] ANCV
[10:13:36] [243/324] CMVV
[10:13:36] [244/324] SHYP
[10:13:37] [245/324] DNCS
[10:13:38] [246/324] GAJK
[10:13:39] [247/324] AKTN
[10:13:40] [248/324] KAYA
[10:13:41] [249/324] SBRC
[10:13:42] [250/324] CHTP
[10:13:42] [251/324] SHRT
[10:13:43] [252/324] BCKU
[10:13:44] [253/324] FCPS
[10:13:45] [254/324] ARDD
[10:13:46] [255/324] CPCM
[10:13:47] [256/324] CGSM
[10:13:47] [257/324] PSMP
[10:13:48] [258/324] SDAL
[10:13:49] [259/324] RTNB
[10:13:50] [260/324] LMCR
[10:13:50] [261/324] CIMA
[10:13:51] [262/324] RNAS
[10:13:52] [263/324] LITH
[10:13:53] [264/324] PBOX
[10:13:53] [265/324] FRTS
[10:13:54] [266/324] RKIC
[10:13:55] [267/324] PTAI
[10:13:56] [268/324] GCIC
[10:13:57] [269/324] FNAS
[10:13:57] [270/324] SCAR
[10:13:58] [271/324] MTCA
[10:14:00] [272/324] SCTS
[10:14:00] [273/324] SYCS
[10:14:01] [274/324] RDMS
[10:14:02] [275/324] KAMP
[10:14:03] [276/324] ERSD
[10:14:04] [277/324] MJMJ
[10:14:05] [278/324] SRCJ
[10:14:06] [279/324] SCXE
[10:14:07] [280/324] SVFR
[10:14:08] [281/324] BHCS
[10:14:09] [282/324] IMCC
[10:14:09] [283/324] PCBO
[10:14:10] [284/324] PRVN
[10:14:11] [285/324] AUPM
[10:14:11] [286/324] INBW
[10:14:12] [287/324] SVCW
[10:14:13] [288/324] RKCF
[10:14:14] [289/324] UVBH
[10:14:15] [290/324] DNCY
[10:14:16] [291/324] ABCN
[10:14:16] [292/324] PRUR
[10:14:17] [293/324] PFMR
[10:14:18] [294/324] RKCN
[10:14:19] [295/324] CFEA
[10:14:20] [296/324] SDBG
[10:14:22] [297/324] SNAR
[10:14:22] [298/324] YISI
[10:14:23] [299/324] JCFF
[10:14:24] [300/324] VTRK
[10:14:25] [301/324] PCLZ
[10:14:26] [302/324] DIMY
[10:14:27] [303/324] BBTS
[10:14:27] [304/324] GATH
[10:14:28] [305/324] GTMN
[10:14:29] [306/324] VTMH
[10:14:30] [307/324] CCKP
[10:14:31] [308/324] GPKA
[10:14:32] [309/324] MHCL
[10:14:33] [310/324] ATCL
[10:14:33] [311/324] SBCK
[10:14:34] [312/324] AMMR
[10:14:35] [313/324] MADC
[10:14:36] [314/324] TMMA
[10:14:36] [315/324] CACC
[10:14:37] [316/324] CHAL
[10:14:38] [317/324] DURG
[10:14:39] [318/324] GMKU
[10:14:40] [319/324] GECA
[10:14:41] [320/324] KYRR
[10:14:42] [321/324] KSDE
[10:14:43] [322/324] LMCI
[10:14:43] [323/324] NKCP
[10:14:44] [324/324] BGTC
[10:14:45] 🧹 Deduping shows
[10:14:45] ✅ DONE | Shows=529 | Movies=52
[16:50:30] 🚀 SCRIPT STARTED
[16:50:30] [1/324] GCTA
[16:50:30] 🧠 New identity created
[16:50:31] [2/324] TOPN
[16:50:32] [3/324] MCUS
[16:50:33] [4/324] SHRL
[16:50:33] [5/324] UPTP
[16:50:34] [6/324] TMMP
[16:50:35] [7/324] DNRP
[16:50:36] [8/324] SRLT
[16:50:36] [9/324] RCNS
[16:50:37] [10/324] DCBH
[16:50:38] [11/324] NAGJ
[16:50:39] [12/324] JVRC
[16:50:40] [13/324] KRJG
[16:50:41] [14/324] SRTJ
[16:50:42] [15/324] CMXM
[16:50:43] [16/324] STMI
[16:50:44] [17/324] SLST
[16:50:46] [18/324] DTCN
[16:50:46] [19/324] STYN
[16:50:47] [20/324] SZVR
[16:50:48] [21/324] SRKO
[16:50:49] [22/324] JTGT
[16:50:50] [23/324] SVFD
[16:50:51] [24/324] SISD
[16:50:51] [25/324] ABDD
[16:50:52] [26/324] DRCA
[16:50:53] [27/324] AVCS
[16:50:54] [28/324] MVKH
[16:50:55] [29/324] ACPR
[16:50:55] [30/324] STIP
[16:50:56] [31/324] MTRA
[16:50:57] [32/324] RMKH
[16:50:58] [33/324] NKRL
[16:50:59] [34/324] PCWN
[16:51:00] [35/324] BLMT
[16:51:01] [36/324] GDPG
[16:51:01] [37/324] SRMX
[16:51:02] [38/324] JACP
[16:51:03] [39/324] CPSH
[16:51:04] [40/324] MCCD
[16:51:05] [41/324] ECGH
[16:51:06] [42/324] MKCK
[16:51:07] [43/324] SRMM
[16:51:08] [44/324] SKYR
[16:51:09] [45/324] PCKC
[16:51:10] [46/324] JCMA
[16:51:11] [47/324] BSMP
[16:51:12] [48/324] VSPA
[16:51:12] [49/324] DJYA
[16:51:13] [50/324] DIMP
[16:51:14] [51/324] FXDR
[16:51:15] [52/324] SSRC
[16:51:16] [53/324] STHP
[16:51:17] [54/324] CPPD
[16:51:18] [55/324] FCLK
[16:51:18] [56/324] SCPP
[16:51:19] [57/324] DCMJ
[16:51:21] [58/324] RCCR
[16:51:21] [59/324] INMT
[16:51:22] [60/324] LXTK
[16:51:23] [61/324] SRYK
[16:51:24] [62/324] SGDK
[16:51:25] [63/324] PPKA
[16:51:26] [64/324] SPKA
[16:51:27] [65/324] CGHH
[16:51:27] [66/324] DCJN
[16:51:28] [67/324] SRKV
[16:51:29] [68/324] SAJC
[16:51:31] [69/324] SUSR
[16:51:31] [70/324] STYG
[16:51:32] [71/324] NTKP
[16:51:33] [72/324] AKTG
[16:51:34] [73/324] CGCM
[16:51:35] [74/324] TULC
[16:51:36] [75/324] NYYZ
[16:51:37] [76/324] NYBW
[16:51:37] [77/324] MACB
[16:51:39] [78/324] SLVT
[16:51:40] [79/324] SANA
[16:51:41] [80/324] ACMR
[16:51:42] [81/324] CPKN
[16:51:43] [82/324] DLGK
[16:51:44] [83/324] CWCK
[16:51:45] [84/324] FDDH
[16:51:46] [85/324] MMMD
[16:51:47] [86/324] CMEH
[16:51:47] [87/324] GGGV
[16:51:48] [88/324] SPJL
[16:51:49] [89/324] RCCD
[16:51:50] [90/324] STTZ
[16:51:50] [91/324] BTCF
[16:51:51] [92/324] TSTZ
[16:51:52] [93/324] IPMM
[16:51:54] [94/324] PMPW
[16:51:55] [95/324] PCMZ
[16:51:56] [96/324] ESEM
[16:51:57] [97/324] PIPO
[16:51:58] [98/324] MATK
[16:51:59] [99/324] PGHM
[16:51:59] [100/324] CTSR
[16:52:00] [101/324] CYKR
[16:52:01] [102/324] MSCM
[16:52:02] [103/324] RFNP
[16:52:04] [104/324] PDCP
[16:52:05] [105/324] NPSE
[16:52:06] [106/324] MKML
[16:52:06] [107/324] FTDP
[16:52:07] [108/324] MMXA
[16:52:08] [109/324] CEPO
[16:52:09] [110/324] CMVP
[16:52:10] [111/324] SGTH
[16:52:11] [112/324] SAYN
[16:52:11] [113/324] URVS
[16:52:12] [114/324] VJTN
[16:52:13] [115/324] BBYK
[16:52:14] [116/324] SHBO
[16:52:15] [117/324] VCMR
[16:52:16] [118/324] MACT
[16:52:16] [119/324] JMNP
[16:52:17] [120/324] VICS
[16:52:18] [121/324] VCDA
[16:52:19] [122/324] GCMM
[16:52:20] [123/324] INVS
[16:52:21] [124/324] SCGM
[16:52:21] [125/324] PCDA
[16:52:22] [126/324] KDCT
[16:52:23] [127/324] JACS
[16:52:23] [128/324] GMMC
[16:52:24] [129/324] AICM
[16:52:25] [130/324] TJCM
[16:52:27] [131/324] RMTI
[16:52:29] [132/324] SHAC
[16:52:29] [133/324] APJC
[16:52:31] [134/324] GCTG
[16:52:31] [135/324] SSMC
[16:52:32] [136/324] THRM
[16:52:33] [137/324] RBCT
[16:52:34] [138/324] DIKT
[16:52:35] [139/324] MIDL
[16:52:35] [140/324] VCSN
[16:52:36] [141/324] SKTG
[16:52:37] [142/324] SMWC
[16:52:38] [143/324] MNKH
[16:52:38] [144/324] PIAT
[16:52:39] [145/324] LTTP
[16:52:40] [146/324] PTPU
[16:52:41] [147/324] ACMG
[16:52:41] [148/324] SHMM
[16:52:42] [149/324] MCMN
[16:52:43] [150/324] GLDC
[16:52:44] [151/324] HOUT
[16:52:45] [152/324] SVRP
[16:52:45] [153/324] PVDN
[16:52:46] [154/324] SCPY
[16:52:47] [155/324] DTPY
[16:52:48] [156/324] GKCS
[16:52:50] [157/324] NCAM
[16:52:50] [158/324] BSRM
[16:52:51] [159/324] RCLC
[16:52:52] [160/324] SKKD
[16:52:53] [161/324] ACHU
[16:52:54] [162/324] RSCF
[16:52:55] [163/324] IMSH
[16:52:56] [164/324] MACX
[16:52:56] [165/324] HMMW
[16:52:57] [166/324] JTCP
[16:52:58] [167/324] SREN
[16:52:58] [168/324] PJRR
[16:53:00] [169/324] INAC
[16:53:00] [170/324] BMCA
[16:53:01] [171/324] SHCB
[16:53:02] [172/324] GABA
[16:53:03] [173/324] SBCT
[16:53:04] [174/324] GCMA
[16:53:05] [175/324] MYTK
[16:53:06] [176/324] INZS
[16:53:07] [177/324] RMIK
[16:53:08] [178/324] NYCH
[16:53:08] [179/324] RAVE
[16:53:09] [180/324] PSXM
[16:53:10] [181/324] MCGP
[16:53:11] [182/324] PDDK
[16:53:12] [183/324] SPCK
[16:53:12] [184/324] MCRL
[16:53:13] [185/324] MHKT
[16:53:14] [186/324] ANRR
[16:53:15] [187/324] SAPK
[16:53:16] [188/324] NCUK
[16:53:17] [189/324] JUGA
[16:53:18] [190/324] DBSC
[16:53:18] [191/324] LALK
[16:53:19] [192/324] GUCK
[16:53:21] [193/324] STSG
[16:53:22] [194/324] PPPZ
[16:53:22] [195/324] CNCY
[16:53:23] [196/324] MTAR
[16:53:24] [197/324] VNKD
[16:53:25] [198/324] KMAJ
[16:53:26] [199/324] ACXK
[16:53:27] [200/324] UTKC
[16:53:28] [201/324] PBLK
[16:53:29] [202/324] ACBX
[16:53:30] [203/324] PTGM
[16:53:31] [204/324] BTDA
[16:53:32] [205/324] PJMB
[16:53:32] [206/324] TPDA
[16:53:33] [207/324] AMOE
[16:53:34] [208/324] PRHT
[16:53:35] [209/324] PRTA
[16:53:36] [210/324] STAM
[16:53:37] [211/324] MSAA
[16:53:38] [212/324] SDLU
[16:53:38] [213/324] RCHH
[16:53:39] [214/324] KANT
[16:53:40] [215/324] FCRT
[16:53:41] [216/324] DNKM
[16:53:42] [217/324] RYCP
[16:53:42] [218/324] MYRP
[16:53:44] [219/324] PPAK
[16:53:45] [220/324] NVPK
[16:53:46] [221/324] PRMC
[16:53:47] [222/324] JBCS
[16:53:47] [223/324] GXCK
[16:53:48] [224/324] USKO
[16:53:49] [225/324] GTEM
[16:53:49] [226/324] SMBU
[16:53:50] [227/324] VETC
[16:53:51] [228/324] LCDA
[16:53:52] [229/324] MTVT
[16:53:53] [230/324] PYCP
[16:53:54] [231/324] PNSC
[16:53:54] [232/324] PPCC
[16:53:55] [233/324] TGRT
[16:53:56] [234/324] JYOT
[16:53:57] [235/324] SRCZ
[16:53:58] [236/324] SJTE
[16:53:59] [237/324] DESC
[16:54:00] [238/324] JHVN
[16:54:01] [239/324] IPSG
[16:54:02] [240/324] IPCM
[16:54:02] [241/324] PDRS
[16:54:03] [242/324] ANCV
[16:54:04] [243/324] CMVV
[16:54:05] [244/324] SHYP
[16:54:06] [245/324] DNCS
[16:54:06] [246/324] GAJK
[16:54:07] [247/324] AKTN
[16:54:08] [248/324] KAYA
[16:54:09] [249/324] SBRC
[16:54:10] [250/324] CHTP
[16:54:10] [251/324] SHRT
[16:54:12] [252/324] BCKU
[16:54:13] [253/324] FCPS
[16:54:14] [254/324] ARDD
[16:54:15] [255/324] CPCM
[16:54:16] [256/324] CGSM
[16:54:17] [257/324] PSMP
[16:54:18] [258/324] SDAL
[16:54:18] [259/324] RTNB
[16:54:19] [260/324] LMCR
[16:54:20] [261/324] CIMA
[16:54:21] [262/324] RNAS
[16:54:22] [263/324] LITH
[16:54:23] [264/324] PBOX
[16:54:23] [265/324] FRTS
[16:54:24] [266/324] RKIC
[16:54:25] [267/324] PTAI
[16:54:26] [268/324] GCIC
[16:54:27] [269/324] FNAS
[16:54:27] [270/324] SCAR
[16:54:29] [271/324] MTCA
[16:54:30] [272/324] SCTS
[16:54:31] [273/324] SYCS
[16:54:32] [274/324] RDMS
[16:54:33] [275/324] KAMP
[16:54:34] [276/324] ERSD
[16:54:35] [277/324] MJMJ
[16:54:36] [278/324] SRCJ
[16:54:36] [279/324] SCXE
[16:54:37] [280/324] SVFR
[16:54:38] [281/324] BHCS
[16:54:39] [282/324] IMCC
[16:54:40] [283/324] PCBO
[16:54:41] [284/324] PRVN
[16:54:42] [285/324] AUPM
[16:54:42] [286/324] INBW
[16:54:43] [287/324] SVCW
[16:54:44] [288/324] RKCF
[16:54:45] [289/324] UVBH
[16:54:45] [290/324] DNCY
[16:54:46] [291/324] ABCN
[16:54:47] [292/324] PRUR
[16:54:48] [293/324] PFMR
[16:54:49] [294/324] RKCN
[16:54:50] [295/324] CFEA
[16:54:50] [296/324] SDBG
[16:54:51] [297/324] SNAR
[16:54:52] [298/324] YISI
[16:54:53] [299/324] JCFF
[16:54:54] [300/324] VTRK
[16:54:55] [301/324] PCLZ
[16:54:56] [302/324] DIMY
[16:54:56] [303/324] BBTS
[16:54:57] [304/324] GATH
[16:54:58] [305/324] GTMN
[16:54:59] [306/324] VTMH
[16:55:00] [307/324] CCKP
[16:55:01] [308/324] GPKA
[16:55:02] [309/324] MHCL
[16:55:03] [310/324] ATCL
[16:55:04] [311/324] SBCK
[16:55:05] [312/324] AMMR
[16:55:06] [313/324] MADC
[16:55:07] [314/324] TMMA
[16:55:07] [315/324] CACC
[16:55:08] [316/324] CHAL
[16:55:09] [317/324] DURG
[16:55:10] [318/324] GMKU
[16:55:11] [319/324] GECA
[16:55:11] [320/324] KYRR
[16:55:12] [321/324] KSDE
[16:55:13] [322/324] LMCI
[16:55:14] [323/324] NKCP
[16:55:15] [324/324] BGTC
[16:55:16] 🧹 Deduping shows
[16:55:16] ✅ DONE | Shows=606 | Movies=55
[04:50:43] 🚀 SCRIPT STARTED
[04:50:43] [1/324] GCTA
[04:50:43] 🧠 New identity created
[04:50:43] [2/324] TOPN
[04:50:44] [3/324] MCUS
[04:50:45] [4/324] SHRL
[04:50:46] [5/324] UPTP
[04:50:47] [6/324] TMMP
[04:50:47] [7/324] DNRP
[04:50:49] [8/324] SRLT
[04:50:50] [9/324] RCNS
[04:50:51] [10/324] DCBH
[04:50:51] [11/324] NAGJ
[04:50:52] [12/324] JVRC
[04:50:53] [13/324] KRJG
[04:50:54] [14/324] SRTJ
[04:50:55] [15/324] CMXM
[04:50:56] [16/324] STMI
[04:50:57] [17/324] SLST
[04:50:58] [18/324] DTCN
[04:50:58] [19/324] STYN
[04:50:59] [20/324] SZVR
[04:51:00] [21/324] SRKO
[04:51:01] [22/324] JTGT
[04:51:02] [23/324] SVFD
[04:51:03] [24/324] SISD
[04:51:04] [25/324] ABDD
[04:51:05] [26/324] DRCA
[04:51:06] [27/324] AVCS
[04:51:07] [28/324] MVKH
[04:51:08] [29/324] ACPR
[04:51:08] [30/324] STIP
[04:51:09] [31/324] MTRA
[04:51:10] [32/324] RMKH
[04:51:12] [33/324] NKRL
[04:51:13] [34/324] PCWN
[04:51:13] [35/324] BLMT
[04:51:14] [36/324] GDPG
[04:51:15] [37/324] SRMX
[04:51:16] [38/324] JACP
[04:51:17] [39/324] CPSH
[04:51:18] [40/324] MCCD
[04:51:19] [41/324] ECGH
[04:51:20] [42/324] MKCK
[04:51:21] [43/324] SRMM
[04:51:22] [44/324] SKYR
[04:51:22] [45/324] PCKC
[04:51:23] [46/324] JCMA
[04:51:24] [47/324] BSMP
[04:51:25] [48/324] VSPA
[04:51:26] [49/324] DJYA
[04:51:27] [50/324] DIMP
[04:51:28] [51/324] FXDR
[04:51:28] [52/324] SSRC
[04:51:29] [53/324] STHP
[04:51:30] [54/324] CPPD
[04:51:31] [55/324] FCLK
[04:51:32] [56/324] SCPP
[04:51:32] [57/324] DCMJ
[04:51:33] [58/324] RCCR
[04:51:35] [59/324] INMT
[04:51:36] [60/324] LXTK
[04:51:37] [61/324] SRYK
[04:51:38] [62/324] SGDK
[04:51:40] [63/324] PPKA
[04:51:40] [64/324] SPKA
[04:51:41] [65/324] CGHH
[04:51:42] [66/324] DCJN
[04:51:43] [67/324] SRKV
[04:51:45] [68/324] SAJC
[04:51:45] [69/324] SUSR
[04:51:46] [70/324] STYG
[04:51:47] [71/324] NTKP
[04:51:48] [72/324] AKTG
[04:51:49] [73/324] CGCM
[04:51:50] [74/324] TULC
[04:51:50] [75/324] NYYZ
[04:51:51] [76/324] NYBW
[04:51:52] [77/324] MACB
[04:51:53] [78/324] SLVT
[04:51:54] [79/324] SANA
[04:51:54] [80/324] ACMR
[04:51:55] [81/324] CPKN
[04:51:56] [82/324] DLGK
[04:51:57] [83/324] CWCK
[04:51:58] [84/324] FDDH
[04:51:59] [85/324] MMMD
[04:52:00] [86/324] CMEH
[04:52:01] [87/324] GGGV
[04:52:02] [88/324] SPJL
[04:52:03] [89/324] RCCD
[04:52:03] [90/324] STTZ
[04:52:04] [91/324] BTCF
[04:52:05] [92/324] TSTZ
[04:52:06] [93/324] IPMM
[04:52:07] [94/324] PMPW
[04:52:08] [95/324] PCMZ
[04:52:09] [96/324] ESEM
[04:52:09] [97/324] PIPO
[04:52:11] [98/324] MATK
[04:52:12] [99/324] PGHM
[04:52:13] [100/324] CTSR
[04:52:14] [101/324] CYKR
[04:52:14] [102/324] MSCM
[04:52:15] [103/324] RFNP
[04:52:16] [104/324] PDCP
[04:52:16] [105/324] NPSE
[04:52:17] [106/324] MKML
[04:52:18] [107/324] FTDP
[04:52:19] [108/324] MMXA
[04:52:20] [109/324] CEPO
[04:52:21] [110/324] CMVP
[04:52:22] [111/324] SGTH
[04:52:23] [112/324] SAYN
[04:52:24] [113/324] URVS
[04:52:25] [114/324] VJTN
[04:52:26] [115/324] BBYK
[04:52:27] [116/324] SHBO
[04:52:28] [117/324] VCMR
[04:52:28] [118/324] MACT
[04:52:29] [119/324] JMNP
[04:52:30] [120/324] VICS
[04:52:31] [121/324] VCDA
[04:52:32] [122/324] GCMM
[04:52:33] [123/324] INVS
[04:52:34] [124/324] SCGM
[04:52:35] [125/324] PCDA
[04:52:36] [126/324] KDCT
[04:52:37] [127/324] JACS
[04:52:38] [128/324] GMMC
[04:52:39] [129/324] AICM
[04:52:39] [130/324] TJCM
[04:52:40] [131/324] RMTI
[04:52:41] [132/324] SHAC
[04:52:42] [133/324] APJC
[04:52:43] [134/324] GCTG
[04:52:44] [135/324] SSMC
[04:52:46] [136/324] THRM
[04:52:47] [137/324] RBCT
[04:52:48] [138/324] DIKT
[04:52:48] [139/324] MIDL
[04:52:49] [140/324] VCSN
[04:52:50] [141/324] SKTG
[04:52:51] [142/324] SMWC
[04:52:52] [143/324] MNKH
[04:52:53] [144/324] PIAT
[04:52:54] [145/324] LTTP
[04:52:55] [146/324] PTPU
[04:52:56] [147/324] ACMG
[04:52:57] [148/324] SHMM
[04:52:57] [149/324] MCMN
[04:52:58] [150/324] GLDC
[04:52:59] [151/324] HOUT
[04:53:00] [152/324] SVRP
[04:53:00] [153/324] PVDN
[04:53:01] [154/324] SCPY
[04:53:02] [155/324] DTPY
[04:53:03] [156/324] GKCS
[04:53:04] [157/324] NCAM
[04:53:04] [158/324] BSRM
[04:53:05] [159/324] RCLC
[04:53:07] [160/324] SKKD
[04:53:08] [161/324] ACHU
[04:53:09] [162/324] RSCF
[04:53:10] [163/324] IMSH
[04:53:11] [164/324] MACX
[04:53:11] [165/324] HMMW
[04:53:12] [166/324] JTCP
[04:53:14] [167/324] SREN
[04:53:15] [168/324] PJRR
[04:53:17] [169/324] INAC
[04:53:19] [170/324] BMCA
[04:53:19] [171/324] SHCB
[04:53:20] [172/324] GABA
[04:53:21] [173/324] SBCT
[04:53:22] [174/324] GCMA
[04:53:23] [175/324] MYTK
[04:53:24] [176/324] INZS
[04:53:24] [177/324] RMIK
[04:53:26] [178/324] NYCH
[04:53:27] [179/324] RAVE
[04:53:28] [180/324] PSXM
[04:53:29] [181/324] MCGP
[04:53:29] [182/324] PDDK
[04:53:30] [183/324] SPCK
[04:53:31] [184/324] MCRL
[04:53:32] [185/324] MHKT
[04:53:33] [186/324] ANRR
[04:53:34] [187/324] SAPK
[04:53:34] [188/324] NCUK
[04:53:36] [189/324] JUGA
[04:53:37] [190/324] DBSC
[04:53:38] [191/324] LALK
[04:53:39] [192/324] GUCK
[04:53:39] [193/324] STSG
[04:53:41] [194/324] PPPZ
[04:53:42] [195/324] CNCY
[04:53:42] [196/324] MTAR
[04:53:43] [197/324] VNKD
[04:53:44] [198/324] KMAJ
[04:53:45] [199/324] ACXK
[04:53:46] [200/324] UTKC
[04:53:46] [201/324] PBLK
[04:53:48] [202/324] ACBX
[04:53:50] [203/324] PTGM
[04:53:50] [204/324] BTDA
[04:53:51] [205/324] PJMB
[04:53:52] [206/324] TPDA
[04:53:53] [207/324] AMOE
[04:53:54] [208/324] PRHT
[04:53:55] [209/324] PRTA
[04:53:55] [210/324] STAM
[04:53:56] [211/324] MSAA
[04:53:57] [212/324] SDLU
[04:53:59] [213/324] RCHH
[04:53:59] [214/324] KANT
[04:54:00] [215/324] FCRT
[04:54:02] [216/324] DNKM
[04:54:03] [217/324] RYCP
[04:54:03] [218/324] MYRP
[04:54:04] [219/324] PPAK
[04:54:05] [220/324] NVPK
[04:54:07] [221/324] PRMC
[04:54:07] [222/324] JBCS
[04:54:08] [223/324] GXCK
[04:54:09] [224/324] USKO
[04:54:10] [225/324] GTEM
[04:54:11] [226/324] SMBU
[04:54:12] [227/324] VETC
[04:54:12] [228/324] LCDA
[04:54:13] [229/324] MTVT
[04:54:14] [230/324] PYCP
[04:54:15] [231/324] PNSC
[04:54:15] [232/324] PPCC
[04:54:16] [233/324] TGRT
[04:54:17] [234/324] JYOT
[04:54:19] [235/324] SRCZ
[04:54:20] [236/324] SJTE
[04:54:21] [237/324] DESC
[04:54:22] [238/324] JHVN
[04:54:24] [239/324] IPSG
[04:54:24] [240/324] IPCM
[04:54:26] [241/324] PDRS
[04:54:27] [242/324] ANCV
[04:54:28] [243/324] CMVV
[04:54:29] [244/324] SHYP
[04:54:30] [245/324] DNCS
[04:54:31] [246/324] GAJK
[04:54:32] [247/324] AKTN
[04:54:33] [248/324] KAYA
[04:54:34] [249/324] SBRC
[04:54:34] [250/324] CHTP
[04:54:35] [251/324] SHRT
[04:54:37] [252/324] BCKU
[04:54:38] [253/324] FCPS
[04:54:39] [254/324] ARDD
[04:54:40] [255/324] CPCM
[04:54:40] [256/324] CGSM
[04:54:41] [257/324] PSMP
[04:54:42] [258/324] SDAL
[04:54:43] [259/324] RTNB
[04:54:44] [260/324] LMCR
[04:54:45] [261/324] CIMA
[04:54:45] [262/324] RNAS
[04:54:46] [263/324] LITH
[04:54:47] [264/324] PBOX
[04:54:48] [265/324] FRTS
[04:54:49] [266/324] RKIC
[04:54:50] [267/324] PTAI
[04:54:50] [268/324] GCIC
[04:54:51] [269/324] FNAS
[04:54:52] [270/324] SCAR
[04:54:53] [271/324] MTCA
[04:54:54] [272/324] SCTS
[04:54:55] [273/324] SYCS
[04:54:56] [274/324] RDMS
[04:54:56] [275/324] KAMP
[04:54:57] [276/324] ERSD
[04:54:58] [277/324] MJMJ
[04:54:59] [278/324] SRCJ
[04:55:00] [279/324] SCXE
[04:55:00] [280/324] SVFR
[04:55:02] [281/324] BHCS
[04:55:03] [282/324] IMCC
[04:55:04] [283/324] PCBO
[04:55:05] [284/324] PRVN
[04:55:06] [285/324] AUPM
[04:55:08] [286/324] INBW
[04:55:09] [287/324] SVCW
[04:55:10] [288/324] RKCF
[04:55:11] [289/324] UVBH
[04:55:11] [290/324] DNCY
[04:55:12] [291/324] ABCN
[04:55:13] [292/324] PRUR
[04:55:14] [293/324] PFMR
[04:55:14] [294/324] RKCN
[04:55:16] [295/324] CFEA
[04:55:17] [296/324] SDBG
[04:55:18] [297/324] SNAR
[04:55:19] [298/324] YISI
[04:55:20] [299/324] JCFF
[04:55:21] [300/324] VTRK
[04:55:21] [301/324] PCLZ
[04:55:22] [302/324] DIMY
[04:55:24] [303/324] BBTS
[04:55:25] [304/324] GATH
[04:55:26] [305/324] GTMN
[04:55:26] [306/324] VTMH
[04:55:27] [307/324] CCKP
[04:55:28] [308/324] GPKA
[04:55:30] [309/324] MHCL
[04:55:30] [310/324] ATCL
[04:55:31] [311/324] SBCK
[04:55:32] [312/324] AMMR
[04:55:33] [313/324] MADC
[04:55:33] [314/324] TMMA
[04:55:34] [315/324] CACC
[04:55:35] [316/324] CHAL
[04:55:36] [317/324] DURG
[04:55:37] [318/324] GMKU
[04:55:38] [319/324] GECA
[04:55:39] [320/324] KYRR
[04:55:39] [321/324] KSDE
[04:55:40] [322/324] LMCI
[04:55:41] [323/324] NKCP
[04:55:42] [324/324] BGTC
[04:55:43] 🧹 Deduping shows
[04:55:43] ✅ DONE | Shows=684 | Movies=62
[11:59:48] 🚀 SCRIPT STARTED
[11:59:48] [1/324] GCTA
[11:59:48] 🧠 New identity created
[11:59:49] [2/324] TOPN
[11:59:50] [3/324] MCUS
[11:59:51] [4/324] SHRL
[11:59:52] [5/324] UPTP
[11:59:52] [6/324] TMMP
[11:59:54] [7/324] DNRP
[11:59:55] [8/324] SRLT
[11:59:56] [9/324] RCNS
[11:59:57] [10/324] DCBH
[11:59:58] [11/324] NAGJ
[11:59:58] [12/324] JVRC
[11:59:59] [13/324] KRJG
[12:00:00] [14/324] SRTJ
[12:00:01] [15/324] CMXM
[12:00:02] [16/324] STMI
[12:00:03] [17/324] SLST
[12:00:03] [18/324] DTCN
[12:00:04] [19/324] STYN
[12:00:05] [20/324] SZVR
[12:00:06] [21/324] SRKO
[12:00:07] [22/324] JTGT
[12:00:09] [23/324] SVFD
[12:00:09] [24/324] SISD
[12:00:10] [25/324] ABDD
[12:00:11] [26/324] DRCA
[12:00:13] [27/324] AVCS
[12:00:14] [28/324] MVKH
[12:00:14] [29/324] ACPR
[12:00:15] [30/324] STIP
[12:00:16] [31/324] MTRA
[12:00:17] [32/324] RMKH
[12:00:18] [33/324] NKRL
[12:00:18] [34/324] PCWN
[12:00:20] [35/324] BLMT
[12:00:21] [36/324] GDPG
[12:00:22] [37/324] SRMX
[12:00:22] [38/324] JACP
[12:00:24] [39/324] CPSH
[12:00:25] [40/324] MCCD
[12:00:26] [41/324] ECGH
[12:00:27] [42/324] MKCK
[12:00:28] [43/324] SRMM
[12:00:29] [44/324] SKYR
[12:00:30] [45/324] PCKC
[12:00:30] [46/324] JCMA
[12:00:31] [47/324] BSMP
[12:00:32] [48/324] VSPA
[12:00:33] [49/324] DJYA
[12:00:34] [50/324] DIMP
[12:00:35] [51/324] FXDR
[12:00:36] [52/324] SSRC
[12:00:37] [53/324] STHP
[12:00:38] [54/324] CPPD
[12:00:38] [55/324] FCLK
[12:00:39] [56/324] SCPP
[12:00:41] [57/324] DCMJ
[12:00:42] [58/324] RCCR
[12:00:43] [59/324] INMT
[12:00:44] [60/324] LXTK
[12:00:45] [61/324] SRYK
[12:00:46] [62/324] SGDK
[12:00:46] [63/324] PPKA
[12:00:48] [64/324] SPKA
[12:00:49] [65/324] CGHH
[12:00:50] [66/324] DCJN
[12:00:51] [67/324] SRKV
[12:00:51] [68/324] SAJC
[12:00:53] [69/324] SUSR
[12:00:54] [70/324] STYG
[12:00:55] [71/324] NTKP
[12:00:56] [72/324] AKTG
[12:00:57] [73/324] CGCM
[12:00:58] [74/324] TULC
[12:00:59] [75/324] NYYZ
[12:01:00] [76/324] NYBW
[12:01:00] [77/324] MACB
[12:01:01] [78/324] SLVT
[12:01:02] [79/324] SANA
[12:01:03] [80/324] ACMR
[12:01:04] [81/324] CPKN
[12:01:05] [82/324] DLGK
[12:01:05] [83/324] CWCK
[12:01:06] [84/324] FDDH
[12:01:07] [85/324] MMMD
[12:01:08] [86/324] CMEH
[12:01:09] [87/324] GGGV
[12:01:10] [88/324] SPJL
[12:01:11] [89/324] RCCD
[12:01:12] [90/324] STTZ
[12:01:13] [91/324] BTCF
[12:01:13] [92/324] TSTZ
[12:01:14] [93/324] IPMM
[12:01:15] [94/324] PMPW
[12:01:16] [95/324] PCMZ
[12:01:16] [96/324] ESEM
[12:01:18] [97/324] PIPO
[12:01:19] [98/324] MATK
[12:01:20] [99/324] PGHM
[12:01:21] [100/324] CTSR
[12:01:22] [101/324] CYKR
[12:01:23] [102/324] MSCM
[12:01:24] [103/324] RFNP
[12:01:26] [104/324] PDCP
[12:01:27] [105/324] NPSE
[12:01:28] [106/324] MKML
[12:01:28] [107/324] FTDP
[12:01:29] [108/324] MMXA
[12:01:30] [109/324] CEPO
[12:01:32] [110/324] CMVP
[12:01:33] [111/324] SGTH
[12:01:33] [112/324] SAYN
[12:01:34] [113/324] URVS
[12:01:35] [114/324] VJTN
[12:01:36] [115/324] BBYK
[12:01:37] [116/324] SHBO
[12:01:38] [117/324] VCMR
[12:01:39] [118/324] MACT
[12:01:39] [119/324] JMNP
[12:01:40] [120/324] VICS
[12:01:41] [121/324] VCDA
[12:01:42] [122/324] GCMM
[12:01:43] [123/324] INVS
[12:01:44] [124/324] SCGM
[12:01:44] [125/324] PCDA
[12:01:45] [126/324] KDCT
[12:01:46] [127/324] JACS
[12:01:47] [128/324] GMMC
[12:01:49] [129/324] AICM
[12:01:49] [130/324] TJCM
[12:01:50] [131/324] RMTI
[12:01:51] [132/324] SHAC
[12:01:52] [133/324] APJC
[12:01:53] [134/324] GCTG
[12:01:55] [135/324] SSMC
[12:01:55] [136/324] THRM
[12:01:57] [137/324] RBCT
[12:01:57] [138/324] DIKT
[12:01:58] [139/324] MIDL
[12:01:59] [140/324] VCSN
[12:02:00] [141/324] SKTG
[12:02:01] [142/324] SMWC
[12:02:02] [143/324] MNKH
[12:02:03] [144/324] PIAT
[12:02:04] [145/324] LTTP
[12:02:05] [146/324] PTPU
[12:02:06] [147/324] ACMG
[12:02:06] [148/324] SHMM
[12:02:07] [149/324] MCMN
[12:02:08] [150/324] GLDC
[12:02:09] [151/324] HOUT
[12:02:10] [152/324] SVRP
[12:02:11] [153/324] PVDN
[12:02:12] [154/324] SCPY
[12:02:12] [155/324] DTPY
[12:02:13] [156/324] GKCS
[12:02:14] [157/324] NCAM
[12:02:15] [158/324] BSRM
[12:02:16] [159/324] RCLC
[12:02:17] [160/324] SKKD
[12:02:18] [161/324] ACHU
[12:02:19] [162/324] RSCF
[12:02:19] [163/324] IMSH
[12:02:20] [164/324] MACX
[12:02:21] [165/324] HMMW
[12:02:22] [166/324] JTCP
[12:02:23] [167/324] SREN
[12:02:24] [168/324] PJRR
[12:02:25] [169/324] INAC
[12:02:26] [170/324] BMCA
[12:02:26] [171/324] SHCB
[12:02:27] [172/324] GABA
[12:02:28] [173/324] SBCT
[12:02:29] [174/324] GCMA
[12:02:30] [175/324] MYTK
[12:02:30] [176/324] INZS
[12:02:31] [177/324] RMIK
[12:02:32] [178/324] NYCH
[12:02:33] [179/324] RAVE
[12:02:34] [180/324] PSXM
[12:02:35] [181/324] MCGP
[12:02:36] [182/324] PDDK
[12:02:37] [183/324] SPCK
[12:02:37] [184/324] MCRL
[12:02:38] [185/324] MHKT
[12:02:39] [186/324] ANRR
[12:02:40] [187/324] SAPK
[12:02:41] [188/324] NCUK
[12:02:41] [189/324] JUGA
[12:02:42] [190/324] DBSC
[12:02:43] [191/324] LALK
[12:02:45] [192/324] GUCK
[12:02:46] [193/324] STSG
[12:02:47] [194/324] PPPZ
[12:02:48] [195/324] CNCY
[12:02:49] [196/324] MTAR
[12:02:49] [197/324] VNKD
[12:02:50] [198/324] KMAJ
[12:02:51] [199/324] ACXK
[12:02:52] [200/324] UTKC
[12:02:53] [201/324] PBLK
[12:02:54] [202/324] ACBX
[12:02:54] [203/324] PTGM
[12:02:55] [204/324] BTDA
[12:02:56] [205/324] PJMB
[12:02:56] [206/324] TPDA
[12:02:57] [207/324] AMOE
[12:02:58] [208/324] PRHT
[12:02:59] [209/324] PRTA
[12:03:00] [210/324] STAM
[12:03:01] [211/324] MSAA
[12:03:01] [212/324] SDLU
[12:03:02] [213/324] RCHH
[12:03:03] [214/324] KANT
[12:03:04] [215/324] FCRT
[12:03:05] [216/324] DNKM
[12:03:05] [217/324] RYCP
[12:03:06] [218/324] MYRP
[12:03:08] [219/324] PPAK
[12:03:09] [220/324] NVPK
[12:03:09] [221/324] PRMC
[12:03:11] [222/324] JBCS
[12:03:12] [223/324] GXCK
[12:03:13] [224/324] USKO
[12:03:14] [225/324] GTEM
[12:03:15] [226/324] SMBU
[12:03:16] [227/324] VETC
[12:03:17] [228/324] LCDA
[12:03:17] [229/324] MTVT
[12:03:18] [230/324] PYCP
[12:03:19] [231/324] PNSC
[12:03:20] [232/324] PPCC
[12:03:21] [233/324] TGRT
[12:03:21] [234/324] JYOT
[12:03:22] [235/324] SRCZ
[12:03:23] [236/324] SJTE
[12:03:24] [237/324] DESC
[12:03:25] [238/324] JHVN
[12:03:26] [239/324] IPSG
[12:03:27] [240/324] IPCM
[12:03:28] [241/324] PDRS
[12:03:28] [242/324] ANCV
[12:03:29] [243/324] CMVV
[12:03:31] [244/324] SHYP
[12:03:32] [245/324] DNCS
[12:03:32] [246/324] GAJK
[12:03:33] [247/324] AKTN
[12:03:34] [248/324] KAYA
[12:03:35] [249/324] SBRC
[12:03:36] [250/324] CHTP
[12:03:37] [251/324] SHRT
[12:03:38] [252/324] BCKU
[12:03:39] [253/324] FCPS
[12:03:39] [254/324] ARDD
[12:03:40] [255/324] CPCM
[12:03:41] [256/324] CGSM
[12:03:42] [257/324] PSMP
[12:03:43] [258/324] SDAL
[12:03:44] [259/324] RTNB
[12:03:45] [260/324] LMCR
[12:03:45] [261/324] CIMA
[12:03:46] [262/324] RNAS
[12:03:47] [263/324] LITH
[12:03:48] [264/324] PBOX
[12:03:49] [265/324] FRTS
[12:03:50] [266/324] RKIC
[12:03:51] [267/324] PTAI
[12:03:51] [268/324] GCIC
[12:03:53] [269/324] FNAS
[12:03:54] [270/324] SCAR
[12:03:55] [271/324] MTCA
[12:03:56] [272/324] SCTS
[12:03:56] [273/324] SYCS
[12:03:57] [274/324] RDMS
[12:03:58] [275/324] KAMP
[12:03:59] [276/324] ERSD
[12:04:00] [277/324] MJMJ
[12:04:00] [278/324] SRCJ
[12:04:01] [279/324] SCXE
[12:04:03] [280/324] SVFR
[12:04:04] [281/324] BHCS
[12:04:04] [282/324] IMCC
[12:04:05] [283/324] PCBO
[12:04:06] [284/324] PRVN
[12:04:07] [285/324] AUPM
[12:04:08] [286/324] INBW
[12:04:09] [287/324] SVCW
[12:04:10] [288/324] RKCF
[12:04:10] [289/324] UVBH
[12:04:11] [290/324] DNCY
[12:04:12] [291/324] ABCN
[12:04:13] [292/324] PRUR
[12:04:13] [293/324] PFMR
[12:04:14] [294/324] RKCN
[12:04:15] [295/324] CFEA
[12:04:16] [296/324] SDBG
[12:04:17] [297/324] SNAR
[12:04:17] [298/324] YISI
[12:04:18] [299/324] JCFF
[12:04:19] [300/324] VTRK
[12:04:20] [301/324] PCLZ
[12:04:21] [302/324] DIMY
[12:04:22] [303/324] BBTS
[12:04:23] [304/324] GATH
[12:04:23] [305/324] GTMN
[12:04:24] [306/324] VTMH
[12:04:25] [307/324] CCKP
[12:04:26] [308/324] GPKA
[12:04:27] [309/324] MHCL
[12:04:27] [310/324] ATCL
[12:04:28] [311/324] SBCK
[12:04:29] [312/324] AMMR
[12:04:30] [313/324] MADC
[12:04:31] [314/324] TMMA
[12:04:32] [315/324] CACC
[12:04:33] [316/324] CHAL
[12:04:34] [317/324] DURG
[12:04:35] [318/324] GMKU
[12:04:35] [319/324] GECA
[12:04:36] [320/324] KYRR
[12:04:37] [321/324] KSDE
[12:04:38] [322/324] LMCI
[12:04:39] [323/324] NKCP
[12:04:40] [324/324] BGTC
[12:04:40] 🧹 Deduping shows
[12:04:40] ✅ DONE | Shows=699 | Movies=62
[19:05:50] 🚀 SCRIPT STARTED
[19:05:50] [1/324] GCTA
[19:05:50] 🧠 New identity created
[19:05:50] [2/324] TOPN
[19:05:51] [3/324] MCUS
[19:05:52] [4/324] SHRL
[19:05:53] [5/324] UPTP
[19:05:53] [6/324] TMMP
[19:05:54] [7/324] DNRP
[19:05:54] [8/324] SRLT
[19:05:55] [9/324] RCNS
[19:05:56] [10/324] DCBH
[19:05:56] [11/324] NAGJ
[19:05:57] [12/324] JVRC
[19:05:58] [13/324] KRJG
[19:05:58] [14/324] SRTJ
[19:05:59] [15/324] CMXM
[19:05:59] [16/324] STMI
[19:06:00] [17/324] SLST
[19:06:01] [18/324] DTCN
[19:06:01] [19/324] STYN
[19:06:02] [20/324] SZVR
[19:06:02] [21/324] SRKO
[19:06:03] [22/324] JTGT
[19:06:03] [23/324] SVFD
[19:06:04] [24/324] SISD
[19:06:04] [25/324] ABDD
[19:06:05] [26/324] DRCA
[19:06:05] [27/324] AVCS
[19:06:06] [28/324] MVKH
[19:06:07] [29/324] ACPR
[19:06:07] [30/324] STIP
[19:06:08] [31/324] MTRA
[19:06:08] [32/324] RMKH
[19:06:09] [33/324] NKRL
[19:06:09] [34/324] PCWN
[19:06:10] [35/324] BLMT
[19:06:11] [36/324] GDPG
[19:06:11] [37/324] SRMX
[19:06:12] [38/324] JACP
[19:06:13] [39/324] CPSH
[19:06:13] [40/324] MCCD
[19:06:13] [41/324] ECGH
[19:06:14] [42/324] MKCK
[19:06:14] [43/324] SRMM
[19:06:15] [44/324] SKYR
[19:06:15] [45/324] PCKC
[19:06:16] [46/324] JCMA
[19:06:17] [47/324] BSMP
[19:06:17] [48/324] VSPA
[19:06:18] [49/324] DJYA
[19:06:18] [50/324] DIMP
[19:06:19] [51/324] FXDR
[19:06:19] [52/324] SSRC
[19:06:20] [53/324] STHP
[19:06:21] [54/324] CPPD
[19:06:22] [55/324] FCLK
[19:06:23] [56/324] SCPP
[19:06:24] [57/324] DCMJ
[19:06:24] [58/324] RCCR
[19:06:25] [59/324] INMT
[19:06:25] [60/324] LXTK
[19:06:26] [61/324] SRYK
[19:06:26] [62/324] SGDK
[19:06:27] [63/324] PPKA
[19:06:28] [64/324] SPKA
[19:06:28] [65/324] CGHH
[19:06:29] [66/324] DCJN
[19:06:29] [67/324] SRKV
[19:06:30] [68/324] SAJC
[19:06:31] [69/324] SUSR
[19:06:31] [70/324] STYG
[19:06:31] [71/324] NTKP
[19:06:32] [72/324] AKTG
[19:06:32] [73/324] CGCM
[19:06:33] [74/324] TULC
[19:06:33] [75/324] NYYZ
[19:06:34] [76/324] NYBW
[19:06:34] [77/324] MACB
[19:06:35] [78/324] SLVT
[19:06:35] [79/324] SANA
[19:06:36] [80/324] ACMR
[19:06:37] [81/324] CPKN
[19:06:37] [82/324] DLGK
[19:06:38] [83/324] CWCK
[19:06:38] [84/324] FDDH
[19:06:39] [85/324] MMMD
[19:06:39] [86/324] CMEH
[19:06:40] [87/324] GGGV
[19:06:40] [88/324] SPJL
[19:06:41] [89/324] RCCD
[19:06:41] [90/324] STTZ
[19:06:42] [91/324] BTCF
[19:06:43] [92/324] TSTZ
[19:06:43] [93/324] IPMM
[19:06:44] [94/324] PMPW
[19:06:44] [95/324] PCMZ
[19:06:45] [96/324] ESEM
[19:06:45] [97/324] PIPO
[19:06:46] [98/324] MATK
[19:06:46] [99/324] PGHM
[19:06:47] [100/324] CTSR
[19:06:48] [101/324] CYKR
[19:06:48] [102/324] MSCM
[19:06:49] [103/324] RFNP
[19:06:50] [104/324] PDCP
[19:06:50] [105/324] NPSE
[19:06:51] [106/324] MKML
[19:06:52] [107/324] FTDP
[19:06:52] [108/324] MMXA
[19:06:52] [109/324] CEPO
[19:06:53] [110/324] CMVP
[19:06:53] [111/324] SGTH
[19:06:54] [112/324] SAYN
[19:06:55] [113/324] URVS
[19:06:55] [114/324] VJTN
[19:06:56] [115/324] BBYK
[19:06:56] [116/324] SHBO
[19:06:57] [117/324] VCMR
[19:06:57] [118/324] MACT
[19:06:58] [119/324] JMNP
[19:06:58] [120/324] VICS
[19:06:59] [121/324] VCDA
[19:06:59] [122/324] GCMM
[19:07:00] [123/324] INVS
[19:07:01] [124/324] SCGM
[19:07:01] [125/324] PCDA
[19:07:02] [126/324] KDCT
[19:07:02] [127/324] JACS
[19:07:03] [128/324] GMMC
[19:07:03] [129/324] AICM
[19:07:04] [130/324] TJCM
[19:07:04] [131/324] RMTI
[19:07:05] [132/324] SHAC
[19:07:06] [133/324] APJC
[19:07:06] [134/324] GCTG
[19:07:07] [135/324] SSMC
[19:07:08] [136/324] THRM
[19:07:08] [137/324] RBCT
[19:07:08] [138/324] DIKT
[19:07:09] [139/324] MIDL
[19:07:09] [140/324] VCSN
[19:07:10] [141/324] SKTG
[19:07:10] [142/324] SMWC
[19:07:11] [143/324] MNKH
[19:07:11] [144/324] PIAT
[19:07:12] [145/324] LTTP
[19:07:13] [146/324] PTPU
[19:07:13] [147/324] ACMG
[19:07:14] [148/324] SHMM
[19:07:14] [149/324] MCMN
[19:07:15] [150/324] GLDC
[19:07:15] [151/324] HOUT
[19:07:16] [152/324] SVRP
[19:07:16] [153/324] PVDN
[19:07:16] [154/324] SCPY
[19:07:17] [155/324] DTPY
[19:07:17] [156/324] GKCS
[19:07:18] [157/324] NCAM
[19:07:19] [158/324] BSRM
[19:07:19] [159/324] RCLC
[19:07:20] [160/324] SKKD
[19:07:21] [161/324] ACHU
[19:07:21] [162/324] RSCF
[19:07:22] [163/324] IMSH
[19:07:22] [164/324] MACX
[19:07:23] [165/324] HMMW
[19:07:23] [166/324] JTCP
[19:07:24] [167/324] SREN
[19:07:25] [168/324] PJRR
[19:07:26] [169/324] INAC
[19:07:27] [170/324] BMCA
[19:07:28] [171/324] SHCB
[19:07:29] [172/324] GABA
[19:07:30] [173/324] SBCT
[19:07:31] [174/324] GCMA
[19:07:32] [175/324] MYTK
[19:07:32] [176/324] INZS
[19:07:33] [177/324] RMIK
[19:07:34] [178/324] NYCH
[19:07:35] [179/324] RAVE
[19:07:36] [180/324] PSXM
[19:07:37] [181/324] MCGP
[19:07:37] [182/324] PDDK
[19:07:38] [183/324] SPCK
[19:07:39] [184/324] MCRL
[19:07:40] [185/324] MHKT
[19:07:41] [186/324] ANRR
[19:07:41] [187/324] SAPK
[19:07:42] [188/324] NCUK
[19:07:43] [189/324] JUGA
[19:07:44] [190/324] DBSC
[19:07:44] [191/324] LALK
[19:07:45] [192/324] GUCK
[19:07:46] [193/324] STSG
[19:07:47] [194/324] PPPZ
[19:07:48] [195/324] CNCY
[19:07:49] [196/324] MTAR
[19:07:49] [197/324] VNKD
[19:07:51] [198/324] KMAJ
[19:07:52] [199/324] ACXK
[19:07:53] [200/324] UTKC
[19:07:54] [201/324] PBLK
[19:07:54] [202/324] ACBX
[19:07:55] [203/324] PTGM
[19:07:56] [204/324] BTDA
[19:07:57] [205/324] PJMB
[19:07:58] [206/324] TPDA
[19:07:59] [207/324] AMOE
[19:07:59] [208/324] PRHT
[19:08:00] [209/324] PRTA
[19:08:01] [210/324] STAM
[19:08:02] [211/324] MSAA
[19:08:02] [212/324] SDLU
[19:08:03] [213/324] RCHH
[19:08:04] [214/324] KANT
[19:08:05] [215/324] FCRT
[19:08:06] [216/324] DNKM
[19:08:07] [217/324] RYCP
[19:08:08] [218/324] MYRP
[19:08:09] [219/324] PPAK
[19:08:09] [220/324] NVPK
[19:08:10] [221/324] PRMC
[19:08:11] [222/324] JBCS
[19:08:12] [223/324] GXCK
[19:08:13] [224/324] USKO
[19:08:14] [225/324] GTEM
[19:08:15] [226/324] SMBU
[19:08:15] [227/324] VETC
[19:08:16] [228/324] LCDA
[19:08:17] [229/324] MTVT
[19:08:18] [230/324] PYCP
[19:08:19] [231/324] PNSC
[19:08:19] [232/324] PPCC
[19:08:20] [233/324] TGRT
[19:08:21] [234/324] JYOT
[19:08:22] [235/324] SRCZ
[19:08:22] [236/324] SJTE
[19:08:23] [237/324] DESC
[19:08:24] [238/324] JHVN
[19:08:25] [239/324] IPSG
[19:08:26] [240/324] IPCM
[19:08:27] [241/324] PDRS
[19:08:28] [242/324] ANCV
[19:08:28] [243/324] CMVV
[19:08:30] [244/324] SHYP
[19:08:31] [245/324] DNCS
[19:08:32] [246/324] GAJK
[19:08:32] [247/324] AKTN
[19:08:33] [248/324] KAYA
[19:08:34] [249/324] SBRC
[19:08:35] [250/324] CHTP
[19:08:35] [251/324] SHRT
[19:08:36] [252/324] BCKU
[19:08:37] [253/324] FCPS
[19:08:37] [254/324] ARDD
[19:08:39] [255/324] CPCM
[19:08:39] [256/324] CGSM
[19:08:40] [257/324] PSMP
[19:08:41] [258/324] SDAL
[19:08:42] [259/324] RTNB
[19:08:43] [260/324] LMCR
[19:08:44] [261/324] CIMA
[19:08:44] [262/324] RNAS
[19:08:45] [263/324] LITH
[19:08:47] [264/324] PBOX
[19:08:47] [265/324] FRTS
[19:08:48] [266/324] RKIC
[19:08:48] [267/324] PTAI
[19:08:49] [268/324] GCIC
[19:08:50] [269/324] FNAS
[19:08:51] [270/324] SCAR
[19:08:52] [271/324] MTCA
[19:08:52] [272/324] SCTS
[19:08:54] [273/324] SYCS
[19:08:55] [274/324] RDMS
[19:08:56] [275/324] KAMP
[19:08:57] [276/324] ERSD
[19:08:58] [277/324] MJMJ
[19:08:59] [278/324] SRCJ
[19:09:00] [279/324] SCXE
[19:09:01] [280/324] SVFR
[19:09:02] [281/324] BHCS
[19:09:03] [282/324] IMCC
[19:09:04] [283/324] PCBO
[19:09:05] [284/324] PRVN
[19:09:05] [285/324] AUPM
[19:09:06] [286/324] INBW
[19:09:07] [287/324] SVCW
[19:09:08] [288/324] RKCF
[19:09:09] [289/324] UVBH
[19:09:10] [290/324] DNCY
[19:09:11] [291/324] ABCN
[19:09:11] [292/324] PRUR
[19:09:12] [293/324] PFMR
[19:09:13] [294/324] RKCN
[19:09:14] [295/324] CFEA
[19:09:15] [296/324] SDBG
[19:09:15] [297/324] SNAR
[19:09:16] [298/324] YISI
[19:09:17] [299/324] JCFF
[19:09:18] [300/324] VTRK
[19:09:18] [301/324] PCLZ
[19:09:19] [302/324] DIMY
[19:09:20] [303/324] BBTS
[19:09:21] [304/324] GATH
[19:09:22] [305/324] GTMN
[19:09:22] [306/324] VTMH
[19:09:23] [307/324] CCKP
[19:09:25] [308/324] GPKA
[19:09:25] [309/324] MHCL
[19:09:26] [310/324] ATCL
[19:09:27] [311/324] SBCK
[19:09:28] [312/324] AMMR
[19:09:29] [313/324] MADC
[19:09:30] [314/324] TMMA
[19:09:30] [315/324] CACC
[19:09:31] [316/324] CHAL
[19:09:32] [317/324] DURG
[19:09:33] [318/324] GMKU
[19:09:34] [319/324] GECA
[19:09:35] [320/324] KYRR
[19:09:35] [321/324] KSDE
[19:09:36] [322/324] LMCI
[19:09:37] [323/324] NKCP
[19:09:38] [324/324] BGTC
[19:09:39] 🧹 Deduping shows
[19:09:39] ✅ DONE | Shows=1068 | Movies=71
[21:53:23] 🚀 SCRIPT STARTED
[21:53:23] [1/324] GCTA
[21:53:23] 🧠 New identity created
[21:53:24] [2/324] TOPN
[21:53:25] [3/324] MCUS
[21:53:26] [4/324] SHRL
[21:53:27] [5/324] UPTP
[21:53:28] [6/324] TMMP
[21:53:29] [7/324] DNRP
[21:53:30] [8/324] SRLT
[21:53:31] [9/324] RCNS
[21:53:32] [10/324] DCBH
[21:53:33] [11/324] NAGJ
[21:53:34] [12/324] JVRC
[21:53:35] [13/324] KRJG
[21:53:36] [14/324] SRTJ
[21:53:37] [15/324] CMXM
[21:53:38] [16/324] STMI
[21:53:39] [17/324] SLST
[21:53:40] [18/324] DTCN
[21:53:41] [19/324] STYN
[21:53:42] [20/324] SZVR
[21:53:44] [21/324] SRKO
[21:53:45] [22/324] JTGT
[21:53:46] [23/324] SVFD
[21:53:47] [24/324] SISD
[21:53:48] [25/324] ABDD
[21:53:49] [26/324] DRCA
[21:53:49] [27/324] AVCS
[21:53:50] [28/324] MVKH
[21:53:51] [29/324] ACPR
[21:53:52] [30/324] STIP
[21:53:53] [31/324] MTRA
[21:53:53] [32/324] RMKH
[21:53:54] [33/324] NKRL
[21:53:55] [34/324] PCWN
[21:53:56] [35/324] BLMT
[21:53:57] [36/324] GDPG
[21:53:58] [37/324] SRMX
[21:53:58] [38/324] JACP
[21:53:59] [39/324] CPSH
[21:54:01] [40/324] MCCD
[21:54:02] [41/324] ECGH
[21:54:03] [42/324] MKCK
[21:54:04] [43/324] SRMM
[21:54:04] [44/324] SKYR
[21:54:05] [45/324] PCKC
[21:54:07] [46/324] JCMA
[21:54:07] [47/324] BSMP
[21:54:08] [48/324] VSPA
[21:54:09] [49/324] DJYA
[21:54:10] [50/324] DIMP
[21:54:11] [51/324] FXDR
[21:54:11] [52/324] SSRC
[21:54:12] [53/324] STHP
[21:54:13] [54/324] CPPD
[21:54:14] [55/324] FCLK
[21:54:15] [56/324] SCPP
[21:54:16] [57/324] DCMJ
[21:54:17] [58/324] RCCR
[21:54:17] [59/324] INMT
[21:54:18] [60/324] LXTK
[21:54:19] [61/324] SRYK
[21:54:20] [62/324] SGDK
[21:54:21] [63/324] PPKA
[21:54:22] [64/324] SPKA
[21:54:23] [65/324] CGHH
[21:54:24] [66/324] DCJN
[21:54:25] [67/324] SRKV
[21:54:25] [68/324] SAJC
[21:54:26] [69/324] SUSR
[21:54:27] [70/324] STYG
[21:54:28] [71/324] NTKP
[21:54:29] [72/324] AKTG
[21:54:30] [73/324] CGCM
[21:54:31] [74/324] TULC
[21:54:31] [75/324] NYYZ
[21:54:32] [76/324] NYBW
[21:54:34] [77/324] MACB
[21:54:35] [78/324] SLVT
[21:54:36] [79/324] SANA
[21:54:37] [80/324] ACMR
[21:54:38] [81/324] CPKN
[21:54:39] [82/324] DLGK
[21:54:40] [83/324] CWCK
[21:54:41] [84/324] FDDH
[21:54:42] [85/324] MMMD
[21:54:43] [86/324] CMEH
[21:54:44] [87/324] GGGV
[21:54:45] [88/324] SPJL
[21:54:45] [89/324] RCCD
[21:54:46] [90/324] STTZ
[21:54:47] [91/324] BTCF
[21:54:48] [92/324] TSTZ
[21:54:49] [93/324] IPMM
[21:54:50] [94/324] PMPW
[21:54:51] [95/324] PCMZ
[21:54:52] [96/324] ESEM
[21:54:53] [97/324] PIPO
[21:54:53] [98/324] MATK
[21:54:55] [99/324] PGHM
[21:54:55] [100/324] CTSR
[21:54:56] [101/324] CYKR
[21:54:57] [102/324] MSCM
[21:54:58] [103/324] RFNP
[21:54:59] [104/324] PDCP
[21:55:00] [105/324] NPSE
[21:55:00] [106/324] MKML
[21:55:01] [107/324] FTDP
[21:55:02] [108/324] MMXA
[21:55:03] [109/324] CEPO
[21:55:04] [110/324] CMVP
[21:55:05] [111/324] SGTH
[21:55:06] [112/324] SAYN
[21:55:07] [113/324] URVS
[21:55:07] [114/324] VJTN
[21:55:08] [115/324] BBYK
[21:55:09] [116/324] SHBO
[21:55:10] [117/324] VCMR
[21:55:11] [118/324] MACT
[21:55:11] [119/324] JMNP
[21:55:12] [120/324] VICS
[21:55:13] [121/324] VCDA
[21:55:13] [122/324] GCMM
[21:55:14] [123/324] INVS
[21:55:15] [124/324] SCGM
[21:55:16] [125/324] PCDA
[21:55:17] [126/324] KDCT
[21:55:18] [127/324] JACS
[21:55:19] [128/324] GMMC
[21:55:20] [129/324] AICM
[21:55:21] [130/324] TJCM
[21:55:22] [131/324] RMTI
[21:55:23] [132/324] SHAC
[21:55:24] [133/324] APJC
[21:55:24] [134/324] GCTG
[21:55:25] [135/324] SSMC
[21:55:26] [136/324] THRM
[21:55:27] [137/324] RBCT
[21:55:28] [138/324] DIKT
[21:55:29] [139/324] MIDL
[21:55:29] [140/324] VCSN
[21:55:30] [141/324] SKTG
[21:55:31] [142/324] SMWC
[21:55:32] [143/324] MNKH
[21:55:33] [144/324] PIAT
[21:55:34] [145/324] LTTP
[21:55:34] [146/324] PTPU
[21:55:35] [147/324] ACMG
[21:55:36] [148/324] SHMM
[21:55:37] [149/324] MCMN
[21:55:37] [150/324] GLDC
[21:55:38] [151/324] HOUT
[21:55:39] [152/324] SVRP
[21:55:40] [153/324] PVDN
[21:55:41] [154/324] SCPY
[21:55:42] [155/324] DTPY
[21:55:43] [156/324] GKCS
[21:55:44] [157/324] NCAM
[21:55:45] [158/324] BSRM
[21:55:46] [159/324] RCLC
[21:55:47] [160/324] SKKD
[21:55:48] [161/324] ACHU
[21:55:49] [162/324] RSCF
[21:55:50] [163/324] IMSH
[21:55:51] [164/324] MACX
[21:55:52] [165/324] HMMW
[21:55:53] [166/324] JTCP
[21:55:54] [167/324] SREN
[21:55:55] [168/324] PJRR
[21:55:56] [169/324] INAC
[21:55:57] [170/324] BMCA
[21:55:58] [171/324] SHCB
[21:55:59] [172/324] GABA
[21:55:59] [173/324] SBCT
[21:56:00] [174/324] GCMA
[21:56:01] [175/324] MYTK
[21:56:02] [176/324] INZS
[21:56:03] [177/324] RMIK
[21:56:03] [178/324] NYCH
[21:56:04] [179/324] RAVE
[21:56:05] [180/324] PSXM
[21:56:06] [181/324] MCGP
[21:56:07] [182/324] PDDK
[21:56:08] [183/324] SPCK
[21:56:09] [184/324] MCRL
[21:56:10] [185/324] MHKT
[21:56:11] [186/324] ANRR
[21:56:11] [187/324] SAPK
[21:56:12] [188/324] NCUK
[21:56:13] [189/324] JUGA
[21:56:14] [190/324] DBSC
[21:56:15] [191/324] LALK
[21:56:16] [192/324] GUCK
[21:56:17] [193/324] STSG
[21:56:18] [194/324] PPPZ
[21:56:19] [195/324] CNCY
[21:56:20] [196/324] MTAR
[21:56:20] [197/324] VNKD
[21:56:21] [198/324] KMAJ
[21:56:22] [199/324] ACXK
[21:56:23] [200/324] UTKC
[21:56:24] [201/324] PBLK
[21:56:24] [202/324] ACBX
[21:56:26] [203/324] PTGM
[21:56:27] [204/324] BTDA
[21:56:28] [205/324] PJMB
[21:56:29] [206/324] TPDA
[21:56:29] [207/324] AMOE
[21:56:30] [208/324] PRHT
[21:56:31] [209/324] PRTA
[21:56:32] [210/324] STAM
[21:56:33] [211/324] MSAA
[21:56:34] [212/324] SDLU
[21:56:34] [213/324] RCHH
[21:56:35] [214/324] KANT
[21:56:36] [215/324] FCRT
[21:56:37] [216/324] DNKM
[21:56:38] [217/324] RYCP
[21:56:39] [218/324] MYRP
[21:56:39] [219/324] PPAK
[21:56:41] [220/324] NVPK
[21:56:42] [221/324] PRMC
[21:56:42] [222/324] JBCS
[21:56:43] [223/324] GXCK
[21:56:44] [224/324] USKO
[21:56:45] [225/324] GTEM
[21:56:46] [226/324] SMBU
[21:56:47] [227/324] VETC
[21:56:48] [228/324] LCDA
[21:56:49] [229/324] MTVT
[21:56:49] [230/324] PYCP
[21:56:50] [231/324] PNSC
[21:56:52] [232/324] PPCC
[21:56:53] [233/324] TGRT
[21:56:54] [234/324] JYOT
[21:56:55] [235/324] SRCZ
[21:56:56] [236/324] SJTE
[21:56:56] [237/324] DESC
[21:56:57] [238/324] JHVN
[21:56:58] [239/324] IPSG
[21:56:59] [240/324] IPCM
[21:57:00] [241/324] PDRS
[21:57:01] [242/324] ANCV
[21:57:02] [243/324] CMVV
[21:57:03] [244/324] SHYP
[21:57:03] [245/324] DNCS
[21:57:04] [246/324] GAJK
[21:57:05] [247/324] AKTN
[21:57:06] [248/324] KAYA
[21:57:07] [249/324] SBRC
[21:57:08] [250/324] CHTP
[21:57:09] [251/324] SHRT
[21:57:09] [252/324] BCKU
[21:57:10] [253/324] FCPS
[21:57:11] [254/324] ARDD
[21:57:12] [255/324] CPCM
[21:57:13] [256/324] CGSM
[21:57:14] [257/324] PSMP
[21:57:15] [258/324] SDAL
[21:57:16] [259/324] RTNB
[21:57:16] [260/324] LMCR
[21:57:17] [261/324] CIMA
[21:57:18] [262/324] RNAS
[21:57:19] [263/324] LITH
[21:57:20] [264/324] PBOX
[21:57:20] [265/324] FRTS
[21:57:21] [266/324] RKIC
[21:57:22] [267/324] PTAI
[21:57:23] [268/324] GCIC
[21:57:24] [269/324] FNAS
[21:57:25] [270/324] SCAR
[21:57:25] [271/324] MTCA
[21:57:26] [272/324] SCTS
[21:57:27] [273/324] SYCS
[21:57:28] [274/324] RDMS
[21:57:29] [275/324] KAMP
[21:57:30] [276/324] ERSD
[21:57:31] [277/324] MJMJ
[21:57:32] [278/324] SRCJ
[21:57:33] [279/324] SCXE
[21:57:33] [280/324] SVFR
[21:57:34] [281/324] BHCS
[21:57:35] [282/324] IMCC
[21:57:36] [283/324] PCBO
[21:57:37] [284/324] PRVN
[21:57:38] [285/324] AUPM
[21:57:38] [286/324] INBW
[21:57:39] [287/324] SVCW
[21:57:40] [288/324] RKCF
[21:57:40] [289/324] UVBH
[21:57:41] [290/324] DNCY
[21:57:42] [291/324] ABCN
[21:57:43] [292/324] PRUR
[21:57:44] [293/324] PFMR
[21:57:44] [294/324] RKCN
[21:57:45] [295/324] CFEA
[21:57:47] [296/324] SDBG
[21:57:47] [297/324] SNAR
[21:57:48] [298/324] YISI
[21:57:49] [299/324] JCFF
[21:57:50] [300/324] VTRK
[21:57:50] [301/324] PCLZ
[21:57:51] [302/324] DIMY
[21:57:52] [303/324] BBTS
[21:57:53] [304/324] GATH
[21:57:54] [305/324] GTMN
[21:57:55] [306/324] VTMH
[21:57:56] [307/324] CCKP
[21:57:56] [308/324] GPKA
[21:57:57] [309/324] MHCL
[21:57:58] [310/324] ATCL
[21:57:59] [311/324] SBCK
[21:58:00] [312/324] AMMR
[21:58:00] [313/324] MADC
[21:58:01] [314/324] TMMA
[21:58:02] [315/324] CACC
[21:58:03] [316/324] CHAL
[21:58:04] [317/324] DURG
[21:58:04] [318/324] GMKU
[21:58:05] [319/324] GECA
[21:58:07] [320/324] KYRR
[21:58:08] [321/324] KSDE
[21:58:09] [322/324] LMCI
[21:58:09] [323/324] NKCP
[21:58:11] [324/324] BGTC
[21:58:12] 🧹 Deduping shows
[21:58:12] ✅ DONE | Shows=1259 | Movies=77
