[00:40:38] 🚀 BMS DAILY TRACKER STARTED
[00:40:38] [1/459] NECA
[00:40:38] 🧠 New identity
[00:40:39] [2/459] BJLC
[00:40:40] [3/459] BASU
[00:40:42] [4/459] RUPI
[00:40:43] [5/459] LCBK
[00:40:44] [6/459] PMAC
[00:40:45] [7/459] AMLC
[00:40:46] [8/459] LICL
[00:40:47] [9/459] UDMM
[00:40:48] [10/459] STBZ
[00:40:50] [11/459] UUBT
[00:40:51] [12/459] SJKC
[00:40:52] [13/459] TUAL
[00:40:53] [14/459] MRSE
[00:40:54] [15/459] RMRK
[00:40:55] [16/459] TTKP
[00:40:56] [17/459] KTKO
[00:40:57] [18/459] SDBK
[00:40:58] [19/459] MCPR
[00:40:59] [20/459] CHTI
[00:41:00] [21/459] GCCP
[00:41:01] [22/459] SRMY
[00:41:02] [23/459] NYST
[00:41:03] [24/459] NYAG
[00:41:04] [25/459] SBMT
[00:41:06] [26/459] INGA
[00:41:08] [27/459] WSIC
[00:41:08] [28/459] SCSS
[00:41:09] [29/459] COPG
[00:41:10] [30/459] RCGR
[00:41:12] [31/459] TCZA
[00:41:14] [32/459] CNLP
[00:41:15] [33/459] CLKN
[00:41:15] [34/459] LHDF
[00:41:16] [35/459] ELKC
[00:41:18] [36/459] VCEM
[00:41:19] [37/459] SSZA
[00:41:21] [38/459] KRMT
[00:41:21] [39/459] LCMV
[00:41:23] [40/459] AYCZ
[00:41:24] [41/459] CUMS
[00:41:25] [42/459] BOCK
[00:41:27] [43/459] PNMR
[00:41:28] [44/459] PJCP
[00:41:28] [45/459] JDDD
[00:41:30] [46/459] STMS
[00:41:31] [47/459] FLMB
[00:41:32] [48/459] PKCM
[00:41:33] [49/459] SPPR
[00:41:34] [50/459] EYLH
[00:41:34] [51/459] RJCC
[00:41:35] [52/459] MMPS
[00:41:37] [53/459] SHMX
[00:41:38] [54/459] CCNL
[00:41:38] [55/459] RCNV
[00:41:40] [56/459] MAAG
[00:41:41] [57/459] LXCM
[00:41:42] [58/459] RCNI
[00:41:43] [59/459] SNNI
[00:41:43] [60/459] LALC
[00:41:44] [61/459] SOCN
[00:41:46] [62/459] JHTP
[00:41:47] [63/459] PITP
[00:41:48] [64/459] CCKW
[00:41:48] [65/459] MCMC
[00:41:50] [66/459] DEES
[00:41:51] [67/459] SABT
[00:41:53] [68/459] VSPP
[00:41:54] [69/459] ABCT
[00:41:55] [70/459] JVTB
[00:41:56] [71/459] VCBD
[00:41:57] [72/459] RMGG
[00:41:57] [73/459] RNMH
[00:41:58] [74/459] SPGL
[00:41:59] [75/459] JTTR
[00:42:00] [76/459] SICS
[00:42:01] [77/459] SRMI
[00:42:01] [78/459] SSIJ
[00:42:02] [79/459] KFMT
[00:42:03] [80/459] VBIT
[00:42:04] [81/459] JKCT
[00:42:06] [82/459] GCGP
[00:42:06] [83/459] GDCS
[00:42:08] [84/459] TRBA
[00:42:09] [85/459] QUST
[00:42:10] [86/459] VSHM
[00:42:11] [87/459] SDCP
[00:42:12] [88/459] SNVS
[00:42:14] [89/459] NYTO
[00:42:16] [90/459] URWC
[00:42:17] [91/459] GTWH
[00:42:18] [92/459] PFCM
[00:42:19] [93/459] KRTA
[00:42:20] [94/459] AXMC
[00:42:21] [95/459] EVMC
[00:42:22] [96/459] HGSM
[00:42:24] [97/459] ACVM
[00:42:25] [98/459] PSKL
[00:42:26] [99/459] RDMP
[00:42:27] [100/459] RHGH
[00:42:28] [101/459] OMCM
[00:42:29] [102/459] DCCP
[00:42:30] [103/459] MCPB
[00:42:31] [104/459] ALCI
[00:42:32] [105/459] BLMX
[00:42:32] [106/459] BTMV
[00:42:33] [107/459] FVPN
[00:42:34] [108/459] CMAR
[00:42:36] [109/459] CEIM
[00:42:36] [110/459] CMVA
[00:42:38] [111/459] CPIV
[00:42:39] [112/459] CNPE
[00:42:40] [113/459] COLV
[00:42:41] [114/459] DNNV
[00:42:42] [115/459] HCAD
[00:42:43] [116/459] TAKA
[00:42:44] [117/459] INVD
[00:42:45] [118/459] IRMM
[00:42:47] [119/459] INSE
[00:42:48] [120/459] MRSW
[00:42:48] [121/459] MCVD
[00:42:49] [122/459] MCSO
[00:42:50] [123/459] PEVM
[00:42:51] [124/459] PVNL
[00:42:52] [125/459] PTCV
[00:42:52] [126/459] PRTC
[00:42:53] [127/459] RCVA
[00:42:54] [128/459] MTBN
[00:42:55] [129/459] LUCP
[00:42:56] [130/459] FMPT
[00:42:58] [131/459] JLSL
[00:42:59] [132/459] SBHA
[00:43:00] [133/459] SHRC
[00:43:01] [134/459] AVPS
[00:43:02] [135/459] STPM
[00:43:04] [136/459] ATRD
[00:43:05] [137/459] VTED
[00:43:06] [138/459] ACAI
[00:43:07] [139/459] SMAE
[00:43:08] [140/459] VMAT
[00:43:09] [141/459] LKCT
[00:43:10] [142/459] JTVK
[00:43:11] [143/459] PRTY
[00:43:13] [144/459] GETT
[00:43:13] [145/459] ESAP
[00:43:14] [146/459] NCPM
[00:43:15] [147/459] PCPA
[00:43:16] [148/459] MMOM
[00:43:17] [149/459] PHUP
[00:43:18] [150/459] CCPI
[00:43:19] [151/459] CNTD
[00:43:20] [152/459] NLJR
[00:43:20] [153/459] SRNG
[00:43:21] [154/459] MHAL
[00:43:23] [155/459] PNSM
[00:43:24] [156/459] DRMY
[00:43:25] [157/459] CCMU
[00:43:25] [158/459] SCMY
[00:43:27] [159/459] PVSY
[00:43:28] [160/459] SDLM
[00:43:30] [161/459] ICCM
[00:43:30] [162/459] PYSU
[00:43:31] [163/459] GATM
[00:43:32] [164/459] WOTM
[00:43:33] [165/459] RKTS
[00:43:35] [166/459] PMTY
[00:43:36] [167/459] LYMS
[00:43:36] [168/459] TGCA
[00:43:37] [169/459] DSTA
[00:43:39] [170/459] CNGE
[00:43:40] [171/459] VSTG
[00:43:41] [172/459] GTCK
[00:43:43] [173/459] TGNT
[00:43:45] [174/459] ASLC
[00:43:46] [175/459] SSST
[00:43:46] [176/459] KBTT
[00:43:47] [177/459] HKCP
[00:43:48] [178/459] SWLC
[00:43:49] [179/459] RTND
[00:43:50] [180/459] PKKT
[00:43:52] [181/459] HSTK
[00:43:53] [182/459] SPTT
[00:43:53] [183/459] IMPM
[00:43:54] [184/459] SCMV
[00:43:55] [185/459] SPCT
[00:43:57] [186/459] JBCA
[00:43:58] [187/459] ATTR
[00:44:00] [188/459] SPMT
[00:44:02] [189/459] LCTM
[00:44:03] [190/459] SCVL
[00:44:03] [191/459] SCVT
[00:44:04] [192/459] KRIC
[00:44:05] [193/459] CTMG
[00:44:07] [194/459] ACNC
[00:44:08] [195/459] DMCK
[00:44:09] [196/459] KMTV
[00:44:10] [197/459] PFCJ
[00:44:11] [198/459] VNMD
[00:44:12] [199/459] VPCZ
[00:44:14] [200/459] SRYR
[00:44:15] [201/459] SYTR
[00:44:16] [202/459] GATR
[00:44:17] [203/459] URTR
[00:44:18] [204/459] MKSM
[00:44:19] [205/459] VSMH
[00:44:19] [206/459] SKRJ
[00:44:20] [207/459] SSJR
[00:44:21] [208/459] SVSM
[00:44:22] [209/459] RUCM
[00:44:23] [210/459] PRKN
[00:44:24] [211/459] RROH
[00:44:25] [212/459] SCTN
[00:44:26] [213/459] RTDM
[00:44:26] [214/459] ASRM
[00:44:27] [215/459] SKMD
[00:44:28] [216/459] SUTD
[00:44:29] [217/459] SADM
[00:44:30] [218/459] WCNR
[00:44:32] [219/459] CNED
[00:44:33] [220/459] MPDB
[00:44:33] [221/459] KTBH
[00:44:34] [222/459] IDRM
[00:44:35] [223/459] PJJT
[00:44:36] [224/459] PFCV
[00:44:37] [225/459] AACT
[00:44:38] [226/459] AAAD
[00:44:39] [227/459] ANES
[00:44:40] [228/459] MNCA
[00:44:41] [229/459] RMGU
[00:44:41] [230/459] DLCN
[00:44:42] [231/459] LJWT
[00:44:43] [232/459] MCBG
[00:44:44] [233/459] MYBG
[00:44:45] [234/459] GCCA
[00:44:46] [235/459] GCGA
[00:44:47] [236/459] ECGN
[00:44:49] [237/459] PRAB
[00:44:50] [238/459] PNMP
[00:44:52] [239/459] GCPT
[00:44:53] [240/459] ROYN
[00:44:54] [241/459] VATM
[00:44:55] [242/459] KSNT
[00:44:56] [243/459] ACTC
[00:44:57] [244/459] PLTD
[00:44:58] [245/459] SKMK
[00:44:59] [246/459] CMTT
[00:45:01] [247/459] SMXP
[00:45:01] [248/459] SCMX
[00:45:02] [249/459] ACXN
[00:45:03] [250/459] ASWT
[00:45:04] [251/459] VVVL
[00:45:05] [252/459] NAGO
[00:45:06] [253/459] SNCN
[00:45:07] [254/459] MCKP
[00:45:08] [255/459] SAMO
[00:45:09] [256/459] JBTV
[00:45:10] [257/459] DCVV
[00:45:11] [258/459] KMSV
[00:45:12] [259/459] KDCN
[00:45:14] [260/459] CNCP
[00:45:15] [261/459] HAMC
[00:45:16] [262/459] CCVZ
[00:45:17] [263/459] NCCK
[00:45:19] [264/459] MCHR
[00:45:20] [265/459] SCHT
[00:45:21] [266/459] ESSH
[00:45:23] [267/459] CUJC
[00:45:24] [268/459] PECP
[00:45:25] [269/459] PMMI
[00:45:26] [270/459] PCCH
[00:45:27] [271/459] PRPM
[00:45:28] [272/459] PVKL
[00:45:29] [273/459] CBSM
[00:45:31] [274/459] PVCZ
[00:45:32] [275/459] PCVV
[00:45:32] [276/459] CTMJ
[00:45:33] [277/459] RCPS
[00:45:34] [278/459] PCIT
[00:45:35] [279/459] FNCH
[00:45:36] [280/459] INZD
[00:45:37] [281/459] INPC
[00:45:38] [282/459] LCZP
[00:45:40] [283/459] SMCB
[00:45:41] [284/459] PTSB
[00:45:42] [285/459] TPSI
[00:45:43] [286/459] KHMJ
[00:45:45] [287/459] RCCJ
[00:45:45] [288/459] NCJA
[00:45:46] [289/459] NCJN
[00:45:47] [290/459] BTDP
[00:45:48] [291/459] PADY
[00:45:49] [292/459] NYBH
[00:45:50] [293/459] MTBR
[00:45:51] [294/459] KRBC
[00:45:52] [295/459] DKTI
[00:45:54] [296/459] ANAN
[00:45:55] [297/459] INBP
[00:45:55] [298/459] PATB
[00:45:56] [299/459] RGNT
[00:45:57] [300/459] CGPM
[00:45:58] [301/459] INTN
[00:46:00] [302/459] MCMP
[00:46:01] [303/459] ASRG
[00:46:02] [304/459] CXJD
[00:46:03] [305/459] SPCP
[00:46:04] [306/459] CSTP
[00:46:06] [307/459] PKVC
[00:46:07] [308/459] ESCP
[00:46:08] [309/459] CAEP
[00:46:09] [310/459] CCSP
[00:46:10] [311/459] KTPC
[00:46:11] [312/459] DACA
[00:46:12] [313/459] NVKY
[00:46:13] [314/459] PTIN
[00:46:14] [315/459] SCIN
[00:46:15] [316/459] MCTY
[00:46:16] [317/459] PCMX
[00:46:17] [318/459] INIC
[00:46:18] [319/459] MMZM
[00:46:19] [320/459] SSLP
[00:46:20] [321/459] DTDT
[00:46:21] [322/459] FFCX
[00:46:23] [323/459] RCMM
[00:46:24] [324/459] KYID
[00:46:26] [325/459] CSCI
[00:46:28] [326/459] FCMC
[00:46:28] [327/459] MMXI
[00:46:29] [328/459] ASTC
[00:46:30] [329/459] CMRA
[00:46:31] [330/459] DICI
[00:46:32] [331/459] KDIN
[00:46:34] [332/459] PRFI
[00:46:35] [333/459] SVFC
[00:46:36] [334/459] UCPL
[00:46:37] [335/459] COOC
[00:46:39] [336/459] SCAL
[00:46:40] [337/459] SVFF
[00:46:41] [338/459] VCMG
[00:46:42] [339/459] UUCT
[00:46:43] [340/459] GCSE
[00:46:44] [341/459] SUSC
[00:46:46] [342/459] MISC
[00:46:47] [343/459] RMBL
[00:46:47] [344/459] CMXN
[00:46:49] [345/459] PVBK
[00:46:50] [346/459] HHCG
[00:46:52] [347/459] SCAG
[00:46:53] [348/459] CNPR
[00:46:53] [349/459] CSER
[00:46:54] [350/459] HLWD
[00:46:55] [351/459] BOLY
[00:46:56] [352/459] SSPG
[00:46:57] [353/459] MUPX
[00:46:58] [354/459] HAMR
[00:46:59] [355/459] SDNC
[00:47:01] [356/459] RTEN
[00:47:02] [357/459] SDTD
[00:47:04] [358/459] KAWS
[00:47:05] [359/459] CMZX
[00:47:05] [360/459] DCDD
[00:47:06] [361/459] ALSN
[00:47:07] [362/459] IMXS
[00:47:08] [363/459] PVFF
[00:47:09] [364/459] PVOO
[00:47:10] [365/459] CFBS
[00:47:12] [366/459] PVER
[00:47:12] [367/459] PPNX
[00:47:14] [368/459] CNRM
[00:47:15] [369/459] PVWW
[00:47:16] [370/459] INMB
[00:47:17] [371/459] CPJR
[00:47:18] [372/459] INRZ
[00:47:19] [373/459] PMSR
[00:47:20] [374/459] GPGM
[00:47:21] [375/459] PGWB
[00:47:22] [376/459] PMBR
[00:47:23] [377/459] GPAM
[00:47:24] [378/459] INBC
[00:47:24] [379/459] PZVK
[00:47:25] [380/459] CPEB
[00:47:26] [381/459] FMLB
[00:47:28] [382/459] INBG
[00:47:29] [383/459] GPBR
[00:47:30] [384/459] PAAS
[00:47:31] [385/459] VTBR
[00:47:33] [386/459] GPMY
[00:47:34] [387/459] GYBU
[00:47:35] [388/459] INBJ
[00:47:35] [389/459] LKTH
[00:47:36] [390/459] NSBR
[00:47:37] [391/459] PDRD
[00:47:38] [392/459] VRBL
[00:47:39] [393/459] VTGB
[00:47:41] [394/459] VTSK
[00:47:42] [395/459] BKDV
[00:47:43] [396/459] SVTB
[00:47:45] [397/459] MLDT
[00:47:47] [398/459] NRBL
[00:47:47] [399/459] SLTR
[00:47:49] [400/459] VNKA
[00:47:49] [401/459] TDCA
[00:47:50] [402/459] INBM
[00:47:51] [403/459] SSNR
[00:47:53] [404/459] BHAC
[00:47:54] [405/459] SDSD
[00:47:54] [406/459] SAMP
[00:47:56] [407/459] RATK
[00:47:58] [408/459] KCBI
[00:47:59] [409/459] URBL
[00:48:00] [410/459] MKBG
[00:48:01] [411/459] ASTB
[00:48:02] [412/459] VBWT
[00:48:04] [413/459] GPSM
[00:48:05] [414/459] ROON
[00:48:06] [415/459] CHTH
[00:48:07] [416/459] SSPA
[00:48:07] [417/459] ANBL
[00:48:08] [418/459] VTBE
[00:48:09] [419/459] SVKT
[00:48:10] [420/459] SVYK
[00:48:10] [421/459] PTBK
[00:48:11] [422/459] RKTB
[00:48:13] [423/459] BALT
[00:48:14] [424/459] STSV
[00:48:15] [425/459] VCCB
[00:48:16] [426/459] SLTB
[00:48:18] [427/459] SBCR
[00:48:19] [428/459] VDCS
[00:48:21] [429/459] MDKI
[00:48:23] [430/459] SMRN
[00:48:24] [431/459] PTBC
[00:48:25] [432/459] RADI
[00:48:25] [433/459] ADCR
[00:48:26] [434/459] SDCS
[00:48:27] [435/459] SRPJ
[00:48:29] [436/459] ARTS
[00:48:29] [437/459] SRHK
[00:48:30] [438/459] SPAY
[00:48:31] [439/459] GPTB
[00:48:32] [440/459] SNNN
[00:48:33] [441/459] BALJ
[00:48:35] [442/459] TRIG
[00:48:36] [443/459] GTYT
[00:48:37] [444/459] ATGN
[00:48:38] [445/459] ANTE
[00:48:38] [446/459] BDCG
[00:48:40] [447/459] VECI
[00:48:41] [448/459] SCPR
[00:48:42] [449/459] RTEA
[00:48:43] [450/459] JSAI
[00:48:45] [451/459] VJTP
[00:48:46] [452/459] GNDS
[00:48:47] [453/459] PAXA
[00:48:48] [454/459] CGGM
[00:48:49] [455/459] ACKZ
[00:48:50] [456/459] EMCC
[00:48:51] [457/459] KLSK
[00:48:52] [458/459] AVCK
[00:48:52] [459/459] JTCK
[00:48:53] ✅ DONE | Shows=0 | Movies=0
