[00:40:35] 🚀 BMS DAILY TRACKER STARTED
[00:40:35] [1/296] CDCA
[00:40:35] 🧠 New identity
[00:40:36] [2/296] MNSR
[00:40:37] [3/296] CSSL
[00:40:38] [4/296] BGGM
[00:40:39] [5/296] MANT
[00:40:40] [6/296] SOOY
[00:40:41] [7/296] VPPK
[00:40:42] [8/296] MYHJ
[00:40:43] [9/296] KSCK
[00:40:44] [10/296] KATK
[00:40:45] [11/296] RTRT
[00:40:46] [12/296] SSTT
[00:40:47] [13/296] SSTV
[00:40:47] [14/296] LACM
[00:40:48] [15/296] SGMG
[00:40:49] [16/296] KACX
[00:40:50] [17/296] GVCP
[00:40:51] [18/296] CSNC
[00:40:52] [19/296] SXCB
[00:40:53] [20/296] BAHS
[00:40:55] [21/296] PCBI
[00:40:55] [22/296] PSSM
[00:40:56] [23/296] RCOK
[00:40:57] [24/296] SCPF
[00:40:58] [25/296] SSAS
[00:40:59] [26/296] EVMM
[00:41:00] [27/296] SYCB
[00:41:01] [28/296] GCKI
[00:41:02] [29/296] IAET
[00:41:02] [30/296] DDTD
[00:41:03] [31/296] GMDH
[00:41:04] [32/296] STLE
[00:41:05] [33/296] JTRA
[00:41:07] [34/296] RPPA
[00:41:08] [35/296] ARUT
[00:41:09] [36/296] JTVM
[00:41:10] [37/296] SWRH
[00:41:10] [38/296] DCPC
[00:41:11] [39/296] RAPR
[00:41:12] [40/296] GCRT
[00:41:13] [41/296] ATUN
[00:41:14] [42/296] LTRM
[00:41:16] [43/296] TASR
[00:41:16] [44/296] RLLC
[00:41:17] [45/296] MABI
[00:41:19] [46/296] SVHB
[00:41:20] [47/296] NVTB
[00:41:21] [48/296] KCKG
[00:41:23] [49/296] SSRN
[00:41:23] [50/296] VDDC
[00:41:24] [51/296] GKTK
[00:41:25] [52/296] YFSN
[00:41:26] [53/296] GCSG
[00:41:27] [54/296] ESSM
[00:41:28] [55/296] KRIH
[00:41:29] [56/296] GCDS
[00:41:30] [57/296] CCSH
[00:41:31] [58/296] ACSK
[00:41:31] [59/296] APRK
[00:41:33] [60/296] ADKM
[00:41:34] [61/296] SRDM
[00:41:35] [62/296] RMOG
[00:41:36] [63/296] SJMY
[00:41:36] [64/296] PGGC
[00:41:37] [65/296] INGM
[00:41:38] [66/296] LSCB
[00:41:39] [67/296] STAD
[00:41:40] [68/296] MCCR
[00:41:41] [69/296] ABCC
[00:41:43] [70/296] RKCC
[00:41:44] [71/296] RTCR
[00:41:44] [72/296] GGBC
[00:41:45] [73/296] GCSD
[00:41:46] [74/296] LPTY
[00:41:48] [75/296] MCFD
[00:41:49] [76/296] HENN
[00:41:50] [77/296] SMKU
[00:41:51] [78/296] TNZC
[00:41:52] [79/296] DRCD
[00:41:53] [80/296] DLCD
[00:41:54] [81/296] RCDA
[00:41:55] [82/296] COSM
[00:41:56] [83/296] MCMJ
[00:41:57] [84/296] CSTR
[00:41:58] [85/296] CVDK
[00:41:59] [86/296] INRR
[00:42:00] [87/296] RJRT
[00:42:01] [88/296] IRMR
[00:42:01] [89/296] SRCF
[00:42:02] [90/296] GRCR
[00:42:04] [91/296] SURC
[00:42:04] [92/296] NMNH
[00:42:05] [93/296] SVBL
[00:42:06] [94/296] KACI
[00:42:08] [95/296] TDGO
[00:42:09] [96/296] KTBR
[00:42:09] [97/296] PMAD
[00:42:10] [98/296] CCPN
[00:42:11] [99/296] SBTK
[00:42:12] [100/296] LMDK
[00:42:13] [101/296] PGDA
[00:42:14] [102/296] SRML
[00:42:15] [103/296] EVCK
[00:42:16] [104/296] RTTK
[00:42:17] [105/296] SRTU
[00:42:18] [106/296] VRSA
[00:42:19] [107/296] VARS
[00:42:20] [108/296] DSCZ
[00:42:20] [109/296] GAGA
[00:42:22] [110/296] SARV
[00:42:22] [111/296] SEEG
[00:42:23] [112/296] GLCA
[00:42:24] [113/296] APAS
[00:42:25] [114/296] VCIA
[00:42:26] [115/296] SJTA
[00:42:27] [116/296] SABM
[00:42:28] [117/296] PPAG
[00:42:29] [118/296] RVCA
[00:42:30] [119/296] CCIA
[00:42:31] [120/296] HTAG
[00:42:32] [121/296] SMBI
[00:42:32] [122/296] MCJR
[00:42:33] [123/296] CCJR
[00:42:34] [124/296] SINF
[00:42:35] [125/296] CPLX
[00:42:36] [126/296] KKTJ
[00:42:37] [127/296] GDBW
[00:42:38] [128/296] CSUB
[00:42:39] [129/296] DABA
[00:42:39] [130/296] TITR
[00:42:40] [131/296] NYCR
[00:42:41] [132/296] RTRY
[00:42:42] [133/296] JTJL
[00:42:43] [134/296] SJCP
[00:42:43] [135/296] KCCA
[00:42:44] [136/296] MLPG
[00:42:45] [137/296] VRCK
[00:42:46] [138/296] SRIN
[00:42:47] [139/296] CXMK
[00:42:48] [140/296] SKAD
[00:42:49] [141/296] AVTR
[00:42:50] [142/296] PTAJ
[00:42:51] [143/296] SCNK
[00:42:52] [144/296] STTI
[00:42:53] [145/296] KACR
[00:42:54] [146/296] SSDX
[00:42:55] [147/296] VRTJ
[00:42:56] [148/296] RAJD
[00:42:57] [149/296] SCIP
[00:42:57] [150/296] RJSL
[00:42:58] [151/296] ARRS
[00:42:59] [152/296] ASMS
[00:43:00] [153/296] RDTS
[00:43:01] [154/296] DVMY
[00:43:02] [155/296] RASA
[00:43:03] [156/296] INOM
[00:43:05] [157/296] SPRS
[00:43:06] [158/296] SGCS
[00:43:06] [159/296] SALM
[00:43:07] [160/296] PKHC
[00:43:08] [161/296] RCSV
[00:43:09] [162/296] CPKC
[00:43:10] [163/296] AACD
[00:43:11] [164/296] GGCV
[00:43:12] [165/296] SMKD
[00:43:13] [166/296] NBCH
[00:43:14] [167/296] AMCB
[00:43:14] [168/296] OPCN
[00:43:15] [169/296] DCIN
[00:43:16] [170/296] INGW
[00:43:17] [171/296] PKKW
[00:43:18] [172/296] FNGW
[00:43:18] [173/296] GCGD
[00:43:19] [174/296] MSTW
[00:43:20] [175/296] KCCG
[00:43:21] [176/296] MRSS
[00:43:23] [177/296] CLCF
[00:43:23] [178/296] EETS
[00:43:24] [179/296] AATR
[00:43:25] [180/296] CMMN
[00:43:26] [181/296] SCCJ
[00:43:27] [182/296] CDTK
[00:43:28] [183/296] AICP
[00:43:29] [184/296] FNBP
[00:43:30] [185/296] CBPB
[00:43:31] [186/296] CPAS
[00:43:31] [187/296] MAPM
[00:43:32] [188/296] PASD
[00:43:33] [189/296] JCMN
[00:43:34] [190/296] MALB
[00:43:35] [191/296] SACG
[00:43:35] [192/296] DDRX
[00:43:37] [193/296] DDXB
[00:43:37] [194/296] RAMC
[00:43:39] [195/296] SANC
[00:43:39] [196/296] BCBP
[00:43:40] [197/296] ALPC
[00:43:41] [198/296] RBAC
[00:43:42] [199/296] RAJL
[00:43:43] [200/296] MPDX
[00:43:44] [201/296] MUSC
[00:43:45] [202/296] VKMK
[00:43:46] [203/296] SKCG
[00:43:47] [204/296] ANCN
[00:43:48] [205/296] MMCJ
[00:43:49] [206/296] DCAK
[00:43:50] [207/296] SCKG
[00:43:51] [208/296] LMCK
[00:43:51] [209/296] CKKX
[00:43:52] [210/296] ANKU
[00:43:53] [211/296] CSMD
[00:43:54] [212/296] MKMP
[00:43:55] [213/296] SVBG
[00:43:56] [214/296] ROOP
[00:43:57] [215/296] GDMT
[00:43:57] [216/296] FPPF
[00:43:58] [217/296] SFUU
[00:43:59] [218/296] ANCB
[00:44:00] [219/296] SMMC
[00:44:01] [220/296] UGKT
[00:44:02] [221/296] JVRM
[00:44:03] [222/296] BATG
[00:44:04] [223/296] RATE
[00:44:04] [224/296] SKME
[00:44:05] [225/296] LMTP
[00:44:06] [226/296] TCBD
[00:44:07] [227/296] ESBD
[00:44:08] [228/296] GDCU
[00:44:09] [229/296] SNKT
[00:44:09] [230/296] SRNK
[00:44:10] [231/296] SMED
[00:44:11] [232/296] CSQS
[00:44:13] [233/296] ALCS
[00:44:14] [234/296] KCKN
[00:44:15] [235/296] VCCL
[00:44:16] [236/296] MCDA
[00:44:17] [237/296] SHMI
[00:44:18] [238/296] SKHA
[00:44:19] [239/296] SVFK
[00:44:20] [240/296] INVB
[00:44:20] [241/296] MELD
[00:44:21] [242/296] JTYS
[00:44:22] [243/296] INCM
[00:44:23] [244/296] MCDV
[00:44:24] [245/296] KSGK
[00:44:25] [246/296] ICMG
[00:44:26] [247/296] CSCV
[00:44:26] [248/296] STMD
[00:44:28] [249/296] STTR
[00:44:29] [250/296] INVC
[00:44:30] [251/296] JTBL
[00:44:31] [252/296] SRVV
[00:44:31] [253/296] MAVC
[00:44:33] [254/296] SRPP
[00:44:34] [255/296] JGDM
[00:44:34] [256/296] MBSJ
[00:44:35] [257/296] SSLL
[00:44:36] [258/296] SLKP
[00:44:37] [259/296] NSRV
[00:44:38] [260/296] UTDV
[00:44:39] [261/296] KICM
[00:44:39] [262/296] KCMD
[00:44:40] [263/296] TTPP
[00:44:41] [264/296] KMPV
[00:44:42] [265/296] SKTV
[00:44:43] [266/296] STCV
[00:44:43] [267/296] SRDA
[00:44:44] [268/296] JTSX
[00:44:45] [269/296] STBV
[00:44:46] [270/296] APVZ
[00:44:47] [271/296] GSTV
[00:44:48] [272/296] NMVS
[00:44:49] [273/296] SKRT
[00:44:49] [274/296] RMDV
[00:44:50] [275/296] RATG
[00:44:51] [276/296] SJYV
[00:44:52] [277/296] NDGP
[00:44:53] [278/296] SNDG
[00:44:54] [279/296] INSR
[00:44:54] [280/296] INSO
[00:44:55] [281/296] CCSI
[00:44:56] [282/296] RASM
[00:44:57] [283/296] NEWC
[00:44:58] [284/296] VSHL
[00:44:59] [285/296] BISW
[00:44:59] [286/296] GCNG
[00:45:00] [287/296] CWSC
[00:45:01] [288/296] SKAN
[00:45:02] [289/296] SEHP
[00:45:03] [290/296] CCOA
[00:45:03] [291/296] MCAJ
[00:45:04] [292/296] ACDE
[00:45:05] [293/296] AACM
[00:45:06] [294/296] JJCK
[00:45:07] [295/296] RCMO
[00:45:08] [296/296] GDAW
[00:45:08] ✅ DONE | Shows=0 | Movies=0
