[00:40:33] 🚀 BMS DAILY TRACKER STARTED
[00:40:33] [1/324] GCTA
[00:40:33] 🧠 New identity
[00:40:34] [2/324] TOPN
[00:40:36] [3/324] MCUS
[00:40:37] [4/324] SHRL
[00:40:38] [5/324] UPTP
[00:40:39] [6/324] TMMP
[00:40:40] [7/324] DNRP
[00:40:41] [8/324] SRLT
[00:40:43] [9/324] RCNS
[00:40:44] [10/324] DCBH
[00:40:44] [11/324] NAGJ
[00:40:45] [12/324] JVRC
[00:40:46] [13/324] KRJG
[00:40:47] [14/324] SRTJ
[00:40:48] [15/324] CMXM
[00:40:48] [16/324] STMI
[00:40:50] [17/324] SLST
[00:40:51] [18/324] DTCN
[00:40:53] [19/324] STYN
[00:40:54] [20/324] SZVR
[00:40:55] [21/324] SRKO
[00:40:55] [22/324] JTGT
[00:40:56] [23/324] SVFD
[00:40:57] [24/324] SISD
[00:40:58] [25/324] ABDD
[00:40:59] [26/324] DRCA
[00:41:00] [27/324] AVCS
[00:41:00] [28/324] MVKH
[00:41:01] [29/324] ACPR
[00:41:03] [30/324] STIP
[00:41:04] [31/324] MTRA
[00:41:05] [32/324] RMKH
[00:41:06] [33/324] NKRL
[00:41:07] [34/324] PCWN
[00:41:08] [35/324] BLMT
[00:41:09] [36/324] GDPG
[00:41:10] [37/324] SRMX
[00:41:11] [38/324] JACP
[00:41:12] [39/324] CPSH
[00:41:12] [40/324] MCCD
[00:41:14] [41/324] ECGH
[00:41:15] [42/324] MKCK
[00:41:16] [43/324] SRMM
[00:41:18] [44/324] SKYR
[00:41:19] [45/324] PCKC
[00:41:20] [46/324] JCMA
[00:41:21] [47/324] BSMP
[00:41:23] [48/324] VSPA
[00:41:24] [49/324] DJYA
[00:41:25] [50/324] DIMP
[00:41:26] [51/324] FXDR
[00:41:26] [52/324] SSRC
[00:41:27] [53/324] STHP
[00:41:28] [54/324] CPPD
[00:41:29] [55/324] FCLK
[00:41:30] [56/324] SCPP
[00:41:32] [57/324] DCMJ
[00:41:32] [58/324] RCCR
[00:41:33] [59/324] INMT
[00:41:35] [60/324] LXTK
[00:41:36] [61/324] SRYK
[00:41:37] [62/324] SGDK
[00:41:38] [63/324] PPKA
[00:41:40] [64/324] SPKA
[00:41:42] [65/324] CGHH
[00:41:43] [66/324] DCJN
[00:41:44] [67/324] SRKV
[00:41:45] [68/324] SAJC
[00:41:47] [69/324] SUSR
[00:41:48] [70/324] STYG
[00:41:49] [71/324] NTKP
[00:41:49] [72/324] AKTG
[00:41:50] [73/324] CGCM
[00:41:51] [74/324] TULC
[00:41:52] [75/324] NYYZ
[00:41:53] [76/324] NYBW
[00:41:54] [77/324] MACB
[00:41:55] [78/324] SLVT
[00:41:56] [79/324] SANA
[00:41:58] [80/324] ACMR
[00:41:59] [81/324] CPKN
[00:42:00] [82/324] DLGK
[00:42:02] [83/324] CWCK
[00:42:04] [84/324] FDDH
[00:42:06] [85/324] MMMD
[00:42:06] [86/324] CMEH
[00:42:07] [87/324] GGGV
[00:42:08] [88/324] SPJL
[00:42:09] [89/324] RCCD
[00:42:10] [90/324] STTZ
[00:42:11] [91/324] BTCF
[00:42:11] [92/324] TSTZ
[00:42:12] [93/324] IPMM
[00:42:14] [94/324] PMPW
[00:42:15] [95/324] PCMZ
[00:42:16] [96/324] ESEM
[00:42:17] [97/324] PIPO
[00:42:17] [98/324] MATK
[00:42:18] [99/324] PGHM
[00:42:19] [100/324] CTSR
[00:42:21] [101/324] CYKR
[00:42:21] [102/324] MSCM
[00:42:23] [103/324] RFNP
[00:42:24] [104/324] PDCP
[00:42:25] [105/324] NPSE
[00:42:25] [106/324] MKML
[00:42:26] [107/324] FTDP
[00:42:27] [108/324] MMXA
[00:42:28] [109/324] CEPO
[00:42:29] [110/324] CMVP
[00:42:30] [111/324] SGTH
[00:42:30] [112/324] SAYN
[00:42:31] [113/324] URVS
[00:42:32] [114/324] VJTN
[00:42:33] [115/324] BBYK
[00:42:34] [116/324] SHBO
[00:42:35] [117/324] VCMR
[00:42:36] [118/324] MACT
[00:42:36] [119/324] JMNP
[00:42:38] [120/324] VICS
[00:42:39] [121/324] VCDA
[00:42:40] [122/324] GCMM
[00:42:41] [123/324] INVS
[00:42:42] [124/324] SCGM
[00:42:43] [125/324] PCDA
[00:42:44] [126/324] KDCT
[00:42:46] [127/324] JACS
[00:42:46] [128/324] GMMC
[00:42:47] [129/324] AICM
[00:42:48] [130/324] TJCM
[00:42:49] [131/324] RMTI
[00:42:50] [132/324] SHAC
[00:42:50] [133/324] APJC
[00:42:52] [134/324] GCTG
[00:42:53] [135/324] SSMC
[00:42:54] [136/324] THRM
[00:42:54] [137/324] RBCT
[00:42:57] [138/324] DIKT
[00:42:58] [139/324] MIDL
[00:42:58] [140/324] VCSN
[00:42:59] [141/324] SKTG
[00:43:00] [142/324] SMWC
[00:43:01] [143/324] MNKH
[00:43:02] [144/324] PIAT
[00:43:03] [145/324] LTTP
[00:43:03] [146/324] PTPU
[00:43:05] [147/324] ACMG
[00:43:06] [148/324] SHMM
[00:43:07] [149/324] MCMN
[00:43:08] [150/324] GLDC
[00:43:09] [151/324] HOUT
[00:43:10] [152/324] SVRP
[00:43:11] [153/324] PVDN
[00:43:12] [154/324] SCPY
[00:43:12] [155/324] DTPY
[00:43:13] [156/324] GKCS
[00:43:14] [157/324] NCAM
[00:43:16] [158/324] BSRM
[00:43:17] [159/324] RCLC
[00:43:18] [160/324] SKKD
[00:43:18] [161/324] ACHU
[00:43:19] [162/324] RSCF
[00:43:20] [163/324] IMSH
[00:43:21] [164/324] MACX
[00:43:21] [165/324] HMMW
[00:43:22] [166/324] JTCP
[00:43:23] [167/324] SREN
[00:43:24] [168/324] PJRR
[00:43:25] [169/324] INAC
[00:43:27] [170/324] BMCA
[00:43:28] [171/324] SHCB
[00:43:29] [172/324] GABA
[00:43:31] [173/324] SBCT
[00:43:32] [174/324] GCMA
[00:43:32] [175/324] MYTK
[00:43:34] [176/324] INZS
[00:43:36] [177/324] RMIK
[00:43:37] [178/324] NYCH
[00:43:37] [179/324] RAVE
[00:43:38] [180/324] PSXM
[00:43:39] [181/324] MCGP
[00:43:39] [182/324] PDDK
[00:43:40] [183/324] SPCK
[00:43:41] [184/324] MCRL
[00:43:42] [185/324] MHKT
[00:43:43] [186/324] ANRR
[00:43:43] [187/324] SAPK
[00:43:44] [188/324] NCUK
[00:43:45] [189/324] JUGA
[00:43:46] [190/324] DBSC
[00:43:46] [191/324] LALK
[00:43:47] [192/324] GUCK
[00:43:49] [193/324] STSG
[00:43:50] [194/324] PPPZ
[00:43:51] [195/324] CNCY
[00:43:52] [196/324] MTAR
[00:43:53] [197/324] VNKD
[00:43:54] [198/324] KMAJ
[00:43:55] [199/324] ACXK
[00:43:57] [200/324] UTKC
[00:43:58] [201/324] PBLK
[00:43:58] [202/324] ACBX
[00:44:00] [203/324] PTGM
[00:44:02] [204/324] BTDA
[00:44:03] [205/324] PJMB
[00:44:04] [206/324] TPDA
[00:44:05] [207/324] AMOE
[00:44:06] [208/324] PRHT
[00:44:06] [209/324] PRTA
[00:44:08] [210/324] STAM
[00:44:09] [211/324] MSAA
[00:44:09] [212/324] SDLU
[00:44:10] [213/324] RCHH
[00:44:11] [214/324] KANT
[00:44:12] [215/324] FCRT
[00:44:13] [216/324] DNKM
[00:44:14] [217/324] RYCP
[00:44:16] [218/324] MYRP
[00:44:17] [219/324] PPAK
[00:44:18] [220/324] NVPK
[00:44:19] [221/324] PRMC
[00:44:19] [222/324] JBCS
[00:44:20] [223/324] GXCK
[00:44:21] [224/324] USKO
[00:44:22] [225/324] GTEM
[00:44:23] [226/324] SMBU
[00:44:23] [227/324] VETC
[00:44:24] [228/324] LCDA
[00:44:25] [229/324] MTVT
[00:44:26] [230/324] PYCP
[00:44:27] [231/324] PNSC
[00:44:27] [232/324] PPCC
[00:44:28] [233/324] TGRT
[00:44:29] [234/324] JYOT
[00:44:30] [235/324] SRCZ
[00:44:31] [236/324] SJTE
[00:44:32] [237/324] DESC
[00:44:33] [238/324] JHVN
[00:44:34] [239/324] IPSG
[00:44:35] [240/324] IPCM
[00:44:37] [241/324] PDRS
[00:44:37] [242/324] ANCV
[00:44:38] [243/324] CMVV
[00:44:40] [244/324] SHYP
[00:44:41] [245/324] DNCS
[00:44:41] [246/324] GAJK
[00:44:42] [247/324] AKTN
[00:44:43] [248/324] KAYA
[00:44:44] [249/324] SBRC
[00:44:45] [250/324] CHTP
[00:44:46] [251/324] SHRT
[00:44:47] [252/324] BCKU
[00:44:48] [253/324] FCPS
[00:44:49] [254/324] ARDD
[00:44:50] [255/324] CPCM
[00:44:50] [256/324] CGSM
[00:44:51] [257/324] PSMP
[00:44:52] [258/324] SDAL
[00:44:53] [259/324] RTNB
[00:44:54] [260/324] LMCR
[00:44:55] [261/324] CIMA
[00:44:57] [262/324] RNAS
[00:44:58] [263/324] LITH
[00:44:58] [264/324] PBOX
[00:44:59] [265/324] FRTS
[00:45:00] [266/324] RKIC
[00:45:01] [267/324] PTAI
[00:45:02] [268/324] GCIC
[00:45:03] [269/324] FNAS
[00:45:04] [270/324] SCAR
[00:45:05] [271/324] MTCA
[00:45:06] [272/324] SCTS
[00:45:06] [273/324] SYCS
[00:45:07] [274/324] RDMS
[00:45:09] [275/324] KAMP
[00:45:10] [276/324] ERSD
[00:45:11] [277/324] MJMJ
[00:45:11] [278/324] SRCJ
[00:45:12] [279/324] SCXE
[00:45:13] [280/324] SVFR
[00:45:15] [281/324] BHCS
[00:45:15] [282/324] IMCC
[00:45:16] [283/324] PCBO
[00:45:17] [284/324] PRVN
[00:45:18] [285/324] AUPM
[00:45:19] [286/324] INBW
[00:45:20] [287/324] SVCW
[00:45:21] [288/324] RKCF
[00:45:22] [289/324] UVBH
[00:45:23] [290/324] DNCY
[00:45:24] [291/324] ABCN
[00:45:25] [292/324] PRUR
[00:45:26] [293/324] PFMR
[00:45:28] [294/324] RKCN
[00:45:29] [295/324] CFEA
[00:45:30] [296/324] SDBG
[00:45:31] [297/324] SNAR
[00:45:32] [298/324] YISI
[00:45:33] [299/324] JCFF
[00:45:35] [300/324] VTRK
[00:45:35] [301/324] PCLZ
[00:45:37] [302/324] DIMY
[00:45:38] [303/324] BBTS
[00:45:39] [304/324] GATH
[00:45:40] [305/324] GTMN
[00:45:41] [306/324] VTMH
[00:45:42] [307/324] CCKP
[00:45:43] [308/324] GPKA
[00:45:43] [309/324] MHCL
[00:45:45] [310/324] ATCL
[00:45:46] [311/324] SBCK
[00:45:46] [312/324] AMMR
[00:45:48] [313/324] MADC
[00:45:49] [314/324] TMMA
[00:45:49] [315/324] CACC
[00:45:50] [316/324] CHAL
[00:45:51] [317/324] DURG
[00:45:52] [318/324] GMKU
[00:45:53] [319/324] GECA
[00:45:55] [320/324] KYRR
[00:45:57] [321/324] KSDE
[00:45:58] [322/324] LMCI
[00:45:59] [323/324] NKCP
[00:46:00] [324/324] BGTC
[00:46:00] ✅ DONE | Shows=0 | Movies=0
[01:42:43] 🚀 BMS DAILY TRACKER STARTED
[01:42:43] [1/324] GCTA
[01:42:43] 🧠 New identity
[01:42:44] [2/324] TOPN
[01:42:45] [3/324] MCUS
[01:42:46] [4/324] SHRL
[01:42:47] [5/324] UPTP
[01:42:48] [6/324] TMMP
[01:42:49] [7/324] DNRP
[01:42:50] [8/324] SRLT
[01:42:51] [9/324] RCNS
[01:42:52] [10/324] DCBH
[01:42:53] [11/324] NAGJ
[01:42:54] [12/324] JVRC
[01:42:55] [13/324] KRJG
[01:42:56] [14/324] SRTJ
[01:42:57] [15/324] CMXM
[01:42:58] [16/324] STMI
[01:42:59] [17/324] SLST
[01:42:59] [18/324] DTCN
[01:43:00] [19/324] STYN
[01:43:01] [20/324] SZVR
[01:43:02] [21/324] SRKO
[01:43:03] [22/324] JTGT
[01:43:04] [23/324] SVFD
[01:43:05] [24/324] SISD
[01:43:06] [25/324] ABDD
[01:43:07] [26/324] DRCA
[01:43:07] [27/324] AVCS
[01:43:09] [28/324] MVKH
[01:43:10] [29/324] ACPR
[01:43:12] [30/324] STIP
[01:43:13] [31/324] MTRA
[01:43:14] [32/324] RMKH
[01:43:14] [33/324] NKRL
[01:43:15] [34/324] PCWN
[01:43:16] [35/324] BLMT
[01:43:17] [36/324] GDPG
[01:43:18] [37/324] SRMX
[01:43:20] [38/324] JACP
[01:43:22] [39/324] CPSH
[01:43:22] [40/324] MCCD
[01:43:23] [41/324] ECGH
[01:43:24] [42/324] MKCK
[01:43:25] [43/324] SRMM
[01:43:26] [44/324] SKYR
[01:43:27] [45/324] PCKC
[01:43:27] [46/324] JCMA
[01:43:28] [47/324] BSMP
[01:43:29] [48/324] VSPA
[01:43:30] [49/324] DJYA
[01:43:31] [50/324] DIMP
[01:43:32] [51/324] FXDR
[01:43:33] [52/324] SSRC
[01:43:34] [53/324] STHP
[01:43:35] [54/324] CPPD
[01:43:36] [55/324] FCLK
[01:43:37] [56/324] SCPP
[01:43:38] [57/324] DCMJ
[01:43:39] [58/324] RCCR
[01:43:39] [59/324] INMT
[01:43:40] [60/324] LXTK
[01:43:41] [61/324] SRYK
[01:43:42] [62/324] SGDK
[01:43:43] [63/324] PPKA
[01:43:44] [64/324] SPKA
[01:43:45] [65/324] CGHH
[01:43:46] [66/324] DCJN
[01:43:48] [67/324] SRKV
[01:43:49] [68/324] SAJC
[01:43:49] [69/324] SUSR
[01:43:50] [70/324] STYG
[01:43:51] [71/324] NTKP
[01:43:53] [72/324] AKTG
[01:43:54] [73/324] CGCM
[01:43:55] [74/324] TULC
[01:43:56] [75/324] NYYZ
[01:43:57] [76/324] NYBW
[01:43:58] [77/324] MACB
[01:43:59] [78/324] SLVT
[01:44:00] [79/324] SANA
[01:44:01] [80/324] ACMR
[01:44:01] [81/324] CPKN
[01:44:02] [82/324] DLGK
[01:44:03] [83/324] CWCK
[01:44:04] [84/324] FDDH
[01:44:04] [85/324] MMMD
[01:44:05] [86/324] CMEH
[01:44:06] [87/324] GGGV
[01:44:07] [88/324] SPJL
[01:44:08] [89/324] RCCD
[01:44:09] [90/324] STTZ
[01:44:10] [91/324] BTCF
[01:44:11] [92/324] TSTZ
[01:44:12] [93/324] IPMM
[01:44:13] [94/324] PMPW
[01:44:14] [95/324] PCMZ
[01:44:15] [96/324] ESEM
[01:44:16] [97/324] PIPO
[01:44:17] [98/324] MATK
[01:44:18] [99/324] PGHM
[01:44:18] [100/324] CTSR
[01:44:20] [101/324] CYKR
[01:44:21] [102/324] MSCM
[01:44:22] [103/324] RFNP
[01:44:23] [104/324] PDCP
[01:44:24] [105/324] NPSE
[01:44:25] [106/324] MKML
[01:44:26] [107/324] FTDP
[01:44:27] [108/324] MMXA
[01:44:28] [109/324] CEPO
[01:44:29] [110/324] CMVP
[01:44:30] [111/324] SGTH
[01:44:31] [112/324] SAYN
[01:44:32] [113/324] URVS
[01:44:32] [114/324] VJTN
[01:44:33] [115/324] BBYK
[01:44:35] [116/324] SHBO
[01:44:36] [117/324] VCMR
[01:44:36] [118/324] MACT
[01:44:37] [119/324] JMNP
[01:44:38] [120/324] VICS
[01:44:40] [121/324] VCDA
[01:44:40] [122/324] GCMM
[01:44:42] [123/324] INVS
[01:44:43] [124/324] SCGM
[01:44:44] [125/324] PCDA
[01:44:45] [126/324] KDCT
[01:44:45] [127/324] JACS
[01:44:46] [128/324] GMMC
[01:44:47] [129/324] AICM
[01:44:48] [130/324] TJCM
[01:44:49] [131/324] RMTI
[01:44:50] [132/324] SHAC
[01:44:51] [133/324] APJC
[01:44:52] [134/324] GCTG
[01:44:53] [135/324] SSMC
[01:44:54] [136/324] THRM
[01:44:55] [137/324] RBCT
[01:44:56] [138/324] DIKT
[01:44:57] [139/324] MIDL
[01:44:58] [140/324] VCSN
[01:44:58] [141/324] SKTG
[01:44:59] [142/324] SMWC
[01:45:00] [143/324] MNKH
[01:45:01] [144/324] PIAT
[01:45:02] [145/324] LTTP
[01:45:03] [146/324] PTPU
[01:45:03] [147/324] ACMG
[01:45:05] [148/324] SHMM
[01:45:06] [149/324] MCMN
[01:45:08] [150/324] GLDC
[01:45:08] [151/324] HOUT
[01:45:09] [152/324] SVRP
[01:45:10] [153/324] PVDN
[01:45:11] [154/324] SCPY
[01:45:12] [155/324] DTPY
[01:45:13] [156/324] GKCS
[01:45:14] [157/324] NCAM
[01:45:15] [158/324] BSRM
[01:45:16] [159/324] RCLC
[01:45:18] [160/324] SKKD
[01:45:19] [161/324] ACHU
[01:45:19] [162/324] RSCF
[01:45:21] [163/324] IMSH
[01:45:22] [164/324] MACX
[01:45:23] [165/324] HMMW
[01:45:24] [166/324] JTCP
[01:45:24] [167/324] SREN
[01:45:25] [168/324] PJRR
[01:45:26] [169/324] INAC
[01:45:27] [170/324] BMCA
[01:45:28] [171/324] SHCB
[01:45:29] [172/324] GABA
[01:45:30] [173/324] SBCT
[01:45:32] [174/324] GCMA
[01:45:33] [175/324] MYTK
[01:45:34] [176/324] INZS
[01:45:35] [177/324] RMIK
[01:45:37] [178/324] NYCH
[01:45:37] [179/324] RAVE
[01:45:38] [180/324] PSXM
[01:45:39] [181/324] MCGP
[01:45:40] [182/324] PDDK
[01:45:41] [183/324] SPCK
[01:45:42] [184/324] MCRL
[01:45:43] [185/324] MHKT
[01:45:44] [186/324] ANRR
[01:45:45] [187/324] SAPK
[01:45:46] [188/324] NCUK
[01:45:47] [189/324] JUGA
[01:45:48] [190/324] DBSC
[01:45:49] [191/324] LALK
[01:45:50] [192/324] GUCK
[01:45:51] [193/324] STSG
[01:45:52] [194/324] PPPZ
[01:45:53] [195/324] CNCY
[01:45:53] [196/324] MTAR
[01:45:55] [197/324] VNKD
[01:45:55] [198/324] KMAJ
[01:45:56] [199/324] ACXK
[01:45:57] [200/324] UTKC
[01:45:58] [201/324] PBLK
[01:45:59] [202/324] ACBX
[01:46:00] [203/324] PTGM
[01:46:01] [204/324] BTDA
[01:46:01] [205/324] PJMB
[01:46:02] [206/324] TPDA
[01:46:03] [207/324] AMOE
[01:46:04] [208/324] PRHT
[01:46:05] [209/324] PRTA
[01:46:06] [210/324] STAM
[01:46:06] [211/324] MSAA
[01:46:08] [212/324] SDLU
[01:46:09] [213/324] RCHH
[01:46:10] [214/324] KANT
[01:46:11] [215/324] FCRT
[01:46:12] [216/324] DNKM
[01:46:13] [217/324] RYCP
[01:46:14] [218/324] MYRP
[01:46:15] [219/324] PPAK
[01:46:16] [220/324] NVPK
[01:46:17] [221/324] PRMC
[01:46:17] [222/324] JBCS
[01:46:18] [223/324] GXCK
[01:46:20] [224/324] USKO
[01:46:20] [225/324] GTEM
[01:46:21] [226/324] SMBU
[01:46:22] [227/324] VETC
[01:46:23] [228/324] LCDA
[01:46:24] [229/324] MTVT
[01:46:25] [230/324] PYCP
[01:46:26] [231/324] PNSC
[01:46:27] [232/324] PPCC
[01:46:28] [233/324] TGRT
[01:46:29] [234/324] JYOT
[01:46:29] [235/324] SRCZ
[01:46:30] [236/324] SJTE
[01:46:31] [237/324] DESC
[01:46:32] [238/324] JHVN
[01:46:33] [239/324] IPSG
[01:46:34] [240/324] IPCM
[01:46:35] [241/324] PDRS
[01:46:35] [242/324] ANCV
[01:46:36] [243/324] CMVV
[01:46:37] [244/324] SHYP
[01:46:38] [245/324] DNCS
[01:46:39] [246/324] GAJK
[01:46:40] [247/324] AKTN
[01:46:41] [248/324] KAYA
[01:46:41] [249/324] SBRC
[01:46:42] [250/324] CHTP
[01:46:43] [251/324] SHRT
[01:46:44] [252/324] BCKU
[01:46:45] [253/324] FCPS
[01:46:46] [254/324] ARDD
[01:46:47] [255/324] CPCM
[01:46:47] [256/324] CGSM
[01:46:48] [257/324] PSMP
[01:46:49] [258/324] SDAL
[01:46:50] [259/324] RTNB
[01:46:51] [260/324] LMCR
[01:46:52] [261/324] CIMA
[01:46:52] [262/324] RNAS
[01:46:53] [263/324] LITH
[01:46:54] [264/324] PBOX
[01:46:55] [265/324] FRTS
[01:46:56] [266/324] RKIC
[01:46:57] [267/324] PTAI
[01:46:57] [268/324] GCIC
[01:46:58] [269/324] FNAS
[01:46:59] [270/324] SCAR
[01:47:00] [271/324] MTCA
[01:47:01] [272/324] SCTS
[01:47:02] [273/324] SYCS
[01:47:02] [274/324] RDMS
[01:47:03] [275/324] KAMP
[01:47:04] [276/324] ERSD
[01:47:05] [277/324] MJMJ
[01:47:06] [278/324] SRCJ
[01:47:07] [279/324] SCXE
[01:47:08] [280/324] SVFR
[01:47:09] [281/324] BHCS
[01:47:10] [282/324] IMCC
[01:47:11] [283/324] PCBO
[01:47:11] [284/324] PRVN
[01:47:12] [285/324] AUPM
[01:47:13] [286/324] INBW
[01:47:14] [287/324] SVCW
[01:47:14] [288/324] RKCF
[01:47:15] [289/324] UVBH
[01:47:16] [290/324] DNCY
[01:47:17] [291/324] ABCN
[01:47:18] [292/324] PRUR
[01:47:19] [293/324] PFMR
[01:47:20] [294/324] RKCN
[01:47:21] [295/324] CFEA
[01:47:22] [296/324] SDBG
[01:47:23] [297/324] SNAR
[01:47:24] [298/324] YISI
[01:47:25] [299/324] JCFF
[01:47:26] [300/324] VTRK
[01:47:27] [301/324] PCLZ
[01:47:28] [302/324] DIMY
[01:47:28] [303/324] BBTS
[01:47:29] [304/324] GATH
[01:47:30] [305/324] GTMN
[01:47:31] [306/324] VTMH
[01:47:32] [307/324] CCKP
[01:47:33] [308/324] GPKA
[01:47:33] [309/324] MHCL
[01:47:34] [310/324] ATCL
[01:47:36] [311/324] SBCK
[01:47:36] [312/324] AMMR
[01:47:37] [313/324] MADC
[01:47:38] [314/324] TMMA
[01:47:40] [315/324] CACC
[01:47:40] [316/324] CHAL
[01:47:41] [317/324] DURG
[01:47:43] [318/324] GMKU
[01:47:44] [319/324] GECA
[01:47:45] [320/324] KYRR
[01:47:46] [321/324] KSDE
[01:47:47] [322/324] LMCI
[01:47:48] [323/324] NKCP
[01:47:48] [324/324] BGTC
[01:47:49] ✅ DONE | Shows=0 | Movies=0
[02:41:23] 🚀 BMS DAILY TRACKER STARTED
[02:41:23] [1/324] GCTA
[02:41:23] 🧠 New identity
[02:41:24] [2/324] TOPN
[02:41:25] [3/324] MCUS
[02:41:26] [4/324] SHRL
[02:41:27] [5/324] UPTP
[02:41:28] [6/324] TMMP
[02:41:29] [7/324] DNRP
[02:41:30] [8/324] SRLT
[02:41:31] [9/324] RCNS
[02:41:32] [10/324] DCBH
[02:41:33] [11/324] NAGJ
[02:41:34] [12/324] JVRC
[02:41:34] [13/324] KRJG
[02:41:35] [14/324] SRTJ
[02:41:36] [15/324] CMXM
[02:41:37] [16/324] STMI
[02:41:38] [17/324] SLST
[02:41:38] [18/324] DTCN
[02:41:39] [19/324] STYN
[02:41:40] [20/324] SZVR
[02:41:41] [21/324] SRKO
[02:41:42] [22/324] JTGT
[02:41:43] [23/324] SVFD
[02:41:44] [24/324] SISD
[02:41:45] [25/324] ABDD
[02:41:46] [26/324] DRCA
[02:41:48] [27/324] AVCS
[02:41:49] [28/324] MVKH
[02:41:50] [29/324] ACPR
[02:41:50] [30/324] STIP
[02:41:51] [31/324] MTRA
[02:41:52] [32/324] RMKH
[02:41:53] [33/324] NKRL
[02:41:53] [34/324] PCWN
[02:41:54] [35/324] BLMT
[02:41:55] [36/324] GDPG
[02:41:56] [37/324] SRMX
[02:41:57] [38/324] JACP
[02:41:58] [39/324] CPSH
[02:41:59] [40/324] MCCD
[02:42:00] [41/324] ECGH
[02:42:00] [42/324] MKCK
[02:42:02] [43/324] SRMM
[02:42:03] [44/324] SKYR
[02:42:04] [45/324] PCKC
[02:42:04] [46/324] JCMA
[02:42:05] [47/324] BSMP
[02:42:06] [48/324] VSPA
[02:42:07] [49/324] DJYA
[02:42:08] [50/324] DIMP
[02:42:09] [51/324] FXDR
[02:42:10] [52/324] SSRC
[02:42:11] [53/324] STHP
[02:42:11] [54/324] CPPD
[02:42:12] [55/324] FCLK
[02:42:14] [56/324] SCPP
[02:42:15] [57/324] DCMJ
[02:42:16] [58/324] RCCR
[02:42:17] [59/324] INMT
[02:42:18] [60/324] LXTK
[02:42:19] [61/324] SRYK
[02:42:20] [62/324] SGDK
[02:42:21] [63/324] PPKA
[02:42:22] [64/324] SPKA
[02:42:23] [65/324] CGHH
[02:42:24] [66/324] DCJN
[02:42:25] [67/324] SRKV
[02:42:26] [68/324] SAJC
[02:42:26] [69/324] SUSR
[02:42:27] [70/324] STYG
[02:42:29] [71/324] NTKP
[02:42:29] [72/324] AKTG
[02:42:31] [73/324] CGCM
[02:42:32] [74/324] TULC
[02:42:33] [75/324] NYYZ
[02:42:33] [76/324] NYBW
[02:42:34] [77/324] MACB
[02:42:35] [78/324] SLVT
[02:42:36] [79/324] SANA
[02:42:37] [80/324] ACMR
[02:42:38] [81/324] CPKN
[02:42:39] [82/324] DLGK
[02:42:40] [83/324] CWCK
[02:42:41] [84/324] FDDH
[02:42:42] [85/324] MMMD
[02:42:44] [86/324] CMEH
[02:42:44] [87/324] GGGV
[02:42:45] [88/324] SPJL
[02:42:47] [89/324] RCCD
[02:42:48] [90/324] STTZ
[02:42:49] [91/324] BTCF
[02:42:51] [92/324] TSTZ
[02:42:51] [93/324] IPMM
[02:42:53] [94/324] PMPW
[02:42:54] [95/324] PCMZ
[02:42:54] [96/324] ESEM
[02:42:55] [97/324] PIPO
[02:42:56] [98/324] MATK
[02:42:57] [99/324] PGHM
[02:42:58] [100/324] CTSR
[02:42:58] [101/324] CYKR
[02:42:59] [102/324] MSCM
[02:43:00] [103/324] RFNP
[02:43:01] [104/324] PDCP
[02:43:02] [105/324] NPSE
[02:43:03] [106/324] MKML
[02:43:04] [107/324] FTDP
[02:43:05] [108/324] MMXA
[02:43:06] [109/324] CEPO
[02:43:07] [110/324] CMVP
[02:43:08] [111/324] SGTH
[02:43:09] [112/324] SAYN
[02:43:10] [113/324] URVS
[02:43:10] [114/324] VJTN
[02:43:11] [115/324] BBYK
[02:43:13] [116/324] SHBO
[02:43:14] [117/324] VCMR
[02:43:14] [118/324] MACT
[02:43:15] [119/324] JMNP
[02:43:16] [120/324] VICS
[02:43:17] [121/324] VCDA
[02:43:18] [122/324] GCMM
[02:43:19] [123/324] INVS
[02:43:20] [124/324] SCGM
[02:43:21] [125/324] PCDA
[02:43:22] [126/324] KDCT
[02:43:23] [127/324] JACS
[02:43:24] [128/324] GMMC
[02:43:25] [129/324] AICM
[02:43:26] [130/324] TJCM
[02:43:27] [131/324] RMTI
[02:43:28] [132/324] SHAC
[02:43:29] [133/324] APJC
[02:43:30] [134/324] GCTG
[02:43:31] [135/324] SSMC
[02:43:31] [136/324] THRM
[02:43:32] [137/324] RBCT
[02:43:33] [138/324] DIKT
[02:43:34] [139/324] MIDL
[02:43:35] [140/324] VCSN
[02:43:36] [141/324] SKTG
[02:43:37] [142/324] SMWC
[02:43:37] [143/324] MNKH
[02:43:38] [144/324] PIAT
[02:43:39] [145/324] LTTP
[02:43:40] [146/324] PTPU
[02:43:41] [147/324] ACMG
[02:43:42] [148/324] SHMM
[02:43:43] [149/324] MCMN
[02:43:43] [150/324] GLDC
[02:43:44] [151/324] HOUT
[02:43:45] [152/324] SVRP
[02:43:46] [153/324] PVDN
[02:43:47] [154/324] SCPY
[02:43:48] [155/324] DTPY
[02:43:49] [156/324] GKCS
[02:43:50] [157/324] NCAM
[02:43:50] [158/324] BSRM
[02:43:51] [159/324] RCLC
[02:43:53] [160/324] SKKD
[02:43:54] [161/324] ACHU
[02:43:54] [162/324] RSCF
[02:43:55] [163/324] IMSH
[02:43:56] [164/324] MACX
[02:43:57] [165/324] HMMW
[02:43:58] [166/324] JTCP
[02:43:59] [167/324] SREN
[02:43:59] [168/324] PJRR
[02:44:00] [169/324] INAC
[02:44:01] [170/324] BMCA
[02:44:02] [171/324] SHCB
[02:44:03] [172/324] GABA
[02:44:04] [173/324] SBCT
[02:44:04] [174/324] GCMA
[02:44:05] [175/324] MYTK
[02:44:06] [176/324] INZS
[02:44:07] [177/324] RMIK
[02:44:08] [178/324] NYCH
[02:44:09] [179/324] RAVE
[02:44:10] [180/324] PSXM
[02:44:11] [181/324] MCGP
[02:44:12] [182/324] PDDK
[02:44:13] [183/324] SPCK
[02:44:14] [184/324] MCRL
[02:44:14] [185/324] MHKT
[02:44:15] [186/324] ANRR
[02:44:16] [187/324] SAPK
[02:44:17] [188/324] NCUK
[02:44:18] [189/324] JUGA
[02:44:18] [190/324] DBSC
[02:44:20] [191/324] LALK
[02:44:21] [192/324] GUCK
[02:44:22] [193/324] STSG
[02:44:23] [194/324] PPPZ
[02:44:23] [195/324] CNCY
[02:44:24] [196/324] MTAR
[02:44:25] [197/324] VNKD
[02:44:26] [198/324] KMAJ
[02:44:27] [199/324] ACXK
[02:44:28] [200/324] UTKC
[02:44:29] [201/324] PBLK
[02:44:29] [202/324] ACBX
[02:44:30] [203/324] PTGM
[02:44:31] [204/324] BTDA
[02:44:32] [205/324] PJMB
[02:44:33] [206/324] TPDA
[02:44:34] [207/324] AMOE
[02:44:35] [208/324] PRHT
[02:44:36] [209/324] PRTA
[02:44:37] [210/324] STAM
[02:44:38] [211/324] MSAA
[02:44:39] [212/324] SDLU
[02:44:40] [213/324] RCHH
[02:44:41] [214/324] KANT
[02:44:42] [215/324] FCRT
[02:44:43] [216/324] DNKM
[02:44:44] [217/324] RYCP
[02:44:45] [218/324] MYRP
[02:44:46] [219/324] PPAK
[02:44:47] [220/324] NVPK
[02:44:48] [221/324] PRMC
[02:44:48] [222/324] JBCS
[02:44:49] [223/324] GXCK
[02:44:50] [224/324] USKO
[02:44:51] [225/324] GTEM
[02:44:52] [226/324] SMBU
[02:44:53] [227/324] VETC
[02:44:54] [228/324] LCDA
[02:44:54] [229/324] MTVT
[02:44:55] [230/324] PYCP
[02:44:56] [231/324] PNSC
[02:44:57] [232/324] PPCC
[02:44:58] [233/324] TGRT
[02:44:59] [234/324] JYOT
[02:45:00] [235/324] SRCZ
[02:45:01] [236/324] SJTE
[02:45:02] [237/324] DESC
[02:45:03] [238/324] JHVN
[02:45:03] [239/324] IPSG
[02:45:04] [240/324] IPCM
[02:45:05] [241/324] PDRS
[02:45:06] [242/324] ANCV
[02:45:07] [243/324] CMVV
[02:45:08] [244/324] SHYP
[02:45:09] [245/324] DNCS
[02:45:09] [246/324] GAJK
[02:45:10] [247/324] AKTN
[02:45:11] [248/324] KAYA
[02:45:13] [249/324] SBRC
[02:45:13] [250/324] CHTP
[02:45:14] [251/324] SHRT
[02:45:15] [252/324] BCKU
[02:45:17] [253/324] FCPS
[02:45:17] [254/324] ARDD
[02:45:18] [255/324] CPCM
[02:45:20] [256/324] CGSM
[02:45:20] [257/324] PSMP
[02:45:21] [258/324] SDAL
[02:45:22] [259/324] RTNB
[02:45:23] [260/324] LMCR
[02:45:24] [261/324] CIMA
[02:45:24] [262/324] RNAS
[02:45:25] [263/324] LITH
[02:45:26] [264/324] PBOX
[02:45:27] [265/324] FRTS
[02:45:28] [266/324] RKIC
[02:45:28] [267/324] PTAI
[02:45:29] [268/324] GCIC
[02:45:30] [269/324] FNAS
[02:45:31] [270/324] SCAR
[02:45:32] [271/324] MTCA
[02:45:33] [272/324] SCTS
[02:45:34] [273/324] SYCS
[02:45:34] [274/324] RDMS
[02:45:35] [275/324] KAMP
[02:45:36] [276/324] ERSD
[02:45:37] [277/324] MJMJ
[02:45:37] [278/324] SRCJ
[02:45:38] [279/324] SCXE
[02:45:39] [280/324] SVFR
[02:45:40] [281/324] BHCS
[02:45:41] [282/324] IMCC
[02:45:42] [283/324] PCBO
[02:45:43] [284/324] PRVN
[02:45:44] [285/324] AUPM
[02:45:44] [286/324] INBW
[02:45:45] [287/324] SVCW
[02:45:46] [288/324] RKCF
[02:45:47] [289/324] UVBH
[02:45:48] [290/324] DNCY
[02:45:49] [291/324] ABCN
[02:45:50] [292/324] PRUR
[02:45:50] [293/324] PFMR
[02:45:51] [294/324] RKCN
[02:45:53] [295/324] CFEA
[02:45:54] [296/324] SDBG
[02:45:54] [297/324] SNAR
[02:45:55] [298/324] YISI
[02:45:56] [299/324] JCFF
[02:45:57] [300/324] VTRK
[02:45:58] [301/324] PCLZ
[02:45:59] [302/324] DIMY
[02:45:59] [303/324] BBTS
[02:46:00] [304/324] GATH
[02:46:01] [305/324] GTMN
[02:46:03] [306/324] VTMH
[02:46:04] [307/324] CCKP
[02:46:05] [308/324] GPKA
[02:46:06] [309/324] MHCL
[02:46:07] [310/324] ATCL
[02:46:07] [311/324] SBCK
[02:46:08] [312/324] AMMR
[02:46:09] [313/324] MADC
[02:46:10] [314/324] TMMA
[02:46:11] [315/324] CACC
[02:46:12] [316/324] CHAL
[02:46:13] [317/324] DURG
[02:46:14] [318/324] GMKU
[02:46:15] [319/324] GECA
[02:46:16] [320/324] KYRR
[02:46:17] [321/324] KSDE
[02:46:17] [322/324] LMCI
[02:46:18] [323/324] NKCP
[02:46:20] [324/324] BGTC
[02:46:21] ✅ DONE | Shows=0 | Movies=0
[03:40:52] 🚀 BMS DAILY TRACKER STARTED
[03:40:52] [1/324] GCTA
[03:40:52] 🧠 New identity
[03:40:53] [2/324] TOPN
[03:40:54] [3/324] MCUS
[03:40:55] [4/324] SHRL
[03:40:56] [5/324] UPTP
[03:40:57] [6/324] TMMP
[03:40:58] [7/324] DNRP
[03:40:59] [8/324] SRLT
[03:41:00] [9/324] RCNS
[03:41:00] [10/324] DCBH
[03:41:02] [11/324] NAGJ
[03:41:03] [12/324] JVRC
[03:41:04] [13/324] KRJG
[03:41:05] [14/324] SRTJ
[03:41:06] [15/324] CMXM
[03:41:07] [16/324] STMI
[03:41:08] [17/324] SLST
[03:41:08] [18/324] DTCN
[03:41:09] [19/324] STYN
[03:41:10] [20/324] SZVR
[03:41:11] [21/324] SRKO
[03:41:11] [22/324] JTGT
[03:41:12] [23/324] SVFD
[03:41:13] [24/324] SISD
[03:41:14] [25/324] ABDD
[03:41:15] [26/324] DRCA
[03:41:17] [27/324] AVCS
[03:41:18] [28/324] MVKH
[03:41:18] [29/324] ACPR
[03:41:19] [30/324] STIP
[03:41:20] [31/324] MTRA
[03:41:21] [32/324] RMKH
[03:41:22] [33/324] NKRL
[03:41:23] [34/324] PCWN
[03:41:24] [35/324] BLMT
[03:41:25] [36/324] GDPG
[03:41:25] [37/324] SRMX
[03:41:26] [38/324] JACP
[03:41:27] [39/324] CPSH
[03:41:28] [40/324] MCCD
[03:41:29] [41/324] ECGH
[03:41:30] [42/324] MKCK
[03:41:31] [43/324] SRMM
[03:41:32] [44/324] SKYR
[03:41:32] [45/324] PCKC
[03:41:34] [46/324] JCMA
[03:41:35] [47/324] BSMP
[03:41:36] [48/324] VSPA
[03:41:37] [49/324] DJYA
[03:41:37] [50/324] DIMP
[03:41:38] [51/324] FXDR
[03:41:40] [52/324] SSRC
[03:41:41] [53/324] STHP
[03:41:42] [54/324] CPPD
[03:41:43] [55/324] FCLK
[03:41:44] [56/324] SCPP
[03:41:45] [57/324] DCMJ
[03:41:46] [58/324] RCCR
[03:41:47] [59/324] INMT
[03:41:48] [60/324] LXTK
[03:41:48] [61/324] SRYK
[03:41:50] [62/324] SGDK
[03:41:51] [63/324] PPKA
[03:41:52] [64/324] SPKA
[03:41:52] [65/324] CGHH
[03:41:53] [66/324] DCJN
[03:41:54] [67/324] SRKV
[03:41:55] [68/324] SAJC
[03:41:55] [69/324] SUSR
[03:41:56] [70/324] STYG
[03:41:57] [71/324] NTKP
[03:41:58] [72/324] AKTG
[03:41:58] [73/324] CGCM
[03:41:59] [74/324] TULC
[03:42:00] [75/324] NYYZ
[03:42:01] [76/324] NYBW
[03:42:01] [77/324] MACB
[03:42:03] [78/324] SLVT
[03:42:04] [79/324] SANA
[03:42:04] [80/324] ACMR
[03:42:05] [81/324] CPKN
[03:42:07] [82/324] DLGK
[03:42:08] [83/324] CWCK
[03:42:09] [84/324] FDDH
[03:42:10] [85/324] MMMD
[03:42:11] [86/324] CMEH
[03:42:12] [87/324] GGGV
[03:42:13] [88/324] SPJL
[03:42:14] [89/324] RCCD
[03:42:15] [90/324] STTZ
[03:42:15] [91/324] BTCF
[03:42:16] [92/324] TSTZ
[03:42:17] [93/324] IPMM
[03:42:18] [94/324] PMPW
[03:42:18] [95/324] PCMZ
[03:42:19] [96/324] ESEM
[03:42:20] [97/324] PIPO
[03:42:21] [98/324] MATK
[03:42:22] [99/324] PGHM
[03:42:23] [100/324] CTSR
[03:42:24] [101/324] CYKR
[03:42:25] [102/324] MSCM
[03:42:26] [103/324] RFNP
[03:42:27] [104/324] PDCP
[03:42:28] [105/324] NPSE
[03:42:29] [106/324] MKML
[03:42:30] [107/324] FTDP
[03:42:31] [108/324] MMXA
[03:42:32] [109/324] CEPO
[03:42:33] [110/324] CMVP
[03:42:34] [111/324] SGTH
[03:42:35] [112/324] SAYN
[03:42:36] [113/324] URVS
[03:42:37] [114/324] VJTN
[03:42:38] [115/324] BBYK
[03:42:39] [116/324] SHBO
[03:42:40] [117/324] VCMR
[03:42:41] [118/324] MACT
[03:42:41] [119/324] JMNP
[03:42:42] [120/324] VICS
[03:42:43] [121/324] VCDA
[03:42:44] [122/324] GCMM
[03:42:45] [123/324] INVS
[03:42:46] [124/324] SCGM
[03:42:47] [125/324] PCDA
[03:42:47] [126/324] KDCT
[03:42:48] [127/324] JACS
[03:42:49] [128/324] GMMC
[03:42:50] [129/324] AICM
[03:42:51] [130/324] TJCM
[03:42:52] [131/324] RMTI
[03:42:53] [132/324] SHAC
[03:42:54] [133/324] APJC
[03:42:54] [134/324] GCTG
[03:42:55] [135/324] SSMC
[03:42:56] [136/324] THRM
[03:42:57] [137/324] RBCT
[03:42:58] [138/324] DIKT
[03:43:00] [139/324] MIDL
[03:43:01] [140/324] VCSN
[03:43:01] [141/324] SKTG
[03:43:02] [142/324] SMWC
[03:43:03] [143/324] MNKH
[03:43:04] [144/324] PIAT
[03:43:05] [145/324] LTTP
[03:43:05] [146/324] PTPU
[03:43:06] [147/324] ACMG
[03:43:07] [148/324] SHMM
[03:43:08] [149/324] MCMN
[03:43:09] [150/324] GLDC
[03:43:10] [151/324] HOUT
[03:43:10] [152/324] SVRP
[03:43:11] [153/324] PVDN
[03:43:12] [154/324] SCPY
[03:43:12] [155/324] DTPY
[03:43:13] [156/324] GKCS
[03:43:15] [157/324] NCAM
[03:43:16] [158/324] BSRM
[03:43:17] [159/324] RCLC
[03:43:18] [160/324] SKKD
[03:43:18] [161/324] ACHU
[03:43:19] [162/324] RSCF
[03:43:20] [163/324] IMSH
[03:43:21] [164/324] MACX
[03:43:22] [165/324] HMMW
[03:43:23] [166/324] JTCP
[03:43:23] [167/324] SREN
[03:43:24] [168/324] PJRR
[03:43:25] [169/324] INAC
[03:43:26] [170/324] BMCA
[03:43:27] [171/324] SHCB
[03:43:28] [172/324] GABA
[03:43:29] [173/324] SBCT
[03:43:30] [174/324] GCMA
[03:43:31] [175/324] MYTK
[03:43:32] [176/324] INZS
[03:43:33] [177/324] RMIK
[03:43:34] [178/324] NYCH
[03:43:35] [179/324] RAVE
[03:43:36] [180/324] PSXM
[03:43:36] [181/324] MCGP
[03:43:37] [182/324] PDDK
[03:43:38] [183/324] SPCK
[03:43:39] [184/324] MCRL
[03:43:40] [185/324] MHKT
[03:43:41] [186/324] ANRR
[03:43:42] [187/324] SAPK
[03:43:43] [188/324] NCUK
[03:43:44] [189/324] JUGA
[03:43:45] [190/324] DBSC
[03:43:45] [191/324] LALK
[03:43:46] [192/324] GUCK
[03:43:47] [193/324] STSG
[03:43:48] [194/324] PPPZ
[03:43:49] [195/324] CNCY
[03:43:50] [196/324] MTAR
[03:43:51] [197/324] VNKD
[03:43:53] [198/324] KMAJ
[03:43:54] [199/324] ACXK
[03:43:54] [200/324] UTKC
[03:43:55] [201/324] PBLK
[03:43:56] [202/324] ACBX
[03:43:57] [203/324] PTGM
[03:43:58] [204/324] BTDA
[03:43:59] [205/324] PJMB
[03:44:00] [206/324] TPDA
[03:44:01] [207/324] AMOE
[03:44:02] [208/324] PRHT
[03:44:02] [209/324] PRTA
[03:44:04] [210/324] STAM
[03:44:04] [211/324] MSAA
[03:44:05] [212/324] SDLU
[03:44:06] [213/324] RCHH
[03:44:07] [214/324] KANT
[03:44:08] [215/324] FCRT
[03:44:09] [216/324] DNKM
[03:44:10] [217/324] RYCP
[03:44:10] [218/324] MYRP
[03:44:11] [219/324] PPAK
[03:44:12] [220/324] NVPK
[03:44:13] [221/324] PRMC
[03:44:14] [222/324] JBCS
[03:44:15] [223/324] GXCK
[03:44:15] [224/324] USKO
[03:44:16] [225/324] GTEM
[03:44:17] [226/324] SMBU
[03:44:18] [227/324] VETC
[03:44:19] [228/324] LCDA
[03:44:20] [229/324] MTVT
[03:44:21] [230/324] PYCP
[03:44:21] [231/324] PNSC
[03:44:22] [232/324] PPCC
[03:44:23] [233/324] TGRT
[03:44:24] [234/324] JYOT
[03:44:25] [235/324] SRCZ
[03:44:25] [236/324] SJTE
[03:44:26] [237/324] DESC
[03:44:27] [238/324] JHVN
[03:44:28] [239/324] IPSG
[03:44:29] [240/324] IPCM
[03:44:31] [241/324] PDRS
[03:44:32] [242/324] ANCV
[03:44:33] [243/324] CMVV
[03:44:34] [244/324] SHYP
[03:44:35] [245/324] DNCS
[03:44:36] [246/324] GAJK
[03:44:37] [247/324] AKTN
[03:44:38] [248/324] KAYA
[03:44:39] [249/324] SBRC
[03:44:40] [250/324] CHTP
[03:44:40] [251/324] SHRT
[03:44:41] [252/324] BCKU
[03:44:42] [253/324] FCPS
[03:44:43] [254/324] ARDD
[03:44:43] [255/324] CPCM
[03:44:44] [256/324] CGSM
[03:44:45] [257/324] PSMP
[03:44:46] [258/324] SDAL
[03:44:47] [259/324] RTNB
[03:44:48] [260/324] LMCR
[03:44:49] [261/324] CIMA
[03:44:50] [262/324] RNAS
[03:44:50] [263/324] LITH
[03:44:51] [264/324] PBOX
[03:44:52] [265/324] FRTS
[03:44:53] [266/324] RKIC
[03:44:53] [267/324] PTAI
[03:44:54] [268/324] GCIC
[03:44:56] [269/324] FNAS
[03:44:56] [270/324] SCAR
[03:44:57] [271/324] MTCA
[03:44:59] [272/324] SCTS
[03:44:59] [273/324] SYCS
[03:45:00] [274/324] RDMS
[03:45:01] [275/324] KAMP
[03:45:02] [276/324] ERSD
[03:45:03] [277/324] MJMJ
[03:45:03] [278/324] SRCJ
[03:45:04] [279/324] SCXE
[03:45:06] [280/324] SVFR
[03:45:07] [281/324] BHCS
[03:45:08] [282/324] IMCC
[03:45:08] [283/324] PCBO
[03:45:09] [284/324] PRVN
[03:45:10] [285/324] AUPM
[03:45:11] [286/324] INBW
[03:45:12] [287/324] SVCW
[03:45:12] [288/324] RKCF
[03:45:13] [289/324] UVBH
[03:45:14] [290/324] DNCY
[03:45:15] [291/324] ABCN
[03:45:16] [292/324] PRUR
[03:45:17] [293/324] PFMR
[03:45:18] [294/324] RKCN
[03:45:19] [295/324] CFEA
[03:45:20] [296/324] SDBG
[03:45:20] [297/324] SNAR
[03:45:21] [298/324] YISI
[03:45:22] [299/324] JCFF
[03:45:23] [300/324] VTRK
[03:45:23] [301/324] PCLZ
[03:45:24] [302/324] DIMY
[03:45:26] [303/324] BBTS
[03:45:27] [304/324] GATH
[03:45:28] [305/324] GTMN
[03:45:29] [306/324] VTMH
[03:45:30] [307/324] CCKP
[03:45:30] [308/324] GPKA
[03:45:31] [309/324] MHCL
[03:45:32] [310/324] ATCL
[03:45:33] [311/324] SBCK
[03:45:34] [312/324] AMMR
[03:45:35] [313/324] MADC
[03:45:36] [314/324] TMMA
[03:45:37] [315/324] CACC
[03:45:38] [316/324] CHAL
[03:45:39] [317/324] DURG
[03:45:40] [318/324] GMKU
[03:45:41] [319/324] GECA
[03:45:42] [320/324] KYRR
[03:45:43] [321/324] KSDE
[03:45:44] [322/324] LMCI
[03:45:45] [323/324] NKCP
[03:45:46] [324/324] BGTC
[03:45:47] ✅ DONE | Shows=0 | Movies=0
[04:40:44] 🚀 BMS DAILY TRACKER STARTED
[04:40:44] [1/324] GCTA
[04:40:44] 🧠 New identity
[04:40:45] [2/324] TOPN
[04:40:46] [3/324] MCUS
[04:40:47] [4/324] SHRL
[04:40:48] [5/324] UPTP
[04:40:49] [6/324] TMMP
[04:40:50] [7/324] DNRP
[04:40:51] [8/324] SRLT
[04:40:51] [9/324] RCNS
[04:40:52] [10/324] DCBH
[04:40:53] [11/324] NAGJ
[04:40:54] [12/324] JVRC
[04:40:55] [13/324] KRJG
[04:40:56] [14/324] SRTJ
[04:40:57] [15/324] CMXM
[04:40:57] [16/324] STMI
[04:40:58] [17/324] SLST
[04:40:59] [18/324] DTCN
[04:41:00] [19/324] STYN
[04:41:02] [20/324] SZVR
[04:41:03] [21/324] SRKO
[04:41:04] [22/324] JTGT
[04:41:04] [23/324] SVFD
[04:41:05] [24/324] SISD
[04:41:06] [25/324] ABDD
[04:41:07] [26/324] DRCA
[04:41:08] [27/324] AVCS
[04:41:08] [28/324] MVKH
[04:41:10] [29/324] ACPR
[04:41:11] [30/324] STIP
[04:41:11] [31/324] MTRA
[04:41:12] [32/324] RMKH
[04:41:13] [33/324] NKRL
[04:41:14] [34/324] PCWN
[04:41:15] [35/324] BLMT
[04:41:16] [36/324] GDPG
[04:41:17] [37/324] SRMX
[04:41:18] [38/324] JACP
[04:41:19] [39/324] CPSH
[04:41:20] [40/324] MCCD
[04:41:20] [41/324] ECGH
[04:41:21] [42/324] MKCK
[04:41:22] [43/324] SRMM
[04:41:23] [44/324] SKYR
[04:41:24] [45/324] PCKC
[04:41:25] [46/324] JCMA
[04:41:25] [47/324] BSMP
[04:41:26] [48/324] VSPA
[04:41:27] [49/324] DJYA
[04:41:28] [50/324] DIMP
[04:41:29] [51/324] FXDR
[04:41:30] [52/324] SSRC
[04:41:31] [53/324] STHP
[04:41:32] [54/324] CPPD
[04:41:33] [55/324] FCLK
[04:41:33] [56/324] SCPP
[04:41:34] [57/324] DCMJ
[04:41:35] [58/324] RCCR
[04:41:36] [59/324] INMT
[04:41:37] [60/324] LXTK
[04:41:38] [61/324] SRYK
[04:41:39] [62/324] SGDK
[04:41:40] [63/324] PPKA
[04:41:40] [64/324] SPKA
[04:41:41] [65/324] CGHH
[04:41:43] [66/324] DCJN
[04:41:43] [67/324] SRKV
[04:41:44] [68/324] SAJC
[04:41:45] [69/324] SUSR
[04:41:46] [70/324] STYG
[04:41:47] [71/324] NTKP
[04:41:48] [72/324] AKTG
[04:41:49] [73/324] CGCM
[04:41:50] [74/324] TULC
[04:41:51] [75/324] NYYZ
[04:41:52] [76/324] NYBW
[04:41:53] [77/324] MACB
[04:41:53] [78/324] SLVT
[04:41:54] [79/324] SANA
[04:41:55] [80/324] ACMR
[04:41:56] [81/324] CPKN
[04:41:57] [82/324] DLGK
[04:41:58] [83/324] CWCK
[04:41:59] [84/324] FDDH
[04:41:59] [85/324] MMMD
[04:42:00] [86/324] CMEH
[04:42:01] [87/324] GGGV
[04:42:02] [88/324] SPJL
[04:42:03] [89/324] RCCD
[04:42:04] [90/324] STTZ
[04:42:05] [91/324] BTCF
[04:42:05] [92/324] TSTZ
[04:42:06] [93/324] IPMM
[04:42:07] [94/324] PMPW
[04:42:08] [95/324] PCMZ
[04:42:09] [96/324] ESEM
[04:42:10] [97/324] PIPO
[04:42:10] [98/324] MATK
[04:42:11] [99/324] PGHM
[04:42:12] [100/324] CTSR
[04:42:13] [101/324] CYKR
[04:42:14] [102/324] MSCM
[04:42:15] [103/324] RFNP
[04:42:16] [104/324] PDCP
[04:42:17] [105/324] NPSE
[04:42:18] [106/324] MKML
[04:42:19] [107/324] FTDP
[04:42:20] [108/324] MMXA
[04:42:21] [109/324] CEPO
[04:42:22] [110/324] CMVP
[04:42:23] [111/324] SGTH
[04:42:24] [112/324] SAYN
[04:42:24] [113/324] URVS
[04:42:25] [114/324] VJTN
[04:42:26] [115/324] BBYK
[04:42:27] [116/324] SHBO
[04:42:28] [117/324] VCMR
[04:42:28] [118/324] MACT
[04:42:29] [119/324] JMNP
[04:42:30] [120/324] VICS
[04:42:31] [121/324] VCDA
[04:42:32] [122/324] GCMM
[04:42:33] [123/324] INVS
[04:42:33] [124/324] SCGM
[04:42:34] [125/324] PCDA
[04:42:36] [126/324] KDCT
[04:42:36] [127/324] JACS
[04:42:37] [128/324] GMMC
[04:42:38] [129/324] AICM
[04:42:39] [130/324] TJCM
[04:42:40] [131/324] RMTI
[04:42:40] [132/324] SHAC
[04:42:41] [133/324] APJC
[04:42:43] [134/324] GCTG
[04:42:43] [135/324] SSMC
[04:42:44] [136/324] THRM
[04:42:45] [137/324] RBCT
[04:42:46] [138/324] DIKT
[04:42:47] [139/324] MIDL
[04:42:47] [140/324] VCSN
[04:42:48] [141/324] SKTG
[04:42:49] [142/324] SMWC
[04:42:50] [143/324] MNKH
[04:42:50] [144/324] PIAT
[04:42:51] [145/324] LTTP
[04:42:53] [146/324] PTPU
[04:42:54] [147/324] ACMG
[04:42:55] [148/324] SHMM
[04:42:56] [149/324] MCMN
[04:42:57] [150/324] GLDC
[04:42:58] [151/324] HOUT
[04:42:59] [152/324] SVRP
[04:42:59] [153/324] PVDN
[04:43:00] [154/324] SCPY
[04:43:01] [155/324] DTPY
[04:43:02] [156/324] GKCS
[04:43:02] [157/324] NCAM
[04:43:03] [158/324] BSRM
[04:43:04] [159/324] RCLC
[04:43:05] [160/324] SKKD
[04:43:06] [161/324] ACHU
[04:43:08] [162/324] RSCF
[04:43:08] [163/324] IMSH
[04:43:09] [164/324] MACX
[04:43:11] [165/324] HMMW
[04:43:11] [166/324] JTCP
[04:43:12] [167/324] SREN
[04:43:14] [168/324] PJRR
[04:43:14] [169/324] INAC
[04:43:15] [170/324] BMCA
[04:43:16] [171/324] SHCB
[04:43:17] [172/324] GABA
[04:43:18] [173/324] SBCT
[04:43:19] [174/324] GCMA
[04:43:19] [175/324] MYTK
[04:43:21] [176/324] INZS
[04:43:22] [177/324] RMIK
[04:43:23] [178/324] NYCH
[04:43:23] [179/324] RAVE
[04:43:24] [180/324] PSXM
[04:43:25] [181/324] MCGP
[04:43:26] [182/324] PDDK
[04:43:27] [183/324] SPCK
[04:43:27] [184/324] MCRL
[04:43:28] [185/324] MHKT
[04:43:29] [186/324] ANRR
[04:43:30] [187/324] SAPK
[04:43:31] [188/324] NCUK
[04:43:31] [189/324] JUGA
[04:43:32] [190/324] DBSC
[04:43:33] [191/324] LALK
[04:43:34] [192/324] GUCK
[04:43:35] [193/324] STSG
[04:43:36] [194/324] PPPZ
[04:43:36] [195/324] CNCY
[04:43:37] [196/324] MTAR
[04:43:38] [197/324] VNKD
[04:43:39] [198/324] KMAJ
[04:43:40] [199/324] ACXK
[04:43:41] [200/324] UTKC
[04:43:42] [201/324] PBLK
[04:43:43] [202/324] ACBX
[04:43:44] [203/324] PTGM
[04:43:44] [204/324] BTDA
[04:43:45] [205/324] PJMB
[04:43:46] [206/324] TPDA
[04:43:47] [207/324] AMOE
[04:43:48] [208/324] PRHT
[04:43:48] [209/324] PRTA
[04:43:49] [210/324] STAM
[04:43:50] [211/324] MSAA
[04:43:51] [212/324] SDLU
[04:43:52] [213/324] RCHH
[04:43:53] [214/324] KANT
[04:43:53] [215/324] FCRT
[04:43:55] [216/324] DNKM
[04:43:56] [217/324] RYCP
[04:43:57] [218/324] MYRP
[04:43:57] [219/324] PPAK
[04:43:58] [220/324] NVPK
[04:43:59] [221/324] PRMC
[04:43:59] [222/324] JBCS
[04:44:00] [223/324] GXCK
[04:44:01] [224/324] USKO
[04:44:02] [225/324] GTEM
[04:44:04] [226/324] SMBU
[04:44:04] [227/324] VETC
[04:44:05] [228/324] LCDA
[04:44:06] [229/324] MTVT
[04:44:07] [230/324] PYCP
[04:44:08] [231/324] PNSC
[04:44:09] [232/324] PPCC
[04:44:10] [233/324] TGRT
[04:44:11] [234/324] JYOT
[04:44:12] [235/324] SRCZ
[04:44:13] [236/324] SJTE
[04:44:14] [237/324] DESC
[04:44:15] [238/324] JHVN
[04:44:16] [239/324] IPSG
[04:44:17] [240/324] IPCM
[04:44:17] [241/324] PDRS
[04:44:18] [242/324] ANCV
[04:44:19] [243/324] CMVV
[04:44:20] [244/324] SHYP
[04:44:21] [245/324] DNCS
[04:44:23] [246/324] GAJK
[04:44:23] [247/324] AKTN
[04:44:24] [248/324] KAYA
[04:44:25] [249/324] SBRC
[04:44:26] [250/324] CHTP
[04:44:27] [251/324] SHRT
[04:44:27] [252/324] BCKU
[04:44:28] [253/324] FCPS
[04:44:29] [254/324] ARDD
[04:44:30] [255/324] CPCM
[04:44:31] [256/324] CGSM
[04:44:31] [257/324] PSMP
[04:44:32] [258/324] SDAL
[04:44:33] [259/324] RTNB
[04:44:34] [260/324] LMCR
[04:44:35] [261/324] CIMA
[04:44:36] [262/324] RNAS
[04:44:37] [263/324] LITH
[04:44:38] [264/324] PBOX
[04:44:39] [265/324] FRTS
[04:44:40] [266/324] RKIC
[04:44:41] [267/324] PTAI
[04:44:41] [268/324] GCIC
[04:44:42] [269/324] FNAS
[04:44:44] [270/324] SCAR
[04:44:45] [271/324] MTCA
[04:44:46] [272/324] SCTS
[04:44:47] [273/324] SYCS
[04:44:47] [274/324] RDMS
[04:44:48] [275/324] KAMP
[04:44:49] [276/324] ERSD
[04:44:50] [277/324] MJMJ
[04:44:51] [278/324] SRCJ
[04:44:52] [279/324] SCXE
[04:44:53] [280/324] SVFR
[04:44:54] [281/324] BHCS
[04:44:55] [282/324] IMCC
[04:44:56] [283/324] PCBO
[04:44:57] [284/324] PRVN
[04:44:57] [285/324] AUPM
[04:44:58] [286/324] INBW
[04:44:59] [287/324] SVCW
[04:45:00] [288/324] RKCF
[04:45:01] [289/324] UVBH
[04:45:02] [290/324] DNCY
[04:45:03] [291/324] ABCN
[04:45:04] [292/324] PRUR
[04:45:05] [293/324] PFMR
[04:45:06] [294/324] RKCN
[04:45:07] [295/324] CFEA
[04:45:08] [296/324] SDBG
[04:45:09] [297/324] SNAR
[04:45:10] [298/324] YISI
[04:45:11] [299/324] JCFF
[04:45:12] [300/324] VTRK
[04:45:13] [301/324] PCLZ
[04:45:14] [302/324] DIMY
[04:45:14] [303/324] BBTS
[04:45:15] [304/324] GATH
[04:45:16] [305/324] GTMN
[04:45:17] [306/324] VTMH
[04:45:18] [307/324] CCKP
[04:45:19] [308/324] GPKA
[04:45:20] [309/324] MHCL
[04:45:20] [310/324] ATCL
[04:45:21] [311/324] SBCK
[04:45:22] [312/324] AMMR
[04:45:23] [313/324] MADC
[04:45:24] [314/324] TMMA
[04:45:25] [315/324] CACC
[04:45:26] [316/324] CHAL
[04:45:26] [317/324] DURG
[04:45:27] [318/324] GMKU
[04:45:28] [319/324] GECA
[04:45:29] [320/324] KYRR
[04:45:30] [321/324] KSDE
[04:45:31] [322/324] LMCI
[04:45:32] [323/324] NKCP
[04:45:33] [324/324] BGTC
[04:45:33] ✅ DONE | Shows=6 | Movies=2
