[00:40:34] 🚀 BMS DAILY TRACKER STARTED
[00:40:34] [1/459] MBDC
[00:40:34] 🧠 New identity
[00:40:35] [2/459] CHKM
[00:40:36] [3/459] JTKZ
[00:40:37] [4/459] CMCT
[00:40:38] [5/459] ASHO
[00:40:39] [6/459] ECDG
[00:40:40] [7/459] SPAT
[00:40:41] [8/459] HILC
[00:40:42] [9/459] SPPH
[00:40:43] [10/459] SBHN
[00:40:44] [11/459] RRCA
[00:40:45] [12/459] APAA
[00:40:46] [13/459] RAME
[00:40:47] [14/459] TMMS
[00:40:48] [15/459] BATK
[00:40:49] [16/459] LKOP
[00:40:50] [17/459] AMTT
[00:40:50] [18/459] PTGK
[00:40:51] [19/459] ANRS
[00:40:52] [20/459] VWBW
[00:40:53] [21/459] SVFG
[00:40:54] [22/459] STAT
[00:40:55] [23/459] GDCV
[00:40:56] [24/459] VEBI
[00:40:57] [25/459] VDSS
[00:40:57] [26/459] NTHV
[00:40:58] [27/459] AOCH
[00:40:59] [28/459] KASR
[00:41:00] [29/459] AYCS
[00:41:01] [30/459] SHAI
[00:41:02] [31/459] SKPE
[00:41:03] [32/459] SBTA
[00:41:04] [33/459] RTTD
[00:41:05] [34/459] CCJD
[00:41:06] [35/459] RSJJ
[00:41:07] [36/459] RKND
[00:41:08] [37/459] SVTX
[00:41:09] [38/459] BAKM
[00:41:09] [39/459] SVDC
[00:41:10] [40/459] MNCV
[00:41:11] [41/459] SJGC
[00:41:12] [42/459] MTPK
[00:41:13] [43/459] GATP
[00:41:14] [44/459] ABTS
[00:41:15] [45/459] ABDE
[00:41:16] [46/459] RCNM
[00:41:17] [47/459] KTHV
[00:41:17] [48/459] MDGJ
[00:41:18] [49/459] SMLM
[00:41:19] [50/459] JTMA
[00:41:20] [51/459] ACKP
[00:41:20] [52/459] SRTA
[00:41:21] [53/459] STAY
[00:41:22] [54/459] MAVO
[00:41:24] [55/459] APTS
[00:41:25] [56/459] OMEA
[00:41:26] [57/459] TTFD
[00:41:26] [58/459] MJCU
[00:41:27] [59/459] CXTE
[00:41:28] [60/459] CTPX
[00:41:29] [61/459] ASSL
[00:41:30] [62/459] CMVB
[00:41:31] [63/459] VPUR
[00:41:32] [64/459] JJDA
[00:41:33] [65/459] INBL
[00:41:34] [66/459] BIKB
[00:41:35] [67/459] NTBB
[00:41:35] [68/459] GLOB
[00:41:37] [69/459] SNTB
[00:41:38] [70/459] CHGV
[00:41:39] [71/459] SSBZ
[00:41:40] [72/459] PRDB
[00:41:41] [73/459] ISMT
[00:41:41] [74/459] MCSD
[00:41:42] [75/459] JBTT
[00:41:43] [76/459] GEKR
[00:41:44] [77/459] PVUN
[00:41:45] [78/459] NRTB
[00:41:46] [79/459] PRAA
[00:41:46] [80/459] PCBL
[00:41:47] [81/459] PTCM
[00:41:48] [82/459] KHNN
[00:41:49] [83/459] OMJE
[00:41:50] [84/459] STGN
[00:41:51] [85/459] RPMS
[00:41:52] [86/459] NWAD
[00:41:53] [87/459] BLCK
[00:41:54] [88/459] SVAA
[00:41:55] [89/459] URVM
[00:41:56] [90/459] ANTM
[00:41:57] [91/459] VJYM
[00:41:57] [92/459] MAZZ
[00:41:58] [93/459] CSHM
[00:42:00] [94/459] WGMH
[00:42:00] [95/459] SALN
[00:42:01] [96/459] BRTP
[00:42:02] [97/459] SVTA
[00:42:03] [98/459] SBTP
[00:42:04] [99/459] VLSS
[00:42:05] [100/459] SRJA
[00:42:05] [101/459] ANCG
[00:42:06] [102/459] CGGC
[00:42:07] [103/459] CRJA
[00:42:08] [104/459] USCR
[00:42:08] [105/459] MMEF
[00:42:09] [106/459] JCRJ
[00:42:10] [107/459] ADCM
[00:42:11] [108/459] BMYK
[00:42:11] [109/459] KICS
[00:42:12] [110/459] MBBT
[00:42:14] [111/459] MACK
[00:42:15] [112/459] CLDR
[00:42:15] [113/459] JYCR
[00:42:16] [114/459] DCRP
[00:42:17] [115/459] RAHT
[00:42:18] [116/459] CSSM
[00:42:19] [117/459] ATPK
[00:42:20] [118/459] KLRT
[00:42:21] [119/459] SRDD
[00:42:22] [120/459] CKMC
[00:42:23] [121/459] KRVM
[00:42:23] [122/459] AKCP
[00:42:24] [123/459] CNCV
[00:42:25] [124/459] PACT
[00:42:26] [125/459] NATP
[00:42:27] [126/459] PCPK
[00:42:28] [127/459] SMHO
[00:42:29] [128/459] CWTK
[00:42:30] [129/459] RVKZ
[00:42:31] [130/459] ASPD
[00:42:32] [131/459] VTKZ
[00:42:33] [132/459] LCSO
[00:42:35] [133/459] PRDY
[00:42:36] [134/459] RCAP
[00:42:37] [135/459] RGAR
[00:42:38] [136/459] RCAC
[00:42:39] [137/459] PMOD
[00:42:39] [138/459] PVCN
[00:42:40] [139/459] SCRZ
[00:42:41] [140/459] PVPC
[00:42:42] [141/459] STID
[00:42:42] [142/459] NEDD
[00:42:43] [143/459] BNBA
[00:42:45] [144/459] NTCD
[00:42:46] [145/459] OCDE
[00:42:47] [146/459] CCDU
[00:42:48] [147/459] CRXH
[00:42:48] [148/459] VLVT
[00:42:49] [149/459] CICI
[00:42:50] [150/459] SUCB
[00:42:52] [151/459] TCBP
[00:42:53] [152/459] SCCY
[00:42:54] [153/459] LXCY
[00:42:54] [154/459] NCMD
[00:42:55] [155/459] PHCS
[00:42:56] [156/459] DUXR
[00:42:57] [157/459] VNKS
[00:42:58] [158/459] SEDP
[00:42:59] [159/459] SVEN
[00:42:59] [160/459] SRKM
[00:43:00] [161/459] JTLT
[00:43:01] [162/459] SVSS
[00:43:02] [163/459] AMDE
[00:43:03] [164/459] WVRN
[00:43:04] [165/459] ISMG
[00:43:04] [166/459] WVKS
[00:43:05] [167/459] USCG
[00:43:06] [168/459] IOTG
[00:43:07] [169/459] RRJM
[00:43:08] [170/459] EDMP
[00:43:09] [171/459] SCGZ
[00:43:10] [172/459] GMGX
[00:43:11] [173/459] OMTP
[00:43:12] [174/459] MITD
[00:43:13] [175/459] SMMD
[00:43:14] [176/459] STML
[00:43:15] [177/459] MCFS
[00:43:15] [178/459] FPKA
[00:43:16] [179/459] OMLR
[00:43:17] [180/459] KKSC
[00:43:18] [181/459] RVMA
[00:43:19] [182/459] SCLL
[00:43:20] [183/459] SCDK
[00:43:21] [184/459] SXMI
[00:43:22] [185/459] SHDN
[00:43:23] [186/459] PAAD
[00:43:24] [187/459] UUCB
[00:43:25] [188/459] JHOL
[00:43:26] [189/459] SGWT
[00:43:26] [190/459] SRII
[00:43:27] [191/459] SGCK
[00:43:28] [192/459] SVVB
[00:43:29] [193/459] DMHA
[00:43:30] [194/459] PPNL
[00:43:30] [195/459] CPNL
[00:43:31] [196/459] WVLD
[00:43:33] [197/459] PSLV
[00:43:34] [198/459] VTTL
[00:43:34] [199/459] NPAD
[00:43:35] [200/459] PVCS
[00:43:36] [201/459] MCHL
[00:43:37] [202/459] PPLL
[00:43:38] [203/459] MALO
[00:43:39] [204/459] SWBH
[00:43:40] [205/459] PUGB
[00:43:41] [206/459] INBB
[00:43:41] [207/459] INNS
[00:43:42] [208/459] MCPT
[00:43:43] [209/459] SCMI
[00:43:43] [210/459] OCON
[00:43:44] [211/459] SCSM
[00:43:45] [212/459] RJVN
[00:43:46] [213/459] AMDK
[00:43:47] [214/459] ISMR
[00:43:48] [215/459] SMTD
[00:43:49] [216/459] VTDD
[00:43:50] [217/459] PDDZ
[00:43:50] [218/459] PCCK
[00:43:52] [219/459] INAM
[00:43:52] [220/459] FNKT
[00:43:53] [221/459] GDKA
[00:43:54] [222/459] MAYU
[00:43:55] [223/459] TCGU
[00:43:56] [224/459] KDCA
[00:43:56] [225/459] DOMY
[00:43:57] [226/459] PDDD
[00:43:58] [227/459] BJTS
[00:43:59] [228/459] VTCA
[00:44:00] [229/459] SBTM
[00:44:01] [230/459] SEET
[00:44:01] [231/459] SSTJ
[00:44:02] [232/459] SVNT
[00:44:03] [233/459] PPPR
[00:44:04] [234/459] PVYS
[00:44:05] [235/459] IOSE
[00:44:06] [236/459] ACTV
[00:44:07] [237/459] APVE
[00:44:08] [238/459] TCCL
[00:44:09] [239/459] SCMO
[00:44:09] [240/459] SAUM
[00:44:10] [241/459] KCJS
[00:44:11] [242/459] NJCJ
[00:44:12] [243/459] NECF
[00:44:13] [244/459] CCGW
[00:44:14] [245/459] CCMG
[00:44:15] [246/459] NYRG
[00:44:16] [247/459] NCSQ
[00:44:17] [248/459] GRCG
[00:44:18] [249/459] CCBT
[00:44:18] [250/459] ACGA
[00:44:20] [251/459] INAG
[00:44:21] [252/459] FUCG
[00:44:22] [253/459] AICF
[00:44:23] [254/459] GRGA
[00:44:24] [255/459] GDCN
[00:44:25] [256/459] RRCG
[00:44:26] [257/459] SDCH
[00:44:26] [258/459] WVJM
[00:44:27] [259/459] JCCZ
[00:44:28] [260/459] CNCL
[00:44:29] [261/459] TMLV
[00:44:30] [262/459] MEMB
[00:44:31] [263/459] SGTD
[00:44:32] [264/459] CONX
[00:44:33] [265/459] CCMH
[00:44:33] [266/459] ACMC
[00:44:34] [267/459] DTPD
[00:44:35] [268/459] POJA
[00:44:36] [269/459] FNBH
[00:44:37] [270/459] CGCB
[00:44:38] [271/459] RACN
[00:44:38] [272/459] JTSM
[00:44:39] [273/459] SCDN
[00:44:40] [274/459] AACK
[00:44:41] [275/459] RMCE
[00:44:42] [276/459] BSGB
[00:44:43] [277/459] MRCB
[00:44:44] [278/459] SRVR
[00:44:44] [279/459] VTKK
[00:44:45] [280/459] AMST
[00:44:46] [281/459] APCY
[00:44:47] [282/459] LMHO
[00:44:48] [283/459] MTZH
[00:44:49] [284/459] AMZB
[00:44:50] [285/459] SUVT
[00:44:51] [286/459] RCIP
[00:44:52] [287/459] KESR
[00:44:53] [288/459] SNKC
[00:44:53] [289/459] SCED
[00:44:54] [290/459] DVCA
[00:44:56] [291/459] VCDT
[00:44:57] [292/459] RRDI
[00:44:58] [293/459] DFCH
[00:44:59] [294/459] INSC
[00:45:00] [295/459] RGTR
[00:45:00] [296/459] FMOT
[00:45:02] [297/459] SCPM
[00:45:03] [298/459] GCDT
[00:45:03] [299/459] BRKT
[00:45:04] [300/459] DEMP
[00:45:05] [301/459] SRLC
[00:45:06] [302/459] KSTT
[00:45:07] [303/459] SMMT
[00:45:08] [304/459] SILM
[00:45:09] [305/459] JCVM
[00:45:10] [306/459] KCSV
[00:45:10] [307/459] MHLK
[00:45:11] [308/459] SLVL
[00:45:12] [309/459] RJKP
[00:45:13] [310/459] BBPC
[00:45:14] [311/459] MXCB
[00:45:14] [312/459] TCPK
[00:45:15] [313/459] RTBR
[00:45:16] [314/459] GAUT
[00:45:18] [315/459] DVCF
[00:45:18] [316/459] JTSB
[00:45:19] [317/459] SBLS
[00:45:20] [318/459] UDAY
[00:45:21] [319/459] PTNP
[00:45:22] [320/459] DMKT
[00:45:23] [321/459] NTDT
[00:45:24] [322/459] SHDJ
[00:45:24] [323/459] OTNC
[00:45:25] [324/459] RNTW
[00:45:26] [325/459] GCMI
[00:45:27] [326/459] CRCM
[00:45:27] [327/459] NNCZ
[00:45:28] [328/459] OEMO
[00:45:29] [329/459] PVJM
[00:45:30] [330/459] CPJI
[00:45:31] [331/459] RMCJ
[00:45:32] [332/459] CNWJ
[00:45:33] [333/459] EPJM
[00:45:34] [334/459] FNJJ
[00:45:34] [335/459] GCMJ
[00:45:35] [336/459] INPS
[00:45:36] [337/459] BICJ
[00:45:37] [338/459] ISTJ
[00:45:38] [339/459] INJC
[00:45:39] [340/459] GLXJ
[00:45:40] [341/459] INEM
[00:45:41] [342/459] JTMN
[00:45:42] [343/459] FRCJ
[00:45:43] [344/459] DDJP
[00:45:44] [345/459] INJV
[00:45:45] [346/459] GOLC
[00:45:46] [347/459] KOCI
[00:45:46] [348/459] FSTD
[00:45:47] [349/459] PACJ
[00:45:48] [350/459] GMCN
[00:45:48] [351/459] MMDJ
[00:45:49] [352/459] GODH
[00:45:50] [353/459] SKYN
[00:45:51] [354/459] NCTH
[00:45:51] [355/459] SKVZ
[00:45:52] [356/459] SVML
[00:45:53] [357/459] ACVZ
[00:45:53] [358/459] SURA
[00:45:54] [359/459] RTRB
[00:45:55] [360/459] LLCT
[00:45:56] [361/459] ATTS
[00:45:57] [362/459] JYCM
[00:45:58] [363/459] CTKR
[00:45:59] [364/459] LCKR
[00:46:00] [365/459] NYCV
[00:46:00] [366/459] NYOH
[00:46:02] [367/459] NOVX
[00:46:02] [368/459] MRGK
[00:46:03] [369/459] MOON
[00:46:04] [370/459] SBUC
[00:46:05] [371/459] GSVA
[00:46:06] [372/459] VIAK
[00:46:07] [373/459] SMVZ
[00:46:08] [374/459] MATE
[00:46:09] [375/459] RDCN
[00:46:10] [376/459] ASBL
[00:46:11] [377/459] ASVS
[00:46:12] [378/459] ASSR
[00:46:13] [379/459] SSKN
[00:46:13] [380/459] DRPV
[00:46:15] [381/459] MRHT
[00:46:16] [382/459] BSCN
[00:46:16] [383/459] RKNX
[00:46:17] [384/459] MSMC
[00:46:18] [385/459] MSCJ
[00:46:19] [386/459] BTBJ
[00:46:20] [387/459] MJCC
[00:46:21] [388/459] IOMM
[00:46:22] [389/459] ADGR
[00:46:22] [390/459] MYCP
[00:46:23] [391/459] IGCM
[00:46:24] [392/459] PGRK
[00:46:25] [393/459] VPGO
[00:46:26] [394/459] KOMS
[00:46:26] [395/459] URGG
[00:46:27] [396/459] GOST
[00:46:28] [397/459] LACT
[00:46:30] [398/459] BWCM
[00:46:30] [399/459] NCCW
[00:46:32] [400/459] SKYC
[00:46:32] [401/459] CCPM
[00:46:33] [402/459] VCBT
[00:46:34] [403/459] SDKR
[00:46:35] [404/459] CTYB
[00:46:36] [405/459] SHCX
[00:46:37] [406/459] RCUN
[00:46:38] [407/459] CNRA
[00:46:38] [408/459] RFCA
[00:46:40] [409/459] RDCU
[00:46:41] [410/459] SARK
[00:46:42] [411/459] SPPP
[00:46:43] [412/459] ADMB
[00:46:44] [413/459] JYOE
[00:46:44] [414/459] SRMD
[00:46:45] [415/459] RJDH
[00:46:47] [416/459] SSTD
[00:46:48] [417/459] AACV
[00:46:48] [418/459] PPVD
[00:46:49] [419/459] STCP
[00:46:50] [420/459] ANJR
[00:46:51] [421/459] ANLS
[00:46:52] [422/459] BIJO
[00:46:52] [423/459] AVAB
[00:46:53] [424/459] SPMD
[00:46:54] [425/459] SVJL
[00:46:55] [426/459] SDDJ
[00:46:56] [427/459] SLTU
[00:46:57] [428/459] SAKA
[00:46:58] [429/459] PMAM
[00:46:58] [430/459] FNAM
[00:46:59] [431/459] ACAM
[00:47:00] [432/459] SCMM
[00:47:01] [433/459] PMAK
[00:47:02] [434/459] NYSA
[00:47:02] [435/459] FCPA
[00:47:04] [436/459] GDAN
[00:47:05] [437/459] RSCA
[00:47:06] [438/459] DMAN
[00:47:07] [439/459] DZCM
[00:47:07] [440/459] NSGL
[00:47:08] [441/459] CCPP
[00:47:09] [442/459] PSMG
[00:47:10] [443/459] GSER
[00:47:11] [444/459] FCCT
[00:47:11] [445/459] FCTB
[00:47:12] [446/459] LCNK
[00:47:13] [447/459] SKTY
[00:47:14] [448/459] INAA
[00:47:15] [449/459] RCWN
[00:47:16] [450/459] VAIS
[00:47:17] [451/459] CVMN
[00:47:18] [452/459] INTS
[00:47:19] [453/459] FRGS
[00:47:19] [454/459] DTCK
[00:47:20] [455/459] MCMH
[00:47:21] [456/459] ECRR
[00:47:22] [457/459] RLLP
[00:47:23] [458/459] CCSN
[00:47:24] [459/459] CCBA
[00:47:25] ✅ DONE | Shows=1 | Movies=1
[01:42:41] 🚀 BMS DAILY TRACKER STARTED
[01:42:41] [1/459] MBDC
[01:42:41] 🧠 New identity
[01:42:42] [2/459] CHKM
[01:42:43] [3/459] JTKZ
[01:42:44] [4/459] CMCT
[01:42:44] [5/459] ASHO
[01:42:45] [6/459] ECDG
[01:42:46] [7/459] SPAT
[01:42:47] [8/459] HILC
[01:42:48] [9/459] SPPH
[01:42:49] [10/459] SBHN
[01:42:50] [11/459] RRCA
[01:42:51] [12/459] APAA
[01:42:51] [13/459] RAME
[01:42:52] [14/459] TMMS
[01:42:53] [15/459] BATK
[01:42:54] [16/459] LKOP
[01:42:55] [17/459] AMTT
[01:42:56] [18/459] PTGK
[01:42:57] [19/459] ANRS
[01:42:58] [20/459] VWBW
[01:42:59] [21/459] SVFG
[01:43:00] [22/459] STAT
[01:43:00] [23/459] GDCV
[01:43:02] [24/459] VEBI
[01:43:03] [25/459] VDSS
[01:43:04] [26/459] NTHV
[01:43:05] [27/459] AOCH
[01:43:06] [28/459] KASR
[01:43:07] [29/459] AYCS
[01:43:08] [30/459] SHAI
[01:43:09] [31/459] SKPE
[01:43:10] [32/459] SBTA
[01:43:11] [33/459] RTTD
[01:43:12] [34/459] CCJD
[01:43:12] [35/459] RSJJ
[01:43:13] [36/459] RKND
[01:43:14] [37/459] SVTX
[01:43:15] [38/459] BAKM
[01:43:16] [39/459] SVDC
[01:43:17] [40/459] MNCV
[01:43:18] [41/459] SJGC
[01:43:18] [42/459] MTPK
[01:43:19] [43/459] GATP
[01:43:20] [44/459] ABTS
[01:43:21] [45/459] ABDE
[01:43:22] [46/459] RCNM
[01:43:24] [47/459] KTHV
[01:43:25] [48/459] MDGJ
[01:43:25] [49/459] SMLM
[01:43:26] [50/459] JTMA
[01:43:27] [51/459] ACKP
[01:43:28] [52/459] SRTA
[01:43:29] [53/459] STAY
[01:43:30] [54/459] MAVO
[01:43:31] [55/459] APTS
[01:43:32] [56/459] OMEA
[01:43:33] [57/459] TTFD
[01:43:34] [58/459] MJCU
[01:43:35] [59/459] CXTE
[01:43:36] [60/459] CTPX
[01:43:37] [61/459] ASSL
[01:43:38] [62/459] CMVB
[01:43:39] [63/459] VPUR
[01:43:40] [64/459] JJDA
[01:43:41] [65/459] INBL
[01:43:42] [66/459] BIKB
[01:43:43] [67/459] NTBB
[01:43:44] [68/459] GLOB
[01:43:45] [69/459] SNTB
[01:43:46] [70/459] CHGV
[01:43:47] [71/459] SSBZ
[01:43:48] [72/459] PRDB
[01:43:49] [73/459] ISMT
[01:43:49] [74/459] MCSD
[01:43:50] [75/459] JBTT
[01:43:51] [76/459] GEKR
[01:43:52] [77/459] PVUN
[01:43:53] [78/459] NRTB
[01:43:53] [79/459] PRAA
[01:43:54] [80/459] PCBL
[01:43:56] [81/459] PTCM
[01:43:57] [82/459] KHNN
[01:43:58] [83/459] OMJE
[01:43:58] [84/459] STGN
[01:43:59] [85/459] RPMS
[01:44:00] [86/459] NWAD
[01:44:01] [87/459] BLCK
[01:44:02] [88/459] SVAA
[01:44:03] [89/459] URVM
[01:44:04] [90/459] ANTM
[01:44:05] [91/459] VJYM
[01:44:07] [92/459] MAZZ
[01:44:08] [93/459] CSHM
[01:44:09] [94/459] WGMH
[01:44:09] [95/459] SALN
[01:44:10] [96/459] BRTP
[01:44:11] [97/459] SVTA
[01:44:12] [98/459] SBTP
[01:44:13] [99/459] VLSS
[01:44:14] [100/459] SRJA
[01:44:14] [101/459] ANCG
[01:44:16] [102/459] CGGC
[01:44:17] [103/459] CRJA
[01:44:18] [104/459] USCR
[01:44:19] [105/459] MMEF
[01:44:20] [106/459] JCRJ
[01:44:21] [107/459] ADCM
[01:44:22] [108/459] BMYK
[01:44:23] [109/459] KICS
[01:44:24] [110/459] MBBT
[01:44:24] [111/459] MACK
[01:44:25] [112/459] CLDR
[01:44:26] [113/459] JYCR
[01:44:28] [114/459] DCRP
[01:44:28] [115/459] RAHT
[01:44:29] [116/459] CSSM
[01:44:30] [117/459] ATPK
[01:44:31] [118/459] KLRT
[01:44:31] [119/459] SRDD
[01:44:33] [120/459] CKMC
[01:44:34] [121/459] KRVM
[01:44:35] [122/459] AKCP
[01:44:36] [123/459] CNCV
[01:44:37] [124/459] PACT
[01:44:38] [125/459] NATP
[01:44:39] [126/459] PCPK
[01:44:39] [127/459] SMHO
[01:44:40] [128/459] CWTK
[01:44:41] [129/459] RVKZ
[01:44:42] [130/459] ASPD
[01:44:43] [131/459] VTKZ
[01:44:44] [132/459] LCSO
[01:44:45] [133/459] PRDY
[01:44:46] [134/459] RCAP
[01:44:47] [135/459] RGAR
[01:44:48] [136/459] RCAC
[01:44:49] [137/459] PMOD
[01:44:50] [138/459] PVCN
[01:44:51] [139/459] SCRZ
[01:44:52] [140/459] PVPC
[01:44:53] [141/459] STID
[01:44:54] [142/459] NEDD
[01:44:54] [143/459] BNBA
[01:44:55] [144/459] NTCD
[01:44:56] [145/459] OCDE
[01:44:57] [146/459] CCDU
[01:44:59] [147/459] CRXH
[01:44:59] [148/459] VLVT
[01:45:01] [149/459] CICI
[01:45:02] [150/459] SUCB
[01:45:03] [151/459] TCBP
[01:45:04] [152/459] SCCY
[01:45:05] [153/459] LXCY
[01:45:06] [154/459] NCMD
[01:45:07] [155/459] PHCS
[01:45:07] [156/459] DUXR
[01:45:08] [157/459] VNKS
[01:45:09] [158/459] SEDP
[01:45:10] [159/459] SVEN
[01:45:11] [160/459] SRKM
[01:45:12] [161/459] JTLT
[01:45:13] [162/459] SVSS
[01:45:14] [163/459] AMDE
[01:45:15] [164/459] WVRN
[01:45:16] [165/459] ISMG
[01:45:17] [166/459] WVKS
[01:45:18] [167/459] USCG
[01:45:19] [168/459] IOTG
[01:45:19] [169/459] RRJM
[01:45:21] [170/459] EDMP
[01:45:22] [171/459] SCGZ
[01:45:23] [172/459] GMGX
[01:45:24] [173/459] OMTP
[01:45:24] [174/459] MITD
[01:45:25] [175/459] SMMD
[01:45:26] [176/459] STML
[01:45:27] [177/459] MCFS
[01:45:28] [178/459] FPKA
[01:45:29] [179/459] OMLR
[01:45:29] [180/459] KKSC
[01:45:30] [181/459] RVMA
[01:45:31] [182/459] SCLL
[01:45:32] [183/459] SCDK
[01:45:33] [184/459] SXMI
[01:45:33] [185/459] SHDN
[01:45:34] [186/459] PAAD
[01:45:35] [187/459] UUCB
[01:45:36] [188/459] JHOL
[01:45:37] [189/459] SGWT
[01:45:38] [190/459] SRII
[01:45:39] [191/459] SGCK
[01:45:40] [192/459] SVVB
[01:45:41] [193/459] DMHA
[01:45:41] [194/459] PPNL
[01:45:42] [195/459] CPNL
[01:45:43] [196/459] WVLD
[01:45:44] [197/459] PSLV
[01:45:44] [198/459] VTTL
[01:45:45] [199/459] NPAD
[01:45:46] [200/459] PVCS
[01:45:47] [201/459] MCHL
[01:45:48] [202/459] PPLL
[01:45:48] [203/459] MALO
[01:45:49] [204/459] SWBH
[01:45:50] [205/459] PUGB
[01:45:51] [206/459] INBB
[01:45:52] [207/459] INNS
[01:45:52] [208/459] MCPT
[01:45:53] [209/459] SCMI
[01:45:55] [210/459] OCON
[01:45:56] [211/459] SCSM
[01:45:56] [212/459] RJVN
[01:45:57] [213/459] AMDK
[01:45:59] [214/459] ISMR
[01:46:00] [215/459] SMTD
[01:46:00] [216/459] VTDD
[01:46:01] [217/459] PDDZ
[01:46:02] [218/459] PCCK
[01:46:03] [219/459] INAM
[01:46:04] [220/459] FNKT
[01:46:05] [221/459] GDKA
[01:46:06] [222/459] MAYU
[01:46:07] [223/459] TCGU
[01:46:08] [224/459] KDCA
[01:46:09] [225/459] DOMY
[01:46:10] [226/459] PDDD
[01:46:11] [227/459] BJTS
[01:46:12] [228/459] VTCA
[01:46:13] [229/459] SBTM
[01:46:14] [230/459] SEET
[01:46:15] [231/459] SSTJ
[01:46:16] [232/459] SVNT
[01:46:16] [233/459] PPPR
[01:46:17] [234/459] PVYS
[01:46:18] [235/459] IOSE
[01:46:19] [236/459] ACTV
[01:46:20] [237/459] APVE
[01:46:21] [238/459] TCCL
[01:46:22] [239/459] SCMO
[01:46:23] [240/459] SAUM
[01:46:24] [241/459] KCJS
[01:46:25] [242/459] NJCJ
[01:46:26] [243/459] NECF
[01:46:27] [244/459] CCGW
[01:46:28] [245/459] CCMG
[01:46:29] [246/459] NYRG
[01:46:30] [247/459] NCSQ
[01:46:31] [248/459] GRCG
[01:46:32] [249/459] CCBT
[01:46:33] [250/459] ACGA
[01:46:34] [251/459] INAG
[01:46:35] [252/459] FUCG
[01:46:37] [253/459] AICF
[01:46:38] [254/459] GRGA
[01:46:39] [255/459] GDCN
[01:46:40] [256/459] RRCG
[01:46:41] [257/459] SDCH
[01:46:41] [258/459] WVJM
[01:46:42] [259/459] JCCZ
[01:46:43] [260/459] CNCL
[01:46:44] [261/459] TMLV
[01:46:45] [262/459] MEMB
[01:46:46] [263/459] SGTD
[01:46:47] [264/459] CONX
[01:46:47] [265/459] CCMH
[01:46:48] [266/459] ACMC
[01:46:50] [267/459] DTPD
[01:46:51] [268/459] POJA
[01:46:51] [269/459] FNBH
[01:46:52] [270/459] CGCB
[01:46:53] [271/459] RACN
[01:46:54] [272/459] JTSM
[01:46:55] [273/459] SCDN
[01:46:56] [274/459] AACK
[01:46:57] [275/459] RMCE
[01:46:57] [276/459] BSGB
[01:46:58] [277/459] MRCB
[01:46:59] [278/459] SRVR
[01:47:00] [279/459] VTKK
[01:47:01] [280/459] AMST
[01:47:01] [281/459] APCY
[01:47:02] [282/459] LMHO
[01:47:04] [283/459] MTZH
[01:47:05] [284/459] AMZB
[01:47:06] [285/459] SUVT
[01:47:07] [286/459] RCIP
[01:47:08] [287/459] KESR
[01:47:08] [288/459] SNKC
[01:47:09] [289/459] SCED
[01:47:10] [290/459] DVCA
[01:47:11] [291/459] VCDT
[01:47:12] [292/459] RRDI
[01:47:13] [293/459] DFCH
[01:47:14] [294/459] INSC
[01:47:15] [295/459] RGTR
[01:47:16] [296/459] FMOT
[01:47:16] [297/459] SCPM
[01:47:17] [298/459] GCDT
[01:47:18] [299/459] BRKT
[01:47:19] [300/459] DEMP
[01:47:20] [301/459] SRLC
[01:47:21] [302/459] KSTT
[01:47:21] [303/459] SMMT
[01:47:22] [304/459] SILM
[01:47:23] [305/459] JCVM
[01:47:24] [306/459] KCSV
[01:47:25] [307/459] MHLK
[01:47:26] [308/459] SLVL
[01:47:27] [309/459] RJKP
[01:47:28] [310/459] BBPC
[01:47:29] [311/459] MXCB
[01:47:30] [312/459] TCPK
[01:47:31] [313/459] RTBR
[01:47:31] [314/459] GAUT
[01:47:32] [315/459] DVCF
[01:47:33] [316/459] JTSB
[01:47:34] [317/459] SBLS
[01:47:35] [318/459] UDAY
[01:47:37] [319/459] PTNP
[01:47:38] [320/459] DMKT
[01:47:39] [321/459] NTDT
[01:47:40] [322/459] SHDJ
[01:47:40] [323/459] OTNC
[01:47:41] [324/459] RNTW
[01:47:42] [325/459] GCMI
[01:47:43] [326/459] CRCM
[01:47:43] [327/459] NNCZ
[01:47:44] [328/459] OEMO
[01:47:45] [329/459] PVJM
[01:47:46] [330/459] CPJI
[01:47:47] [331/459] RMCJ
[01:47:48] [332/459] CNWJ
[01:47:49] [333/459] EPJM
[01:47:50] [334/459] FNJJ
[01:47:52] [335/459] GCMJ
[01:47:53] [336/459] INPS
[01:47:53] [337/459] BICJ
[01:47:54] [338/459] ISTJ
[01:47:55] [339/459] INJC
[01:47:56] [340/459] GLXJ
[01:47:58] [341/459] INEM
[01:47:59] [342/459] JTMN
[01:47:59] [343/459] FRCJ
[01:48:00] [344/459] DDJP
[01:48:01] [345/459] INJV
[01:48:02] [346/459] GOLC
[01:48:02] [347/459] KOCI
[01:48:04] [348/459] FSTD
[01:48:04] [349/459] PACJ
[01:48:05] [350/459] GMCN
[01:48:06] [351/459] MMDJ
[01:48:07] [352/459] GODH
[01:48:08] [353/459] SKYN
[01:48:09] [354/459] NCTH
[01:48:09] [355/459] SKVZ
[01:48:10] [356/459] SVML
[01:48:11] [357/459] ACVZ
[01:48:12] [358/459] SURA
[01:48:12] [359/459] RTRB
[01:48:13] [360/459] LLCT
[01:48:14] [361/459] ATTS
[01:48:16] [362/459] JYCM
[01:48:17] [363/459] CTKR
[01:48:18] [364/459] LCKR
[01:48:18] [365/459] NYCV
[01:48:19] [366/459] NYOH
[01:48:20] [367/459] NOVX
[01:48:21] [368/459] MRGK
[01:48:21] [369/459] MOON
[01:48:22] [370/459] SBUC
[01:48:23] [371/459] GSVA
[01:48:25] [372/459] VIAK
[01:48:25] [373/459] SMVZ
[01:48:27] [374/459] MATE
[01:48:27] [375/459] RDCN
[01:48:28] [376/459] ASBL
[01:48:28] [377/459] ASVS
[01:48:29] [378/459] ASSR
[01:48:31] [379/459] SSKN
[01:48:31] [380/459] DRPV
[01:48:32] [381/459] MRHT
[01:48:33] [382/459] BSCN
[01:48:34] [383/459] RKNX
[01:48:35] [384/459] MSMC
[01:48:35] [385/459] MSCJ
[01:48:36] [386/459] BTBJ
[01:48:37] [387/459] MJCC
[01:48:38] [388/459] IOMM
[01:48:39] [389/459] ADGR
[01:48:40] [390/459] MYCP
[01:48:40] [391/459] IGCM
[01:48:41] [392/459] PGRK
[01:48:42] [393/459] VPGO
[01:48:43] [394/459] KOMS
[01:48:44] [395/459] URGG
[01:48:45] [396/459] GOST
[01:48:45] [397/459] LACT
[01:48:46] [398/459] BWCM
[01:48:47] [399/459] NCCW
[01:48:48] [400/459] SKYC
[01:48:48] [401/459] CCPM
[01:48:49] [402/459] VCBT
[01:48:51] [403/459] SDKR
[01:48:51] [404/459] CTYB
[01:48:52] [405/459] SHCX
[01:48:53] [406/459] RCUN
[01:48:54] [407/459] CNRA
[01:48:55] [408/459] RFCA
[01:48:55] [409/459] RDCU
[01:48:56] [410/459] SARK
[01:48:57] [411/459] SPPP
[01:48:58] [412/459] ADMB
[01:48:59] [413/459] JYOE
[01:49:00] [414/459] SRMD
[01:49:00] [415/459] RJDH
[01:49:01] [416/459] SSTD
[01:49:02] [417/459] AACV
[01:49:03] [418/459] PPVD
[01:49:04] [419/459] STCP
[01:49:05] [420/459] ANJR
[01:49:06] [421/459] ANLS
[01:49:07] [422/459] BIJO
[01:49:08] [423/459] AVAB
[01:49:08] [424/459] SPMD
[01:49:09] [425/459] SVJL
[01:49:10] [426/459] SDDJ
[01:49:11] [427/459] SLTU
[01:49:11] [428/459] SAKA
[01:49:12] [429/459] PMAM
[01:49:13] [430/459] FNAM
[01:49:14] [431/459] ACAM
[01:49:15] [432/459] SCMM
[01:49:15] [433/459] PMAK
[01:49:16] [434/459] NYSA
[01:49:17] [435/459] FCPA
[01:49:18] [436/459] GDAN
[01:49:19] [437/459] RSCA
[01:49:20] [438/459] DMAN
[01:49:20] [439/459] DZCM
[01:49:21] [440/459] NSGL
[01:49:22] [441/459] CCPP
[01:49:23] [442/459] PSMG
[01:49:24] [443/459] GSER
[01:49:24] [444/459] FCCT
[01:49:25] [445/459] FCTB
[01:49:27] [446/459] LCNK
[01:49:27] [447/459] SKTY
[01:49:29] [448/459] INAA
[01:49:29] [449/459] RCWN
[01:49:30] [450/459] VAIS
[01:49:30] [451/459] CVMN
[01:49:31] [452/459] INTS
[01:49:32] [453/459] FRGS
[01:49:33] [454/459] DTCK
[01:49:34] [455/459] MCMH
[01:49:35] [456/459] ECRR
[01:49:36] [457/459] RLLP
[01:49:36] [458/459] CCSN
[01:49:37] [459/459] CCBA
[01:49:38] ✅ DONE | Shows=1 | Movies=1
[02:41:32] 🚀 BMS DAILY TRACKER STARTED
[02:41:32] [1/459] MBDC
[02:41:32] 🧠 New identity
[02:41:33] [2/459] CHKM
[02:41:34] [3/459] JTKZ
[02:41:35] [4/459] CMCT
[02:41:37] [5/459] ASHO
[02:41:38] [6/459] ECDG
[02:41:39] [7/459] SPAT
[02:41:40] [8/459] HILC
[02:41:41] [9/459] SPPH
[02:41:42] [10/459] SBHN
[02:41:43] [11/459] RRCA
[02:41:44] [12/459] APAA
[02:41:45] [13/459] RAME
[02:41:46] [14/459] TMMS
[02:41:47] [15/459] BATK
[02:41:47] [16/459] LKOP
[02:41:48] [17/459] AMTT
[02:41:49] [18/459] PTGK
[02:41:50] [19/459] ANRS
[02:41:51] [20/459] VWBW
[02:41:52] [21/459] SVFG
[02:41:52] [22/459] STAT
[02:41:53] [23/459] GDCV
[02:41:54] [24/459] VEBI
[02:41:55] [25/459] VDSS
[02:41:56] [26/459] NTHV
[02:41:57] [27/459] AOCH
[02:41:58] [28/459] KASR
[02:41:58] [29/459] AYCS
[02:42:00] [30/459] SHAI
[02:42:00] [31/459] SKPE
[02:42:01] [32/459] SBTA
[02:42:02] [33/459] RTTD
[02:42:03] [34/459] CCJD
[02:42:04] [35/459] RSJJ
[02:42:06] [36/459] RKND
[02:42:07] [37/459] SVTX
[02:42:09] [38/459] BAKM
[02:42:09] [39/459] SVDC
[02:42:10] [40/459] MNCV
[02:42:11] [41/459] SJGC
[02:42:12] [42/459] MTPK
[02:42:13] [43/459] GATP
[02:42:14] [44/459] ABTS
[02:42:14] [45/459] ABDE
[02:42:15] [46/459] RCNM
[02:42:16] [47/459] KTHV
[02:42:18] [48/459] MDGJ
[02:42:18] [49/459] SMLM
[02:42:19] [50/459] JTMA
[02:42:20] [51/459] ACKP
[02:42:21] [52/459] SRTA
[02:42:22] [53/459] STAY
[02:42:23] [54/459] MAVO
[02:42:24] [55/459] APTS
[02:42:26] [56/459] OMEA
[02:42:26] [57/459] TTFD
[02:42:27] [58/459] MJCU
[02:42:28] [59/459] CXTE
[02:42:29] [60/459] CTPX
[02:42:30] [61/459] ASSL
[02:42:31] [62/459] CMVB
[02:42:32] [63/459] VPUR
[02:42:33] [64/459] JJDA
[02:42:34] [65/459] INBL
[02:42:34] [66/459] BIKB
[02:42:35] [67/459] NTBB
[02:42:37] [68/459] GLOB
[02:42:38] [69/459] SNTB
[02:42:39] [70/459] CHGV
[02:42:40] [71/459] SSBZ
[02:42:41] [72/459] PRDB
[02:42:42] [73/459] ISMT
[02:42:43] [74/459] MCSD
[02:42:44] [75/459] JBTT
[02:42:45] [76/459] GEKR
[02:42:46] [77/459] PVUN
[02:42:47] [78/459] NRTB
[02:42:47] [79/459] PRAA
[02:42:48] [80/459] PCBL
[02:42:49] [81/459] PTCM
[02:42:49] [82/459] KHNN
[02:42:50] [83/459] OMJE
[02:42:52] [84/459] STGN
[02:42:53] [85/459] RPMS
[02:42:53] [86/459] NWAD
[02:42:54] [87/459] BLCK
[02:42:56] [88/459] SVAA
[02:42:56] [89/459] URVM
[02:42:57] [90/459] ANTM
[02:42:58] [91/459] VJYM
[02:42:59] [92/459] MAZZ
[02:43:00] [93/459] CSHM
[02:43:01] [94/459] WGMH
[02:43:02] [95/459] SALN
[02:43:02] [96/459] BRTP
[02:43:03] [97/459] SVTA
[02:43:05] [98/459] SBTP
[02:43:06] [99/459] VLSS
[02:43:07] [100/459] SRJA
[02:43:07] [101/459] ANCG
[02:43:08] [102/459] CGGC
[02:43:09] [103/459] CRJA
[02:43:10] [104/459] USCR
[02:43:11] [105/459] MMEF
[02:43:11] [106/459] JCRJ
[02:43:12] [107/459] ADCM
[02:43:13] [108/459] BMYK
[02:43:13] [109/459] KICS
[02:43:14] [110/459] MBBT
[02:43:15] [111/459] MACK
[02:43:16] [112/459] CLDR
[02:43:17] [113/459] JYCR
[02:43:18] [114/459] DCRP
[02:43:19] [115/459] RAHT
[02:43:20] [116/459] CSSM
[02:43:21] [117/459] ATPK
[02:43:22] [118/459] KLRT
[02:43:23] [119/459] SRDD
[02:43:25] [120/459] CKMC
[02:43:26] [121/459] KRVM
[02:43:27] [122/459] AKCP
[02:43:28] [123/459] CNCV
[02:43:28] [124/459] PACT
[02:43:29] [125/459] NATP
[02:43:30] [126/459] PCPK
[02:43:30] [127/459] SMHO
[02:43:31] [128/459] CWTK
[02:43:32] [129/459] RVKZ
[02:43:33] [130/459] ASPD
[02:43:34] [131/459] VTKZ
[02:43:35] [132/459] LCSO
[02:43:36] [133/459] PRDY
[02:43:37] [134/459] RCAP
[02:43:38] [135/459] RGAR
[02:43:39] [136/459] RCAC
[02:43:40] [137/459] PMOD
[02:43:41] [138/459] PVCN
[02:43:42] [139/459] SCRZ
[02:43:43] [140/459] PVPC
[02:43:43] [141/459] STID
[02:43:44] [142/459] NEDD
[02:43:46] [143/459] BNBA
[02:43:47] [144/459] NTCD
[02:43:48] [145/459] OCDE
[02:43:48] [146/459] CCDU
[02:43:49] [147/459] CRXH
[02:43:50] [148/459] VLVT
[02:43:51] [149/459] CICI
[02:43:52] [150/459] SUCB
[02:43:53] [151/459] TCBP
[02:43:54] [152/459] SCCY
[02:43:55] [153/459] LXCY
[02:43:56] [154/459] NCMD
[02:43:56] [155/459] PHCS
[02:43:57] [156/459] DUXR
[02:43:58] [157/459] VNKS
[02:43:59] [158/459] SEDP
[02:44:00] [159/459] SVEN
[02:44:01] [160/459] SRKM
[02:44:02] [161/459] JTLT
[02:44:02] [162/459] SVSS
[02:44:03] [163/459] AMDE
[02:44:04] [164/459] WVRN
[02:44:05] [165/459] ISMG
[02:44:05] [166/459] WVKS
[02:44:06] [167/459] USCG
[02:44:07] [168/459] IOTG
[02:44:08] [169/459] RRJM
[02:44:09] [170/459] EDMP
[02:44:10] [171/459] SCGZ
[02:44:11] [172/459] GMGX
[02:44:12] [173/459] OMTP
[02:44:13] [174/459] MITD
[02:44:14] [175/459] SMMD
[02:44:15] [176/459] STML
[02:44:16] [177/459] MCFS
[02:44:16] [178/459] FPKA
[02:44:17] [179/459] OMLR
[02:44:18] [180/459] KKSC
[02:44:19] [181/459] RVMA
[02:44:19] [182/459] SCLL
[02:44:20] [183/459] SCDK
[02:44:21] [184/459] SXMI
[02:44:22] [185/459] SHDN
[02:44:22] [186/459] PAAD
[02:44:23] [187/459] UUCB
[02:44:24] [188/459] JHOL
[02:44:25] [189/459] SGWT
[02:44:26] [190/459] SRII
[02:44:27] [191/459] SGCK
[02:44:28] [192/459] SVVB
[02:44:29] [193/459] DMHA
[02:44:29] [194/459] PPNL
[02:44:30] [195/459] CPNL
[02:44:32] [196/459] WVLD
[02:44:32] [197/459] PSLV
[02:44:33] [198/459] VTTL
[02:44:34] [199/459] NPAD
[02:44:35] [200/459] PVCS
[02:44:36] [201/459] MCHL
[02:44:38] [202/459] PPLL
[02:44:39] [203/459] MALO
[02:44:40] [204/459] SWBH
[02:44:40] [205/459] PUGB
[02:44:41] [206/459] INBB
[02:44:43] [207/459] INNS
[02:44:44] [208/459] MCPT
[02:44:45] [209/459] SCMI
[02:44:45] [210/459] OCON
[02:44:46] [211/459] SCSM
[02:44:48] [212/459] RJVN
[02:44:48] [213/459] AMDK
[02:44:50] [214/459] ISMR
[02:44:51] [215/459] SMTD
[02:44:51] [216/459] VTDD
[02:44:52] [217/459] PDDZ
[02:44:53] [218/459] PCCK
[02:44:55] [219/459] INAM
[02:44:55] [220/459] FNKT
[02:44:56] [221/459] GDKA
[02:44:58] [222/459] MAYU
[02:44:59] [223/459] TCGU
[02:44:59] [224/459] KDCA
[02:45:00] [225/459] DOMY
[02:45:01] [226/459] PDDD
[02:45:02] [227/459] BJTS
[02:45:03] [228/459] VTCA
[02:45:04] [229/459] SBTM
[02:45:05] [230/459] SEET
[02:45:05] [231/459] SSTJ
[02:45:06] [232/459] SVNT
[02:45:07] [233/459] PPPR
[02:45:08] [234/459] PVYS
[02:45:09] [235/459] IOSE
[02:45:09] [236/459] ACTV
[02:45:10] [237/459] APVE
[02:45:11] [238/459] TCCL
[02:45:12] [239/459] SCMO
[02:45:13] [240/459] SAUM
[02:45:14] [241/459] KCJS
[02:45:14] [242/459] NJCJ
[02:45:15] [243/459] NECF
[02:45:16] [244/459] CCGW
[02:45:18] [245/459] CCMG
[02:45:18] [246/459] NYRG
[02:45:19] [247/459] NCSQ
[02:45:20] [248/459] GRCG
[02:45:21] [249/459] CCBT
[02:45:22] [250/459] ACGA
[02:45:23] [251/459] INAG
[02:45:24] [252/459] FUCG
[02:45:25] [253/459] AICF
[02:45:26] [254/459] GRGA
[02:45:27] [255/459] GDCN
[02:45:28] [256/459] RRCG
[02:45:29] [257/459] SDCH
[02:45:30] [258/459] WVJM
[02:45:31] [259/459] JCCZ
[02:45:32] [260/459] CNCL
[02:45:33] [261/459] TMLV
[02:45:34] [262/459] MEMB
[02:45:35] [263/459] SGTD
[02:45:36] [264/459] CONX
[02:45:36] [265/459] CCMH
[02:45:37] [266/459] ACMC
[02:45:38] [267/459] DTPD
[02:45:39] [268/459] POJA
[02:45:40] [269/459] FNBH
[02:45:41] [270/459] CGCB
[02:45:42] [271/459] RACN
[02:45:43] [272/459] JTSM
[02:45:43] [273/459] SCDN
[02:45:44] [274/459] AACK
[02:45:45] [275/459] RMCE
[02:45:46] [276/459] BSGB
[02:45:47] [277/459] MRCB
[02:45:47] [278/459] SRVR
[02:45:48] [279/459] VTKK
[02:45:49] [280/459] AMST
[02:45:49] [281/459] APCY
[02:45:51] [282/459] LMHO
[02:45:52] [283/459] MTZH
[02:45:54] [284/459] AMZB
[02:45:54] [285/459] SUVT
[02:45:55] [286/459] RCIP
[02:45:56] [287/459] KESR
[02:45:57] [288/459] SNKC
[02:45:58] [289/459] SCED
[02:45:58] [290/459] DVCA
[02:45:59] [291/459] VCDT
[02:46:00] [292/459] RRDI
[02:46:00] [293/459] DFCH
[02:46:02] [294/459] INSC
[02:46:03] [295/459] RGTR
[02:46:03] [296/459] FMOT
[02:46:05] [297/459] SCPM
[02:46:07] [298/459] GCDT
[02:46:08] [299/459] BRKT
[02:46:08] [300/459] DEMP
[02:46:09] [301/459] SRLC
[02:46:10] [302/459] KSTT
[02:46:11] [303/459] SMMT
[02:46:11] [304/459] SILM
[02:46:12] [305/459] JCVM
[02:46:13] [306/459] KCSV
[02:46:14] [307/459] MHLK
[02:46:15] [308/459] SLVL
[02:46:16] [309/459] RJKP
[02:46:17] [310/459] BBPC
[02:46:19] [311/459] MXCB
[02:46:20] [312/459] TCPK
[02:46:21] [313/459] RTBR
[02:46:22] [314/459] GAUT
[02:46:23] [315/459] DVCF
[02:46:24] [316/459] JTSB
[02:46:24] [317/459] SBLS
[02:46:25] [318/459] UDAY
[02:46:26] [319/459] PTNP
[02:46:27] [320/459] DMKT
[02:46:27] [321/459] NTDT
[02:46:29] [322/459] SHDJ
[02:46:29] [323/459] OTNC
[02:46:30] [324/459] RNTW
[02:46:31] [325/459] GCMI
[02:46:32] [326/459] CRCM
[02:46:33] [327/459] NNCZ
[02:46:34] [328/459] OEMO
[02:46:35] [329/459] PVJM
[02:46:36] [330/459] CPJI
[02:46:37] [331/459] RMCJ
[02:46:38] [332/459] CNWJ
[02:46:39] [333/459] EPJM
[02:46:39] [334/459] FNJJ
[02:46:41] [335/459] GCMJ
[02:46:42] [336/459] INPS
[02:46:42] [337/459] BICJ
[02:46:43] [338/459] ISTJ
[02:46:44] [339/459] INJC
[02:46:45] [340/459] GLXJ
[02:46:46] [341/459] INEM
[02:46:46] [342/459] JTMN
[02:46:47] [343/459] FRCJ
[02:46:48] [344/459] DDJP
[02:46:49] [345/459] INJV
[02:46:49] [346/459] GOLC
[02:46:50] [347/459] KOCI
[02:46:51] [348/459] FSTD
[02:46:52] [349/459] PACJ
[02:46:53] [350/459] GMCN
[02:46:53] [351/459] MMDJ
[02:46:55] [352/459] GODH
[02:46:55] [353/459] SKYN
[02:46:56] [354/459] NCTH
[02:46:57] [355/459] SKVZ
[02:46:58] [356/459] SVML
[02:46:58] [357/459] ACVZ
[02:46:59] [358/459] SURA
[02:47:00] [359/459] RTRB
[02:47:01] [360/459] LLCT
[02:47:02] [361/459] ATTS
[02:47:03] [362/459] JYCM
[02:47:04] [363/459] CTKR
[02:47:05] [364/459] LCKR
[02:47:06] [365/459] NYCV
[02:47:07] [366/459] NYOH
[02:47:08] [367/459] NOVX
[02:47:09] [368/459] MRGK
[02:47:09] [369/459] MOON
[02:47:10] [370/459] SBUC
[02:47:11] [371/459] GSVA
[02:47:12] [372/459] VIAK
[02:47:13] [373/459] SMVZ
[02:47:13] [374/459] MATE
[02:47:14] [375/459] RDCN
[02:47:16] [376/459] ASBL
[02:47:16] [377/459] ASVS
[02:47:17] [378/459] ASSR
[02:47:18] [379/459] SSKN
[02:47:19] [380/459] DRPV
[02:47:20] [381/459] MRHT
[02:47:21] [382/459] BSCN
[02:47:22] [383/459] RKNX
[02:47:22] [384/459] MSMC
[02:47:24] [385/459] MSCJ
[02:47:25] [386/459] BTBJ
[02:47:26] [387/459] MJCC
[02:47:27] [388/459] IOMM
[02:47:28] [389/459] ADGR
[02:47:29] [390/459] MYCP
[02:47:30] [391/459] IGCM
[02:47:31] [392/459] PGRK
[02:47:32] [393/459] VPGO
[02:47:32] [394/459] KOMS
[02:47:34] [395/459] URGG
[02:47:35] [396/459] GOST
[02:47:36] [397/459] LACT
[02:47:37] [398/459] BWCM
[02:47:38] [399/459] NCCW
[02:47:38] [400/459] SKYC
[02:47:39] [401/459] CCPM
[02:47:40] [402/459] VCBT
[02:47:41] [403/459] SDKR
[02:47:42] [404/459] CTYB
[02:47:43] [405/459] SHCX
[02:47:44] [406/459] RCUN
[02:47:45] [407/459] CNRA
[02:47:46] [408/459] RFCA
[02:47:47] [409/459] RDCU
[02:47:48] [410/459] SARK
[02:47:49] [411/459] SPPP
[02:47:50] [412/459] ADMB
[02:47:50] [413/459] JYOE
[02:47:51] [414/459] SRMD
[02:47:52] [415/459] RJDH
[02:47:53] [416/459] SSTD
[02:47:54] [417/459] AACV
[02:47:55] [418/459] PPVD
[02:47:56] [419/459] STCP
[02:47:56] [420/459] ANJR
[02:47:57] [421/459] ANLS
[02:47:58] [422/459] BIJO
[02:47:59] [423/459] AVAB
[02:48:01] [424/459] SPMD
[02:48:01] [425/459] SVJL
[02:48:02] [426/459] SDDJ
[02:48:03] [427/459] SLTU
[02:48:04] [428/459] SAKA
[02:48:05] [429/459] PMAM
[02:48:06] [430/459] FNAM
[02:48:07] [431/459] ACAM
[02:48:08] [432/459] SCMM
[02:48:08] [433/459] PMAK
[02:48:10] [434/459] NYSA
[02:48:11] [435/459] FCPA
[02:48:12] [436/459] GDAN
[02:48:13] [437/459] RSCA
[02:48:13] [438/459] DMAN
[02:48:14] [439/459] DZCM
[02:48:15] [440/459] NSGL
[02:48:16] [441/459] CCPP
[02:48:18] [442/459] PSMG
[02:48:18] [443/459] GSER
[02:48:19] [444/459] FCCT
[02:48:20] [445/459] FCTB
[02:48:21] [446/459] LCNK
[02:48:22] [447/459] SKTY
[02:48:23] [448/459] INAA
[02:48:24] [449/459] RCWN
[02:48:25] [450/459] VAIS
[02:48:26] [451/459] CVMN
[02:48:27] [452/459] INTS
[02:48:27] [453/459] FRGS
[02:48:28] [454/459] DTCK
[02:48:30] [455/459] MCMH
[02:48:30] [456/459] ECRR
[02:48:31] [457/459] RLLP
[02:48:33] [458/459] CCSN
[02:48:34] [459/459] CCBA
[02:48:35] ✅ DONE | Shows=1 | Movies=1
[03:40:54] 🚀 BMS DAILY TRACKER STARTED
[03:40:54] [1/459] MBDC
[03:40:54] 🧠 New identity
[03:40:55] [2/459] CHKM
[03:40:56] [3/459] JTKZ
[03:40:57] [4/459] CMCT
[03:40:58] [5/459] ASHO
[03:40:59] [6/459] ECDG
[03:41:00] [7/459] SPAT
[03:41:00] [8/459] HILC
[03:41:01] [9/459] SPPH
[03:41:03] [10/459] SBHN
[03:41:03] [11/459] RRCA
[03:41:04] [12/459] APAA
[03:41:05] [13/459] RAME
[03:41:07] [14/459] TMMS
[03:41:08] [15/459] BATK
[03:41:09] [16/459] LKOP
[03:41:09] [17/459] AMTT
[03:41:11] [18/459] PTGK
[03:41:12] [19/459] ANRS
[03:41:13] [20/459] VWBW
[03:41:14] [21/459] SVFG
[03:41:15] [22/459] STAT
[03:41:16] [23/459] GDCV
[03:41:17] [24/459] VEBI
[03:41:17] [25/459] VDSS
[03:41:18] [26/459] NTHV
[03:41:20] [27/459] AOCH
[03:41:21] [28/459] KASR
[03:41:21] [29/459] AYCS
[03:41:22] [30/459] SHAI
[03:41:23] [31/459] SKPE
[03:41:24] [32/459] SBTA
[03:41:25] [33/459] RTTD
[03:41:26] [34/459] CCJD
[03:41:27] [35/459] RSJJ
[03:41:28] [36/459] RKND
[03:41:29] [37/459] SVTX
[03:41:30] [38/459] BAKM
[03:41:31] [39/459] SVDC
[03:41:32] [40/459] MNCV
[03:41:32] [41/459] SJGC
[03:41:33] [42/459] MTPK
[03:41:34] [43/459] GATP
[03:41:35] [44/459] ABTS
[03:41:36] [45/459] ABDE
[03:41:36] [46/459] RCNM
[03:41:37] [47/459] KTHV
[03:41:38] [48/459] MDGJ
[03:41:39] [49/459] SMLM
[03:41:40] [50/459] JTMA
[03:41:41] [51/459] ACKP
[03:41:42] [52/459] SRTA
[03:41:42] [53/459] STAY
[03:41:43] [54/459] MAVO
[03:41:44] [55/459] APTS
[03:41:45] [56/459] OMEA
[03:41:46] [57/459] TTFD
[03:41:47] [58/459] MJCU
[03:41:48] [59/459] CXTE
[03:41:48] [60/459] CTPX
[03:41:49] [61/459] ASSL
[03:41:50] [62/459] CMVB
[03:41:51] [63/459] VPUR
[03:41:52] [64/459] JJDA
[03:41:53] [65/459] INBL
[03:41:54] [66/459] BIKB
[03:41:55] [67/459] NTBB
[03:41:56] [68/459] GLOB
[03:41:56] [69/459] SNTB
[03:41:57] [70/459] CHGV
[03:41:58] [71/459] SSBZ
[03:41:59] [72/459] PRDB
[03:42:00] [73/459] ISMT
[03:42:00] [74/459] MCSD
[03:42:01] [75/459] JBTT
[03:42:03] [76/459] GEKR
[03:42:04] [77/459] PVUN
[03:42:04] [78/459] NRTB
[03:42:05] [79/459] PRAA
[03:42:06] [80/459] PCBL
[03:42:07] [81/459] PTCM
[03:42:08] [82/459] KHNN
[03:42:08] [83/459] OMJE
[03:42:09] [84/459] STGN
[03:42:11] [85/459] RPMS
[03:42:12] [86/459] NWAD
[03:42:12] [87/459] BLCK
[03:42:13] [88/459] SVAA
[03:42:14] [89/459] URVM
[03:42:15] [90/459] ANTM
[03:42:16] [91/459] VJYM
[03:42:18] [92/459] MAZZ
[03:42:19] [93/459] CSHM
[03:42:19] [94/459] WGMH
[03:42:20] [95/459] SALN
[03:42:21] [96/459] BRTP
[03:42:23] [97/459] SVTA
[03:42:24] [98/459] SBTP
[03:42:26] [99/459] VLSS
[03:42:27] [100/459] SRJA
[03:42:27] [101/459] ANCG
[03:42:28] [102/459] CGGC
[03:42:29] [103/459] CRJA
[03:42:30] [104/459] USCR
[03:42:31] [105/459] MMEF
[03:42:32] [106/459] JCRJ
[03:42:32] [107/459] ADCM
[03:42:33] [108/459] BMYK
[03:42:35] [109/459] KICS
[03:42:36] [110/459] MBBT
[03:42:37] [111/459] MACK
[03:42:37] [112/459] CLDR
[03:42:38] [113/459] JYCR
[03:42:39] [114/459] DCRP
[03:42:40] [115/459] RAHT
[03:42:41] [116/459] CSSM
[03:42:41] [117/459] ATPK
[03:42:42] [118/459] KLRT
[03:42:43] [119/459] SRDD
[03:42:44] [120/459] CKMC
[03:42:45] [121/459] KRVM
[03:42:46] [122/459] AKCP
[03:42:46] [123/459] CNCV
[03:42:47] [124/459] PACT
[03:42:48] [125/459] NATP
[03:42:49] [126/459] PCPK
[03:42:50] [127/459] SMHO
[03:42:51] [128/459] CWTK
[03:42:52] [129/459] RVKZ
[03:42:53] [130/459] ASPD
[03:42:54] [131/459] VTKZ
[03:42:55] [132/459] LCSO
[03:42:56] [133/459] PRDY
[03:42:57] [134/459] RCAP
[03:42:57] [135/459] RGAR
[03:42:58] [136/459] RCAC
[03:42:59] [137/459] PMOD
[03:43:00] [138/459] PVCN
[03:43:01] [139/459] SCRZ
[03:43:02] [140/459] PVPC
[03:43:03] [141/459] STID
[03:43:03] [142/459] NEDD
[03:43:04] [143/459] BNBA
[03:43:05] [144/459] NTCD
[03:43:06] [145/459] OCDE
[03:43:07] [146/459] CCDU
[03:43:08] [147/459] CRXH
[03:43:09] [148/459] VLVT
[03:43:09] [149/459] CICI
[03:43:10] [150/459] SUCB
[03:43:11] [151/459] TCBP
[03:43:12] [152/459] SCCY
[03:43:13] [153/459] LXCY
[03:43:14] [154/459] NCMD
[03:43:15] [155/459] PHCS
[03:43:15] [156/459] DUXR
[03:43:16] [157/459] VNKS
[03:43:17] [158/459] SEDP
[03:43:18] [159/459] SVEN
[03:43:18] [160/459] SRKM
[03:43:19] [161/459] JTLT
[03:43:20] [162/459] SVSS
[03:43:21] [163/459] AMDE
[03:43:22] [164/459] WVRN
[03:43:23] [165/459] ISMG
[03:43:24] [166/459] WVKS
[03:43:25] [167/459] USCG
[03:43:25] [168/459] IOTG
[03:43:26] [169/459] RRJM
[03:43:27] [170/459] EDMP
[03:43:29] [171/459] SCGZ
[03:43:30] [172/459] GMGX
[03:43:31] [173/459] OMTP
[03:43:31] [174/459] MITD
[03:43:33] [175/459] SMMD
[03:43:34] [176/459] STML
[03:43:34] [177/459] MCFS
[03:43:35] [178/459] FPKA
[03:43:36] [179/459] OMLR
[03:43:37] [180/459] KKSC
[03:43:38] [181/459] RVMA
[03:43:39] [182/459] SCLL
[03:43:40] [183/459] SCDK
[03:43:40] [184/459] SXMI
[03:43:41] [185/459] SHDN
[03:43:42] [186/459] PAAD
[03:43:43] [187/459] UUCB
[03:43:44] [188/459] JHOL
[03:43:44] [189/459] SGWT
[03:43:45] [190/459] SRII
[03:43:46] [191/459] SGCK
[03:43:48] [192/459] SVVB
[03:43:48] [193/459] DMHA
[03:43:49] [194/459] PPNL
[03:43:50] [195/459] CPNL
[03:43:50] [196/459] WVLD
[03:43:51] [197/459] PSLV
[03:43:52] [198/459] VTTL
[03:43:53] [199/459] NPAD
[03:43:53] [200/459] PVCS
[03:43:54] [201/459] MCHL
[03:43:55] [202/459] PPLL
[03:43:56] [203/459] MALO
[03:43:57] [204/459] SWBH
[03:43:59] [205/459] PUGB
[03:43:59] [206/459] INBB
[03:44:00] [207/459] INNS
[03:44:01] [208/459] MCPT
[03:44:02] [209/459] SCMI
[03:44:03] [210/459] OCON
[03:44:04] [211/459] SCSM
[03:44:04] [212/459] RJVN
[03:44:05] [213/459] AMDK
[03:44:06] [214/459] ISMR
[03:44:07] [215/459] SMTD
[03:44:08] [216/459] VTDD
[03:44:09] [217/459] PDDZ
[03:44:10] [218/459] PCCK
[03:44:11] [219/459] INAM
[03:44:12] [220/459] FNKT
[03:44:13] [221/459] GDKA
[03:44:14] [222/459] MAYU
[03:44:15] [223/459] TCGU
[03:44:16] [224/459] KDCA
[03:44:17] [225/459] DOMY
[03:44:17] [226/459] PDDD
[03:44:18] [227/459] BJTS
[03:44:19] [228/459] VTCA
[03:44:21] [229/459] SBTM
[03:44:21] [230/459] SEET
[03:44:22] [231/459] SSTJ
[03:44:23] [232/459] SVNT
[03:44:25] [233/459] PPPR
[03:44:25] [234/459] PVYS
[03:44:26] [235/459] IOSE
[03:44:27] [236/459] ACTV
[03:44:28] [237/459] APVE
[03:44:29] [238/459] TCCL
[03:44:30] [239/459] SCMO
[03:44:31] [240/459] SAUM
[03:44:32] [241/459] KCJS
[03:44:33] [242/459] NJCJ
[03:44:34] [243/459] NECF
[03:44:34] [244/459] CCGW
[03:44:35] [245/459] CCMG
[03:44:36] [246/459] NYRG
[03:44:37] [247/459] NCSQ
[03:44:37] [248/459] GRCG
[03:44:39] [249/459] CCBT
[03:44:40] [250/459] ACGA
[03:44:41] [251/459] INAG
[03:44:42] [252/459] FUCG
[03:44:43] [253/459] AICF
[03:44:44] [254/459] GRGA
[03:44:45] [255/459] GDCN
[03:44:45] [256/459] RRCG
[03:44:46] [257/459] SDCH
[03:44:47] [258/459] WVJM
[03:44:48] [259/459] JCCZ
[03:44:49] [260/459] CNCL
[03:44:50] [261/459] TMLV
[03:44:51] [262/459] MEMB
[03:44:51] [263/459] SGTD
[03:44:52] [264/459] CONX
[03:44:53] [265/459] CCMH
[03:44:54] [266/459] ACMC
[03:44:55] [267/459] DTPD
[03:44:55] [268/459] POJA
[03:44:56] [269/459] FNBH
[03:44:57] [270/459] CGCB
[03:44:58] [271/459] RACN
[03:44:59] [272/459] JTSM
[03:44:59] [273/459] SCDN
[03:45:00] [274/459] AACK
[03:45:01] [275/459] RMCE
[03:45:02] [276/459] BSGB
[03:45:03] [277/459] MRCB
[03:45:03] [278/459] SRVR
[03:45:04] [279/459] VTKK
[03:45:05] [280/459] AMST
[03:45:06] [281/459] APCY
[03:45:07] [282/459] LMHO
[03:45:08] [283/459] MTZH
[03:45:09] [284/459] AMZB
[03:45:10] [285/459] SUVT
[03:45:11] [286/459] RCIP
[03:45:11] [287/459] KESR
[03:45:12] [288/459] SNKC
[03:45:13] [289/459] SCED
[03:45:14] [290/459] DVCA
[03:45:15] [291/459] VCDT
[03:45:15] [292/459] RRDI
[03:45:16] [293/459] DFCH
[03:45:17] [294/459] INSC
[03:45:18] [295/459] RGTR
[03:45:19] [296/459] FMOT
[03:45:20] [297/459] SCPM
[03:45:20] [298/459] GCDT
[03:45:22] [299/459] BRKT
[03:45:23] [300/459] DEMP
[03:45:24] [301/459] SRLC
[03:45:24] [302/459] KSTT
[03:45:25] [303/459] SMMT
[03:45:26] [304/459] SILM
[03:45:27] [305/459] JCVM
[03:45:28] [306/459] KCSV
[03:45:29] [307/459] MHLK
[03:45:30] [308/459] SLVL
[03:45:31] [309/459] RJKP
[03:45:31] [310/459] BBPC
[03:45:32] [311/459] MXCB
[03:45:33] [312/459] TCPK
[03:45:34] [313/459] RTBR
[03:45:35] [314/459] GAUT
[03:45:35] [315/459] DVCF
[03:45:36] [316/459] JTSB
[03:45:37] [317/459] SBLS
[03:45:38] [318/459] UDAY
[03:45:39] [319/459] PTNP
[03:45:40] [320/459] DMKT
[03:45:40] [321/459] NTDT
[03:45:41] [322/459] SHDJ
[03:45:42] [323/459] OTNC
[03:45:43] [324/459] RNTW
[03:45:44] [325/459] GCMI
[03:45:45] [326/459] CRCM
[03:45:46] [327/459] NNCZ
[03:45:46] [328/459] OEMO
[03:45:47] [329/459] PVJM
[03:45:48] [330/459] CPJI
[03:45:49] [331/459] RMCJ
[03:45:50] [332/459] CNWJ
[03:45:50] [333/459] EPJM
[03:45:51] [334/459] FNJJ
[03:45:52] [335/459] GCMJ
[03:45:54] [336/459] INPS
[03:45:55] [337/459] BICJ
[03:45:56] [338/459] ISTJ
[03:45:57] [339/459] INJC
[03:45:58] [340/459] GLXJ
[03:45:58] [341/459] INEM
[03:45:59] [342/459] JTMN
[03:46:00] [343/459] FRCJ
[03:46:01] [344/459] DDJP
[03:46:01] [345/459] INJV
[03:46:02] [346/459] GOLC
[03:46:03] [347/459] KOCI
[03:46:04] [348/459] FSTD
[03:46:05] [349/459] PACJ
[03:46:06] [350/459] GMCN
[03:46:07] [351/459] MMDJ
[03:46:09] [352/459] GODH
[03:46:10] [353/459] SKYN
[03:46:11] [354/459] NCTH
[03:46:11] [355/459] SKVZ
[03:46:12] [356/459] SVML
[03:46:13] [357/459] ACVZ
[03:46:14] [358/459] SURA
[03:46:15] [359/459] RTRB
[03:46:16] [360/459] LLCT
[03:46:17] [361/459] ATTS
[03:46:18] [362/459] JYCM
[03:46:19] [363/459] CTKR
[03:46:20] [364/459] LCKR
[03:46:21] [365/459] NYCV
[03:46:21] [366/459] NYOH
[03:46:22] [367/459] NOVX
[03:46:23] [368/459] MRGK
[03:46:24] [369/459] MOON
[03:46:24] [370/459] SBUC
[03:46:25] [371/459] GSVA
[03:46:26] [372/459] VIAK
[03:46:27] [373/459] SMVZ
[03:46:27] [374/459] MATE
[03:46:28] [375/459] RDCN
[03:46:29] [376/459] ASBL
[03:46:30] [377/459] ASVS
[03:46:31] [378/459] ASSR
[03:46:32] [379/459] SSKN
[03:46:33] [380/459] DRPV
[03:46:34] [381/459] MRHT
[03:46:35] [382/459] BSCN
[03:46:36] [383/459] RKNX
[03:46:37] [384/459] MSMC
[03:46:38] [385/459] MSCJ
[03:46:39] [386/459] BTBJ
[03:46:39] [387/459] MJCC
[03:46:40] [388/459] IOMM
[03:46:41] [389/459] ADGR
[03:46:41] [390/459] MYCP
[03:46:42] [391/459] IGCM
[03:46:43] [392/459] PGRK
[03:46:44] [393/459] VPGO
[03:46:45] [394/459] KOMS
[03:46:46] [395/459] URGG
[03:46:47] [396/459] GOST
[03:46:48] [397/459] LACT
[03:46:49] [398/459] BWCM
[03:46:49] [399/459] NCCW
[03:46:50] [400/459] SKYC
[03:46:51] [401/459] CCPM
[03:46:52] [402/459] VCBT
[03:46:53] [403/459] SDKR
[03:46:53] [404/459] CTYB
[03:46:54] [405/459] SHCX
[03:46:55] [406/459] RCUN
[03:46:56] [407/459] CNRA
[03:46:58] [408/459] RFCA
[03:46:59] [409/459] RDCU
[03:47:00] [410/459] SARK
[03:47:00] [411/459] SPPP
[03:47:01] [412/459] ADMB
[03:47:02] [413/459] JYOE
[03:47:03] [414/459] SRMD
[03:47:05] [415/459] RJDH
[03:47:05] [416/459] SSTD
[03:47:06] [417/459] AACV
[03:47:07] [418/459] PPVD
[03:47:08] [419/459] STCP
[03:47:09] [420/459] ANJR
[03:47:10] [421/459] ANLS
[03:47:11] [422/459] BIJO
[03:47:13] [423/459] AVAB
[03:47:13] [424/459] SPMD
[03:47:14] [425/459] SVJL
[03:47:15] [426/459] SDDJ
[03:47:16] [427/459] SLTU
[03:47:17] [428/459] SAKA
[03:47:18] [429/459] PMAM
[03:47:18] [430/459] FNAM
[03:47:19] [431/459] ACAM
[03:47:20] [432/459] SCMM
[03:47:21] [433/459] PMAK
[03:47:22] [434/459] NYSA
[03:47:23] [435/459] FCPA
[03:47:24] [436/459] GDAN
[03:47:25] [437/459] RSCA
[03:47:26] [438/459] DMAN
[03:47:26] [439/459] DZCM
[03:47:28] [440/459] NSGL
[03:47:28] [441/459] CCPP
[03:47:29] [442/459] PSMG
[03:47:30] [443/459] GSER
[03:47:31] [444/459] FCCT
[03:47:32] [445/459] FCTB
[03:47:33] [446/459] LCNK
[03:47:34] [447/459] SKTY
[03:47:35] [448/459] INAA
[03:47:35] [449/459] RCWN
[03:47:36] [450/459] VAIS
[03:47:37] [451/459] CVMN
[03:47:38] [452/459] INTS
[03:47:39] [453/459] FRGS
[03:47:40] [454/459] DTCK
[03:47:40] [455/459] MCMH
[03:47:42] [456/459] ECRR
[03:47:43] [457/459] RLLP
[03:47:44] [458/459] CCSN
[03:47:44] [459/459] CCBA
[03:47:45] ✅ DONE | Shows=1 | Movies=1
[04:40:37] 🚀 BMS DAILY TRACKER STARTED
[04:40:37] [1/459] MBDC
[04:40:37] 🧠 New identity
[04:40:38] [2/459] CHKM
[04:40:39] [3/459] JTKZ
[04:40:40] [4/459] CMCT
[04:40:41] [5/459] ASHO
[04:40:42] [6/459] ECDG
[04:40:43] [7/459] SPAT
[04:40:44] [8/459] HILC
[04:40:45] [9/459] SPPH
[04:40:46] [10/459] SBHN
[04:40:47] [11/459] RRCA
[04:40:48] [12/459] APAA
[04:40:49] [13/459] RAME
[04:40:50] [14/459] TMMS
[04:40:50] [15/459] BATK
[04:40:51] [16/459] LKOP
[04:40:52] [17/459] AMTT
[04:40:53] [18/459] PTGK
[04:40:54] [19/459] ANRS
[04:40:55] [20/459] VWBW
[04:40:56] [21/459] SVFG
[04:40:57] [22/459] STAT
[04:40:58] [23/459] GDCV
[04:40:59] [24/459] VEBI
[04:40:59] [25/459] VDSS
[04:41:00] [26/459] NTHV
[04:41:01] [27/459] AOCH
[04:41:02] [28/459] KASR
[04:41:03] [29/459] AYCS
[04:41:04] [30/459] SHAI
[04:41:04] [31/459] SKPE
[04:41:05] [32/459] SBTA
[04:41:06] [33/459] RTTD
[04:41:07] [34/459] CCJD
[04:41:08] [35/459] RSJJ
[04:41:09] [36/459] RKND
[04:41:10] [37/459] SVTX
[04:41:10] [38/459] BAKM
[04:41:11] [39/459] SVDC
[04:41:12] [40/459] MNCV
[04:41:13] [41/459] SJGC
[04:41:14] [42/459] MTPK
[04:41:15] [43/459] GATP
[04:41:16] [44/459] ABTS
[04:41:17] [45/459] ABDE
[04:41:18] [46/459] RCNM
[04:41:18] [47/459] KTHV
[04:41:20] [48/459] MDGJ
[04:41:21] [49/459] SMLM
[04:41:22] [50/459] JTMA
[04:41:23] [51/459] ACKP
[04:41:24] [52/459] SRTA
[04:41:25] [53/459] STAY
[04:41:25] [54/459] MAVO
[04:41:26] [55/459] APTS
[04:41:27] [56/459] OMEA
[04:41:28] [57/459] TTFD
[04:41:29] [58/459] MJCU
[04:41:30] [59/459] CXTE
[04:41:32] [60/459] CTPX
[04:41:32] [61/459] ASSL
[04:41:33] [62/459] CMVB
[04:41:34] [63/459] VPUR
[04:41:35] [64/459] JJDA
[04:41:36] [65/459] INBL
[04:41:37] [66/459] BIKB
[04:41:37] [67/459] NTBB
[04:41:38] [68/459] GLOB
[04:41:39] [69/459] SNTB
[04:41:40] [70/459] CHGV
[04:41:41] [71/459] SSBZ
[04:41:42] [72/459] PRDB
[04:41:43] [73/459] ISMT
[04:41:44] [74/459] MCSD
[04:41:45] [75/459] JBTT
[04:41:46] [76/459] GEKR
[04:41:47] [77/459] PVUN
[04:41:47] [78/459] NRTB
[04:41:48] [79/459] PRAA
[04:41:49] [80/459] PCBL
[04:41:50] [81/459] PTCM
[04:41:51] [82/459] KHNN
[04:41:52] [83/459] OMJE
[04:41:53] [84/459] STGN
[04:41:53] [85/459] RPMS
[04:41:54] [86/459] NWAD
[04:41:55] [87/459] BLCK
[04:41:56] [88/459] SVAA
[04:41:57] [89/459] URVM
[04:41:58] [90/459] ANTM
[04:41:59] [91/459] VJYM
[04:42:00] [92/459] MAZZ
[04:42:01] [93/459] CSHM
[04:42:02] [94/459] WGMH
[04:42:03] [95/459] SALN
[04:42:04] [96/459] BRTP
[04:42:05] [97/459] SVTA
[04:42:06] [98/459] SBTP
[04:42:07] [99/459] VLSS
[04:42:08] [100/459] SRJA
[04:42:09] [101/459] ANCG
[04:42:10] [102/459] CGGC
[04:42:10] [103/459] CRJA
[04:42:11] [104/459] USCR
[04:42:12] [105/459] MMEF
[04:42:13] [106/459] JCRJ
[04:42:14] [107/459] ADCM
[04:42:15] [108/459] BMYK
[04:42:16] [109/459] KICS
[04:42:17] [110/459] MBBT
[04:42:17] [111/459] MACK
[04:42:18] [112/459] CLDR
[04:42:19] [113/459] JYCR
[04:42:20] [114/459] DCRP
[04:42:21] [115/459] RAHT
[04:42:22] [116/459] CSSM
[04:42:22] [117/459] ATPK
[04:42:23] [118/459] KLRT
[04:42:24] [119/459] SRDD
[04:42:25] [120/459] CKMC
[04:42:26] [121/459] KRVM
[04:42:27] [122/459] AKCP
[04:42:28] [123/459] CNCV
[04:42:29] [124/459] PACT
[04:42:29] [125/459] NATP
[04:42:30] [126/459] PCPK
[04:42:31] [127/459] SMHO
[04:42:32] [128/459] CWTK
[04:42:32] [129/459] RVKZ
[04:42:33] [130/459] ASPD
[04:42:34] [131/459] VTKZ
[04:42:35] [132/459] LCSO
[04:42:36] [133/459] PRDY
[04:42:36] [134/459] RCAP
[04:42:37] [135/459] RGAR
[04:42:38] [136/459] RCAC
[04:42:39] [137/459] PMOD
[04:42:40] [138/459] PVCN
[04:42:41] [139/459] SCRZ
[04:42:41] [140/459] PVPC
[04:42:42] [141/459] STID
[04:42:43] [142/459] NEDD
[04:42:44] [143/459] BNBA
[04:42:45] [144/459] NTCD
[04:42:46] [145/459] OCDE
[04:42:46] [146/459] CCDU
[04:42:47] [147/459] CRXH
[04:42:48] [148/459] VLVT
[04:42:50] [149/459] CICI
[04:42:51] [150/459] SUCB
[04:42:51] [151/459] TCBP
[04:42:52] [152/459] SCCY
[04:42:53] [153/459] LXCY
[04:42:55] [154/459] NCMD
[04:42:56] [155/459] PHCS
[04:42:57] [156/459] DUXR
[04:42:58] [157/459] VNKS
[04:42:59] [158/459] SEDP
[04:43:00] [159/459] SVEN
[04:43:01] [160/459] SRKM
[04:43:03] [161/459] JTLT
[04:43:04] [162/459] SVSS
[04:43:05] [163/459] AMDE
[04:43:06] [164/459] WVRN
[04:43:06] [165/459] ISMG
[04:43:08] [166/459] WVKS
[04:43:09] [167/459] USCG
[04:43:09] [168/459] IOTG
[04:43:10] [169/459] RRJM
[04:43:11] [170/459] EDMP
[04:43:12] [171/459] SCGZ
[04:43:13] [172/459] GMGX
[04:43:14] [173/459] OMTP
[04:43:15] [174/459] MITD
[04:43:16] [175/459] SMMD
[04:43:17] [176/459] STML
[04:43:17] [177/459] MCFS
[04:43:18] [178/459] FPKA
[04:43:19] [179/459] OMLR
[04:43:20] [180/459] KKSC
[04:43:21] [181/459] RVMA
[04:43:22] [182/459] SCLL
[04:43:22] [183/459] SCDK
[04:43:23] [184/459] SXMI
[04:43:24] [185/459] SHDN
[04:43:25] [186/459] PAAD
[04:43:26] [187/459] UUCB
[04:43:27] [188/459] JHOL
[04:43:28] [189/459] SGWT
[04:43:28] [190/459] SRII
[04:43:30] [191/459] SGCK
[04:43:31] [192/459] SVVB
[04:43:32] [193/459] DMHA
[04:43:32] [194/459] PPNL
[04:43:33] [195/459] CPNL
[04:43:34] [196/459] WVLD
[04:43:35] [197/459] PSLV
[04:43:36] [198/459] VTTL
[04:43:37] [199/459] NPAD
[04:43:37] [200/459] PVCS
[04:43:38] [201/459] MCHL
[04:43:39] [202/459] PPLL
[04:43:40] [203/459] MALO
[04:43:41] [204/459] SWBH
[04:43:42] [205/459] PUGB
[04:43:43] [206/459] INBB
[04:43:44] [207/459] INNS
[04:43:44] [208/459] MCPT
[04:43:45] [209/459] SCMI
[04:43:46] [210/459] OCON
[04:43:47] [211/459] SCSM
[04:43:48] [212/459] RJVN
[04:43:49] [213/459] AMDK
[04:43:50] [214/459] ISMR
[04:43:50] [215/459] SMTD
[04:43:51] [216/459] VTDD
[04:43:52] [217/459] PDDZ
[04:43:53] [218/459] PCCK
[04:43:55] [219/459] INAM
[04:43:56] [220/459] FNKT
[04:43:57] [221/459] GDKA
[04:43:58] [222/459] MAYU
[04:43:59] [223/459] TCGU
[04:44:00] [224/459] KDCA
[04:44:01] [225/459] DOMY
[04:44:02] [226/459] PDDD
[04:44:02] [227/459] BJTS
[04:44:03] [228/459] VTCA
[04:44:05] [229/459] SBTM
[04:44:06] [230/459] SEET
[04:44:06] [231/459] SSTJ
[04:44:07] [232/459] SVNT
[04:44:08] [233/459] PPPR
[04:44:09] [234/459] PVYS
[04:44:10] [235/459] IOSE
[04:44:10] [236/459] ACTV
[04:44:11] [237/459] APVE
[04:44:12] [238/459] TCCL
[04:44:13] [239/459] SCMO
[04:44:14] [240/459] SAUM
[04:44:15] [241/459] KCJS
[04:44:16] [242/459] NJCJ
[04:44:17] [243/459] NECF
[04:44:17] [244/459] CCGW
[04:44:18] [245/459] CCMG
[04:44:19] [246/459] NYRG
[04:44:20] [247/459] NCSQ
[04:44:20] [248/459] GRCG
[04:44:21] [249/459] CCBT
[04:44:22] [250/459] ACGA
[04:44:23] [251/459] INAG
[04:44:24] [252/459] FUCG
[04:44:25] [253/459] AICF
[04:44:26] [254/459] GRGA
[04:44:27] [255/459] GDCN
[04:44:28] [256/459] RRCG
[04:44:29] [257/459] SDCH
[04:44:30] [258/459] WVJM
[04:44:31] [259/459] JCCZ
[04:44:32] [260/459] CNCL
[04:44:34] [261/459] TMLV
[04:44:35] [262/459] MEMB
[04:44:35] [263/459] SGTD
[04:44:36] [264/459] CONX
[04:44:37] [265/459] CCMH
[04:44:38] [266/459] ACMC
[04:44:39] [267/459] DTPD
[04:44:40] [268/459] POJA
[04:44:40] [269/459] FNBH
[04:44:41] [270/459] CGCB
[04:44:42] [271/459] RACN
[04:44:43] [272/459] JTSM
[04:44:43] [273/459] SCDN
[04:44:44] [274/459] AACK
[04:44:45] [275/459] RMCE
[04:44:46] [276/459] BSGB
[04:44:46] [277/459] MRCB
[04:44:47] [278/459] SRVR
[04:44:48] [279/459] VTKK
[04:44:49] [280/459] AMST
[04:44:50] [281/459] APCY
[04:44:51] [282/459] LMHO
[04:44:52] [283/459] MTZH
[04:44:52] [284/459] AMZB
[04:44:53] [285/459] SUVT
[04:44:54] [286/459] RCIP
[04:44:55] [287/459] KESR
[04:44:56] [288/459] SNKC
[04:44:57] [289/459] SCED
[04:44:57] [290/459] DVCA
[04:44:58] [291/459] VCDT
[04:44:59] [292/459] RRDI
[04:45:01] [293/459] DFCH
[04:45:02] [294/459] INSC
[04:45:03] [295/459] RGTR
[04:45:03] [296/459] FMOT
[04:45:04] [297/459] SCPM
[04:45:05] [298/459] GCDT
[04:45:06] [299/459] BRKT
[04:45:07] [300/459] DEMP
[04:45:08] [301/459] SRLC
[04:45:09] [302/459] KSTT
[04:45:10] [303/459] SMMT
[04:45:11] [304/459] SILM
[04:45:12] [305/459] JCVM
[04:45:13] [306/459] KCSV
[04:45:13] [307/459] MHLK
[04:45:14] [308/459] SLVL
[04:45:15] [309/459] RJKP
[04:45:16] [310/459] BBPC
[04:45:17] [311/459] MXCB
[04:45:18] [312/459] TCPK
[04:45:19] [313/459] RTBR
[04:45:20] [314/459] GAUT
[04:45:21] [315/459] DVCF
[04:45:22] [316/459] JTSB
[04:45:23] [317/459] SBLS
[04:45:24] [318/459] UDAY
[04:45:24] [319/459] PTNP
[04:45:25] [320/459] DMKT
[04:45:26] [321/459] NTDT
[04:45:27] [322/459] SHDJ
[04:45:27] [323/459] OTNC
[04:45:28] [324/459] RNTW
[04:45:29] [325/459] GCMI
[04:45:30] [326/459] CRCM
[04:45:31] [327/459] NNCZ
[04:45:32] [328/459] OEMO
[04:45:33] [329/459] PVJM
[04:45:33] [330/459] CPJI
[04:45:34] [331/459] RMCJ
[04:45:35] [332/459] CNWJ
[04:45:36] [333/459] EPJM
[04:45:37] [334/459] FNJJ
[04:45:37] [335/459] GCMJ
[04:45:38] [336/459] INPS
[04:45:39] [337/459] BICJ
[04:45:40] [338/459] ISTJ
[04:45:41] [339/459] INJC
[04:45:42] [340/459] GLXJ
[04:45:42] [341/459] INEM
[04:45:43] [342/459] JTMN
[04:45:44] [343/459] FRCJ
[04:45:45] [344/459] DDJP
[04:45:47] [345/459] INJV
[04:45:48] [346/459] GOLC
[04:45:48] [347/459] KOCI
[04:45:49] [348/459] FSTD
[04:45:50] [349/459] PACJ
[04:45:51] [350/459] GMCN
[04:45:52] [351/459] MMDJ
[04:45:52] [352/459] GODH
[04:45:53] [353/459] SKYN
[04:45:54] [354/459] NCTH
[04:45:55] [355/459] SKVZ
[04:45:55] [356/459] SVML
[04:45:56] [357/459] ACVZ
[04:45:57] [358/459] SURA
[04:45:58] [359/459] RTRB
[04:45:59] [360/459] LLCT
[04:45:59] [361/459] ATTS
[04:46:00] [362/459] JYCM
[04:46:01] [363/459] CTKR
[04:46:02] [364/459] LCKR
[04:46:03] [365/459] NYCV
[04:46:03] [366/459] NYOH
[04:46:04] [367/459] NOVX
[04:46:05] [368/459] MRGK
[04:46:06] [369/459] MOON
[04:46:07] [370/459] SBUC
[04:46:08] [371/459] GSVA
[04:46:09] [372/459] VIAK
[04:46:09] [373/459] SMVZ
[04:46:10] [374/459] MATE
[04:46:11] [375/459] RDCN
[04:46:13] [376/459] ASBL
[04:46:13] [377/459] ASVS
[04:46:14] [378/459] ASSR
[04:46:15] [379/459] SSKN
[04:46:16] [380/459] DRPV
[04:46:17] [381/459] MRHT
[04:46:18] [382/459] BSCN
[04:46:19] [383/459] RKNX
[04:46:20] [384/459] MSMC
[04:46:20] [385/459] MSCJ
[04:46:21] [386/459] BTBJ
[04:46:22] [387/459] MJCC
[04:46:23] [388/459] IOMM
[04:46:24] [389/459] ADGR
[04:46:25] [390/459] MYCP
[04:46:26] [391/459] IGCM
[04:46:26] [392/459] PGRK
[04:46:27] [393/459] VPGO
[04:46:28] [394/459] KOMS
[04:46:29] [395/459] URGG
[04:46:30] [396/459] GOST
[04:46:30] [397/459] LACT
[04:46:31] [398/459] BWCM
[04:46:32] [399/459] NCCW
[04:46:34] [400/459] SKYC
[04:46:34] [401/459] CCPM
[04:46:35] [402/459] VCBT
[04:46:36] [403/459] SDKR
[04:46:37] [404/459] CTYB
[04:46:38] [405/459] SHCX
[04:46:39] [406/459] RCUN
[04:46:39] [407/459] CNRA
[04:46:40] [408/459] RFCA
[04:46:41] [409/459] RDCU
[04:46:42] [410/459] SARK
[04:46:43] [411/459] SPPP
[04:46:44] [412/459] ADMB
[04:46:45] [413/459] JYOE
[04:46:45] [414/459] SRMD
[04:46:46] [415/459] RJDH
[04:46:47] [416/459] SSTD
[04:46:47] [417/459] AACV
[04:46:48] [418/459] PPVD
[04:46:49] [419/459] STCP
[04:46:50] [420/459] ANJR
[04:46:50] [421/459] ANLS
[04:46:51] [422/459] BIJO
[04:46:52] [423/459] AVAB
[04:46:53] [424/459] SPMD
[04:46:54] [425/459] SVJL
[04:46:55] [426/459] SDDJ
[04:46:55] [427/459] SLTU
[04:46:56] [428/459] SAKA
[04:46:57] [429/459] PMAM
[04:46:58] [430/459] FNAM
[04:46:59] [431/459] ACAM
[04:47:00] [432/459] SCMM
[04:47:01] [433/459] PMAK
[04:47:01] [434/459] NYSA
[04:47:02] [435/459] FCPA
[04:47:04] [436/459] GDAN
[04:47:04] [437/459] RSCA
[04:47:05] [438/459] DMAN
[04:47:06] [439/459] DZCM
[04:47:06] [440/459] NSGL
[04:47:07] [441/459] CCPP
[04:47:08] [442/459] PSMG
[04:47:09] [443/459] GSER
[04:47:10] [444/459] FCCT
[04:47:11] [445/459] FCTB
[04:47:11] [446/459] LCNK
[04:47:13] [447/459] SKTY
[04:47:13] [448/459] INAA
[04:47:14] [449/459] RCWN
[04:47:15] [450/459] VAIS
[04:47:15] [451/459] CVMN
[04:47:17] [452/459] INTS
[04:47:18] [453/459] FRGS
[04:47:18] [454/459] DTCK
[04:47:19] [455/459] MCMH
[04:47:20] [456/459] ECRR
[04:47:21] [457/459] RLLP
[04:47:22] [458/459] CCSN
[04:47:22] [459/459] CCBA
[04:47:23] ✅ DONE | Shows=4 | Movies=2
[06:25:07] 🚀 BMS DAILY TRACKER STARTED
[06:25:07] [1/459] MBDC
[06:25:07] 🧠 New identity
[06:25:08] [2/459] CHKM
[06:25:10] [3/459] JTKZ
[06:25:11] [4/459] CMCT
[06:25:11] [5/459] ASHO
[06:25:12] [6/459] ECDG
[06:25:13] [7/459] SPAT
[06:25:14] [8/459] HILC
[06:25:15] [9/459] SPPH
[06:25:16] [10/459] SBHN
[06:25:17] [11/459] RRCA
[06:25:18] [12/459] APAA
[06:25:19] [13/459] RAME
[06:25:20] [14/459] TMMS
[06:25:21] [15/459] BATK
[06:25:22] [16/459] LKOP
[06:25:23] [17/459] AMTT
[06:25:24] [18/459] PTGK
[06:25:25] [19/459] ANRS
[06:25:26] [20/459] VWBW
[06:25:27] [21/459] SVFG
[06:25:28] [22/459] STAT
[06:25:29] [23/459] GDCV
[06:25:30] [24/459] VEBI
[06:25:31] [25/459] VDSS
[06:25:32] [26/459] NTHV
[06:25:32] [27/459] AOCH
[06:25:33] [28/459] KASR
[06:25:34] [29/459] AYCS
[06:25:35] [30/459] SHAI
[06:25:36] [31/459] SKPE
[06:25:36] [32/459] SBTA
[06:25:37] [33/459] RTTD
[06:25:38] [34/459] CCJD
[06:25:39] [35/459] RSJJ
[06:25:40] [36/459] RKND
[06:25:41] [37/459] SVTX
[06:25:42] [38/459] BAKM
[06:25:43] [39/459] SVDC
[06:25:44] [40/459] MNCV
[06:25:46] [41/459] SJGC
[06:25:47] [42/459] MTPK
[06:25:47] [43/459] GATP
[06:25:48] [44/459] ABTS
[06:25:49] [45/459] ABDE
[06:25:50] [46/459] RCNM
[06:25:51] [47/459] KTHV
[06:25:52] [48/459] MDGJ
[06:25:53] [49/459] SMLM
[06:25:54] [50/459] JTMA
[06:25:56] [51/459] ACKP
[06:25:57] [52/459] SRTA
[06:25:58] [53/459] STAY
[06:26:00] [54/459] MAVO
[06:26:00] [55/459] APTS
[06:26:01] [56/459] OMEA
[06:26:02] [57/459] TTFD
[06:26:03] [58/459] MJCU
[06:26:04] [59/459] CXTE
[06:26:04] [60/459] CTPX
[06:26:06] [61/459] ASSL
[06:26:07] [62/459] CMVB
[06:26:09] [63/459] VPUR
[06:26:10] [64/459] JJDA
[06:26:11] [65/459] INBL
[06:26:12] [66/459] BIKB
[06:26:13] [67/459] NTBB
[06:26:14] [68/459] GLOB
[06:26:15] [69/459] SNTB
[06:26:16] [70/459] CHGV
[06:26:17] [71/459] SSBZ
[06:26:17] [72/459] PRDB
[06:26:19] [73/459] ISMT
[06:26:20] [74/459] MCSD
[06:26:20] [75/459] JBTT
[06:26:22] [76/459] GEKR
[06:26:23] [77/459] PVUN
[06:26:24] [78/459] NRTB
[06:26:26] [79/459] PRAA
[06:26:27] [80/459] PCBL
[06:26:28] [81/459] PTCM
[06:26:28] [82/459] KHNN
[06:26:29] [83/459] OMJE
[06:26:30] [84/459] STGN
[06:26:31] [85/459] RPMS
[06:26:32] [86/459] NWAD
[06:26:34] [87/459] BLCK
[06:26:34] [88/459] SVAA
[06:26:35] [89/459] URVM
[06:26:36] [90/459] ANTM
[06:26:38] [91/459] VJYM
[06:26:39] [92/459] MAZZ
[06:26:39] [93/459] CSHM
[06:26:40] [94/459] WGMH
[06:26:42] [95/459] SALN
[06:26:43] [96/459] BRTP
[06:26:44] [97/459] SVTA
[06:26:45] [98/459] SBTP
[06:26:46] [99/459] VLSS
[06:26:47] [100/459] SRJA
[06:26:49] [101/459] ANCG
[06:26:50] [102/459] CGGC
[06:26:51] [103/459] CRJA
[06:26:52] [104/459] USCR
[06:26:52] [105/459] MMEF
[06:26:53] [106/459] JCRJ
[06:26:54] [107/459] ADCM
[06:26:55] [108/459] BMYK
[06:26:56] [109/459] KICS
[06:26:57] [110/459] MBBT
[06:26:58] [111/459] MACK
[06:26:59] [112/459] CLDR
[06:27:00] [113/459] JYCR
[06:27:00] [114/459] DCRP
[06:27:01] [115/459] RAHT
[06:27:02] [116/459] CSSM
[06:27:04] [117/459] ATPK
[06:27:04] [118/459] KLRT
[06:27:05] [119/459] SRDD
[06:27:06] [120/459] CKMC
[06:27:07] [121/459] KRVM
[06:27:09] [122/459] AKCP
[06:27:09] [123/459] CNCV
[06:27:10] [124/459] PACT
[06:27:11] [125/459] NATP
[06:27:12] [126/459] PCPK
[06:27:13] [127/459] SMHO
[06:27:14] [128/459] CWTK
[06:27:15] [129/459] RVKZ
[06:27:16] [130/459] ASPD
[06:27:18] [131/459] VTKZ
[06:27:19] [132/459] LCSO
[06:27:19] [133/459] PRDY
[06:27:20] [134/459] RCAP
[06:27:22] [135/459] RGAR
[06:27:23] [136/459] RCAC
[06:27:24] [137/459] PMOD
[06:27:25] [138/459] PVCN
[06:27:26] [139/459] SCRZ
[06:27:26] [140/459] PVPC
[06:27:27] [141/459] STID
[06:27:28] [142/459] NEDD
[06:27:29] [143/459] BNBA
[06:27:30] [144/459] NTCD
[06:27:31] [145/459] OCDE
[06:27:32] [146/459] CCDU
[06:27:34] [147/459] CRXH
[06:27:35] [148/459] VLVT
[06:27:35] [149/459] CICI
[06:27:36] [150/459] SUCB
[06:27:37] [151/459] TCBP
[06:27:39] [152/459] SCCY
[06:27:40] [153/459] LXCY
[06:27:41] [154/459] NCMD
[06:27:42] [155/459] PHCS
[06:27:42] [156/459] DUXR
[06:27:43] [157/459] VNKS
[06:27:44] [158/459] SEDP
[06:27:45] [159/459] SVEN
[06:27:46] [160/459] SRKM
[06:27:48] [161/459] JTLT
[06:27:48] [162/459] SVSS
[06:27:50] [163/459] AMDE
[06:27:52] [164/459] WVRN
[06:27:52] [165/459] ISMG
[06:27:53] [166/459] WVKS
[06:27:54] [167/459] USCG
[06:27:54] [168/459] IOTG
[06:27:55] [169/459] RRJM
[06:27:56] [170/459] EDMP
[06:27:57] [171/459] SCGZ
[06:27:58] [172/459] GMGX
[06:27:58] [173/459] OMTP
[06:27:59] [174/459] MITD
[06:28:00] [175/459] SMMD
[06:28:01] [176/459] STML
[06:28:02] [177/459] MCFS
[06:28:03] [178/459] FPKA
[06:28:04] [179/459] OMLR
[06:28:04] [180/459] KKSC
[06:28:06] [181/459] RVMA
[06:28:07] [182/459] SCLL
[06:28:08] [183/459] SCDK
[06:28:08] [184/459] SXMI
[06:28:09] [185/459] SHDN
[06:28:10] [186/459] PAAD
[06:28:11] [187/459] UUCB
[06:28:12] [188/459] JHOL
[06:28:12] [189/459] SGWT
[06:28:13] [190/459] SRII
[06:28:14] [191/459] SGCK
[06:28:16] [192/459] SVVB
[06:28:17] [193/459] DMHA
[06:28:18] [194/459] PPNL
[06:28:19] [195/459] CPNL
[06:28:20] [196/459] WVLD
[06:28:22] [197/459] PSLV
[06:28:23] [198/459] VTTL
[06:28:24] [199/459] NPAD
[06:28:25] [200/459] PVCS
[06:28:27] [201/459] MCHL
[06:28:27] [202/459] PPLL
[06:28:28] [203/459] MALO
[06:28:30] [204/459] SWBH
[06:28:31] [205/459] PUGB
[06:28:32] [206/459] INBB
[06:28:33] [207/459] INNS
[06:28:34] [208/459] MCPT
[06:28:35] [209/459] SCMI
[06:28:35] [210/459] OCON
[06:28:36] [211/459] SCSM
[06:28:37] [212/459] RJVN
[06:28:38] [213/459] AMDK
[06:28:39] [214/459] ISMR
[06:28:40] [215/459] SMTD
[06:28:41] [216/459] VTDD
[06:28:42] [217/459] PDDZ
[06:28:43] [218/459] PCCK
[06:28:44] [219/459] INAM
[06:28:45] [220/459] FNKT
[06:28:47] [221/459] GDKA
[06:28:47] [222/459] MAYU
[06:28:48] [223/459] TCGU
[06:28:49] [224/459] KDCA
[06:28:50] [225/459] DOMY
[06:28:52] [226/459] PDDD
[06:28:52] [227/459] BJTS
[06:28:53] [228/459] VTCA
[06:28:55] [229/459] SBTM
[06:28:56] [230/459] SEET
[06:28:57] [231/459] SSTJ
[06:28:57] [232/459] SVNT
[06:28:58] [233/459] PPPR
[06:28:59] [234/459] PVYS
[06:29:00] [235/459] IOSE
[06:29:00] [236/459] ACTV
[06:29:01] [237/459] APVE
[06:29:02] [238/459] TCCL
[06:29:03] [239/459] SCMO
[06:29:03] [240/459] SAUM
[06:29:04] [241/459] KCJS
[06:29:05] [242/459] NJCJ
[06:29:06] [243/459] NECF
[06:29:06] [244/459] CCGW
[06:29:07] [245/459] CCMG
[06:29:08] [246/459] NYRG
[06:29:09] [247/459] NCSQ
[06:29:10] [248/459] GRCG
[06:29:10] [249/459] CCBT
[06:29:11] [250/459] ACGA
[06:29:12] [251/459] INAG
[06:29:13] [252/459] FUCG
[06:29:14] [253/459] AICF
[06:29:15] [254/459] GRGA
[06:29:16] [255/459] GDCN
[06:29:17] [256/459] RRCG
[06:29:18] [257/459] SDCH
[06:29:18] [258/459] WVJM
[06:29:20] [259/459] JCCZ
[06:29:21] [260/459] CNCL
[06:29:22] [261/459] TMLV
[06:29:23] [262/459] MEMB
[06:29:24] [263/459] SGTD
[06:29:25] [264/459] CONX
[06:29:26] [265/459] CCMH
[06:29:26] [266/459] ACMC
[06:29:27] [267/459] DTPD
[06:29:29] [268/459] POJA
[06:29:30] [269/459] FNBH
[06:29:30] [270/459] CGCB
[06:29:32] [271/459] RACN
[06:29:33] [272/459] JTSM
[06:29:34] [273/459] SCDN
[06:29:35] [274/459] AACK
[06:29:36] [275/459] RMCE
[06:29:37] [276/459] BSGB
[06:29:39] [277/459] MRCB
[06:29:39] [278/459] SRVR
[06:29:40] [279/459] VTKK
[06:29:42] [280/459] AMST
[06:29:43] [281/459] APCY
[06:29:43] [282/459] LMHO
[06:29:44] [283/459] MTZH
[06:29:45] [284/459] AMZB
[06:29:46] [285/459] SUVT
[06:29:47] [286/459] RCIP
[06:29:48] [287/459] KESR
[06:29:49] [288/459] SNKC
[06:29:50] [289/459] SCED
[06:29:51] [290/459] DVCA
[06:29:51] [291/459] VCDT
[06:29:52] [292/459] RRDI
[06:29:53] [293/459] DFCH
[06:29:54] [294/459] INSC
[06:29:55] [295/459] RGTR
[06:29:56] [296/459] FMOT
[06:29:57] [297/459] SCPM
[06:29:57] [298/459] GCDT
[06:29:58] [299/459] BRKT
[06:29:59] [300/459] DEMP
[06:30:00] [301/459] SRLC
[06:30:01] [302/459] KSTT
[06:30:02] [303/459] SMMT
[06:30:03] [304/459] SILM
[06:30:04] [305/459] JCVM
[06:30:06] [306/459] KCSV
[06:30:07] [307/459] MHLK
[06:30:08] [308/459] SLVL
[06:30:10] [309/459] RJKP
[06:30:11] [310/459] BBPC
[06:30:13] [311/459] MXCB
[06:30:13] [312/459] TCPK
[06:30:14] [313/459] RTBR
[06:30:15] [314/459] GAUT
[06:30:16] [315/459] DVCF
[06:30:18] [316/459] JTSB
[06:30:19] [317/459] SBLS
[06:30:20] [318/459] UDAY
[06:30:21] [319/459] PTNP
[06:30:22] [320/459] DMKT
[06:30:23] [321/459] NTDT
[06:30:24] [322/459] SHDJ
[06:30:24] [323/459] OTNC
[06:30:26] [324/459] RNTW
[06:30:27] [325/459] GCMI
[06:30:28] [326/459] CRCM
[06:30:29] [327/459] NNCZ
[06:30:29] [328/459] OEMO
[06:30:30] [329/459] PVJM
[06:30:31] [330/459] CPJI
[06:30:33] [331/459] RMCJ
[06:30:34] [332/459] CNWJ
[06:30:34] [333/459] EPJM
[06:30:35] [334/459] FNJJ
[06:30:36] [335/459] GCMJ
[06:30:37] [336/459] INPS
[06:30:38] [337/459] BICJ
[06:30:39] [338/459] ISTJ
[06:30:40] [339/459] INJC
[06:30:42] [340/459] GLXJ
[06:30:43] [341/459] INEM
[06:30:44] [342/459] JTMN
[06:30:44] [343/459] FRCJ
[06:30:45] [344/459] DDJP
[06:30:47] [345/459] INJV
[06:30:49] [346/459] GOLC
[06:30:49] [347/459] KOCI
[06:30:50] [348/459] FSTD
[06:30:51] [349/459] PACJ
[06:30:52] [350/459] GMCN
[06:30:53] [351/459] MMDJ
[06:30:54] [352/459] GODH
[06:30:55] [353/459] SKYN
[06:30:55] [354/459] NCTH
[06:30:57] [355/459] SKVZ
[06:30:58] [356/459] SVML
[06:31:00] [357/459] ACVZ
[06:31:00] [358/459] SURA
[06:31:01] [359/459] RTRB
[06:31:02] [360/459] LLCT
[06:31:03] [361/459] ATTS
[06:31:03] [362/459] JYCM
[06:31:04] [363/459] CTKR
[06:31:06] [364/459] LCKR
[06:31:07] [365/459] NYCV
[06:31:07] [366/459] NYOH
[06:31:08] [367/459] NOVX
[06:31:09] [368/459] MRGK
[06:31:10] [369/459] MOON
[06:31:11] [370/459] SBUC
[06:31:13] [371/459] GSVA
[06:31:14] [372/459] VIAK
[06:31:15] [373/459] SMVZ
[06:31:16] [374/459] MATE
[06:31:17] [375/459] RDCN
[06:31:18] [376/459] ASBL
[06:31:19] [377/459] ASVS
[06:31:20] [378/459] ASSR
[06:31:21] [379/459] SSKN
[06:31:22] [380/459] DRPV
[06:31:23] [381/459] MRHT
[06:31:23] [382/459] BSCN
[06:31:24] [383/459] RKNX
[06:31:25] [384/459] MSMC
[06:31:26] [385/459] MSCJ
[06:31:26] [386/459] BTBJ
[06:31:27] [387/459] MJCC
[06:31:28] [388/459] IOMM
[06:31:29] [389/459] ADGR
[06:31:30] [390/459] MYCP
[06:31:32] [391/459] IGCM
[06:31:33] [392/459] PGRK
[06:31:34] [393/459] VPGO
[06:31:35] [394/459] KOMS
[06:31:35] [395/459] URGG
[06:31:36] [396/459] GOST
[06:31:37] [397/459] LACT
[06:31:38] [398/459] BWCM
[06:31:39] [399/459] NCCW
[06:31:40] [400/459] SKYC
[06:31:41] [401/459] CCPM
[06:31:43] [402/459] VCBT
[06:31:44] [403/459] SDKR
[06:31:46] [404/459] CTYB
[06:31:47] [405/459] SHCX
[06:31:48] [406/459] RCUN
[06:31:48] [407/459] CNRA
[06:31:49] [408/459] RFCA
[06:31:50] [409/459] RDCU
[06:31:51] [410/459] SARK
[06:31:52] [411/459] SPPP
[06:31:54] [412/459] ADMB
[06:31:55] [413/459] JYOE
[06:31:55] [414/459] SRMD
[06:31:56] [415/459] RJDH
[06:31:57] [416/459] SSTD
[06:31:58] [417/459] AACV
[06:31:59] [418/459] PPVD
[06:32:00] [419/459] STCP
[06:32:00] [420/459] ANJR
[06:32:01] [421/459] ANLS
[06:32:03] [422/459] BIJO
[06:32:04] [423/459] AVAB
[06:32:05] [424/459] SPMD
[06:32:05] [425/459] SVJL
[06:32:06] [426/459] SDDJ
[06:32:07] [427/459] SLTU
[06:32:08] [428/459] SAKA
[06:32:09] [429/459] PMAM
[06:32:10] [430/459] FNAM
[06:32:11] [431/459] ACAM
[06:32:11] [432/459] SCMM
[06:32:12] [433/459] PMAK
[06:32:13] [434/459] NYSA
[06:32:14] [435/459] FCPA
[06:32:15] [436/459] GDAN
[06:32:16] [437/459] RSCA
[06:32:17] [438/459] DMAN
[06:32:18] [439/459] DZCM
[06:32:19] [440/459] NSGL
[06:32:19] [441/459] CCPP
[06:32:20] [442/459] PSMG
[06:32:21] [443/459] GSER
[06:32:22] [444/459] FCCT
[06:32:23] [445/459] FCTB
[06:32:24] [446/459] LCNK
[06:32:24] [447/459] SKTY
[06:32:25] [448/459] INAA
[06:32:27] [449/459] RCWN
[06:32:27] [450/459] VAIS
[06:32:28] [451/459] CVMN
[06:32:29] [452/459] INTS
[06:32:31] [453/459] FRGS
[06:32:32] [454/459] DTCK
[06:32:33] [455/459] MCMH
[06:32:34] [456/459] ECRR
[06:32:35] [457/459] RLLP
[06:32:36] [458/459] CCSN
[06:32:38] [459/459] CCBA
[06:32:38] ✅ DONE | Shows=182 | Movies=17
