[00:40:36] 🚀 BMS DAILY TRACKER STARTED
[00:40:36] [1/459] MCCZ
[00:40:36] 🧠 New identity
[00:40:37] [2/459] FRPU
[00:40:38] [3/459] SKSI
[00:40:38] [4/459] SSCK
[00:40:39] [5/459] SRDC
[00:40:40] [6/459] RSCZ
[00:40:41] [7/459] PRVT
[00:40:42] [8/459] GAGJ
[00:40:43] [9/459] SMHG
[00:40:44] [10/459] JTST
[00:40:45] [11/459] MYTH
[00:40:46] [12/459] JPCC
[00:40:46] [13/459] ACDC
[00:40:47] [14/459] SVFP
[00:40:48] [15/459] SFCM
[00:40:49] [16/459] RUPK
[00:40:50] [17/459] NTCR
[00:40:51] [18/459] RTCH
[00:40:52] [19/459] SCMH
[00:40:53] [20/459] SVYM
[00:40:54] [21/459] SPYM
[00:40:55] [22/459] SMMF
[00:40:56] [23/459] CLLB
[00:40:57] [24/459] FMCB
[00:40:58] [25/459] BBTC
[00:40:59] [26/459] NTHS
[00:41:00] [27/459] PKKJ
[00:41:01] [28/459] MTJA
[00:41:01] [29/459] PMSJ
[00:41:02] [30/459] JMJU
[00:41:03] [31/459] SRAD
[00:41:04] [32/459] MJMC
[00:41:05] [33/459] DFRM
[00:41:06] [34/459] PMRS
[00:41:07] [35/459] RKPP
[00:41:07] [36/459] BMBK
[00:41:08] [37/459] NEWS
[00:41:09] [38/459] SALB
[00:41:10] [39/459] SCPW
[00:41:11] [40/459] RAYL
[00:41:12] [41/459] CMGJ
[00:41:12] [42/459] JRCR
[00:41:13] [43/459] SRTB
[00:41:14] [44/459] ETPB
[00:41:15] [45/459] MXBN
[00:41:15] [46/459] TOPE
[00:41:16] [47/459] SNLJ
[00:41:17] [48/459] CDDP
[00:41:18] [49/459] APCX
[00:41:19] [50/459] TALP
[00:41:20] [51/459] RRMP
[00:41:21] [52/459] MAHB
[00:41:21] [53/459] MTKR
[00:41:22] [54/459] KSKL
[00:41:23] [55/459] RJLT
[00:41:24] [56/459] ATAS
[00:41:25] [57/459] AMHR
[00:41:25] [58/459] RSRM
[00:41:26] [59/459] GCAT
[00:41:27] [60/459] SMML
[00:41:28] [61/459] ACCD
[00:41:29] [62/459] VYDA
[00:41:30] [63/459] MSKT
[00:41:31] [64/459] AVDM
[00:41:31] [65/459] ASMH
[00:41:32] [66/459] VTMB
[00:41:33] [67/459] WVMB
[00:41:34] [68/459] PPMN
[00:41:36] [69/459] MTMD
[00:41:36] [70/459] SMMO
[00:41:37] [71/459] DLPB
[00:41:38] [72/459] AKMD
[00:41:39] [73/459] SHRR
[00:41:40] [74/459] ASCO
[00:41:41] [75/459] CZVX
[00:41:42] [76/459] GCBB
[00:41:43] [77/459] ATBM
[00:41:44] [78/459] TCGM
[00:41:44] [79/459] UMSE
[00:41:45] [80/459] NKCL
[00:41:46] [81/459] BTLR
[00:41:47] [82/459] GOCL
[00:41:48] [83/459] MIRN
[00:41:49] [84/459] THEC
[00:41:50] [85/459] SPPB
[00:41:52] [86/459] PMMM
[00:41:53] [87/459] GGMC
[00:41:54] [88/459] AVSR
[00:41:55] [89/459] RDMH
[00:41:56] [90/459] JSRS
[00:41:57] [91/459] VKGP
[00:41:58] [92/459] ACRT
[00:41:58] [93/459] GCBA
[00:41:59] [94/459] GTCP
[00:42:01] [95/459] AKFC
[00:42:02] [96/459] INCS
[00:42:03] [97/459] SMCK
[00:42:03] [98/459] BRUN
[00:42:04] [99/459] RPPC
[00:42:05] [100/459] PAYD
[00:42:06] [101/459] SVVT
[00:42:07] [102/459] RNCC
[00:42:08] [103/459] PCRC
[00:42:09] [104/459] PMRM
[00:42:09] [105/459] CCRP
[00:42:11] [106/459] INCR
[00:42:12] [107/459] ZTMP
[00:42:13] [108/459] MCNR
[00:42:14] [109/459] INRP
[00:42:15] [110/459] STRC
[00:42:15] [111/459] RATI
[00:42:16] [112/459] PBTR
[00:42:17] [113/459] CMHP
[00:42:18] [114/459] ZECJ
[00:42:18] [115/459] CCCB
[00:42:19] [116/459] BWCB
[00:42:20] [117/459] CCAT
[00:42:21] [118/459] KGCM
[00:42:22] [119/459] INPT
[00:42:23] [120/459] FNCO
[00:42:24] [121/459] SRMJ
[00:42:25] [122/459] PFSC
[00:42:26] [123/459] PBMC
[00:42:26] [124/459] KARP
[00:42:27] [125/459] KOVI
[00:42:28] [126/459] ACXL
[00:42:29] [127/459] GKCC
[00:42:30] [128/459] ASCC
[00:42:31] [129/459] SETC
[00:42:32] [130/459] KACC
[00:42:32] [131/459] KAVE
[00:42:34] [132/459] CNTC
[00:42:34] [133/459] MEEN
[00:42:35] [134/459] BMRV
[00:42:37] [135/459] SVAM
[00:42:38] [136/459] VTBP
[00:42:38] [137/459] VCKN
[00:42:39] [138/459] SGTK
[00:42:40] [139/459] RCGS
[00:42:41] [140/459] RCCB
[00:42:42] [141/459] RKSR
[00:42:43] [142/459] RKCU
[00:42:43] [143/459] GIBH
[00:42:44] [144/459] CXBS
[00:42:45] [145/459] GGCB
[00:42:46] [146/459] SCPB
[00:42:47] [147/459] AKTB
[00:42:48] [148/459] SRBU
[00:42:49] [149/459] CSSA
[00:42:49] [150/459] MYAN
[00:42:50] [151/459] EXCA
[00:42:51] [152/459] CKSA
[00:42:52] [153/459] JTNM
[00:42:53] [154/459] CXKT
[00:42:54] [155/459] NCLM
[00:42:55] [156/459] JAAD
[00:42:56] [157/459] RDCR
[00:42:57] [158/459] MEER
[00:42:57] [159/459] SIBT
[00:42:59] [160/459] PVVB
[00:43:00] [161/459] FNPN
[00:43:01] [162/459] CRPX
[00:43:02] [163/459] STET
[00:43:02] [164/459] METE
[00:43:03] [165/459] BJML
[00:43:04] [166/459] MAVT
[00:43:05] [167/459] MSRM
[00:43:06] [168/459] TJMP
[00:43:07] [169/459] MHCK
[00:43:07] [170/459] SVGP
[00:43:08] [171/459] KRRC
[00:43:09] [172/459] IMCH
[00:43:10] [173/459] CMCS
[00:43:10] [174/459] SGND
[00:43:11] [175/459] RNAT
[00:43:12] [176/459] PRTN
[00:43:13] [177/459] MPTN
[00:43:14] [178/459] ARCC
[00:43:15] [179/459] NTTE
[00:43:16] [180/459] ABND
[00:43:17] [181/459] KCSN
[00:43:17] [182/459] KCSA
[00:43:18] [183/459] DCKT
[00:43:19] [184/459] MBBR
[00:43:20] [185/459] RAMU
[00:43:20] [186/459] RACW
[00:43:21] [187/459] MCHP
[00:43:22] [188/459] TMHM
[00:43:23] [189/459] STXH
[00:43:24] [190/459] AGSG
[00:43:24] [191/459] SIRA
[00:43:25] [192/459] RCAN
[00:43:26] [193/459] CWTB
[00:43:27] [194/459] VTYM
[00:43:28] [195/459] RRPP
[00:43:29] [196/459] ASMR
[00:43:30] [197/459] RONO
[00:43:30] [198/459] MEMR
[00:43:31] [199/459] CTMR
[00:43:32] [200/459] PMTT
[00:43:33] [201/459] PSLX
[00:43:34] [202/459] IPPL
[00:43:34] [203/459] MMSG
[00:43:36] [204/459] INEL
[00:43:37] [205/459] COAC
[00:43:37] [206/459] WVLK
[00:43:38] [207/459] PPXL
[00:43:39] [208/459] PSML
[00:43:40] [209/459] FNLK
[00:43:41] [210/459] ILUM
[00:43:41] [211/459] ILCM
[00:43:42] [212/459] MSNL
[00:43:43] [213/459] VINB
[00:43:44] [214/459] SALW
[00:43:45] [215/459] PRTB
[00:43:46] [216/459] NCIL
[00:43:46] [217/459] PSUL
[00:43:47] [218/459] SCLK
[00:43:48] [219/459] ADDC
[00:43:49] [220/459] OACL
[00:43:50] [221/459] OOCF
[00:43:51] [222/459] GPMF
[00:43:51] [223/459] SSDG
[00:43:52] [224/459] SKRS
[00:43:53] [225/459] NTTP
[00:43:54] [226/459] SLTP
[00:43:55] [227/459] JTLC
[00:43:56] [228/459] POON
[00:43:56] [229/459] CCPC
[00:43:57] [230/459] DCKC
[00:43:58] [231/459] CPRT
[00:43:59] [232/459] EYHZ
[00:44:00] [233/459] ARBL
[00:44:00] [234/459] SBTB
[00:44:01] [235/459] MMCK
[00:44:02] [236/459] PLMR
[00:44:03] [237/459] BIJH
[00:44:04] [238/459] SDRT
[00:44:05] [239/459] PRDC
[00:44:06] [240/459] OMJA
[00:44:06] [241/459] VKCR
[00:44:07] [242/459] ATRT
[00:44:08] [243/459] WVRP
[00:44:09] [244/459] MVRP
[00:44:10] [245/459] FCAX
[00:44:11] [246/459] CTLC
[00:44:11] [247/459] JCHB
[00:44:12] [248/459] SELP
[00:44:13] [249/459] VCPG
[00:44:14] [250/459] ASCX
[00:44:15] [251/459] EOCS
[00:44:15] [252/459] RCPH
[00:44:16] [253/459] RJTM
[00:44:17] [254/459] SGMD
[00:44:18] [255/459] SVJT
[00:44:19] [256/459] SPPO
[00:44:20] [257/459] MNRL
[00:44:21] [258/459] KNOX
[00:44:23] [259/459] GIER
[00:44:24] [260/459] PJMS
[00:44:25] [261/459] UNSP
[00:44:25] [262/459] JETP
[00:44:26] [263/459] VTWA
[00:44:27] [264/459] SCJI
[00:44:28] [265/459] CBZZ
[00:44:29] [266/459] SDCJ
[00:44:30] [267/459] RRCC
[00:44:30] [268/459] VNKG
[00:44:32] [269/459] LKTO
[00:44:33] [270/459] PJRM
[00:44:34] [271/459] NVRM
[00:44:35] [272/459] SJCS
[00:44:36] [273/459] VIGK
[00:44:37] [274/459] ANST
[00:44:38] [275/459] JTTS
[00:44:39] [276/459] NTST
[00:44:40] [277/459] PREB
[00:44:40] [278/459] TSCZ
[00:44:41] [279/459] CDCM
[00:44:42] [280/459] ELYE
[00:44:44] [281/459] INBS
[00:44:44] [282/459] SMGC
[00:44:45] [283/459] UTMP
[00:44:46] [284/459] INTA
[00:44:47] [285/459] OMPT
[00:44:48] [286/459] SCIR
[00:44:49] [287/459] GCKJ
[00:44:50] [288/459] INOG
[00:44:51] [289/459] SMGB
[00:44:52] [290/459] MCSG
[00:44:53] [291/459] STKG
[00:44:54] [292/459] TTKG
[00:44:55] [293/459] SRTR
[00:44:56] [294/459] ETTR
[00:44:57] [295/459] GGGZ
[00:44:58] [296/459] IPGM
[00:44:59] [297/459] FCDH
[00:45:00] [298/459] DESB
[00:45:00] [299/459] VNTP
[00:45:01] [300/459] ANNT
[00:45:02] [301/459] SLTI
[00:45:03] [302/459] MAJU
[00:45:05] [303/459] JCXP
[00:45:05] [304/459] HARK
[00:45:06] [305/459] JPCJ
[00:45:07] [306/459] RXBD
[00:45:08] [307/459] PTKJ
[00:45:09] [308/459] CMTU
[00:45:10] [309/459] SWOR
[00:45:11] [310/459] JMEX
[00:45:12] [311/459] DTPT
[00:45:13] [312/459] VGMM
[00:45:14] [313/459] VCSG
[00:45:15] [314/459] CVCG
[00:45:16] [315/459] TNTT
[00:45:17] [316/459] SHRM
[00:45:18] [317/459] CGKD
[00:45:18] [318/459] EKCM
[00:45:19] [319/459] SDCX
[00:45:20] [320/459] SBTE
[00:45:20] [321/459] STKJ
[00:45:21] [322/459] TPCE
[00:45:22] [323/459] JTNP
[00:45:23] [324/459] LPCH
[00:45:24] [325/459] CPUO
[00:45:25] [326/459] APSU
[00:45:25] [327/459] RTHC
[00:45:26] [328/459] PTBU
[00:45:27] [329/459] CUCC
[00:45:28] [330/459] CPSA
[00:45:29] [331/459] SUAY
[00:45:30] [332/459] AYAA
[00:45:31] [333/459] MUCH
[00:45:31] [334/459] PCIN
[00:45:32] [335/459] JRRM
[00:45:33] [336/459] KATS
[00:45:34] [337/459] MHFF
[00:45:35] [338/459] ESYM
[00:45:36] [339/459] STYV
[00:45:36] [340/459] SDKG
[00:45:37] [341/459] SMTI
[00:45:38] [342/459] NYCS
[00:45:40] [343/459] MTBG
[00:45:40] [344/459] RHCA
[00:45:41] [345/459] PCKH
[00:45:42] [346/459] ARCR
[00:45:43] [347/459] NCMB
[00:45:44] [348/459] SHYC
[00:45:45] [349/459] LACK
[00:45:46] [350/459] MTCM
[00:45:47] [351/459] RRBN
[00:45:48] [352/459] MYDC
[00:45:49] [353/459] STCS
[00:45:50] [354/459] CONN
[00:45:51] [355/459] SIPS
[00:45:52] [356/459] SMMX
[00:45:52] [357/459] SCBY
[00:45:53] [358/459] SUAP
[00:45:54] [359/459] RSMK
[00:45:55] [360/459] STKP
[00:45:55] [361/459] CIPC
[00:45:56] [362/459] KKCI
[00:45:57] [363/459] CTNK
[00:45:58] [364/459] MMTZ
[00:45:59] [365/459] DCCO
[00:45:59] [366/459] VNMN
[00:46:00] [367/459] RLCN
[00:46:01] [368/459] CMMS
[00:46:02] [369/459] AYOU
[00:46:03] [370/459] SSCN
[00:46:04] [371/459] SMXN
[00:46:05] [372/459] ASSK
[00:46:05] [373/459] VCKM
[00:46:07] [374/459] PCPH
[00:46:08] [375/459] PADM
[00:46:09] [376/459] IESA
[00:46:10] [377/459] VCSP
[00:46:11] [378/459] AEST
[00:46:11] [379/459] VTNR
[00:46:12] [380/459] GTTA
[00:46:13] [381/459] CMMM
[00:46:14] [382/459] AHKT
[00:46:15] [383/459] SIJI
[00:46:16] [384/459] VCEI
[00:46:17] [385/459] SAKR
[00:46:18] [386/459] VSMT
[00:46:19] [387/459] SSCT
[00:46:20] [388/459] USTR
[00:46:21] [389/459] MTKT
[00:46:22] [390/459] TGMP
[00:46:22] [391/459] SIVC
[00:46:24] [392/459] KICT
[00:46:24] [393/459] DAMD
[00:46:25] [394/459] CNPT
[00:46:26] [395/459] RVTT
[00:46:27] [396/459] SNCM
[00:46:27] [397/459] GHTE
[00:46:28] [398/459] PPAM
[00:46:29] [399/459] PVAA
[00:46:30] [400/459] CPAO
[00:46:30] [401/459] HAMD
[00:46:31] [402/459] RCCA
[00:46:32] [403/459] MPCH
[00:46:33] [404/459] ARED
[00:46:34] [405/459] RRCV
[00:46:35] [406/459] MTRB
[00:46:35] [407/459] CKUA
[00:46:36] [408/459] ABMP
[00:46:37] [409/459] RCWA
[00:46:38] [410/459] CGAR
[00:46:39] [411/459] METH
[00:46:40] [412/459] WAGA
[00:46:41] [413/459] MCMA
[00:46:41] [414/459] CSMP
[00:46:43] [415/459] RCNK
[00:46:44] [416/459] PSTM
[00:46:45] [417/459] CSEP
[00:46:47] [418/459] AMGD
[00:46:48] [419/459] CSTE
[00:46:49] [420/459] CONS
[00:46:50] [421/459] APPX
[00:46:50] [422/459] MABC
[00:46:51] [423/459] CXST
[00:46:52] [424/459] MATN
[00:46:53] [425/459] MACZ
[00:46:53] [426/459] MASA
[00:46:54] [427/459] MBSX
[00:46:55] [428/459] CSST
[00:46:56] [429/459] APCL
[00:46:57] [430/459] CGOS
[00:46:59] [431/459] CPEC
[00:46:59] [432/459] MCCP
[00:47:00] [433/459] BSSO
[00:47:01] [434/459] SJKA
[00:47:02] [435/459] CGBO
[00:47:03] [436/459] MVSK
[00:47:04] [437/459] HVCA
[00:47:06] [438/459] NAMD
[00:47:07] [439/459] DEVI
[00:47:08] [440/459] SCSV
[00:47:09] [441/459] PSMA
[00:47:10] [442/459] CLDJ
[00:47:11] [443/459] NMAD
[00:47:12] [444/459] CGMO
[00:47:13] [445/459] MCNA
[00:47:14] [446/459] OCBN
[00:47:15] [447/459] CPEM
[00:47:15] [448/459] CPSM
[00:47:16] [449/459] RCAD
[00:47:17] [450/459] CPMU
[00:47:18] [451/459] DICD
[00:47:19] [452/459] CHOE
[00:47:20] [453/459] PDJM
[00:47:21] [454/459] SSTU
[00:47:22] [455/459] VNRN
[00:47:23] [456/459] PVLG
[00:47:23] [457/459] SWBL
[00:47:24] [458/459] SCAB
[00:47:26] [459/459] RDDA
[00:47:27] ✅ DONE | Shows=0 | Movies=0
[01:42:44] 🚀 BMS DAILY TRACKER STARTED
[01:42:44] [1/459] MCCZ
[01:42:44] 🧠 New identity
[01:42:46] [2/459] FRPU
[01:42:47] [3/459] SKSI
[01:42:48] [4/459] SSCK
[01:42:49] [5/459] SRDC
[01:42:50] [6/459] RSCZ
[01:42:51] [7/459] PRVT
[01:42:53] [8/459] GAGJ
[01:42:53] [9/459] SMHG
[01:42:54] [10/459] JTST
[01:42:55] [11/459] MYTH
[01:42:56] [12/459] JPCC
[01:42:57] [13/459] ACDC
[01:42:58] [14/459] SVFP
[01:42:59] [15/459] SFCM
[01:43:00] [16/459] RUPK
[01:43:01] [17/459] NTCR
[01:43:01] [18/459] RTCH
[01:43:02] [19/459] SCMH
[01:43:03] [20/459] SVYM
[01:43:04] [21/459] SPYM
[01:43:05] [22/459] SMMF
[01:43:06] [23/459] CLLB
[01:43:07] [24/459] FMCB
[01:43:08] [25/459] BBTC
[01:43:09] [26/459] NTHS
[01:43:10] [27/459] PKKJ
[01:43:11] [28/459] MTJA
[01:43:12] [29/459] PMSJ
[01:43:13] [30/459] JMJU
[01:43:13] [31/459] SRAD
[01:43:14] [32/459] MJMC
[01:43:15] [33/459] DFRM
[01:43:16] [34/459] PMRS
[01:43:17] [35/459] RKPP
[01:43:18] [36/459] BMBK
[01:43:18] [37/459] NEWS
[01:43:19] [38/459] SALB
[01:43:20] [39/459] SCPW
[01:43:21] [40/459] RAYL
[01:43:22] [41/459] CMGJ
[01:43:23] [42/459] JRCR
[01:43:24] [43/459] SRTB
[01:43:25] [44/459] ETPB
[01:43:26] [45/459] MXBN
[01:43:28] [46/459] TOPE
[01:43:28] [47/459] SNLJ
[01:43:29] [48/459] CDDP
[01:43:30] [49/459] APCX
[01:43:31] [50/459] TALP
[01:43:32] [51/459] RRMP
[01:43:33] [52/459] MAHB
[01:43:34] [53/459] MTKR
[01:43:35] [54/459] KSKL
[01:43:36] [55/459] RJLT
[01:43:36] [56/459] ATAS
[01:43:37] [57/459] AMHR
[01:43:38] [58/459] RSRM
[01:43:39] [59/459] GCAT
[01:43:40] [60/459] SMML
[01:43:41] [61/459] ACCD
[01:43:42] [62/459] VYDA
[01:43:43] [63/459] MSKT
[01:43:44] [64/459] AVDM
[01:43:45] [65/459] ASMH
[01:43:45] [66/459] VTMB
[01:43:46] [67/459] WVMB
[01:43:47] [68/459] PPMN
[01:43:48] [69/459] MTMD
[01:43:49] [70/459] SMMO
[01:43:50] [71/459] DLPB
[01:43:51] [72/459] AKMD
[01:43:52] [73/459] SHRR
[01:43:53] [74/459] ASCO
[01:43:53] [75/459] CZVX
[01:43:54] [76/459] GCBB
[01:43:55] [77/459] ATBM
[01:43:57] [78/459] TCGM
[01:43:58] [79/459] UMSE
[01:43:59] [80/459] NKCL
[01:43:59] [81/459] BTLR
[01:44:00] [82/459] GOCL
[01:44:01] [83/459] MIRN
[01:44:02] [84/459] THEC
[01:44:03] [85/459] SPPB
[01:44:03] [86/459] PMMM
[01:44:04] [87/459] GGMC
[01:44:05] [88/459] AVSR
[01:44:07] [89/459] RDMH
[01:44:07] [90/459] JSRS
[01:44:08] [91/459] VKGP
[01:44:09] [92/459] ACRT
[01:44:10] [93/459] GCBA
[01:44:11] [94/459] GTCP
[01:44:12] [95/459] AKFC
[01:44:12] [96/459] INCS
[01:44:13] [97/459] SMCK
[01:44:14] [98/459] BRUN
[01:44:15] [99/459] RPPC
[01:44:16] [100/459] PAYD
[01:44:17] [101/459] SVVT
[01:44:18] [102/459] RNCC
[01:44:19] [103/459] PCRC
[01:44:20] [104/459] PMRM
[01:44:21] [105/459] CCRP
[01:44:22] [106/459] INCR
[01:44:23] [107/459] ZTMP
[01:44:23] [108/459] MCNR
[01:44:24] [109/459] INRP
[01:44:26] [110/459] STRC
[01:44:27] [111/459] RATI
[01:44:27] [112/459] PBTR
[01:44:29] [113/459] CMHP
[01:44:30] [114/459] ZECJ
[01:44:31] [115/459] CCCB
[01:44:32] [116/459] BWCB
[01:44:33] [117/459] CCAT
[01:44:34] [118/459] KGCM
[01:44:34] [119/459] INPT
[01:44:35] [120/459] FNCO
[01:44:36] [121/459] SRMJ
[01:44:37] [122/459] PFSC
[01:44:38] [123/459] PBMC
[01:44:38] [124/459] KARP
[01:44:39] [125/459] KOVI
[01:44:40] [126/459] ACXL
[01:44:41] [127/459] GKCC
[01:44:42] [128/459] ASCC
[01:44:43] [129/459] SETC
[01:44:44] [130/459] KACC
[01:44:45] [131/459] KAVE
[01:44:46] [132/459] CNTC
[01:44:47] [133/459] MEEN
[01:44:48] [134/459] BMRV
[01:44:49] [135/459] SVAM
[01:44:50] [136/459] VTBP
[01:44:51] [137/459] VCKN
[01:44:52] [138/459] SGTK
[01:44:53] [139/459] RCGS
[01:44:53] [140/459] RCCB
[01:44:54] [141/459] RKSR
[01:44:55] [142/459] RKCU
[01:44:56] [143/459] GIBH
[01:44:57] [144/459] CXBS
[01:44:58] [145/459] GGCB
[01:44:58] [146/459] SCPB
[01:44:59] [147/459] AKTB
[01:45:00] [148/459] SRBU
[01:45:01] [149/459] CSSA
[01:45:02] [150/459] MYAN
[01:45:03] [151/459] EXCA
[01:45:04] [152/459] CKSA
[01:45:04] [153/459] JTNM
[01:45:05] [154/459] CXKT
[01:45:06] [155/459] NCLM
[01:45:07] [156/459] JAAD
[01:45:08] [157/459] RDCR
[01:45:09] [158/459] MEER
[01:45:10] [159/459] SIBT
[01:45:10] [160/459] PVVB
[01:45:11] [161/459] FNPN
[01:45:12] [162/459] CRPX
[01:45:13] [163/459] STET
[01:45:14] [164/459] METE
[01:45:14] [165/459] BJML
[01:45:15] [166/459] MAVT
[01:45:16] [167/459] MSRM
[01:45:17] [168/459] TJMP
[01:45:18] [169/459] MHCK
[01:45:19] [170/459] SVGP
[01:45:20] [171/459] KRRC
[01:45:21] [172/459] IMCH
[01:45:23] [173/459] CMCS
[01:45:23] [174/459] SGND
[01:45:24] [175/459] RNAT
[01:45:25] [176/459] PRTN
[01:45:26] [177/459] MPTN
[01:45:27] [178/459] ARCC
[01:45:28] [179/459] NTTE
[01:45:28] [180/459] ABND
[01:45:29] [181/459] KCSN
[01:45:30] [182/459] KCSA
[01:45:31] [183/459] DCKT
[01:45:32] [184/459] MBBR
[01:45:33] [185/459] RAMU
[01:45:34] [186/459] RACW
[01:45:35] [187/459] MCHP
[01:45:36] [188/459] TMHM
[01:45:36] [189/459] STXH
[01:45:37] [190/459] AGSG
[01:45:38] [191/459] SIRA
[01:45:39] [192/459] RCAN
[01:45:40] [193/459] CWTB
[01:45:40] [194/459] VTYM
[01:45:41] [195/459] RRPP
[01:45:42] [196/459] ASMR
[01:45:44] [197/459] RONO
[01:45:45] [198/459] MEMR
[01:45:46] [199/459] CTMR
[01:45:47] [200/459] PMTT
[01:45:48] [201/459] PSLX
[01:45:49] [202/459] IPPL
[01:45:49] [203/459] MMSG
[01:45:50] [204/459] INEL
[01:45:51] [205/459] COAC
[01:45:53] [206/459] WVLK
[01:45:53] [207/459] PPXL
[01:45:54] [208/459] PSML
[01:45:55] [209/459] FNLK
[01:45:56] [210/459] ILUM
[01:45:57] [211/459] ILCM
[01:45:58] [212/459] MSNL
[01:45:59] [213/459] VINB
[01:46:00] [214/459] SALW
[01:46:01] [215/459] PRTB
[01:46:02] [216/459] NCIL
[01:46:03] [217/459] PSUL
[01:46:03] [218/459] SCLK
[01:46:04] [219/459] ADDC
[01:46:05] [220/459] OACL
[01:46:06] [221/459] OOCF
[01:46:07] [222/459] GPMF
[01:46:08] [223/459] SSDG
[01:46:09] [224/459] SKRS
[01:46:09] [225/459] NTTP
[01:46:10] [226/459] SLTP
[01:46:11] [227/459] JTLC
[01:46:12] [228/459] POON
[01:46:13] [229/459] CCPC
[01:46:13] [230/459] DCKC
[01:46:15] [231/459] CPRT
[01:46:16] [232/459] EYHZ
[01:46:17] [233/459] ARBL
[01:46:18] [234/459] SBTB
[01:46:19] [235/459] MMCK
[01:46:20] [236/459] PLMR
[01:46:21] [237/459] BIJH
[01:46:21] [238/459] SDRT
[01:46:22] [239/459] PRDC
[01:46:23] [240/459] OMJA
[01:46:24] [241/459] VKCR
[01:46:25] [242/459] ATRT
[01:46:26] [243/459] WVRP
[01:46:27] [244/459] MVRP
[01:46:28] [245/459] FCAX
[01:46:29] [246/459] CTLC
[01:46:30] [247/459] JCHB
[01:46:31] [248/459] SELP
[01:46:32] [249/459] VCPG
[01:46:33] [250/459] ASCX
[01:46:34] [251/459] EOCS
[01:46:35] [252/459] RCPH
[01:46:36] [253/459] RJTM
[01:46:36] [254/459] SGMD
[01:46:37] [255/459] SVJT
[01:46:38] [256/459] SPPO
[01:46:39] [257/459] MNRL
[01:46:40] [258/459] KNOX
[01:46:41] [259/459] GIER
[01:46:41] [260/459] PJMS
[01:46:42] [261/459] UNSP
[01:46:43] [262/459] JETP
[01:46:44] [263/459] VTWA
[01:46:45] [264/459] SCJI
[01:46:45] [265/459] CBZZ
[01:46:46] [266/459] SDCJ
[01:46:47] [267/459] RRCC
[01:46:48] [268/459] VNKG
[01:46:49] [269/459] LKTO
[01:46:50] [270/459] PJRM
[01:46:50] [271/459] NVRM
[01:46:51] [272/459] SJCS
[01:46:52] [273/459] VIGK
[01:46:54] [274/459] ANST
[01:46:54] [275/459] JTTS
[01:46:55] [276/459] NTST
[01:46:56] [277/459] PREB
[01:46:57] [278/459] TSCZ
[01:46:58] [279/459] CDCM
[01:46:59] [280/459] ELYE
[01:47:00] [281/459] INBS
[01:47:01] [282/459] SMGC
[01:47:01] [283/459] UTMP
[01:47:03] [284/459] INTA
[01:47:04] [285/459] OMPT
[01:47:05] [286/459] SCIR
[01:47:05] [287/459] GCKJ
[01:47:06] [288/459] INOG
[01:47:07] [289/459] SMGB
[01:47:08] [290/459] MCSG
[01:47:09] [291/459] STKG
[01:47:10] [292/459] TTKG
[01:47:10] [293/459] SRTR
[01:47:11] [294/459] ETTR
[01:47:12] [295/459] GGGZ
[01:47:13] [296/459] IPGM
[01:47:14] [297/459] FCDH
[01:47:15] [298/459] DESB
[01:47:16] [299/459] VNTP
[01:47:16] [300/459] ANNT
[01:47:17] [301/459] SLTI
[01:47:18] [302/459] MAJU
[01:47:19] [303/459] JCXP
[01:47:19] [304/459] HARK
[01:47:20] [305/459] JPCJ
[01:47:21] [306/459] RXBD
[01:47:22] [307/459] PTKJ
[01:47:23] [308/459] CMTU
[01:47:23] [309/459] SWOR
[01:47:24] [310/459] JMEX
[01:47:25] [311/459] DTPT
[01:47:26] [312/459] VGMM
[01:47:26] [313/459] VCSG
[01:47:27] [314/459] CVCG
[01:47:28] [315/459] TNTT
[01:47:29] [316/459] SHRM
[01:47:30] [317/459] CGKD
[01:47:31] [318/459] EKCM
[01:47:31] [319/459] SDCX
[01:47:32] [320/459] SBTE
[01:47:33] [321/459] STKJ
[01:47:34] [322/459] TPCE
[01:47:35] [323/459] JTNP
[01:47:36] [324/459] LPCH
[01:47:37] [325/459] CPUO
[01:47:37] [326/459] APSU
[01:47:38] [327/459] RTHC
[01:47:39] [328/459] PTBU
[01:47:40] [329/459] CUCC
[01:47:41] [330/459] CPSA
[01:47:42] [331/459] SUAY
[01:47:43] [332/459] AYAA
[01:47:44] [333/459] MUCH
[01:47:45] [334/459] PCIN
[01:47:46] [335/459] JRRM
[01:47:46] [336/459] KATS
[01:47:47] [337/459] MHFF
[01:47:48] [338/459] ESYM
[01:47:49] [339/459] STYV
[01:47:50] [340/459] SDKG
[01:47:51] [341/459] SMTI
[01:47:52] [342/459] NYCS
[01:47:53] [343/459] MTBG
[01:47:54] [344/459] RHCA
[01:47:55] [345/459] PCKH
[01:47:56] [346/459] ARCR
[01:47:57] [347/459] NCMB
[01:47:58] [348/459] SHYC
[01:47:59] [349/459] LACK
[01:48:00] [350/459] MTCM
[01:48:01] [351/459] RRBN
[01:48:01] [352/459] MYDC
[01:48:02] [353/459] STCS
[01:48:03] [354/459] CONN
[01:48:04] [355/459] SIPS
[01:48:05] [356/459] SMMX
[01:48:06] [357/459] SCBY
[01:48:07] [358/459] SUAP
[01:48:08] [359/459] RSMK
[01:48:08] [360/459] STKP
[01:48:10] [361/459] CIPC
[01:48:10] [362/459] KKCI
[01:48:11] [363/459] CTNK
[01:48:12] [364/459] MMTZ
[01:48:13] [365/459] DCCO
[01:48:14] [366/459] VNMN
[01:48:15] [367/459] RLCN
[01:48:16] [368/459] CMMS
[01:48:17] [369/459] AYOU
[01:48:18] [370/459] SSCN
[01:48:18] [371/459] SMXN
[01:48:19] [372/459] ASSK
[01:48:20] [373/459] VCKM
[01:48:21] [374/459] PCPH
[01:48:21] [375/459] PADM
[01:48:23] [376/459] IESA
[01:48:23] [377/459] VCSP
[01:48:24] [378/459] AEST
[01:48:25] [379/459] VTNR
[01:48:26] [380/459] GTTA
[01:48:27] [381/459] CMMM
[01:48:28] [382/459] AHKT
[01:48:28] [383/459] SIJI
[01:48:29] [384/459] VCEI
[01:48:30] [385/459] SAKR
[01:48:31] [386/459] VSMT
[01:48:32] [387/459] SSCT
[01:48:33] [388/459] USTR
[01:48:34] [389/459] MTKT
[01:48:35] [390/459] TGMP
[01:48:36] [391/459] SIVC
[01:48:36] [392/459] KICT
[01:48:37] [393/459] DAMD
[01:48:38] [394/459] CNPT
[01:48:39] [395/459] RVTT
[01:48:39] [396/459] SNCM
[01:48:40] [397/459] GHTE
[01:48:41] [398/459] PPAM
[01:48:42] [399/459] PVAA
[01:48:43] [400/459] CPAO
[01:48:44] [401/459] HAMD
[01:48:45] [402/459] RCCA
[01:48:45] [403/459] MPCH
[01:48:46] [404/459] ARED
[01:48:47] [405/459] RRCV
[01:48:47] [406/459] MTRB
[01:48:48] [407/459] CKUA
[01:48:49] [408/459] ABMP
[01:48:50] [409/459] RCWA
[01:48:51] [410/459] CGAR
[01:48:51] [411/459] METH
[01:48:52] [412/459] WAGA
[01:48:53] [413/459] MCMA
[01:48:54] [414/459] CSMP
[01:48:54] [415/459] RCNK
[01:48:55] [416/459] PSTM
[01:48:56] [417/459] CSEP
[01:48:57] [418/459] AMGD
[01:48:58] [419/459] CSTE
[01:48:59] [420/459] CONS
[01:49:00] [421/459] APPX
[01:49:01] [422/459] MABC
[01:49:01] [423/459] CXST
[01:49:02] [424/459] MATN
[01:49:03] [425/459] MACZ
[01:49:04] [426/459] MASA
[01:49:05] [427/459] MBSX
[01:49:05] [428/459] CSST
[01:49:06] [429/459] APCL
[01:49:07] [430/459] CGOS
[01:49:08] [431/459] CPEC
[01:49:09] [432/459] MCCP
[01:49:10] [433/459] BSSO
[01:49:11] [434/459] SJKA
[01:49:11] [435/459] CGBO
[01:49:12] [436/459] MVSK
[01:49:13] [437/459] HVCA
[01:49:14] [438/459] NAMD
[01:49:14] [439/459] DEVI
[01:49:15] [440/459] SCSV
[01:49:17] [441/459] PSMA
[01:49:18] [442/459] CLDJ
[01:49:19] [443/459] NMAD
[01:49:19] [444/459] CGMO
[01:49:20] [445/459] MCNA
[01:49:21] [446/459] OCBN
[01:49:22] [447/459] CPEM
[01:49:23] [448/459] CPSM
[01:49:24] [449/459] RCAD
[01:49:25] [450/459] CPMU
[01:49:26] [451/459] DICD
[01:49:26] [452/459] CHOE
[01:49:27] [453/459] PDJM
[01:49:28] [454/459] SSTU
[01:49:28] [455/459] VNRN
[01:49:29] [456/459] PVLG
[01:49:30] [457/459] SWBL
[01:49:31] [458/459] SCAB
[01:49:32] [459/459] RDDA
[01:49:32] ✅ DONE | Shows=0 | Movies=0
