[00:40:33] 🚀 BMS DAILY TRACKER STARTED
[00:40:33] [1/459] FNDB
[00:40:33] 🧠 New identity
[00:40:34] [2/459] AMBH
[00:40:35] [3/459] PRHN
[00:40:36] [4/459] ACPM
[00:40:37] [5/459] PVFS
[00:40:38] [6/459] AACN
[00:40:39] [7/459] ACAS
[00:40:40] [8/459] CTNR
[00:40:41] [9/459] MMAH
[00:40:41] [10/459] CPMH
[00:40:42] [11/459] IGMH
[00:40:43] [12/459] ABCS
[00:40:44] [13/459] CMMA
[00:40:45] [14/459] GPRH
[00:40:46] [15/459] PNNG
[00:40:47] [16/459] AMCA
[00:40:47] [17/459] ISTN
[00:40:48] [18/459] PIIC
[00:40:49] [19/459] AHMH
[00:40:50] [20/459] ASHN
[00:40:51] [21/459] INHY
[00:40:52] [22/459] SRMO
[00:40:53] [23/459] PIMH
[00:40:54] [24/459] PVTS
[00:40:55] [25/459] MMCA
[00:40:57] [26/459] AKYJ
[00:40:58] [27/459] BRKH
[00:40:58] [28/459] MAHM
[00:40:59] [29/459] CPHY
[00:41:00] [30/459] PVTP
[00:41:01] [31/459] SMMR
[00:41:02] [32/459] PVHM
[00:41:03] [33/459] SNDY
[00:41:04] [34/459] GOKU
[00:41:04] [35/459] ACEV
[00:41:05] [36/459] PVUM
[00:41:06] [37/459] VSWA
[00:41:08] [38/459] IPRS
[00:41:08] [39/459] ASGN
[00:41:09] [40/459] BKMV
[00:41:10] [41/459] PVYH
[00:41:11] [42/459] INKM
[00:41:12] [43/459] ARJU
[00:41:13] [44/459] JJPP
[00:41:14] [45/459] SSRM
[00:41:15] [46/459] HMHD
[00:41:16] [47/459] SNKH
[00:41:17] [48/459] ACHI
[00:41:17] [49/459] MRAA
[00:41:18] [50/459] INMH
[00:41:19] [51/459] ARMH
[00:41:19] [52/459] DVRR
[00:41:21] [53/459] SUDA
[00:41:21] [54/459] MCSS
[00:41:22] [55/459] VRKC
[00:41:23] [56/459] PRCX
[00:41:24] [57/459] ASJY
[00:41:25] [58/459] MTHY
[00:41:26] [59/459] SRCM
[00:41:26] [60/459] TVHY
[00:41:27] [61/459] STHD
[00:41:28] [62/459] CPCL
[00:41:29] [63/459] PSMJ
[00:41:30] [64/459] MRGT
[00:41:31] [65/459] ARYH
[00:41:32] [66/459] VTRB
[00:41:32] [67/459] SCHC
[00:41:33] [68/459] MRRG
[00:41:34] [69/459] SPCB
[00:41:36] [70/459] AMCM
[00:41:36] [71/459] IVNM
[00:41:37] [72/459] TRHY
[00:41:38] [73/459] PTTH
[00:41:39] [74/459] RKMH
[00:41:40] [75/459] PRCS
[00:41:41] [76/459] VAJA
[00:41:42] [77/459] BJNG
[00:41:43] [78/459] SCVM
[00:41:44] [79/459] GNHB
[00:41:44] [80/459] TLUR
[00:41:46] [81/459] UKCC
[00:41:47] [82/459] SRKR
[00:41:48] [83/459] RMKN
[00:41:49] [84/459] SLRT
[00:41:49] [85/459] LKMT
[00:41:50] [86/459] SSRJ
[00:41:51] [87/459] SPHT
[00:41:52] [88/459] ANTT
[00:41:53] [89/459] SRCH
[00:41:54] [90/459] SRCA
[00:41:55] [91/459] ARTH
[00:41:55] [92/459] MCBH
[00:41:56] [93/459] SNIB
[00:41:57] [94/459] SART
[00:41:58] [95/459] SKTA
[00:41:58] [96/459] YAKT
[00:41:59] [97/459] MLCK
[00:42:00] [98/459] ANTS
[00:42:01] [99/459] DGCA
[00:42:03] [100/459] SGMP
[00:42:03] [101/459] ASWN
[00:42:04] [102/459] KFVU
[00:42:05] [103/459] POOR
[00:42:06] [104/459] GKDN
[00:42:07] [105/459] EOSE
[00:42:08] [106/459] GTTT
[00:42:09] [107/459] ARRO
[00:42:09] [108/459] CMMK
[00:42:10] [109/459] MSCN
[00:42:11] [110/459] GDKH
[00:42:12] [111/459] DLMT
[00:42:13] [112/459] PVMF
[00:42:14] [113/459] CPCK
[00:42:15] [114/459] VMHE
[00:42:15] [115/459] PVLC
[00:42:16] [116/459] PCVB
[00:42:17] [117/459] SNYK
[00:42:18] [118/459] KTEK
[00:42:19] [119/459] PCNM
[00:42:20] [120/459] NTTR
[00:42:21] [121/459] CPSK
[00:42:22] [122/459] JMMA
[00:42:23] [123/459] GCFK
[00:42:24] [124/459] MYCA
[00:42:25] [125/459] KSNP
[00:42:25] [126/459] PMCE
[00:42:26] [127/459] SCKI
[00:42:28] [128/459] FSMA
[00:42:29] [129/459] CETA
[00:42:29] [130/459] MCIK
[00:42:30] [131/459] MYCR
[00:42:31] [132/459] EVMP
[00:42:32] [133/459] SSGT
[00:42:33] [134/459] KCTK
[00:42:33] [135/459] ZTKC
[00:42:34] [136/459] MMTA
[00:42:35] [137/459] MAJT
[00:42:36] [138/459] ACPK
[00:42:37] [139/459] JMAX
[00:42:38] [140/459] SETK
[00:42:38] [141/459] CAIS
[00:42:39] [142/459] AGCD
[00:42:40] [143/459] URCL
[00:42:40] [144/459] VTDS
[00:42:41] [145/459] JCNM
[00:42:43] [146/459] KCAM
[00:42:44] [147/459] ADCU
[00:42:45] [148/459] GXYN
[00:42:46] [149/459] SMJG
[00:42:46] [150/459] EYCJ
[00:42:47] [151/459] CCEJ
[00:42:48] [152/459] MARS
[00:42:49] [153/459] CPVJ
[00:42:50] [154/459] INVP
[00:42:51] [155/459] CPOV
[00:42:51] [156/459] VIJK
[00:42:53] [157/459] LAIM
[00:42:53] [158/459] STHV
[00:42:54] [159/459] SVLJ
[00:42:55] [160/459] ATVJ
[00:42:56] [161/459] JTSC
[00:42:56] [162/459] RMTV
[00:42:57] [163/459] MGGG
[00:42:58] [164/459] SWTH
[00:42:59] [165/459] INVJ
[00:42:59] [166/459] PRSV
[00:43:00] [167/459] JATV
[00:43:01] [168/459] RCVD
[00:43:02] [169/459] BDMA
[00:43:02] [170/459] BLJI
[00:43:03] [171/459] SWOT
[00:43:04] [172/459] SWRN
[00:43:05] [173/459] TVRA
[00:43:06] [174/459] VCSV
[00:43:06] [175/459] NVRN
[00:43:07] [176/459] SIKC
[00:43:08] [177/459] VAKR
[00:43:09] [178/459] SYLN
[00:43:10] [179/459] KLJL
[00:43:10] [180/459] LKMY
[00:43:11] [181/459] VSLY
[00:43:12] [182/459] CIKO
[00:43:13] [183/459] GPBG
[00:43:14] [184/459] CECM
[00:43:15] [185/459] SLKB
[00:43:15] [186/459] MTBO
[00:43:16] [187/459] SSHB
[00:43:17] [188/459] VPCS
[00:43:19] [189/459] RCSR
[00:43:19] [190/459] RJRM
[00:43:20] [191/459] KPPB
[00:43:21] [192/459] SEDC
[00:43:22] [193/459] SCAI
[00:43:23] [194/459] RMTR
[00:43:25] [195/459] ASST
[00:43:26] [196/459] GCAK
[00:43:27] [197/459] ANNK
[00:43:28] [198/459] KDDF
[00:43:29] [199/459] NRDP
[00:43:31] [200/459] PLAK
[00:43:32] [201/459] GCMC
[00:43:32] [202/459] ALPY
[00:43:33] [203/459] SICE
[00:43:34] [204/459] SISR
[00:43:35] [205/459] SRPZ
[00:43:36] [206/459] SRSW
[00:43:37] [207/459] SUYA
[00:43:38] [208/459] AMMT
[00:43:38] [209/459] BHCU
[00:43:39] [210/459] KLPA
[00:43:40] [211/459] NVKH
[00:43:41] [212/459] JMRC
[00:43:42] [213/459] KTTT
[00:43:42] [214/459] MAGH
[00:43:43] [215/459] MMMX
[00:43:44] [216/459] SALJ
[00:43:45] [217/459] GTJA
[00:43:46] [218/459] MAHT
[00:43:48] [219/459] SSNN
[00:43:48] [220/459] ARRP
[00:43:50] [221/459] ATNS
[00:43:50] [222/459] SKDT
[00:43:51] [223/459] ACAT
[00:43:53] [224/459] APRC
[00:43:53] [225/459] SWAG
[00:43:54] [226/459] SDPT
[00:43:55] [227/459] STPS
[00:43:56] [228/459] WWCZ
[00:43:57] [229/459] LLCH
[00:43:58] [230/459] MZHA
[00:43:59] [231/459] CRJG
[00:44:00] [232/459] JGTK
[00:44:01] [233/459] KCSR
[00:44:02] [234/459] CHTL
[00:44:03] [235/459] EDSR
[00:44:04] [236/459] CSWO
[00:44:04] [237/459] CPVM
[00:44:05] [238/459] MXBY
[00:44:06] [239/459] FMMA
[00:44:07] [240/459] POVI
[00:44:08] [241/459] MTHB
[00:44:09] [242/459] INRC
[00:44:10] [243/459] PIPP
[00:44:11] [244/459] BMXC
[00:44:12] [245/459] PCMM
[00:44:13] [246/459] PMKM
[00:44:14] [247/459] GATY
[00:44:14] [248/459] IMCM
[00:44:16] [249/459] POPE
[00:44:17] [250/459] MTCR
[00:44:18] [251/459] PVAE
[00:44:18] [252/459] PVMI
[00:44:19] [253/459] CPNM
[00:44:20] [254/459] FMRL
[00:44:22] [255/459] MCIW
[00:44:22] [256/459] MXBO
[00:44:23] [257/459] FMKY
[00:44:24] [258/459] FMDA
[00:44:26] [259/459] THAB
[00:44:27] [260/459] PRCW
[00:44:27] [261/459] PITI
[00:44:28] [262/459] MCFF
[00:44:29] [263/459] PDDV
[00:44:30] [264/459] MCRM
[00:44:31] [265/459] KKMB
[00:44:32] [266/459] INKO
[00:44:33] [267/459] PLXP
[00:44:34] [268/459] MMHA
[00:44:35] [269/459] FMVS
[00:44:36] [270/459] POLM
[00:44:36] [271/459] STER
[00:44:37] [272/459] PVWJ
[00:44:39] [273/459] IMJW
[00:44:40] [274/459] FNAN
[00:44:40] [275/459] CAGL
[00:44:41] [276/459] IPBG
[00:44:42] [277/459] SMFV
[00:44:43] [278/459] MMMR
[00:44:44] [279/459] MMWM
[00:44:45] [280/459] FNCM
[00:44:46] [281/459] MDVA
[00:44:47] [282/459] MMET
[00:44:48] [283/459] MIDO
[00:44:49] [284/459] INNP
[00:44:50] [285/459] MIFU
[00:44:51] [286/459] MMSZ
[00:44:51] [287/459] BMXA
[00:44:52] [288/459] MCAA
[00:44:53] [289/459] SCVP
[00:44:54] [290/459] PLUS
[00:44:54] [291/459] MUCK
[00:44:55] [292/459] MTMA
[00:44:57] [293/459] HPVR
[00:44:58] [294/459] PMPK
[00:44:59] [295/459] MAJB
[00:45:00] [296/459] CTRR
[00:45:01] [297/459] MCTG
[00:45:01] [298/459] MACE
[00:45:03] [299/459] AAAS
[00:45:03] [300/459] CPVV
[00:45:04] [301/459] RCHG
[00:45:05] [302/459] MCNE
[00:45:06] [303/459] EMNC
[00:45:06] [304/459] MCAN
[00:45:07] [305/459] TCDM
[00:45:08] [306/459] IRGT
[00:45:09] [307/459] GCMG
[00:45:10] [308/459] MXSN
[00:45:11] [309/459] MXCK
[00:45:12] [310/459] MCRC
[00:45:13] [311/459] RSMI
[00:45:14] [312/459] WAML
[00:45:14] [313/459] MTSC
[00:45:15] [314/459] FMDR
[00:45:16] [315/459] LEPV
[00:45:17] [316/459] MTGD
[00:45:18] [317/459] IMOB
[00:45:19] [318/459] CLMM
[00:45:19] [319/459] PZCD
[00:45:20] [320/459] GOCS
[00:45:21] [321/459] KCMA
[00:45:22] [322/459] CCMP
[00:45:23] [323/459] MTSU
[00:45:24] [324/459] SNGL
[00:45:25] [325/459] MMMC
[00:45:27] [326/459] MMAA
[00:45:27] [327/459] GCDM
[00:45:29] [328/459] KTMV
[00:45:31] [329/459] AETE
[00:45:32] [330/459] OMCS
[00:45:32] [331/459] GDCD
[00:45:33] [332/459] NYMD
[00:45:34] [333/459] RNCV
[00:45:35] [334/459] KKMT
[00:45:36] [335/459] GDTH
[00:45:37] [336/459] KMMV
[00:45:37] [337/459] NHCG
[00:45:38] [338/459] PJDW
[00:45:39] [339/459] MMCV
[00:45:40] [340/459] FQSA
[00:45:41] [341/459] KURL
[00:45:42] [342/459] NNNX
[00:45:43] [343/459] AMAU
[00:45:44] [344/459] VVVM
[00:45:44] [345/459] VECU
[00:45:45] [346/459] WCVR
[00:45:46] [347/459] MTGG
[00:45:47] [348/459] SGTG
[00:45:48] [349/459] MNTG
[00:45:49] [350/459] JDDG
[00:45:50] [351/459] MBTK
[00:45:51] [352/459] SGCD
[00:45:52] [353/459] MCTC
[00:45:52] [354/459] JTPC
[00:45:53] [355/459] SDKT
[00:45:54] [356/459] KRCC
[00:45:55] [357/459] RMMD
[00:45:56] [358/459] AAME
[00:45:57] [359/459] TMWC
[00:45:58] [360/459] NRWY
[00:45:58] [361/459] CITD
[00:45:59] [362/459] VERD
[00:46:00] [363/459] MKSK
[00:46:01] [364/459] STSM
[00:46:02] [365/459] MJDG
[00:46:03] [366/459] RKPM
[00:46:04] [367/459] SSCE
[00:46:05] [368/459] VMAE
[00:46:06] [369/459] SBRU
[00:46:07] [370/459] AMBC
[00:46:07] [371/459] AMLU
[00:46:08] [372/459] INVZ
[00:46:09] [373/459] LGTV
[00:46:10] [374/459] SVAD
[00:46:11] [375/459] SMSA
[00:46:12] [376/459] SPCZ
[00:46:13] [377/459] GTCX
[00:46:14] [378/459] SCSL
[00:46:15] [379/459] SAHU
[00:46:15] [380/459] NCDA
[00:46:17] [381/459] SCCG
[00:46:18] [382/459] VKTL
[00:46:18] [383/459] PUUJ
[00:46:20] [384/459] STEJ
[00:46:21] [385/459] RJAL
[00:46:22] [386/459] ACJC
[00:46:23] [387/459] VTHC
[00:46:24] [388/459] ARVB
[00:46:25] [389/459] AUBB
[00:46:26] [390/459] GDBR
[00:46:27] [391/459] PVND
[00:46:28] [392/459] BGRJ
[00:46:29] [393/459] RJMM
[00:46:30] [394/459] MCSA
[00:46:31] [395/459] BODA
[00:46:31] [396/459] JAGG
[00:46:32] [397/459] SCGA
[00:46:33] [398/459] LRCM
[00:46:34] [399/459] CPCN
[00:46:35] [400/459] SSTF
[00:46:36] [401/459] SRXP
[00:46:36] [402/459] CNFX
[00:46:37] [403/459] ANDI
[00:46:38] [404/459] SYEW
[00:46:39] [405/459] RCRE
[00:46:40] [406/459] SCRW
[00:46:40] [407/459] MBKR
[00:46:41] [408/459] ASNT
[00:46:42] [409/459] JTMT
[00:46:43] [410/459] SHAY
[00:46:44] [411/459] VRTH
[00:46:44] [412/459] SPTI
[00:46:46] [413/459] DPTD
[00:46:47] [414/459] TGSN
[00:46:47] [415/459] RCWV
[00:46:49] [416/459] OCUR
[00:46:50] [417/459] KSTC
[00:46:50] [418/459] SANI
[00:46:51] [419/459] MLCA
[00:46:52] [420/459] EGCA
[00:46:53] [421/459] SYSN
[00:46:54] [422/459] PKTA
[00:46:55] [423/459] PRCC
[00:46:56] [424/459] KSTR
[00:46:57] [425/459] SNTP
[00:46:58] [426/459] RCHA
[00:46:59] [427/459] SEEA
[00:46:59] [428/459] ALAT
[00:47:01] [429/459] AATV
[00:47:02] [430/459] RJTE
[00:47:03] [431/459] AAPP
[00:47:04] [432/459] PMMH
[00:47:05] [433/459] INRJ
[00:47:05] [434/459] SARB
[00:47:06] [435/459] PCJL
[00:47:07] [436/459] PFJJ
[00:47:08] [437/459] GRDC
[00:47:08] [438/459] BCBA
[00:47:09] [439/459] VIXL
[00:47:10] [440/459] CSTL
[00:47:11] [441/459] MTDK
[00:47:12] [442/459] TDAC
[00:47:13] [443/459] GTDN
[00:47:13] [444/459] TTDE
[00:47:14] [445/459] ASTS
[00:47:15] [446/459] CPNS
[00:47:16] [447/459] PVVW
[00:47:17] [448/459] USEB
[00:47:18] [449/459] DTYN
[00:47:19] [450/459] PVLE
[00:47:21] [451/459] CIPS
[00:47:21] [452/459] PAEG
[00:47:22] [453/459] PTCW
[00:47:23] [454/459] G3SR
[00:47:24] [455/459] PGND
[00:47:25] [456/459] INVM
[00:47:26] [457/459] SPIA
[00:47:27] [458/459] PCSN
[00:47:27] [459/459] PPGV
[00:47:28] ✅ DONE | Shows=0 | Movies=0
