[10:02:04] 🚀 SCRIPT STARTED
[10:02:04] [1/445] TGMR
[10:02:04] 🧠 New identity created
[10:02:05] [2/445] CXKR
[10:02:07] [3/445] SROP
[10:02:07] [4/445] GTSV
[10:02:08] [5/445] SNTY
[10:02:09] [6/445] SMYY
[10:02:10] [7/445] CNCS
[10:02:11] [8/445] CSTM
[10:02:12] [9/445] NUCD
[10:02:13] [10/445] SHCZ
[10:02:13] [11/445] NJCT
[10:02:14] [12/445] COPC
[10:02:15] [13/445] STVV
[10:02:16] [14/445] SKRN
[10:02:17] [15/445] APPZ
[10:02:17] [16/445] YMGN
[10:02:18] [17/445] SVTU
[10:02:19] [18/445] GTAD
[10:02:20] [19/445] PSUS
[10:02:21] [20/445] SMCD
[10:02:22] [21/445] CMCM
[10:02:22] [22/445] SYCT
[10:02:23] [23/445] STLY
[10:02:24] [24/445] CMHU
[10:02:25] [25/445] CMSA
[10:02:26] [26/445] CLCU
[10:02:27] [27/445] PPNT
[10:02:28] [28/445] JTAB
[10:02:29] [29/445] BUUC
[10:02:30] [30/445] BSVK
[10:02:32] [31/445] VVVQ
[10:02:33] [32/445] TKMU
[10:02:34] [33/445] ESYL
[10:02:35] [34/445] ACHP
[10:02:36] [35/445] BTKD
[10:02:37] [36/445] DESA
[10:02:38] [37/445] GBCT
[10:02:39] [38/445] BLLD
[10:02:40] [39/445] SKNT
[10:02:41] [40/445] SSTE
[10:02:41] [41/445] VJMR
[10:02:42] [42/445] NTPU
[10:02:43] [43/445] RDKN
[10:02:44] [44/445] ADGC
[10:02:45] [45/445] VRBP
[10:02:46] [46/445] NMNA
[10:02:46] [47/445] CMMX
[10:02:47] [48/445] PTKO
[10:02:48] [49/445] RBML
[10:02:49] [50/445] SAIC
[10:02:50] [51/445] SVTJ
[10:02:51] [52/445] MRTE
[10:02:51] [53/445] RBTP
[10:02:52] [54/445] NLPS
[10:02:53] [55/445] GTNA
[10:02:55] [56/445] DGGC
[10:02:56] [57/445] SMCR
[10:02:56] [58/445] SCGD
[10:02:57] [59/445] SRRJ
[10:02:58] [60/445] CNRY
[10:02:59] [61/445] KTDI
[10:02:59] [62/445] SNJL
[10:03:00] [63/445] RKMD
[10:03:01] [64/445] SMDC
[10:03:03] [65/445] TADG
[10:03:04] [66/445] MCGS
[10:03:05] [67/445] PETK
[10:03:06] [68/445] CHAG
[10:03:07] [69/445] KSTL
[10:03:08] [70/445] AADS
[10:03:08] [71/445] NTHZ
[10:03:09] [72/445] HCKI
[10:03:10] [73/445] SSEF
[10:03:11] [74/445] MCGX
[10:03:12] [75/445] ERRA
[10:03:13] [76/445] SDTW
[10:03:14] [77/445] RMPK
[10:03:14] [78/445] PTHK
[10:03:16] [79/445] PXCS
[10:03:17] [80/445] SVLU
[10:03:17] [81/445] STAH
[10:03:18] [82/445] JRGF
[10:03:19] [83/445] CDOK
[10:03:19] [84/445] CMSG
[10:03:20] [85/445] APTD
[10:03:21] [86/445] KMPG
[10:03:22] [87/445] MUTJ
[10:03:22] [88/445] VCCI
[10:03:23] [89/445] URBE
[10:03:24] [90/445] TCTS
[10:03:25] [91/445] STSN
[10:03:26] [92/445] AKCH
[10:03:27] [93/445] APSC
[10:03:28] [94/445] VLTB
[10:03:30] [95/445] SANU
[10:03:31] [96/445] AXAM
[10:03:31] [97/445] MGMG
[10:03:32] [98/445] HTBY
[10:03:33] [99/445] MMZS
[10:03:33] [100/445] SUDR
[10:03:34] [101/445] CCAD
[10:03:35] [102/445] SKKC
[10:03:37] [103/445] RMCD
[10:03:37] [104/445] SBCQ
[10:03:38] [105/445] DCCT
[10:03:40] [106/445] VTKP
[10:03:40] [107/445] MLAM
[10:03:41] [108/445] SAVT
[10:03:42] [109/445] GEPL
[10:03:43] [110/445] AMCD
[10:03:44] [111/445] CCXR
[10:03:45] [112/445] GRNG
[10:03:45] [113/445] EBCA
[10:03:46] [114/445] CNVG
[10:03:47] [115/445] MWSS
[10:03:48] [116/445] VBOR
[10:03:49] [117/445] NEEB
[10:03:49] [118/445] SUTH
[10:03:50] [119/445] ANDB
[10:03:51] [120/445] MMXS
[10:03:51] [121/445] CNPD
[10:03:52] [122/445] SDCE
[10:03:53] [123/445] DHCB
[10:03:54] [124/445] ODEN
[10:03:55] [125/445] TNTC
[10:03:56] [126/445] VBKM
[10:03:57] [127/445] RZYM
[10:03:57] [128/445] JEMC
[10:03:58] [129/445] CMAU
[10:03:59] [130/445] SIVP
[10:04:00] [131/445] ATAG
[10:04:01] [132/445] CHTM
[10:04:01] [133/445] AAEE
[10:04:03] [134/445] IWPM
[10:04:03] [135/445] KCMW
[10:04:04] [136/445] MCTD
[10:04:05] [137/445] SPWR
[10:04:06] [138/445] SDPO
[10:04:07] [139/445] PCSK
[10:04:07] [140/445] ACHV
[10:04:08] [141/445] SVLA
[10:04:09] [142/445] PICT
[10:04:10] [143/445] BXDR
[10:04:11] [144/445] SPWA
[10:04:12] [145/445] MCKO
[10:04:13] [146/445] RTHK
[10:04:14] [147/445] CCMF
[10:04:14] [148/445] MRGB
[10:04:15] [149/445] CPLC
[10:04:16] [150/445] RACD
[10:04:17] [151/445] ATKT
[10:04:18] [152/445] SARN
[10:04:19] [153/445] KKUI
[10:04:20] [154/445] RGCM
[10:04:21] [155/445] BRVP
[10:04:22] [156/445] HRSR
[10:04:22] [157/445] GKGM
[10:04:23] [158/445] TTCD
[10:04:24] [159/445] PTTI
[10:04:25] [160/445] MPTT
[10:04:25] [161/445] CVTT
[10:04:26] [162/445] PCXD
[10:04:27] [163/445] GCDC
[10:04:27] [164/445] CCCF
[10:04:28] [165/445] MRAD
[10:04:29] [166/445] CPLK
[10:04:30] [167/445] SATB
[10:04:31] [168/445] SNVG
[10:04:32] [169/445] JMBA
[10:04:32] [170/445] TEJA
[10:04:33] [171/445] STYO
[10:04:35] [172/445] JTBP
[10:04:35] [173/445] KRGD
[10:04:36] [174/445] SLJJ
[10:04:37] [175/445] SPTJ
[10:04:38] [176/445] SWJG
[10:04:38] [177/445] LKRT
[10:04:39] [178/445] KCKA
[10:04:40] [179/445] SNCR
[10:04:41] [180/445] SMKL
[10:04:43] [181/445] GCFA
[10:04:43] [182/445] DDCK
[10:04:44] [183/445] NCHJ
[10:04:44] [184/445] RDMA
[10:04:45] [185/445] SVSV
[10:04:47] [186/445] SCJG
[10:04:47] [187/445] VKLP
[10:04:48] [188/445] NWCC
[10:04:49] [189/445] VKNS
[10:04:49] [190/445] SDDP
[10:04:50] [191/445] ACSI
[10:04:51] [192/445] SATG
[10:04:52] [193/445] SCMW
[10:04:53] [194/445] LKTK
[10:04:54] [195/445] VCKV
[10:04:55] [196/445] KKPE
[10:04:56] [197/445] KIGH
[10:04:56] [198/445] SRPM
[10:04:57] [199/445] SCAH
[10:04:58] [200/445] MUTA
[10:04:59] [201/445] SEPU
[10:05:00] [202/445] INOA
[10:05:01] [203/445] BASK
[10:05:01] [204/445] NECB
[10:05:03] [205/445] GTTG
[10:05:04] [206/445] ASSA
[10:05:05] [207/445] ANCL
[10:05:05] [208/445] GCTI
[10:05:06] [209/445] RCTS
[10:05:07] [210/445] ACNL
[10:05:08] [211/445] MYCT
[10:05:10] [212/445] NMHT
[10:05:10] [213/445] MDIT
[10:05:11] [214/445] LATG
[10:05:12] [215/445] SMTY
[10:05:13] [216/445] CVCT
[10:05:14] [217/445] RAMB
[10:05:15] [218/445] TGMS
[10:05:16] [219/445] BHEL
[10:05:18] [220/445] SHCT
[10:05:18] [221/445] SVCT
[10:05:19] [222/445] MRIY
[10:05:19] [223/445] SARO
[10:05:20] [224/445] STCT
[10:05:21] [225/445] JKKC
[10:05:21] [226/445] PLTT
[10:05:22] [227/445] SRNT
[10:05:23] [228/445] YAST
[10:05:24] [229/445] PERL
[10:05:25] [230/445] CICM
[10:05:26] [231/445] MMTR
[10:05:27] [232/445] ABTK
[10:05:28] [233/445] ATYY
[10:05:29] [234/445] ASTK
[10:05:30] [235/445] VVCK
[10:05:31] [236/445] ATKY
[10:05:32] [237/445] GWEK
[10:05:33] [238/445] SVFH
[10:05:34] [239/445] SLTA
[10:05:34] [240/445] AASH
[10:05:35] [241/445] ACXB
[10:05:36] [242/445] SMTX
[10:05:37] [243/445] AZDH
[10:05:38] [244/445] CMMH
[10:05:40] [245/445] SCSZ
[10:05:40] [246/445] SCKP
[10:05:41] [247/445] NXTM
[10:05:42] [248/445] NWCS
[10:05:43] [249/445] CXMH
[10:05:43] [250/445] PCMA
[10:05:44] [251/445] SGCM
[10:05:44] [252/445] SDTU
[10:05:45] [253/445] MMVI
[10:05:45] [254/445] JKCM
[10:05:46] [255/445] VCMM
[10:05:47] [256/445] SYEE
[10:05:47] [257/445] VASD
[10:05:47] [258/445] BDRB
[10:05:48] [259/445] LASM
[10:05:49] [260/445] DCRL
[10:05:49] [261/445] DVPM
[10:05:50] [262/445] SBMJ
[10:05:50] [263/445] CBMU
[10:05:51] [264/445] IUBS
[10:05:52] [265/445] INAP
[10:05:52] [266/445] SRRC
[10:05:53] [267/445] SAGR
[10:05:53] [268/445] CPMJ
[10:05:54] [269/445] ATJL
[10:05:54] [270/445] NNTD
[10:05:55] [271/445] JHCJ
[10:05:56] [272/445] CMMP
[10:05:57] [273/445] RSDR
[10:05:57] [274/445] AMTI
[10:05:58] [275/445] NYSG
[10:05:58] [276/445] AVSG
[10:05:59] [277/445] SYTP
[10:05:59] [278/445] LARC
[10:06:00] [279/445] RJTP
[10:06:00] [280/445] LAKC
[10:06:01] [281/445] MCXE
[10:06:01] [282/445] CCZC
[10:06:02] [283/445] AVCH
[10:06:03] [284/445] CMBE
[10:06:03] [285/445] MRRC
[10:06:04] [286/445] PCPY
[10:06:04] [287/445] SRMH
[10:06:05] [288/445] SVGS
[10:06:06] [289/445] PCSE
[10:06:06] [290/445] SVFT
[10:06:07] [291/445] TNZP
[10:06:07] [292/445] ICTP
[10:06:08] [293/445] ACTZ
[10:06:09] [294/445] GTUR
[10:06:09] [295/445] MAFC
[10:06:10] [296/445] MINL
[10:06:11] [297/445] MRCL
[10:06:11] [298/445] RCRP
[10:06:12] [299/445] RFFG
[10:06:12] [300/445] RMAS
[10:06:13] [301/445] INVR
[10:06:14] [302/445] RMAR
[10:06:14] [303/445] CNIS
[10:06:15] [304/445] RHRJ
[10:06:15] [305/445] INXR
[10:06:16] [306/445] VALT
[10:06:16] [307/445] LCSH
[10:06:17] [308/445] CMVS
[10:06:18] [309/445] CNMS
[10:06:19] [310/445] ROOG
[10:06:19] [311/445] ISRM
[10:06:20] [312/445] RCRM
[10:06:20] [313/445] ACJA
[10:06:21] [314/445] RCVS
[10:06:21] [315/445] CPUS
[10:06:22] [316/445] TGCS
[10:06:22] [317/445] RKCJ
[10:06:23] [318/445] MKSB
[10:06:23] [319/445] TCSJ
[10:06:24] [320/445] RMGP
[10:06:24] [321/445] CLLP
[10:06:25] [322/445] RCMV
[10:06:26] [323/445] CCKS
[10:06:26] [324/445] RSRP
[10:06:27] [325/445] APLP
[10:06:28] [326/445] CNVS
[10:06:28] [327/445] RMVY
[10:06:29] [328/445] PGBD
[10:06:29] [329/445] KLMS
[10:06:30] [330/445] RUST
[10:06:30] [331/445] MASM
[10:06:31] [332/445] BACS
[10:06:32] [333/445] BWST
[10:06:32] [334/445] RRFH
[10:06:33] [335/445] SJTM
[10:06:33] [336/445] BEMR
[10:06:34] [337/445] MCGR
[10:06:34] [338/445] SDSK
[10:06:35] [339/445] VBOL
[10:06:35] [340/445] RMGM
[10:06:36] [341/445] NOPL
[10:06:37] [342/445] MKJK
[10:06:37] [343/445] CVRN
[10:06:38] [344/445] MMEN
[10:06:38] [345/445] AMNG
[10:06:39] [346/445] INTM
[10:06:40] [347/445] SLCZ
[10:06:40] [348/445] AMJN
[10:06:41] [349/445] ACJN
[10:06:41] [350/445] AMKN
[10:06:42] [351/445] BTCN
[10:06:42] [352/445] AMBT
[10:06:43] [353/445] PACN
[10:06:43] [354/445] LCNS
[10:06:44] [355/445] PPKC
[10:06:44] [356/445] JYYN
[10:06:45] [357/445] JTNR
[10:06:46] [358/445] GTEE
[10:06:46] [359/445] SRNM
[10:06:47] [360/445] SDTC
[10:06:47] [361/445] VPCA
[10:06:48] [362/445] VLRA
[10:06:49] [363/445] SHKR
[10:06:49] [364/445] SBKD
[10:06:50] [365/445] SAAD
[10:06:50] [366/445] JTGN
[10:06:51] [367/445] SLAM
[10:06:51] [368/445] VTPM
[10:06:52] [369/445] ANPT
[10:06:53] [370/445] PUNB
[10:06:53] [371/445] CPKT
[10:06:54] [372/445] CNWE
[10:06:54] [373/445] ECPP
[10:06:55] [374/445] CPAR
[10:06:55] [375/445] ESBW
[10:06:56] [376/445] PKPU
[10:06:56] [377/445] CPRP
[10:06:57] [378/445] RAHU
[10:06:57] [379/445] RHMN
[10:06:58] [380/445] FMJP
[10:06:59] [381/445] CTMP
[10:06:59] [382/445] INPN
[10:07:00] [383/445] STTG
[10:07:00] [384/445] CTRD
[10:07:01] [385/445] PUVB
[10:07:02] [386/445] ESVP
[10:07:02] [387/445] CPFT
[10:07:03] [388/445] LCPC
[10:07:03] [389/445] VBCT
[10:07:04] [390/445] FSCW
[10:07:04] [391/445] VCMP
[10:07:05] [392/445] ASHC
[10:07:05] [393/445] VLCX
[10:07:06] [394/445] SHEV
[10:07:06] [395/445] APCO
[10:07:07] [396/445] SILC
[10:07:08] [397/445] SNMR
[10:07:08] [398/445] KYBO
[10:07:09] [399/445] SATK
[10:07:09] [400/445] SSCS
[10:07:10] [401/445] CLSB
[10:07:11] [402/445] KMJR
[10:07:11] [403/445] FSCK
[10:07:12] [404/445] NNKA
[10:07:12] [405/445] CLMK
[10:07:13] [406/445] DMPZ
[10:07:13] [407/445] INQM
[10:07:14] [408/445] CAML
[10:07:14] [409/445] INRK
[10:07:15] [410/445] IMKN
[10:07:16] [411/445] SVNR
[10:07:16] [412/445] INSL
[10:07:17] [413/445] MSMA
[10:07:17] [414/445] MCKK
[10:07:18] [415/445] FCHP
[10:07:19] [416/445] SFCR
[10:07:19] [417/445] NACK
[10:07:20] [418/445] PVAK
[10:07:20] [419/445] INER
[10:07:21] [420/445] RDBK
[10:07:21] [421/445] SVFN
[10:07:22] [422/445] IFRM
[10:07:23] [423/445] ATCK
[10:07:23] [424/445] ASKO
[10:07:24] [425/445] STKT
[10:07:24] [426/445] SVFB
[10:07:25] [427/445] INKS
[10:07:25] [428/445] PCRA
[10:07:26] [429/445] ATJA
[10:07:26] [430/445] IMJN
[10:07:27] [431/445] INHD
[10:07:27] [432/445] BARA
[10:07:28] [433/445] MCSL
[10:07:29] [434/445] RTOY
[10:07:29] [435/445] MENO
[10:07:30] [436/445] PUDM
[10:07:31] [437/445] PRCN
[10:07:31] [438/445] JMJR
[10:07:31] [439/445] SSGK
[10:07:32] [440/445] SSRL
[10:07:32] [441/445] JYKL
[10:07:33] [442/445] ACNB
[10:07:33] [443/445] SONP
[10:07:34] [444/445] EMCI
[10:07:35] [445/445] MRJH
[10:07:35] 🧹 Deduping shows
[10:07:35] ✅ DONE | Shows=652 | Movies=61
[16:48:30] 🚀 SCRIPT STARTED
[16:48:30] [1/445] TGMR
[16:48:30] 🧠 New identity created
[16:48:30] [2/445] CXKR
[16:48:31] [3/445] SROP
[16:48:32] [4/445] GTSV
[16:48:33] [5/445] SNTY
[16:48:33] [6/445] SMYY
[16:48:34] [7/445] CNCS
[16:48:34] [8/445] CSTM
[16:48:35] [9/445] NUCD
[16:48:35] [10/445] SHCZ
[16:48:36] [11/445] NJCT
[16:48:37] [12/445] COPC
[16:48:37] [13/445] STVV
[16:48:38] [14/445] SKRN
[16:48:39] [15/445] APPZ
[16:48:39] [16/445] YMGN
[16:48:40] [17/445] SVTU
[16:48:40] [18/445] GTAD
[16:48:41] [19/445] PSUS
[16:48:42] [20/445] SMCD
[16:48:43] [21/445] CMCM
[16:48:43] [22/445] SYCT
[16:48:44] [23/445] STLY
[16:48:45] [24/445] CMHU
[16:48:45] [25/445] CMSA
[16:48:46] [26/445] CLCU
[16:48:47] [27/445] PPNT
[16:48:47] [28/445] JTAB
[16:48:48] [29/445] BUUC
[16:48:48] [30/445] BSVK
[16:48:49] [31/445] VVVQ
[16:48:50] [32/445] TKMU
[16:48:50] [33/445] ESYL
[16:48:51] [34/445] ACHP
[16:48:52] [35/445] BTKD
[16:48:53] [36/445] DESA
[16:48:53] [37/445] GBCT
[16:48:54] [38/445] BLLD
[16:48:54] [39/445] SKNT
[16:48:55] [40/445] SSTE
[16:48:55] [41/445] VJMR
[16:48:56] [42/445] NTPU
[16:48:57] [43/445] RDKN
[16:48:57] [44/445] ADGC
[16:48:58] [45/445] VRBP
[16:48:59] [46/445] NMNA
[16:48:59] [47/445] CMMX
[16:49:00] [48/445] PTKO
[16:49:00] [49/445] RBML
[16:49:01] [50/445] SAIC
[16:49:01] [51/445] SVTJ
[16:49:02] [52/445] MRTE
[16:49:02] [53/445] RBTP
[16:49:03] [54/445] NLPS
[16:49:04] [55/445] GTNA
[16:49:04] [56/445] DGGC
[16:49:05] [57/445] SMCR
[16:49:06] [58/445] SCGD
[16:49:07] [59/445] SRRJ
[16:49:07] [60/445] CNRY
[16:49:08] [61/445] KTDI
[16:49:09] [62/445] SNJL
[16:49:09] [63/445] RKMD
[16:49:10] [64/445] SMDC
[16:49:11] [65/445] TADG
[16:49:11] [66/445] MCGS
[16:49:12] [67/445] PETK
[16:49:12] [68/445] CHAG
[16:49:13] [69/445] KSTL
[16:49:14] [70/445] AADS
[16:49:14] [71/445] NTHZ
[16:49:15] [72/445] HCKI
[16:49:16] [73/445] SSEF
[16:49:16] [74/445] MCGX
[16:49:17] [75/445] ERRA
[16:49:18] [76/445] SDTW
[16:49:18] [77/445] RMPK
[16:49:19] [78/445] PTHK
[16:49:19] [79/445] PXCS
[16:49:20] [80/445] SVLU
[16:49:21] [81/445] STAH
[16:49:21] [82/445] JRGF
[16:49:22] [83/445] CDOK
[16:49:23] [84/445] CMSG
[16:49:23] [85/445] APTD
[16:49:24] [86/445] KMPG
[16:49:25] [87/445] MUTJ
[16:49:25] [88/445] VCCI
[16:49:26] [89/445] URBE
[16:49:26] [90/445] TCTS
[16:49:27] [91/445] STSN
[16:49:27] [92/445] AKCH
[16:49:28] [93/445] APSC
[16:49:29] [94/445] VLTB
[16:49:30] [95/445] SANU
[16:49:30] [96/445] AXAM
[16:49:31] [97/445] MGMG
[16:49:32] [98/445] HTBY
[16:49:32] [99/445] MMZS
[16:49:33] [100/445] SUDR
[16:49:33] [101/445] CCAD
[16:49:34] [102/445] SKKC
[16:49:34] [103/445] RMCD
[16:49:35] [104/445] SBCQ
[16:49:36] [105/445] DCCT
[16:49:36] [106/445] VTKP
[16:49:37] [107/445] MLAM
[16:49:38] [108/445] SAVT
[16:49:38] [109/445] GEPL
[16:49:39] [110/445] AMCD
[16:49:39] [111/445] CCXR
[16:49:40] [112/445] GRNG
[16:49:40] [113/445] EBCA
[16:49:41] [114/445] CNVG
[16:49:41] [115/445] MWSS
[16:49:42] [116/445] VBOR
[16:49:42] [117/445] NEEB
[16:49:43] [118/445] SUTH
[16:49:43] [119/445] ANDB
[16:49:44] [120/445] MMXS
[16:49:44] [121/445] CNPD
[16:49:45] [122/445] SDCE
[16:49:45] [123/445] DHCB
[16:49:46] [124/445] ODEN
[16:49:47] [125/445] TNTC
[16:49:47] [126/445] VBKM
[16:49:48] [127/445] RZYM
[16:49:48] [128/445] JEMC
[16:49:49] [129/445] CMAU
[16:49:50] [130/445] SIVP
[16:49:50] [131/445] ATAG
[16:49:51] [132/445] CHTM
[16:49:51] [133/445] AAEE
[16:49:52] [134/445] IWPM
[16:49:52] [135/445] KCMW
[16:49:53] [136/445] MCTD
[16:49:54] [137/445] SPWR
[16:49:54] [138/445] SDPO
[16:49:55] [139/445] PCSK
[16:49:56] [140/445] ACHV
[16:49:56] [141/445] SVLA
[16:49:57] [142/445] PICT
[16:49:57] [143/445] BXDR
[16:49:58] [144/445] SPWA
[16:49:59] [145/445] MCKO
[16:49:59] [146/445] RTHK
[16:50:00] [147/445] CCMF
[16:50:00] [148/445] MRGB
[16:50:01] [149/445] CPLC
[16:50:02] [150/445] RACD
[16:50:02] [151/445] ATKT
[16:50:03] [152/445] SARN
[16:50:03] [153/445] KKUI
[16:50:04] [154/445] RGCM
[16:50:04] [155/445] BRVP
[16:50:05] [156/445] HRSR
[16:50:05] [157/445] GKGM
[16:50:06] [158/445] TTCD
[16:50:06] [159/445] PTTI
[16:50:07] [160/445] MPTT
[16:50:08] [161/445] CVTT
[16:50:08] [162/445] PCXD
[16:50:09] [163/445] GCDC
[16:50:09] [164/445] CCCF
[16:50:10] [165/445] MRAD
[16:50:10] [166/445] CPLK
[16:50:11] [167/445] SATB
[16:50:11] [168/445] SNVG
[16:50:12] [169/445] JMBA
[16:50:13] [170/445] TEJA
[16:50:13] [171/445] STYO
[16:50:14] [172/445] JTBP
[16:50:14] [173/445] KRGD
[16:50:15] [174/445] SLJJ
[16:50:15] [175/445] SPTJ
[16:50:16] [176/445] SWJG
[16:50:17] [177/445] LKRT
[16:50:17] [178/445] KCKA
[16:50:18] [179/445] SNCR
[16:50:19] [180/445] SMKL
[16:50:19] [181/445] GCFA
[16:50:20] [182/445] DDCK
[16:50:20] [183/445] NCHJ
[16:50:21] [184/445] RDMA
[16:50:22] [185/445] SVSV
[16:50:22] [186/445] SCJG
[16:50:23] [187/445] VKLP
[16:50:23] [188/445] NWCC
[16:50:24] [189/445] VKNS
[16:50:25] [190/445] SDDP
[16:50:25] [191/445] ACSI
[16:50:26] [192/445] SATG
[16:50:26] [193/445] SCMW
[16:50:27] [194/445] LKTK
[16:50:27] [195/445] VCKV
[16:50:28] [196/445] KKPE
[16:50:28] [197/445] KIGH
[16:50:29] [198/445] SRPM
[16:50:30] [199/445] SCAH
[16:50:30] [200/445] MUTA
[16:50:31] [201/445] SEPU
[16:50:32] [202/445] INOA
[16:50:32] [203/445] BASK
[16:50:33] [204/445] NECB
[16:50:34] [205/445] GTTG
[16:50:34] [206/445] ASSA
[16:50:35] [207/445] ANCL
[16:50:36] [208/445] GCTI
[16:50:36] [209/445] RCTS
[16:50:37] [210/445] ACNL
[16:50:38] [211/445] MYCT
[16:50:38] [212/445] NMHT
[16:50:39] [213/445] MDIT
[16:50:39] [214/445] LATG
[16:50:40] [215/445] SMTY
[16:50:40] [216/445] CVCT
[16:50:41] [217/445] RAMB
[16:50:41] [218/445] TGMS
[16:50:42] [219/445] BHEL
[16:50:43] [220/445] SHCT
[16:50:43] [221/445] SVCT
[16:50:44] [222/445] MRIY
[16:50:45] [223/445] SARO
[16:50:45] [224/445] STCT
[16:50:46] [225/445] JKKC
[16:50:46] [226/445] PLTT
[16:50:47] [227/445] SRNT
[16:50:47] [228/445] YAST
[16:50:48] [229/445] PERL
[16:50:48] [230/445] CICM
[16:50:49] [231/445] MMTR
[16:50:50] [232/445] ABTK
[16:50:50] [233/445] ATYY
[16:50:51] [234/445] ASTK
[16:50:51] [235/445] VVCK
[16:50:52] [236/445] ATKY
[16:50:52] [237/445] GWEK
[16:50:53] [238/445] SVFH
[16:50:53] [239/445] SLTA
[16:50:54] [240/445] AASH
[16:50:54] [241/445] ACXB
[16:50:55] [242/445] SMTX
[16:50:56] [243/445] AZDH
[16:50:56] [244/445] CMMH
[16:50:57] [245/445] SCSZ
[16:50:58] [246/445] SCKP
[16:50:58] [247/445] NXTM
[16:50:59] [248/445] NWCS
[16:51:00] [249/445] CXMH
[16:51:00] [250/445] PCMA
[16:51:01] [251/445] SGCM
[16:51:01] [252/445] SDTU
[16:51:02] [253/445] MMVI
[16:51:03] [254/445] JKCM
[16:51:03] [255/445] VCMM
[16:51:04] [256/445] SYEE
[16:51:04] [257/445] VASD
[16:51:05] [258/445] BDRB
[16:51:05] [259/445] LASM
[16:51:06] [260/445] DCRL
[16:51:06] [261/445] DVPM
[16:51:07] [262/445] SBMJ
[16:51:08] [263/445] CBMU
[16:51:08] [264/445] IUBS
[16:51:09] [265/445] INAP
[16:51:09] [266/445] SRRC
[16:51:10] [267/445] SAGR
[16:51:10] [268/445] CPMJ
[16:51:11] [269/445] ATJL
[16:51:11] [270/445] NNTD
[16:51:12] [271/445] JHCJ
[16:51:12] [272/445] CMMP
[16:51:12] [273/445] RSDR
[16:51:13] [274/445] AMTI
[16:51:13] [275/445] NYSG
[16:51:14] [276/445] AVSG
[16:51:15] [277/445] SYTP
[16:51:15] [278/445] LARC
[16:51:16] [279/445] RJTP
[16:51:16] [280/445] LAKC
[16:51:18] [281/445] MCXE
[16:51:18] [282/445] CCZC
[16:51:19] [283/445] AVCH
[16:51:19] [284/445] CMBE
[16:51:20] [285/445] MRRC
[16:51:21] [286/445] PCPY
[16:51:22] [287/445] SRMH
[16:51:22] [288/445] SVGS
[16:51:23] [289/445] PCSE
[16:51:24] [290/445] SVFT
[16:51:25] [291/445] TNZP
[16:51:26] [292/445] ICTP
[16:51:26] [293/445] ACTZ
[16:51:27] [294/445] GTUR
[16:51:28] [295/445] MAFC
[16:51:29] [296/445] MINL
[16:51:30] [297/445] MRCL
[16:51:30] [298/445] RCRP
[16:51:31] [299/445] RFFG
[16:51:32] [300/445] RMAS
[16:51:33] [301/445] INVR
[16:51:34] [302/445] RMAR
[16:51:34] [303/445] CNIS
[16:51:35] [304/445] RHRJ
[16:51:36] [305/445] INXR
[16:51:37] [306/445] VALT
[16:51:38] [307/445] LCSH
[16:51:38] [308/445] CMVS
[16:51:39] [309/445] CNMS
[16:51:40] [310/445] ROOG
[16:51:41] [311/445] ISRM
[16:51:42] [312/445] RCRM
[16:51:43] [313/445] ACJA
[16:51:43] [314/445] RCVS
[16:51:44] [315/445] CPUS
[16:51:45] [316/445] TGCS
[16:51:46] [317/445] RKCJ
[16:51:47] [318/445] MKSB
[16:51:48] [319/445] TCSJ
[16:51:48] [320/445] RMGP
[16:51:50] [321/445] CLLP
[16:51:51] [322/445] RCMV
[16:51:51] [323/445] CCKS
[16:51:52] [324/445] RSRP
[16:51:53] [325/445] APLP
[16:51:54] [326/445] CNVS
[16:51:55] [327/445] RMVY
[16:51:56] [328/445] PGBD
[16:51:57] [329/445] KLMS
[16:51:58] [330/445] RUST
[16:51:59] [331/445] MASM
[16:51:59] [332/445] BACS
[16:52:00] [333/445] BWST
[16:52:01] [334/445] RRFH
[16:52:02] [335/445] SJTM
[16:52:03] [336/445] BEMR
[16:52:04] [337/445] MCGR
[16:52:04] [338/445] SDSK
[16:52:06] [339/445] VBOL
[16:52:06] [340/445] RMGM
[16:52:07] [341/445] NOPL
[16:52:08] [342/445] MKJK
[16:52:09] [343/445] CVRN
[16:52:09] [344/445] MMEN
[16:52:10] [345/445] AMNG
[16:52:11] [346/445] INTM
[16:52:12] [347/445] SLCZ
[16:52:12] [348/445] AMJN
[16:52:13] [349/445] ACJN
[16:52:14] [350/445] AMKN
[16:52:15] [351/445] BTCN
[16:52:16] [352/445] AMBT
[16:52:17] [353/445] PACN
[16:52:17] [354/445] LCNS
[16:52:18] [355/445] PPKC
[16:52:19] [356/445] JYYN
[16:52:20] [357/445] JTNR
[16:52:21] [358/445] GTEE
[16:52:22] [359/445] SRNM
[16:52:22] [360/445] SDTC
[16:52:23] [361/445] VPCA
[16:52:24] [362/445] VLRA
[16:52:25] [363/445] SHKR
[16:52:26] [364/445] SBKD
[16:52:27] [365/445] SAAD
[16:52:28] [366/445] JTGN
[16:52:29] [367/445] SLAM
[16:52:29] [368/445] VTPM
[16:52:30] [369/445] ANPT
[16:52:31] [370/445] PUNB
[16:52:31] [371/445] CPKT
[16:52:32] [372/445] CNWE
[16:52:33] [373/445] ECPP
[16:52:34] [374/445] CPAR
[16:52:35] [375/445] ESBW
[16:52:35] [376/445] PKPU
[16:52:37] [377/445] CPRP
[16:52:38] [378/445] RAHU
[16:52:38] [379/445] RHMN
[16:52:39] [380/445] FMJP
[16:52:40] [381/445] CTMP
[16:52:41] [382/445] INPN
[16:52:42] [383/445] STTG
[16:52:42] [384/445] CTRD
[16:52:44] [385/445] PUVB
[16:52:44] [386/445] ESVP
[16:52:45] [387/445] CPFT
[16:52:46] [388/445] LCPC
[16:52:47] [389/445] VBCT
[16:52:47] [390/445] FSCW
[16:52:49] [391/445] VCMP
[16:52:49] [392/445] ASHC
[16:52:50] [393/445] VLCX
[16:52:52] [394/445] SHEV
[16:52:52] [395/445] APCO
[16:52:53] [396/445] SILC
[16:52:54] [397/445] SNMR
[16:52:54] [398/445] KYBO
[16:52:55] [399/445] SATK
[16:52:56] [400/445] SSCS
[16:52:58] [401/445] CLSB
[16:52:58] [402/445] KMJR
[16:52:59] [403/445] FSCK
[16:53:00] [404/445] NNKA
[16:53:01] [405/445] CLMK
[16:53:01] [406/445] DMPZ
[16:53:03] [407/445] INQM
[16:53:04] [408/445] CAML
[16:53:05] [409/445] INRK
[16:53:05] [410/445] IMKN
[16:53:06] [411/445] SVNR
[16:53:07] [412/445] INSL
[16:53:08] [413/445] MSMA
[16:53:09] [414/445] MCKK
[16:53:09] [415/445] FCHP
[16:53:10] [416/445] SFCR
[16:53:11] [417/445] NACK
[16:53:11] [418/445] PVAK
[16:53:12] [419/445] INER
[16:53:13] [420/445] RDBK
[16:53:14] [421/445] SVFN
[16:53:15] [422/445] IFRM
[16:53:15] [423/445] ATCK
[16:53:16] [424/445] ASKO
[16:53:17] [425/445] STKT
[16:53:17] [426/445] SVFB
[16:53:18] [427/445] INKS
[16:53:19] [428/445] PCRA
[16:53:20] [429/445] ATJA
[16:53:21] [430/445] IMJN
[16:53:22] [431/445] INHD
[16:53:22] [432/445] BARA
[16:53:23] [433/445] MCSL
[16:53:24] [434/445] RTOY
[16:53:25] [435/445] MENO
[16:53:26] [436/445] PUDM
[16:53:26] [437/445] PRCN
[16:53:27] [438/445] JMJR
[16:53:28] [439/445] SSGK
[16:53:29] [440/445] SSRL
[16:53:30] [441/445] JYKL
[16:53:31] [442/445] ACNB
[16:53:31] [443/445] SONP
[16:53:33] [444/445] EMCI
[16:53:34] [445/445] MRJH
[16:53:34] 🧹 Deduping shows
[16:53:34] ✅ DONE | Shows=779 | Movies=62
