[10:02:12] 🚀 SCRIPT STARTED
[10:02:12] [1/459] NECA
[10:02:12] 🧠 New identity created
[10:02:13] [2/459] BJLC
[10:02:14] [3/459] BASU
[10:02:15] [4/459] RUPI
[10:02:16] [5/459] LCBK
[10:02:16] [6/459] PMAC
[10:02:17] [7/459] AMLC
[10:02:18] [8/459] LICL
[10:02:19] [9/459] UDMM
[10:02:20] [10/459] STBZ
[10:02:22] [11/459] UUBT
[10:02:23] [12/459] SJKC
[10:02:23] [13/459] TUAL
[10:02:24] [14/459] MRSE
[10:02:25] [15/459] RMRK
[10:02:26] [16/459] TTKP
[10:02:27] [17/459] KTKO
[10:02:28] [18/459] SDBK
[10:02:28] [19/459] MCPR
[10:02:29] [20/459] CHTI
[10:02:30] [21/459] GCCP
[10:02:31] [22/459] SRMY
[10:02:32] [23/459] NYST
[10:02:32] [24/459] NYAG
[10:02:34] [25/459] SBMT
[10:02:35] [26/459] INGA
[10:02:35] [27/459] WSIC
[10:02:36] [28/459] SCSS
[10:02:37] [29/459] COPG
[10:02:38] [30/459] RCGR
[10:02:39] [31/459] TCZA
[10:02:39] [32/459] CNLP
[10:02:41] [33/459] CLKN
[10:02:41] [34/459] LHDF
[10:02:42] [35/459] ELKC
[10:02:43] [36/459] VCEM
[10:02:44] [37/459] SSZA
[10:02:45] [38/459] KRMT
[10:02:46] [39/459] LCMV
[10:02:47] [40/459] AYCZ
[10:02:48] [41/459] CUMS
[10:02:49] [42/459] BOCK
[10:02:49] [43/459] PNMR
[10:02:50] [44/459] PJCP
[10:02:51] [45/459] JDDD
[10:02:52] [46/459] STMS
[10:02:53] [47/459] FLMB
[10:02:54] [48/459] PKCM
[10:02:54] [49/459] SPPR
[10:02:56] [50/459] EYLH
[10:02:57] [51/459] RJCC
[10:02:58] [52/459] MMPS
[10:02:59] [53/459] SHMX
[10:03:00] [54/459] CCNL
[10:03:01] [55/459] RCNV
[10:03:02] [56/459] MAAG
[10:03:03] [57/459] LXCM
[10:03:04] [58/459] RCNI
[10:03:05] [59/459] SNNI
[10:03:06] [60/459] LALC
[10:03:07] [61/459] SOCN
[10:03:07] [62/459] JHTP
[10:03:09] [63/459] PITP
[10:03:10] [64/459] CCKW
[10:03:11] [65/459] MCMC
[10:03:11] [66/459] DEES
[10:03:12] [67/459] SABT
[10:03:13] [68/459] VSPP
[10:03:14] [69/459] ABCT
[10:03:15] [70/459] JVTB
[10:03:16] [71/459] VCBD
[10:03:17] [72/459] RMGG
[10:03:18] [73/459] RNMH
[10:03:19] [74/459] SPGL
[10:03:20] [75/459] JTTR
[10:03:20] [76/459] SICS
[10:03:22] [77/459] SRMI
[10:03:22] [78/459] SSIJ
[10:03:23] [79/459] KFMT
[10:03:24] [80/459] VBIT
[10:03:24] [81/459] JKCT
[10:03:25] [82/459] GCGP
[10:03:26] [83/459] GDCS
[10:03:27] [84/459] TRBA
[10:03:27] [85/459] QUST
[10:03:28] [86/459] VSHM
[10:03:29] [87/459] SDCP
[10:03:30] [88/459] SNVS
[10:03:31] [89/459] NYTO
[10:03:31] [90/459] URWC
[10:03:32] [91/459] GTWH
[10:03:33] [92/459] PFCM
[10:03:34] [93/459] KRTA
[10:03:35] [94/459] AXMC
[10:03:36] [95/459] EVMC
[10:03:37] [96/459] HGSM
[10:03:38] [97/459] ACVM
[10:03:38] [98/459] PSKL
[10:03:39] [99/459] RDMP
[10:03:40] [100/459] RHGH
[10:03:41] [101/459] OMCM
[10:03:42] [102/459] DCCP
[10:03:43] [103/459] MCPB
[10:03:43] [104/459] ALCI
[10:03:44] [105/459] BLMX
[10:03:45] [106/459] BTMV
[10:03:46] [107/459] FVPN
[10:03:47] [108/459] CMAR
[10:03:48] [109/459] CEIM
[10:03:48] [110/459] CMVA
[10:03:49] [111/459] CPIV
[10:03:51] [112/459] CNPE
[10:03:52] [113/459] COLV
[10:03:52] [114/459] DNNV
[10:03:53] [115/459] HCAD
[10:03:54] [116/459] TAKA
[10:03:55] [117/459] INVD
[10:03:56] [118/459] IRMM
[10:03:56] [119/459] INSE
[10:03:57] [120/459] MRSW
[10:03:58] [121/459] MCVD
[10:03:59] [122/459] MCSO
[10:03:59] [123/459] PEVM
[10:04:00] [124/459] PVNL
[10:04:01] [125/459] PTCV
[10:04:02] [126/459] PRTC
[10:04:03] [127/459] RCVA
[10:04:03] [128/459] MTBN
[10:04:04] [129/459] LUCP
[10:04:05] [130/459] FMPT
[10:04:06] [131/459] JLSL
[10:04:07] [132/459] SBHA
[10:04:08] [133/459] SHRC
[10:04:09] [134/459] AVPS
[10:04:10] [135/459] STPM
[10:04:10] [136/459] ATRD
[10:04:11] [137/459] VTED
[10:04:12] [138/459] ACAI
[10:04:13] [139/459] SMAE
[10:04:13] [140/459] VMAT
[10:04:14] [141/459] LKCT
[10:04:15] [142/459] JTVK
[10:04:16] [143/459] PRTY
[10:04:17] [144/459] GETT
[10:04:18] [145/459] ESAP
[10:04:18] [146/459] NCPM
[10:04:19] [147/459] PCPA
[10:04:20] [148/459] MMOM
[10:04:21] [149/459] PHUP
[10:04:22] [150/459] CCPI
[10:04:22] [151/459] CNTD
[10:04:23] [152/459] NLJR
[10:04:24] [153/459] SRNG
[10:04:25] [154/459] MHAL
[10:04:26] [155/459] PNSM
[10:04:27] [156/459] DRMY
[10:04:28] [157/459] CCMU
[10:04:29] [158/459] SCMY
[10:04:29] [159/459] PVSY
[10:04:30] [160/459] SDLM
[10:04:31] [161/459] ICCM
[10:04:32] [162/459] PYSU
[10:04:33] [163/459] GATM
[10:04:34] [164/459] WOTM
[10:04:35] [165/459] RKTS
[10:04:36] [166/459] PMTY
[10:04:36] [167/459] LYMS
[10:04:37] [168/459] TGCA
[10:04:39] [169/459] DSTA
[10:04:39] [170/459] CNGE
[10:04:40] [171/459] VSTG
[10:04:41] [172/459] GTCK
[10:04:42] [173/459] TGNT
[10:04:43] [174/459] ASLC
[10:04:43] [175/459] SSST
[10:04:45] [176/459] KBTT
[10:04:46] [177/459] HKCP
[10:04:47] [178/459] SWLC
[10:04:47] [179/459] RTND
[10:04:48] [180/459] PKKT
[10:04:49] [181/459] HSTK
[10:04:50] [182/459] SPTT
[10:04:51] [183/459] IMPM
[10:04:52] [184/459] SCMV
[10:04:52] [185/459] SPCT
[10:04:54] [186/459] JBCA
[10:04:55] [187/459] ATTR
[10:04:56] [188/459] SPMT
[10:04:56] [189/459] LCTM
[10:04:57] [190/459] SCVL
[10:04:58] [191/459] SCVT
[10:04:59] [192/459] KRIC
[10:05:00] [193/459] CTMG
[10:05:01] [194/459] ACNC
[10:05:02] [195/459] DMCK
[10:05:03] [196/459] KMTV
[10:05:03] [197/459] PFCJ
[10:05:04] [198/459] VNMD
[10:05:05] [199/459] VPCZ
[10:05:07] [200/459] SRYR
[10:05:07] [201/459] SYTR
[10:05:08] [202/459] GATR
[10:05:10] [203/459] URTR
[10:05:10] [204/459] MKSM
[10:05:11] [205/459] VSMH
[10:05:12] [206/459] SKRJ
[10:05:13] [207/459] SSJR
[10:05:13] [208/459] SVSM
[10:05:14] [209/459] RUCM
[10:05:15] [210/459] PRKN
[10:05:16] [211/459] RROH
[10:05:17] [212/459] SCTN
[10:05:18] [213/459] RTDM
[10:05:18] [214/459] ASRM
[10:05:19] [215/459] SKMD
[10:05:20] [216/459] SUTD
[10:05:21] [217/459] SADM
[10:05:22] [218/459] WCNR
[10:05:23] [219/459] CNED
[10:05:23] [220/459] MPDB
[10:05:24] [221/459] KTBH
[10:05:25] [222/459] IDRM
[10:05:26] [223/459] PJJT
[10:05:26] [224/459] PFCV
[10:05:27] [225/459] AACT
[10:05:28] [226/459] AAAD
[10:05:29] [227/459] ANES
[10:05:30] [228/459] MNCA
[10:05:30] [229/459] RMGU
[10:05:31] [230/459] DLCN
[10:05:32] [231/459] LJWT
[10:05:33] [232/459] MCBG
[10:05:34] [233/459] MYBG
[10:05:35] [234/459] GCCA
[10:05:35] [235/459] GCGA
[10:05:36] [236/459] ECGN
[10:05:37] [237/459] PRAB
[10:05:38] [238/459] PNMP
[10:05:39] [239/459] GCPT
[10:05:40] [240/459] ROYN
[10:05:40] [241/459] VATM
[10:05:41] [242/459] KSNT
[10:05:42] [243/459] ACTC
[10:05:43] [244/459] PLTD
[10:05:43] [245/459] SKMK
[10:05:44] [246/459] CMTT
[10:05:45] [247/459] SMXP
[10:05:46] [248/459] SCMX
[10:05:46] [249/459] ACXN
[10:05:47] [250/459] ASWT
[10:05:48] [251/459] VVVL
[10:05:49] [252/459] NAGO
[10:05:50] [253/459] SNCN
[10:05:51] [254/459] MCKP
[10:05:52] [255/459] SAMO
[10:05:53] [256/459] JBTV
[10:05:53] [257/459] DCVV
[10:05:54] [258/459] KMSV
[10:05:55] [259/459] KDCN
[10:05:55] [260/459] CNCP
[10:05:56] [261/459] HAMC
[10:05:58] [262/459] CCVZ
[10:05:58] [263/459] NCCK
[10:05:59] [264/459] MCHR
[10:06:00] [265/459] SCHT
[10:06:00] [266/459] ESSH
[10:06:01] [267/459] CUJC
[10:06:02] [268/459] PECP
[10:06:03] [269/459] PMMI
[10:06:04] [270/459] PCCH
[10:06:05] [271/459] PRPM
[10:06:06] [272/459] PVKL
[10:06:07] [273/459] CBSM
[10:06:07] [274/459] PVCZ
[10:06:08] [275/459] PCVV
[10:06:09] [276/459] CTMJ
[10:06:10] [277/459] RCPS
[10:06:10] [278/459] PCIT
[10:06:11] [279/459] FNCH
[10:06:12] [280/459] INZD
[10:06:13] [281/459] INPC
[10:06:14] [282/459] LCZP
[10:06:15] [283/459] SMCB
[10:06:16] [284/459] PTSB
[10:06:16] [285/459] TPSI
[10:06:17] [286/459] KHMJ
[10:06:18] [287/459] RCCJ
[10:06:19] [288/459] NCJA
[10:06:20] [289/459] NCJN
[10:06:21] [290/459] BTDP
[10:06:22] [291/459] PADY
[10:06:22] [292/459] NYBH
[10:06:23] [293/459] MTBR
[10:06:24] [294/459] KRBC
[10:06:25] [295/459] DKTI
[10:06:26] [296/459] ANAN
[10:06:26] [297/459] INBP
[10:06:27] [298/459] PATB
[10:06:28] [299/459] RGNT
[10:06:29] [300/459] CGPM
[10:06:30] [301/459] INTN
[10:06:30] [302/459] MCMP
[10:06:31] [303/459] ASRG
[10:06:32] [304/459] CXJD
[10:06:33] [305/459] SPCP
[10:06:34] [306/459] CSTP
[10:06:35] [307/459] PKVC
[10:06:36] [308/459] ESCP
[10:06:36] [309/459] CAEP
[10:06:37] [310/459] CCSP
[10:06:38] [311/459] KTPC
[10:06:39] [312/459] DACA
[10:06:39] [313/459] NVKY
[10:06:40] [314/459] PTIN
[10:06:41] [315/459] SCIN
[10:06:43] [316/459] MCTY
[10:06:44] [317/459] PCMX
[10:06:44] [318/459] INIC
[10:06:45] [319/459] MMZM
[10:06:46] [320/459] SSLP
[10:06:46] [321/459] DTDT
[10:06:47] [322/459] FFCX
[10:06:48] [323/459] RCMM
[10:06:49] [324/459] KYID
[10:06:50] [325/459] CSCI
[10:06:51] [326/459] FCMC
[10:06:51] [327/459] MMXI
[10:06:52] [328/459] ASTC
[10:06:54] [329/459] CMRA
[10:06:55] [330/459] DICI
[10:06:55] [331/459] KDIN
[10:06:56] [332/459] PRFI
[10:06:56] [333/459] SVFC
[10:06:57] [334/459] UCPL
[10:06:58] [335/459] COOC
[10:06:59] [336/459] SCAL
[10:07:00] [337/459] SVFF
[10:07:01] [338/459] VCMG
[10:07:02] [339/459] UUCT
[10:07:03] [340/459] GCSE
[10:07:04] [341/459] SUSC
[10:07:04] [342/459] MISC
[10:07:05] [343/459] RMBL
[10:07:06] [344/459] CMXN
[10:07:07] [345/459] PVBK
[10:07:08] [346/459] HHCG
[10:07:09] [347/459] SCAG
[10:07:10] [348/459] CNPR
[10:07:11] [349/459] CSER
[10:07:11] [350/459] HLWD
[10:07:12] [351/459] BOLY
[10:07:13] [352/459] SSPG
[10:07:14] [353/459] MUPX
[10:07:15] [354/459] HAMR
[10:07:16] [355/459] SDNC
[10:07:16] [356/459] RTEN
[10:07:17] [357/459] SDTD
[10:07:18] [358/459] KAWS
[10:07:19] [359/459] CMZX
[10:07:20] [360/459] DCDD
[10:07:21] [361/459] ALSN
[10:07:22] [362/459] IMXS
[10:07:23] [363/459] PVFF
[10:07:24] [364/459] PVOO
[10:07:24] [365/459] CFBS
[10:07:25] [366/459] PVER
[10:07:26] [367/459] PPNX
[10:07:27] [368/459] CNRM
[10:07:28] [369/459] PVWW
[10:07:29] [370/459] INMB
[10:07:29] [371/459] CPJR
[10:07:30] [372/459] INRZ
[10:07:31] [373/459] PMSR
[10:07:32] [374/459] GPGM
[10:07:33] [375/459] PGWB
[10:07:33] [376/459] PMBR
[10:07:34] [377/459] GPAM
[10:07:35] [378/459] INBC
[10:07:36] [379/459] PZVK
[10:07:37] [380/459] CPEB
[10:07:38] [381/459] FMLB
[10:07:38] [382/459] INBG
[10:07:39] [383/459] GPBR
[10:07:40] [384/459] PAAS
[10:07:41] [385/459] VTBR
[10:07:42] [386/459] GPMY
[10:07:42] [387/459] GYBU
[10:07:43] [388/459] INBJ
[10:07:44] [389/459] LKTH
[10:07:45] [390/459] NSBR
[10:07:46] [391/459] PDRD
[10:07:47] [392/459] VRBL
[10:07:48] [393/459] VTGB
[10:07:48] [394/459] VTSK
[10:07:49] [395/459] BKDV
[10:07:50] [396/459] SVTB
[10:07:51] [397/459] MLDT
[10:07:52] [398/459] NRBL
[10:07:53] [399/459] SLTR
[10:07:53] [400/459] VNKA
[10:07:54] [401/459] TDCA
[10:07:55] [402/459] INBM
[10:07:56] [403/459] SSNR
[10:07:57] [404/459] BHAC
[10:07:58] [405/459] SDSD
[10:07:59] [406/459] SAMP
[10:07:59] [407/459] RATK
[10:08:00] [408/459] KCBI
[10:08:01] [409/459] URBL
[10:08:02] [410/459] MKBG
[10:08:03] [411/459] ASTB
[10:08:03] [412/459] VBWT
[10:08:04] [413/459] GPSM
[10:08:05] [414/459] ROON
[10:08:06] [415/459] CHTH
[10:08:07] [416/459] SSPA
[10:08:07] [417/459] ANBL
[10:08:09] [418/459] VTBE
[10:08:10] [419/459] SVKT
[10:08:10] [420/459] SVYK
[10:08:11] [421/459] PTBK
[10:08:12] [422/459] RKTB
[10:08:13] [423/459] BALT
[10:08:14] [424/459] STSV
[10:08:15] [425/459] VCCB
[10:08:16] [426/459] SLTB
[10:08:17] [427/459] SBCR
[10:08:18] [428/459] VDCS
[10:08:19] [429/459] MDKI
[10:08:20] [430/459] SMRN
[10:08:21] [431/459] PTBC
[10:08:22] [432/459] RADI
[10:08:22] [433/459] ADCR
[10:08:23] [434/459] SDCS
[10:08:23] [435/459] SRPJ
[10:08:24] [436/459] ARTS
[10:08:25] [437/459] SRHK
[10:08:26] [438/459] SPAY
[10:08:27] [439/459] GPTB
[10:08:27] [440/459] SNNN
[10:08:28] [441/459] BALJ
[10:08:30] [442/459] TRIG
[10:08:30] [443/459] GTYT
[10:08:31] [444/459] ATGN
[10:08:32] [445/459] ANTE
[10:08:32] [446/459] BDCG
[10:08:33] [447/459] VECI
[10:08:34] [448/459] SCPR
[10:08:35] [449/459] RTEA
[10:08:36] [450/459] JSAI
[10:08:36] [451/459] VJTP
[10:08:37] [452/459] GNDS
[10:08:38] [453/459] PAXA
[10:08:39] [454/459] CGGM
[10:08:41] [455/459] ACKZ
[10:08:41] [456/459] EMCC
[10:08:42] [457/459] KLSK
[10:08:42] [458/459] AVCK
[10:08:43] [459/459] JTCK
[10:08:45] 🧹 Deduping shows
[10:08:45] ✅ DONE | Shows=521 | Movies=57
