[10:02:00] 🚀 SCRIPT STARTED
[10:02:00] [1/459] MBDC
[10:02:00] 🧠 New identity created
[10:02:01] [2/459] CHKM
[10:02:02] [3/459] JTKZ
[10:02:03] [4/459] CMCT
[10:02:04] [5/459] ASHO
[10:02:05] [6/459] ECDG
[10:02:06] [7/459] SPAT
[10:02:07] [8/459] HILC
[10:02:09] [9/459] SPPH
[10:02:10] [10/459] SBHN
[10:02:10] [11/459] RRCA
[10:02:11] [12/459] APAA
[10:02:12] [13/459] RAME
[10:02:13] [14/459] TMMS
[10:02:14] [15/459] BATK
[10:02:14] [16/459] LKOP
[10:02:15] [17/459] AMTT
[10:02:17] [18/459] PTGK
[10:02:18] [19/459] ANRS
[10:02:19] [20/459] VWBW
[10:02:20] [21/459] SVFG
[10:02:21] [22/459] STAT
[10:02:22] [23/459] GDCV
[10:02:22] [24/459] VEBI
[10:02:23] [25/459] VDSS
[10:02:24] [26/459] NTHV
[10:02:25] [27/459] AOCH
[10:02:26] [28/459] KASR
[10:02:28] [29/459] AYCS
[10:02:29] [30/459] SHAI
[10:02:29] [31/459] SKPE
[10:02:30] [32/459] SBTA
[10:02:31] [33/459] RTTD
[10:02:32] [34/459] CCJD
[10:02:34] [35/459] RSJJ
[10:02:35] [36/459] RKND
[10:02:36] [37/459] SVTX
[10:02:36] [38/459] BAKM
[10:02:38] [39/459] SVDC
[10:02:39] [40/459] MNCV
[10:02:40] [41/459] SJGC
[10:02:41] [42/459] MTPK
[10:02:42] [43/459] GATP
[10:02:44] [44/459] ABTS
[10:02:44] [45/459] ABDE
[10:02:45] [46/459] RCNM
[10:02:46] [47/459] KTHV
[10:02:47] [48/459] MDGJ
[10:02:48] [49/459] SMLM
[10:02:49] [50/459] JTMA
[10:02:49] [51/459] ACKP
[10:02:50] [52/459] SRTA
[10:02:51] [53/459] STAY
[10:02:52] [54/459] MAVO
[10:02:53] [55/459] APTS
[10:02:54] [56/459] OMEA
[10:02:55] [57/459] TTFD
[10:02:56] [58/459] MJCU
[10:02:57] [59/459] CXTE
[10:02:58] [60/459] CTPX
[10:02:59] [61/459] ASSL
[10:03:00] [62/459] CMVB
[10:03:02] [63/459] VPUR
[10:03:02] [64/459] JJDA
[10:03:03] [65/459] INBL
[10:03:04] [66/459] BIKB
[10:03:05] [67/459] NTBB
[10:03:06] [68/459] GLOB
[10:03:07] [69/459] SNTB
[10:03:08] [70/459] CHGV
[10:03:08] [71/459] SSBZ
[10:03:09] [72/459] PRDB
[10:03:10] [73/459] ISMT
[10:03:11] [74/459] MCSD
[10:03:12] [75/459] JBTT
[10:03:13] [76/459] GEKR
[10:03:15] [77/459] PVUN
[10:03:16] [78/459] NRTB
[10:03:16] [79/459] PRAA
[10:03:17] [80/459] PCBL
[10:03:18] [81/459] PTCM
[10:03:19] [82/459] KHNN
[10:03:20] [83/459] OMJE
[10:03:21] [84/459] STGN
[10:03:22] [85/459] RPMS
[10:03:23] [86/459] NWAD
[10:03:24] [87/459] BLCK
[10:03:25] [88/459] SVAA
[10:03:25] [89/459] URVM
[10:03:26] [90/459] ANTM
[10:03:27] [91/459] VJYM
[10:03:27] [92/459] MAZZ
[10:03:28] [93/459] CSHM
[10:03:29] [94/459] WGMH
[10:03:30] [95/459] SALN
[10:03:31] [96/459] BRTP
[10:03:32] [97/459] SVTA
[10:03:33] [98/459] SBTP
[10:03:34] [99/459] VLSS
[10:03:34] [100/459] SRJA
[10:03:35] [101/459] ANCG
[10:03:36] [102/459] CGGC
[10:03:37] [103/459] CRJA
[10:03:38] [104/459] USCR
[10:03:39] [105/459] MMEF
[10:03:40] [106/459] JCRJ
[10:03:40] [107/459] ADCM
[10:03:41] [108/459] BMYK
[10:03:41] [109/459] KICS
[10:03:42] [110/459] MBBT
[10:03:43] [111/459] MACK
[10:03:44] [112/459] CLDR
[10:03:44] [113/459] JYCR
[10:03:45] [114/459] DCRP
[10:03:46] [115/459] RAHT
[10:03:47] [116/459] CSSM
[10:03:48] [117/459] ATPK
[10:03:49] [118/459] KLRT
[10:03:50] [119/459] SRDD
[10:03:50] [120/459] CKMC
[10:03:51] [121/459] KRVM
[10:03:53] [122/459] AKCP
[10:03:53] [123/459] CNCV
[10:03:54] [124/459] PACT
[10:03:55] [125/459] NATP
[10:03:55] [126/459] PCPK
[10:03:56] [127/459] SMHO
[10:03:57] [128/459] CWTK
[10:03:58] [129/459] RVKZ
[10:03:59] [130/459] ASPD
[10:04:00] [131/459] VTKZ
[10:04:00] [132/459] LCSO
[10:04:01] [133/459] PRDY
[10:04:02] [134/459] RCAP
[10:04:03] [135/459] RGAR
[10:04:04] [136/459] RCAC
[10:04:04] [137/459] PMOD
[10:04:05] [138/459] PVCN
[10:04:06] [139/459] SCRZ
[10:04:07] [140/459] PVPC
[10:04:07] [141/459] STID
[10:04:09] [142/459] NEDD
[10:04:09] [143/459] BNBA
[10:04:10] [144/459] NTCD
[10:04:11] [145/459] OCDE
[10:04:12] [146/459] CCDU
[10:04:12] [147/459] CRXH
[10:04:14] [148/459] VLVT
[10:04:15] [149/459] CICI
[10:04:15] [150/459] SUCB
[10:04:16] [151/459] TCBP
[10:04:16] [152/459] SCCY
[10:04:17] [153/459] LXCY
[10:04:18] [154/459] NCMD
[10:04:19] [155/459] PHCS
[10:04:19] [156/459] DUXR
[10:04:20] [157/459] VNKS
[10:04:21] [158/459] SEDP
[10:04:22] [159/459] SVEN
[10:04:23] [160/459] SRKM
[10:04:24] [161/459] JTLT
[10:04:25] [162/459] SVSS
[10:04:26] [163/459] AMDE
[10:04:27] [164/459] WVRN
[10:04:28] [165/459] ISMG
[10:04:29] [166/459] WVKS
[10:04:30] [167/459] USCG
[10:04:31] [168/459] IOTG
[10:04:32] [169/459] RRJM
[10:04:32] [170/459] EDMP
[10:04:33] [171/459] SCGZ
[10:04:34] [172/459] GMGX
[10:04:35] [173/459] OMTP
[10:04:36] [174/459] MITD
[10:04:36] [175/459] SMMD
[10:04:37] [176/459] STML
[10:04:38] [177/459] MCFS
[10:04:39] [178/459] FPKA
[10:04:39] [179/459] OMLR
[10:04:40] [180/459] KKSC
[10:04:41] [181/459] RVMA
[10:04:42] [182/459] SCLL
[10:04:43] [183/459] SCDK
[10:04:43] [184/459] SXMI
[10:04:44] [185/459] SHDN
[10:04:45] [186/459] PAAD
[10:04:46] [187/459] UUCB
[10:04:48] [188/459] JHOL
[10:04:48] [189/459] SGWT
[10:04:49] [190/459] SRII
[10:04:49] [191/459] SGCK
[10:04:50] [192/459] SVVB
[10:04:51] [193/459] DMHA
[10:04:52] [194/459] PPNL
[10:04:53] [195/459] CPNL
[10:04:54] [196/459] WVLD
[10:04:55] [197/459] PSLV
[10:04:56] [198/459] VTTL
[10:04:57] [199/459] NPAD
[10:04:58] [200/459] PVCS
[10:04:59] [201/459] MCHL
[10:05:00] [202/459] PPLL
[10:05:00] [203/459] MALO
[10:05:01] [204/459] SWBH
[10:05:02] [205/459] PUGB
[10:05:03] [206/459] INBB
[10:05:04] [207/459] INNS
[10:05:04] [208/459] MCPT
[10:05:05] [209/459] SCMI
[10:05:06] [210/459] OCON
[10:05:07] [211/459] SCSM
[10:05:08] [212/459] RJVN
[10:05:08] [213/459] AMDK
[10:05:09] [214/459] ISMR
[10:05:10] [215/459] SMTD
[10:05:11] [216/459] VTDD
[10:05:11] [217/459] PDDZ
[10:05:12] [218/459] PCCK
[10:05:13] [219/459] INAM
[10:05:15] [220/459] FNKT
[10:05:15] [221/459] GDKA
[10:05:16] [222/459] MAYU
[10:05:17] [223/459] TCGU
[10:05:17] [224/459] KDCA
[10:05:18] [225/459] DOMY
[10:05:20] [226/459] PDDD
[10:05:20] [227/459] BJTS
[10:05:21] [228/459] VTCA
[10:05:21] [229/459] SBTM
[10:05:22] [230/459] SEET
[10:05:23] [231/459] SSTJ
[10:05:24] [232/459] SVNT
[10:05:25] [233/459] PPPR
[10:05:25] [234/459] PVYS
[10:05:26] [235/459] IOSE
[10:05:27] [236/459] ACTV
[10:05:28] [237/459] APVE
[10:05:29] [238/459] TCCL
[10:05:30] [239/459] SCMO
[10:05:30] [240/459] SAUM
[10:05:31] [241/459] KCJS
[10:05:32] [242/459] NJCJ
[10:05:33] [243/459] NECF
[10:05:34] [244/459] CCGW
[10:05:34] [245/459] CCMG
[10:05:35] [246/459] NYRG
[10:05:36] [247/459] NCSQ
[10:05:37] [248/459] GRCG
[10:05:38] [249/459] CCBT
[10:05:39] [250/459] ACGA
[10:05:39] [251/459] INAG
[10:05:40] [252/459] FUCG
[10:05:41] [253/459] AICF
[10:05:42] [254/459] GRGA
[10:05:44] [255/459] GDCN
[10:05:44] [256/459] RRCG
[10:05:45] [257/459] SDCH
[10:05:45] [258/459] WVJM
[10:05:46] [259/459] JCCZ
[10:05:47] [260/459] CNCL
[10:05:47] [261/459] TMLV
[10:05:48] [262/459] MEMB
[10:05:49] [263/459] SGTD
[10:05:50] [264/459] CONX
[10:05:51] [265/459] CCMH
[10:05:52] [266/459] ACMC
[10:05:53] [267/459] DTPD
[10:05:54] [268/459] POJA
[10:05:55] [269/459] FNBH
[10:05:56] [270/459] CGCB
[10:05:57] [271/459] RACN
[10:05:58] [272/459] JTSM
[10:05:59] [273/459] SCDN
[10:05:59] [274/459] AACK
[10:06:00] [275/459] RMCE
[10:06:01] [276/459] BSGB
[10:06:02] [277/459] MRCB
[10:06:03] [278/459] SRVR
[10:06:03] [279/459] VTKK
[10:06:04] [280/459] AMST
[10:06:05] [281/459] APCY
[10:06:06] [282/459] LMHO
[10:06:06] [283/459] MTZH
[10:06:07] [284/459] AMZB
[10:06:09] [285/459] SUVT
[10:06:10] [286/459] RCIP
[10:06:10] [287/459] KESR
[10:06:12] [288/459] SNKC
[10:06:12] [289/459] SCED
[10:06:13] [290/459] DVCA
[10:06:14] [291/459] VCDT
[10:06:15] [292/459] RRDI
[10:06:17] [293/459] DFCH
[10:06:18] [294/459] INSC
[10:06:19] [295/459] RGTR
[10:06:19] [296/459] FMOT
[10:06:20] [297/459] SCPM
[10:06:21] [298/459] GCDT
[10:06:22] [299/459] BRKT
[10:06:23] [300/459] DEMP
[10:06:23] [301/459] SRLC
[10:06:24] [302/459] KSTT
[10:06:25] [303/459] SMMT
[10:06:26] [304/459] SILM
[10:06:27] [305/459] JCVM
[10:06:27] [306/459] KCSV
[10:06:29] [307/459] MHLK
[10:06:30] [308/459] SLVL
[10:06:30] [309/459] RJKP
[10:06:31] [310/459] BBPC
[10:06:32] [311/459] MXCB
[10:06:33] [312/459] TCPK
[10:06:34] [313/459] RTBR
[10:06:34] [314/459] GAUT
[10:06:35] [315/459] DVCF
[10:06:36] [316/459] JTSB
[10:06:37] [317/459] SBLS
[10:06:38] [318/459] UDAY
[10:06:38] [319/459] PTNP
[10:06:39] [320/459] DMKT
[10:06:41] [321/459] NTDT
[10:06:41] [322/459] SHDJ
[10:06:43] [323/459] OTNC
[10:06:44] [324/459] RNTW
[10:06:44] [325/459] GCMI
[10:06:45] [326/459] CRCM
[10:06:45] [327/459] NNCZ
[10:06:46] [328/459] OEMO
[10:06:47] [329/459] PVJM
[10:06:48] [330/459] CPJI
[10:06:48] [331/459] RMCJ
[10:06:49] [332/459] CNWJ
[10:06:50] [333/459] EPJM
[10:06:51] [334/459] FNJJ
[10:06:52] [335/459] GCMJ
[10:06:53] [336/459] INPS
[10:06:53] [337/459] BICJ
[10:06:54] [338/459] ISTJ
[10:06:55] [339/459] INJC
[10:06:56] [340/459] GLXJ
[10:06:57] [341/459] INEM
[10:06:57] [342/459] JTMN
[10:06:59] [343/459] FRCJ
[10:06:59] [344/459] DDJP
[10:07:01] [345/459] INJV
[10:07:02] [346/459] GOLC
[10:07:03] [347/459] KOCI
[10:07:04] [348/459] FSTD
[10:07:04] [349/459] PACJ
[10:07:05] [350/459] GMCN
[10:07:07] [351/459] MMDJ
[10:07:07] [352/459] GODH
[10:07:08] [353/459] SKYN
[10:07:09] [354/459] NCTH
[10:07:10] [355/459] SKVZ
[10:07:11] [356/459] SVML
[10:07:11] [357/459] ACVZ
[10:07:12] [358/459] SURA
[10:07:13] [359/459] RTRB
[10:07:14] [360/459] LLCT
[10:07:15] [361/459] ATTS
[10:07:16] [362/459] JYCM
[10:07:16] [363/459] CTKR
[10:07:17] [364/459] LCKR
[10:07:18] [365/459] NYCV
[10:07:19] [366/459] NYOH
[10:07:20] [367/459] NOVX
[10:07:21] [368/459] MRGK
[10:07:22] [369/459] MOON
[10:07:23] [370/459] SBUC
[10:07:23] [371/459] GSVA
[10:07:24] [372/459] VIAK
[10:07:25] [373/459] SMVZ
[10:07:27] [374/459] MATE
[10:07:27] [375/459] RDCN
[10:07:29] [376/459] ASBL
[10:07:29] [377/459] ASVS
[10:07:30] [378/459] ASSR
[10:07:31] [379/459] SSKN
[10:07:31] [380/459] DRPV
[10:07:32] [381/459] MRHT
[10:07:33] [382/459] BSCN
[10:07:34] [383/459] RKNX
[10:07:35] [384/459] MSMC
[10:07:35] [385/459] MSCJ
[10:07:36] [386/459] BTBJ
[10:07:37] [387/459] MJCC
[10:07:38] [388/459] IOMM
[10:07:39] [389/459] ADGR
[10:07:40] [390/459] MYCP
[10:07:42] [391/459] IGCM
[10:07:42] [392/459] PGRK
[10:07:43] [393/459] VPGO
[10:07:44] [394/459] KOMS
[10:07:44] [395/459] URGG
[10:07:45] [396/459] GOST
[10:07:46] [397/459] LACT
[10:07:47] [398/459] BWCM
[10:07:48] [399/459] NCCW
[10:07:49] [400/459] SKYC
[10:07:49] [401/459] CCPM
[10:07:51] [402/459] VCBT
[10:07:52] [403/459] SDKR
[10:07:52] [404/459] CTYB
[10:07:53] [405/459] SHCX
[10:07:54] [406/459] RCUN
[10:07:55] [407/459] CNRA
[10:07:56] [408/459] RFCA
[10:07:57] [409/459] RDCU
[10:07:58] [410/459] SARK
[10:07:59] [411/459] SPPP
[10:07:59] [412/459] ADMB
[10:08:00] [413/459] JYOE
[10:08:01] [414/459] SRMD
[10:08:03] [415/459] RJDH
[10:08:03] [416/459] SSTD
[10:08:04] [417/459] AACV
[10:08:05] [418/459] PPVD
[10:08:05] [419/459] STCP
[10:08:06] [420/459] ANJR
[10:08:07] [421/459] ANLS
[10:08:08] [422/459] BIJO
[10:08:09] [423/459] AVAB
[10:08:09] [424/459] SPMD
[10:08:10] [425/459] SVJL
[10:08:11] [426/459] SDDJ
[10:08:13] [427/459] SLTU
[10:08:13] [428/459] SAKA
[10:08:14] [429/459] PMAM
[10:08:15] [430/459] FNAM
[10:08:16] [431/459] ACAM
[10:08:16] [432/459] SCMM
[10:08:17] [433/459] PMAK
[10:08:18] [434/459] NYSA
[10:08:19] [435/459] FCPA
[10:08:20] [436/459] GDAN
[10:08:21] [437/459] RSCA
[10:08:22] [438/459] DMAN
[10:08:22] [439/459] DZCM
[10:08:23] [440/459] NSGL
[10:08:25] [441/459] CCPP
[10:08:25] [442/459] PSMG
[10:08:26] [443/459] GSER
[10:08:26] [444/459] FCCT
[10:08:27] [445/459] FCTB
[10:08:28] [446/459] LCNK
[10:08:29] [447/459] SKTY
[10:08:30] [448/459] INAA
[10:08:30] [449/459] RCWN
[10:08:31] [450/459] VAIS
[10:08:32] [451/459] CVMN
[10:08:33] [452/459] INTS
[10:08:34] [453/459] FRGS
[10:08:35] [454/459] DTCK
[10:08:36] [455/459] MCMH
[10:08:37] [456/459] ECRR
[10:08:38] [457/459] RLLP
[10:08:38] [458/459] CCSN
[10:08:39] [459/459] CCBA
[10:08:40] 🧹 Deduping shows
[10:08:40] ✅ DONE | Shows=810 | Movies=60
[16:48:05] 🚀 SCRIPT STARTED
[16:48:05] [1/459] MBDC
[16:48:05] 🧠 New identity created
[16:48:06] [2/459] CHKM
[16:48:07] [3/459] JTKZ
[16:48:07] [4/459] CMCT
[16:48:08] [5/459] ASHO
[16:48:09] [6/459] ECDG
[16:48:10] [7/459] SPAT
[16:48:11] [8/459] HILC
[16:48:11] [9/459] SPPH
[16:48:12] [10/459] SBHN
[16:48:13] [11/459] RRCA
[16:48:14] [12/459] APAA
[16:48:15] [13/459] RAME
[16:48:16] [14/459] TMMS
[16:48:16] [15/459] BATK
[16:48:17] [16/459] LKOP
[16:48:18] [17/459] AMTT
[16:48:19] [18/459] PTGK
[16:48:19] [19/459] ANRS
[16:48:20] [20/459] VWBW
[16:48:21] [21/459] SVFG
[16:48:22] [22/459] STAT
[16:48:23] [23/459] GDCV
[16:48:23] [24/459] VEBI
[16:48:24] [25/459] VDSS
[16:48:25] [26/459] NTHV
[16:48:26] [27/459] AOCH
[16:48:27] [28/459] KASR
[16:48:27] [29/459] AYCS
[16:48:28] [30/459] SHAI
[16:48:29] [31/459] SKPE
[16:48:31] [32/459] SBTA
[16:48:31] [33/459] RTTD
[16:48:32] [34/459] CCJD
[16:48:33] [35/459] RSJJ
[16:48:35] [36/459] RKND
[16:48:36] [37/459] SVTX
[16:48:37] [38/459] BAKM
[16:48:38] [39/459] SVDC
[16:48:39] [40/459] MNCV
[16:48:40] [41/459] SJGC
[16:48:40] [42/459] MTPK
[16:48:42] [43/459] GATP
[16:48:43] [44/459] ABTS
[16:48:44] [45/459] ABDE
[16:48:45] [46/459] RCNM
[16:48:46] [47/459] KTHV
[16:48:47] [48/459] MDGJ
[16:48:47] [49/459] SMLM
[16:48:48] [50/459] JTMA
[16:48:49] [51/459] ACKP
[16:48:50] [52/459] SRTA
[16:48:51] [53/459] STAY
[16:48:52] [54/459] MAVO
[16:48:53] [55/459] APTS
[16:48:53] [56/459] OMEA
[16:48:54] [57/459] TTFD
[16:48:55] [58/459] MJCU
[16:48:56] [59/459] CXTE
[16:48:57] [60/459] CTPX
[16:48:58] [61/459] ASSL
[16:48:58] [62/459] CMVB
[16:48:59] [63/459] VPUR
[16:49:00] [64/459] JJDA
[16:49:00] [65/459] INBL
[16:49:01] [66/459] BIKB
[16:49:02] [67/459] NTBB
[16:49:03] [68/459] GLOB
[16:49:04] [69/459] SNTB
[16:49:05] [70/459] CHGV
[16:49:06] [71/459] SSBZ
[16:49:07] [72/459] PRDB
[16:49:08] [73/459] ISMT
[16:49:08] [74/459] MCSD
[16:49:09] [75/459] JBTT
[16:49:10] [76/459] GEKR
[16:49:11] [77/459] PVUN
[16:49:11] [78/459] NRTB
[16:49:12] [79/459] PRAA
[16:49:13] [80/459] PCBL
[16:49:15] [81/459] PTCM
[16:49:16] [82/459] KHNN
[16:49:16] [83/459] OMJE
[16:49:17] [84/459] STGN
[16:49:18] [85/459] RPMS
[16:49:19] [86/459] NWAD
[16:49:20] [87/459] BLCK
[16:49:20] [88/459] SVAA
[16:49:22] [89/459] URVM
[16:49:23] [90/459] ANTM
[16:49:24] [91/459] VJYM
[16:49:25] [92/459] MAZZ
[16:49:25] [93/459] CSHM
[16:49:26] [94/459] WGMH
[16:49:27] [95/459] SALN
[16:49:28] [96/459] BRTP
[16:49:29] [97/459] SVTA
[16:49:29] [98/459] SBTP
[16:49:30] [99/459] VLSS
[16:49:31] [100/459] SRJA
[16:49:32] [101/459] ANCG
[16:49:33] [102/459] CGGC
[16:49:34] [103/459] CRJA
[16:49:35] [104/459] USCR
[16:49:36] [105/459] MMEF
[16:49:37] [106/459] JCRJ
[16:49:38] [107/459] ADCM
[16:49:38] [108/459] BMYK
[16:49:39] [109/459] KICS
[16:49:40] [110/459] MBBT
[16:49:41] [111/459] MACK
[16:49:42] [112/459] CLDR
[16:49:43] [113/459] JYCR
[16:49:44] [114/459] DCRP
[16:49:45] [115/459] RAHT
[16:49:45] [116/459] CSSM
[16:49:46] [117/459] ATPK
[16:49:47] [118/459] KLRT
[16:49:48] [119/459] SRDD
[16:49:49] [120/459] CKMC
[16:49:50] [121/459] KRVM
[16:49:51] [122/459] AKCP
[16:49:52] [123/459] CNCV
[16:49:53] [124/459] PACT
[16:49:54] [125/459] NATP
[16:49:55] [126/459] PCPK
[16:49:55] [127/459] SMHO
[16:49:56] [128/459] CWTK
[16:49:57] [129/459] RVKZ
[16:49:58] [130/459] ASPD
[16:49:59] [131/459] VTKZ
[16:49:59] [132/459] LCSO
[16:50:00] [133/459] PRDY
[16:50:01] [134/459] RCAP
[16:50:02] [135/459] RGAR
[16:50:03] [136/459] RCAC
[16:50:04] [137/459] PMOD
[16:50:05] [138/459] PVCN
[16:50:06] [139/459] SCRZ
[16:50:07] [140/459] PVPC
[16:50:08] [141/459] STID
[16:50:08] [142/459] NEDD
[16:50:09] [143/459] BNBA
[16:50:10] [144/459] NTCD
[16:50:11] [145/459] OCDE
[16:50:12] [146/459] CCDU
[16:50:12] [147/459] CRXH
[16:50:13] [148/459] VLVT
[16:50:14] [149/459] CICI
[16:50:15] [150/459] SUCB
[16:50:16] [151/459] TCBP
[16:50:17] [152/459] SCCY
[16:50:18] [153/459] LXCY
[16:50:19] [154/459] NCMD
[16:50:19] [155/459] PHCS
[16:50:20] [156/459] DUXR
[16:50:21] [157/459] VNKS
[16:50:22] [158/459] SEDP
[16:50:23] [159/459] SVEN
[16:50:24] [160/459] SRKM
[16:50:24] [161/459] JTLT
[16:50:25] [162/459] SVSS
[16:50:26] [163/459] AMDE
[16:50:27] [164/459] WVRN
[16:50:28] [165/459] ISMG
[16:50:29] [166/459] WVKS
[16:50:30] [167/459] USCG
[16:50:32] [168/459] IOTG
[16:50:33] [169/459] RRJM
[16:50:34] [170/459] EDMP
[16:50:34] [171/459] SCGZ
[16:50:35] [172/459] GMGX
[16:50:36] [173/459] OMTP
[16:50:37] [174/459] MITD
[16:50:38] [175/459] SMMD
[16:50:39] [176/459] STML
[16:50:39] [177/459] MCFS
[16:50:40] [178/459] FPKA
[16:50:41] [179/459] OMLR
[16:50:42] [180/459] KKSC
[16:50:43] [181/459] RVMA
[16:50:43] [182/459] SCLL
[16:50:44] [183/459] SCDK
[16:50:45] [184/459] SXMI
[16:50:46] [185/459] SHDN
[16:50:47] [186/459] PAAD
[16:50:48] [187/459] UUCB
[16:50:49] [188/459] JHOL
[16:50:50] [189/459] SGWT
[16:50:51] [190/459] SRII
[16:50:52] [191/459] SGCK
[16:50:53] [192/459] SVVB
[16:50:53] [193/459] DMHA
[16:50:54] [194/459] PPNL
[16:50:55] [195/459] CPNL
[16:50:56] [196/459] WVLD
[16:50:57] [197/459] PSLV
[16:50:58] [198/459] VTTL
[16:50:58] [199/459] NPAD
[16:50:59] [200/459] PVCS
[16:51:01] [201/459] MCHL
[16:51:02] [202/459] PPLL
[16:51:02] [203/459] MALO
[16:51:03] [204/459] SWBH
[16:51:04] [205/459] PUGB
[16:51:05] [206/459] INBB
[16:51:06] [207/459] INNS
[16:51:07] [208/459] MCPT
[16:51:09] [209/459] SCMI
[16:51:09] [210/459] OCON
[16:51:10] [211/459] SCSM
[16:51:11] [212/459] RJVN
[16:51:12] [213/459] AMDK
[16:51:13] [214/459] ISMR
[16:51:13] [215/459] SMTD
[16:51:14] [216/459] VTDD
[16:51:15] [217/459] PDDZ
[16:51:16] [218/459] PCCK
[16:51:17] [219/459] INAM
[16:51:17] [220/459] FNKT
[16:51:18] [221/459] GDKA
[16:51:19] [222/459] MAYU
[16:51:21] [223/459] TCGU
[16:51:22] [224/459] KDCA
[16:51:23] [225/459] DOMY
[16:51:24] [226/459] PDDD
[16:51:25] [227/459] BJTS
[16:51:26] [228/459] VTCA
[16:51:27] [229/459] SBTM
[16:51:27] [230/459] SEET
[16:51:28] [231/459] SSTJ
[16:51:29] [232/459] SVNT
[16:51:30] [233/459] PPPR
[16:51:31] [234/459] PVYS
[16:51:32] [235/459] IOSE
[16:51:32] [236/459] ACTV
[16:51:34] [237/459] APVE
[16:51:35] [238/459] TCCL
[16:51:36] [239/459] SCMO
[16:51:37] [240/459] SAUM
[16:51:37] [241/459] KCJS
[16:51:38] [242/459] NJCJ
[16:51:39] [243/459] NECF
[16:51:40] [244/459] CCGW
[16:51:41] [245/459] CCMG
[16:51:41] [246/459] NYRG
[16:51:42] [247/459] NCSQ
[16:51:43] [248/459] GRCG
[16:51:45] [249/459] CCBT
[16:51:45] [250/459] ACGA
[16:51:46] [251/459] INAG
[16:51:47] [252/459] FUCG
[16:51:48] [253/459] AICF
[16:51:49] [254/459] GRGA
[16:51:50] [255/459] GDCN
[16:51:50] [256/459] RRCG
[16:51:51] [257/459] SDCH
[16:51:52] [258/459] WVJM
[16:51:53] [259/459] JCCZ
[16:51:53] [260/459] CNCL
[16:51:54] [261/459] TMLV
[16:51:55] [262/459] MEMB
[16:51:56] [263/459] SGTD
[16:51:56] [264/459] CONX
[16:51:57] [265/459] CCMH
[16:51:58] [266/459] ACMC
[16:51:59] [267/459] DTPD
[16:52:00] [268/459] POJA
[16:52:01] [269/459] FNBH
[16:52:02] [270/459] CGCB
[16:52:03] [271/459] RACN
[16:52:04] [272/459] JTSM
[16:52:05] [273/459] SCDN
[16:52:06] [274/459] AACK
[16:52:06] [275/459] RMCE
[16:52:07] [276/459] BSGB
[16:52:08] [277/459] MRCB
[16:52:09] [278/459] SRVR
[16:52:10] [279/459] VTKK
[16:52:10] [280/459] AMST
[16:52:11] [281/459] APCY
[16:52:13] [282/459] LMHO
[16:52:14] [283/459] MTZH
[16:52:14] [284/459] AMZB
[16:52:15] [285/459] SUVT
[16:52:16] [286/459] RCIP
[16:52:17] [287/459] KESR
[16:52:17] [288/459] SNKC
[16:52:18] [289/459] SCED
[16:52:19] [290/459] DVCA
[16:52:20] [291/459] VCDT
[16:52:20] [292/459] RRDI
[16:52:21] [293/459] DFCH
[16:52:22] [294/459] INSC
[16:52:23] [295/459] RGTR
[16:52:24] [296/459] FMOT
[16:52:24] [297/459] SCPM
[16:52:25] [298/459] GCDT
[16:52:26] [299/459] BRKT
[16:52:27] [300/459] DEMP
[16:52:28] [301/459] SRLC
[16:52:29] [302/459] KSTT
[16:52:30] [303/459] SMMT
[16:52:30] [304/459] SILM
[16:52:31] [305/459] JCVM
[16:52:32] [306/459] KCSV
[16:52:33] [307/459] MHLK
[16:52:33] [308/459] SLVL
[16:52:34] [309/459] RJKP
[16:52:35] [310/459] BBPC
[16:52:36] [311/459] MXCB
[16:52:36] [312/459] TCPK
[16:52:38] [313/459] RTBR
[16:52:39] [314/459] GAUT
[16:52:40] [315/459] DVCF
[16:52:40] [316/459] JTSB
[16:52:41] [317/459] SBLS
[16:52:42] [318/459] UDAY
[16:52:43] [319/459] PTNP
[16:52:43] [320/459] DMKT
[16:52:44] [321/459] NTDT
[16:52:45] [322/459] SHDJ
[16:52:46] [323/459] OTNC
[16:52:47] [324/459] RNTW
[16:52:47] [325/459] GCMI
[16:52:48] [326/459] CRCM
[16:52:49] [327/459] NNCZ
[16:52:50] [328/459] OEMO
[16:52:51] [329/459] PVJM
[16:52:51] [330/459] CPJI
[16:52:52] [331/459] RMCJ
[16:52:53] [332/459] CNWJ
[16:52:54] [333/459] EPJM
[16:52:55] [334/459] FNJJ
[16:52:55] [335/459] GCMJ
[16:52:56] [336/459] INPS
[16:52:57] [337/459] BICJ
[16:52:58] [338/459] ISTJ
[16:52:59] [339/459] INJC
[16:53:00] [340/459] GLXJ
[16:53:00] [341/459] INEM
[16:53:01] [342/459] JTMN
[16:53:02] [343/459] FRCJ
[16:53:03] [344/459] DDJP
[16:53:04] [345/459] INJV
[16:53:04] [346/459] GOLC
[16:53:05] [347/459] KOCI
[16:53:06] [348/459] FSTD
[16:53:07] [349/459] PACJ
[16:53:08] [350/459] GMCN
[16:53:10] [351/459] MMDJ
[16:53:10] [352/459] GODH
[16:53:11] [353/459] SKYN
[16:53:12] [354/459] NCTH
[16:53:13] [355/459] SKVZ
[16:53:14] [356/459] SVML
[16:53:14] [357/459] ACVZ
[16:53:15] [358/459] SURA
[16:53:16] [359/459] RTRB
[16:53:17] [360/459] LLCT
[16:53:18] [361/459] ATTS
[16:53:20] [362/459] JYCM
[16:53:20] [363/459] CTKR
[16:53:21] [364/459] LCKR
[16:53:22] [365/459] NYCV
[16:53:23] [366/459] NYOH
[16:53:24] [367/459] NOVX
[16:53:25] [368/459] MRGK
[16:53:26] [369/459] MOON
[16:53:27] [370/459] SBUC
[16:53:28] [371/459] GSVA
[16:53:29] [372/459] VIAK
[16:53:30] [373/459] SMVZ
[16:53:31] [374/459] MATE
[16:53:32] [375/459] RDCN
[16:53:33] [376/459] ASBL
[16:53:34] [377/459] ASVS
[16:53:35] [378/459] ASSR
[16:53:36] [379/459] SSKN
[16:53:37] [380/459] DRPV
[16:53:38] [381/459] MRHT
[16:53:39] [382/459] BSCN
[16:53:40] [383/459] RKNX
[16:53:41] [384/459] MSMC
[16:53:43] [385/459] MSCJ
[16:53:44] [386/459] BTBJ
[16:53:44] [387/459] MJCC
[16:53:45] [388/459] IOMM
[16:53:46] [389/459] ADGR
[16:53:47] [390/459] MYCP
[16:53:47] [391/459] IGCM
[16:53:48] [392/459] PGRK
[16:53:49] [393/459] VPGO
[16:53:50] [394/459] KOMS
[16:53:51] [395/459] URGG
[16:53:52] [396/459] GOST
[16:53:53] [397/459] LACT
[16:53:54] [398/459] BWCM
[16:53:55] [399/459] NCCW
[16:53:55] [400/459] SKYC
[16:53:56] [401/459] CCPM
[16:53:57] [402/459] VCBT
[16:53:58] [403/459] SDKR
[16:53:59] [404/459] CTYB
[16:54:00] [405/459] SHCX
[16:54:00] [406/459] RCUN
[16:54:01] [407/459] CNRA
[16:54:02] [408/459] RFCA
[16:54:03] [409/459] RDCU
[16:54:04] [410/459] SARK
[16:54:05] [411/459] SPPP
[16:54:06] [412/459] ADMB
[16:54:06] [413/459] JYOE
[16:54:07] [414/459] SRMD
[16:54:09] [415/459] RJDH
[16:54:09] [416/459] SSTD
[16:54:10] [417/459] AACV
[16:54:11] [418/459] PPVD
[16:54:12] [419/459] STCP
[16:54:12] [420/459] ANJR
[16:54:13] [421/459] ANLS
[16:54:14] [422/459] BIJO
[16:54:15] [423/459] AVAB
[16:54:15] [424/459] SPMD
[16:54:16] [425/459] SVJL
[16:54:17] [426/459] SDDJ
[16:54:18] [427/459] SLTU
[16:54:19] [428/459] SAKA
[16:54:20] [429/459] PMAM
[16:54:21] [430/459] FNAM
[16:54:22] [431/459] ACAM
[16:54:23] [432/459] SCMM
[16:54:24] [433/459] PMAK
[16:54:26] [434/459] NYSA
[16:54:27] [435/459] FCPA
[16:54:27] [436/459] GDAN
[16:54:28] [437/459] RSCA
[16:54:29] [438/459] DMAN
[16:54:30] [439/459] DZCM
[16:54:31] [440/459] NSGL
[16:54:32] [441/459] CCPP
[16:54:33] [442/459] PSMG
[16:54:34] [443/459] GSER
[16:54:34] [444/459] FCCT
[16:54:35] [445/459] FCTB
[16:54:36] [446/459] LCNK
[16:54:37] [447/459] SKTY
[16:54:38] [448/459] INAA
[16:54:39] [449/459] RCWN
[16:54:40] [450/459] VAIS
[16:54:41] [451/459] CVMN
[16:54:42] [452/459] INTS
[16:54:42] [453/459] FRGS
[16:54:43] [454/459] DTCK
[16:54:44] [455/459] MCMH
[16:54:45] [456/459] ECRR
[16:54:46] [457/459] RLLP
[16:54:47] [458/459] CCSN
[16:54:48] [459/459] CCBA
[16:54:49] 🧹 Deduping shows
[16:54:49] ✅ DONE | Shows=957 | Movies=65
