[10:03:09] 🚀 SCRIPT STARTED
[10:03:09] [1/459] FNDB
[10:03:09] 🧠 New identity created
[10:03:10] [2/459] AMBH
[10:03:10] [3/459] PRHN
[10:03:11] [4/459] ACPM
[10:03:11] [5/459] PVFS
[10:03:12] [6/459] AACN
[10:03:13] [7/459] ACAS
[10:03:13] [8/459] CTNR
[10:03:14] [9/459] MMAH
[10:03:14] [10/459] CPMH
[10:03:15] [11/459] IGMH
[10:03:16] [12/459] ABCS
[10:03:16] [13/459] CMMA
[10:03:17] [14/459] GPRH
[10:03:17] [15/459] PNNG
[10:03:18] [16/459] AMCA
[10:03:19] [17/459] ISTN
[10:03:19] [18/459] PIIC
[10:03:20] [19/459] AHMH
[10:03:21] [20/459] ASHN
[10:03:21] [21/459] INHY
[10:03:22] [22/459] SRMO
[10:03:22] [23/459] PIMH
[10:03:23] [24/459] PVTS
[10:03:23] [25/459] MMCA
[10:03:24] [26/459] AKYJ
[10:03:24] [27/459] BRKH
[10:03:25] [28/459] MAHM
[10:03:25] [29/459] CPHY
[10:03:26] [30/459] PVTP
[10:03:26] [31/459] SMMR
[10:03:27] [32/459] PVHM
[10:03:28] [33/459] SNDY
[10:03:28] [34/459] GOKU
[10:03:29] [35/459] ACEV
[10:03:29] [36/459] PVUM
[10:03:30] [37/459] VSWA
[10:03:31] [38/459] IPRS
[10:03:31] [39/459] ASGN
[10:03:32] [40/459] BKMV
[10:03:33] [41/459] PVYH
[10:03:33] [42/459] INKM
[10:03:34] [43/459] ARJU
[10:03:34] [44/459] JJPP
[10:03:35] [45/459] SSRM
[10:03:35] [46/459] HMHD
[10:03:36] [47/459] SNKH
[10:03:36] [48/459] ACHI
[10:03:37] [49/459] MRAA
[10:03:38] [50/459] INMH
[10:03:38] [51/459] ARMH
[10:03:39] [52/459] DVRR
[10:03:39] [53/459] SUDA
[10:03:40] [54/459] MCSS
[10:03:40] [55/459] VRKC
[10:03:41] [56/459] PRCX
[10:03:41] [57/459] ASJY
[10:03:42] [58/459] MTHY
[10:03:43] [59/459] SRCM
[10:03:43] [60/459] TVHY
[10:03:44] [61/459] STHD
[10:03:44] [62/459] CPCL
[10:03:45] [63/459] PSMJ
[10:03:46] [64/459] MRGT
[10:03:46] [65/459] ARYH
[10:03:47] [66/459] VTRB
[10:03:48] [67/459] SCHC
[10:03:48] [68/459] MRRG
[10:03:49] [69/459] SPCB
[10:03:49] [70/459] AMCM
[10:03:50] [71/459] IVNM
[10:03:50] [72/459] TRHY
[10:03:51] [73/459] PTTH
[10:03:52] [74/459] RKMH
[10:03:52] [75/459] PRCS
[10:03:53] [76/459] VAJA
[10:03:53] [77/459] BJNG
[10:03:54] [78/459] SCVM
[10:03:54] [79/459] GNHB
[10:03:55] [80/459] TLUR
[10:03:55] [81/459] UKCC
[10:03:56] [82/459] SRKR
[10:03:57] [83/459] RMKN
[10:03:57] [84/459] SLRT
[10:03:58] [85/459] LKMT
[10:03:59] [86/459] SSRJ
[10:03:59] [87/459] SPHT
[10:04:00] [88/459] ANTT
[10:04:00] [89/459] SRCH
[10:04:01] [90/459] SRCA
[10:04:01] [91/459] ARTH
[10:04:02] [92/459] MCBH
[10:04:02] [93/459] SNIB
[10:04:03] [94/459] SART
[10:04:03] [95/459] SKTA
[10:04:05] [96/459] YAKT
[10:04:05] [97/459] MLCK
[10:04:06] [98/459] ANTS
[10:04:07] [99/459] DGCA
[10:04:08] [100/459] SGMP
[10:04:10] [101/459] ASWN
[10:04:10] [102/459] KFVU
[10:04:11] [103/459] POOR
[10:04:12] [104/459] GKDN
[10:04:12] [105/459] EOSE
[10:04:13] [106/459] GTTT
[10:04:14] [107/459] ARRO
[10:04:15] [108/459] CMMK
[10:04:15] [109/459] MSCN
[10:04:16] [110/459] GDKH
[10:04:17] [111/459] DLMT
[10:04:18] [112/459] PVMF
[10:04:19] [113/459] CPCK
[10:04:20] [114/459] VMHE
[10:04:20] [115/459] PVLC
[10:04:21] [116/459] PCVB
[10:04:22] [117/459] SNYK
[10:04:23] [118/459] KTEK
[10:04:24] [119/459] PCNM
[10:04:25] [120/459] NTTR
[10:04:26] [121/459] CPSK
[10:04:27] [122/459] JMMA
[10:04:28] [123/459] GCFK
[10:04:29] [124/459] MYCA
[10:04:30] [125/459] KSNP
[10:04:31] [126/459] PMCE
[10:04:31] [127/459] SCKI
[10:04:32] [128/459] FSMA
[10:04:33] [129/459] CETA
[10:04:34] [130/459] MCIK
[10:04:35] [131/459] MYCR
[10:04:36] [132/459] EVMP
[10:04:36] [133/459] SSGT
[10:04:38] [134/459] KCTK
[10:04:38] [135/459] ZTKC
[10:04:39] [136/459] MMTA
[10:04:40] [137/459] MAJT
[10:04:41] [138/459] ACPK
[10:04:41] [139/459] JMAX
[10:04:42] [140/459] SETK
[10:04:43] [141/459] CAIS
[10:04:44] [142/459] AGCD
[10:04:45] [143/459] URCL
[10:04:46] [144/459] VTDS
[10:04:47] [145/459] JCNM
[10:04:47] [146/459] KCAM
[10:04:48] [147/459] ADCU
[10:04:49] [148/459] GXYN
[10:04:50] [149/459] SMJG
[10:04:50] [150/459] EYCJ
[10:04:51] [151/459] CCEJ
[10:04:52] [152/459] MARS
[10:04:54] [153/459] CPVJ
[10:04:54] [154/459] INVP
[10:04:55] [155/459] CPOV
[10:04:56] [156/459] VIJK
[10:04:56] [157/459] LAIM
[10:04:58] [158/459] STHV
[10:04:59] [159/459] SVLJ
[10:04:59] [160/459] ATVJ
[10:05:00] [161/459] JTSC
[10:05:01] [162/459] RMTV
[10:05:02] [163/459] MGGG
[10:05:04] [164/459] SWTH
[10:05:04] [165/459] INVJ
[10:05:05] [166/459] PRSV
[10:05:07] [167/459] JATV
[10:05:07] [168/459] RCVD
[10:05:08] [169/459] BDMA
[10:05:10] [170/459] BLJI
[10:05:10] [171/459] SWOT
[10:05:11] [172/459] SWRN
[10:05:13] [173/459] TVRA
[10:05:14] [174/459] VCSV
[10:05:15] [175/459] NVRN
[10:05:15] [176/459] SIKC
[10:05:16] [177/459] VAKR
[10:05:17] [178/459] SYLN
[10:05:18] [179/459] KLJL
[10:05:19] [180/459] LKMY
[10:05:19] [181/459] VSLY
[10:05:20] [182/459] CIKO
[10:05:21] [183/459] GPBG
[10:05:22] [184/459] CECM
[10:05:22] [185/459] SLKB
[10:05:23] [186/459] MTBO
[10:05:24] [187/459] SSHB
[10:05:26] [188/459] VPCS
[10:05:26] [189/459] RCSR
[10:05:27] [190/459] RJRM
[10:05:27] [191/459] KPPB
[10:05:28] [192/459] SEDC
[10:05:29] [193/459] SCAI
[10:05:30] [194/459] RMTR
[10:05:30] [195/459] ASST
[10:05:32] [196/459] GCAK
[10:05:32] [197/459] ANNK
[10:05:34] [198/459] KDDF
[10:05:35] [199/459] NRDP
[10:05:36] [200/459] PLAK
[10:05:37] [201/459] GCMC
[10:05:37] [202/459] ALPY
[10:05:39] [203/459] SICE
[10:05:39] [204/459] SISR
[10:05:40] [205/459] SRPZ
[10:05:40] [206/459] SRSW
[10:05:41] [207/459] SUYA
[10:05:42] [208/459] AMMT
[10:05:43] [209/459] BHCU
[10:05:43] [210/459] KLPA
[10:05:44] [211/459] NVKH
[10:05:45] [212/459] JMRC
[10:05:46] [213/459] KTTT
[10:05:47] [214/459] MAGH
[10:05:48] [215/459] MMMX
[10:05:49] [216/459] SALJ
[10:05:50] [217/459] GTJA
[10:05:50] [218/459] MAHT
[10:05:51] [219/459] SSNN
[10:05:52] [220/459] ARRP
[10:05:53] [221/459] ATNS
[10:05:54] [222/459] SKDT
[10:05:54] [223/459] ACAT
[10:05:56] [224/459] APRC
[10:05:57] [225/459] SWAG
[10:05:58] [226/459] SDPT
[10:05:58] [227/459] STPS
[10:05:59] [228/459] WWCZ
[10:06:00] [229/459] LLCH
[10:06:00] [230/459] MZHA
[10:06:01] [231/459] CRJG
[10:06:02] [232/459] JGTK
[10:06:03] [233/459] KCSR
[10:06:04] [234/459] CHTL
[10:06:05] [235/459] EDSR
[10:06:05] [236/459] CSWO
[10:06:07] [237/459] CPVM
[10:06:08] [238/459] MXBY
[10:06:09] [239/459] FMMA
[10:06:09] [240/459] POVI
[10:06:10] [241/459] MTHB
[10:06:11] [242/459] INRC
[10:06:12] [243/459] PIPP
[10:06:12] [244/459] BMXC
[10:06:13] [245/459] PCMM
[10:06:14] [246/459] PMKM
[10:06:15] [247/459] GATY
[10:06:16] [248/459] IMCM
[10:06:16] [249/459] POPE
[10:06:17] [250/459] MTCR
[10:06:18] [251/459] PVAE
[10:06:20] [252/459] PVMI
[10:06:21] [253/459] CPNM
[10:06:22] [254/459] FMRL
[10:06:22] [255/459] MCIW
[10:06:23] [256/459] MXBO
[10:06:24] [257/459] FMKY
[10:06:25] [258/459] FMDA
[10:06:25] [259/459] THAB
[10:06:26] [260/459] PRCW
[10:06:27] [261/459] PITI
[10:06:29] [262/459] MCFF
[10:06:29] [263/459] PDDV
[10:06:30] [264/459] MCRM
[10:06:32] [265/459] KKMB
[10:06:32] [266/459] INKO
[10:06:33] [267/459] PLXP
[10:06:34] [268/459] MMHA
[10:06:35] [269/459] FMVS
[10:06:36] [270/459] POLM
[10:06:37] [271/459] STER
[10:06:39] [272/459] PVWJ
[10:06:40] [273/459] IMJW
[10:06:40] [274/459] FNAN
[10:06:41] [275/459] CAGL
[10:06:42] [276/459] IPBG
[10:06:43] [277/459] SMFV
[10:06:44] [278/459] MMMR
[10:06:44] [279/459] MMWM
[10:06:45] [280/459] FNCM
[10:06:46] [281/459] MDVA
[10:06:47] [282/459] MMET
[10:06:49] [283/459] MIDO
[10:06:49] [284/459] INNP
[10:06:50] [285/459] MIFU
[10:06:50] [286/459] MMSZ
[10:06:51] [287/459] BMXA
[10:06:53] [288/459] MCAA
[10:06:53] [289/459] SCVP
[10:06:54] [290/459] PLUS
[10:06:55] [291/459] MUCK
[10:06:55] [292/459] MTMA
[10:06:56] [293/459] HPVR
[10:06:57] [294/459] PMPK
[10:06:58] [295/459] MAJB
[10:06:59] [296/459] CTRR
[10:06:59] [297/459] MCTG
[10:07:00] [298/459] MACE
[10:07:01] [299/459] AAAS
[10:07:02] [300/459] CPVV
[10:07:03] [301/459] RCHG
[10:07:03] [302/459] MCNE
[10:07:04] [303/459] EMNC
[10:07:05] [304/459] MCAN
[10:07:06] [305/459] TCDM
[10:07:07] [306/459] IRGT
[10:07:08] [307/459] GCMG
[10:07:08] [308/459] MXSN
[10:07:09] [309/459] MXCK
[10:07:10] [310/459] MCRC
[10:07:11] [311/459] RSMI
[10:07:12] [312/459] WAML
[10:07:14] [313/459] MTSC
[10:07:14] [314/459] FMDR
[10:07:15] [315/459] LEPV
[10:07:16] [316/459] MTGD
[10:07:17] [317/459] IMOB
[10:07:18] [318/459] CLMM
[10:07:18] [319/459] PZCD
[10:07:19] [320/459] GOCS
[10:07:20] [321/459] KCMA
[10:07:21] [322/459] CCMP
[10:07:22] [323/459] MTSU
[10:07:23] [324/459] SNGL
[10:07:23] [325/459] MMMC
[10:07:24] [326/459] MMAA
[10:07:25] [327/459] GCDM
[10:07:26] [328/459] KTMV
[10:07:27] [329/459] AETE
[10:07:27] [330/459] OMCS
[10:07:28] [331/459] GDCD
[10:07:29] [332/459] NYMD
[10:07:30] [333/459] RNCV
[10:07:31] [334/459] KKMT
[10:07:32] [335/459] GDTH
[10:07:33] [336/459] KMMV
[10:07:34] [337/459] NHCG
[10:07:34] [338/459] PJDW
[10:07:35] [339/459] MMCV
[10:07:36] [340/459] FQSA
[10:07:36] [341/459] KURL
[10:07:37] [342/459] NNNX
[10:07:38] [343/459] AMAU
[10:07:39] [344/459] VVVM
[10:07:40] [345/459] VECU
[10:07:40] [346/459] WCVR
[10:07:41] [347/459] MTGG
[10:07:43] [348/459] SGTG
[10:07:43] [349/459] MNTG
[10:07:44] [350/459] JDDG
[10:07:45] [351/459] MBTK
[10:07:45] [352/459] SGCD
[10:07:46] [353/459] MCTC
[10:07:47] [354/459] JTPC
[10:07:48] [355/459] SDKT
[10:07:48] [356/459] KRCC
[10:07:49] [357/459] RMMD
[10:07:50] [358/459] AAME
[10:07:51] [359/459] TMWC
[10:07:52] [360/459] NRWY
[10:07:53] [361/459] CITD
[10:07:54] [362/459] VERD
[10:07:55] [363/459] MKSK
[10:07:55] [364/459] STSM
[10:07:56] [365/459] MJDG
[10:07:57] [366/459] RKPM
[10:07:58] [367/459] SSCE
[10:07:58] [368/459] VMAE
[10:07:59] [369/459] SBRU
[10:08:00] [370/459] AMBC
[10:08:01] [371/459] AMLU
[10:08:02] [372/459] INVZ
[10:08:03] [373/459] LGTV
[10:08:03] [374/459] SVAD
[10:08:04] [375/459] SMSA
[10:08:05] [376/459] SPCZ
[10:08:06] [377/459] GTCX
[10:08:07] [378/459] SCSL
[10:08:07] [379/459] SAHU
[10:08:08] [380/459] NCDA
[10:08:09] [381/459] SCCG
[10:08:10] [382/459] VKTL
[10:08:10] [383/459] PUUJ
[10:08:11] [384/459] STEJ
[10:08:12] [385/459] RJAL
[10:08:14] [386/459] ACJC
[10:08:15] [387/459] VTHC
[10:08:15] [388/459] ARVB
[10:08:17] [389/459] AUBB
[10:08:17] [390/459] GDBR
[10:08:19] [391/459] PVND
[10:08:19] [392/459] BGRJ
[10:08:20] [393/459] RJMM
[10:08:21] [394/459] MCSA
[10:08:22] [395/459] BODA
[10:08:23] [396/459] JAGG
[10:08:24] [397/459] SCGA
[10:08:24] [398/459] LRCM
[10:08:25] [399/459] CPCN
[10:08:26] [400/459] SSTF
[10:08:27] [401/459] SRXP
[10:08:28] [402/459] CNFX
[10:08:29] [403/459] ANDI
[10:08:29] [404/459] SYEW
[10:08:30] [405/459] RCRE
[10:08:31] [406/459] SCRW
[10:08:32] [407/459] MBKR
[10:08:33] [408/459] ASNT
[10:08:34] [409/459] JTMT
[10:08:34] [410/459] SHAY
[10:08:35] [411/459] VRTH
[10:08:36] [412/459] SPTI
[10:08:37] [413/459] DPTD
[10:08:39] [414/459] TGSN
[10:08:39] [415/459] RCWV
[10:08:40] [416/459] OCUR
[10:08:40] [417/459] KSTC
[10:08:41] [418/459] SANI
[10:08:42] [419/459] MLCA
[10:08:43] [420/459] EGCA
[10:08:43] [421/459] SYSN
[10:08:44] [422/459] PKTA
[10:08:45] [423/459] PRCC
[10:08:46] [424/459] KSTR
[10:08:47] [425/459] SNTP
[10:08:48] [426/459] RCHA
[10:08:49] [427/459] SEEA
[10:08:49] [428/459] ALAT
[10:08:50] [429/459] AATV
[10:08:51] [430/459] RJTE
[10:08:52] [431/459] AAPP
[10:08:52] [432/459] PMMH
[10:08:53] [433/459] INRJ
[10:08:54] [434/459] SARB
[10:08:55] [435/459] PCJL
[10:08:56] [436/459] PFJJ
[10:08:57] [437/459] GRDC
[10:08:57] [438/459] BCBA
[10:08:58] [439/459] VIXL
[10:09:00] [440/459] CSTL
[10:09:01] [441/459] MTDK
[10:09:01] [442/459] TDAC
[10:09:02] [443/459] GTDN
[10:09:03] [444/459] TTDE
[10:09:04] [445/459] ASTS
[10:09:05] [446/459] CPNS
[10:09:06] [447/459] PVVW
[10:09:06] [448/459] USEB
[10:09:07] [449/459] DTYN
[10:09:08] [450/459] PVLE
[10:09:09] [451/459] CIPS
[10:09:10] [452/459] PAEG
[10:09:10] [453/459] PTCW
[10:09:11] [454/459] G3SR
[10:09:12] [455/459] PGND
[10:09:13] [456/459] INVM
[10:09:14] [457/459] SPIA
[10:09:14] [458/459] PCSN
[10:09:15] [459/459] PPGV
[10:09:16] 🧹 Deduping shows
[10:09:16] ✅ DONE | Shows=520 | Movies=52
[16:48:53] 🚀 SCRIPT STARTED
[16:48:53] [1/459] FNDB
[16:48:53] 🧠 New identity created
[16:48:54] [2/459] AMBH
[16:48:55] [3/459] PRHN
[16:48:56] [4/459] ACPM
[16:48:56] [5/459] PVFS
[16:48:58] [6/459] AACN
[16:48:59] [7/459] ACAS
[16:48:59] [8/459] CTNR
[16:49:00] [9/459] MMAH
[16:49:01] [10/459] CPMH
[16:49:02] [11/459] IGMH
[16:49:03] [12/459] ABCS
[16:49:04] [13/459] CMMA
[16:49:05] [14/459] GPRH
[16:49:05] [15/459] PNNG
[16:49:06] [16/459] AMCA
[16:49:07] [17/459] ISTN
[16:49:08] [18/459] PIIC
[16:49:09] [19/459] AHMH
[16:49:10] [20/459] ASHN
[16:49:11] [21/459] INHY
[16:49:12] [22/459] SRMO
[16:49:13] [23/459] PIMH
[16:49:14] [24/459] PVTS
[16:49:15] [25/459] MMCA
[16:49:15] [26/459] AKYJ
[16:49:16] [27/459] BRKH
[16:49:17] [28/459] MAHM
[16:49:18] [29/459] CPHY
[16:49:19] [30/459] PVTP
[16:49:19] [31/459] SMMR
[16:49:20] [32/459] PVHM
[16:49:21] [33/459] SNDY
[16:49:22] [34/459] GOKU
[16:49:23] [35/459] ACEV
[16:49:24] [36/459] PVUM
[16:49:25] [37/459] VSWA
[16:49:25] [38/459] IPRS
[16:49:27] [39/459] ASGN
[16:49:28] [40/459] BKMV
[16:49:28] [41/459] PVYH
[16:49:29] [42/459] INKM
[16:49:31] [43/459] ARJU
[16:49:31] [44/459] JJPP
[16:49:32] [45/459] SSRM
[16:49:33] [46/459] HMHD
[16:49:34] [47/459] SNKH
[16:49:34] [48/459] ACHI
[16:49:35] [49/459] MRAA
[16:49:36] [50/459] INMH
[16:49:37] [51/459] ARMH
[16:49:38] [52/459] DVRR
[16:49:39] [53/459] SUDA
[16:49:40] [54/459] MCSS
[16:49:41] [55/459] VRKC
[16:49:41] [56/459] PRCX
[16:49:42] [57/459] ASJY
[16:49:44] [58/459] MTHY
[16:49:45] [59/459] SRCM
[16:49:45] [60/459] TVHY
[16:49:46] [61/459] STHD
[16:49:47] [62/459] CPCL
[16:49:48] [63/459] PSMJ
[16:49:49] [64/459] MRGT
[16:49:50] [65/459] ARYH
[16:49:50] [66/459] VTRB
[16:49:51] [67/459] SCHC
[16:49:52] [68/459] MRRG
[16:49:52] [69/459] SPCB
[16:49:54] [70/459] AMCM
[16:49:55] [71/459] IVNM
[16:49:56] [72/459] TRHY
[16:49:56] [73/459] PTTH
[16:49:57] [74/459] RKMH
[16:49:58] [75/459] PRCS
[16:49:59] [76/459] VAJA
[16:50:00] [77/459] BJNG
[16:50:01] [78/459] SCVM
[16:50:01] [79/459] GNHB
[16:50:03] [80/459] TLUR
[16:50:04] [81/459] UKCC
[16:50:05] [82/459] SRKR
[16:50:06] [83/459] RMKN
[16:50:07] [84/459] SLRT
[16:50:07] [85/459] LKMT
[16:50:08] [86/459] SSRJ
[16:50:09] [87/459] SPHT
[16:50:10] [88/459] ANTT
[16:50:11] [89/459] SRCH
[16:50:11] [90/459] SRCA
[16:50:12] [91/459] ARTH
[16:50:13] [92/459] MCBH
[16:50:14] [93/459] SNIB
[16:50:15] [94/459] SART
[16:50:15] [95/459] SKTA
[16:50:17] [96/459] YAKT
[16:50:17] [97/459] MLCK
[16:50:19] [98/459] ANTS
[16:50:19] [99/459] DGCA
[16:50:20] [100/459] SGMP
[16:50:21] [101/459] ASWN
[16:50:22] [102/459] KFVU
[16:50:23] [103/459] POOR
[16:50:24] [104/459] GKDN
[16:50:25] [105/459] EOSE
[16:50:26] [106/459] GTTT
[16:50:27] [107/459] ARRO
[16:50:28] [108/459] CMMK
[16:50:29] [109/459] MSCN
[16:50:30] [110/459] GDKH
[16:50:31] [111/459] DLMT
[16:50:32] [112/459] PVMF
[16:50:33] [113/459] CPCK
[16:50:34] [114/459] VMHE
[16:50:34] [115/459] PVLC
[16:50:35] [116/459] PCVB
[16:50:36] [117/459] SNYK
[16:50:37] [118/459] KTEK
[16:50:38] [119/459] PCNM
[16:50:39] [120/459] NTTR
[16:50:39] [121/459] CPSK
[16:50:40] [122/459] JMMA
[16:50:41] [123/459] GCFK
[16:50:42] [124/459] MYCA
[16:50:43] [125/459] KSNP
[16:50:44] [126/459] PMCE
[16:50:45] [127/459] SCKI
[16:50:45] [128/459] FSMA
[16:50:46] [129/459] CETA
[16:50:47] [130/459] MCIK
[16:50:48] [131/459] MYCR
[16:50:49] [132/459] EVMP
[16:50:49] [133/459] SSGT
[16:50:50] [134/459] KCTK
[16:50:51] [135/459] ZTKC
[16:50:52] [136/459] MMTA
[16:50:53] [137/459] MAJT
[16:50:54] [138/459] ACPK
[16:50:54] [139/459] JMAX
[16:50:55] [140/459] SETK
[16:50:56] [141/459] CAIS
[16:50:57] [142/459] AGCD
[16:50:58] [143/459] URCL
[16:50:58] [144/459] VTDS
[16:50:59] [145/459] JCNM
[16:51:00] [146/459] KCAM
[16:51:01] [147/459] ADCU
[16:51:01] [148/459] GXYN
[16:51:02] [149/459] SMJG
[16:51:03] [150/459] EYCJ
[16:51:04] [151/459] CCEJ
[16:51:05] [152/459] MARS
[16:51:06] [153/459] CPVJ
[16:51:07] [154/459] INVP
[16:51:07] [155/459] CPOV
[16:51:08] [156/459] VIJK
[16:51:09] [157/459] LAIM
[16:51:10] [158/459] STHV
[16:51:11] [159/459] SVLJ
[16:51:12] [160/459] ATVJ
[16:51:12] [161/459] JTSC
[16:51:13] [162/459] RMTV
[16:51:14] [163/459] MGGG
[16:51:15] [164/459] SWTH
[16:51:16] [165/459] INVJ
[16:51:16] [166/459] PRSV
[16:51:17] [167/459] JATV
[16:51:18] [168/459] RCVD
[16:51:19] [169/459] BDMA
[16:51:20] [170/459] BLJI
[16:51:21] [171/459] SWOT
[16:51:22] [172/459] SWRN
[16:51:22] [173/459] TVRA
[16:51:23] [174/459] VCSV
[16:51:24] [175/459] NVRN
[16:51:25] [176/459] SIKC
[16:51:26] [177/459] VAKR
[16:51:27] [178/459] SYLN
[16:51:28] [179/459] KLJL
[16:51:29] [180/459] LKMY
[16:51:30] [181/459] VSLY
[16:51:30] [182/459] CIKO
[16:51:31] [183/459] GPBG
[16:51:32] [184/459] CECM
[16:51:33] [185/459] SLKB
[16:51:34] [186/459] MTBO
[16:51:35] [187/459] SSHB
[16:51:36] [188/459] VPCS
[16:51:36] [189/459] RCSR
[16:51:37] [190/459] RJRM
[16:51:38] [191/459] KPPB
[16:51:39] [192/459] SEDC
[16:51:40] [193/459] SCAI
[16:51:41] [194/459] RMTR
[16:51:42] [195/459] ASST
[16:51:42] [196/459] GCAK
[16:51:43] [197/459] ANNK
[16:51:44] [198/459] KDDF
[16:51:45] [199/459] NRDP
[16:51:46] [200/459] PLAK
[16:51:46] [201/459] GCMC
[16:51:48] [202/459] ALPY
[16:51:49] [203/459] SICE
[16:51:50] [204/459] SISR
[16:51:51] [205/459] SRPZ
[16:51:51] [206/459] SRSW
[16:51:52] [207/459] SUYA
[16:51:53] [208/459] AMMT
[16:51:54] [209/459] BHCU
[16:51:55] [210/459] KLPA
[16:51:56] [211/459] NVKH
[16:51:57] [212/459] JMRC
[16:51:58] [213/459] KTTT
[16:51:59] [214/459] MAGH
[16:52:00] [215/459] MMMX
[16:52:01] [216/459] SALJ
[16:52:01] [217/459] GTJA
[16:52:02] [218/459] MAHT
[16:52:03] [219/459] SSNN
[16:52:04] [220/459] ARRP
[16:52:05] [221/459] ATNS
[16:52:06] [222/459] SKDT
[16:52:07] [223/459] ACAT
[16:52:08] [224/459] APRC
[16:52:09] [225/459] SWAG
[16:52:09] [226/459] SDPT
[16:52:10] [227/459] STPS
[16:52:11] [228/459] WWCZ
[16:52:13] [229/459] LLCH
[16:52:13] [230/459] MZHA
[16:52:14] [231/459] CRJG
[16:52:15] [232/459] JGTK
[16:52:16] [233/459] KCSR
[16:52:17] [234/459] CHTL
[16:52:18] [235/459] EDSR
[16:52:18] [236/459] CSWO
[16:52:19] [237/459] CPVM
[16:52:20] [238/459] MXBY
[16:52:21] [239/459] FMMA
[16:52:22] [240/459] POVI
[16:52:23] [241/459] MTHB
[16:52:24] [242/459] INRC
[16:52:25] [243/459] PIPP
[16:52:26] [244/459] BMXC
[16:52:27] [245/459] PCMM
[16:52:28] [246/459] PMKM
[16:52:29] [247/459] GATY
[16:52:30] [248/459] IMCM
[16:52:30] [249/459] POPE
[16:52:31] [250/459] MTCR
[16:52:32] [251/459] PVAE
[16:52:32] [252/459] PVMI
[16:52:33] [253/459] CPNM
[16:52:34] [254/459] FMRL
[16:52:35] [255/459] MCIW
[16:52:36] [256/459] MXBO
[16:52:36] [257/459] FMKY
[16:52:37] [258/459] FMDA
[16:52:38] [259/459] THAB
[16:52:39] [260/459] PRCW
[16:52:40] [261/459] PITI
[16:52:41] [262/459] MCFF
[16:52:42] [263/459] PDDV
[16:52:42] [264/459] MCRM
[16:52:43] [265/459] KKMB
[16:52:44] [266/459] INKO
[16:52:45] [267/459] PLXP
[16:52:46] [268/459] MMHA
[16:52:46] [269/459] FMVS
[16:52:47] [270/459] POLM
[16:52:48] [271/459] STER
[16:52:49] [272/459] PVWJ
[16:52:50] [273/459] IMJW
[16:52:51] [274/459] FNAN
[16:52:52] [275/459] CAGL
[16:52:52] [276/459] IPBG
[16:52:53] [277/459] SMFV
[16:52:54] [278/459] MMMR
[16:52:55] [279/459] MMWM
[16:52:56] [280/459] FNCM
[16:52:56] [281/459] MDVA
[16:52:57] [282/459] MMET
[16:52:58] [283/459] MIDO
[16:52:59] [284/459] INNP
[16:53:00] [285/459] MIFU
[16:53:00] [286/459] MMSZ
[16:53:01] [287/459] BMXA
[16:53:02] [288/459] MCAA
[16:53:04] [289/459] SCVP
[16:53:04] [290/459] PLUS
[16:53:06] [291/459] MUCK
[16:53:07] [292/459] MTMA
[16:53:07] [293/459] HPVR
[16:53:08] [294/459] PMPK
[16:53:09] [295/459] MAJB
[16:53:10] [296/459] CTRR
[16:53:11] [297/459] MCTG
[16:53:12] [298/459] MACE
[16:53:13] [299/459] AAAS
[16:53:14] [300/459] CPVV
[16:53:15] [301/459] RCHG
[16:53:16] [302/459] MCNE
[16:53:17] [303/459] EMNC
[16:53:18] [304/459] MCAN
[16:53:19] [305/459] TCDM
[16:53:21] [306/459] IRGT
[16:53:22] [307/459] GCMG
[16:53:22] [308/459] MXSN
[16:53:23] [309/459] MXCK
[16:53:24] [310/459] MCRC
[16:53:25] [311/459] RSMI
[16:53:25] [312/459] WAML
[16:53:26] [313/459] MTSC
[16:53:27] [314/459] FMDR
[16:53:28] [315/459] LEPV
[16:53:28] [316/459] MTGD
[16:53:29] [317/459] IMOB
[16:53:30] [318/459] CLMM
[16:53:31] [319/459] PZCD
[16:53:32] [320/459] GOCS
[16:53:32] [321/459] KCMA
[16:53:33] [322/459] CCMP
[16:53:34] [323/459] MTSU
[16:53:35] [324/459] SNGL
[16:53:35] [325/459] MMMC
[16:53:36] [326/459] MMAA
[16:53:37] [327/459] GCDM
[16:53:37] [328/459] KTMV
[16:53:38] [329/459] AETE
[16:53:39] [330/459] OMCS
[16:53:40] [331/459] GDCD
[16:53:41] [332/459] NYMD
[16:53:42] [333/459] RNCV
[16:53:43] [334/459] KKMT
[16:53:43] [335/459] GDTH
[16:53:44] [336/459] KMMV
[16:53:45] [337/459] NHCG
[16:53:46] [338/459] PJDW
[16:53:46] [339/459] MMCV
[16:53:47] [340/459] FQSA
[16:53:48] [341/459] KURL
[16:53:48] [342/459] NNNX
[16:53:49] [343/459] AMAU
[16:53:50] [344/459] VVVM
[16:53:51] [345/459] VECU
[16:53:52] [346/459] WCVR
[16:53:53] [347/459] MTGG
[16:53:54] [348/459] SGTG
[16:53:54] [349/459] MNTG
[16:53:55] [350/459] JDDG
[16:53:56] [351/459] MBTK
[16:53:57] [352/459] SGCD
[16:53:58] [353/459] MCTC
[16:53:59] [354/459] JTPC
[16:53:59] [355/459] SDKT
[16:54:00] [356/459] KRCC
[16:54:01] [357/459] RMMD
[16:54:02] [358/459] AAME
[16:54:03] [359/459] TMWC
[16:54:04] [360/459] NRWY
[16:54:05] [361/459] CITD
[16:54:06] [362/459] VERD
[16:54:07] [363/459] MKSK
[16:54:07] [364/459] STSM
[16:54:08] [365/459] MJDG
[16:54:10] [366/459] RKPM
[16:54:11] [367/459] SSCE
[16:54:12] [368/459] VMAE
[16:54:13] [369/459] SBRU
[16:54:14] [370/459] AMBC
[16:54:15] [371/459] AMLU
[16:54:16] [372/459] INVZ
[16:54:16] [373/459] LGTV
[16:54:17] [374/459] SVAD
[16:54:18] [375/459] SMSA
[16:54:19] [376/459] SPCZ
[16:54:20] [377/459] GTCX
[16:54:20] [378/459] SCSL
[16:54:21] [379/459] SAHU
[16:54:22] [380/459] NCDA
[16:54:23] [381/459] SCCG
[16:54:23] [382/459] VKTL
[16:54:24] [383/459] PUUJ
[16:54:25] [384/459] STEJ
[16:54:26] [385/459] RJAL
[16:54:26] [386/459] ACJC
[16:54:27] [387/459] VTHC
[16:54:28] [388/459] ARVB
[16:54:29] [389/459] AUBB
[16:54:30] [390/459] GDBR
[16:54:30] [391/459] PVND
[16:54:31] [392/459] BGRJ
[16:54:32] [393/459] RJMM
[16:54:33] [394/459] MCSA
[16:54:33] [395/459] BODA
[16:54:34] [396/459] JAGG
[16:54:35] [397/459] SCGA
[16:54:36] [398/459] LRCM
[16:54:36] [399/459] CPCN
[16:54:37] [400/459] SSTF
[16:54:38] [401/459] SRXP
[16:54:39] [402/459] CNFX
[16:54:41] [403/459] ANDI
[16:54:42] [404/459] SYEW
[16:54:43] [405/459] RCRE
[16:54:43] [406/459] SCRW
[16:54:44] [407/459] MBKR
[16:54:45] [408/459] ASNT
[16:54:46] [409/459] JTMT
[16:54:47] [410/459] SHAY
[16:54:47] [411/459] VRTH
[16:54:49] [412/459] SPTI
[16:54:49] [413/459] DPTD
[16:54:50] [414/459] TGSN
[16:54:51] [415/459] RCWV
[16:54:52] [416/459] OCUR
[16:54:53] [417/459] KSTC
[16:54:53] [418/459] SANI
[16:54:54] [419/459] MLCA
[16:54:56] [420/459] EGCA
[16:54:57] [421/459] SYSN
[16:54:57] [422/459] PKTA
[16:54:58] [423/459] PRCC
[16:54:59] [424/459] KSTR
[16:55:00] [425/459] SNTP
[16:55:01] [426/459] RCHA
[16:55:02] [427/459] SEEA
[16:55:03] [428/459] ALAT
[16:55:04] [429/459] AATV
[16:55:04] [430/459] RJTE
[16:55:05] [431/459] AAPP
[16:55:06] [432/459] PMMH
[16:55:07] [433/459] INRJ
[16:55:08] [434/459] SARB
[16:55:09] [435/459] PCJL
[16:55:10] [436/459] PFJJ
[16:55:10] [437/459] GRDC
[16:55:11] [438/459] BCBA
[16:55:12] [439/459] VIXL
[16:55:13] [440/459] CSTL
[16:55:14] [441/459] MTDK
[16:55:15] [442/459] TDAC
[16:55:16] [443/459] GTDN
[16:55:16] [444/459] TTDE
[16:55:18] [445/459] ASTS
[16:55:19] [446/459] CPNS
[16:55:19] [447/459] PVVW
[16:55:20] [448/459] USEB
[16:55:21] [449/459] DTYN
[16:55:22] [450/459] PVLE
[16:55:23] [451/459] CIPS
[16:55:24] [452/459] PAEG
[16:55:25] [453/459] PTCW
[16:55:26] [454/459] G3SR
[16:55:27] [455/459] PGND
[16:55:28] [456/459] INVM
[16:55:28] [457/459] SPIA
[16:55:29] [458/459] PCSN
[16:55:30] [459/459] PPGV
[16:55:31] 🧹 Deduping shows
[16:55:31] ✅ DONE | Shows=753 | Movies=63
