[10:01:55] 🚀 SCRIPT STARTED
[10:01:55] [1/459] MCCZ
[10:01:55] 🧠 New identity created
[10:01:56] [2/459] FRPU
[10:01:57] [3/459] SKSI
[10:01:58] [4/459] SSCK
[10:01:59] [5/459] SRDC
[10:02:00] [6/459] RSCZ
[10:02:00] [7/459] PRVT
[10:02:01] [8/459] GAGJ
[10:02:02] [9/459] SMHG
[10:02:03] [10/459] JTST
[10:02:04] [11/459] MYTH
[10:02:04] [12/459] JPCC
[10:02:05] [13/459] ACDC
[10:02:06] [14/459] SVFP
[10:02:07] [15/459] SFCM
[10:02:08] [16/459] RUPK
[10:02:09] [17/459] NTCR
[10:02:09] [18/459] RTCH
[10:02:10] [19/459] SCMH
[10:02:11] [20/459] SVYM
[10:02:13] [21/459] SPYM
[10:02:14] [22/459] SMMF
[10:02:15] [23/459] CLLB
[10:02:15] [24/459] FMCB
[10:02:16] [25/459] BBTC
[10:02:17] [26/459] NTHS
[10:02:18] [27/459] PKKJ
[10:02:19] [28/459] MTJA
[10:02:20] [29/459] PMSJ
[10:02:21] [30/459] JMJU
[10:02:22] [31/459] SRAD
[10:02:23] [32/459] MJMC
[10:02:24] [33/459] DFRM
[10:02:25] [34/459] PMRS
[10:02:26] [35/459] RKPP
[10:02:26] [36/459] BMBK
[10:02:27] [37/459] NEWS
[10:02:28] [38/459] SALB
[10:02:29] [39/459] SCPW
[10:02:30] [40/459] RAYL
[10:02:31] [41/459] CMGJ
[10:02:32] [42/459] JRCR
[10:02:32] [43/459] SRTB
[10:02:33] [44/459] ETPB
[10:02:34] [45/459] MXBN
[10:02:36] [46/459] TOPE
[10:02:37] [47/459] SNLJ
[10:02:37] [48/459] CDDP
[10:02:38] [49/459] APCX
[10:02:39] [50/459] TALP
[10:02:40] [51/459] RRMP
[10:02:41] [52/459] MAHB
[10:02:42] [53/459] MTKR
[10:02:43] [54/459] KSKL
[10:02:44] [55/459] RJLT
[10:02:45] [56/459] ATAS
[10:02:46] [57/459] AMHR
[10:02:47] [58/459] RSRM
[10:02:48] [59/459] GCAT
[10:02:49] [60/459] SMML
[10:02:50] [61/459] ACCD
[10:02:52] [62/459] VYDA
[10:02:52] [63/459] MSKT
[10:02:53] [64/459] AVDM
[10:02:55] [65/459] ASMH
[10:02:55] [66/459] VTMB
[10:02:56] [67/459] WVMB
[10:02:57] [68/459] PPMN
[10:02:59] [69/459] MTMD
[10:03:00] [70/459] SMMO
[10:03:01] [71/459] DLPB
[10:03:02] [72/459] AKMD
[10:03:03] [73/459] SHRR
[10:03:04] [74/459] ASCO
[10:03:04] [75/459] CZVX
[10:03:05] [76/459] GCBB
[10:03:06] [77/459] ATBM
[10:03:07] [78/459] TCGM
[10:03:08] [79/459] UMSE
[10:03:09] [80/459] NKCL
[10:03:10] [81/459] BTLR
[10:03:11] [82/459] GOCL
[10:03:12] [83/459] MIRN
[10:03:12] [84/459] THEC
[10:03:13] [85/459] SPPB
[10:03:14] [86/459] PMMM
[10:03:15] [87/459] GGMC
[10:03:16] [88/459] AVSR
[10:03:17] [89/459] RDMH
[10:03:18] [90/459] JSRS
[10:03:19] [91/459] VKGP
[10:03:20] [92/459] ACRT
[10:03:21] [93/459] GCBA
[10:03:21] [94/459] GTCP
[10:03:22] [95/459] AKFC
[10:03:23] [96/459] INCS
[10:03:24] [97/459] SMCK
[10:03:25] [98/459] BRUN
[10:03:26] [99/459] RPPC
[10:03:26] [100/459] PAYD
[10:03:27] [101/459] SVVT
[10:03:28] [102/459] RNCC
[10:03:29] [103/459] PCRC
[10:03:30] [104/459] PMRM
[10:03:31] [105/459] CCRP
[10:03:32] [106/459] INCR
[10:03:33] [107/459] ZTMP
[10:03:33] [108/459] MCNR
[10:03:34] [109/459] INRP
[10:03:35] [110/459] STRC
[10:03:36] [111/459] RATI
[10:03:37] [112/459] PBTR
[10:03:38] [113/459] CMHP
[10:03:39] [114/459] ZECJ
[10:03:40] [115/459] CCCB
[10:03:41] [116/459] BWCB
[10:03:41] [117/459] CCAT
[10:03:43] [118/459] KGCM
[10:03:44] [119/459] INPT
[10:03:44] [120/459] FNCO
[10:03:45] [121/459] SRMJ
[10:03:46] [122/459] PFSC
[10:03:47] [123/459] PBMC
[10:03:47] [124/459] KARP
[10:03:48] [125/459] KOVI
[10:03:49] [126/459] ACXL
[10:03:50] [127/459] GKCC
[10:03:51] [128/459] ASCC
[10:03:52] [129/459] SETC
[10:03:53] [130/459] KACC
[10:03:54] [131/459] KAVE
[10:03:55] [132/459] CNTC
[10:03:56] [133/459] MEEN
[10:03:56] [134/459] BMRV
[10:03:57] [135/459] SVAM
[10:03:58] [136/459] VTBP
[10:03:59] [137/459] VCKN
[10:04:00] [138/459] SGTK
[10:04:01] [139/459] RCGS
[10:04:02] [140/459] RCCB
[10:04:03] [141/459] RKSR
[10:04:04] [142/459] RKCU
[10:04:04] [143/459] GIBH
[10:04:05] [144/459] CXBS
[10:04:06] [145/459] GGCB
[10:04:07] [146/459] SCPB
[10:04:08] [147/459] AKTB
[10:04:08] [148/459] SRBU
[10:04:09] [149/459] CSSA
[10:04:10] [150/459] MYAN
[10:04:11] [151/459] EXCA
[10:04:12] [152/459] CKSA
[10:04:13] [153/459] JTNM
[10:04:14] [154/459] CXKT
[10:04:14] [155/459] NCLM
[10:04:15] [156/459] JAAD
[10:04:17] [157/459] RDCR
[10:04:18] [158/459] MEER
[10:04:18] [159/459] SIBT
[10:04:19] [160/459] PVVB
[10:04:20] [161/459] FNPN
[10:04:21] [162/459] CRPX
[10:04:22] [163/459] STET
[10:04:22] [164/459] METE
[10:04:24] [165/459] BJML
[10:04:24] [166/459] MAVT
[10:04:25] [167/459] MSRM
[10:04:26] [168/459] TJMP
[10:04:27] [169/459] MHCK
[10:04:28] [170/459] SVGP
[10:04:29] [171/459] KRRC
[10:04:30] [172/459] IMCH
[10:04:31] [173/459] CMCS
[10:04:31] [174/459] SGND
[10:04:32] [175/459] RNAT
[10:04:33] [176/459] PRTN
[10:04:34] [177/459] MPTN
[10:04:35] [178/459] ARCC
[10:04:36] [179/459] NTTE
[10:04:36] [180/459] ABND
[10:04:37] [181/459] KCSN
[10:04:38] [182/459] KCSA
[10:04:39] [183/459] DCKT
[10:04:40] [184/459] MBBR
[10:04:41] [185/459] RAMU
[10:04:41] [186/459] RACW
[10:04:42] [187/459] MCHP
[10:04:43] [188/459] TMHM
[10:04:44] [189/459] STXH
[10:04:45] [190/459] AGSG
[10:04:45] [191/459] SIRA
[10:04:47] [192/459] RCAN
[10:04:47] [193/459] CWTB
[10:04:49] [194/459] VTYM
[10:04:50] [195/459] RRPP
[10:04:51] [196/459] ASMR
[10:04:51] [197/459] RONO
[10:04:52] [198/459] MEMR
[10:04:53] [199/459] CTMR
[10:04:54] [200/459] PMTT
[10:04:56] [201/459] PSLX
[10:04:56] [202/459] IPPL
[10:04:57] [203/459] MMSG
[10:04:58] [204/459] INEL
[10:04:59] [205/459] COAC
[10:05:00] [206/459] WVLK
[10:05:01] [207/459] PPXL
[10:05:02] [208/459] PSML
[10:05:02] [209/459] FNLK
[10:05:03] [210/459] ILUM
[10:05:04] [211/459] ILCM
[10:05:04] [212/459] MSNL
[10:05:05] [213/459] VINB
[10:05:06] [214/459] SALW
[10:05:07] [215/459] PRTB
[10:05:08] [216/459] NCIL
[10:05:09] [217/459] PSUL
[10:05:10] [218/459] SCLK
[10:05:10] [219/459] ADDC
[10:05:11] [220/459] OACL
[10:05:12] [221/459] OOCF
[10:05:14] [222/459] GPMF
[10:05:15] [223/459] SSDG
[10:05:16] [224/459] SKRS
[10:05:17] [225/459] NTTP
[10:05:17] [226/459] SLTP
[10:05:18] [227/459] JTLC
[10:05:19] [228/459] POON
[10:05:20] [229/459] CCPC
[10:05:21] [230/459] DCKC
[10:05:21] [231/459] CPRT
[10:05:22] [232/459] EYHZ
[10:05:23] [233/459] ARBL
[10:05:25] [234/459] SBTB
[10:05:25] [235/459] MMCK
[10:05:26] [236/459] PLMR
[10:05:27] [237/459] BIJH
[10:05:28] [238/459] SDRT
[10:05:29] [239/459] PRDC
[10:05:30] [240/459] OMJA
[10:05:31] [241/459] VKCR
[10:05:31] [242/459] ATRT
[10:05:32] [243/459] WVRP
[10:05:33] [244/459] MVRP
[10:05:34] [245/459] FCAX
[10:05:35] [246/459] CTLC
[10:05:35] [247/459] JCHB
[10:05:36] [248/459] SELP
[10:05:37] [249/459] VCPG
[10:05:38] [250/459] ASCX
[10:05:39] [251/459] EOCS
[10:05:40] [252/459] RCPH
[10:05:41] [253/459] RJTM
[10:05:41] [254/459] SGMD
[10:05:42] [255/459] SVJT
[10:05:43] [256/459] SPPO
[10:05:44] [257/459] MNRL
[10:05:45] [258/459] KNOX
[10:05:46] [259/459] GIER
[10:05:47] [260/459] PJMS
[10:05:48] [261/459] UNSP
[10:05:50] [262/459] JETP
[10:05:50] [263/459] VTWA
[10:05:51] [264/459] SCJI
[10:05:52] [265/459] CBZZ
[10:05:53] [266/459] SDCJ
[10:05:54] [267/459] RRCC
[10:05:54] [268/459] VNKG
[10:05:55] [269/459] LKTO
[10:05:56] [270/459] PJRM
[10:05:57] [271/459] NVRM
[10:05:58] [272/459] SJCS
[10:05:58] [273/459] VIGK
[10:05:59] [274/459] ANST
[10:06:00] [275/459] JTTS
[10:06:01] [276/459] NTST
[10:06:01] [277/459] PREB
[10:06:02] [278/459] TSCZ
[10:06:03] [279/459] CDCM
[10:06:04] [280/459] ELYE
[10:06:05] [281/459] INBS
[10:06:06] [282/459] SMGC
[10:06:07] [283/459] UTMP
[10:06:07] [284/459] INTA
[10:06:08] [285/459] OMPT
[10:06:09] [286/459] SCIR
[10:06:10] [287/459] GCKJ
[10:06:11] [288/459] INOG
[10:06:11] [289/459] SMGB
[10:06:12] [290/459] MCSG
[10:06:13] [291/459] STKG
[10:06:14] [292/459] TTKG
[10:06:15] [293/459] SRTR
[10:06:16] [294/459] ETTR
[10:06:17] [295/459] GGGZ
[10:06:17] [296/459] IPGM
[10:06:18] [297/459] FCDH
[10:06:19] [298/459] DESB
[10:06:20] [299/459] VNTP
[10:06:20] [300/459] ANNT
[10:06:22] [301/459] SLTI
[10:06:23] [302/459] MAJU
[10:06:23] [303/459] JCXP
[10:06:25] [304/459] HARK
[10:06:25] [305/459] JPCJ
[10:06:27] [306/459] RXBD
[10:06:27] [307/459] PTKJ
[10:06:28] [308/459] CMTU
[10:06:29] [309/459] SWOR
[10:06:30] [310/459] JMEX
[10:06:31] [311/459] DTPT
[10:06:32] [312/459] VGMM
[10:06:32] [313/459] VCSG
[10:06:33] [314/459] CVCG
[10:06:34] [315/459] TNTT
[10:06:35] [316/459] SHRM
[10:06:35] [317/459] CGKD
[10:06:36] [318/459] EKCM
[10:06:38] [319/459] SDCX
[10:06:39] [320/459] SBTE
[10:06:41] [321/459] STKJ
[10:06:42] [322/459] TPCE
[10:06:43] [323/459] JTNP
[10:06:44] [324/459] LPCH
[10:06:44] [325/459] CPUO
[10:06:45] [326/459] APSU
[10:06:46] [327/459] RTHC
[10:06:47] [328/459] PTBU
[10:06:47] [329/459] CUCC
[10:06:48] [330/459] CPSA
[10:06:49] [331/459] SUAY
[10:06:50] [332/459] AYAA
[10:06:51] [333/459] MUCH
[10:06:51] [334/459] PCIN
[10:06:52] [335/459] JRRM
[10:06:53] [336/459] KATS
[10:06:54] [337/459] MHFF
[10:06:55] [338/459] ESYM
[10:06:56] [339/459] STYV
[10:06:57] [340/459] SDKG
[10:06:58] [341/459] SMTI
[10:06:59] [342/459] NYCS
[10:06:59] [343/459] MTBG
[10:07:00] [344/459] RHCA
[10:07:01] [345/459] PCKH
[10:07:02] [346/459] ARCR
[10:07:03] [347/459] NCMB
[10:07:03] [348/459] SHYC
[10:07:04] [349/459] LACK
[10:07:05] [350/459] MTCM
[10:07:06] [351/459] RRBN
[10:07:06] [352/459] MYDC
[10:07:07] [353/459] STCS
[10:07:08] [354/459] CONN
[10:07:09] [355/459] SIPS
[10:07:10] [356/459] SMMX
[10:07:11] [357/459] SCBY
[10:07:11] [358/459] SUAP
[10:07:12] [359/459] RSMK
[10:07:13] [360/459] STKP
[10:07:14] [361/459] CIPC
[10:07:15] [362/459] KKCI
[10:07:16] [363/459] CTNK
[10:07:16] [364/459] MMTZ
[10:07:17] [365/459] DCCO
[10:07:18] [366/459] VNMN
[10:07:19] [367/459] RLCN
[10:07:20] [368/459] CMMS
[10:07:20] [369/459] AYOU
[10:07:22] [370/459] SSCN
[10:07:23] [371/459] SMXN
[10:07:24] [372/459] ASSK
[10:07:25] [373/459] VCKM
[10:07:25] [374/459] PCPH
[10:07:26] [375/459] PADM
[10:07:27] [376/459] IESA
[10:07:28] [377/459] VCSP
[10:07:29] [378/459] AEST
[10:07:29] [379/459] VTNR
[10:07:30] [380/459] GTTA
[10:07:31] [381/459] CMMM
[10:07:31] [382/459] AHKT
[10:07:32] [383/459] SIJI
[10:07:33] [384/459] VCEI
[10:07:34] [385/459] SAKR
[10:07:35] [386/459] VSMT
[10:07:36] [387/459] SSCT
[10:07:37] [388/459] USTR
[10:07:37] [389/459] MTKT
[10:07:38] [390/459] TGMP
[10:07:39] [391/459] SIVC
[10:07:41] [392/459] KICT
[10:07:42] [393/459] DAMD
[10:07:43] [394/459] CNPT
[10:07:44] [395/459] RVTT
[10:07:45] [396/459] SNCM
[10:07:46] [397/459] GHTE
[10:07:46] [398/459] PPAM
[10:07:47] [399/459] PVAA
[10:07:48] [400/459] CPAO
[10:07:49] [401/459] HAMD
[10:07:50] [402/459] RCCA
[10:07:50] [403/459] MPCH
[10:07:51] [404/459] ARED
[10:07:52] [405/459] RRCV
[10:07:53] [406/459] MTRB
[10:07:54] [407/459] CKUA
[10:07:55] [408/459] ABMP
[10:07:56] [409/459] RCWA
[10:07:56] [410/459] CGAR
[10:07:57] [411/459] METH
[10:07:58] [412/459] WAGA
[10:07:59] [413/459] MCMA
[10:07:59] [414/459] CSMP
[10:08:00] [415/459] RCNK
[10:08:02] [416/459] PSTM
[10:08:02] [417/459] CSEP
[10:08:03] [418/459] AMGD
[10:08:04] [419/459] CSTE
[10:08:05] [420/459] CONS
[10:08:06] [421/459] APPX
[10:08:07] [422/459] MABC
[10:08:08] [423/459] CXST
[10:08:09] [424/459] MATN
[10:08:09] [425/459] MACZ
[10:08:11] [426/459] MASA
[10:08:12] [427/459] MBSX
[10:08:12] [428/459] CSST
[10:08:13] [429/459] APCL
[10:08:14] [430/459] CGOS
[10:08:16] [431/459] CPEC
[10:08:17] [432/459] MCCP
[10:08:17] [433/459] BSSO
[10:08:18] [434/459] SJKA
[10:08:19] [435/459] CGBO
[10:08:20] [436/459] MVSK
[10:08:20] [437/459] HVCA
[10:08:21] [438/459] NAMD
[10:08:22] [439/459] DEVI
[10:08:23] [440/459] SCSV
[10:08:24] [441/459] PSMA
[10:08:24] [442/459] CLDJ
[10:08:25] [443/459] NMAD
[10:08:26] [444/459] CGMO
[10:08:27] [445/459] MCNA
[10:08:28] [446/459] OCBN
[10:08:29] [447/459] CPEM
[10:08:29] [448/459] CPSM
[10:08:30] [449/459] RCAD
[10:08:31] [450/459] CPMU
[10:08:32] [451/459] DICD
[10:08:32] [452/459] CHOE
[10:08:33] [453/459] PDJM
[10:08:35] [454/459] SSTU
[10:08:35] [455/459] VNRN
[10:08:36] [456/459] PVLG
[10:08:37] [457/459] SWBL
[10:08:38] [458/459] SCAB
[10:08:38] [459/459] RDDA
[10:08:39] 🧹 Deduping shows
[10:08:39] ✅ DONE | Shows=709 | Movies=53
[16:47:46] 🚀 SCRIPT STARTED
[16:47:46] [1/459] MCCZ
[16:47:46] 🧠 New identity created
[16:47:47] [2/459] FRPU
[16:47:48] [3/459] SKSI
[16:47:48] [4/459] SSCK
[16:47:49] [5/459] SRDC
[16:47:50] [6/459] RSCZ
[16:47:50] [7/459] PRVT
[16:47:51] [8/459] GAGJ
[16:47:52] [9/459] SMHG
[16:47:52] [10/459] JTST
[16:47:53] [11/459] MYTH
[16:47:53] [12/459] JPCC
[16:47:54] [13/459] ACDC
[16:47:54] [14/459] SVFP
[16:47:55] [15/459] SFCM
[16:47:56] [16/459] RUPK
[16:47:56] [17/459] NTCR
[16:47:57] [18/459] RTCH
[16:47:57] [19/459] SCMH
[16:47:58] [20/459] SVYM
[16:47:59] [21/459] SPYM
[16:47:59] [22/459] SMMF
[16:48:00] [23/459] CLLB
[16:48:01] [24/459] FMCB
[16:48:01] [25/459] BBTC
[16:48:02] [26/459] NTHS
[16:48:02] [27/459] PKKJ
[16:48:03] [28/459] MTJA
[16:48:04] [29/459] PMSJ
[16:48:04] [30/459] JMJU
[16:48:05] [31/459] SRAD
[16:48:06] [32/459] MJMC
[16:48:06] [33/459] DFRM
[16:48:07] [34/459] PMRS
[16:48:07] [35/459] RKPP
[16:48:08] [36/459] BMBK
[16:48:09] [37/459] NEWS
[16:48:09] [38/459] SALB
[16:48:10] [39/459] SCPW
[16:48:10] [40/459] RAYL
[16:48:11] [41/459] CMGJ
[16:48:12] [42/459] JRCR
[16:48:12] [43/459] SRTB
[16:48:13] [44/459] ETPB
[16:48:14] [45/459] MXBN
[16:48:14] [46/459] TOPE
[16:48:15] [47/459] SNLJ
[16:48:16] [48/459] CDDP
[16:48:16] [49/459] APCX
[16:48:17] [50/459] TALP
[16:48:17] [51/459] RRMP
[16:48:18] [52/459] MAHB
[16:48:19] [53/459] MTKR
[16:48:19] [54/459] KSKL
[16:48:20] [55/459] RJLT
[16:48:21] [56/459] ATAS
[16:48:21] [57/459] AMHR
[16:48:22] [58/459] RSRM
[16:48:23] [59/459] GCAT
[16:48:23] [60/459] SMML
[16:48:24] [61/459] ACCD
[16:48:25] [62/459] VYDA
[16:48:26] [63/459] MSKT
[16:48:26] [64/459] AVDM
[16:48:27] [65/459] ASMH
[16:48:27] [66/459] VTMB
[16:48:28] [67/459] WVMB
[16:48:28] [68/459] PPMN
[16:48:29] [69/459] MTMD
[16:48:30] [70/459] SMMO
[16:48:30] [71/459] DLPB
[16:48:31] [72/459] AKMD
[16:48:32] [73/459] SHRR
[16:48:32] [74/459] ASCO
[16:48:33] [75/459] CZVX
[16:48:33] [76/459] GCBB
[16:48:34] [77/459] ATBM
[16:48:34] [78/459] TCGM
[16:48:35] [79/459] UMSE
[16:48:35] [80/459] NKCL
[16:48:36] [81/459] BTLR
[16:48:37] [82/459] GOCL
[16:48:38] [83/459] MIRN
[16:48:38] [84/459] THEC
[16:48:39] [85/459] SPPB
[16:48:39] [86/459] PMMM
[16:48:40] [87/459] GGMC
[16:48:41] [88/459] AVSR
[16:48:41] [89/459] RDMH
[16:48:42] [90/459] JSRS
[16:48:42] [91/459] VKGP
[16:48:43] [92/459] ACRT
[16:48:44] [93/459] GCBA
[16:48:44] [94/459] GTCP
[16:48:45] [95/459] AKFC
[16:48:46] [96/459] INCS
[16:48:46] [97/459] SMCK
[16:48:47] [98/459] BRUN
[16:48:47] [99/459] RPPC
[16:48:48] [100/459] PAYD
[16:48:49] [101/459] SVVT
[16:48:50] [102/459] RNCC
[16:48:50] [103/459] PCRC
[16:48:51] [104/459] PMRM
[16:48:52] [105/459] CCRP
[16:48:53] [106/459] INCR
[16:48:54] [107/459] ZTMP
[16:48:55] [108/459] MCNR
[16:48:56] [109/459] INRP
[16:48:57] [110/459] STRC
[16:48:58] [111/459] RATI
[16:48:58] [112/459] PBTR
[16:48:59] [113/459] CMHP
[16:49:00] [114/459] ZECJ
[16:49:01] [115/459] CCCB
[16:49:03] [116/459] BWCB
[16:49:04] [117/459] CCAT
[16:49:04] [118/459] KGCM
[16:49:05] [119/459] INPT
[16:49:06] [120/459] FNCO
[16:49:07] [121/459] SRMJ
[16:49:08] [122/459] PFSC
[16:49:09] [123/459] PBMC
[16:49:10] [124/459] KARP
[16:49:11] [125/459] KOVI
[16:49:12] [126/459] ACXL
[16:49:13] [127/459] GKCC
[16:49:14] [128/459] ASCC
[16:49:15] [129/459] SETC
[16:49:16] [130/459] KACC
[16:49:16] [131/459] KAVE
[16:49:17] [132/459] CNTC
[16:49:18] [133/459] MEEN
[16:49:19] [134/459] BMRV
[16:49:20] [135/459] SVAM
[16:49:21] [136/459] VTBP
[16:49:21] [137/459] VCKN
[16:49:22] [138/459] SGTK
[16:49:23] [139/459] RCGS
[16:49:24] [140/459] RCCB
[16:49:25] [141/459] RKSR
[16:49:26] [142/459] RKCU
[16:49:27] [143/459] GIBH
[16:49:27] [144/459] CXBS
[16:49:28] [145/459] GGCB
[16:49:29] [146/459] SCPB
[16:49:30] [147/459] AKTB
[16:49:31] [148/459] SRBU
[16:49:32] [149/459] CSSA
[16:49:33] [150/459] MYAN
[16:49:33] [151/459] EXCA
[16:49:34] [152/459] CKSA
[16:49:35] [153/459] JTNM
[16:49:36] [154/459] CXKT
[16:49:37] [155/459] NCLM
[16:49:38] [156/459] JAAD
[16:49:38] [157/459] RDCR
[16:49:40] [158/459] MEER
[16:49:41] [159/459] SIBT
[16:49:41] [160/459] PVVB
[16:49:42] [161/459] FNPN
[16:49:43] [162/459] CRPX
[16:49:44] [163/459] STET
[16:49:44] [164/459] METE
[16:49:46] [165/459] BJML
[16:49:47] [166/459] MAVT
[16:49:48] [167/459] MSRM
[16:49:48] [168/459] TJMP
[16:49:49] [169/459] MHCK
[16:49:50] [170/459] SVGP
[16:49:51] [171/459] KRRC
[16:49:52] [172/459] IMCH
[16:49:53] [173/459] CMCS
[16:49:54] [174/459] SGND
[16:49:54] [175/459] RNAT
[16:49:55] [176/459] PRTN
[16:49:56] [177/459] MPTN
[16:49:57] [178/459] ARCC
[16:49:58] [179/459] NTTE
[16:49:59] [180/459] ABND
[16:50:00] [181/459] KCSN
[16:50:02] [182/459] KCSA
[16:50:02] [183/459] DCKT
[16:50:02] [184/459] MBBR
[16:50:04] [185/459] RAMU
[16:50:05] [186/459] RACW
[16:50:05] [187/459] MCHP
[16:50:06] [188/459] TMHM
[16:50:07] [189/459] STXH
[16:50:09] [190/459] AGSG
[16:50:09] [191/459] SIRA
[16:50:10] [192/459] RCAN
[16:50:10] [193/459] CWTB
[16:50:11] [194/459] VTYM
[16:50:13] [195/459] RRPP
[16:50:13] [196/459] ASMR
[16:50:14] [197/459] RONO
[16:50:15] [198/459] MEMR
[16:50:15] [199/459] CTMR
[16:50:16] [200/459] PMTT
[16:50:17] [201/459] PSLX
[16:50:18] [202/459] IPPL
[16:50:19] [203/459] MMSG
[16:50:19] [204/459] INEL
[16:50:20] [205/459] COAC
[16:50:21] [206/459] WVLK
[16:50:22] [207/459] PPXL
[16:50:23] [208/459] PSML
[16:50:24] [209/459] FNLK
[16:50:25] [210/459] ILUM
[16:50:26] [211/459] ILCM
[16:50:27] [212/459] MSNL
[16:50:28] [213/459] VINB
[16:50:29] [214/459] SALW
[16:50:29] [215/459] PRTB
[16:50:30] [216/459] NCIL
[16:50:30] [217/459] PSUL
[16:50:32] [218/459] SCLK
[16:50:32] [219/459] ADDC
[16:50:33] [220/459] OACL
[16:50:34] [221/459] OOCF
[16:50:35] [222/459] GPMF
[16:50:36] [223/459] SSDG
[16:50:37] [224/459] SKRS
[16:50:37] [225/459] NTTP
[16:50:38] [226/459] SLTP
[16:50:40] [227/459] JTLC
[16:50:41] [228/459] POON
[16:50:41] [229/459] CCPC
[16:50:42] [230/459] DCKC
[16:50:43] [231/459] CPRT
[16:50:44] [232/459] EYHZ
[16:50:45] [233/459] ARBL
[16:50:46] [234/459] SBTB
[16:50:46] [235/459] MMCK
[16:50:47] [236/459] PLMR
[16:50:48] [237/459] BIJH
[16:50:49] [238/459] SDRT
[16:50:50] [239/459] PRDC
[16:50:51] [240/459] OMJA
[16:50:52] [241/459] VKCR
[16:50:53] [242/459] ATRT
[16:50:54] [243/459] WVRP
[16:50:55] [244/459] MVRP
[16:50:56] [245/459] FCAX
[16:50:57] [246/459] CTLC
[16:50:58] [247/459] JCHB
[16:50:59] [248/459] SELP
[16:50:59] [249/459] VCPG
[16:51:00] [250/459] ASCX
[16:51:01] [251/459] EOCS
[16:51:02] [252/459] RCPH
[16:51:03] [253/459] RJTM
[16:51:04] [254/459] SGMD
[16:51:04] [255/459] SVJT
[16:51:05] [256/459] SPPO
[16:51:06] [257/459] MNRL
[16:51:07] [258/459] KNOX
[16:51:07] [259/459] GIER
[16:51:09] [260/459] PJMS
[16:51:10] [261/459] UNSP
[16:51:10] [262/459] JETP
[16:51:11] [263/459] VTWA
[16:51:12] [264/459] SCJI
[16:51:13] [265/459] CBZZ
[16:51:15] [266/459] SDCJ
[16:51:15] [267/459] RRCC
[16:51:16] [268/459] VNKG
[16:51:16] [269/459] LKTO
[16:51:18] [270/459] PJRM
[16:51:18] [271/459] NVRM
[16:51:19] [272/459] SJCS
[16:51:20] [273/459] VIGK
[16:51:21] [274/459] ANST
[16:51:22] [275/459] JTTS
[16:51:23] [276/459] NTST
[16:51:23] [277/459] PREB
[16:51:24] [278/459] TSCZ
[16:51:25] [279/459] CDCM
[16:51:27] [280/459] ELYE
[16:51:27] [281/459] INBS
[16:51:28] [282/459] SMGC
[16:51:29] [283/459] UTMP
[16:51:30] [284/459] INTA
[16:51:30] [285/459] OMPT
[16:51:31] [286/459] SCIR
[16:51:32] [287/459] GCKJ
[16:51:33] [288/459] INOG
[16:51:34] [289/459] SMGB
[16:51:34] [290/459] MCSG
[16:51:35] [291/459] STKG
[16:51:36] [292/459] TTKG
[16:51:37] [293/459] SRTR
[16:51:38] [294/459] ETTR
[16:51:39] [295/459] GGGZ
[16:51:40] [296/459] IPGM
[16:51:41] [297/459] FCDH
[16:51:42] [298/459] DESB
[16:51:42] [299/459] VNTP
[16:51:43] [300/459] ANNT
[16:51:44] [301/459] SLTI
[16:51:45] [302/459] MAJU
[16:51:46] [303/459] JCXP
[16:51:46] [304/459] HARK
[16:51:48] [305/459] JPCJ
[16:51:49] [306/459] RXBD
[16:51:49] [307/459] PTKJ
[16:51:50] [308/459] CMTU
[16:51:50] [309/459] SWOR
[16:51:51] [310/459] JMEX
[16:51:52] [311/459] DTPT
[16:51:53] [312/459] VGMM
[16:51:54] [313/459] VCSG
[16:51:54] [314/459] CVCG
[16:51:55] [315/459] TNTT
[16:51:56] [316/459] SHRM
[16:51:57] [317/459] CGKD
[16:51:58] [318/459] EKCM
[16:51:59] [319/459] SDCX
[16:52:00] [320/459] SBTE
[16:52:01] [321/459] STKJ
[16:52:02] [322/459] TPCE
[16:52:04] [323/459] JTNP
[16:52:04] [324/459] LPCH
[16:52:05] [325/459] CPUO
[16:52:06] [326/459] APSU
[16:52:07] [327/459] RTHC
[16:52:07] [328/459] PTBU
[16:52:09] [329/459] CUCC
[16:52:09] [330/459] CPSA
[16:52:10] [331/459] SUAY
[16:52:11] [332/459] AYAA
[16:52:11] [333/459] MUCH
[16:52:13] [334/459] PCIN
[16:52:13] [335/459] JRRM
[16:52:14] [336/459] KATS
[16:52:15] [337/459] MHFF
[16:52:16] [338/459] ESYM
[16:52:17] [339/459] STYV
[16:52:18] [340/459] SDKG
[16:52:19] [341/459] SMTI
[16:52:19] [342/459] NYCS
[16:52:20] [343/459] MTBG
[16:52:21] [344/459] RHCA
[16:52:23] [345/459] PCKH
[16:52:23] [346/459] ARCR
[16:52:24] [347/459] NCMB
[16:52:25] [348/459] SHYC
[16:52:25] [349/459] LACK
[16:52:26] [350/459] MTCM
[16:52:27] [351/459] RRBN
[16:52:28] [352/459] MYDC
[16:52:28] [353/459] STCS
[16:52:29] [354/459] CONN
[16:52:30] [355/459] SIPS
[16:52:31] [356/459] SMMX
[16:52:32] [357/459] SCBY
[16:52:33] [358/459] SUAP
[16:52:33] [359/459] RSMK
[16:52:34] [360/459] STKP
[16:52:36] [361/459] CIPC
[16:52:36] [362/459] KKCI
[16:52:37] [363/459] CTNK
[16:52:38] [364/459] MMTZ
[16:52:38] [365/459] DCCO
[16:52:39] [366/459] VNMN
[16:52:40] [367/459] RLCN
[16:52:42] [368/459] CMMS
[16:52:43] [369/459] AYOU
[16:52:43] [370/459] SSCN
[16:52:44] [371/459] SMXN
[16:52:45] [372/459] ASSK
[16:52:46] [373/459] VCKM
[16:52:47] [374/459] PCPH
[16:52:48] [375/459] PADM
[16:52:49] [376/459] IESA
[16:52:50] [377/459] VCSP
[16:52:51] [378/459] AEST
[16:52:51] [379/459] VTNR
[16:52:52] [380/459] GTTA
[16:52:54] [381/459] CMMM
[16:52:55] [382/459] AHKT
[16:52:55] [383/459] SIJI
[16:52:56] [384/459] VCEI
[16:52:56] [385/459] SAKR
[16:52:57] [386/459] VSMT
[16:52:58] [387/459] SSCT
[16:52:59] [388/459] USTR
[16:52:59] [389/459] MTKT
[16:53:00] [390/459] TGMP
[16:53:01] [391/459] SIVC
[16:53:02] [392/459] KICT
[16:53:03] [393/459] DAMD
[16:53:04] [394/459] CNPT
[16:53:04] [395/459] RVTT
[16:53:05] [396/459] SNCM
[16:53:06] [397/459] GHTE
[16:53:07] [398/459] PPAM
[16:53:08] [399/459] PVAA
[16:53:09] [400/459] CPAO
[16:53:10] [401/459] HAMD
[16:53:11] [402/459] RCCA
[16:53:12] [403/459] MPCH
[16:53:12] [404/459] ARED
[16:53:14] [405/459] RRCV
[16:53:15] [406/459] MTRB
[16:53:16] [407/459] CKUA
[16:53:17] [408/459] ABMP
[16:53:18] [409/459] RCWA
[16:53:19] [410/459] CGAR
[16:53:20] [411/459] METH
[16:53:21] [412/459] WAGA
[16:53:21] [413/459] MCMA
[16:53:22] [414/459] CSMP
[16:53:23] [415/459] RCNK
[16:53:24] [416/459] PSTM
[16:53:24] [417/459] CSEP
[16:53:25] [418/459] AMGD
[16:53:26] [419/459] CSTE
[16:53:28] [420/459] CONS
[16:53:28] [421/459] APPX
[16:53:29] [422/459] MABC
[16:53:30] [423/459] CXST
[16:53:31] [424/459] MATN
[16:53:32] [425/459] MACZ
[16:53:33] [426/459] MASA
[16:53:34] [427/459] MBSX
[16:53:34] [428/459] CSST
[16:53:35] [429/459] APCL
[16:53:37] [430/459] CGOS
[16:53:37] [431/459] CPEC
[16:53:38] [432/459] MCCP
[16:53:39] [433/459] BSSO
[16:53:40] [434/459] SJKA
[16:53:40] [435/459] CGBO
[16:53:41] [436/459] MVSK
[16:53:42] [437/459] HVCA
[16:53:43] [438/459] NAMD
[16:53:43] [439/459] DEVI
[16:53:45] [440/459] SCSV
[16:53:46] [441/459] PSMA
[16:53:46] [442/459] CLDJ
[16:53:48] [443/459] NMAD
[16:53:49] [444/459] CGMO
[16:53:50] [445/459] MCNA
[16:53:50] [446/459] OCBN
[16:53:51] [447/459] CPEM
[16:53:52] [448/459] CPSM
[16:53:53] [449/459] RCAD
[16:53:54] [450/459] CPMU
[16:53:55] [451/459] DICD
[16:53:56] [452/459] CHOE
[16:53:56] [453/459] PDJM
[16:53:57] [454/459] SSTU
[16:53:58] [455/459] VNRN
[16:53:59] [456/459] PVLG
[16:54:00] [457/459] SWBL
[16:54:01] [458/459] SCAB
[16:54:01] [459/459] RDDA
[16:54:03] 🧹 Deduping shows
[16:54:03] ✅ DONE | Shows=827 | Movies=62
