[10:01:57] 🚀 SCRIPT STARTED
[10:01:57] [1/296] CDCA
[10:01:57] 🧠 New identity created
[10:01:58] [2/296] MNSR
[10:01:59] [3/296] CSSL
[10:02:00] [4/296] BGGM
[10:02:01] [5/296] MANT
[10:02:01] [6/296] SOOY
[10:02:02] [7/296] VPPK
[10:02:03] [8/296] MYHJ
[10:02:04] [9/296] KSCK
[10:02:05] [10/296] KATK
[10:02:06] [11/296] RTRT
[10:02:07] [12/296] SSTT
[10:02:07] [13/296] SSTV
[10:02:08] [14/296] LACM
[10:02:09] [15/296] SGMG
[10:02:10] [16/296] KACX
[10:02:11] [17/296] GVCP
[10:02:12] [18/296] CSNC
[10:02:12] [19/296] SXCB
[10:02:14] [20/296] BAHS
[10:02:15] [21/296] PCBI
[10:02:16] [22/296] PSSM
[10:02:17] [23/296] RCOK
[10:02:18] [24/296] SCPF
[10:02:19] [25/296] SSAS
[10:02:19] [26/296] EVMM
[10:02:20] [27/296] SYCB
[10:02:21] [28/296] GCKI
[10:02:22] [29/296] IAET
[10:02:23] [30/296] DDTD
[10:02:24] [31/296] GMDH
[10:02:24] [32/296] STLE
[10:02:26] [33/296] JTRA
[10:02:27] [34/296] RPPA
[10:02:28] [35/296] ARUT
[10:02:29] [36/296] JTVM
[10:02:30] [37/296] SWRH
[10:02:31] [38/296] DCPC
[10:02:31] [39/296] RAPR
[10:02:32] [40/296] GCRT
[10:02:33] [41/296] ATUN
[10:02:35] [42/296] LTRM
[10:02:35] [43/296] TASR
[10:02:37] [44/296] RLLC
[10:02:37] [45/296] MABI
[10:02:38] [46/296] SVHB
[10:02:39] [47/296] NVTB
[10:02:40] [48/296] KCKG
[10:02:41] [49/296] SSRN
[10:02:42] [50/296] VDDC
[10:02:44] [51/296] GKTK
[10:02:44] [52/296] YFSN
[10:02:46] [53/296] GCSG
[10:02:47] [54/296] ESSM
[10:02:47] [55/296] KRIH
[10:02:48] [56/296] GCDS
[10:02:49] [57/296] CCSH
[10:02:50] [58/296] ACSK
[10:02:51] [59/296] APRK
[10:02:52] [60/296] ADKM
[10:02:53] [61/296] SRDM
[10:02:53] [62/296] RMOG
[10:02:54] [63/296] SJMY
[10:02:55] [64/296] PGGC
[10:02:56] [65/296] INGM
[10:02:57] [66/296] LSCB
[10:02:57] [67/296] STAD
[10:02:58] [68/296] MCCR
[10:02:59] [69/296] ABCC
[10:03:00] [70/296] RKCC
[10:03:01] [71/296] RTCR
[10:03:02] [72/296] GGBC
[10:03:03] [73/296] GCSD
[10:03:04] [74/296] LPTY
[10:03:05] [75/296] MCFD
[10:03:06] [76/296] HENN
[10:03:07] [77/296] SMKU
[10:03:08] [78/296] TNZC
[10:03:08] [79/296] DRCD
[10:03:09] [80/296] DLCD
[10:03:10] [81/296] RCDA
[10:03:10] [82/296] COSM
[10:03:11] [83/296] MCMJ
[10:03:12] [84/296] CSTR
[10:03:13] [85/296] CVDK
[10:03:14] [86/296] INRR
[10:03:15] [87/296] RJRT
[10:03:16] [88/296] IRMR
[10:03:17] [89/296] SRCF
[10:03:17] [90/296] GRCR
[10:03:18] [91/296] SURC
[10:03:19] [92/296] NMNH
[10:03:20] [93/296] SVBL
[10:03:20] [94/296] KACI
[10:03:21] [95/296] TDGO
[10:03:22] [96/296] KTBR
[10:03:23] [97/296] PMAD
[10:03:24] [98/296] CCPN
[10:03:25] [99/296] SBTK
[10:03:26] [100/296] LMDK
[10:03:27] [101/296] PGDA
[10:03:27] [102/296] SRML
[10:03:28] [103/296] EVCK
[10:03:29] [104/296] RTTK
[10:03:30] [105/296] SRTU
[10:03:31] [106/296] VRSA
[10:03:32] [107/296] VARS
[10:03:33] [108/296] DSCZ
[10:03:34] [109/296] GAGA
[10:03:35] [110/296] SARV
[10:03:36] [111/296] SEEG
[10:03:36] [112/296] GLCA
[10:03:37] [113/296] APAS
[10:03:38] [114/296] VCIA
[10:03:39] [115/296] SJTA
[10:03:40] [116/296] SABM
[10:03:41] [117/296] PPAG
[10:03:42] [118/296] RVCA
[10:03:43] [119/296] CCIA
[10:03:43] [120/296] HTAG
[10:03:44] [121/296] SMBI
[10:03:45] [122/296] MCJR
[10:03:46] [123/296] CCJR
[10:03:47] [124/296] SINF
[10:03:48] [125/296] CPLX
[10:03:49] [126/296] KKTJ
[10:03:49] [127/296] GDBW
[10:03:50] [128/296] CSUB
[10:03:51] [129/296] DABA
[10:03:52] [130/296] TITR
[10:03:53] [131/296] NYCR
[10:03:54] [132/296] RTRY
[10:03:55] [133/296] JTJL
[10:03:56] [134/296] SJCP
[10:03:57] [135/296] KCCA
[10:03:57] [136/296] MLPG
[10:03:58] [137/296] VRCK
[10:03:59] [138/296] SRIN
[10:04:00] [139/296] CXMK
[10:04:01] [140/296] SKAD
[10:04:02] [141/296] AVTR
[10:04:03] [142/296] PTAJ
[10:04:03] [143/296] SCNK
[10:04:04] [144/296] STTI
[10:04:05] [145/296] KACR
[10:04:06] [146/296] SSDX
[10:04:07] [147/296] VRTJ
[10:04:08] [148/296] RAJD
[10:04:09] [149/296] SCIP
[10:04:09] [150/296] RJSL
[10:04:10] [151/296] ARRS
[10:04:11] [152/296] ASMS
[10:04:12] [153/296] RDTS
[10:04:13] [154/296] DVMY
[10:04:13] [155/296] RASA
[10:04:14] [156/296] INOM
[10:04:15] [157/296] SPRS
[10:04:16] [158/296] SGCS
[10:04:17] [159/296] SALM
[10:04:18] [160/296] PKHC
[10:04:18] [161/296] RCSV
[10:04:19] [162/296] CPKC
[10:04:20] [163/296] AACD
[10:04:21] [164/296] GGCV
[10:04:21] [165/296] SMKD
[10:04:22] [166/296] NBCH
[10:04:23] [167/296] AMCB
[10:04:23] [168/296] OPCN
[10:04:24] [169/296] DCIN
[10:04:25] [170/296] INGW
[10:04:26] [171/296] PKKW
[10:04:28] [172/296] FNGW
[10:04:28] [173/296] GCGD
[10:04:29] [174/296] MSTW
[10:04:30] [175/296] KCCG
[10:04:31] [176/296] MRSS
[10:04:31] [177/296] CLCF
[10:04:32] [178/296] EETS
[10:04:33] [179/296] AATR
[10:04:34] [180/296] CMMN
[10:04:35] [181/296] SCCJ
[10:04:35] [182/296] CDTK
[10:04:36] [183/296] AICP
[10:04:37] [184/296] FNBP
[10:04:38] [185/296] CBPB
[10:04:39] [186/296] CPAS
[10:04:40] [187/296] MAPM
[10:04:40] [188/296] PASD
[10:04:41] [189/296] JCMN
[10:04:43] [190/296] MALB
[10:04:43] [191/296] SACG
[10:04:44] [192/296] DDRX
[10:04:45] [193/296] DDXB
[10:04:45] [194/296] RAMC
[10:04:46] [195/296] SANC
[10:04:47] [196/296] BCBP
[10:04:48] [197/296] ALPC
[10:04:48] [198/296] RBAC
[10:04:49] [199/296] RAJL
[10:04:50] [200/296] MPDX
[10:04:51] [201/296] MUSC
[10:04:52] [202/296] VKMK
[10:04:53] [203/296] SKCG
[10:04:53] [204/296] ANCN
[10:04:54] [205/296] MMCJ
[10:04:56] [206/296] DCAK
[10:04:57] [207/296] SCKG
[10:04:58] [208/296] LMCK
[10:04:58] [209/296] CKKX
[10:04:59] [210/296] ANKU
[10:05:00] [211/296] CSMD
[10:05:01] [212/296] MKMP
[10:05:02] [213/296] SVBG
[10:05:03] [214/296] ROOP
[10:05:04] [215/296] GDMT
[10:05:04] [216/296] FPPF
[10:05:05] [217/296] SFUU
[10:05:06] [218/296] ANCB
[10:05:07] [219/296] SMMC
[10:05:08] [220/296] UGKT
[10:05:09] [221/296] JVRM
[10:05:09] [222/296] BATG
[10:05:10] [223/296] RATE
[10:05:11] [224/296] SKME
[10:05:12] [225/296] LMTP
[10:05:13] [226/296] TCBD
[10:05:13] [227/296] ESBD
[10:05:14] [228/296] GDCU
[10:05:15] [229/296] SNKT
[10:05:15] [230/296] SRNK
[10:05:16] [231/296] SMED
[10:05:17] [232/296] CSQS
[10:05:18] [233/296] ALCS
[10:05:19] [234/296] KCKN
[10:05:20] [235/296] VCCL
[10:05:20] [236/296] MCDA
[10:05:21] [237/296] SHMI
[10:05:22] [238/296] SKHA
[10:05:23] [239/296] SVFK
[10:05:24] [240/296] INVB
[10:05:24] [241/296] MELD
[10:05:25] [242/296] JTYS
[10:05:27] [243/296] INCM
[10:05:27] [244/296] MCDV
[10:05:29] [245/296] KSGK
[10:05:30] [246/296] ICMG
[10:05:30] [247/296] CSCV
[10:05:31] [248/296] STMD
[10:05:31] [249/296] STTR
[10:05:32] [250/296] INVC
[10:05:33] [251/296] JTBL
[10:05:34] [252/296] SRVV
[10:05:34] [253/296] MAVC
[10:05:35] [254/296] SRPP
[10:05:36] [255/296] JGDM
[10:05:37] [256/296] MBSJ
[10:05:38] [257/296] SSLL
[10:05:38] [258/296] SLKP
[10:05:39] [259/296] NSRV
[10:05:40] [260/296] UTDV
[10:05:41] [261/296] KICM
[10:05:42] [262/296] KCMD
[10:05:43] [263/296] TTPP
[10:05:43] [264/296] KMPV
[10:05:44] [265/296] SKTV
[10:05:46] [266/296] STCV
[10:05:47] [267/296] SRDA
[10:05:47] [268/296] JTSX
[10:05:48] [269/296] STBV
[10:05:48] [270/296] APVZ
[10:05:49] [271/296] GSTV
[10:05:50] [272/296] NMVS
[10:05:51] [273/296] SKRT
[10:05:52] [274/296] RMDV
[10:05:52] [275/296] RATG
[10:05:53] [276/296] SJYV
[10:05:54] [277/296] NDGP
[10:05:55] [278/296] SNDG
[10:05:55] [279/296] INSR
[10:05:56] [280/296] INSO
[10:05:57] [281/296] CCSI
[10:05:58] [282/296] RASM
[10:05:58] [283/296] NEWC
[10:05:59] [284/296] VSHL
[10:06:00] [285/296] BISW
[10:06:01] [286/296] GCNG
[10:06:02] [287/296] CWSC
[10:06:03] [288/296] SKAN
[10:06:04] [289/296] SEHP
[10:06:04] [290/296] CCOA
[10:06:05] [291/296] MCAJ
[10:06:06] [292/296] ACDE
[10:06:07] [293/296] AACM
[10:06:08] [294/296] JJCK
[10:06:09] [295/296] RCMO
[10:06:10] [296/296] GDAW
[10:06:10] 🧹 Deduping shows
[10:06:10] ✅ DONE | Shows=470 | Movies=45
