[10:03:55] 🚀 SCRIPT STARTED
[10:03:55] [1/324] GCTA
[10:03:55] 🧠 New identity created
[10:03:55] [2/324] TOPN
[10:03:56] [3/324] MCUS
[10:03:57] [4/324] SHRL
[10:03:58] [5/324] UPTP
[10:03:58] [6/324] TMMP
[10:03:59] [7/324] DNRP
[10:04:00] [8/324] SRLT
[10:04:00] [9/324] RCNS
[10:04:01] [10/324] DCBH
[10:04:02] [11/324] NAGJ
[10:04:02] [12/324] JVRC
[10:04:03] [13/324] KRJG
[10:04:04] [14/324] SRTJ
[10:04:04] [15/324] CMXM
[10:04:05] [16/324] STMI
[10:04:05] [17/324] SLST
[10:04:06] [18/324] DTCN
[10:04:07] [19/324] STYN
[10:04:07] [20/324] SZVR
[10:04:08] [21/324] SRKO
[10:04:08] [22/324] JTGT
[10:04:09] [23/324] SVFD
[10:04:10] [24/324] SISD
[10:04:10] [25/324] ABDD
[10:04:11] [26/324] DRCA
[10:04:11] [27/324] AVCS
[10:04:12] [28/324] MVKH
[10:04:13] [29/324] ACPR
[10:04:13] [30/324] STIP
[10:04:14] [31/324] MTRA
[10:04:14] [32/324] RMKH
[10:04:15] [33/324] NKRL
[10:04:16] [34/324] PCWN
[10:04:16] [35/324] BLMT
[10:04:17] [36/324] GDPG
[10:04:18] [37/324] SRMX
[10:04:18] [38/324] JACP
[10:04:19] [39/324] CPSH
[10:04:19] [40/324] MCCD
[10:04:20] [41/324] ECGH
[10:04:21] [42/324] MKCK
[10:04:21] [43/324] SRMM
[10:04:22] [44/324] SKYR
[10:04:23] [45/324] PCKC
[10:04:23] [46/324] JCMA
[10:04:24] [47/324] BSMP
[10:04:25] [48/324] VSPA
[10:04:25] [49/324] DJYA
[10:04:26] [50/324] DIMP
[10:04:27] [51/324] FXDR
[10:04:27] [52/324] SSRC
[10:04:28] [53/324] STHP
[10:04:28] [54/324] CPPD
[10:04:29] [55/324] FCLK
[10:04:30] [56/324] SCPP
[10:04:30] [57/324] DCMJ
[10:04:31] [58/324] RCCR
[10:04:31] [59/324] INMT
[10:04:32] [60/324] LXTK
[10:04:33] [61/324] SRYK
[10:04:33] [62/324] SGDK
[10:04:34] [63/324] PPKA
[10:04:34] [64/324] SPKA
[10:04:35] [65/324] CGHH
[10:04:35] [66/324] DCJN
[10:04:36] [67/324] SRKV
[10:04:37] [68/324] SAJC
[10:04:37] [69/324] SUSR
[10:04:38] [70/324] STYG
[10:04:38] [71/324] NTKP
[10:04:39] [72/324] AKTG
[10:04:40] [73/324] CGCM
[10:04:40] [74/324] TULC
[10:04:41] [75/324] NYYZ
[10:04:41] [76/324] NYBW
[10:04:42] [77/324] MACB
[10:04:42] [78/324] SLVT
[10:04:43] [79/324] SANA
[10:04:44] [80/324] ACMR
[10:04:44] [81/324] CPKN
[10:04:45] [82/324] DLGK
[10:04:45] [83/324] CWCK
[10:04:46] [84/324] FDDH
[10:04:47] [85/324] MMMD
[10:04:47] [86/324] CMEH
[10:04:48] [87/324] GGGV
[10:04:48] [88/324] SPJL
[10:04:49] [89/324] RCCD
[10:04:50] [90/324] STTZ
[10:04:50] [91/324] BTCF
[10:04:51] [92/324] TSTZ
[10:04:51] [93/324] IPMM
[10:04:52] [94/324] PMPW
[10:04:52] [95/324] PCMZ
[10:04:53] [96/324] ESEM
[10:04:54] [97/324] PIPO
[10:04:54] [98/324] MATK
[10:04:55] [99/324] PGHM
[10:04:56] [100/324] CTSR
[10:04:56] [101/324] CYKR
[10:04:57] [102/324] MSCM
[10:04:58] [103/324] RFNP
[10:04:58] [104/324] PDCP
[10:04:59] [105/324] NPSE
[10:05:00] [106/324] MKML
[10:05:00] [107/324] FTDP
[10:05:01] [108/324] MMXA
[10:05:01] [109/324] CEPO
[10:05:02] [110/324] CMVP
[10:05:02] [111/324] SGTH
[10:05:03] [112/324] SAYN
[10:05:03] [113/324] URVS
[10:05:04] [114/324] VJTN
[10:05:05] [115/324] BBYK
[10:05:05] [116/324] SHBO
[10:05:06] [117/324] VCMR
[10:05:06] [118/324] MACT
[10:05:07] [119/324] JMNP
[10:05:07] [120/324] VICS
[10:05:08] [121/324] VCDA
[10:05:09] [122/324] GCMM
[10:05:10] [123/324] INVS
[10:05:10] [124/324] SCGM
[10:05:10] [125/324] PCDA
[10:05:11] [126/324] KDCT
[10:05:12] [127/324] JACS
[10:05:13] [128/324] GMMC
[10:05:13] [129/324] AICM
[10:05:14] [130/324] TJCM
[10:05:14] [131/324] RMTI
[10:05:15] [132/324] SHAC
[10:05:15] [133/324] APJC
[10:05:16] [134/324] GCTG
[10:05:17] [135/324] SSMC
[10:05:17] [136/324] THRM
[10:05:18] [137/324] RBCT
[10:05:19] [138/324] DIKT
[10:05:19] [139/324] MIDL
[10:05:20] [140/324] VCSN
[10:05:20] [141/324] SKTG
[10:05:21] [142/324] SMWC
[10:05:22] [143/324] MNKH
[10:05:22] [144/324] PIAT
[10:05:23] [145/324] LTTP
[10:05:24] [146/324] PTPU
[10:05:24] [147/324] ACMG
[10:05:25] [148/324] SHMM
[10:05:25] [149/324] MCMN
[10:05:26] [150/324] GLDC
[10:05:26] [151/324] HOUT
[10:05:27] [152/324] SVRP
[10:05:28] [153/324] PVDN
[10:05:28] [154/324] SCPY
[10:05:29] [155/324] DTPY
[10:05:30] [156/324] GKCS
[10:05:30] [157/324] NCAM
[10:05:31] [158/324] BSRM
[10:05:32] [159/324] RCLC
[10:05:32] [160/324] SKKD
[10:05:33] [161/324] ACHU
[10:05:33] [162/324] RSCF
[10:05:34] [163/324] IMSH
[10:05:35] [164/324] MACX
[10:05:35] [165/324] HMMW
[10:05:36] [166/324] JTCP
[10:05:36] [167/324] SREN
[10:05:37] [168/324] PJRR
[10:05:37] [169/324] INAC
[10:05:38] [170/324] BMCA
[10:05:39] [171/324] SHCB
[10:05:39] [172/324] GABA
[10:05:40] [173/324] SBCT
[10:05:40] [174/324] GCMA
[10:05:41] [175/324] MYTK
[10:05:42] [176/324] INZS
[10:05:42] [177/324] RMIK
[10:05:43] [178/324] NYCH
[10:05:44] [179/324] RAVE
[10:05:44] [180/324] PSXM
[10:05:45] [181/324] MCGP
[10:05:45] [182/324] PDDK
[10:05:46] [183/324] SPCK
[10:05:47] [184/324] MCRL
[10:05:47] [185/324] MHKT
[10:05:48] [186/324] ANRR
[10:05:48] [187/324] SAPK
[10:05:49] [188/324] NCUK
[10:05:50] [189/324] JUGA
[10:05:50] [190/324] DBSC
[10:05:51] [191/324] LALK
[10:05:51] [192/324] GUCK
[10:05:52] [193/324] STSG
[10:05:53] [194/324] PPPZ
[10:05:53] [195/324] CNCY
[10:05:54] [196/324] MTAR
[10:05:54] [197/324] VNKD
[10:05:55] [198/324] KMAJ
[10:05:55] [199/324] ACXK
[10:05:56] [200/324] UTKC
[10:05:57] [201/324] PBLK
[10:05:57] [202/324] ACBX
[10:05:58] [203/324] PTGM
[10:05:59] [204/324] BTDA
[10:05:59] [205/324] PJMB
[10:05:59] [206/324] TPDA
[10:06:00] [207/324] AMOE
[10:06:01] [208/324] PRHT
[10:06:01] [209/324] PRTA
[10:06:02] [210/324] STAM
[10:06:02] [211/324] MSAA
[10:06:03] [212/324] SDLU
[10:06:04] [213/324] RCHH
[10:06:04] [214/324] KANT
[10:06:05] [215/324] FCRT
[10:06:05] [216/324] DNKM
[10:06:06] [217/324] RYCP
[10:06:06] [218/324] MYRP
[10:06:07] [219/324] PPAK
[10:06:07] [220/324] NVPK
[10:06:08] [221/324] PRMC
[10:06:09] [222/324] JBCS
[10:06:09] [223/324] GXCK
[10:06:10] [224/324] USKO
[10:06:10] [225/324] GTEM
[10:06:11] [226/324] SMBU
[10:06:12] [227/324] VETC
[10:06:12] [228/324] LCDA
[10:06:13] [229/324] MTVT
[10:06:14] [230/324] PYCP
[10:06:14] [231/324] PNSC
[10:06:15] [232/324] PPCC
[10:06:16] [233/324] TGRT
[10:06:17] [234/324] JYOT
[10:06:17] [235/324] SRCZ
[10:06:18] [236/324] SJTE
[10:06:18] [237/324] DESC
[10:06:19] [238/324] JHVN
[10:06:20] [239/324] IPSG
[10:06:20] [240/324] IPCM
[10:06:21] [241/324] PDRS
[10:06:21] [242/324] ANCV
[10:06:22] [243/324] CMVV
[10:06:23] [244/324] SHYP
[10:06:23] [245/324] DNCS
[10:06:24] [246/324] GAJK
[10:06:25] [247/324] AKTN
[10:06:26] [248/324] KAYA
[10:06:27] [249/324] SBRC
[10:06:28] [250/324] CHTP
[10:06:28] [251/324] SHRT
[10:06:29] [252/324] BCKU
[10:06:31] [253/324] FCPS
[10:06:32] [254/324] ARDD
[10:06:33] [255/324] CPCM
[10:06:34] [256/324] CGSM
[10:06:35] [257/324] PSMP
[10:06:36] [258/324] SDAL
[10:06:37] [259/324] RTNB
[10:06:38] [260/324] LMCR
[10:06:38] [261/324] CIMA
[10:06:39] [262/324] RNAS
[10:06:40] [263/324] LITH
[10:06:41] [264/324] PBOX
[10:06:42] [265/324] FRTS
[10:06:42] [266/324] RKIC
[10:06:43] [267/324] PTAI
[10:06:44] [268/324] GCIC
[10:06:45] [269/324] FNAS
[10:06:45] [270/324] SCAR
[10:06:46] [271/324] MTCA
[10:06:47] [272/324] SCTS
[10:06:48] [273/324] SYCS
[10:06:49] [274/324] RDMS
[10:06:50] [275/324] KAMP
[10:06:52] [276/324] ERSD
[10:06:52] [277/324] MJMJ
[10:06:53] [278/324] SRCJ
[10:06:54] [279/324] SCXE
[10:06:55] [280/324] SVFR
[10:06:56] [281/324] BHCS
[10:06:57] [282/324] IMCC
[10:06:58] [283/324] PCBO
[10:06:59] [284/324] PRVN
[10:06:59] [285/324] AUPM
[10:07:00] [286/324] INBW
[10:07:01] [287/324] SVCW
[10:07:02] [288/324] RKCF
[10:07:03] [289/324] UVBH
[10:07:03] [290/324] DNCY
[10:07:04] [291/324] ABCN
[10:07:05] [292/324] PRUR
[10:07:06] [293/324] PFMR
[10:07:07] [294/324] RKCN
[10:07:08] [295/324] CFEA
[10:07:09] [296/324] SDBG
[10:07:10] [297/324] SNAR
[10:07:11] [298/324] YISI
[10:07:11] [299/324] JCFF
[10:07:12] [300/324] VTRK
[10:07:13] [301/324] PCLZ
[10:07:14] [302/324] DIMY
[10:07:15] [303/324] BBTS
[10:07:15] [304/324] GATH
[10:07:16] [305/324] GTMN
[10:07:17] [306/324] VTMH
[10:07:18] [307/324] CCKP
[10:07:19] [308/324] GPKA
[10:07:19] [309/324] MHCL
[10:07:21] [310/324] ATCL
[10:07:21] [311/324] SBCK
[10:07:23] [312/324] AMMR
[10:07:24] [313/324] MADC
[10:07:25] [314/324] TMMA
[10:07:25] [315/324] CACC
[10:07:26] [316/324] CHAL
[10:07:27] [317/324] DURG
[10:07:27] [318/324] GMKU
[10:07:28] [319/324] GECA
[10:07:29] [320/324] KYRR
[10:07:30] [321/324] KSDE
[10:07:31] [322/324] LMCI
[10:07:32] [323/324] NKCP
[10:07:33] [324/324] BGTC
[10:07:34] 🧹 Deduping shows
[10:07:34] ✅ DONE | Shows=581 | Movies=52
[16:48:34] 🚀 SCRIPT STARTED
[16:48:34] [1/324] GCTA
[16:48:34] 🧠 New identity created
[16:48:35] [2/324] TOPN
[16:48:36] [3/324] MCUS
[16:48:37] [4/324] SHRL
[16:48:38] [5/324] UPTP
[16:48:38] [6/324] TMMP
[16:48:39] [7/324] DNRP
[16:48:40] [8/324] SRLT
[16:48:41] [9/324] RCNS
[16:48:42] [10/324] DCBH
[16:48:42] [11/324] NAGJ
[16:48:43] [12/324] JVRC
[16:48:44] [13/324] KRJG
[16:48:45] [14/324] SRTJ
[16:48:45] [15/324] CMXM
[16:48:46] [16/324] STMI
[16:48:47] [17/324] SLST
[16:48:48] [18/324] DTCN
[16:48:50] [19/324] STYN
[16:48:51] [20/324] SZVR
[16:48:52] [21/324] SRKO
[16:48:53] [22/324] JTGT
[16:48:54] [23/324] SVFD
[16:48:54] [24/324] SISD
[16:48:55] [25/324] ABDD
[16:48:56] [26/324] DRCA
[16:48:57] [27/324] AVCS
[16:48:57] [28/324] MVKH
[16:48:58] [29/324] ACPR
[16:49:00] [30/324] STIP
[16:49:01] [31/324] MTRA
[16:49:02] [32/324] RMKH
[16:49:02] [33/324] NKRL
[16:49:03] [34/324] PCWN
[16:49:04] [35/324] BLMT
[16:49:05] [36/324] GDPG
[16:49:06] [37/324] SRMX
[16:49:06] [38/324] JACP
[16:49:07] [39/324] CPSH
[16:49:09] [40/324] MCCD
[16:49:09] [41/324] ECGH
[16:49:11] [42/324] MKCK
[16:49:12] [43/324] SRMM
[16:49:13] [44/324] SKYR
[16:49:13] [45/324] PCKC
[16:49:14] [46/324] JCMA
[16:49:15] [47/324] BSMP
[16:49:16] [48/324] VSPA
[16:49:17] [49/324] DJYA
[16:49:18] [50/324] DIMP
[16:49:18] [51/324] FXDR
[16:49:19] [52/324] SSRC
[16:49:20] [53/324] STHP
[16:49:21] [54/324] CPPD
[16:49:22] [55/324] FCLK
[16:49:23] [56/324] SCPP
[16:49:24] [57/324] DCMJ
[16:49:24] [58/324] RCCR
[16:49:25] [59/324] INMT
[16:49:26] [60/324] LXTK
[16:49:27] [61/324] SRYK
[16:49:27] [62/324] SGDK
[16:49:28] [63/324] PPKA
[16:49:29] [64/324] SPKA
[16:49:30] [65/324] CGHH
[16:49:31] [66/324] DCJN
[16:49:32] [67/324] SRKV
[16:49:33] [68/324] SAJC
[16:49:35] [69/324] SUSR
[16:49:35] [70/324] STYG
[16:49:36] [71/324] NTKP
[16:49:37] [72/324] AKTG
[16:49:38] [73/324] CGCM
[16:49:39] [74/324] TULC
[16:49:40] [75/324] NYYZ
[16:49:41] [76/324] NYBW
[16:49:42] [77/324] MACB
[16:49:43] [78/324] SLVT
[16:49:44] [79/324] SANA
[16:49:45] [80/324] ACMR
[16:49:46] [81/324] CPKN
[16:49:47] [82/324] DLGK
[16:49:48] [83/324] CWCK
[16:49:49] [84/324] FDDH
[16:49:49] [85/324] MMMD
[16:49:50] [86/324] CMEH
[16:49:50] [87/324] GGGV
[16:49:51] [88/324] SPJL
[16:49:52] [89/324] RCCD
[16:49:53] [90/324] STTZ
[16:49:54] [91/324] BTCF
[16:49:55] [92/324] TSTZ
[16:49:56] [93/324] IPMM
[16:49:56] [94/324] PMPW
[16:49:57] [95/324] PCMZ
[16:49:58] [96/324] ESEM
[16:49:59] [97/324] PIPO
[16:50:00] [98/324] MATK
[16:50:01] [99/324] PGHM
[16:50:02] [100/324] CTSR
[16:50:03] [101/324] CYKR
[16:50:04] [102/324] MSCM
[16:50:05] [103/324] RFNP
[16:50:06] [104/324] PDCP
[16:50:07] [105/324] NPSE
[16:50:07] [106/324] MKML
[16:50:08] [107/324] FTDP
[16:50:09] [108/324] MMXA
[16:50:10] [109/324] CEPO
[16:50:11] [110/324] CMVP
[16:50:11] [111/324] SGTH
[16:50:12] [112/324] SAYN
[16:50:13] [113/324] URVS
[16:50:14] [114/324] VJTN
[16:50:15] [115/324] BBYK
[16:50:16] [116/324] SHBO
[16:50:17] [117/324] VCMR
[16:50:17] [118/324] MACT
[16:50:19] [119/324] JMNP
[16:50:20] [120/324] VICS
[16:50:21] [121/324] VCDA
[16:50:22] [122/324] GCMM
[16:50:23] [123/324] INVS
[16:50:24] [124/324] SCGM
[16:50:25] [125/324] PCDA
[16:50:26] [126/324] KDCT
[16:50:27] [127/324] JACS
[16:50:28] [128/324] GMMC
[16:50:29] [129/324] AICM
[16:50:30] [130/324] TJCM
[16:50:30] [131/324] RMTI
[16:50:31] [132/324] SHAC
[16:50:32] [133/324] APJC
[16:50:33] [134/324] GCTG
[16:50:35] [135/324] SSMC
[16:50:35] [136/324] THRM
[16:50:36] [137/324] RBCT
[16:50:37] [138/324] DIKT
[16:50:38] [139/324] MIDL
[16:50:39] [140/324] VCSN
[16:50:40] [141/324] SKTG
[16:50:40] [142/324] SMWC
[16:50:41] [143/324] MNKH
[16:50:42] [144/324] PIAT
[16:50:43] [145/324] LTTP
[16:50:44] [146/324] PTPU
[16:50:45] [147/324] ACMG
[16:50:46] [148/324] SHMM
[16:50:47] [149/324] MCMN
[16:50:48] [150/324] GLDC
[16:50:48] [151/324] HOUT
[16:50:49] [152/324] SVRP
[16:50:50] [153/324] PVDN
[16:50:51] [154/324] SCPY
[16:50:52] [155/324] DTPY
[16:50:53] [156/324] GKCS
[16:50:53] [157/324] NCAM
[16:50:54] [158/324] BSRM
[16:50:55] [159/324] RCLC
[16:50:56] [160/324] SKKD
[16:50:57] [161/324] ACHU
[16:50:58] [162/324] RSCF
[16:50:58] [163/324] IMSH
[16:50:59] [164/324] MACX
[16:51:00] [165/324] HMMW
[16:51:02] [166/324] JTCP
[16:51:02] [167/324] SREN
[16:51:03] [168/324] PJRR
[16:51:04] [169/324] INAC
[16:51:05] [170/324] BMCA
[16:51:06] [171/324] SHCB
[16:51:06] [172/324] GABA
[16:51:07] [173/324] SBCT
[16:51:08] [174/324] GCMA
[16:51:09] [175/324] MYTK
[16:51:09] [176/324] INZS
[16:51:10] [177/324] RMIK
[16:51:11] [178/324] NYCH
[16:51:12] [179/324] RAVE
[16:51:13] [180/324] PSXM
[16:51:14] [181/324] MCGP
[16:51:15] [182/324] PDDK
[16:51:16] [183/324] SPCK
[16:51:16] [184/324] MCRL
[16:51:17] [185/324] MHKT
[16:51:18] [186/324] ANRR
[16:51:18] [187/324] SAPK
[16:51:19] [188/324] NCUK
[16:51:20] [189/324] JUGA
[16:51:21] [190/324] DBSC
[16:51:22] [191/324] LALK
[16:51:23] [192/324] GUCK
[16:51:23] [193/324] STSG
[16:51:24] [194/324] PPPZ
[16:51:25] [195/324] CNCY
[16:51:26] [196/324] MTAR
[16:51:27] [197/324] VNKD
[16:51:27] [198/324] KMAJ
[16:51:29] [199/324] ACXK
[16:51:29] [200/324] UTKC
[16:51:30] [201/324] PBLK
[16:51:31] [202/324] ACBX
[16:51:32] [203/324] PTGM
[16:51:33] [204/324] BTDA
[16:51:34] [205/324] PJMB
[16:51:34] [206/324] TPDA
[16:51:36] [207/324] AMOE
[16:51:36] [208/324] PRHT
[16:51:37] [209/324] PRTA
[16:51:38] [210/324] STAM
[16:51:39] [211/324] MSAA
[16:51:40] [212/324] SDLU
[16:51:40] [213/324] RCHH
[16:51:41] [214/324] KANT
[16:51:42] [215/324] FCRT
[16:51:43] [216/324] DNKM
[16:51:44] [217/324] RYCP
[16:51:45] [218/324] MYRP
[16:51:46] [219/324] PPAK
[16:51:47] [220/324] NVPK
[16:51:48] [221/324] PRMC
[16:51:49] [222/324] JBCS
[16:51:50] [223/324] GXCK
[16:51:52] [224/324] USKO
[16:51:53] [225/324] GTEM
[16:51:54] [226/324] SMBU
[16:51:55] [227/324] VETC
[16:51:56] [228/324] LCDA
[16:51:56] [229/324] MTVT
[16:51:57] [230/324] PYCP
[16:51:58] [231/324] PNSC
[16:51:59] [232/324] PPCC
[16:51:59] [233/324] TGRT
[16:52:00] [234/324] JYOT
[16:52:01] [235/324] SRCZ
[16:52:02] [236/324] SJTE
[16:52:03] [237/324] DESC
[16:52:04] [238/324] JHVN
[16:52:05] [239/324] IPSG
[16:52:05] [240/324] IPCM
[16:52:06] [241/324] PDRS
[16:52:07] [242/324] ANCV
[16:52:08] [243/324] CMVV
[16:52:09] [244/324] SHYP
[16:52:10] [245/324] DNCS
[16:52:11] [246/324] GAJK
[16:52:12] [247/324] AKTN
[16:52:13] [248/324] KAYA
[16:52:14] [249/324] SBRC
[16:52:15] [250/324] CHTP
[16:52:16] [251/324] SHRT
[16:52:17] [252/324] BCKU
[16:52:18] [253/324] FCPS
[16:52:19] [254/324] ARDD
[16:52:20] [255/324] CPCM
[16:52:21] [256/324] CGSM
[16:52:22] [257/324] PSMP
[16:52:23] [258/324] SDAL
[16:52:24] [259/324] RTNB
[16:52:25] [260/324] LMCR
[16:52:26] [261/324] CIMA
[16:52:27] [262/324] RNAS
[16:52:28] [263/324] LITH
[16:52:28] [264/324] PBOX
[16:52:29] [265/324] FRTS
[16:52:30] [266/324] RKIC
[16:52:31] [267/324] PTAI
[16:52:33] [268/324] GCIC
[16:52:34] [269/324] FNAS
[16:52:34] [270/324] SCAR
[16:52:35] [271/324] MTCA
[16:52:36] [272/324] SCTS
[16:52:37] [273/324] SYCS
[16:52:38] [274/324] RDMS
[16:52:38] [275/324] KAMP
[16:52:39] [276/324] ERSD
[16:52:40] [277/324] MJMJ
[16:52:41] [278/324] SRCJ
[16:52:42] [279/324] SCXE
[16:52:43] [280/324] SVFR
[16:52:45] [281/324] BHCS
[16:52:46] [282/324] IMCC
[16:52:47] [283/324] PCBO
[16:52:48] [284/324] PRVN
[16:52:48] [285/324] AUPM
[16:52:49] [286/324] INBW
[16:52:50] [287/324] SVCW
[16:52:51] [288/324] RKCF
[16:52:52] [289/324] UVBH
[16:52:54] [290/324] DNCY
[16:52:54] [291/324] ABCN
[16:52:55] [292/324] PRUR
[16:52:56] [293/324] PFMR
[16:52:57] [294/324] RKCN
[16:52:57] [295/324] CFEA
[16:52:58] [296/324] SDBG
[16:52:59] [297/324] SNAR
[16:53:00] [298/324] YISI
[16:53:00] [299/324] JCFF
[16:53:01] [300/324] VTRK
[16:53:03] [301/324] PCLZ
[16:53:03] [302/324] DIMY
[16:53:04] [303/324] BBTS
[16:53:05] [304/324] GATH
[16:53:06] [305/324] GTMN
[16:53:06] [306/324] VTMH
[16:53:07] [307/324] CCKP
[16:53:08] [308/324] GPKA
[16:53:09] [309/324] MHCL
[16:53:10] [310/324] ATCL
[16:53:10] [311/324] SBCK
[16:53:11] [312/324] AMMR
[16:53:12] [313/324] MADC
[16:53:13] [314/324] TMMA
[16:53:14] [315/324] CACC
[16:53:14] [316/324] CHAL
[16:53:15] [317/324] DURG
[16:53:16] [318/324] GMKU
[16:53:17] [319/324] GECA
[16:53:18] [320/324] KYRR
[16:53:19] [321/324] KSDE
[16:53:20] [322/324] LMCI
[16:53:21] [323/324] NKCP
[16:53:21] [324/324] BGTC
[16:53:22] 🧹 Deduping shows
[16:53:22] ✅ DONE | Shows=620 | Movies=53
