[10:14:04] 🚀 SCRIPT STARTED
[10:14:04] [1/324] GCTA
[10:14:04] 🧠 New identity created
[10:14:05] [2/324] TOPN
[10:14:06] [3/324] MCUS
[10:14:07] [4/324] SHRL
[10:14:08] [5/324] UPTP
[10:14:08] [6/324] TMMP
[10:14:09] [7/324] DNRP
[10:14:10] [8/324] SRLT
[10:14:11] [9/324] RCNS
[10:14:12] [10/324] DCBH
[10:14:12] [11/324] NAGJ
[10:14:13] [12/324] JVRC
[10:14:14] [13/324] KRJG
[10:14:15] [14/324] SRTJ
[10:14:15] [15/324] CMXM
[10:14:16] [16/324] STMI
[10:14:17] [17/324] SLST
[10:14:18] [18/324] DTCN
[10:14:19] [19/324] STYN
[10:14:20] [20/324] SZVR
[10:14:21] [21/324] SRKO
[10:14:22] [22/324] JTGT
[10:14:23] [23/324] SVFD
[10:14:25] [24/324] SISD
[10:14:26] [25/324] ABDD
[10:14:27] [26/324] DRCA
[10:14:28] [27/324] AVCS
[10:14:28] [28/324] MVKH
[10:14:29] [29/324] ACPR
[10:14:30] [30/324] STIP
[10:14:31] [31/324] MTRA
[10:14:32] [32/324] RMKH
[10:14:33] [33/324] NKRL
[10:14:34] [34/324] PCWN
[10:14:35] [35/324] BLMT
[10:14:35] [36/324] GDPG
[10:14:36] [37/324] SRMX
[10:14:37] [38/324] JACP
[10:14:38] [39/324] CPSH
[10:14:39] [40/324] MCCD
[10:14:40] [41/324] ECGH
[10:14:40] [42/324] MKCK
[10:14:42] [43/324] SRMM
[10:14:43] [44/324] SKYR
[10:14:44] [45/324] PCKC
[10:14:45] [46/324] JCMA
[10:14:45] [47/324] BSMP
[10:14:46] [48/324] VSPA
[10:14:47] [49/324] DJYA
[10:14:48] [50/324] DIMP
[10:14:48] [51/324] FXDR
[10:14:49] [52/324] SSRC
[10:14:50] [53/324] STHP
[10:14:51] [54/324] CPPD
[10:14:52] [55/324] FCLK
[10:14:52] [56/324] SCPP
[10:14:53] [57/324] DCMJ
[10:14:54] [58/324] RCCR
[10:14:54] [59/324] INMT
[10:14:55] [60/324] LXTK
[10:14:56] [61/324] SRYK
[10:14:57] [62/324] SGDK
[10:14:58] [63/324] PPKA
[10:14:58] [64/324] SPKA
[10:14:59] [65/324] CGHH
[10:15:00] [66/324] DCJN
[10:15:01] [67/324] SRKV
[10:15:02] [68/324] SAJC
[10:15:02] [69/324] SUSR
[10:15:03] [70/324] STYG
[10:15:04] [71/324] NTKP
[10:15:05] [72/324] AKTG
[10:15:06] [73/324] CGCM
[10:15:06] [74/324] TULC
[10:15:07] [75/324] NYYZ
[10:15:08] [76/324] NYBW
[10:15:09] [77/324] MACB
[10:15:10] [78/324] SLVT
[10:15:11] [79/324] SANA
[10:15:11] [80/324] ACMR
[10:15:13] [81/324] CPKN
[10:15:14] [82/324] DLGK
[10:15:15] [83/324] CWCK
[10:15:16] [84/324] FDDH
[10:15:16] [85/324] MMMD
[10:15:17] [86/324] CMEH
[10:15:18] [87/324] GGGV
[10:15:19] [88/324] SPJL
[10:15:19] [89/324] RCCD
[10:15:20] [90/324] STTZ
[10:15:21] [91/324] BTCF
[10:15:22] [92/324] TSTZ
[10:15:23] [93/324] IPMM
[10:15:24] [94/324] PMPW
[10:15:24] [95/324] PCMZ
[10:15:25] [96/324] ESEM
[10:15:26] [97/324] PIPO
[10:15:27] [98/324] MATK
[10:15:27] [99/324] PGHM
[10:15:28] [100/324] CTSR
[10:15:29] [101/324] CYKR
[10:15:30] [102/324] MSCM
[10:15:31] [103/324] RFNP
[10:15:32] [104/324] PDCP
[10:15:33] [105/324] NPSE
[10:15:34] [106/324] MKML
[10:15:35] [107/324] FTDP
[10:15:36] [108/324] MMXA
[10:15:37] [109/324] CEPO
[10:15:38] [110/324] CMVP
[10:15:38] [111/324] SGTH
[10:15:39] [112/324] SAYN
[10:15:40] [113/324] URVS
[10:15:41] [114/324] VJTN
[10:15:42] [115/324] BBYK
[10:15:43] [116/324] SHBO
[10:15:44] [117/324] VCMR
[10:15:45] [118/324] MACT
[10:15:45] [119/324] JMNP
[10:15:46] [120/324] VICS
[10:15:48] [121/324] VCDA
[10:15:49] [122/324] GCMM
[10:15:50] [123/324] INVS
[10:15:50] [124/324] SCGM
[10:15:51] [125/324] PCDA
[10:15:52] [126/324] KDCT
[10:15:53] [127/324] JACS
[10:15:55] [128/324] GMMC
[10:15:56] [129/324] AICM
[10:15:57] [130/324] TJCM
[10:15:58] [131/324] RMTI
[10:15:58] [132/324] SHAC
[10:15:59] [133/324] APJC
[10:16:00] [134/324] GCTG
[10:16:00] [135/324] SSMC
[10:16:01] [136/324] THRM
[10:16:02] [137/324] RBCT
[10:16:04] [138/324] DIKT
[10:16:05] [139/324] MIDL
[10:16:05] [140/324] VCSN
[10:16:06] [141/324] SKTG
[10:16:07] [142/324] SMWC
[10:16:08] [143/324] MNKH
[10:16:09] [144/324] PIAT
[10:16:09] [145/324] LTTP
[10:16:10] [146/324] PTPU
[10:16:12] [147/324] ACMG
[10:16:13] [148/324] SHMM
[10:16:14] [149/324] MCMN
[10:16:15] [150/324] GLDC
[10:16:16] [151/324] HOUT
[10:16:17] [152/324] SVRP
[10:16:18] [153/324] PVDN
[10:16:19] [154/324] SCPY
[10:16:19] [155/324] DTPY
[10:16:20] [156/324] GKCS
[10:16:21] [157/324] NCAM
[10:16:22] [158/324] BSRM
[10:16:22] [159/324] RCLC
[10:16:23] [160/324] SKKD
[10:16:24] [161/324] ACHU
[10:16:25] [162/324] RSCF
[10:16:26] [163/324] IMSH
[10:16:27] [164/324] MACX
[10:16:27] [165/324] HMMW
[10:16:29] [166/324] JTCP
[10:16:30] [167/324] SREN
[10:16:31] [168/324] PJRR
[10:16:31] [169/324] INAC
[10:16:32] [170/324] BMCA
[10:16:33] [171/324] SHCB
[10:16:34] [172/324] GABA
[10:16:35] [173/324] SBCT
[10:16:35] [174/324] GCMA
[10:16:36] [175/324] MYTK
[10:16:37] [176/324] INZS
[10:16:38] [177/324] RMIK
[10:16:38] [178/324] NYCH
[10:16:39] [179/324] RAVE
[10:16:41] [180/324] PSXM
[10:16:41] [181/324] MCGP
[10:16:42] [182/324] PDDK
[10:16:43] [183/324] SPCK
[10:16:44] [184/324] MCRL
[10:16:45] [185/324] MHKT
[10:16:46] [186/324] ANRR
[10:16:46] [187/324] SAPK
[10:16:47] [188/324] NCUK
[10:16:48] [189/324] JUGA
[10:16:49] [190/324] DBSC
[10:16:51] [191/324] LALK
[10:16:52] [192/324] GUCK
[10:16:52] [193/324] STSG
[10:16:53] [194/324] PPPZ
[10:16:54] [195/324] CNCY
[10:16:55] [196/324] MTAR
[10:16:56] [197/324] VNKD
[10:16:57] [198/324] KMAJ
[10:16:57] [199/324] ACXK
[10:16:58] [200/324] UTKC
[10:16:59] [201/324] PBLK
[10:17:00] [202/324] ACBX
[10:17:01] [203/324] PTGM
[10:17:01] [204/324] BTDA
[10:17:02] [205/324] PJMB
[10:17:03] [206/324] TPDA
[10:17:04] [207/324] AMOE
[10:17:05] [208/324] PRHT
[10:17:06] [209/324] PRTA
[10:17:07] [210/324] STAM
[10:17:08] [211/324] MSAA
[10:17:09] [212/324] SDLU
[10:17:10] [213/324] RCHH
[10:17:10] [214/324] KANT
[10:17:11] [215/324] FCRT
[10:17:12] [216/324] DNKM
[10:17:13] [217/324] RYCP
[10:17:14] [218/324] MYRP
[10:17:14] [219/324] PPAK
[10:17:15] [220/324] NVPK
[10:17:16] [221/324] PRMC
[10:17:17] [222/324] JBCS
[10:17:18] [223/324] GXCK
[10:17:18] [224/324] USKO
[10:17:19] [225/324] GTEM
[10:17:20] [226/324] SMBU
[10:17:22] [227/324] VETC
[10:17:22] [228/324] LCDA
[10:17:23] [229/324] MTVT
[10:17:25] [230/324] PYCP
[10:17:26] [231/324] PNSC
[10:17:27] [232/324] PPCC
[10:17:27] [233/324] TGRT
[10:17:28] [234/324] JYOT
[10:17:29] [235/324] SRCZ
[10:17:30] [236/324] SJTE
[10:17:31] [237/324] DESC
[10:17:31] [238/324] JHVN
[10:17:32] [239/324] IPSG
[10:17:33] [240/324] IPCM
[10:17:34] [241/324] PDRS
[10:17:35] [242/324] ANCV
[10:17:36] [243/324] CMVV
[10:17:37] [244/324] SHYP
[10:17:37] [245/324] DNCS
[10:17:38] [246/324] GAJK
[10:17:39] [247/324] AKTN
[10:17:39] [248/324] KAYA
[10:17:41] [249/324] SBRC
[10:17:42] [250/324] CHTP
[10:17:43] [251/324] SHRT
[10:17:44] [252/324] BCKU
[10:17:44] [253/324] FCPS
[10:17:45] [254/324] ARDD
[10:17:46] [255/324] CPCM
[10:17:47] [256/324] CGSM
[10:17:48] [257/324] PSMP
[10:17:49] [258/324] SDAL
[10:17:50] [259/324] RTNB
[10:17:51] [260/324] LMCR
[10:17:51] [261/324] CIMA
[10:17:52] [262/324] RNAS
[10:17:53] [263/324] LITH
[10:17:54] [264/324] PBOX
[10:17:55] [265/324] FRTS
[10:17:56] [266/324] RKIC
[10:17:56] [267/324] PTAI
[10:17:57] [268/324] GCIC
[10:17:58] [269/324] FNAS
[10:17:59] [270/324] SCAR
[10:18:00] [271/324] MTCA
[10:18:01] [272/324] SCTS
[10:18:02] [273/324] SYCS
[10:18:02] [274/324] RDMS
[10:18:03] [275/324] KAMP
[10:18:04] [276/324] ERSD
[10:18:05] [277/324] MJMJ
[10:18:06] [278/324] SRCJ
[10:18:07] [279/324] SCXE
[10:18:08] [280/324] SVFR
[10:18:08] [281/324] BHCS
[10:18:09] [282/324] IMCC
[10:18:10] [283/324] PCBO
[10:18:11] [284/324] PRVN
[10:18:12] [285/324] AUPM
[10:18:13] [286/324] INBW
[10:18:13] [287/324] SVCW
[10:18:14] [288/324] RKCF
[10:18:15] [289/324] UVBH
[10:18:16] [290/324] DNCY
[10:18:18] [291/324] ABCN
[10:18:18] [292/324] PRUR
[10:18:19] [293/324] PFMR
[10:18:20] [294/324] RKCN
[10:18:21] [295/324] CFEA
[10:18:22] [296/324] SDBG
[10:18:23] [297/324] SNAR
[10:18:24] [298/324] YISI
[10:18:24] [299/324] JCFF
[10:18:25] [300/324] VTRK
[10:18:26] [301/324] PCLZ
[10:18:27] [302/324] DIMY
[10:18:27] [303/324] BBTS
[10:18:28] [304/324] GATH
[10:18:29] [305/324] GTMN
[10:18:30] [306/324] VTMH
[10:18:30] [307/324] CCKP
[10:18:31] [308/324] GPKA
[10:18:32] [309/324] MHCL
[10:18:33] [310/324] ATCL
[10:18:34] [311/324] SBCK
[10:18:35] [312/324] AMMR
[10:18:36] [313/324] MADC
[10:18:37] [314/324] TMMA
[10:18:38] [315/324] CACC
[10:18:39] [316/324] CHAL
[10:18:40] [317/324] DURG
[10:18:42] [318/324] GMKU
[10:18:42] [319/324] GECA
[10:18:43] [320/324] KYRR
[10:18:44] [321/324] KSDE
[10:18:45] [322/324] LMCI
[10:18:46] [323/324] NKCP
[10:18:46] [324/324] BGTC
[10:18:47] 🧹 Deduping shows
[10:18:47] ✅ DONE | Shows=30 | Movies=5
[16:48:43] 🚀 SCRIPT STARTED
[16:48:43] [1/324] GCTA
[16:48:43] 🧠 New identity created
[16:48:44] [2/324] TOPN
[16:48:44] [3/324] MCUS
[16:48:45] [4/324] SHRL
[16:48:46] [5/324] UPTP
[16:48:47] [6/324] TMMP
[16:48:48] [7/324] DNRP
[16:48:49] [8/324] SRLT
[16:48:50] [9/324] RCNS
[16:48:51] [10/324] DCBH
[16:48:51] [11/324] NAGJ
[16:48:52] [12/324] JVRC
[16:48:53] [13/324] KRJG
[16:48:54] [14/324] SRTJ
[16:48:55] [15/324] CMXM
[16:48:56] [16/324] STMI
[16:48:57] [17/324] SLST
[16:48:59] [18/324] DTCN
[16:49:00] [19/324] STYN
[16:49:01] [20/324] SZVR
[16:49:02] [21/324] SRKO
[16:49:03] [22/324] JTGT
[16:49:04] [23/324] SVFD
[16:49:05] [24/324] SISD
[16:49:06] [25/324] ABDD
[16:49:07] [26/324] DRCA
[16:49:07] [27/324] AVCS
[16:49:08] [28/324] MVKH
[16:49:09] [29/324] ACPR
[16:49:10] [30/324] STIP
[16:49:12] [31/324] MTRA
[16:49:13] [32/324] RMKH
[16:49:14] [33/324] NKRL
[16:49:15] [34/324] PCWN
[16:49:16] [35/324] BLMT
[16:49:17] [36/324] GDPG
[16:49:18] [37/324] SRMX
[16:49:18] [38/324] JACP
[16:49:19] [39/324] CPSH
[16:49:20] [40/324] MCCD
[16:49:21] [41/324] ECGH
[16:49:22] [42/324] MKCK
[16:49:23] [43/324] SRMM
[16:49:24] [44/324] SKYR
[16:49:24] [45/324] PCKC
[16:49:25] [46/324] JCMA
[16:49:26] [47/324] BSMP
[16:49:27] [48/324] VSPA
[16:49:28] [49/324] DJYA
[16:49:29] [50/324] DIMP
[16:49:30] [51/324] FXDR
[16:49:31] [52/324] SSRC
[16:49:31] [53/324] STHP
[16:49:32] [54/324] CPPD
[16:49:33] [55/324] FCLK
[16:49:34] [56/324] SCPP
[16:49:35] [57/324] DCMJ
[16:49:37] [58/324] RCCR
[16:49:37] [59/324] INMT
[16:49:38] [60/324] LXTK
[16:49:39] [61/324] SRYK
[16:49:40] [62/324] SGDK
[16:49:41] [63/324] PPKA
[16:49:42] [64/324] SPKA
[16:49:43] [65/324] CGHH
[16:49:44] [66/324] DCJN
[16:49:45] [67/324] SRKV
[16:49:46] [68/324] SAJC
[16:49:46] [69/324] SUSR
[16:49:47] [70/324] STYG
[16:49:48] [71/324] NTKP
[16:49:49] [72/324] AKTG
[16:49:50] [73/324] CGCM
[16:49:52] [74/324] TULC
[16:49:53] [75/324] NYYZ
[16:49:54] [76/324] NYBW
[16:49:55] [77/324] MACB
[16:49:55] [78/324] SLVT
[16:49:56] [79/324] SANA
[16:49:57] [80/324] ACMR
[16:49:58] [81/324] CPKN
[16:49:59] [82/324] DLGK
[16:50:00] [83/324] CWCK
[16:50:01] [84/324] FDDH
[16:50:01] [85/324] MMMD
[16:50:03] [86/324] CMEH
[16:50:03] [87/324] GGGV
[16:50:05] [88/324] SPJL
[16:50:06] [89/324] RCCD
[16:50:07] [90/324] STTZ
[16:50:08] [91/324] BTCF
[16:50:09] [92/324] TSTZ
[16:50:10] [93/324] IPMM
[16:50:11] [94/324] PMPW
[16:50:12] [95/324] PCMZ
[16:50:13] [96/324] ESEM
[16:50:14] [97/324] PIPO
[16:50:16] [98/324] MATK
[16:50:16] [99/324] PGHM
[16:50:17] [100/324] CTSR
[16:50:18] [101/324] CYKR
[16:50:19] [102/324] MSCM
[16:50:20] [103/324] RFNP
[16:50:20] [104/324] PDCP
[16:50:22] [105/324] NPSE
[16:50:23] [106/324] MKML
[16:50:24] [107/324] FTDP
[16:50:25] [108/324] MMXA
[16:50:26] [109/324] CEPO
[16:50:28] [110/324] CMVP
[16:50:29] [111/324] SGTH
[16:50:30] [112/324] SAYN
[16:50:31] [113/324] URVS
[16:50:31] [114/324] VJTN
[16:50:33] [115/324] BBYK
[16:50:34] [116/324] SHBO
[16:50:35] [117/324] VCMR
[16:50:36] [118/324] MACT
[16:50:36] [119/324] JMNP
[16:50:37] [120/324] VICS
[16:50:38] [121/324] VCDA
[16:50:39] [122/324] GCMM
[16:50:41] [123/324] INVS
[16:50:42] [124/324] SCGM
[16:50:42] [125/324] PCDA
[16:50:43] [126/324] KDCT
[16:50:44] [127/324] JACS
[16:50:46] [128/324] GMMC
[16:50:47] [129/324] AICM
[16:50:47] [130/324] TJCM
[16:50:48] [131/324] RMTI
[16:50:49] [132/324] SHAC
[16:50:50] [133/324] APJC
[16:50:51] [134/324] GCTG
[16:50:51] [135/324] SSMC
[16:50:52] [136/324] THRM
[16:50:53] [137/324] RBCT
[16:50:54] [138/324] DIKT
[16:50:55] [139/324] MIDL
[16:50:56] [140/324] VCSN
[16:50:57] [141/324] SKTG
[16:50:58] [142/324] SMWC
[16:50:58] [143/324] MNKH
[16:50:59] [144/324] PIAT
[16:51:00] [145/324] LTTP
[16:51:01] [146/324] PTPU
[16:51:02] [147/324] ACMG
[16:51:04] [148/324] SHMM
[16:51:04] [149/324] MCMN
[16:51:05] [150/324] GLDC
[16:51:06] [151/324] HOUT
[16:51:07] [152/324] SVRP
[16:51:08] [153/324] PVDN
[16:51:09] [154/324] SCPY
[16:51:10] [155/324] DTPY
[16:51:10] [156/324] GKCS
[16:51:11] [157/324] NCAM
[16:51:13] [158/324] BSRM
[16:51:14] [159/324] RCLC
[16:51:15] [160/324] SKKD
[16:51:16] [161/324] ACHU
[16:51:17] [162/324] RSCF
[16:51:18] [163/324] IMSH
[16:51:18] [164/324] MACX
[16:51:20] [165/324] HMMW
[16:51:21] [166/324] JTCP
[16:51:21] [167/324] SREN
[16:51:22] [168/324] PJRR
[16:51:24] [169/324] INAC
[16:51:25] [170/324] BMCA
[16:51:25] [171/324] SHCB
[16:51:26] [172/324] GABA
[16:51:27] [173/324] SBCT
[16:51:28] [174/324] GCMA
[16:51:29] [175/324] MYTK
[16:51:30] [176/324] INZS
[16:51:31] [177/324] RMIK
[16:51:31] [178/324] NYCH
[16:51:32] [179/324] RAVE
[16:51:33] [180/324] PSXM
[16:51:34] [181/324] MCGP
[16:51:35] [182/324] PDDK
[16:51:36] [183/324] SPCK
[16:51:38] [184/324] MCRL
[16:51:39] [185/324] MHKT
[16:51:39] [186/324] ANRR
[16:51:40] [187/324] SAPK
[16:51:41] [188/324] NCUK
[16:51:42] [189/324] JUGA
[16:51:43] [190/324] DBSC
[16:51:43] [191/324] LALK
[16:51:44] [192/324] GUCK
[16:51:45] [193/324] STSG
[16:51:46] [194/324] PPPZ
[16:51:47] [195/324] CNCY
[16:51:48] [196/324] MTAR
[16:51:49] [197/324] VNKD
[16:51:50] [198/324] KMAJ
[16:51:51] [199/324] ACXK
[16:51:51] [200/324] UTKC
[16:51:52] [201/324] PBLK
[16:51:53] [202/324] ACBX
[16:51:54] [203/324] PTGM
[16:51:54] [204/324] BTDA
[16:51:56] [205/324] PJMB
[16:51:57] [206/324] TPDA
[16:51:57] [207/324] AMOE
[16:51:58] [208/324] PRHT
[16:51:59] [209/324] PRTA
[16:52:00] [210/324] STAM
[16:52:01] [211/324] MSAA
[16:52:01] [212/324] SDLU
[16:52:02] [213/324] RCHH
[16:52:04] [214/324] KANT
[16:52:05] [215/324] FCRT
[16:52:06] [216/324] DNKM
[16:52:07] [217/324] RYCP
[16:52:08] [218/324] MYRP
[16:52:09] [219/324] PPAK
[16:52:10] [220/324] NVPK
[16:52:11] [221/324] PRMC
[16:52:12] [222/324] JBCS
[16:52:13] [223/324] GXCK
[16:52:14] [224/324] USKO
[16:52:15] [225/324] GTEM
[16:52:16] [226/324] SMBU
[16:52:16] [227/324] VETC
[16:52:18] [228/324] LCDA
[16:52:18] [229/324] MTVT
[16:52:19] [230/324] PYCP
[16:52:20] [231/324] PNSC
[16:52:21] [232/324] PPCC
[16:52:22] [233/324] TGRT
[16:52:23] [234/324] JYOT
[16:52:24] [235/324] SRCZ
[16:52:24] [236/324] SJTE
[16:52:25] [237/324] DESC
[16:52:26] [238/324] JHVN
[16:52:27] [239/324] IPSG
[16:52:28] [240/324] IPCM
[16:52:29] [241/324] PDRS
[16:52:30] [242/324] ANCV
[16:52:32] [243/324] CMVV
[16:52:32] [244/324] SHYP
[16:52:33] [245/324] DNCS
[16:52:34] [246/324] GAJK
[16:52:35] [247/324] AKTN
[16:52:37] [248/324] KAYA
[16:52:37] [249/324] SBRC
[16:52:39] [250/324] CHTP
[16:52:40] [251/324] SHRT
[16:52:40] [252/324] BCKU
[16:52:42] [253/324] FCPS
[16:52:43] [254/324] ARDD
[16:52:44] [255/324] CPCM
[16:52:45] [256/324] CGSM
[16:52:46] [257/324] PSMP
[16:52:46] [258/324] SDAL
[16:52:47] [259/324] RTNB
[16:52:49] [260/324] LMCR
[16:52:50] [261/324] CIMA
[16:52:51] [262/324] RNAS
[16:52:51] [263/324] LITH
[16:52:52] [264/324] PBOX
[16:52:53] [265/324] FRTS
[16:52:54] [266/324] RKIC
[16:52:55] [267/324] PTAI
[16:52:56] [268/324] GCIC
[16:52:57] [269/324] FNAS
[16:52:58] [270/324] SCAR
[16:52:59] [271/324] MTCA
[16:52:59] [272/324] SCTS
[16:53:00] [273/324] SYCS
[16:53:01] [274/324] RDMS
[16:53:03] [275/324] KAMP
[16:53:03] [276/324] ERSD
[16:53:04] [277/324] MJMJ
[16:53:05] [278/324] SRCJ
[16:53:07] [279/324] SCXE
[16:53:07] [280/324] SVFR
[16:53:08] [281/324] BHCS
[16:53:09] [282/324] IMCC
[16:53:10] [283/324] PCBO
[16:53:11] [284/324] PRVN
[16:53:11] [285/324] AUPM
[16:53:12] [286/324] INBW
[16:53:13] [287/324] SVCW
[16:53:14] [288/324] RKCF
[16:53:15] [289/324] UVBH
[16:53:16] [290/324] DNCY
[16:53:17] [291/324] ABCN
[16:53:18] [292/324] PRUR
[16:53:19] [293/324] PFMR
[16:53:20] [294/324] RKCN
[16:53:21] [295/324] CFEA
[16:53:22] [296/324] SDBG
[16:53:22] [297/324] SNAR
[16:53:23] [298/324] YISI
[16:53:24] [299/324] JCFF
[16:53:25] [300/324] VTRK
[16:53:26] [301/324] PCLZ
[16:53:27] [302/324] DIMY
[16:53:27] [303/324] BBTS
[16:53:28] [304/324] GATH
[16:53:29] [305/324] GTMN
[16:53:30] [306/324] VTMH
[16:53:32] [307/324] CCKP
[16:53:33] [308/324] GPKA
[16:53:35] [309/324] MHCL
[16:53:36] [310/324] ATCL
[16:53:37] [311/324] SBCK
[16:53:37] [312/324] AMMR
[16:53:38] [313/324] MADC
[16:53:39] [314/324] TMMA
[16:53:41] [315/324] CACC
[16:53:42] [316/324] CHAL
[16:53:43] [317/324] DURG
[16:53:43] [318/324] GMKU
[16:53:44] [319/324] GECA
[16:53:45] [320/324] KYRR
[16:53:46] [321/324] KSDE
[16:53:47] [322/324] LMCI
[16:53:48] [323/324] NKCP
[16:53:48] [324/324] BGTC
[16:53:49] 🧹 Deduping shows
[16:53:49] ✅ DONE | Shows=30 | Movies=5
[04:49:09] 🚀 SCRIPT STARTED
[04:49:09] [1/324] GCTA
[04:49:09] 🧠 New identity created
[04:49:10] [2/324] TOPN
[04:49:11] [3/324] MCUS
[04:49:12] [4/324] SHRL
[04:49:13] [5/324] UPTP
[04:49:14] [6/324] TMMP
[04:49:15] [7/324] DNRP
[04:49:16] [8/324] SRLT
[04:49:17] [9/324] RCNS
[04:49:18] [10/324] DCBH
[04:49:19] [11/324] NAGJ
[04:49:20] [12/324] JVRC
[04:49:21] [13/324] KRJG
[04:49:22] [14/324] SRTJ
[04:49:23] [15/324] CMXM
[04:49:24] [16/324] STMI
[04:49:25] [17/324] SLST
[04:49:25] [18/324] DTCN
[04:49:26] [19/324] STYN
[04:49:27] [20/324] SZVR
[04:49:28] [21/324] SRKO
[04:49:29] [22/324] JTGT
[04:49:30] [23/324] SVFD
[04:49:31] [24/324] SISD
[04:49:31] [25/324] ABDD
[04:49:32] [26/324] DRCA
[04:49:33] [27/324] AVCS
[04:49:34] [28/324] MVKH
[04:49:35] [29/324] ACPR
[04:49:36] [30/324] STIP
[04:49:37] [31/324] MTRA
[04:49:38] [32/324] RMKH
[04:49:38] [33/324] NKRL
[04:49:39] [34/324] PCWN
[04:49:40] [35/324] BLMT
[04:49:41] [36/324] GDPG
[04:49:42] [37/324] SRMX
[04:49:43] [38/324] JACP
[04:49:44] [39/324] CPSH
[04:49:45] [40/324] MCCD
[04:49:46] [41/324] ECGH
[04:49:47] [42/324] MKCK
[04:49:47] [43/324] SRMM
[04:49:48] [44/324] SKYR
[04:49:49] [45/324] PCKC
[04:49:50] [46/324] JCMA
[04:49:51] [47/324] BSMP
[04:49:52] [48/324] VSPA
[04:49:53] [49/324] DJYA
[04:49:54] [50/324] DIMP
[04:49:55] [51/324] FXDR
[04:49:56] [52/324] SSRC
[04:49:57] [53/324] STHP
[04:49:58] [54/324] CPPD
[04:49:59] [55/324] FCLK
[04:49:59] [56/324] SCPP
[04:50:00] [57/324] DCMJ
[04:50:01] [58/324] RCCR
[04:50:02] [59/324] INMT
[04:50:03] [60/324] LXTK
[04:50:04] [61/324] SRYK
[04:50:05] [62/324] SGDK
[04:50:06] [63/324] PPKA
[04:50:07] [64/324] SPKA
[04:50:07] [65/324] CGHH
[04:50:08] [66/324] DCJN
[04:50:09] [67/324] SRKV
[04:50:10] [68/324] SAJC
[04:50:11] [69/324] SUSR
[04:50:12] [70/324] STYG
[04:50:13] [71/324] NTKP
[04:50:14] [72/324] AKTG
[04:50:15] [73/324] CGCM
[04:50:17] [74/324] TULC
[04:50:18] [75/324] NYYZ
[04:50:19] [76/324] NYBW
[04:50:20] [77/324] MACB
[04:50:20] [78/324] SLVT
[04:50:21] [79/324] SANA
[04:50:22] [80/324] ACMR
[04:50:23] [81/324] CPKN
[04:50:24] [82/324] DLGK
[04:50:25] [83/324] CWCK
[04:50:25] [84/324] FDDH
[04:50:26] [85/324] MMMD
[04:50:27] [86/324] CMEH
[04:50:29] [87/324] GGGV
[04:50:29] [88/324] SPJL
[04:50:30] [89/324] RCCD
[04:50:31] [90/324] STTZ
[04:50:32] [91/324] BTCF
[04:50:33] [92/324] TSTZ
[04:50:34] [93/324] IPMM
[04:50:35] [94/324] PMPW
[04:50:36] [95/324] PCMZ
[04:50:37] [96/324] ESEM
[04:50:38] [97/324] PIPO
[04:50:38] [98/324] MATK
[04:50:39] [99/324] PGHM
[04:50:40] [100/324] CTSR
[04:50:41] [101/324] CYKR
[04:50:42] [102/324] MSCM
[04:50:43] [103/324] RFNP
[04:50:44] [104/324] PDCP
[04:50:45] [105/324] NPSE
[04:50:46] [106/324] MKML
[04:50:46] [107/324] FTDP
[04:50:47] [108/324] MMXA
[04:50:48] [109/324] CEPO
[04:50:49] [110/324] CMVP
[04:50:50] [111/324] SGTH
[04:50:51] [112/324] SAYN
[04:50:52] [113/324] URVS
[04:50:53] [114/324] VJTN
[04:50:54] [115/324] BBYK
[04:50:55] [116/324] SHBO
[04:50:55] [117/324] VCMR
[04:50:56] [118/324] MACT
[04:50:57] [119/324] JMNP
[04:50:58] [120/324] VICS
[04:50:59] [121/324] VCDA
[04:51:00] [122/324] GCMM
[04:51:01] [123/324] INVS
[04:51:03] [124/324] SCGM
[04:51:04] [125/324] PCDA
[04:51:04] [126/324] KDCT
[04:51:05] [127/324] JACS
[04:51:07] [128/324] GMMC
[04:51:08] [129/324] AICM
[04:51:08] [130/324] TJCM
[04:51:09] [131/324] RMTI
[04:51:10] [132/324] SHAC
[04:51:11] [133/324] APJC
[04:51:12] [134/324] GCTG
[04:51:13] [135/324] SSMC
[04:51:14] [136/324] THRM
[04:51:14] [137/324] RBCT
[04:51:15] [138/324] DIKT
[04:51:16] [139/324] MIDL
[04:51:17] [140/324] VCSN
[04:51:17] [141/324] SKTG
[04:51:18] [142/324] SMWC
[04:51:19] [143/324] MNKH
[04:51:20] [144/324] PIAT
[04:51:21] [145/324] LTTP
[04:51:22] [146/324] PTPU
[04:51:23] [147/324] ACMG
[04:51:24] [148/324] SHMM
[04:51:24] [149/324] MCMN
[04:51:25] [150/324] GLDC
[04:51:26] [151/324] HOUT
[04:51:27] [152/324] SVRP
[04:51:27] [153/324] PVDN
[04:51:28] [154/324] SCPY
[04:51:29] [155/324] DTPY
[04:51:30] [156/324] GKCS
[04:51:31] [157/324] NCAM
[04:51:32] [158/324] BSRM
[04:51:32] [159/324] RCLC
[04:51:33] [160/324] SKKD
[04:51:34] [161/324] ACHU
[04:51:35] [162/324] RSCF
[04:51:36] [163/324] IMSH
[04:51:37] [164/324] MACX
[04:51:38] [165/324] HMMW
[04:51:39] [166/324] JTCP
[04:51:39] [167/324] SREN
[04:51:40] [168/324] PJRR
[04:51:41] [169/324] INAC
[04:51:42] [170/324] BMCA
[04:51:43] [171/324] SHCB
[04:51:44] [172/324] GABA
[04:51:45] [173/324] SBCT
[04:51:47] [174/324] GCMA
[04:51:48] [175/324] MYTK
[04:51:49] [176/324] INZS
[04:51:50] [177/324] RMIK
[04:51:51] [178/324] NYCH
[04:51:52] [179/324] RAVE
[04:51:53] [180/324] PSXM
[04:51:53] [181/324] MCGP
[04:51:54] [182/324] PDDK
[04:51:55] [183/324] SPCK
[04:51:56] [184/324] MCRL
[04:51:57] [185/324] MHKT
[04:51:58] [186/324] ANRR
[04:51:58] [187/324] SAPK
[04:51:59] [188/324] NCUK
[04:52:00] [189/324] JUGA
[04:52:01] [190/324] DBSC
[04:52:02] [191/324] LALK
[04:52:03] [192/324] GUCK
[04:52:04] [193/324] STSG
[04:52:05] [194/324] PPPZ
[04:52:06] [195/324] CNCY
[04:52:07] [196/324] MTAR
[04:52:08] [197/324] VNKD
[04:52:08] [198/324] KMAJ
[04:52:09] [199/324] ACXK
[04:52:10] [200/324] UTKC
[04:52:11] [201/324] PBLK
[04:52:12] [202/324] ACBX
[04:52:13] [203/324] PTGM
[04:52:13] [204/324] BTDA
[04:52:14] [205/324] PJMB
[04:52:15] [206/324] TPDA
[04:52:16] [207/324] AMOE
[04:52:17] [208/324] PRHT
[04:52:18] [209/324] PRTA
[04:52:19] [210/324] STAM
[04:52:20] [211/324] MSAA
[04:52:20] [212/324] SDLU
[04:52:21] [213/324] RCHH
[04:52:22] [214/324] KANT
[04:52:23] [215/324] FCRT
[04:52:24] [216/324] DNKM
[04:52:25] [217/324] RYCP
[04:52:27] [218/324] MYRP
[04:52:27] [219/324] PPAK
[04:52:29] [220/324] NVPK
[04:52:30] [221/324] PRMC
[04:52:31] [222/324] JBCS
[04:52:32] [223/324] GXCK
[04:52:33] [224/324] USKO
[04:52:33] [225/324] GTEM
[04:52:34] [226/324] SMBU
[04:52:35] [227/324] VETC
[04:52:36] [228/324] LCDA
[04:52:37] [229/324] MTVT
[04:52:38] [230/324] PYCP
[04:52:39] [231/324] PNSC
[04:52:40] [232/324] PPCC
[04:52:41] [233/324] TGRT
[04:52:42] [234/324] JYOT
[04:52:42] [235/324] SRCZ
[04:52:43] [236/324] SJTE
[04:52:44] [237/324] DESC
[04:52:45] [238/324] JHVN
[04:52:46] [239/324] IPSG
[04:52:47] [240/324] IPCM
[04:52:48] [241/324] PDRS
[04:52:49] [242/324] ANCV
[04:52:50] [243/324] CMVV
[04:52:50] [244/324] SHYP
[04:52:51] [245/324] DNCS
[04:52:52] [246/324] GAJK
[04:52:54] [247/324] AKTN
[04:52:55] [248/324] KAYA
[04:52:56] [249/324] SBRC
[04:52:57] [250/324] CHTP
[04:52:58] [251/324] SHRT
[04:52:59] [252/324] BCKU
[04:53:00] [253/324] FCPS
[04:53:00] [254/324] ARDD
[04:53:01] [255/324] CPCM
[04:53:02] [256/324] CGSM
[04:53:03] [257/324] PSMP
[04:53:04] [258/324] SDAL
[04:53:06] [259/324] RTNB
[04:53:07] [260/324] LMCR
[04:53:07] [261/324] CIMA
[04:53:08] [262/324] RNAS
[04:53:10] [263/324] LITH
[04:53:12] [264/324] PBOX
[04:53:13] [265/324] FRTS
[04:53:14] [266/324] RKIC
[04:53:15] [267/324] PTAI
[04:53:16] [268/324] GCIC
[04:53:17] [269/324] FNAS
[04:53:18] [270/324] SCAR
[04:53:19] [271/324] MTCA
[04:53:20] [272/324] SCTS
[04:53:21] [273/324] SYCS
[04:53:22] [274/324] RDMS
[04:53:23] [275/324] KAMP
[04:53:24] [276/324] ERSD
[04:53:25] [277/324] MJMJ
[04:53:26] [278/324] SRCJ
[04:53:27] [279/324] SCXE
[04:53:27] [280/324] SVFR
[04:53:29] [281/324] BHCS
[04:53:30] [282/324] IMCC
[04:53:31] [283/324] PCBO
[04:53:32] [284/324] PRVN
[04:53:33] [285/324] AUPM
[04:53:34] [286/324] INBW
[04:53:35] [287/324] SVCW
[04:53:37] [288/324] RKCF
[04:53:38] [289/324] UVBH
[04:53:39] [290/324] DNCY
[04:53:40] [291/324] ABCN
[04:53:41] [292/324] PRUR
[04:53:42] [293/324] PFMR
[04:53:42] [294/324] RKCN
[04:53:43] [295/324] CFEA
[04:53:44] [296/324] SDBG
[04:53:45] [297/324] SNAR
[04:53:46] [298/324] YISI
[04:53:47] [299/324] JCFF
[04:53:47] [300/324] VTRK
[04:53:48] [301/324] PCLZ
[04:53:50] [302/324] DIMY
[04:53:50] [303/324] BBTS
[04:53:51] [304/324] GATH
[04:53:52] [305/324] GTMN
[04:53:53] [306/324] VTMH
[04:53:54] [307/324] CCKP
[04:53:55] [308/324] GPKA
[04:53:56] [309/324] MHCL
[04:53:57] [310/324] ATCL
[04:53:57] [311/324] SBCK
[04:53:58] [312/324] AMMR
[04:53:59] [313/324] MADC
[04:54:00] [314/324] TMMA
[04:54:01] [315/324] CACC
[04:54:01] [316/324] CHAL
[04:54:03] [317/324] DURG
[04:54:04] [318/324] GMKU
[04:54:05] [319/324] GECA
[04:54:06] [320/324] KYRR
[04:54:07] [321/324] KSDE
[04:54:08] [322/324] LMCI
[04:54:09] [323/324] NKCP
[04:54:10] [324/324] BGTC
[04:54:11] 🧹 Deduping shows
[04:54:11] ✅ DONE | Shows=30 | Movies=5
[12:04:15] 🚀 SCRIPT STARTED
[12:04:15] [1/324] GCTA
[12:04:15] 🧠 New identity created
[12:04:16] [2/324] TOPN
[12:04:17] [3/324] MCUS
[12:04:18] [4/324] SHRL
[12:04:19] [5/324] UPTP
[12:04:19] [6/324] TMMP
[12:04:20] [7/324] DNRP
[12:04:21] [8/324] SRLT
[12:04:22] [9/324] RCNS
[12:04:23] [10/324] DCBH
[12:04:24] [11/324] NAGJ
[12:04:25] [12/324] JVRC
[12:04:26] [13/324] KRJG
[12:04:27] [14/324] SRTJ
[12:04:28] [15/324] CMXM
[12:04:30] [16/324] STMI
[12:04:31] [17/324] SLST
[12:04:32] [18/324] DTCN
[12:04:32] [19/324] STYN
[12:04:33] [20/324] SZVR
[12:04:34] [21/324] SRKO
[12:04:35] [22/324] JTGT
[12:04:36] [23/324] SVFD
[12:04:37] [24/324] SISD
[12:04:37] [25/324] ABDD
[12:04:38] [26/324] DRCA
[12:04:39] [27/324] AVCS
[12:04:40] [28/324] MVKH
[12:04:40] [29/324] ACPR
[12:04:42] [30/324] STIP
[12:04:43] [31/324] MTRA
[12:04:44] [32/324] RMKH
[12:04:45] [33/324] NKRL
[12:04:46] [34/324] PCWN
[12:04:46] [35/324] BLMT
[12:04:47] [36/324] GDPG
[12:04:48] [37/324] SRMX
[12:04:49] [38/324] JACP
[12:04:50] [39/324] CPSH
[12:04:51] [40/324] MCCD
[12:04:52] [41/324] ECGH
[12:04:53] [42/324] MKCK
[12:04:54] [43/324] SRMM
[12:04:54] [44/324] SKYR
[12:04:55] [45/324] PCKC
[12:04:56] [46/324] JCMA
[12:04:58] [47/324] BSMP
[12:04:58] [48/324] VSPA
[12:04:59] [49/324] DJYA
[12:05:00] [50/324] DIMP
[12:05:00] [51/324] FXDR
[12:05:01] [52/324] SSRC
[12:05:02] [53/324] STHP
[12:05:03] [54/324] CPPD
[12:05:04] [55/324] FCLK
[12:05:04] [56/324] SCPP
[12:05:06] [57/324] DCMJ
[12:05:07] [58/324] RCCR
[12:05:08] [59/324] INMT
[12:05:08] [60/324] LXTK
[12:05:09] [61/324] SRYK
[12:05:10] [62/324] SGDK
[12:05:11] [63/324] PPKA
[12:05:12] [64/324] SPKA
[12:05:12] [65/324] CGHH
[12:05:13] [66/324] DCJN
[12:05:14] [67/324] SRKV
[12:05:15] [68/324] SAJC
[12:05:16] [69/324] SUSR
[12:05:17] [70/324] STYG
[12:05:18] [71/324] NTKP
[12:05:18] [72/324] AKTG
[12:05:19] [73/324] CGCM
[12:05:20] [74/324] TULC
[12:05:21] [75/324] NYYZ
[12:05:22] [76/324] NYBW
[12:05:22] [77/324] MACB
[12:05:23] [78/324] SLVT
[12:05:24] [79/324] SANA
[12:05:25] [80/324] ACMR
[12:05:26] [81/324] CPKN
[12:05:27] [82/324] DLGK
[12:05:28] [83/324] CWCK
[12:05:29] [84/324] FDDH
[12:05:30] [85/324] MMMD
[12:05:31] [86/324] CMEH
[12:05:31] [87/324] GGGV
[12:05:33] [88/324] SPJL
[12:05:34] [89/324] RCCD
[12:05:35] [90/324] STTZ
[12:05:36] [91/324] BTCF
[12:05:37] [92/324] TSTZ
[12:05:37] [93/324] IPMM
[12:05:38] [94/324] PMPW
[12:05:39] [95/324] PCMZ
[12:05:40] [96/324] ESEM
[12:05:40] [97/324] PIPO
[12:05:41] [98/324] MATK
[12:05:42] [99/324] PGHM
[12:05:43] [100/324] CTSR
[12:05:44] [101/324] CYKR
[12:05:45] [102/324] MSCM
[12:05:45] [103/324] RFNP
[12:05:46] [104/324] PDCP
[12:05:47] [105/324] NPSE
[12:05:48] [106/324] MKML
[12:05:48] [107/324] FTDP
[12:05:49] [108/324] MMXA
[12:05:50] [109/324] CEPO
[12:05:51] [110/324] CMVP
[12:05:51] [111/324] SGTH
[12:05:52] [112/324] SAYN
[12:05:54] [113/324] URVS
[12:05:55] [114/324] VJTN
[12:05:55] [115/324] BBYK
[12:05:56] [116/324] SHBO
[12:05:57] [117/324] VCMR
[12:05:58] [118/324] MACT
[12:05:59] [119/324] JMNP
[12:06:00] [120/324] VICS
[12:06:01] [121/324] VCDA
[12:06:02] [122/324] GCMM
[12:06:03] [123/324] INVS
[12:06:03] [124/324] SCGM
[12:06:04] [125/324] PCDA
[12:06:05] [126/324] KDCT
[12:06:06] [127/324] JACS
[12:06:06] [128/324] GMMC
[12:06:07] [129/324] AICM
[12:06:08] [130/324] TJCM
[12:06:09] [131/324] RMTI
[12:06:09] [132/324] SHAC
[12:06:10] [133/324] APJC
[12:06:11] [134/324] GCTG
[12:06:12] [135/324] SSMC
[12:06:13] [136/324] THRM
[12:06:13] [137/324] RBCT
[12:06:14] [138/324] DIKT
[12:06:15] [139/324] MIDL
[12:06:16] [140/324] VCSN
[12:06:17] [141/324] SKTG
[12:06:17] [142/324] SMWC
[12:06:18] [143/324] MNKH
[12:06:19] [144/324] PIAT
[12:06:20] [145/324] LTTP
[12:06:21] [146/324] PTPU
[12:06:21] [147/324] ACMG
[12:06:22] [148/324] SHMM
[12:06:23] [149/324] MCMN
[12:06:24] [150/324] GLDC
[12:06:24] [151/324] HOUT
[12:06:25] [152/324] SVRP
[12:06:26] [153/324] PVDN
[12:06:27] [154/324] SCPY
[12:06:28] [155/324] DTPY
[12:06:29] [156/324] GKCS
[12:06:29] [157/324] NCAM
[12:06:30] [158/324] BSRM
[12:06:31] [159/324] RCLC
[12:06:32] [160/324] SKKD
[12:06:32] [161/324] ACHU
[12:06:33] [162/324] RSCF
[12:06:34] [163/324] IMSH
[12:06:35] [164/324] MACX
[12:06:35] [165/324] HMMW
[12:06:36] [166/324] JTCP
[12:06:37] [167/324] SREN
[12:06:38] [168/324] PJRR
[12:06:39] [169/324] INAC
[12:06:40] [170/324] BMCA
[12:06:40] [171/324] SHCB
[12:06:41] [172/324] GABA
[12:06:42] [173/324] SBCT
[12:06:43] [174/324] GCMA
[12:06:44] [175/324] MYTK
[12:06:45] [176/324] INZS
[12:06:46] [177/324] RMIK
[12:06:46] [178/324] NYCH
[12:06:47] [179/324] RAVE
[12:06:48] [180/324] PSXM
[12:06:49] [181/324] MCGP
[12:06:50] [182/324] PDDK
[12:06:51] [183/324] SPCK
[12:06:53] [184/324] MCRL
[12:06:54] [185/324] MHKT
[12:06:55] [186/324] ANRR
[12:06:57] [187/324] SAPK
[12:06:57] [188/324] NCUK
[12:06:58] [189/324] JUGA
[12:06:59] [190/324] DBSC
[12:07:00] [191/324] LALK
[12:07:01] [192/324] GUCK
[12:07:02] [193/324] STSG
[12:07:02] [194/324] PPPZ
[12:07:03] [195/324] CNCY
[12:07:04] [196/324] MTAR
[12:07:05] [197/324] VNKD
[12:07:05] [198/324] KMAJ
[12:07:06] [199/324] ACXK
[12:07:07] [200/324] UTKC
[12:07:09] [201/324] PBLK
[12:07:10] [202/324] ACBX
[12:07:10] [203/324] PTGM
[12:07:12] [204/324] BTDA
[12:07:13] [205/324] PJMB
[12:07:14] [206/324] TPDA
[12:07:15] [207/324] AMOE
[12:07:16] [208/324] PRHT
[12:07:17] [209/324] PRTA
[12:07:17] [210/324] STAM
[12:07:19] [211/324] MSAA
[12:07:20] [212/324] SDLU
[12:07:21] [213/324] RCHH
[12:07:21] [214/324] KANT
[12:07:22] [215/324] FCRT
[12:07:23] [216/324] DNKM
[12:07:24] [217/324] RYCP
[12:07:25] [218/324] MYRP
[12:07:26] [219/324] PPAK
[12:07:27] [220/324] NVPK
[12:07:28] [221/324] PRMC
[12:07:29] [222/324] JBCS
[12:07:29] [223/324] GXCK
[12:07:30] [224/324] USKO
[12:07:31] [225/324] GTEM
[12:07:32] [226/324] SMBU
[12:07:33] [227/324] VETC
[12:07:34] [228/324] LCDA
[12:07:35] [229/324] MTVT
[12:07:35] [230/324] PYCP
[12:07:36] [231/324] PNSC
[12:07:37] [232/324] PPCC
[12:07:38] [233/324] TGRT
[12:07:39] [234/324] JYOT
[12:07:39] [235/324] SRCZ
[12:07:40] [236/324] SJTE
[12:07:41] [237/324] DESC
[12:07:42] [238/324] JHVN
[12:07:43] [239/324] IPSG
[12:07:44] [240/324] IPCM
[12:07:44] [241/324] PDRS
[12:07:45] [242/324] ANCV
[12:07:46] [243/324] CMVV
[12:07:47] [244/324] SHYP
[12:07:48] [245/324] DNCS
[12:07:49] [246/324] GAJK
[12:07:49] [247/324] AKTN
[12:07:50] [248/324] KAYA
[12:07:52] [249/324] SBRC
[12:07:53] [250/324] CHTP
[12:07:54] [251/324] SHRT
[12:07:55] [252/324] BCKU
[12:07:55] [253/324] FCPS
[12:07:56] [254/324] ARDD
[12:07:57] [255/324] CPCM
[12:07:59] [256/324] CGSM
[12:07:59] [257/324] PSMP
[12:08:01] [258/324] SDAL
[12:08:01] [259/324] RTNB
[12:08:03] [260/324] LMCR
[12:08:04] [261/324] CIMA
[12:08:04] [262/324] RNAS
[12:08:05] [263/324] LITH
[12:08:06] [264/324] PBOX
[12:08:07] [265/324] FRTS
[12:08:08] [266/324] RKIC
[12:08:08] [267/324] PTAI
[12:08:09] [268/324] GCIC
[12:08:10] [269/324] FNAS
[12:08:11] [270/324] SCAR
[12:08:12] [271/324] MTCA
[12:08:12] [272/324] SCTS
[12:08:13] [273/324] SYCS
[12:08:14] [274/324] RDMS
[12:08:15] [275/324] KAMP
[12:08:16] [276/324] ERSD
[12:08:17] [277/324] MJMJ
[12:08:17] [278/324] SRCJ
[12:08:18] [279/324] SCXE
[12:08:19] [280/324] SVFR
[12:08:20] [281/324] BHCS
[12:08:21] [282/324] IMCC
[12:08:22] [283/324] PCBO
[12:08:23] [284/324] PRVN
[12:08:24] [285/324] AUPM
[12:08:24] [286/324] INBW
[12:08:25] [287/324] SVCW
[12:08:26] [288/324] RKCF
[12:08:27] [289/324] UVBH
[12:08:28] [290/324] DNCY
[12:08:28] [291/324] ABCN
[12:08:29] [292/324] PRUR
[12:08:30] [293/324] PFMR
[12:08:31] [294/324] RKCN
[12:08:31] [295/324] CFEA
[12:08:32] [296/324] SDBG
[12:08:34] [297/324] SNAR
[12:08:35] [298/324] YISI
[12:08:36] [299/324] JCFF
[12:08:36] [300/324] VTRK
[12:08:38] [301/324] PCLZ
[12:08:39] [302/324] DIMY
[12:08:40] [303/324] BBTS
[12:08:42] [304/324] GATH
[12:08:43] [305/324] GTMN
[12:08:44] [306/324] VTMH
[12:08:45] [307/324] CCKP
[12:08:45] [308/324] GPKA
[12:08:46] [309/324] MHCL
[12:08:47] [310/324] ATCL
[12:08:48] [311/324] SBCK
[12:08:49] [312/324] AMMR
[12:08:49] [313/324] MADC
[12:08:50] [314/324] TMMA
[12:08:51] [315/324] CACC
[12:08:52] [316/324] CHAL
[12:08:52] [317/324] DURG
[12:08:53] [318/324] GMKU
[12:08:54] [319/324] GECA
[12:08:55] [320/324] KYRR
[12:08:56] [321/324] KSDE
[12:08:56] [322/324] LMCI
[12:08:58] [323/324] NKCP
[12:08:59] [324/324] BGTC
[12:09:00] 🧹 Deduping shows
[12:09:00] ✅ DONE | Shows=30 | Movies=5
[19:07:52] 🚀 SCRIPT STARTED
[19:07:52] [1/324] GCTA
[19:07:52] 🧠 New identity created
[19:07:53] [2/324] TOPN
[19:07:54] [3/324] MCUS
[19:07:55] [4/324] SHRL
[19:07:57] [5/324] UPTP
[19:07:57] [6/324] TMMP
[19:07:59] [7/324] DNRP
[19:08:00] [8/324] SRLT
[19:08:01] [9/324] RCNS
[19:08:02] [10/324] DCBH
[19:08:03] [11/324] NAGJ
[19:08:04] [12/324] JVRC
[19:08:05] [13/324] KRJG
[19:08:06] [14/324] SRTJ
[19:08:07] [15/324] CMXM
[19:08:08] [16/324] STMI
[19:08:09] [17/324] SLST
[19:08:09] [18/324] DTCN
[19:08:10] [19/324] STYN
[19:08:11] [20/324] SZVR
[19:08:13] [21/324] SRKO
[19:08:15] [22/324] JTGT
[19:08:16] [23/324] SVFD
[19:08:16] [24/324] SISD
[19:08:17] [25/324] ABDD
[19:08:19] [26/324] DRCA
[19:08:20] [27/324] AVCS
[19:08:21] [28/324] MVKH
[19:08:22] [29/324] ACPR
[19:08:24] [30/324] STIP
[19:08:25] [31/324] MTRA
[19:08:26] [32/324] RMKH
[19:08:26] [33/324] NKRL
[19:08:27] [34/324] PCWN
[19:08:28] [35/324] BLMT
[19:08:30] [36/324] GDPG
[19:08:31] [37/324] SRMX
[19:08:31] [38/324] JACP
[19:08:33] [39/324] CPSH
[19:08:34] [40/324] MCCD
[19:08:35] [41/324] ECGH
[19:08:35] [42/324] MKCK
[19:08:36] [43/324] SRMM
[19:08:37] [44/324] SKYR
[19:08:38] [45/324] PCKC
[19:08:39] [46/324] JCMA
[19:08:40] [47/324] BSMP
[19:08:41] [48/324] VSPA
[19:08:42] [49/324] DJYA
[19:08:43] [50/324] DIMP
[19:08:44] [51/324] FXDR
[19:08:44] [52/324] SSRC
[19:08:45] [53/324] STHP
[19:08:46] [54/324] CPPD
[19:08:47] [55/324] FCLK
[19:08:49] [56/324] SCPP
[19:08:50] [57/324] DCMJ
[19:08:52] [58/324] RCCR
[19:08:53] [59/324] INMT
[19:08:53] [60/324] LXTK
[19:08:54] [61/324] SRYK
[19:08:55] [62/324] SGDK
[19:08:56] [63/324] PPKA
[19:08:57] [64/324] SPKA
[19:08:58] [65/324] CGHH
[19:08:59] [66/324] DCJN
[19:09:00] [67/324] SRKV
[19:09:00] [68/324] SAJC
[19:09:02] [69/324] SUSR
[19:09:03] [70/324] STYG
[19:09:05] [71/324] NTKP
[19:09:07] [72/324] AKTG
[19:09:08] [73/324] CGCM
[19:09:09] [74/324] TULC
[19:09:10] [75/324] NYYZ
[19:09:10] [76/324] NYBW
[19:09:12] [77/324] MACB
[19:09:13] [78/324] SLVT
[19:09:14] [79/324] SANA
[19:09:16] [80/324] ACMR
[19:09:16] [81/324] CPKN
[19:09:17] [82/324] DLGK
[19:09:19] [83/324] CWCK
[19:09:19] [84/324] FDDH
[19:09:20] [85/324] MMMD
[19:09:21] [86/324] CMEH
[19:09:22] [87/324] GGGV
[19:09:23] [88/324] SPJL
[19:09:24] [89/324] RCCD
[19:09:25] [90/324] STTZ
[19:09:26] [91/324] BTCF
[19:09:27] [92/324] TSTZ
[19:09:28] [93/324] IPMM
[19:09:30] [94/324] PMPW
[19:09:31] [95/324] PCMZ
[19:09:32] [96/324] ESEM
[19:09:33] [97/324] PIPO
[19:09:34] [98/324] MATK
[19:09:35] [99/324] PGHM
[19:09:36] [100/324] CTSR
[19:09:37] [101/324] CYKR
[19:09:38] [102/324] MSCM
[19:09:40] [103/324] RFNP
[19:09:40] [104/324] PDCP
[19:09:41] [105/324] NPSE
[19:09:43] [106/324] MKML
[19:09:44] [107/324] FTDP
[19:09:45] [108/324] MMXA
[19:09:46] [109/324] CEPO
[19:09:46] [110/324] CMVP
[19:09:48] [111/324] SGTH
[19:09:49] [112/324] SAYN
[19:09:50] [113/324] URVS
[19:09:51] [114/324] VJTN
[19:09:51] [115/324] BBYK
[19:09:52] [116/324] SHBO
[19:09:53] [117/324] VCMR
[19:09:54] [118/324] MACT
[19:09:55] [119/324] JMNP
[19:09:57] [120/324] VICS
[19:09:58] [121/324] VCDA
[19:09:58] [122/324] GCMM
[19:10:00] [123/324] INVS
[19:10:01] [124/324] SCGM
[19:10:02] [125/324] PCDA
[19:10:03] [126/324] KDCT
[19:10:05] [127/324] JACS
[19:10:06] [128/324] GMMC
[19:10:07] [129/324] AICM
[19:10:08] [130/324] TJCM
[19:10:09] [131/324] RMTI
[19:10:10] [132/324] SHAC
[19:10:11] [133/324] APJC
[19:10:12] [134/324] GCTG
[19:10:13] [135/324] SSMC
[19:10:15] [136/324] THRM
[19:10:15] [137/324] RBCT
[19:10:16] [138/324] DIKT
[19:10:17] [139/324] MIDL
[19:10:19] [140/324] VCSN
[19:10:20] [141/324] SKTG
[19:10:21] [142/324] SMWC
[19:10:22] [143/324] MNKH
[19:10:23] [144/324] PIAT
[19:10:25] [145/324] LTTP
[19:10:26] [146/324] PTPU
[19:10:27] [147/324] ACMG
[19:10:29] [148/324] SHMM
[19:10:30] [149/324] MCMN
[19:10:31] [150/324] GLDC
[19:10:32] [151/324] HOUT
[19:10:33] [152/324] SVRP
[19:10:34] [153/324] PVDN
[19:10:35] [154/324] SCPY
[19:10:37] [155/324] DTPY
[19:10:37] [156/324] GKCS
[19:10:38] [157/324] NCAM
[19:10:39] [158/324] BSRM
[19:10:40] [159/324] RCLC
[19:10:41] [160/324] SKKD
[19:10:42] [161/324] ACHU
[19:10:43] [162/324] RSCF
[19:10:44] [163/324] IMSH
[19:10:44] [164/324] MACX
[19:10:46] [165/324] HMMW
[19:10:47] [166/324] JTCP
[19:10:48] [167/324] SREN
[19:10:49] [168/324] PJRR
[19:10:49] [169/324] INAC
[19:10:51] [170/324] BMCA
[19:10:52] [171/324] SHCB
[19:10:54] [172/324] GABA
[19:10:55] [173/324] SBCT
[19:10:55] [174/324] GCMA
[19:10:56] [175/324] MYTK
[19:10:57] [176/324] INZS
[19:10:58] [177/324] RMIK
[19:11:00] [178/324] NYCH
[19:11:01] [179/324] RAVE
[19:11:02] [180/324] PSXM
[19:11:04] [181/324] MCGP
[19:11:05] [182/324] PDDK
[19:11:06] [183/324] SPCK
[19:11:07] [184/324] MCRL
[19:11:07] [185/324] MHKT
[19:11:08] [186/324] ANRR
[19:11:10] [187/324] SAPK
[19:11:11] [188/324] NCUK
[19:11:12] [189/324] JUGA
[19:11:13] [190/324] DBSC
[19:11:15] [191/324] LALK
[19:11:16] [192/324] GUCK
[19:11:17] [193/324] STSG
[19:11:19] [194/324] PPPZ
[19:11:20] [195/324] CNCY
[19:11:21] [196/324] MTAR
[19:11:23] [197/324] VNKD
[19:11:23] [198/324] KMAJ
[19:11:24] [199/324] ACXK
[19:11:25] [200/324] UTKC
[19:11:27] [201/324] PBLK
[19:11:29] [202/324] ACBX
[19:11:29] [203/324] PTGM
[19:11:31] [204/324] BTDA
[19:11:33] [205/324] PJMB
[19:11:34] [206/324] TPDA
[19:11:35] [207/324] AMOE
[19:11:37] [208/324] PRHT
[19:11:39] [209/324] PRTA
[19:11:40] [210/324] STAM
[19:11:41] [211/324] MSAA
[19:11:42] [212/324] SDLU
[19:11:44] [213/324] RCHH
[19:11:45] [214/324] KANT
[19:11:46] [215/324] FCRT
[19:11:48] [216/324] DNKM
[19:11:49] [217/324] RYCP
[19:11:50] [218/324] MYRP
[19:11:50] [219/324] PPAK
[19:11:51] [220/324] NVPK
[19:11:52] [221/324] PRMC
[19:11:53] [222/324] JBCS
[19:11:54] [223/324] GXCK
[19:11:55] [224/324] USKO
[19:11:56] [225/324] GTEM
[19:11:57] [226/324] SMBU
[19:11:58] [227/324] VETC
[19:11:59] [228/324] LCDA
[19:12:00] [229/324] MTVT
[19:12:01] [230/324] PYCP
[19:12:03] [231/324] PNSC
[19:12:04] [232/324] PPCC
[19:12:06] [233/324] TGRT
[19:12:07] [234/324] JYOT
[19:12:08] [235/324] SRCZ
[19:12:09] [236/324] SJTE
[19:12:11] [237/324] DESC
[19:12:12] [238/324] JHVN
[19:12:14] [239/324] IPSG
[19:12:14] [240/324] IPCM
[19:12:16] [241/324] PDRS
[19:12:16] [242/324] ANCV
[19:12:18] [243/324] CMVV
[19:12:18] [244/324] SHYP
[19:12:20] [245/324] DNCS
[19:12:21] [246/324] GAJK
[19:12:22] [247/324] AKTN
[19:12:23] [248/324] KAYA
[19:12:24] [249/324] SBRC
[19:12:25] [250/324] CHTP
[19:12:26] [251/324] SHRT
[19:12:27] [252/324] BCKU
[19:12:29] [253/324] FCPS
[19:12:30] [254/324] ARDD
[19:12:31] [255/324] CPCM
[19:12:32] [256/324] CGSM
[19:12:34] [257/324] PSMP
[19:12:35] [258/324] SDAL
[19:12:36] [259/324] RTNB
[19:12:37] [260/324] LMCR
[19:12:38] [261/324] CIMA
[19:12:39] [262/324] RNAS
[19:12:41] [263/324] LITH
[19:12:42] [264/324] PBOX
[19:12:43] [265/324] FRTS
[19:12:44] [266/324] RKIC
[19:12:44] [267/324] PTAI
[19:12:45] [268/324] GCIC
[19:12:46] [269/324] FNAS
[19:12:47] [270/324] SCAR
[19:12:48] [271/324] MTCA
[19:12:49] [272/324] SCTS
[19:12:50] [273/324] SYCS
[19:12:52] [274/324] RDMS
[19:12:54] [275/324] KAMP
[19:12:55] [276/324] ERSD
[19:12:56] [277/324] MJMJ
[19:12:57] [278/324] SRCJ
[19:12:58] [279/324] SCXE
[19:13:00] [280/324] SVFR
[19:13:01] [281/324] BHCS
[19:13:02] [282/324] IMCC
[19:13:03] [283/324] PCBO
[19:13:04] [284/324] PRVN
[19:13:04] [285/324] AUPM
[19:13:05] [286/324] INBW
[19:13:06] [287/324] SVCW
[19:13:07] [288/324] RKCF
[19:13:08] [289/324] UVBH
[19:13:09] [290/324] DNCY
[19:13:10] [291/324] ABCN
[19:13:11] [292/324] PRUR
[19:13:13] [293/324] PFMR
[19:13:14] [294/324] RKCN
[19:13:14] [295/324] CFEA
[19:13:15] [296/324] SDBG
[19:13:16] [297/324] SNAR
[19:13:17] [298/324] YISI
[19:13:18] [299/324] JCFF
[19:13:18] [300/324] VTRK
[19:13:19] [301/324] PCLZ
[19:13:20] [302/324] DIMY
[19:13:22] [303/324] BBTS
[19:13:23] [304/324] GATH
[19:13:24] [305/324] GTMN
[19:13:25] [306/324] VTMH
[19:13:26] [307/324] CCKP
[19:13:27] [308/324] GPKA
[19:13:28] [309/324] MHCL
[19:13:29] [310/324] ATCL
[19:13:30] [311/324] SBCK
[19:13:31] [312/324] AMMR
[19:13:32] [313/324] MADC
[19:13:34] [314/324] TMMA
[19:13:35] [315/324] CACC
[19:13:36] [316/324] CHAL
[19:13:38] [317/324] DURG
[19:13:39] [318/324] GMKU
[19:13:40] [319/324] GECA
[19:13:40] [320/324] KYRR
[19:13:41] [321/324] KSDE
[19:13:43] [322/324] LMCI
[19:13:44] [323/324] NKCP
[19:13:45] [324/324] BGTC
[19:13:46] 🧹 Deduping shows
[19:13:46] ✅ DONE | Shows=30 | Movies=5
[21:56:44] 🚀 SCRIPT STARTED
[21:56:44] [1/324] GCTA
[21:56:44] 🧠 New identity created
[21:56:45] [2/324] TOPN
[21:56:47] [3/324] MCUS
[21:56:47] [4/324] SHRL
[21:56:49] [5/324] UPTP
[21:56:51] [6/324] TMMP
[21:56:52] [7/324] DNRP
[21:56:53] [8/324] SRLT
[21:56:53] [9/324] RCNS
[21:56:54] [10/324] DCBH
[21:56:56] [11/324] NAGJ
[21:56:57] [12/324] JVRC
[21:56:58] [13/324] KRJG
[21:56:59] [14/324] SRTJ
[21:57:01] [15/324] CMXM
[21:57:02] [16/324] STMI
[21:57:02] [17/324] SLST
[21:57:04] [18/324] DTCN
[21:57:04] [19/324] STYN
[21:57:06] [20/324] SZVR
[21:57:07] [21/324] SRKO
[21:57:08] [22/324] JTGT
[21:57:09] [23/324] SVFD
[21:57:10] [24/324] SISD
[21:57:11] [25/324] ABDD
[21:57:12] [26/324] DRCA
[21:57:13] [27/324] AVCS
[21:57:14] [28/324] MVKH
[21:57:15] [29/324] ACPR
[21:57:16] [30/324] STIP
[21:57:17] [31/324] MTRA
[21:57:17] [32/324] RMKH
[21:57:19] [33/324] NKRL
[21:57:20] [34/324] PCWN
[21:57:21] [35/324] BLMT
[21:57:22] [36/324] GDPG
[21:57:23] [37/324] SRMX
[21:57:24] [38/324] JACP
[21:57:26] [39/324] CPSH
[21:57:27] [40/324] MCCD
[21:57:28] [41/324] ECGH
[21:57:29] [42/324] MKCK
[21:57:29] [43/324] SRMM
[21:57:30] [44/324] SKYR
[21:57:31] [45/324] PCKC
[21:57:32] [46/324] JCMA
[21:57:33] [47/324] BSMP
[21:57:34] [48/324] VSPA
[21:57:35] [49/324] DJYA
[21:57:36] [50/324] DIMP
[21:57:36] [51/324] FXDR
[21:57:37] [52/324] SSRC
[21:57:39] [53/324] STHP
[21:57:40] [54/324] CPPD
[21:57:41] [55/324] FCLK
[21:57:42] [56/324] SCPP
[21:57:42] [57/324] DCMJ
[21:57:43] [58/324] RCCR
[21:57:44] [59/324] INMT
[21:57:45] [60/324] LXTK
[21:57:46] [61/324] SRYK
[21:57:47] [62/324] SGDK
[21:57:48] [63/324] PPKA
[21:57:49] [64/324] SPKA
[21:57:49] [65/324] CGHH
[21:57:50] [66/324] DCJN
[21:57:51] [67/324] SRKV
[21:57:52] [68/324] SAJC
[21:57:53] [69/324] SUSR
[21:57:54] [70/324] STYG
[21:57:56] [71/324] NTKP
[21:57:58] [72/324] AKTG
[21:57:59] [73/324] CGCM
[21:57:59] [74/324] TULC
[21:58:00] [75/324] NYYZ
[21:58:02] [76/324] NYBW
[21:58:04] [77/324] MACB
[21:58:05] [78/324] SLVT
[21:58:06] [79/324] SANA
[21:58:07] [80/324] ACMR
[21:58:07] [81/324] CPKN
[21:58:08] [82/324] DLGK
[21:58:09] [83/324] CWCK
[21:58:10] [84/324] FDDH
[21:58:11] [85/324] MMMD
[21:58:12] [86/324] CMEH
[21:58:13] [87/324] GGGV
[21:58:15] [88/324] SPJL
[21:58:17] [89/324] RCCD
[21:58:18] [90/324] STTZ
[21:58:19] [91/324] BTCF
[21:58:20] [92/324] TSTZ
[21:58:21] [93/324] IPMM
[21:58:22] [94/324] PMPW
[21:58:23] [95/324] PCMZ
[21:58:24] [96/324] ESEM
[21:58:25] [97/324] PIPO
[21:58:26] [98/324] MATK
[21:58:27] [99/324] PGHM
[21:58:28] [100/324] CTSR
[21:58:29] [101/324] CYKR
[21:58:29] [102/324] MSCM
[21:58:31] [103/324] RFNP
[21:58:32] [104/324] PDCP
[21:58:33] [105/324] NPSE
[21:58:34] [106/324] MKML
[21:58:35] [107/324] FTDP
[21:58:36] [108/324] MMXA
[21:58:37] [109/324] CEPO
[21:58:38] [110/324] CMVP
[21:58:39] [111/324] SGTH
[21:58:40] [112/324] SAYN
[21:58:42] [113/324] URVS
[21:58:43] [114/324] VJTN
[21:58:45] [115/324] BBYK
[21:58:45] [116/324] SHBO
[21:58:46] [117/324] VCMR
[21:58:47] [118/324] MACT
[21:58:49] [119/324] JMNP
[21:58:50] [120/324] VICS
[21:58:51] [121/324] VCDA
[21:58:52] [122/324] GCMM
[21:58:53] [123/324] INVS
[21:58:54] [124/324] SCGM
[21:58:54] [125/324] PCDA
[21:58:55] [126/324] KDCT
[21:58:57] [127/324] JACS
[21:58:58] [128/324] GMMC
[21:58:59] [129/324] AICM
[21:58:59] [130/324] TJCM
[21:59:00] [131/324] RMTI
[21:59:01] [132/324] SHAC
[21:59:03] [133/324] APJC
[21:59:04] [134/324] GCTG
[21:59:06] [135/324] SSMC
[21:59:07] [136/324] THRM
[21:59:09] [137/324] RBCT
[21:59:10] [138/324] DIKT
[21:59:11] [139/324] MIDL
[21:59:13] [140/324] VCSN
[21:59:14] [141/324] SKTG
[21:59:15] [142/324] SMWC
[21:59:16] [143/324] MNKH
[21:59:17] [144/324] PIAT
[21:59:18] [145/324] LTTP
[21:59:19] [146/324] PTPU
[21:59:20] [147/324] ACMG
[21:59:21] [148/324] SHMM
[21:59:22] [149/324] MCMN
[21:59:23] [150/324] GLDC
[21:59:24] [151/324] HOUT
[21:59:25] [152/324] SVRP
[21:59:26] [153/324] PVDN
[21:59:26] [154/324] SCPY
[21:59:27] [155/324] DTPY
[21:59:28] [156/324] GKCS
[21:59:29] [157/324] NCAM
[21:59:30] [158/324] BSRM
[21:59:31] [159/324] RCLC
[21:59:32] [160/324] SKKD
[21:59:33] [161/324] ACHU
[21:59:34] [162/324] RSCF
[21:59:35] [163/324] IMSH
[21:59:36] [164/324] MACX
[21:59:37] [165/324] HMMW
[21:59:38] [166/324] JTCP
[21:59:39] [167/324] SREN
[21:59:40] [168/324] PJRR
[21:59:42] [169/324] INAC
[21:59:43] [170/324] BMCA
[21:59:44] [171/324] SHCB
[21:59:44] [172/324] GABA
[21:59:46] [173/324] SBCT
[21:59:47] [174/324] GCMA
[21:59:48] [175/324] MYTK
[21:59:49] [176/324] INZS
[21:59:50] [177/324] RMIK
[21:59:51] [178/324] NYCH
[21:59:52] [179/324] RAVE
[21:59:52] [180/324] PSXM
[21:59:53] [181/324] MCGP
[21:59:54] [182/324] PDDK
[21:59:55] [183/324] SPCK
[21:59:56] [184/324] MCRL
[21:59:57] [185/324] MHKT
[21:59:58] [186/324] ANRR
[21:59:59] [187/324] SAPK
[22:00:00] [188/324] NCUK
[22:00:01] [189/324] JUGA
[22:00:02] [190/324] DBSC
[22:00:03] [191/324] LALK
[22:00:05] [192/324] GUCK
[22:00:06] [193/324] STSG
[22:00:07] [194/324] PPPZ
[22:00:08] [195/324] CNCY
[22:00:10] [196/324] MTAR
[22:00:12] [197/324] VNKD
[22:00:13] [198/324] KMAJ
[22:00:15] [199/324] ACXK
[22:00:16] [200/324] UTKC
[22:00:17] [201/324] PBLK
[22:00:18] [202/324] ACBX
[22:00:19] [203/324] PTGM
[22:00:20] [204/324] BTDA
[22:00:21] [205/324] PJMB
[22:00:21] [206/324] TPDA
[22:00:22] [207/324] AMOE
[22:00:23] [208/324] PRHT
[22:00:24] [209/324] PRTA
[22:00:26] [210/324] STAM
[22:00:27] [211/324] MSAA
[22:00:28] [212/324] SDLU
[22:00:29] [213/324] RCHH
[22:00:31] [214/324] KANT
[22:00:32] [215/324] FCRT
[22:00:33] [216/324] DNKM
[22:00:34] [217/324] RYCP
[22:00:35] [218/324] MYRP
[22:00:35] [219/324] PPAK
[22:00:36] [220/324] NVPK
[22:00:38] [221/324] PRMC
[22:00:39] [222/324] JBCS
[22:00:40] [223/324] GXCK
[22:00:40] [224/324] USKO
[22:00:41] [225/324] GTEM
[22:00:42] [226/324] SMBU
[22:00:43] [227/324] VETC
[22:00:44] [228/324] LCDA
[22:00:45] [229/324] MTVT
[22:00:46] [230/324] PYCP
[22:00:47] [231/324] PNSC
[22:00:48] [232/324] PPCC
[22:00:49] [233/324] TGRT
[22:00:50] [234/324] JYOT
[22:00:51] [235/324] SRCZ
[22:00:52] [236/324] SJTE
[22:00:53] [237/324] DESC
[22:00:55] [238/324] JHVN
[22:00:56] [239/324] IPSG
[22:00:57] [240/324] IPCM
[22:00:58] [241/324] PDRS
[22:00:59] [242/324] ANCV
[22:01:00] [243/324] CMVV
[22:01:02] [244/324] SHYP
[22:01:04] [245/324] DNCS
[22:01:05] [246/324] GAJK
[22:01:05] [247/324] AKTN
[22:01:06] [248/324] KAYA
[22:01:07] [249/324] SBRC
[22:01:08] [250/324] CHTP
[22:01:09] [251/324] SHRT
[22:01:10] [252/324] BCKU
[22:01:11] [253/324] FCPS
[22:01:12] [254/324] ARDD
[22:01:12] [255/324] CPCM
[22:01:13] [256/324] CGSM
[22:01:14] [257/324] PSMP
[22:01:15] [258/324] SDAL
[22:01:16] [259/324] RTNB
[22:01:17] [260/324] LMCR
[22:01:18] [261/324] CIMA
[22:01:19] [262/324] RNAS
[22:01:20] [263/324] LITH
[22:01:21] [264/324] PBOX
[22:01:22] [265/324] FRTS
[22:01:23] [266/324] RKIC
[22:01:24] [267/324] PTAI
[22:01:25] [268/324] GCIC
[22:01:26] [269/324] FNAS
[22:01:27] [270/324] SCAR
[22:01:28] [271/324] MTCA
[22:01:29] [272/324] SCTS
[22:01:31] [273/324] SYCS
[22:01:32] [274/324] RDMS
[22:01:34] [275/324] KAMP
[22:01:36] [276/324] ERSD
[22:01:37] [277/324] MJMJ
[22:01:38] [278/324] SRCJ
[22:01:39] [279/324] SCXE
[22:01:41] [280/324] SVFR
[22:01:42] [281/324] BHCS
[22:01:42] [282/324] IMCC
[22:01:43] [283/324] PCBO
[22:01:44] [284/324] PRVN
[22:01:46] [285/324] AUPM
[22:01:47] [286/324] INBW
[22:01:48] [287/324] SVCW
[22:01:49] [288/324] RKCF
[22:01:50] [289/324] UVBH
[22:01:51] [290/324] DNCY
[22:01:53] [291/324] ABCN
[22:01:54] [292/324] PRUR
[22:01:56] [293/324] PFMR
[22:01:56] [294/324] RKCN
[22:01:57] [295/324] CFEA
[22:01:58] [296/324] SDBG
[22:01:59] [297/324] SNAR
[22:02:00] [298/324] YISI
[22:02:02] [299/324] JCFF
[22:02:02] [300/324] VTRK
[22:02:03] [301/324] PCLZ
[22:02:04] [302/324] DIMY
[22:02:05] [303/324] BBTS
[22:02:06] [304/324] GATH
[22:02:07] [305/324] GTMN
[22:02:08] [306/324] VTMH
[22:02:09] [307/324] CCKP
[22:02:10] [308/324] GPKA
[22:02:11] [309/324] MHCL
[22:02:12] [310/324] ATCL
[22:02:13] [311/324] SBCK
[22:02:15] [312/324] AMMR
[22:02:15] [313/324] MADC
[22:02:17] [314/324] TMMA
[22:02:19] [315/324] CACC
[22:02:20] [316/324] CHAL
[22:02:21] [317/324] DURG
[22:02:22] [318/324] GMKU
[22:02:24] [319/324] GECA
[22:02:26] [320/324] KYRR
[22:02:27] [321/324] KSDE
[22:02:28] [322/324] LMCI
[22:02:28] [323/324] NKCP
[22:02:29] [324/324] BGTC
[22:02:30] 🧹 Deduping shows
[22:02:30] ✅ DONE | Shows=64 | Movies=8
[03:49:44] 🚀 SCRIPT STARTED
[03:49:44] [1/324] GCTA
[03:49:44] 🧠 New identity created
[03:49:45] [2/324] TOPN
[03:49:46] [3/324] MCUS
[03:49:46] [4/324] SHRL
[03:49:47] [5/324] UPTP
[03:49:48] [6/324] TMMP
[03:49:49] [7/324] DNRP
[03:49:50] [8/324] SRLT
[03:49:50] [9/324] RCNS
[03:49:51] [10/324] DCBH
[03:49:52] [11/324] NAGJ
[03:49:53] [12/324] JVRC
[03:49:54] [13/324] KRJG
[03:49:55] [14/324] SRTJ
[03:49:55] [15/324] CMXM
[03:49:56] [16/324] STMI
[03:49:57] [17/324] SLST
[03:49:58] [18/324] DTCN
[03:49:59] [19/324] STYN
[03:50:00] [20/324] SZVR
[03:50:01] [21/324] SRKO
[03:50:02] [22/324] JTGT
[03:50:03] [23/324] SVFD
[03:50:03] [24/324] SISD
[03:50:04] [25/324] ABDD
[03:50:05] [26/324] DRCA
[03:50:06] [27/324] AVCS
[03:50:07] [28/324] MVKH
[03:50:08] [29/324] ACPR
[03:50:09] [30/324] STIP
[03:50:10] [31/324] MTRA
[03:50:11] [32/324] RMKH
[03:50:12] [33/324] NKRL
[03:50:13] [34/324] PCWN
[03:50:14] [35/324] BLMT
[03:50:14] [36/324] GDPG
[03:50:15] [37/324] SRMX
[03:50:16] [38/324] JACP
[03:50:18] [39/324] CPSH
[03:50:18] [40/324] MCCD
[03:50:19] [41/324] ECGH
[03:50:20] [42/324] MKCK
[03:50:21] [43/324] SRMM
[03:50:22] [44/324] SKYR
[03:50:23] [45/324] PCKC
[03:50:24] [46/324] JCMA
[03:50:25] [47/324] BSMP
[03:50:26] [48/324] VSPA
[03:50:27] [49/324] DJYA
[03:50:28] [50/324] DIMP
[03:50:28] [51/324] FXDR
[03:50:29] [52/324] SSRC
[03:50:30] [53/324] STHP
[03:50:32] [54/324] CPPD
[03:50:32] [55/324] FCLK
[03:50:33] [56/324] SCPP
[03:50:34] [57/324] DCMJ
[03:50:35] [58/324] RCCR
[03:50:36] [59/324] INMT
[03:50:37] [60/324] LXTK
[03:50:38] [61/324] SRYK
[03:50:38] [62/324] SGDK
[03:50:39] [63/324] PPKA
[03:50:41] [64/324] SPKA
[03:50:42] [65/324] CGHH
[03:50:42] [66/324] DCJN
[03:50:43] [67/324] SRKV
[03:50:44] [68/324] SAJC
[03:50:45] [69/324] SUSR
[03:50:45] [70/324] STYG
[03:50:46] [71/324] NTKP
[03:50:47] [72/324] AKTG
[03:50:48] [73/324] CGCM
[03:50:49] [74/324] TULC
[03:50:50] [75/324] NYYZ
[03:50:51] [76/324] NYBW
[03:50:52] [77/324] MACB
[03:50:52] [78/324] SLVT
[03:50:53] [79/324] SANA
[03:50:54] [80/324] ACMR
[03:50:55] [81/324] CPKN
[03:50:55] [82/324] DLGK
[03:50:56] [83/324] CWCK
[03:50:57] [84/324] FDDH
[03:50:57] [85/324] MMMD
[03:50:58] [86/324] CMEH
[03:50:59] [87/324] GGGV
[03:51:00] [88/324] SPJL
[03:51:01] [89/324] RCCD
[03:51:02] [90/324] STTZ
[03:51:03] [91/324] BTCF
[03:51:03] [92/324] TSTZ
[03:51:04] [93/324] IPMM
[03:51:05] [94/324] PMPW
[03:51:06] [95/324] PCMZ
[03:51:07] [96/324] ESEM
[03:51:08] [97/324] PIPO
[03:51:09] [98/324] MATK
[03:51:10] [99/324] PGHM
[03:51:11] [100/324] CTSR
[03:51:12] [101/324] CYKR
[03:51:12] [102/324] MSCM
[03:51:13] [103/324] RFNP
[03:51:14] [104/324] PDCP
[03:51:15] [105/324] NPSE
[03:51:16] [106/324] MKML
[03:51:17] [107/324] FTDP
[03:51:18] [108/324] MMXA
[03:51:19] [109/324] CEPO
[03:51:20] [110/324] CMVP
[03:51:21] [111/324] SGTH
[03:51:22] [112/324] SAYN
[03:51:23] [113/324] URVS
[03:51:24] [114/324] VJTN
[03:51:24] [115/324] BBYK
[03:51:25] [116/324] SHBO
[03:51:26] [117/324] VCMR
[03:51:27] [118/324] MACT
[03:51:28] [119/324] JMNP
[03:51:29] [120/324] VICS
[03:51:30] [121/324] VCDA
[03:51:31] [122/324] GCMM
[03:51:31] [123/324] INVS
[03:51:32] [124/324] SCGM
[03:51:34] [125/324] PCDA
[03:51:35] [126/324] KDCT
[03:51:36] [127/324] JACS
[03:51:37] [128/324] GMMC
[03:51:38] [129/324] AICM
[03:51:38] [130/324] TJCM
[03:51:39] [131/324] RMTI
[03:51:40] [132/324] SHAC
[03:51:41] [133/324] APJC
[03:51:42] [134/324] GCTG
[03:51:43] [135/324] SSMC
[03:51:44] [136/324] THRM
[03:51:45] [137/324] RBCT
[03:51:46] [138/324] DIKT
[03:51:47] [139/324] MIDL
[03:51:47] [140/324] VCSN
[03:51:48] [141/324] SKTG
[03:51:49] [142/324] SMWC
[03:51:50] [143/324] MNKH
[03:51:50] [144/324] PIAT
[03:51:51] [145/324] LTTP
[03:51:52] [146/324] PTPU
[03:51:53] [147/324] ACMG
[03:51:54] [148/324] SHMM
[03:51:55] [149/324] MCMN
[03:51:55] [150/324] GLDC
[03:51:56] [151/324] HOUT
[03:51:57] [152/324] SVRP
[03:51:58] [153/324] PVDN
[03:51:59] [154/324] SCPY
[03:51:59] [155/324] DTPY
[03:52:00] [156/324] GKCS
[03:52:01] [157/324] NCAM
[03:52:01] [158/324] BSRM
[03:52:02] [159/324] RCLC
[03:52:03] [160/324] SKKD
[03:52:04] [161/324] ACHU
[03:52:05] [162/324] RSCF
[03:52:06] [163/324] IMSH
[03:52:07] [164/324] MACX
[03:52:08] [165/324] HMMW
[03:52:09] [166/324] JTCP
[03:52:10] [167/324] SREN
[03:52:11] [168/324] PJRR
[03:52:12] [169/324] INAC
[03:52:12] [170/324] BMCA
[03:52:13] [171/324] SHCB
[03:52:14] [172/324] GABA
[03:52:15] [173/324] SBCT
[03:52:16] [174/324] GCMA
[03:52:17] [175/324] MYTK
[03:52:18] [176/324] INZS
[03:52:19] [177/324] RMIK
[03:52:19] [178/324] NYCH
[03:52:20] [179/324] RAVE
[03:52:22] [180/324] PSXM
[03:52:23] [181/324] MCGP
[03:52:23] [182/324] PDDK
[03:52:24] [183/324] SPCK
[03:52:25] [184/324] MCRL
[03:52:26] [185/324] MHKT
[03:52:26] [186/324] ANRR
[03:52:27] [187/324] SAPK
[03:52:28] [188/324] NCUK
[03:52:29] [189/324] JUGA
[03:52:30] [190/324] DBSC
[03:52:31] [191/324] LALK
[03:52:32] [192/324] GUCK
[03:52:32] [193/324] STSG
[03:52:33] [194/324] PPPZ
[03:52:34] [195/324] CNCY
[03:52:35] [196/324] MTAR
[03:52:36] [197/324] VNKD
[03:52:37] [198/324] KMAJ
[03:52:37] [199/324] ACXK
[03:52:38] [200/324] UTKC
[03:52:39] [201/324] PBLK
[03:52:40] [202/324] ACBX
[03:52:41] [203/324] PTGM
[03:52:42] [204/324] BTDA
[03:52:43] [205/324] PJMB
[03:52:43] [206/324] TPDA
[03:52:44] [207/324] AMOE
[03:52:45] [208/324] PRHT
[03:52:46] [209/324] PRTA
[03:52:48] [210/324] STAM
[03:52:49] [211/324] MSAA
[03:52:50] [212/324] SDLU
[03:52:52] [213/324] RCHH
[03:52:52] [214/324] KANT
[03:52:53] [215/324] FCRT
[03:52:54] [216/324] DNKM
[03:52:55] [217/324] RYCP
[03:52:55] [218/324] MYRP
[03:52:57] [219/324] PPAK
[03:52:58] [220/324] NVPK
[03:52:59] [221/324] PRMC
[03:52:59] [222/324] JBCS
[03:53:00] [223/324] GXCK
[03:53:01] [224/324] USKO
[03:53:02] [225/324] GTEM
[03:53:03] [226/324] SMBU
[03:53:04] [227/324] VETC
[03:53:05] [228/324] LCDA
[03:53:06] [229/324] MTVT
[03:53:06] [230/324] PYCP
[03:53:07] [231/324] PNSC
[03:53:08] [232/324] PPCC
[03:53:09] [233/324] TGRT
[03:53:10] [234/324] JYOT
[03:53:11] [235/324] SRCZ
[03:53:12] [236/324] SJTE
[03:53:12] [237/324] DESC
[03:53:13] [238/324] JHVN
[03:53:15] [239/324] IPSG
[03:53:16] [240/324] IPCM
[03:53:17] [241/324] PDRS
[03:53:17] [242/324] ANCV
[03:53:18] [243/324] CMVV
[03:53:19] [244/324] SHYP
[03:53:20] [245/324] DNCS
[03:53:21] [246/324] GAJK
[03:53:21] [247/324] AKTN
[03:53:22] [248/324] KAYA
[03:53:23] [249/324] SBRC
[03:53:24] [250/324] CHTP
[03:53:25] [251/324] SHRT
[03:53:26] [252/324] BCKU
[03:53:27] [253/324] FCPS
[03:53:27] [254/324] ARDD
[03:53:28] [255/324] CPCM
[03:53:29] [256/324] CGSM
[03:53:30] [257/324] PSMP
[03:53:30] [258/324] SDAL
[03:53:31] [259/324] RTNB
[03:53:32] [260/324] LMCR
[03:53:33] [261/324] CIMA
[03:53:33] [262/324] RNAS
[03:53:34] [263/324] LITH
[03:53:35] [264/324] PBOX
[03:53:36] [265/324] FRTS
[03:53:37] [266/324] RKIC
[03:53:37] [267/324] PTAI
[03:53:38] [268/324] GCIC
[03:53:39] [269/324] FNAS
[03:53:40] [270/324] SCAR
[03:53:41] [271/324] MTCA
[03:53:42] [272/324] SCTS
[03:53:43] [273/324] SYCS
[03:53:44] [274/324] RDMS
[03:53:45] [275/324] KAMP
[03:53:45] [276/324] ERSD
[03:53:46] [277/324] MJMJ
[03:53:47] [278/324] SRCJ
[03:53:48] [279/324] SCXE
[03:53:48] [280/324] SVFR
[03:53:49] [281/324] BHCS
[03:53:50] [282/324] IMCC
[03:53:51] [283/324] PCBO
[03:53:52] [284/324] PRVN
[03:53:54] [285/324] AUPM
[03:53:54] [286/324] INBW
[03:53:55] [287/324] SVCW
[03:53:56] [288/324] RKCF
[03:53:57] [289/324] UVBH
[03:53:57] [290/324] DNCY
[03:53:58] [291/324] ABCN
[03:53:59] [292/324] PRUR
[03:54:00] [293/324] PFMR
[03:54:01] [294/324] RKCN
[03:54:01] [295/324] CFEA
[03:54:02] [296/324] SDBG
[03:54:03] [297/324] SNAR
[03:54:04] [298/324] YISI
[03:54:05] [299/324] JCFF
[03:54:06] [300/324] VTRK
[03:54:06] [301/324] PCLZ
[03:54:07] [302/324] DIMY
[03:54:08] [303/324] BBTS
[03:54:10] [304/324] GATH
[03:54:11] [305/324] GTMN
[03:54:12] [306/324] VTMH
[03:54:13] [307/324] CCKP
[03:54:14] [308/324] GPKA
[03:54:15] [309/324] MHCL
[03:54:16] [310/324] ATCL
[03:54:16] [311/324] SBCK
[03:54:17] [312/324] AMMR
[03:54:18] [313/324] MADC
[03:54:19] [314/324] TMMA
[03:54:20] [315/324] CACC
[03:54:21] [316/324] CHAL
[03:54:21] [317/324] DURG
[03:54:22] [318/324] GMKU
[03:54:22] [319/324] GECA
[03:54:23] [320/324] KYRR
[03:54:25] [321/324] KSDE
[03:54:26] [322/324] LMCI
[03:54:27] [323/324] NKCP
[03:54:27] [324/324] BGTC
[03:54:28] 🧹 Deduping shows
[03:54:28] ✅ DONE | Shows=143 | Movies=10
[07:10:07] 🚀 SCRIPT STARTED
[07:10:07] [1/324] GCTA
[07:10:07] 🧠 New identity created
[07:10:08] [2/324] TOPN
[07:10:09] [3/324] MCUS
[07:10:09] [4/324] SHRL
[07:10:10] [5/324] UPTP
[07:10:11] [6/324] TMMP
[07:10:12] [7/324] DNRP
[07:10:13] [8/324] SRLT
[07:10:14] [9/324] RCNS
[07:10:15] [10/324] DCBH
[07:10:16] [11/324] NAGJ
[07:10:17] [12/324] JVRC
[07:10:18] [13/324] KRJG
[07:10:19] [14/324] SRTJ
[07:10:20] [15/324] CMXM
[07:10:21] [16/324] STMI
[07:10:22] [17/324] SLST
[07:10:23] [18/324] DTCN
[07:10:24] [19/324] STYN
[07:10:24] [20/324] SZVR
[07:10:25] [21/324] SRKO
[07:10:26] [22/324] JTGT
[07:10:27] [23/324] SVFD
[07:10:28] [24/324] SISD
[07:10:28] [25/324] ABDD
[07:10:29] [26/324] DRCA
[07:10:30] [27/324] AVCS
[07:10:31] [28/324] MVKH
[07:10:32] [29/324] ACPR
[07:10:32] [30/324] STIP
[07:10:33] [31/324] MTRA
[07:10:34] [32/324] RMKH
[07:10:35] [33/324] NKRL
[07:10:36] [34/324] PCWN
[07:10:37] [35/324] BLMT
[07:10:38] [36/324] GDPG
[07:10:39] [37/324] SRMX
[07:10:40] [38/324] JACP
[07:10:41] [39/324] CPSH
[07:10:42] [40/324] MCCD
[07:10:43] [41/324] ECGH
[07:10:43] [42/324] MKCK
[07:10:44] [43/324] SRMM
[07:10:45] [44/324] SKYR
[07:10:46] [45/324] PCKC
[07:10:47] [46/324] JCMA
[07:10:47] [47/324] BSMP
[07:10:48] [48/324] VSPA
[07:10:49] [49/324] DJYA
[07:10:50] [50/324] DIMP
[07:10:50] [51/324] FXDR
[07:10:51] [52/324] SSRC
[07:10:52] [53/324] STHP
[07:10:53] [54/324] CPPD
[07:10:54] [55/324] FCLK
[07:10:55] [56/324] SCPP
[07:10:56] [57/324] DCMJ
[07:10:57] [58/324] RCCR
[07:10:58] [59/324] INMT
[07:10:59] [60/324] LXTK
[07:11:00] [61/324] SRYK
[07:11:01] [62/324] SGDK
[07:11:02] [63/324] PPKA
[07:11:03] [64/324] SPKA
[07:11:03] [65/324] CGHH
[07:11:04] [66/324] DCJN
[07:11:05] [67/324] SRKV
[07:11:05] [68/324] SAJC
[07:11:06] [69/324] SUSR
[07:11:07] [70/324] STYG
[07:11:08] [71/324] NTKP
[07:11:09] [72/324] AKTG
[07:11:09] [73/324] CGCM
[07:11:10] [74/324] TULC
[07:11:11] [75/324] NYYZ
[07:11:12] [76/324] NYBW
[07:11:13] [77/324] MACB
[07:11:14] [78/324] SLVT
[07:11:14] [79/324] SANA
[07:11:15] [80/324] ACMR
[07:11:16] [81/324] CPKN
[07:11:17] [82/324] DLGK
[07:11:18] [83/324] CWCK
[07:11:19] [84/324] FDDH
[07:11:20] [85/324] MMMD
[07:11:22] [86/324] CMEH
[07:11:22] [87/324] GGGV
[07:11:23] [88/324] SPJL
[07:11:24] [89/324] RCCD
[07:11:25] [90/324] STTZ
[07:11:26] [91/324] BTCF
[07:11:27] [92/324] TSTZ
[07:11:27] [93/324] IPMM
[07:11:28] [94/324] PMPW
[07:11:30] [95/324] PCMZ
[07:11:31] [96/324] ESEM
[07:11:32] [97/324] PIPO
[07:11:34] [98/324] MATK
[07:11:34] [99/324] PGHM
[07:11:35] [100/324] CTSR
[07:11:36] [101/324] CYKR
[07:11:37] [102/324] MSCM
[07:11:38] [103/324] RFNP
[07:11:39] [104/324] PDCP
[07:11:40] [105/324] NPSE
[07:11:41] [106/324] MKML
[07:11:42] [107/324] FTDP
[07:11:43] [108/324] MMXA
[07:11:44] [109/324] CEPO
[07:11:44] [110/324] CMVP
[07:11:45] [111/324] SGTH
[07:11:46] [112/324] SAYN
[07:11:47] [113/324] URVS
[07:11:48] [114/324] VJTN
[07:11:48] [115/324] BBYK
[07:11:49] [116/324] SHBO
[07:11:50] [117/324] VCMR
[07:11:51] [118/324] MACT
[07:11:52] [119/324] JMNP
[07:11:53] [120/324] VICS
[07:11:54] [121/324] VCDA
[07:11:55] [122/324] GCMM
[07:11:56] [123/324] INVS
[07:11:57] [124/324] SCGM
[07:11:58] [125/324] PCDA
[07:11:59] [126/324] KDCT
[07:12:00] [127/324] JACS
[07:12:01] [128/324] GMMC
[07:12:02] [129/324] AICM
[07:12:02] [130/324] TJCM
[07:12:03] [131/324] RMTI
[07:12:04] [132/324] SHAC
[07:12:05] [133/324] APJC
[07:12:05] [134/324] GCTG
[07:12:06] [135/324] SSMC
[07:12:07] [136/324] THRM
[07:12:08] [137/324] RBCT
[07:12:08] [138/324] DIKT
[07:12:10] [139/324] MIDL
[07:12:11] [140/324] VCSN
[07:12:12] [141/324] SKTG
[07:12:13] [142/324] SMWC
[07:12:13] [143/324] MNKH
[07:12:14] [144/324] PIAT
[07:12:15] [145/324] LTTP
[07:12:16] [146/324] PTPU
[07:12:17] [147/324] ACMG
[07:12:18] [148/324] SHMM
[07:12:19] [149/324] MCMN
[07:12:21] [150/324] GLDC
[07:12:22] [151/324] HOUT
[07:12:23] [152/324] SVRP
[07:12:23] [153/324] PVDN
[07:12:24] [154/324] SCPY
[07:12:25] [155/324] DTPY
[07:12:26] [156/324] GKCS
[07:12:27] [157/324] NCAM
[07:12:28] [158/324] BSRM
[07:12:29] [159/324] RCLC
[07:12:30] [160/324] SKKD
[07:12:31] [161/324] ACHU
[07:12:32] [162/324] RSCF
[07:12:33] [163/324] IMSH
[07:12:34] [164/324] MACX
[07:12:34] [165/324] HMMW
[07:12:35] [166/324] JTCP
[07:12:36] [167/324] SREN
[07:12:37] [168/324] PJRR
[07:12:38] [169/324] INAC
[07:12:39] [170/324] BMCA
[07:12:40] [171/324] SHCB
[07:12:41] [172/324] GABA
[07:12:42] [173/324] SBCT
[07:12:42] [174/324] GCMA
[07:12:43] [175/324] MYTK
[07:12:44] [176/324] INZS
[07:12:45] [177/324] RMIK
[07:12:46] [178/324] NYCH
[07:12:46] [179/324] RAVE
[07:12:47] [180/324] PSXM
[07:12:49] [181/324] MCGP
[07:12:50] [182/324] PDDK
[07:12:51] [183/324] SPCK
[07:12:51] [184/324] MCRL
[07:12:52] [185/324] MHKT
[07:12:54] [186/324] ANRR
[07:12:55] [187/324] SAPK
[07:12:55] [188/324] NCUK
[07:12:56] [189/324] JUGA
[07:12:58] [190/324] DBSC
[07:12:59] [191/324] LALK
[07:13:00] [192/324] GUCK
[07:13:01] [193/324] STSG
[07:13:02] [194/324] PPPZ
[07:13:03] [195/324] CNCY
[07:13:04] [196/324] MTAR
[07:13:05] [197/324] VNKD
[07:13:06] [198/324] KMAJ
[07:13:06] [199/324] ACXK
[07:13:07] [200/324] UTKC
[07:13:08] [201/324] PBLK
[07:13:09] [202/324] ACBX
[07:13:10] [203/324] PTGM
[07:13:11] [204/324] BTDA
[07:13:11] [205/324] PJMB
[07:13:12] [206/324] TPDA
[07:13:14] [207/324] AMOE
[07:13:14] [208/324] PRHT
[07:13:15] [209/324] PRTA
[07:13:16] [210/324] STAM
[07:13:17] [211/324] MSAA
[07:13:19] [212/324] SDLU
[07:13:19] [213/324] RCHH
[07:13:21] [214/324] KANT
[07:13:22] [215/324] FCRT
[07:13:22] [216/324] DNKM
[07:13:23] [217/324] RYCP
[07:13:24] [218/324] MYRP
[07:13:25] [219/324] PPAK
[07:13:26] [220/324] NVPK
[07:13:27] [221/324] PRMC
[07:13:28] [222/324] JBCS
[07:13:29] [223/324] GXCK
[07:13:30] [224/324] USKO
[07:13:31] [225/324] GTEM
[07:13:32] [226/324] SMBU
[07:13:33] [227/324] VETC
[07:13:34] [228/324] LCDA
[07:13:34] [229/324] MTVT
[07:13:35] [230/324] PYCP
[07:13:36] [231/324] PNSC
[07:13:37] [232/324] PPCC
[07:13:38] [233/324] TGRT
[07:13:38] [234/324] JYOT
[07:13:39] [235/324] SRCZ
[07:13:40] [236/324] SJTE
[07:13:41] [237/324] DESC
[07:13:42] [238/324] JHVN
[07:13:42] [239/324] IPSG
[07:13:43] [240/324] IPCM
[07:13:44] [241/324] PDRS
[07:13:45] [242/324] ANCV
[07:13:45] [243/324] CMVV
[07:13:46] [244/324] SHYP
[07:13:47] [245/324] DNCS
[07:13:48] [246/324] GAJK
[07:13:50] [247/324] AKTN
[07:13:51] [248/324] KAYA
[07:13:51] [249/324] SBRC
[07:13:53] [250/324] CHTP
[07:13:54] [251/324] SHRT
[07:13:55] [252/324] BCKU
[07:13:55] [253/324] FCPS
[07:13:56] [254/324] ARDD
[07:13:57] [255/324] CPCM
[07:13:58] [256/324] CGSM
[07:13:59] [257/324] PSMP
[07:13:59] [258/324] SDAL
[07:14:00] [259/324] RTNB
[07:14:01] [260/324] LMCR
[07:14:02] [261/324] CIMA
[07:14:03] [262/324] RNAS
[07:14:04] [263/324] LITH
[07:14:05] [264/324] PBOX
[07:14:06] [265/324] FRTS
[07:14:06] [266/324] RKIC
[07:14:07] [267/324] PTAI
[07:14:08] [268/324] GCIC
[07:14:09] [269/324] FNAS
[07:14:10] [270/324] SCAR
[07:14:11] [271/324] MTCA
[07:14:12] [272/324] SCTS
[07:14:12] [273/324] SYCS
[07:14:14] [274/324] RDMS
[07:14:15] [275/324] KAMP
[07:14:16] [276/324] ERSD
[07:14:17] [277/324] MJMJ
[07:14:18] [278/324] SRCJ
[07:14:19] [279/324] SCXE
[07:14:20] [280/324] SVFR
[07:14:21] [281/324] BHCS
[07:14:22] [282/324] IMCC
[07:14:22] [283/324] PCBO
[07:14:23] [284/324] PRVN
[07:14:24] [285/324] AUPM
[07:14:25] [286/324] INBW
[07:14:25] [287/324] SVCW
[07:14:26] [288/324] RKCF
[07:14:27] [289/324] UVBH
[07:14:28] [290/324] DNCY
[07:14:29] [291/324] ABCN
[07:14:30] [292/324] PRUR
[07:14:31] [293/324] PFMR
[07:14:32] [294/324] RKCN
[07:14:32] [295/324] CFEA
[07:14:33] [296/324] SDBG
[07:14:34] [297/324] SNAR
[07:14:35] [298/324] YISI
[07:14:36] [299/324] JCFF
[07:14:37] [300/324] VTRK
[07:14:37] [301/324] PCLZ
[07:14:38] [302/324] DIMY
[07:14:39] [303/324] BBTS
[07:14:40] [304/324] GATH
[07:14:41] [305/324] GTMN
[07:14:41] [306/324] VTMH
[07:14:43] [307/324] CCKP
[07:14:45] [308/324] GPKA
[07:14:45] [309/324] MHCL
[07:14:46] [310/324] ATCL
[07:14:47] [311/324] SBCK
[07:14:48] [312/324] AMMR
[07:14:48] [313/324] MADC
[07:14:49] [314/324] TMMA
[07:14:50] [315/324] CACC
[07:14:52] [316/324] CHAL
[07:14:53] [317/324] DURG
[07:14:54] [318/324] GMKU
[07:14:55] [319/324] GECA
[07:14:56] [320/324] KYRR
[07:14:56] [321/324] KSDE
[07:14:57] [322/324] LMCI
[07:14:58] [323/324] NKCP
[07:14:59] [324/324] BGTC
[07:15:00] 🧹 Deduping shows
[07:15:00] ✅ DONE | Shows=143 | Movies=10
[10:53:48] 🚀 SCRIPT STARTED
[10:53:48] [1/324] GCTA
[10:53:49] 🧠 New identity created
[10:53:50] [2/324] TOPN
[10:53:50] [3/324] MCUS
[10:53:51] [4/324] SHRL
[10:53:52] [5/324] UPTP
[10:53:53] [6/324] TMMP
[10:53:54] [7/324] DNRP
[10:53:55] [8/324] SRLT
[10:53:55] [9/324] RCNS
[10:53:56] [10/324] DCBH
[10:53:57] [11/324] NAGJ
[10:53:58] [12/324] JVRC
[10:53:58] [13/324] KRJG
[10:53:59] [14/324] SRTJ
[10:54:00] [15/324] CMXM
[10:54:01] [16/324] STMI
[10:54:02] [17/324] SLST
[10:54:03] [18/324] DTCN
[10:54:03] [19/324] STYN
[10:54:04] [20/324] SZVR
[10:54:05] [21/324] SRKO
[10:54:06] [22/324] JTGT
[10:54:07] [23/324] SVFD
[10:54:08] [24/324] SISD
[10:54:09] [25/324] ABDD
[10:54:10] [26/324] DRCA
[10:54:11] [27/324] AVCS
[10:54:12] [28/324] MVKH
[10:54:13] [29/324] ACPR
[10:54:14] [30/324] STIP
[10:54:15] [31/324] MTRA
[10:54:16] [32/324] RMKH
[10:54:17] [33/324] NKRL
[10:54:17] [34/324] PCWN
[10:54:18] [35/324] BLMT
[10:54:19] [36/324] GDPG
[10:54:20] [37/324] SRMX
[10:54:21] [38/324] JACP
[10:54:23] [39/324] CPSH
[10:54:23] [40/324] MCCD
[10:54:24] [41/324] ECGH
[10:54:25] [42/324] MKCK
[10:54:26] [43/324] SRMM
[10:54:27] [44/324] SKYR
[10:54:28] [45/324] PCKC
[10:54:29] [46/324] JCMA
[10:54:30] [47/324] BSMP
[10:54:31] [48/324] VSPA
[10:54:32] [49/324] DJYA
[10:54:33] [50/324] DIMP
[10:54:34] [51/324] FXDR
[10:54:35] [52/324] SSRC
[10:54:36] [53/324] STHP
[10:54:37] [54/324] CPPD
[10:54:37] [55/324] FCLK
[10:54:38] [56/324] SCPP
[10:54:39] [57/324] DCMJ
[10:54:40] [58/324] RCCR
[10:54:41] [59/324] INMT
[10:54:42] [60/324] LXTK
[10:54:43] [61/324] SRYK
[10:54:44] [62/324] SGDK
[10:54:45] [63/324] PPKA
[10:54:45] [64/324] SPKA
[10:54:46] [65/324] CGHH
[10:54:47] [66/324] DCJN
[10:54:48] [67/324] SRKV
[10:54:49] [68/324] SAJC
[10:54:50] [69/324] SUSR
[10:54:50] [70/324] STYG
[10:54:51] [71/324] NTKP
[10:54:52] [72/324] AKTG
[10:54:53] [73/324] CGCM
[10:54:54] [74/324] TULC
[10:54:55] [75/324] NYYZ
[10:54:56] [76/324] NYBW
[10:54:57] [77/324] MACB
[10:54:58] [78/324] SLVT
[10:54:58] [79/324] SANA
[10:54:59] [80/324] ACMR
[10:55:00] [81/324] CPKN
[10:55:01] [82/324] DLGK
[10:55:02] [83/324] CWCK
[10:55:03] [84/324] FDDH
[10:55:04] [85/324] MMMD
[10:55:04] [86/324] CMEH
[10:55:05] [87/324] GGGV
[10:55:06] [88/324] SPJL
[10:55:07] [89/324] RCCD
[10:55:08] [90/324] STTZ
[10:55:09] [91/324] BTCF
[10:55:10] [92/324] TSTZ
[10:55:11] [93/324] IPMM
[10:55:11] [94/324] PMPW
[10:55:13] [95/324] PCMZ
[10:55:14] [96/324] ESEM
[10:55:15] [97/324] PIPO
[10:55:16] [98/324] MATK
[10:55:17] [99/324] PGHM
[10:55:19] [100/324] CTSR
[10:55:19] [101/324] CYKR
[10:55:20] [102/324] MSCM
[10:55:21] [103/324] RFNP
[10:55:22] [104/324] PDCP
[10:55:23] [105/324] NPSE
[10:55:24] [106/324] MKML
[10:55:25] [107/324] FTDP
[10:55:26] [108/324] MMXA
[10:55:27] [109/324] CEPO
[10:55:28] [110/324] CMVP
[10:55:28] [111/324] SGTH
[10:55:29] [112/324] SAYN
[10:55:30] [113/324] URVS
[10:55:31] [114/324] VJTN
[10:55:32] [115/324] BBYK
[10:55:33] [116/324] SHBO
[10:55:33] [117/324] VCMR
[10:55:34] [118/324] MACT
[10:55:35] [119/324] JMNP
[10:55:36] [120/324] VICS
[10:55:37] [121/324] VCDA
[10:55:38] [122/324] GCMM
[10:55:39] [123/324] INVS
[10:55:39] [124/324] SCGM
[10:55:40] [125/324] PCDA
[10:55:41] [126/324] KDCT
[10:55:42] [127/324] JACS
[10:55:43] [128/324] GMMC
[10:55:44] [129/324] AICM
[10:55:45] [130/324] TJCM
[10:55:46] [131/324] RMTI
[10:55:47] [132/324] SHAC
[10:55:48] [133/324] APJC
[10:55:48] [134/324] GCTG
[10:55:50] [135/324] SSMC
[10:55:51] [136/324] THRM
[10:55:52] [137/324] RBCT
[10:55:53] [138/324] DIKT
[10:55:54] [139/324] MIDL
[10:55:55] [140/324] VCSN
[10:55:56] [141/324] SKTG
[10:55:58] [142/324] SMWC
[10:55:59] [143/324] MNKH
[10:56:00] [144/324] PIAT
[10:56:01] [145/324] LTTP
[10:56:01] [146/324] PTPU
[10:56:02] [147/324] ACMG
[10:56:03] [148/324] SHMM
[10:56:04] [149/324] MCMN
[10:56:04] [150/324] GLDC
[10:56:06] [151/324] HOUT
[10:56:08] [152/324] SVRP
[10:56:09] [153/324] PVDN
[10:56:09] [154/324] SCPY
[10:56:10] [155/324] DTPY
[10:56:11] [156/324] GKCS
[10:56:12] [157/324] NCAM
[10:56:13] [158/324] BSRM
[10:56:14] [159/324] RCLC
[10:56:14] [160/324] SKKD
[10:56:15] [161/324] ACHU
[10:56:17] [162/324] RSCF
[10:56:17] [163/324] IMSH
[10:56:18] [164/324] MACX
[10:56:19] [165/324] HMMW
[10:56:20] [166/324] JTCP
[10:56:21] [167/324] SREN
[10:56:22] [168/324] PJRR
[10:56:23] [169/324] INAC
[10:56:23] [170/324] BMCA
[10:56:25] [171/324] SHCB
[10:56:26] [172/324] GABA
[10:56:27] [173/324] SBCT
[10:56:29] [174/324] GCMA
[10:56:30] [175/324] MYTK
[10:56:30] [176/324] INZS
[10:56:31] [177/324] RMIK
[10:56:32] [178/324] NYCH
[10:56:33] [179/324] RAVE
[10:56:34] [180/324] PSXM
[10:56:35] [181/324] MCGP
[10:56:36] [182/324] PDDK
[10:56:37] [183/324] SPCK
[10:56:38] [184/324] MCRL
[10:56:39] [185/324] MHKT
[10:56:40] [186/324] ANRR
[10:56:40] [187/324] SAPK
[10:56:42] [188/324] NCUK
[10:56:43] [189/324] JUGA
[10:56:45] [190/324] DBSC
[10:56:46] [191/324] LALK
[10:56:47] [192/324] GUCK
[10:56:48] [193/324] STSG
[10:56:49] [194/324] PPPZ
[10:56:50] [195/324] CNCY
[10:56:51] [196/324] MTAR
[10:56:52] [197/324] VNKD
[10:56:53] [198/324] KMAJ
[10:56:53] [199/324] ACXK
[10:56:54] [200/324] UTKC
[10:56:55] [201/324] PBLK
[10:56:56] [202/324] ACBX
[10:56:57] [203/324] PTGM
[10:56:58] [204/324] BTDA
[10:56:59] [205/324] PJMB
[10:57:00] [206/324] TPDA
[10:57:01] [207/324] AMOE
[10:57:02] [208/324] PRHT
[10:57:03] [209/324] PRTA
[10:57:03] [210/324] STAM
[10:57:04] [211/324] MSAA
[10:57:05] [212/324] SDLU
[10:57:06] [213/324] RCHH
[10:57:07] [214/324] KANT
[10:57:08] [215/324] FCRT
[10:57:09] [216/324] DNKM
[10:57:10] [217/324] RYCP
[10:57:11] [218/324] MYRP
[10:57:12] [219/324] PPAK
[10:57:13] [220/324] NVPK
[10:57:14] [221/324] PRMC
[10:57:15] [222/324] JBCS
[10:57:16] [223/324] GXCK
[10:57:17] [224/324] USKO
[10:57:18] [225/324] GTEM
[10:57:19] [226/324] SMBU
[10:57:20] [227/324] VETC
[10:57:20] [228/324] LCDA
[10:57:21] [229/324] MTVT
[10:57:22] [230/324] PYCP
[10:57:23] [231/324] PNSC
[10:57:24] [232/324] PPCC
[10:57:25] [233/324] TGRT
[10:57:26] [234/324] JYOT
[10:57:26] [235/324] SRCZ
[10:57:27] [236/324] SJTE
[10:57:28] [237/324] DESC
[10:57:30] [238/324] JHVN
[10:57:31] [239/324] IPSG
[10:57:32] [240/324] IPCM
[10:57:33] [241/324] PDRS
[10:57:34] [242/324] ANCV
[10:57:35] [243/324] CMVV
[10:57:35] [244/324] SHYP
[10:57:36] [245/324] DNCS
[10:57:37] [246/324] GAJK
[10:57:38] [247/324] AKTN
[10:57:39] [248/324] KAYA
[10:57:40] [249/324] SBRC
[10:57:40] [250/324] CHTP
[10:57:41] [251/324] SHRT
[10:57:42] [252/324] BCKU
[10:57:43] [253/324] FCPS
[10:57:44] [254/324] ARDD
[10:57:45] [255/324] CPCM
[10:57:46] [256/324] CGSM
[10:57:47] [257/324] PSMP
[10:57:48] [258/324] SDAL
[10:57:49] [259/324] RTNB
[10:57:49] [260/324] LMCR
[10:57:50] [261/324] CIMA
[10:57:51] [262/324] RNAS
[10:57:52] [263/324] LITH
[10:57:53] [264/324] PBOX
[10:57:53] [265/324] FRTS
[10:57:54] [266/324] RKIC
[10:57:55] [267/324] PTAI
[10:57:56] [268/324] GCIC
[10:57:57] [269/324] FNAS
[10:57:58] [270/324] SCAR
[10:57:59] [271/324] MTCA
[10:58:00] [272/324] SCTS
[10:58:02] [273/324] SYCS
[10:58:03] [274/324] RDMS
[10:58:04] [275/324] KAMP
[10:58:04] [276/324] ERSD
[10:58:05] [277/324] MJMJ
[10:58:06] [278/324] SRCJ
[10:58:07] [279/324] SCXE
[10:58:08] [280/324] SVFR
[10:58:09] [281/324] BHCS
[10:58:10] [282/324] IMCC
[10:58:11] [283/324] PCBO
[10:58:12] [284/324] PRVN
[10:58:13] [285/324] AUPM
[10:58:13] [286/324] INBW
[10:58:14] [287/324] SVCW
[10:58:15] [288/324] RKCF
[10:58:16] [289/324] UVBH
[10:58:17] [290/324] DNCY
[10:58:18] [291/324] ABCN
[10:58:20] [292/324] PRUR
[10:58:21] [293/324] PFMR
[10:58:21] [294/324] RKCN
[10:58:22] [295/324] CFEA
[10:58:23] [296/324] SDBG
[10:58:24] [297/324] SNAR
[10:58:25] [298/324] YISI
[10:58:26] [299/324] JCFF
[10:58:27] [300/324] VTRK
[10:58:27] [301/324] PCLZ
[10:58:28] [302/324] DIMY
[10:58:30] [303/324] BBTS
[10:58:31] [304/324] GATH
[10:58:32] [305/324] GTMN
[10:58:33] [306/324] VTMH
[10:58:33] [307/324] CCKP
[10:58:34] [308/324] GPKA
[10:58:36] [309/324] MHCL
[10:58:37] [310/324] ATCL
[10:58:37] [311/324] SBCK
[10:58:38] [312/324] AMMR
[10:58:39] [313/324] MADC
[10:58:40] [314/324] TMMA
[10:58:41] [315/324] CACC
[10:58:42] [316/324] CHAL
[10:58:42] [317/324] DURG
[10:58:43] [318/324] GMKU
[10:58:44] [319/324] GECA
[10:58:45] [320/324] KYRR
[10:58:46] [321/324] KSDE
[10:58:47] [322/324] LMCI
[10:58:48] [323/324] NKCP
[10:58:49] [324/324] BGTC
[10:58:50] 🧹 Deduping shows
[10:58:50] ✅ DONE | Shows=155 | Movies=12
[18:12:41] 🚀 SCRIPT STARTED
[18:12:41] [1/324] GCTA
[18:12:41] 🧠 New identity created
[18:12:42] [2/324] TOPN
[18:12:42] [3/324] MCUS
[18:12:43] [4/324] SHRL
[18:12:44] [5/324] UPTP
[18:12:45] [6/324] TMMP
[18:12:46] [7/324] DNRP
[18:12:47] [8/324] SRLT
[18:12:48] [9/324] RCNS
[18:12:49] [10/324] DCBH
[18:12:50] [11/324] NAGJ
[18:12:51] [12/324] JVRC
[18:12:52] [13/324] KRJG
[18:12:53] [14/324] SRTJ
[18:12:54] [15/324] CMXM
[18:12:55] [16/324] STMI
[18:12:56] [17/324] SLST
[18:12:57] [18/324] DTCN
[18:12:58] [19/324] STYN
[18:12:59] [20/324] SZVR
[18:13:00] [21/324] SRKO
[18:13:01] [22/324] JTGT
[18:13:02] [23/324] SVFD
[18:13:02] [24/324] SISD
[18:13:04] [25/324] ABDD
[18:13:04] [26/324] DRCA
[18:13:05] [27/324] AVCS
[18:13:06] [28/324] MVKH
[18:13:07] [29/324] ACPR
[18:13:08] [30/324] STIP
[18:13:09] [31/324] MTRA
[18:13:10] [32/324] RMKH
[18:13:12] [33/324] NKRL
[18:13:14] [34/324] PCWN
[18:13:14] [35/324] BLMT
[18:13:15] [36/324] GDPG
[18:13:17] [37/324] SRMX
[18:13:18] [38/324] JACP
[18:13:19] [39/324] CPSH
[18:13:21] [40/324] MCCD
[18:13:22] [41/324] ECGH
[18:13:23] [42/324] MKCK
[18:13:24] [43/324] SRMM
[18:13:25] [44/324] SKYR
[18:13:26] [45/324] PCKC
[18:13:26] [46/324] JCMA
[18:13:27] [47/324] BSMP
[18:13:28] [48/324] VSPA
[18:13:29] [49/324] DJYA
[18:13:30] [50/324] DIMP
[18:13:31] [51/324] FXDR
[18:13:32] [52/324] SSRC
[18:13:33] [53/324] STHP
[18:13:34] [54/324] CPPD
[18:13:35] [55/324] FCLK
[18:13:36] [56/324] SCPP
[18:13:37] [57/324] DCMJ
[18:13:38] [58/324] RCCR
[18:13:39] [59/324] INMT
[18:13:40] [60/324] LXTK
[18:13:41] [61/324] SRYK
[18:13:42] [62/324] SGDK
[18:13:43] [63/324] PPKA
[18:13:43] [64/324] SPKA
[18:13:44] [65/324] CGHH
[18:13:45] [66/324] DCJN
[18:13:46] [67/324] SRKV
[18:13:46] [68/324] SAJC
[18:13:47] [69/324] SUSR
[18:13:48] [70/324] STYG
[18:13:49] [71/324] NTKP
[18:13:50] [72/324] AKTG
[18:13:51] [73/324] CGCM
[18:13:52] [74/324] TULC
[18:13:53] [75/324] NYYZ
[18:13:54] [76/324] NYBW
[18:13:55] [77/324] MACB
[18:13:56] [78/324] SLVT
[18:13:57] [79/324] SANA
[18:13:58] [80/324] ACMR
[18:13:58] [81/324] CPKN
[18:13:59] [82/324] DLGK
[18:14:00] [83/324] CWCK
[18:14:01] [84/324] FDDH
[18:14:02] [85/324] MMMD
[18:14:04] [86/324] CMEH
[18:14:05] [87/324] GGGV
[18:14:06] [88/324] SPJL
[18:14:06] [89/324] RCCD
[18:14:07] [90/324] STTZ
[18:14:09] [91/324] BTCF
[18:14:10] [92/324] TSTZ
[18:14:11] [93/324] IPMM
[18:14:12] [94/324] PMPW
[18:14:13] [95/324] PCMZ
[18:14:13] [96/324] ESEM
[18:14:14] [97/324] PIPO
[18:14:15] [98/324] MATK
[18:14:17] [99/324] PGHM
[18:14:18] [100/324] CTSR
[18:14:19] [101/324] CYKR
[18:14:19] [102/324] MSCM
[18:14:20] [103/324] RFNP
[18:14:21] [104/324] PDCP
[18:14:22] [105/324] NPSE
[18:14:24] [106/324] MKML
[18:14:25] [107/324] FTDP
[18:14:25] [108/324] MMXA
[18:14:26] [109/324] CEPO
[18:14:27] [110/324] CMVP
[18:14:28] [111/324] SGTH
[18:14:29] [112/324] SAYN
[18:14:30] [113/324] URVS
[18:14:31] [114/324] VJTN
[18:14:32] [115/324] BBYK
[18:14:34] [116/324] SHBO
[18:14:34] [117/324] VCMR
[18:14:35] [118/324] MACT
[18:14:37] [119/324] JMNP
[18:14:38] [120/324] VICS
[18:14:39] [121/324] VCDA
[18:14:39] [122/324] GCMM
[18:14:40] [123/324] INVS
[18:14:41] [124/324] SCGM
[18:14:42] [125/324] PCDA
[18:14:44] [126/324] KDCT
[18:14:45] [127/324] JACS
[18:14:45] [128/324] GMMC
[18:14:46] [129/324] AICM
[18:14:47] [130/324] TJCM
[18:14:48] [131/324] RMTI
[18:14:49] [132/324] SHAC
[18:14:49] [133/324] APJC
[18:14:50] [134/324] GCTG
[18:14:51] [135/324] SSMC
[18:14:52] [136/324] THRM
[18:14:53] [137/324] RBCT
[18:14:54] [138/324] DIKT
[18:14:55] [139/324] MIDL
[18:14:56] [140/324] VCSN
[18:14:57] [141/324] SKTG
[18:14:58] [142/324] SMWC
[18:14:59] [143/324] MNKH
[18:14:59] [144/324] PIAT
[18:15:00] [145/324] LTTP
[18:15:01] [146/324] PTPU
[18:15:02] [147/324] ACMG
[18:15:03] [148/324] SHMM
[18:15:03] [149/324] MCMN
[18:15:05] [150/324] GLDC
[18:15:05] [151/324] HOUT
[18:15:07] [152/324] SVRP
[18:15:08] [153/324] PVDN
[18:15:09] [154/324] SCPY
[18:15:10] [155/324] DTPY
[18:15:10] [156/324] GKCS
[18:15:11] [157/324] NCAM
[18:15:12] [158/324] BSRM
[18:15:13] [159/324] RCLC
[18:15:14] [160/324] SKKD
[18:15:15] [161/324] ACHU
[18:15:17] [162/324] RSCF
[18:15:18] [163/324] IMSH
[18:15:18] [164/324] MACX
[18:15:20] [165/324] HMMW
[18:15:21] [166/324] JTCP
[18:15:22] [167/324] SREN
[18:15:23] [168/324] PJRR
[18:15:24] [169/324] INAC
[18:15:25] [170/324] BMCA
[18:15:26] [171/324] SHCB
[18:15:27] [172/324] GABA
[18:15:28] [173/324] SBCT
[18:15:29] [174/324] GCMA
[18:15:30] [175/324] MYTK
[18:15:30] [176/324] INZS
[18:15:31] [177/324] RMIK
[18:15:32] [178/324] NYCH
[18:15:33] [179/324] RAVE
[18:15:35] [180/324] PSXM
[18:15:35] [181/324] MCGP
[18:15:36] [182/324] PDDK
[18:15:38] [183/324] SPCK
[18:15:40] [184/324] MCRL
[18:15:41] [185/324] MHKT
[18:15:41] [186/324] ANRR
[18:15:42] [187/324] SAPK
[18:15:43] [188/324] NCUK
[18:15:44] [189/324] JUGA
[18:15:45] [190/324] DBSC
[18:15:46] [191/324] LALK
[18:15:47] [192/324] GUCK
[18:15:48] [193/324] STSG
[18:15:48] [194/324] PPPZ
[18:15:49] [195/324] CNCY
[18:15:50] [196/324] MTAR
[18:15:53] [197/324] VNKD
[18:15:54] [198/324] KMAJ
[18:15:56] [199/324] ACXK
[18:15:56] [200/324] UTKC
[18:15:57] [201/324] PBLK
[18:15:58] [202/324] ACBX
[18:16:00] [203/324] PTGM
[18:16:01] [204/324] BTDA
[18:16:01] [205/324] PJMB
[18:16:02] [206/324] TPDA
[18:16:03] [207/324] AMOE
[18:16:04] [208/324] PRHT
[18:16:06] [209/324] PRTA
[18:16:06] [210/324] STAM
[18:16:07] [211/324] MSAA
[18:16:08] [212/324] SDLU
[18:16:09] [213/324] RCHH
[18:16:10] [214/324] KANT
[18:16:11] [215/324] FCRT
[18:16:12] [216/324] DNKM
[18:16:12] [217/324] RYCP
[18:16:13] [218/324] MYRP
[18:16:14] [219/324] PPAK
[18:16:15] [220/324] NVPK
[18:16:16] [221/324] PRMC
[18:16:17] [222/324] JBCS
[18:16:18] [223/324] GXCK
[18:16:18] [224/324] USKO
[18:16:19] [225/324] GTEM
[18:16:20] [226/324] SMBU
[18:16:21] [227/324] VETC
[18:16:22] [228/324] LCDA
[18:16:23] [229/324] MTVT
[18:16:24] [230/324] PYCP
[18:16:25] [231/324] PNSC
[18:16:25] [232/324] PPCC
[18:16:27] [233/324] TGRT
[18:16:28] [234/324] JYOT
[18:16:29] [235/324] SRCZ
[18:16:30] [236/324] SJTE
[18:16:31] [237/324] DESC
[18:16:32] [238/324] JHVN
[18:16:32] [239/324] IPSG
[18:16:33] [240/324] IPCM
[18:16:34] [241/324] PDRS
[18:16:35] [242/324] ANCV
[18:16:36] [243/324] CMVV
[18:16:38] [244/324] SHYP
[18:16:39] [245/324] DNCS
[18:16:40] [246/324] GAJK
[18:16:40] [247/324] AKTN
[18:16:42] [248/324] KAYA
[18:16:42] [249/324] SBRC
[18:16:44] [250/324] CHTP
[18:16:45] [251/324] SHRT
[18:16:46] [252/324] BCKU
[18:16:47] [253/324] FCPS
[18:16:48] [254/324] ARDD
[18:16:49] [255/324] CPCM
[18:16:50] [256/324] CGSM
[18:16:50] [257/324] PSMP
[18:16:51] [258/324] SDAL
[18:16:52] [259/324] RTNB
[18:16:53] [260/324] LMCR
[18:16:53] [261/324] CIMA
[18:16:54] [262/324] RNAS
[18:16:55] [263/324] LITH
[18:16:56] [264/324] PBOX
[18:16:57] [265/324] FRTS
[18:16:58] [266/324] RKIC
[18:16:59] [267/324] PTAI
[18:17:00] [268/324] GCIC
[18:17:00] [269/324] FNAS
[18:17:01] [270/324] SCAR
[18:17:02] [271/324] MTCA
[18:17:03] [272/324] SCTS
[18:17:04] [273/324] SYCS
[18:17:05] [274/324] RDMS
[18:17:06] [275/324] KAMP
[18:17:07] [276/324] ERSD
[18:17:07] [277/324] MJMJ
[18:17:08] [278/324] SRCJ
[18:17:09] [279/324] SCXE
[18:17:10] [280/324] SVFR
[18:17:11] [281/324] BHCS
[18:17:11] [282/324] IMCC
[18:17:12] [283/324] PCBO
[18:17:13] [284/324] PRVN
[18:17:14] [285/324] AUPM
[18:17:15] [286/324] INBW
[18:17:16] [287/324] SVCW
[18:17:17] [288/324] RKCF
[18:17:18] [289/324] UVBH
[18:17:19] [290/324] DNCY
[18:17:21] [291/324] ABCN
[18:17:22] [292/324] PRUR
[18:17:22] [293/324] PFMR
[18:17:23] [294/324] RKCN
[18:17:24] [295/324] CFEA
[18:17:25] [296/324] SDBG
[18:17:26] [297/324] SNAR
[18:17:27] [298/324] YISI
[18:17:28] [299/324] JCFF
[18:17:29] [300/324] VTRK
[18:17:30] [301/324] PCLZ
[18:17:30] [302/324] DIMY
[18:17:31] [303/324] BBTS
[18:17:32] [304/324] GATH
[18:17:33] [305/324] GTMN
[18:17:34] [306/324] VTMH
[18:17:35] [307/324] CCKP
[18:17:36] [308/324] GPKA
[18:17:36] [309/324] MHCL
[18:17:37] [310/324] ATCL
[18:17:38] [311/324] SBCK
[18:17:39] [312/324] AMMR
[18:17:40] [313/324] MADC
[18:17:41] [314/324] TMMA
[18:17:42] [315/324] CACC
[18:17:43] [316/324] CHAL
[18:17:44] [317/324] DURG
[18:17:45] [318/324] GMKU
[18:17:46] [319/324] GECA
[18:17:47] [320/324] KYRR
[18:17:47] [321/324] KSDE
[18:17:48] [322/324] LMCI
[18:17:49] [323/324] NKCP
[18:17:50] [324/324] BGTC
[18:17:52] 🧹 Deduping shows
[18:17:52] ✅ DONE | Shows=265 | Movies=18
