[10:19:41] 🚀 SCRIPT STARTED
[10:19:41] [1/445] TGMR
[10:19:42] 🧠 New identity created
[10:19:42] [2/445] CXKR
[10:19:43] [3/445] SROP
[10:19:43] [4/445] GTSV
[10:19:44] [5/445] SNTY
[10:19:44] [6/445] SMYY
[10:19:45] [7/445] CNCS
[10:19:46] [8/445] CSTM
[10:19:46] [9/445] NUCD
[10:19:47] [10/445] SHCZ
[10:19:47] [11/445] NJCT
[10:19:48] [12/445] COPC
[10:19:49] [13/445] STVV
[10:19:49] [14/445] SKRN
[10:19:50] [15/445] APPZ
[10:19:50] [16/445] YMGN
[10:19:51] [17/445] SVTU
[10:19:52] [18/445] GTAD
[10:19:52] [19/445] PSUS
[10:19:53] [20/445] SMCD
[10:19:53] [21/445] CMCM
[10:19:54] [22/445] SYCT
[10:19:54] [23/445] STLY
[10:19:55] [24/445] CMHU
[10:19:56] [25/445] CMSA
[10:19:56] [26/445] CLCU
[10:19:57] [27/445] PPNT
[10:19:58] [28/445] JTAB
[10:19:58] [29/445] BUUC
[10:19:59] [30/445] BSVK
[10:20:00] [31/445] VVVQ
[10:20:00] [32/445] TKMU
[10:20:01] [33/445] ESYL
[10:20:01] [34/445] ACHP
[10:20:02] [35/445] BTKD
[10:20:02] [36/445] DESA
[10:20:03] [37/445] GBCT
[10:20:04] [38/445] BLLD
[10:20:04] [39/445] SKNT
[10:20:05] [40/445] SSTE
[10:20:05] [41/445] VJMR
[10:20:06] [42/445] NTPU
[10:20:06] [43/445] RDKN
[10:20:07] [44/445] ADGC
[10:20:08] [45/445] VRBP
[10:20:08] [46/445] NMNA
[10:20:09] [47/445] CMMX
[10:20:10] [48/445] PTKO
[10:20:10] [49/445] RBML
[10:20:11] [50/445] SAIC
[10:20:12] [51/445] SVTJ
[10:20:12] [52/445] MRTE
[10:20:13] [53/445] RBTP
[10:20:14] [54/445] NLPS
[10:20:14] [55/445] GTNA
[10:20:15] [56/445] DGGC
[10:20:15] [57/445] SMCR
[10:20:16] [58/445] SCGD
[10:20:17] [59/445] SRRJ
[10:20:17] [60/445] CNRY
[10:20:18] [61/445] KTDI
[10:20:18] [62/445] SNJL
[10:20:19] [63/445] RKMD
[10:20:20] [64/445] SMDC
[10:20:20] [65/445] TADG
[10:20:21] [66/445] MCGS
[10:20:21] [67/445] PETK
[10:20:22] [68/445] CHAG
[10:20:22] [69/445] KSTL
[10:20:23] [70/445] AADS
[10:20:23] [71/445] NTHZ
[10:20:24] [72/445] HCKI
[10:20:24] [73/445] SSEF
[10:20:25] [74/445] MCGX
[10:20:25] [75/445] ERRA
[10:20:26] [76/445] SDTW
[10:20:26] [77/445] RMPK
[10:20:27] [78/445] PTHK
[10:20:27] [79/445] PXCS
[10:20:28] [80/445] SVLU
[10:20:28] [81/445] STAH
[10:20:29] [82/445] JRGF
[10:20:30] [83/445] CDOK
[10:20:30] [84/445] CMSG
[10:20:31] [85/445] APTD
[10:20:31] [86/445] KMPG
[10:20:32] [87/445] MUTJ
[10:20:33] [88/445] VCCI
[10:20:33] [89/445] URBE
[10:20:34] [90/445] TCTS
[10:20:34] [91/445] STSN
[10:20:35] [92/445] AKCH
[10:20:35] [93/445] APSC
[10:20:36] [94/445] VLTB
[10:20:37] [95/445] SANU
[10:20:37] [96/445] AXAM
[10:20:38] [97/445] MGMG
[10:20:38] [98/445] HTBY
[10:20:39] [99/445] MMZS
[10:20:39] [100/445] SUDR
[10:20:40] [101/445] CCAD
[10:20:40] [102/445] SKKC
[10:20:41] [103/445] RMCD
[10:20:41] [104/445] SBCQ
[10:20:42] [105/445] DCCT
[10:20:42] [106/445] VTKP
[10:20:43] [107/445] MLAM
[10:20:43] [108/445] SAVT
[10:20:44] [109/445] GEPL
[10:20:45] [110/445] AMCD
[10:20:45] [111/445] CCXR
[10:20:46] [112/445] GRNG
[10:20:46] [113/445] EBCA
[10:20:47] [114/445] CNVG
[10:20:47] [115/445] MWSS
[10:20:48] [116/445] VBOR
[10:20:48] [117/445] NEEB
[10:20:49] [118/445] SUTH
[10:20:50] [119/445] ANDB
[10:20:50] [120/445] MMXS
[10:20:51] [121/445] CNPD
[10:20:51] [122/445] SDCE
[10:20:51] [123/445] DHCB
[10:20:52] [124/445] ODEN
[10:20:53] [125/445] TNTC
[10:20:53] [126/445] VBKM
[10:20:54] [127/445] RZYM
[10:20:54] [128/445] JEMC
[10:20:55] [129/445] CMAU
[10:20:55] [130/445] SIVP
[10:20:56] [131/445] ATAG
[10:20:56] [132/445] CHTM
[10:20:57] [133/445] AAEE
[10:20:58] [134/445] IWPM
[10:20:58] [135/445] KCMW
[10:20:59] [136/445] MCTD
[10:20:59] [137/445] SPWR
[10:21:00] [138/445] SDPO
[10:21:00] [139/445] PCSK
[10:21:01] [140/445] ACHV
[10:21:01] [141/445] SVLA
[10:21:02] [142/445] PICT
[10:21:02] [143/445] BXDR
[10:21:03] [144/445] SPWA
[10:21:03] [145/445] MCKO
[10:21:04] [146/445] RTHK
[10:21:05] [147/445] CCMF
[10:21:05] [148/445] MRGB
[10:21:06] [149/445] CPLC
[10:21:06] [150/445] RACD
[10:21:07] [151/445] ATKT
[10:21:07] [152/445] SARN
[10:21:08] [153/445] KKUI
[10:21:08] [154/445] RGCM
[10:21:09] [155/445] BRVP
[10:21:09] [156/445] HRSR
[10:21:10] [157/445] GKGM
[10:21:11] [158/445] TTCD
[10:21:11] [159/445] PTTI
[10:21:12] [160/445] MPTT
[10:21:12] [161/445] CVTT
[10:21:13] [162/445] PCXD
[10:21:14] [163/445] GCDC
[10:21:14] [164/445] CCCF
[10:21:15] [165/445] MRAD
[10:21:15] [166/445] CPLK
[10:21:16] [167/445] SATB
[10:21:16] [168/445] SNVG
[10:21:17] [169/445] JMBA
[10:21:17] [170/445] TEJA
[10:21:18] [171/445] STYO
[10:21:18] [172/445] JTBP
[10:21:19] [173/445] KRGD
[10:21:20] [174/445] SLJJ
[10:21:20] [175/445] SPTJ
[10:21:21] [176/445] SWJG
[10:21:21] [177/445] LKRT
[10:21:22] [178/445] KCKA
[10:21:22] [179/445] SNCR
[10:21:23] [180/445] SMKL
[10:21:24] [181/445] GCFA
[10:21:24] [182/445] DDCK
[10:21:25] [183/445] NCHJ
[10:21:26] [184/445] RDMA
[10:21:26] [185/445] SVSV
[10:21:27] [186/445] SCJG
[10:21:27] [187/445] VKLP
[10:21:28] [188/445] NWCC
[10:21:29] [189/445] VKNS
[10:21:29] [190/445] SDDP
[10:21:30] [191/445] ACSI
[10:21:31] [192/445] SATG
[10:21:31] [193/445] SCMW
[10:21:32] [194/445] LKTK
[10:21:32] [195/445] VCKV
[10:21:33] [196/445] KKPE
[10:21:33] [197/445] KIGH
[10:21:34] [198/445] SRPM
[10:21:34] [199/445] SCAH
[10:21:35] [200/445] MUTA
[10:21:36] [201/445] SEPU
[10:21:36] [202/445] INOA
[10:21:37] [203/445] BASK
[10:21:37] [204/445] NECB
[10:21:38] [205/445] GTTG
[10:21:38] [206/445] ASSA
[10:21:39] [207/445] ANCL
[10:21:39] [208/445] GCTI
[10:21:40] [209/445] RCTS
[10:21:40] [210/445] ACNL
[10:21:41] [211/445] MYCT
[10:21:41] [212/445] NMHT
[10:21:42] [213/445] MDIT
[10:21:42] [214/445] LATG
[10:21:43] [215/445] SMTY
[10:21:44] [216/445] CVCT
[10:21:44] [217/445] RAMB
[10:21:45] [218/445] TGMS
[10:21:45] [219/445] BHEL
[10:21:46] [220/445] SHCT
[10:21:46] [221/445] SVCT
[10:21:47] [222/445] MRIY
[10:21:48] [223/445] SARO
[10:21:48] [224/445] STCT
[10:21:49] [225/445] JKKC
[10:21:49] [226/445] PLTT
[10:21:50] [227/445] SRNT
[10:21:51] [228/445] YAST
[10:21:51] [229/445] PERL
[10:21:52] [230/445] CICM
[10:21:53] [231/445] MMTR
[10:21:53] [232/445] ABTK
[10:21:54] [233/445] ATYY
[10:21:55] [234/445] ASTK
[10:21:55] [235/445] VVCK
[10:21:55] [236/445] ATKY
[10:21:56] [237/445] GWEK
[10:21:57] [238/445] SVFH
[10:21:57] [239/445] SLTA
[10:21:58] [240/445] AASH
[10:21:58] [241/445] ACXB
[10:21:59] [242/445] SMTX
[10:21:59] [243/445] AZDH
[10:22:00] [244/445] CMMH
[10:22:00] [245/445] SCSZ
[10:22:01] [246/445] SCKP
[10:22:01] [247/445] NXTM
[10:22:02] [248/445] NWCS
[10:22:02] [249/445] CXMH
[10:22:03] [250/445] PCMA
[10:22:03] [251/445] SGCM
[10:22:04] [252/445] SDTU
[10:22:05] [253/445] MMVI
[10:22:05] [254/445] JKCM
[10:22:06] [255/445] VCMM
[10:22:06] [256/445] SYEE
[10:22:07] [257/445] VASD
[10:22:07] [258/445] BDRB
[10:22:08] [259/445] LASM
[10:22:09] [260/445] DCRL
[10:22:09] [261/445] DVPM
[10:22:10] [262/445] SBMJ
[10:22:10] [263/445] CBMU
[10:22:11] [264/445] IUBS
[10:22:12] [265/445] INAP
[10:22:12] [266/445] SRRC
[10:22:13] [267/445] SAGR
[10:22:14] [268/445] CPMJ
[10:22:15] [269/445] ATJL
[10:22:15] [270/445] NNTD
[10:22:16] [271/445] JHCJ
[10:22:17] [272/445] CMMP
[10:22:18] [273/445] RSDR
[10:22:19] [274/445] AMTI
[10:22:20] [275/445] NYSG
[10:22:21] [276/445] AVSG
[10:22:22] [277/445] SYTP
[10:22:23] [278/445] LARC
[10:22:24] [279/445] RJTP
[10:22:24] [280/445] LAKC
[10:22:25] [281/445] MCXE
[10:22:26] [282/445] CCZC
[10:22:27] [283/445] AVCH
[10:22:28] [284/445] CMBE
[10:22:30] [285/445] MRRC
[10:22:30] [286/445] PCPY
[10:22:31] [287/445] SRMH
[10:22:32] [288/445] SVGS
[10:22:33] [289/445] PCSE
[10:22:34] [290/445] SVFT
[10:22:34] [291/445] TNZP
[10:22:35] [292/445] ICTP
[10:22:36] [293/445] ACTZ
[10:22:37] [294/445] GTUR
[10:22:38] [295/445] MAFC
[10:22:39] [296/445] MINL
[10:22:40] [297/445] MRCL
[10:22:40] [298/445] RCRP
[10:22:42] [299/445] RFFG
[10:22:43] [300/445] RMAS
[10:22:43] [301/445] INVR
[10:22:44] [302/445] RMAR
[10:22:45] [303/445] CNIS
[10:22:46] [304/445] RHRJ
[10:22:48] [305/445] INXR
[10:22:48] [306/445] VALT
[10:22:49] [307/445] LCSH
[10:22:50] [308/445] CMVS
[10:22:51] [309/445] CNMS
[10:22:52] [310/445] ROOG
[10:22:53] [311/445] ISRM
[10:22:53] [312/445] RCRM
[10:22:55] [313/445] ACJA
[10:22:55] [314/445] RCVS
[10:22:56] [315/445] CPUS
[10:22:57] [316/445] TGCS
[10:22:58] [317/445] RKCJ
[10:22:59] [318/445] MKSB
[10:23:00] [319/445] TCSJ
[10:23:00] [320/445] RMGP
[10:23:01] [321/445] CLLP
[10:23:03] [322/445] RCMV
[10:23:03] [323/445] CCKS
[10:23:04] [324/445] RSRP
[10:23:05] [325/445] APLP
[10:23:05] [326/445] CNVS
[10:23:06] [327/445] RMVY
[10:23:07] [328/445] PGBD
[10:23:09] [329/445] KLMS
[10:23:09] [330/445] RUST
[10:23:10] [331/445] MASM
[10:23:11] [332/445] BACS
[10:23:12] [333/445] BWST
[10:23:13] [334/445] RRFH
[10:23:14] [335/445] SJTM
[10:23:14] [336/445] BEMR
[10:23:15] [337/445] MCGR
[10:23:16] [338/445] SDSK
[10:23:17] [339/445] VBOL
[10:23:18] [340/445] RMGM
[10:23:18] [341/445] NOPL
[10:23:19] [342/445] MKJK
[10:23:20] [343/445] CVRN
[10:23:22] [344/445] MMEN
[10:23:22] [345/445] AMNG
[10:23:23] [346/445] INTM
[10:23:24] [347/445] SLCZ
[10:23:25] [348/445] AMJN
[10:23:25] [349/445] ACJN
[10:23:26] [350/445] AMKN
[10:23:27] [351/445] BTCN
[10:23:28] [352/445] AMBT
[10:23:30] [353/445] PACN
[10:23:31] [354/445] LCNS
[10:23:32] [355/445] PPKC
[10:23:33] [356/445] JYYN
[10:23:34] [357/445] JTNR
[10:23:35] [358/445] GTEE
[10:23:36] [359/445] SRNM
[10:23:37] [360/445] SDTC
[10:23:38] [361/445] VPCA
[10:23:39] [362/445] VLRA
[10:23:40] [363/445] SHKR
[10:23:41] [364/445] SBKD
[10:23:42] [365/445] SAAD
[10:23:44] [366/445] JTGN
[10:23:44] [367/445] SLAM
[10:23:45] [368/445] VTPM
[10:23:46] [369/445] ANPT
[10:23:46] [370/445] PUNB
[10:23:47] [371/445] CPKT
[10:23:48] [372/445] CNWE
[10:23:49] [373/445] ECPP
[10:23:51] [374/445] CPAR
[10:23:52] [375/445] ESBW
[10:23:52] [376/445] PKPU
[10:23:53] [377/445] CPRP
[10:23:54] [378/445] RAHU
[10:23:55] [379/445] RHMN
[10:23:56] [380/445] FMJP
[10:23:57] [381/445] CTMP
[10:23:58] [382/445] INPN
[10:23:59] [383/445] STTG
[10:23:59] [384/445] CTRD
[10:24:00] [385/445] PUVB
[10:24:01] [386/445] ESVP
[10:24:02] [387/445] CPFT
[10:24:03] [388/445] LCPC
[10:24:04] [389/445] VBCT
[10:24:05] [390/445] FSCW
[10:24:06] [391/445] VCMP
[10:24:07] [392/445] ASHC
[10:24:08] [393/445] VLCX
[10:24:09] [394/445] SHEV
[10:24:10] [395/445] APCO
[10:24:11] [396/445] SILC
[10:24:12] [397/445] SNMR
[10:24:13] [398/445] KYBO
[10:24:14] [399/445] SATK
[10:24:15] [400/445] SSCS
[10:24:16] [401/445] CLSB
[10:24:17] [402/445] KMJR
[10:24:18] [403/445] FSCK
[10:24:19] [404/445] NNKA
[10:24:20] [405/445] CLMK
[10:24:21] [406/445] DMPZ
[10:24:22] [407/445] INQM
[10:24:23] [408/445] CAML
[10:24:24] [409/445] INRK
[10:24:25] [410/445] IMKN
[10:24:25] [411/445] SVNR
[10:24:26] [412/445] INSL
[10:24:27] [413/445] MSMA
[10:24:28] [414/445] MCKK
[10:24:29] [415/445] FCHP
[10:24:30] [416/445] SFCR
[10:24:31] [417/445] NACK
[10:24:32] [418/445] PVAK
[10:24:32] [419/445] INER
[10:24:33] [420/445] RDBK
[10:24:34] [421/445] SVFN
[10:24:35] [422/445] IFRM
[10:24:36] [423/445] ATCK
[10:24:37] [424/445] ASKO
[10:24:38] [425/445] STKT
[10:24:40] [426/445] SVFB
[10:24:41] [427/445] INKS
[10:24:41] [428/445] PCRA
[10:24:43] [429/445] ATJA
[10:24:44] [430/445] IMJN
[10:24:45] [431/445] INHD
[10:24:45] [432/445] BARA
[10:24:46] [433/445] MCSL
[10:24:47] [434/445] RTOY
[10:24:48] [435/445] MENO
[10:24:49] [436/445] PUDM
[10:24:50] [437/445] PRCN
[10:24:51] [438/445] JMJR
[10:24:52] [439/445] SSGK
[10:24:53] [440/445] SSRL
[10:24:53] [441/445] JYKL
[10:24:54] [442/445] ACNB
[10:24:56] [443/445] SONP
[10:24:57] [444/445] EMCI
[10:24:58] [445/445] MRJH
[10:24:58] 🧹 Deduping shows
[10:24:58] ✅ DONE | Shows=313 | Movies=47
[16:49:23] 🚀 SCRIPT STARTED
[16:49:23] [1/445] TGMR
[16:49:23] 🧠 New identity created
[16:49:23] [2/445] CXKR
[16:49:24] [3/445] SROP
[16:49:25] [4/445] GTSV
[16:49:25] [5/445] SNTY
[16:49:26] [6/445] SMYY
[16:49:27] [7/445] CNCS
[16:49:27] [8/445] CSTM
[16:49:28] [9/445] NUCD
[16:49:28] [10/445] SHCZ
[16:49:29] [11/445] NJCT
[16:49:29] [12/445] COPC
[16:49:30] [13/445] STVV
[16:49:31] [14/445] SKRN
[16:49:31] [15/445] APPZ
[16:49:32] [16/445] YMGN
[16:49:32] [17/445] SVTU
[16:49:33] [18/445] GTAD
[16:49:34] [19/445] PSUS
[16:49:34] [20/445] SMCD
[16:49:35] [21/445] CMCM
[16:49:36] [22/445] SYCT
[16:49:36] [23/445] STLY
[16:49:37] [24/445] CMHU
[16:49:37] [25/445] CMSA
[16:49:38] [26/445] CLCU
[16:49:39] [27/445] PPNT
[16:49:39] [28/445] JTAB
[16:49:40] [29/445] BUUC
[16:49:41] [30/445] BSVK
[16:49:41] [31/445] VVVQ
[16:49:42] [32/445] TKMU
[16:49:43] [33/445] ESYL
[16:49:43] [34/445] ACHP
[16:49:44] [35/445] BTKD
[16:49:44] [36/445] DESA
[16:49:45] [37/445] GBCT
[16:49:45] [38/445] BLLD
[16:49:46] [39/445] SKNT
[16:49:47] [40/445] SSTE
[16:49:47] [41/445] VJMR
[16:49:48] [42/445] NTPU
[16:49:49] [43/445] RDKN
[16:49:49] [44/445] ADGC
[16:49:50] [45/445] VRBP
[16:49:51] [46/445] NMNA
[16:49:51] [47/445] CMMX
[16:49:52] [48/445] PTKO
[16:49:52] [49/445] RBML
[16:49:53] [50/445] SAIC
[16:49:53] [51/445] SVTJ
[16:49:54] [52/445] MRTE
[16:49:55] [53/445] RBTP
[16:49:55] [54/445] NLPS
[16:49:56] [55/445] GTNA
[16:49:56] [56/445] DGGC
[16:49:57] [57/445] SMCR
[16:49:58] [58/445] SCGD
[16:49:58] [59/445] SRRJ
[16:49:58] [60/445] CNRY
[16:49:59] [61/445] KTDI
[16:50:00] [62/445] SNJL
[16:50:00] [63/445] RKMD
[16:50:00] [64/445] SMDC
[16:50:01] [65/445] TADG
[16:50:02] [66/445] MCGS
[16:50:02] [67/445] PETK
[16:50:03] [68/445] CHAG
[16:50:04] [69/445] KSTL
[16:50:04] [70/445] AADS
[16:50:05] [71/445] NTHZ
[16:50:06] [72/445] HCKI
[16:50:06] [73/445] SSEF
[16:50:07] [74/445] MCGX
[16:50:07] [75/445] ERRA
[16:50:08] [76/445] SDTW
[16:50:09] [77/445] RMPK
[16:50:10] [78/445] PTHK
[16:50:10] [79/445] PXCS
[16:50:11] [80/445] SVLU
[16:50:12] [81/445] STAH
[16:50:12] [82/445] JRGF
[16:50:13] [83/445] CDOK
[16:50:13] [84/445] CMSG
[16:50:14] [85/445] APTD
[16:50:15] [86/445] KMPG
[16:50:15] [87/445] MUTJ
[16:50:15] [88/445] VCCI
[16:50:16] [89/445] URBE
[16:50:17] [90/445] TCTS
[16:50:17] [91/445] STSN
[16:50:18] [92/445] AKCH
[16:50:19] [93/445] APSC
[16:50:19] [94/445] VLTB
[16:50:20] [95/445] SANU
[16:50:20] [96/445] AXAM
[16:50:21] [97/445] MGMG
[16:50:22] [98/445] HTBY
[16:50:22] [99/445] MMZS
[16:50:23] [100/445] SUDR
[16:50:24] [101/445] CCAD
[16:50:24] [102/445] SKKC
[16:50:25] [103/445] RMCD
[16:50:26] [104/445] SBCQ
[16:50:26] [105/445] DCCT
[16:50:27] [106/445] VTKP
[16:50:28] [107/445] MLAM
[16:50:28] [108/445] SAVT
[16:50:29] [109/445] GEPL
[16:50:30] [110/445] AMCD
[16:50:30] [111/445] CCXR
[16:50:31] [112/445] GRNG
[16:50:31] [113/445] EBCA
[16:50:32] [114/445] CNVG
[16:50:33] [115/445] MWSS
[16:50:33] [116/445] VBOR
[16:50:34] [117/445] NEEB
[16:50:35] [118/445] SUTH
[16:50:35] [119/445] ANDB
[16:50:36] [120/445] MMXS
[16:50:36] [121/445] CNPD
[16:50:37] [122/445] SDCE
[16:50:37] [123/445] DHCB
[16:50:38] [124/445] ODEN
[16:50:39] [125/445] TNTC
[16:50:39] [126/445] VBKM
[16:50:40] [127/445] RZYM
[16:50:41] [128/445] JEMC
[16:50:41] [129/445] CMAU
[16:50:42] [130/445] SIVP
[16:50:42] [131/445] ATAG
[16:50:43] [132/445] CHTM
[16:50:44] [133/445] AAEE
[16:50:44] [134/445] IWPM
[16:50:45] [135/445] KCMW
[16:50:45] [136/445] MCTD
[16:50:46] [137/445] SPWR
[16:50:46] [138/445] SDPO
[16:50:47] [139/445] PCSK
[16:50:48] [140/445] ACHV
[16:50:48] [141/445] SVLA
[16:50:49] [142/445] PICT
[16:50:50] [143/445] BXDR
[16:50:50] [144/445] SPWA
[16:50:51] [145/445] MCKO
[16:50:51] [146/445] RTHK
[16:50:52] [147/445] CCMF
[16:50:53] [148/445] MRGB
[16:50:53] [149/445] CPLC
[16:50:54] [150/445] RACD
[16:50:55] [151/445] ATKT
[16:50:55] [152/445] SARN
[16:50:56] [153/445] KKUI
[16:50:56] [154/445] RGCM
[16:50:57] [155/445] BRVP
[16:50:57] [156/445] HRSR
[16:50:58] [157/445] GKGM
[16:50:58] [158/445] TTCD
[16:50:59] [159/445] PTTI
[16:51:00] [160/445] MPTT
[16:51:00] [161/445] CVTT
[16:51:01] [162/445] PCXD
[16:51:02] [163/445] GCDC
[16:51:02] [164/445] CCCF
[16:51:03] [165/445] MRAD
[16:51:03] [166/445] CPLK
[16:51:04] [167/445] SATB
[16:51:04] [168/445] SNVG
[16:51:05] [169/445] JMBA
[16:51:05] [170/445] TEJA
[16:51:06] [171/445] STYO
[16:51:06] [172/445] JTBP
[16:51:08] [173/445] KRGD
[16:51:08] [174/445] SLJJ
[16:51:09] [175/445] SPTJ
[16:51:10] [176/445] SWJG
[16:51:11] [177/445] LKRT
[16:51:11] [178/445] KCKA
[16:51:13] [179/445] SNCR
[16:51:13] [180/445] SMKL
[16:51:14] [181/445] GCFA
[16:51:15] [182/445] DDCK
[16:51:16] [183/445] NCHJ
[16:51:16] [184/445] RDMA
[16:51:17] [185/445] SVSV
[16:51:18] [186/445] SCJG
[16:51:19] [187/445] VKLP
[16:51:20] [188/445] NWCC
[16:51:21] [189/445] VKNS
[16:51:21] [190/445] SDDP
[16:51:22] [191/445] ACSI
[16:51:23] [192/445] SATG
[16:51:24] [193/445] SCMW
[16:51:25] [194/445] LKTK
[16:51:25] [195/445] VCKV
[16:51:26] [196/445] KKPE
[16:51:27] [197/445] KIGH
[16:51:27] [198/445] SRPM
[16:51:29] [199/445] SCAH
[16:51:30] [200/445] MUTA
[16:51:30] [201/445] SEPU
[16:51:31] [202/445] INOA
[16:51:32] [203/445] BASK
[16:51:33] [204/445] NECB
[16:51:34] [205/445] GTTG
[16:51:34] [206/445] ASSA
[16:51:35] [207/445] ANCL
[16:51:35] [208/445] GCTI
[16:51:36] [209/445] RCTS
[16:51:37] [210/445] ACNL
[16:51:38] [211/445] MYCT
[16:51:39] [212/445] NMHT
[16:51:39] [213/445] MDIT
[16:51:40] [214/445] LATG
[16:51:41] [215/445] SMTY
[16:51:42] [216/445] CVCT
[16:51:43] [217/445] RAMB
[16:51:44] [218/445] TGMS
[16:51:45] [219/445] BHEL
[16:51:46] [220/445] SHCT
[16:51:47] [221/445] SVCT
[16:51:47] [222/445] MRIY
[16:51:48] [223/445] SARO
[16:51:49] [224/445] STCT
[16:51:50] [225/445] JKKC
[16:51:50] [226/445] PLTT
[16:51:51] [227/445] SRNT
[16:51:52] [228/445] YAST
[16:51:53] [229/445] PERL
[16:51:54] [230/445] CICM
[16:51:54] [231/445] MMTR
[16:51:55] [232/445] ABTK
[16:51:56] [233/445] ATYY
[16:51:57] [234/445] ASTK
[16:51:57] [235/445] VVCK
[16:51:58] [236/445] ATKY
[16:51:59] [237/445] GWEK
[16:52:00] [238/445] SVFH
[16:52:01] [239/445] SLTA
[16:52:03] [240/445] AASH
[16:52:03] [241/445] ACXB
[16:52:04] [242/445] SMTX
[16:52:05] [243/445] AZDH
[16:52:06] [244/445] CMMH
[16:52:07] [245/445] SCSZ
[16:52:07] [246/445] SCKP
[16:52:08] [247/445] NXTM
[16:52:09] [248/445] NWCS
[16:52:09] [249/445] CXMH
[16:52:10] [250/445] PCMA
[16:52:11] [251/445] SGCM
[16:52:12] [252/445] SDTU
[16:52:12] [253/445] MMVI
[16:52:13] [254/445] JKCM
[16:52:14] [255/445] VCMM
[16:52:15] [256/445] SYEE
[16:52:16] [257/445] VASD
[16:52:17] [258/445] BDRB
[16:52:17] [259/445] LASM
[16:52:18] [260/445] DCRL
[16:52:19] [261/445] DVPM
[16:52:21] [262/445] SBMJ
[16:52:21] [263/445] CBMU
[16:52:22] [264/445] IUBS
[16:52:24] [265/445] INAP
[16:52:25] [266/445] SRRC
[16:52:25] [267/445] SAGR
[16:52:26] [268/445] CPMJ
[16:52:27] [269/445] ATJL
[16:52:27] [270/445] NNTD
[16:52:28] [271/445] JHCJ
[16:52:29] [272/445] CMMP
[16:52:30] [273/445] RSDR
[16:52:30] [274/445] AMTI
[16:52:31] [275/445] NYSG
[16:52:32] [276/445] AVSG
[16:52:33] [277/445] SYTP
[16:52:33] [278/445] LARC
[16:52:34] [279/445] RJTP
[16:52:35] [280/445] LAKC
[16:52:36] [281/445] MCXE
[16:52:37] [282/445] CCZC
[16:52:38] [283/445] AVCH
[16:52:38] [284/445] CMBE
[16:52:39] [285/445] MRRC
[16:52:40] [286/445] PCPY
[16:52:41] [287/445] SRMH
[16:52:42] [288/445] SVGS
[16:52:43] [289/445] PCSE
[16:52:43] [290/445] SVFT
[16:52:44] [291/445] TNZP
[16:52:45] [292/445] ICTP
[16:52:46] [293/445] ACTZ
[16:52:47] [294/445] GTUR
[16:52:48] [295/445] MAFC
[16:52:48] [296/445] MINL
[16:52:49] [297/445] MRCL
[16:52:50] [298/445] RCRP
[16:52:51] [299/445] RFFG
[16:52:53] [300/445] RMAS
[16:52:53] [301/445] INVR
[16:52:54] [302/445] RMAR
[16:52:55] [303/445] CNIS
[16:52:55] [304/445] RHRJ
[16:52:56] [305/445] INXR
[16:52:57] [306/445] VALT
[16:52:57] [307/445] LCSH
[16:52:58] [308/445] CMVS
[16:53:00] [309/445] CNMS
[16:53:01] [310/445] ROOG
[16:53:02] [311/445] ISRM
[16:53:03] [312/445] RCRM
[16:53:03] [313/445] ACJA
[16:53:04] [314/445] RCVS
[16:53:05] [315/445] CPUS
[16:53:06] [316/445] TGCS
[16:53:07] [317/445] RKCJ
[16:53:08] [318/445] MKSB
[16:53:08] [319/445] TCSJ
[16:53:09] [320/445] RMGP
[16:53:10] [321/445] CLLP
[16:53:11] [322/445] RCMV
[16:53:12] [323/445] CCKS
[16:53:13] [324/445] RSRP
[16:53:13] [325/445] APLP
[16:53:14] [326/445] CNVS
[16:53:15] [327/445] RMVY
[16:53:16] [328/445] PGBD
[16:53:17] [329/445] KLMS
[16:53:18] [330/445] RUST
[16:53:19] [331/445] MASM
[16:53:20] [332/445] BACS
[16:53:21] [333/445] BWST
[16:53:21] [334/445] RRFH
[16:53:23] [335/445] SJTM
[16:53:23] [336/445] BEMR
[16:53:24] [337/445] MCGR
[16:53:25] [338/445] SDSK
[16:53:25] [339/445] VBOL
[16:53:26] [340/445] RMGM
[16:53:27] [341/445] NOPL
[16:53:28] [342/445] MKJK
[16:53:28] [343/445] CVRN
[16:53:29] [344/445] MMEN
[16:53:30] [345/445] AMNG
[16:53:31] [346/445] INTM
[16:53:31] [347/445] SLCZ
[16:53:32] [348/445] AMJN
[16:53:33] [349/445] ACJN
[16:53:34] [350/445] AMKN
[16:53:35] [351/445] BTCN
[16:53:35] [352/445] AMBT
[16:53:36] [353/445] PACN
[16:53:37] [354/445] LCNS
[16:53:38] [355/445] PPKC
[16:53:39] [356/445] JYYN
[16:53:39] [357/445] JTNR
[16:53:40] [358/445] GTEE
[16:53:41] [359/445] SRNM
[16:53:42] [360/445] SDTC
[16:53:43] [361/445] VPCA
[16:53:44] [362/445] VLRA
[16:53:45] [363/445] SHKR
[16:53:46] [364/445] SBKD
[16:53:46] [365/445] SAAD
[16:53:47] [366/445] JTGN
[16:53:47] [367/445] SLAM
[16:53:48] [368/445] VTPM
[16:53:49] [369/445] ANPT
[16:53:50] [370/445] PUNB
[16:53:51] [371/445] CPKT
[16:53:51] [372/445] CNWE
[16:53:52] [373/445] ECPP
[16:53:53] [374/445] CPAR
[16:53:54] [375/445] ESBW
[16:53:55] [376/445] PKPU
[16:53:55] [377/445] CPRP
[16:53:56] [378/445] RAHU
[16:53:57] [379/445] RHMN
[16:53:58] [380/445] FMJP
[16:53:58] [381/445] CTMP
[16:53:59] [382/445] INPN
[16:54:00] [383/445] STTG
[16:54:01] [384/445] CTRD
[16:54:02] [385/445] PUVB
[16:54:03] [386/445] ESVP
[16:54:03] [387/445] CPFT
[16:54:04] [388/445] LCPC
[16:54:05] [389/445] VBCT
[16:54:06] [390/445] FSCW
[16:54:06] [391/445] VCMP
[16:54:07] [392/445] ASHC
[16:54:08] [393/445] VLCX
[16:54:09] [394/445] SHEV
[16:54:10] [395/445] APCO
[16:54:10] [396/445] SILC
[16:54:11] [397/445] SNMR
[16:54:12] [398/445] KYBO
[16:54:13] [399/445] SATK
[16:54:14] [400/445] SSCS
[16:54:15] [401/445] CLSB
[16:54:16] [402/445] KMJR
[16:54:17] [403/445] FSCK
[16:54:18] [404/445] NNKA
[16:54:19] [405/445] CLMK
[16:54:19] [406/445] DMPZ
[16:54:20] [407/445] INQM
[16:54:21] [408/445] CAML
[16:54:22] [409/445] INRK
[16:54:23] [410/445] IMKN
[16:54:24] [411/445] SVNR
[16:54:25] [412/445] INSL
[16:54:26] [413/445] MSMA
[16:54:26] [414/445] MCKK
[16:54:27] [415/445] FCHP
[16:54:28] [416/445] SFCR
[16:54:29] [417/445] NACK
[16:54:30] [418/445] PVAK
[16:54:30] [419/445] INER
[16:54:31] [420/445] RDBK
[16:54:32] [421/445] SVFN
[16:54:33] [422/445] IFRM
[16:54:35] [423/445] ATCK
[16:54:35] [424/445] ASKO
[16:54:36] [425/445] STKT
[16:54:36] [426/445] SVFB
[16:54:37] [427/445] INKS
[16:54:38] [428/445] PCRA
[16:54:38] [429/445] ATJA
[16:54:40] [430/445] IMJN
[16:54:41] [431/445] INHD
[16:54:41] [432/445] BARA
[16:54:42] [433/445] MCSL
[16:54:43] [434/445] RTOY
[16:54:44] [435/445] MENO
[16:54:44] [436/445] PUDM
[16:54:45] [437/445] PRCN
[16:54:46] [438/445] JMJR
[16:54:47] [439/445] SSGK
[16:54:48] [440/445] SSRL
[16:54:49] [441/445] JYKL
[16:54:50] [442/445] ACNB
[16:54:51] [443/445] SONP
[16:54:52] [444/445] EMCI
[16:54:53] [445/445] MRJH
[16:54:53] 🧹 Deduping shows
[16:54:53] ✅ DONE | Shows=429 | Movies=55
