[10:18:27] 🚀 SCRIPT STARTED
[10:18:27] [1/459] NECA
[10:18:27] 🧠 New identity created
[10:18:28] [2/459] BJLC
[10:18:28] [3/459] BASU
[10:18:29] [4/459] RUPI
[10:18:30] [5/459] LCBK
[10:18:31] [6/459] PMAC
[10:18:32] [7/459] AMLC
[10:18:33] [8/459] LICL
[10:18:35] [9/459] UDMM
[10:18:36] [10/459] STBZ
[10:18:37] [11/459] UUBT
[10:18:38] [12/459] SJKC
[10:18:38] [13/459] TUAL
[10:18:39] [14/459] MRSE
[10:18:40] [15/459] RMRK
[10:18:41] [16/459] TTKP
[10:18:42] [17/459] KTKO
[10:18:43] [18/459] SDBK
[10:18:44] [19/459] MCPR
[10:18:45] [20/459] CHTI
[10:18:46] [21/459] GCCP
[10:18:47] [22/459] SRMY
[10:18:48] [23/459] NYST
[10:18:49] [24/459] NYAG
[10:18:50] [25/459] SBMT
[10:18:51] [26/459] INGA
[10:18:52] [27/459] WSIC
[10:18:53] [28/459] SCSS
[10:18:54] [29/459] COPG
[10:18:55] [30/459] RCGR
[10:18:56] [31/459] TCZA
[10:18:56] [32/459] CNLP
[10:18:57] [33/459] CLKN
[10:18:58] [34/459] LHDF
[10:18:59] [35/459] ELKC
[10:19:00] [36/459] VCEM
[10:19:01] [37/459] SSZA
[10:19:02] [38/459] KRMT
[10:19:03] [39/459] LCMV
[10:19:03] [40/459] AYCZ
[10:19:04] [41/459] CUMS
[10:19:05] [42/459] BOCK
[10:19:06] [43/459] PNMR
[10:19:07] [44/459] PJCP
[10:19:08] [45/459] JDDD
[10:19:09] [46/459] STMS
[10:19:10] [47/459] FLMB
[10:19:10] [48/459] PKCM
[10:19:12] [49/459] SPPR
[10:19:13] [50/459] EYLH
[10:19:14] [51/459] RJCC
[10:19:15] [52/459] MMPS
[10:19:15] [53/459] SHMX
[10:19:16] [54/459] CCNL
[10:19:17] [55/459] RCNV
[10:19:18] [56/459] MAAG
[10:19:20] [57/459] LXCM
[10:19:21] [58/459] RCNI
[10:19:21] [59/459] SNNI
[10:19:22] [60/459] LALC
[10:19:23] [61/459] SOCN
[10:19:24] [62/459] JHTP
[10:19:25] [63/459] PITP
[10:19:26] [64/459] CCKW
[10:19:27] [65/459] MCMC
[10:19:28] [66/459] DEES
[10:19:29] [67/459] SABT
[10:19:30] [68/459] VSPP
[10:19:32] [69/459] ABCT
[10:19:32] [70/459] JVTB
[10:19:33] [71/459] VCBD
[10:19:34] [72/459] RMGG
[10:19:35] [73/459] RNMH
[10:19:36] [74/459] SPGL
[10:19:36] [75/459] JTTR
[10:19:37] [76/459] SICS
[10:19:38] [77/459] SRMI
[10:19:39] [78/459] SSIJ
[10:19:40] [79/459] KFMT
[10:19:42] [80/459] VBIT
[10:19:42] [81/459] JKCT
[10:19:43] [82/459] GCGP
[10:19:44] [83/459] GDCS
[10:19:45] [84/459] TRBA
[10:19:46] [85/459] QUST
[10:19:47] [86/459] VSHM
[10:19:48] [87/459] SDCP
[10:19:49] [88/459] SNVS
[10:19:50] [89/459] NYTO
[10:19:51] [90/459] URWC
[10:19:52] [91/459] GTWH
[10:19:53] [92/459] PFCM
[10:19:53] [93/459] KRTA
[10:19:54] [94/459] AXMC
[10:19:55] [95/459] EVMC
[10:19:56] [96/459] HGSM
[10:19:57] [97/459] ACVM
[10:19:58] [98/459] PSKL
[10:19:59] [99/459] RDMP
[10:20:00] [100/459] RHGH
[10:20:01] [101/459] OMCM
[10:20:02] [102/459] DCCP
[10:20:03] [103/459] MCPB
[10:20:04] [104/459] ALCI
[10:20:05] [105/459] BLMX
[10:20:06] [106/459] BTMV
[10:20:07] [107/459] FVPN
[10:20:08] [108/459] CMAR
[10:20:09] [109/459] CEIM
[10:20:10] [110/459] CMVA
[10:20:11] [111/459] CPIV
[10:20:11] [112/459] CNPE
[10:20:12] [113/459] COLV
[10:20:13] [114/459] DNNV
[10:20:14] [115/459] HCAD
[10:20:15] [116/459] TAKA
[10:20:16] [117/459] INVD
[10:20:16] [118/459] IRMM
[10:20:17] [119/459] INSE
[10:20:18] [120/459] MRSW
[10:20:20] [121/459] MCVD
[10:20:21] [122/459] MCSO
[10:20:21] [123/459] PEVM
[10:20:22] [124/459] PVNL
[10:20:24] [125/459] PTCV
[10:20:25] [126/459] PRTC
[10:20:26] [127/459] RCVA
[10:20:26] [128/459] MTBN
[10:20:27] [129/459] LUCP
[10:20:28] [130/459] FMPT
[10:20:29] [131/459] JLSL
[10:20:31] [132/459] SBHA
[10:20:31] [133/459] SHRC
[10:20:32] [134/459] AVPS
[10:20:33] [135/459] STPM
[10:20:34] [136/459] ATRD
[10:20:35] [137/459] VTED
[10:20:36] [138/459] ACAI
[10:20:37] [139/459] SMAE
[10:20:38] [140/459] VMAT
[10:20:39] [141/459] LKCT
[10:20:39] [142/459] JTVK
[10:20:40] [143/459] PRTY
[10:20:42] [144/459] GETT
[10:20:43] [145/459] ESAP
[10:20:44] [146/459] NCPM
[10:20:45] [147/459] PCPA
[10:20:46] [148/459] MMOM
[10:20:46] [149/459] PHUP
[10:20:47] [150/459] CCPI
[10:20:48] [151/459] CNTD
[10:20:49] [152/459] NLJR
[10:20:50] [153/459] SRNG
[10:20:51] [154/459] MHAL
[10:20:52] [155/459] PNSM
[10:20:54] [156/459] DRMY
[10:20:55] [157/459] CCMU
[10:20:55] [158/459] SCMY
[10:20:56] [159/459] PVSY
[10:20:57] [160/459] SDLM
[10:20:58] [161/459] ICCM
[10:20:59] [162/459] PYSU
[10:21:00] [163/459] GATM
[10:21:01] [164/459] WOTM
[10:21:02] [165/459] RKTS
[10:21:03] [166/459] PMTY
[10:21:04] [167/459] LYMS
[10:21:05] [168/459] TGCA
[10:21:07] [169/459] DSTA
[10:21:08] [170/459] CNGE
[10:21:09] [171/459] VSTG
[10:21:09] [172/459] GTCK
[10:21:10] [173/459] TGNT
[10:21:11] [174/459] ASLC
[10:21:12] [175/459] SSST
[10:21:13] [176/459] KBTT
[10:21:14] [177/459] HKCP
[10:21:15] [178/459] SWLC
[10:21:16] [179/459] RTND
[10:21:17] [180/459] PKKT
[10:21:18] [181/459] HSTK
[10:21:19] [182/459] SPTT
[10:21:20] [183/459] IMPM
[10:21:20] [184/459] SCMV
[10:21:21] [185/459] SPCT
[10:21:22] [186/459] JBCA
[10:21:23] [187/459] ATTR
[10:21:24] [188/459] SPMT
[10:21:25] [189/459] LCTM
[10:21:25] [190/459] SCVL
[10:21:26] [191/459] SCVT
[10:21:27] [192/459] KRIC
[10:21:28] [193/459] CTMG
[10:21:30] [194/459] ACNC
[10:21:31] [195/459] DMCK
[10:21:32] [196/459] KMTV
[10:21:33] [197/459] PFCJ
[10:21:34] [198/459] VNMD
[10:21:35] [199/459] VPCZ
[10:21:37] [200/459] SRYR
[10:21:38] [201/459] SYTR
[10:21:39] [202/459] GATR
[10:21:39] [203/459] URTR
[10:21:40] [204/459] MKSM
[10:21:41] [205/459] VSMH
[10:21:43] [206/459] SKRJ
[10:21:44] [207/459] SSJR
[10:21:45] [208/459] SVSM
[10:21:45] [209/459] RUCM
[10:21:46] [210/459] PRKN
[10:21:47] [211/459] RROH
[10:21:48] [212/459] SCTN
[10:21:49] [213/459] RTDM
[10:21:50] [214/459] ASRM
[10:21:51] [215/459] SKMD
[10:21:52] [216/459] SUTD
[10:21:53] [217/459] SADM
[10:21:54] [218/459] WCNR
[10:21:55] [219/459] CNED
[10:21:56] [220/459] MPDB
[10:21:57] [221/459] KTBH
[10:21:58] [222/459] IDRM
[10:21:59] [223/459] PJJT
[10:22:00] [224/459] PFCV
[10:22:01] [225/459] AACT
[10:22:02] [226/459] AAAD
[10:22:03] [227/459] ANES
[10:22:04] [228/459] MNCA
[10:22:05] [229/459] RMGU
[10:22:06] [230/459] DLCN
[10:22:07] [231/459] LJWT
[10:22:08] [232/459] MCBG
[10:22:09] [233/459] MYBG
[10:22:10] [234/459] GCCA
[10:22:11] [235/459] GCGA
[10:22:12] [236/459] ECGN
[10:22:12] [237/459] PRAB
[10:22:13] [238/459] PNMP
[10:22:15] [239/459] GCPT
[10:22:16] [240/459] ROYN
[10:22:17] [241/459] VATM
[10:22:18] [242/459] KSNT
[10:22:18] [243/459] ACTC
[10:22:19] [244/459] PLTD
[10:22:20] [245/459] SKMK
[10:22:21] [246/459] CMTT
[10:22:22] [247/459] SMXP
[10:22:23] [248/459] SCMX
[10:22:24] [249/459] ACXN
[10:22:25] [250/459] ASWT
[10:22:26] [251/459] VVVL
[10:22:27] [252/459] NAGO
[10:22:28] [253/459] SNCN
[10:22:29] [254/459] MCKP
[10:22:30] [255/459] SAMO
[10:22:30] [256/459] JBTV
[10:22:32] [257/459] DCVV
[10:22:33] [258/459] KMSV
[10:22:34] [259/459] KDCN
[10:22:35] [260/459] CNCP
[10:22:36] [261/459] HAMC
[10:22:37] [262/459] CCVZ
[10:22:38] [263/459] NCCK
[10:22:38] [264/459] MCHR
[10:22:39] [265/459] SCHT
[10:22:40] [266/459] ESSH
[10:22:41] [267/459] CUJC
[10:22:42] [268/459] PECP
[10:22:43] [269/459] PMMI
[10:22:44] [270/459] PCCH
[10:22:45] [271/459] PRPM
[10:22:46] [272/459] PVKL
[10:22:47] [273/459] CBSM
[10:22:48] [274/459] PVCZ
[10:22:48] [275/459] PCVV
[10:22:49] [276/459] CTMJ
[10:22:50] [277/459] RCPS
[10:22:51] [278/459] PCIT
[10:22:52] [279/459] FNCH
[10:22:53] [280/459] INZD
[10:22:54] [281/459] INPC
[10:22:55] [282/459] LCZP
[10:22:56] [283/459] SMCB
[10:22:58] [284/459] PTSB
[10:22:59] [285/459] TPSI
[10:22:59] [286/459] KHMJ
[10:23:00] [287/459] RCCJ
[10:23:01] [288/459] NCJA
[10:23:02] [289/459] NCJN
[10:23:03] [290/459] BTDP
[10:23:04] [291/459] PADY
[10:23:05] [292/459] NYBH
[10:23:06] [293/459] MTBR
[10:23:07] [294/459] KRBC
[10:23:08] [295/459] DKTI
[10:23:09] [296/459] ANAN
[10:23:11] [297/459] INBP
[10:23:12] [298/459] PATB
[10:23:12] [299/459] RGNT
[10:23:14] [300/459] CGPM
[10:23:15] [301/459] INTN
[10:23:16] [302/459] MCMP
[10:23:16] [303/459] ASRG
[10:23:17] [304/459] CXJD
[10:23:18] [305/459] SPCP
[10:23:20] [306/459] CSTP
[10:23:21] [307/459] PKVC
[10:23:22] [308/459] ESCP
[10:23:23] [309/459] CAEP
[10:23:24] [310/459] CCSP
[10:23:25] [311/459] KTPC
[10:23:26] [312/459] DACA
[10:23:26] [313/459] NVKY
[10:23:27] [314/459] PTIN
[10:23:28] [315/459] SCIN
[10:23:29] [316/459] MCTY
[10:23:30] [317/459] PCMX
[10:23:31] [318/459] INIC
[10:23:32] [319/459] MMZM
[10:23:33] [320/459] SSLP
[10:23:33] [321/459] DTDT
[10:23:34] [322/459] FFCX
[10:23:35] [323/459] RCMM
[10:23:37] [324/459] KYID
[10:23:38] [325/459] CSCI
[10:23:38] [326/459] FCMC
[10:23:40] [327/459] MMXI
[10:23:41] [328/459] ASTC
[10:23:42] [329/459] CMRA
[10:23:43] [330/459] DICI
[10:23:44] [331/459] KDIN
[10:23:45] [332/459] PRFI
[10:23:46] [333/459] SVFC
[10:23:47] [334/459] UCPL
[10:23:49] [335/459] COOC
[10:23:49] [336/459] SCAL
[10:23:50] [337/459] SVFF
[10:23:52] [338/459] VCMG
[10:23:53] [339/459] UUCT
[10:23:54] [340/459] GCSE
[10:23:54] [341/459] SUSC
[10:23:56] [342/459] MISC
[10:23:56] [343/459] RMBL
[10:23:57] [344/459] CMXN
[10:23:59] [345/459] PVBK
[10:24:00] [346/459] HHCG
[10:24:00] [347/459] SCAG
[10:24:01] [348/459] CNPR
[10:24:02] [349/459] CSER
[10:24:03] [350/459] HLWD
[10:24:04] [351/459] BOLY
[10:24:05] [352/459] SSPG
[10:24:06] [353/459] MUPX
[10:24:07] [354/459] HAMR
[10:24:08] [355/459] SDNC
[10:24:09] [356/459] RTEN
[10:24:09] [357/459] SDTD
[10:24:10] [358/459] KAWS
[10:24:11] [359/459] CMZX
[10:24:12] [360/459] DCDD
[10:24:13] [361/459] ALSN
[10:24:14] [362/459] IMXS
[10:24:16] [363/459] PVFF
[10:24:16] [364/459] PVOO
[10:24:17] [365/459] CFBS
[10:24:18] [366/459] PVER
[10:24:19] [367/459] PPNX
[10:24:20] [368/459] CNRM
[10:24:21] [369/459] PVWW
[10:24:22] [370/459] INMB
[10:24:23] [371/459] CPJR
[10:24:24] [372/459] INRZ
[10:24:25] [373/459] PMSR
[10:24:26] [374/459] GPGM
[10:24:27] [375/459] PGWB
[10:24:28] [376/459] PMBR
[10:24:29] [377/459] GPAM
[10:24:30] [378/459] INBC
[10:24:31] [379/459] PZVK
[10:24:33] [380/459] CPEB
[10:24:33] [381/459] FMLB
[10:24:35] [382/459] INBG
[10:24:35] [383/459] GPBR
[10:24:36] [384/459] PAAS
[10:24:37] [385/459] VTBR
[10:24:38] [386/459] GPMY
[10:24:39] [387/459] GYBU
[10:24:40] [388/459] INBJ
[10:24:41] [389/459] LKTH
[10:24:42] [390/459] NSBR
[10:24:43] [391/459] PDRD
[10:24:44] [392/459] VRBL
[10:24:45] [393/459] VTGB
[10:24:47] [394/459] VTSK
[10:24:47] [395/459] BKDV
[10:24:48] [396/459] SVTB
[10:24:49] [397/459] MLDT
[10:24:50] [398/459] NRBL
[10:24:51] [399/459] SLTR
[10:24:52] [400/459] VNKA
[10:24:53] [401/459] TDCA
[10:24:54] [402/459] INBM
[10:24:55] [403/459] SSNR
[10:24:56] [404/459] BHAC
[10:24:57] [405/459] SDSD
[10:24:58] [406/459] SAMP
[10:24:59] [407/459] RATK
[10:25:00] [408/459] KCBI
[10:25:01] [409/459] URBL
[10:25:02] [410/459] MKBG
[10:25:03] [411/459] ASTB
[10:25:04] [412/459] VBWT
[10:25:05] [413/459] GPSM
[10:25:05] [414/459] ROON
[10:25:06] [415/459] CHTH
[10:25:07] [416/459] SSPA
[10:25:08] [417/459] ANBL
[10:25:09] [418/459] VTBE
[10:25:10] [419/459] SVKT
[10:25:11] [420/459] SVYK
[10:25:12] [421/459] PTBK
[10:25:13] [422/459] RKTB
[10:25:14] [423/459] BALT
[10:25:15] [424/459] STSV
[10:25:16] [425/459] VCCB
[10:25:17] [426/459] SLTB
[10:25:18] [427/459] SBCR
[10:25:19] [428/459] VDCS
[10:25:20] [429/459] MDKI
[10:25:21] [430/459] SMRN
[10:25:21] [431/459] PTBC
[10:25:23] [432/459] RADI
[10:25:24] [433/459] ADCR
[10:25:25] [434/459] SDCS
[10:25:26] [435/459] SRPJ
[10:25:27] [436/459] ARTS
[10:25:28] [437/459] SRHK
[10:25:29] [438/459] SPAY
[10:25:31] [439/459] GPTB
[10:25:32] [440/459] SNNN
[10:25:32] [441/459] BALJ
[10:25:34] [442/459] TRIG
[10:25:34] [443/459] GTYT
[10:25:35] [444/459] ATGN
[10:25:37] [445/459] ANTE
[10:25:38] [446/459] BDCG
[10:25:39] [447/459] VECI
[10:25:40] [448/459] SCPR
[10:25:41] [449/459] RTEA
[10:25:42] [450/459] JSAI
[10:25:42] [451/459] VJTP
[10:25:43] [452/459] GNDS
[10:25:45] [453/459] PAXA
[10:25:45] [454/459] CGGM
[10:25:47] [455/459] ACKZ
[10:25:48] [456/459] EMCC
[10:25:49] [457/459] KLSK
[10:25:50] [458/459] AVCK
[10:25:52] [459/459] JTCK
[10:25:52] 🧹 Deduping shows
[10:25:52] ✅ DONE | Shows=300 | Movies=44
