[10:19:58] 🚀 SCRIPT STARTED
[10:19:58] [1/459] MBDC
[10:19:58] 🧠 New identity created
[10:19:59] [2/459] CHKM
[10:20:00] [3/459] JTKZ
[10:20:01] [4/459] CMCT
[10:20:02] [5/459] ASHO
[10:20:03] [6/459] ECDG
[10:20:04] [7/459] SPAT
[10:20:05] [8/459] HILC
[10:20:06] [9/459] SPPH
[10:20:07] [10/459] SBHN
[10:20:08] [11/459] RRCA
[10:20:09] [12/459] APAA
[10:20:10] [13/459] RAME
[10:20:11] [14/459] TMMS
[10:20:12] [15/459] BATK
[10:20:13] [16/459] LKOP
[10:20:15] [17/459] AMTT
[10:20:15] [18/459] PTGK
[10:20:16] [19/459] ANRS
[10:20:17] [20/459] VWBW
[10:20:19] [21/459] SVFG
[10:20:20] [22/459] STAT
[10:20:20] [23/459] GDCV
[10:20:22] [24/459] VEBI
[10:20:22] [25/459] VDSS
[10:20:23] [26/459] NTHV
[10:20:24] [27/459] AOCH
[10:20:25] [28/459] KASR
[10:20:26] [29/459] AYCS
[10:20:27] [30/459] SHAI
[10:20:28] [31/459] SKPE
[10:20:29] [32/459] SBTA
[10:20:31] [33/459] RTTD
[10:20:32] [34/459] CCJD
[10:20:33] [35/459] RSJJ
[10:20:34] [36/459] RKND
[10:20:36] [37/459] SVTX
[10:20:37] [38/459] BAKM
[10:20:38] [39/459] SVDC
[10:20:40] [40/459] MNCV
[10:20:41] [41/459] SJGC
[10:20:41] [42/459] MTPK
[10:20:43] [43/459] GATP
[10:20:44] [44/459] ABTS
[10:20:45] [45/459] ABDE
[10:20:46] [46/459] RCNM
[10:20:47] [47/459] KTHV
[10:20:48] [48/459] MDGJ
[10:20:49] [49/459] SMLM
[10:20:50] [50/459] JTMA
[10:20:51] [51/459] ACKP
[10:20:52] [52/459] SRTA
[10:20:53] [53/459] STAY
[10:20:54] [54/459] MAVO
[10:20:55] [55/459] APTS
[10:20:55] [56/459] OMEA
[10:20:56] [57/459] TTFD
[10:20:57] [58/459] MJCU
[10:20:58] [59/459] CXTE
[10:20:59] [60/459] CTPX
[10:21:00] [61/459] ASSL
[10:21:01] [62/459] CMVB
[10:21:02] [63/459] VPUR
[10:21:03] [64/459] JJDA
[10:21:04] [65/459] INBL
[10:21:05] [66/459] BIKB
[10:21:06] [67/459] NTBB
[10:21:07] [68/459] GLOB
[10:21:08] [69/459] SNTB
[10:21:09] [70/459] CHGV
[10:21:10] [71/459] SSBZ
[10:21:11] [72/459] PRDB
[10:21:12] [73/459] ISMT
[10:21:13] [74/459] MCSD
[10:21:14] [75/459] JBTT
[10:21:16] [76/459] GEKR
[10:21:17] [77/459] PVUN
[10:21:19] [78/459] NRTB
[10:21:20] [79/459] PRAA
[10:21:21] [80/459] PCBL
[10:21:22] [81/459] PTCM
[10:21:23] [82/459] KHNN
[10:21:24] [83/459] OMJE
[10:21:25] [84/459] STGN
[10:21:26] [85/459] RPMS
[10:21:27] [86/459] NWAD
[10:21:28] [87/459] BLCK
[10:21:28] [88/459] SVAA
[10:21:29] [89/459] URVM
[10:21:31] [90/459] ANTM
[10:21:32] [91/459] VJYM
[10:21:33] [92/459] MAZZ
[10:21:33] [93/459] CSHM
[10:21:34] [94/459] WGMH
[10:21:35] [95/459] SALN
[10:21:36] [96/459] BRTP
[10:21:37] [97/459] SVTA
[10:21:38] [98/459] SBTP
[10:21:39] [99/459] VLSS
[10:21:40] [100/459] SRJA
[10:21:41] [101/459] ANCG
[10:21:42] [102/459] CGGC
[10:21:43] [103/459] CRJA
[10:21:44] [104/459] USCR
[10:21:45] [105/459] MMEF
[10:21:46] [106/459] JCRJ
[10:21:47] [107/459] ADCM
[10:21:47] [108/459] BMYK
[10:21:48] [109/459] KICS
[10:21:49] [110/459] MBBT
[10:21:50] [111/459] MACK
[10:21:51] [112/459] CLDR
[10:21:52] [113/459] JYCR
[10:21:53] [114/459] DCRP
[10:21:54] [115/459] RAHT
[10:21:55] [116/459] CSSM
[10:21:56] [117/459] ATPK
[10:21:57] [118/459] KLRT
[10:21:58] [119/459] SRDD
[10:21:59] [120/459] CKMC
[10:21:59] [121/459] KRVM
[10:22:00] [122/459] AKCP
[10:22:02] [123/459] CNCV
[10:22:03] [124/459] PACT
[10:22:04] [125/459] NATP
[10:22:05] [126/459] PCPK
[10:22:06] [127/459] SMHO
[10:22:07] [128/459] CWTK
[10:22:08] [129/459] RVKZ
[10:22:09] [130/459] ASPD
[10:22:10] [131/459] VTKZ
[10:22:10] [132/459] LCSO
[10:22:11] [133/459] PRDY
[10:22:12] [134/459] RCAP
[10:22:13] [135/459] RGAR
[10:22:14] [136/459] RCAC
[10:22:15] [137/459] PMOD
[10:22:16] [138/459] PVCN
[10:22:17] [139/459] SCRZ
[10:22:18] [140/459] PVPC
[10:22:19] [141/459] STID
[10:22:20] [142/459] NEDD
[10:22:21] [143/459] BNBA
[10:22:22] [144/459] NTCD
[10:22:23] [145/459] OCDE
[10:22:24] [146/459] CCDU
[10:22:25] [147/459] CRXH
[10:22:25] [148/459] VLVT
[10:22:26] [149/459] CICI
[10:22:27] [150/459] SUCB
[10:22:28] [151/459] TCBP
[10:22:29] [152/459] SCCY
[10:22:30] [153/459] LXCY
[10:22:32] [154/459] NCMD
[10:22:32] [155/459] PHCS
[10:22:34] [156/459] DUXR
[10:22:34] [157/459] VNKS
[10:22:35] [158/459] SEDP
[10:22:36] [159/459] SVEN
[10:22:37] [160/459] SRKM
[10:22:38] [161/459] JTLT
[10:22:39] [162/459] SVSS
[10:22:40] [163/459] AMDE
[10:22:41] [164/459] WVRN
[10:22:42] [165/459] ISMG
[10:22:43] [166/459] WVKS
[10:22:44] [167/459] USCG
[10:22:45] [168/459] IOTG
[10:22:46] [169/459] RRJM
[10:22:48] [170/459] EDMP
[10:22:48] [171/459] SCGZ
[10:22:49] [172/459] GMGX
[10:22:50] [173/459] OMTP
[10:22:51] [174/459] MITD
[10:22:52] [175/459] SMMD
[10:22:53] [176/459] STML
[10:22:54] [177/459] MCFS
[10:22:55] [178/459] FPKA
[10:22:57] [179/459] OMLR
[10:22:58] [180/459] KKSC
[10:22:59] [181/459] RVMA
[10:23:00] [182/459] SCLL
[10:23:00] [183/459] SCDK
[10:23:01] [184/459] SXMI
[10:23:02] [185/459] SHDN
[10:23:03] [186/459] PAAD
[10:23:04] [187/459] UUCB
[10:23:05] [188/459] JHOL
[10:23:06] [189/459] SGWT
[10:23:07] [190/459] SRII
[10:23:07] [191/459] SGCK
[10:23:08] [192/459] SVVB
[10:23:09] [193/459] DMHA
[10:23:10] [194/459] PPNL
[10:23:11] [195/459] CPNL
[10:23:11] [196/459] WVLD
[10:23:12] [197/459] PSLV
[10:23:13] [198/459] VTTL
[10:23:14] [199/459] NPAD
[10:23:15] [200/459] PVCS
[10:23:16] [201/459] MCHL
[10:23:17] [202/459] PPLL
[10:23:18] [203/459] MALO
[10:23:19] [204/459] SWBH
[10:23:20] [205/459] PUGB
[10:23:20] [206/459] INBB
[10:23:21] [207/459] INNS
[10:23:22] [208/459] MCPT
[10:23:24] [209/459] SCMI
[10:23:25] [210/459] OCON
[10:23:26] [211/459] SCSM
[10:23:27] [212/459] RJVN
[10:23:28] [213/459] AMDK
[10:23:29] [214/459] ISMR
[10:23:30] [215/459] SMTD
[10:23:31] [216/459] VTDD
[10:23:32] [217/459] PDDZ
[10:23:33] [218/459] PCCK
[10:23:34] [219/459] INAM
[10:23:35] [220/459] FNKT
[10:23:36] [221/459] GDKA
[10:23:37] [222/459] MAYU
[10:23:38] [223/459] TCGU
[10:23:39] [224/459] KDCA
[10:23:40] [225/459] DOMY
[10:23:41] [226/459] PDDD
[10:23:42] [227/459] BJTS
[10:23:43] [228/459] VTCA
[10:23:44] [229/459] SBTM
[10:23:45] [230/459] SEET
[10:23:46] [231/459] SSTJ
[10:23:47] [232/459] SVNT
[10:23:48] [233/459] PPPR
[10:23:49] [234/459] PVYS
[10:23:51] [235/459] IOSE
[10:23:52] [236/459] ACTV
[10:23:53] [237/459] APVE
[10:23:55] [238/459] TCCL
[10:23:56] [239/459] SCMO
[10:23:57] [240/459] SAUM
[10:23:58] [241/459] KCJS
[10:23:59] [242/459] NJCJ
[10:24:00] [243/459] NECF
[10:24:01] [244/459] CCGW
[10:24:02] [245/459] CCMG
[10:24:03] [246/459] NYRG
[10:24:04] [247/459] NCSQ
[10:24:05] [248/459] GRCG
[10:24:06] [249/459] CCBT
[10:24:07] [250/459] ACGA
[10:24:09] [251/459] INAG
[10:24:10] [252/459] FUCG
[10:24:10] [253/459] AICF
[10:24:11] [254/459] GRGA
[10:24:12] [255/459] GDCN
[10:24:13] [256/459] RRCG
[10:24:14] [257/459] SDCH
[10:24:15] [258/459] WVJM
[10:24:16] [259/459] JCCZ
[10:24:17] [260/459] CNCL
[10:24:18] [261/459] TMLV
[10:24:18] [262/459] MEMB
[10:24:20] [263/459] SGTD
[10:24:20] [264/459] CONX
[10:24:21] [265/459] CCMH
[10:24:22] [266/459] ACMC
[10:24:23] [267/459] DTPD
[10:24:24] [268/459] POJA
[10:24:25] [269/459] FNBH
[10:24:26] [270/459] CGCB
[10:24:28] [271/459] RACN
[10:24:30] [272/459] JTSM
[10:24:31] [273/459] SCDN
[10:24:32] [274/459] AACK
[10:24:34] [275/459] RMCE
[10:24:35] [276/459] BSGB
[10:24:36] [277/459] MRCB
[10:24:37] [278/459] SRVR
[10:24:38] [279/459] VTKK
[10:24:39] [280/459] AMST
[10:24:40] [281/459] APCY
[10:24:41] [282/459] LMHO
[10:24:42] [283/459] MTZH
[10:24:42] [284/459] AMZB
[10:24:43] [285/459] SUVT
[10:24:44] [286/459] RCIP
[10:24:45] [287/459] KESR
[10:24:46] [288/459] SNKC
[10:24:47] [289/459] SCED
[10:24:48] [290/459] DVCA
[10:24:49] [291/459] VCDT
[10:24:50] [292/459] RRDI
[10:24:51] [293/459] DFCH
[10:24:52] [294/459] INSC
[10:24:53] [295/459] RGTR
[10:24:54] [296/459] FMOT
[10:24:55] [297/459] SCPM
[10:24:56] [298/459] GCDT
[10:24:57] [299/459] BRKT
[10:24:58] [300/459] DEMP
[10:24:59] [301/459] SRLC
[10:25:00] [302/459] KSTT
[10:25:01] [303/459] SMMT
[10:25:02] [304/459] SILM
[10:25:03] [305/459] JCVM
[10:25:04] [306/459] KCSV
[10:25:05] [307/459] MHLK
[10:25:06] [308/459] SLVL
[10:25:07] [309/459] RJKP
[10:25:08] [310/459] BBPC
[10:25:08] [311/459] MXCB
[10:25:10] [312/459] TCPK
[10:25:10] [313/459] RTBR
[10:25:11] [314/459] GAUT
[10:25:12] [315/459] DVCF
[10:25:13] [316/459] JTSB
[10:25:14] [317/459] SBLS
[10:25:15] [318/459] UDAY
[10:25:16] [319/459] PTNP
[10:25:17] [320/459] DMKT
[10:25:18] [321/459] NTDT
[10:25:20] [322/459] SHDJ
[10:25:21] [323/459] OTNC
[10:25:22] [324/459] RNTW
[10:25:23] [325/459] GCMI
[10:25:24] [326/459] CRCM
[10:25:25] [327/459] NNCZ
[10:25:26] [328/459] OEMO
[10:25:27] [329/459] PVJM
[10:25:28] [330/459] CPJI
[10:25:29] [331/459] RMCJ
[10:25:29] [332/459] CNWJ
[10:25:30] [333/459] EPJM
[10:25:31] [334/459] FNJJ
[10:25:32] [335/459] GCMJ
[10:25:34] [336/459] INPS
[10:25:35] [337/459] BICJ
[10:25:35] [338/459] ISTJ
[10:25:37] [339/459] INJC
[10:25:38] [340/459] GLXJ
[10:25:39] [341/459] INEM
[10:25:40] [342/459] JTMN
[10:25:40] [343/459] FRCJ
[10:25:41] [344/459] DDJP
[10:25:42] [345/459] INJV
[10:25:43] [346/459] GOLC
[10:25:44] [347/459] KOCI
[10:25:45] [348/459] FSTD
[10:25:46] [349/459] PACJ
[10:25:47] [350/459] GMCN
[10:25:48] [351/459] MMDJ
[10:25:49] [352/459] GODH
[10:25:50] [353/459] SKYN
[10:25:51] [354/459] NCTH
[10:25:52] [355/459] SKVZ
[10:25:53] [356/459] SVML
[10:25:54] [357/459] ACVZ
[10:25:55] [358/459] SURA
[10:25:56] [359/459] RTRB
[10:25:57] [360/459] LLCT
[10:25:58] [361/459] ATTS
[10:25:59] [362/459] JYCM
[10:26:00] [363/459] CTKR
[10:26:01] [364/459] LCKR
[10:26:02] [365/459] NYCV
[10:26:03] [366/459] NYOH
[10:26:04] [367/459] NOVX
[10:26:05] [368/459] MRGK
[10:26:06] [369/459] MOON
[10:26:07] [370/459] SBUC
[10:26:08] [371/459] GSVA
[10:26:09] [372/459] VIAK
[10:26:10] [373/459] SMVZ
[10:26:11] [374/459] MATE
[10:26:12] [375/459] RDCN
[10:26:13] [376/459] ASBL
[10:26:14] [377/459] ASVS
[10:26:15] [378/459] ASSR
[10:26:16] [379/459] SSKN
[10:26:17] [380/459] DRPV
[10:26:18] [381/459] MRHT
[10:26:19] [382/459] BSCN
[10:26:20] [383/459] RKNX
[10:26:21] [384/459] MSMC
[10:26:22] [385/459] MSCJ
[10:26:23] [386/459] BTBJ
[10:26:24] [387/459] MJCC
[10:26:24] [388/459] IOMM
[10:26:26] [389/459] ADGR
[10:26:27] [390/459] MYCP
[10:26:28] [391/459] IGCM
[10:26:29] [392/459] PGRK
[10:26:30] [393/459] VPGO
[10:26:31] [394/459] KOMS
[10:26:32] [395/459] URGG
[10:26:33] [396/459] GOST
[10:26:34] [397/459] LACT
[10:26:35] [398/459] BWCM
[10:26:37] [399/459] NCCW
[10:26:38] [400/459] SKYC
[10:26:39] [401/459] CCPM
[10:26:40] [402/459] VCBT
[10:26:41] [403/459] SDKR
[10:26:42] [404/459] CTYB
[10:26:44] [405/459] SHCX
[10:26:45] [406/459] RCUN
[10:26:46] [407/459] CNRA
[10:26:46] [408/459] RFCA
[10:26:47] [409/459] RDCU
[10:26:48] [410/459] SARK
[10:26:48] [411/459] SPPP
[10:26:49] [412/459] ADMB
[10:26:50] [413/459] JYOE
[10:26:51] [414/459] SRMD
[10:26:52] [415/459] RJDH
[10:26:53] [416/459] SSTD
[10:26:54] [417/459] AACV
[10:26:54] [418/459] PPVD
[10:26:56] [419/459] STCP
[10:26:56] [420/459] ANJR
[10:26:57] [421/459] ANLS
[10:26:58] [422/459] BIJO
[10:26:59] [423/459] AVAB
[10:27:00] [424/459] SPMD
[10:27:01] [425/459] SVJL
[10:27:02] [426/459] SDDJ
[10:27:03] [427/459] SLTU
[10:27:04] [428/459] SAKA
[10:27:05] [429/459] PMAM
[10:27:06] [430/459] FNAM
[10:27:07] [431/459] ACAM
[10:27:08] [432/459] SCMM
[10:27:09] [433/459] PMAK
[10:27:10] [434/459] NYSA
[10:27:11] [435/459] FCPA
[10:27:12] [436/459] GDAN
[10:27:13] [437/459] RSCA
[10:27:14] [438/459] DMAN
[10:27:15] [439/459] DZCM
[10:27:17] [440/459] NSGL
[10:27:18] [441/459] CCPP
[10:27:18] [442/459] PSMG
[10:27:19] [443/459] GSER
[10:27:20] [444/459] FCCT
[10:27:21] [445/459] FCTB
[10:27:22] [446/459] LCNK
[10:27:23] [447/459] SKTY
[10:27:25] [448/459] INAA
[10:27:26] [449/459] RCWN
[10:27:27] [450/459] VAIS
[10:27:28] [451/459] CVMN
[10:27:29] [452/459] INTS
[10:27:31] [453/459] FRGS
[10:27:32] [454/459] DTCK
[10:27:32] [455/459] MCMH
[10:27:34] [456/459] ECRR
[10:27:35] [457/459] RLLP
[10:27:36] [458/459] CCSN
[10:27:37] [459/459] CCBA
[10:27:38] 🧹 Deduping shows
[10:27:38] ✅ DONE | Shows=451 | Movies=41
[16:50:14] 🚀 SCRIPT STARTED
[16:50:14] [1/459] MBDC
[16:50:14] 🧠 New identity created
[16:50:15] [2/459] CHKM
[16:50:16] [3/459] JTKZ
[16:50:16] [4/459] CMCT
[16:50:17] [5/459] ASHO
[16:50:18] [6/459] ECDG
[16:50:19] [7/459] SPAT
[16:50:20] [8/459] HILC
[16:50:21] [9/459] SPPH
[16:50:22] [10/459] SBHN
[16:50:22] [11/459] RRCA
[16:50:23] [12/459] APAA
[16:50:24] [13/459] RAME
[16:50:25] [14/459] TMMS
[16:50:26] [15/459] BATK
[16:50:27] [16/459] LKOP
[16:50:28] [17/459] AMTT
[16:50:28] [18/459] PTGK
[16:50:30] [19/459] ANRS
[16:50:31] [20/459] VWBW
[16:50:31] [21/459] SVFG
[16:50:32] [22/459] STAT
[16:50:33] [23/459] GDCV
[16:50:34] [24/459] VEBI
[16:50:35] [25/459] VDSS
[16:50:35] [26/459] NTHV
[16:50:36] [27/459] AOCH
[16:50:37] [28/459] KASR
[16:50:38] [29/459] AYCS
[16:50:39] [30/459] SHAI
[16:50:40] [31/459] SKPE
[16:50:41] [32/459] SBTA
[16:50:42] [33/459] RTTD
[16:50:43] [34/459] CCJD
[16:50:43] [35/459] RSJJ
[16:50:44] [36/459] RKND
[16:50:45] [37/459] SVTX
[16:50:46] [38/459] BAKM
[16:50:47] [39/459] SVDC
[16:50:48] [40/459] MNCV
[16:50:48] [41/459] SJGC
[16:50:49] [42/459] MTPK
[16:50:51] [43/459] GATP
[16:50:51] [44/459] ABTS
[16:50:53] [45/459] ABDE
[16:50:54] [46/459] RCNM
[16:50:55] [47/459] KTHV
[16:50:56] [48/459] MDGJ
[16:50:57] [49/459] SMLM
[16:50:57] [50/459] JTMA
[16:50:58] [51/459] ACKP
[16:51:00] [52/459] SRTA
[16:51:00] [53/459] STAY
[16:51:01] [54/459] MAVO
[16:51:02] [55/459] APTS
[16:51:04] [56/459] OMEA
[16:51:05] [57/459] TTFD
[16:51:05] [58/459] MJCU
[16:51:07] [59/459] CXTE
[16:51:08] [60/459] CTPX
[16:51:08] [61/459] ASSL
[16:51:09] [62/459] CMVB
[16:51:10] [63/459] VPUR
[16:51:11] [64/459] JJDA
[16:51:12] [65/459] INBL
[16:51:13] [66/459] BIKB
[16:51:14] [67/459] NTBB
[16:51:14] [68/459] GLOB
[16:51:15] [69/459] SNTB
[16:51:16] [70/459] CHGV
[16:51:17] [71/459] SSBZ
[16:51:18] [72/459] PRDB
[16:51:19] [73/459] ISMT
[16:51:20] [74/459] MCSD
[16:51:20] [75/459] JBTT
[16:51:21] [76/459] GEKR
[16:51:23] [77/459] PVUN
[16:51:23] [78/459] NRTB
[16:51:25] [79/459] PRAA
[16:51:26] [80/459] PCBL
[16:51:27] [81/459] PTCM
[16:51:28] [82/459] KHNN
[16:51:28] [83/459] OMJE
[16:51:29] [84/459] STGN
[16:51:30] [85/459] RPMS
[16:51:31] [86/459] NWAD
[16:51:31] [87/459] BLCK
[16:51:32] [88/459] SVAA
[16:51:33] [89/459] URVM
[16:51:34] [90/459] ANTM
[16:51:35] [91/459] VJYM
[16:51:35] [92/459] MAZZ
[16:51:36] [93/459] CSHM
[16:51:37] [94/459] WGMH
[16:51:38] [95/459] SALN
[16:51:39] [96/459] BRTP
[16:51:40] [97/459] SVTA
[16:51:41] [98/459] SBTP
[16:51:42] [99/459] VLSS
[16:51:43] [100/459] SRJA
[16:51:44] [101/459] ANCG
[16:51:45] [102/459] CGGC
[16:51:46] [103/459] CRJA
[16:51:46] [104/459] USCR
[16:51:47] [105/459] MMEF
[16:51:48] [106/459] JCRJ
[16:51:49] [107/459] ADCM
[16:51:50] [108/459] BMYK
[16:51:51] [109/459] KICS
[16:51:52] [110/459] MBBT
[16:51:52] [111/459] MACK
[16:51:53] [112/459] CLDR
[16:51:54] [113/459] JYCR
[16:51:55] [114/459] DCRP
[16:51:56] [115/459] RAHT
[16:51:56] [116/459] CSSM
[16:51:57] [117/459] ATPK
[16:51:58] [118/459] KLRT
[16:51:59] [119/459] SRDD
[16:52:00] [120/459] CKMC
[16:52:01] [121/459] KRVM
[16:52:02] [122/459] AKCP
[16:52:03] [123/459] CNCV
[16:52:04] [124/459] PACT
[16:52:05] [125/459] NATP
[16:52:06] [126/459] PCPK
[16:52:06] [127/459] SMHO
[16:52:07] [128/459] CWTK
[16:52:08] [129/459] RVKZ
[16:52:09] [130/459] ASPD
[16:52:10] [131/459] VTKZ
[16:52:11] [132/459] LCSO
[16:52:12] [133/459] PRDY
[16:52:13] [134/459] RCAP
[16:52:14] [135/459] RGAR
[16:52:15] [136/459] RCAC
[16:52:16] [137/459] PMOD
[16:52:17] [138/459] PVCN
[16:52:17] [139/459] SCRZ
[16:52:19] [140/459] PVPC
[16:52:20] [141/459] STID
[16:52:21] [142/459] NEDD
[16:52:21] [143/459] BNBA
[16:52:22] [144/459] NTCD
[16:52:23] [145/459] OCDE
[16:52:24] [146/459] CCDU
[16:52:25] [147/459] CRXH
[16:52:26] [148/459] VLVT
[16:52:26] [149/459] CICI
[16:52:27] [150/459] SUCB
[16:52:29] [151/459] TCBP
[16:52:30] [152/459] SCCY
[16:52:31] [153/459] LXCY
[16:52:32] [154/459] NCMD
[16:52:33] [155/459] PHCS
[16:52:34] [156/459] DUXR
[16:52:35] [157/459] VNKS
[16:52:35] [158/459] SEDP
[16:52:36] [159/459] SVEN
[16:52:37] [160/459] SRKM
[16:52:38] [161/459] JTLT
[16:52:39] [162/459] SVSS
[16:52:40] [163/459] AMDE
[16:52:41] [164/459] WVRN
[16:52:42] [165/459] ISMG
[16:52:43] [166/459] WVKS
[16:52:44] [167/459] USCG
[16:52:45] [168/459] IOTG
[16:52:45] [169/459] RRJM
[16:52:46] [170/459] EDMP
[16:52:47] [171/459] SCGZ
[16:52:48] [172/459] GMGX
[16:52:48] [173/459] OMTP
[16:52:49] [174/459] MITD
[16:52:50] [175/459] SMMD
[16:52:51] [176/459] STML
[16:52:52] [177/459] MCFS
[16:52:52] [178/459] FPKA
[16:52:53] [179/459] OMLR
[16:52:54] [180/459] KKSC
[16:52:55] [181/459] RVMA
[16:52:56] [182/459] SCLL
[16:52:57] [183/459] SCDK
[16:52:57] [184/459] SXMI
[16:52:58] [185/459] SHDN
[16:52:59] [186/459] PAAD
[16:53:00] [187/459] UUCB
[16:53:01] [188/459] JHOL
[16:53:01] [189/459] SGWT
[16:53:03] [190/459] SRII
[16:53:03] [191/459] SGCK
[16:53:04] [192/459] SVVB
[16:53:05] [193/459] DMHA
[16:53:06] [194/459] PPNL
[16:53:07] [195/459] CPNL
[16:53:08] [196/459] WVLD
[16:53:08] [197/459] PSLV
[16:53:09] [198/459] VTTL
[16:53:10] [199/459] NPAD
[16:53:12] [200/459] PVCS
[16:53:12] [201/459] MCHL
[16:53:13] [202/459] PPLL
[16:53:15] [203/459] MALO
[16:53:16] [204/459] SWBH
[16:53:17] [205/459] PUGB
[16:53:19] [206/459] INBB
[16:53:19] [207/459] INNS
[16:53:20] [208/459] MCPT
[16:53:21] [209/459] SCMI
[16:53:22] [210/459] OCON
[16:53:23] [211/459] SCSM
[16:53:23] [212/459] RJVN
[16:53:24] [213/459] AMDK
[16:53:25] [214/459] ISMR
[16:53:26] [215/459] SMTD
[16:53:26] [216/459] VTDD
[16:53:27] [217/459] PDDZ
[16:53:28] [218/459] PCCK
[16:53:29] [219/459] INAM
[16:53:30] [220/459] FNKT
[16:53:31] [221/459] GDKA
[16:53:32] [222/459] MAYU
[16:53:33] [223/459] TCGU
[16:53:34] [224/459] KDCA
[16:53:35] [225/459] DOMY
[16:53:36] [226/459] PDDD
[16:53:36] [227/459] BJTS
[16:53:37] [228/459] VTCA
[16:53:38] [229/459] SBTM
[16:53:39] [230/459] SEET
[16:53:40] [231/459] SSTJ
[16:53:41] [232/459] SVNT
[16:53:41] [233/459] PPPR
[16:53:42] [234/459] PVYS
[16:53:43] [235/459] IOSE
[16:53:44] [236/459] ACTV
[16:53:45] [237/459] APVE
[16:53:46] [238/459] TCCL
[16:53:47] [239/459] SCMO
[16:53:47] [240/459] SAUM
[16:53:48] [241/459] KCJS
[16:53:49] [242/459] NJCJ
[16:53:50] [243/459] NECF
[16:53:50] [244/459] CCGW
[16:53:51] [245/459] CCMG
[16:53:53] [246/459] NYRG
[16:53:54] [247/459] NCSQ
[16:53:54] [248/459] GRCG
[16:53:56] [249/459] CCBT
[16:53:57] [250/459] ACGA
[16:53:57] [251/459] INAG
[16:53:58] [252/459] FUCG
[16:53:59] [253/459] AICF
[16:54:00] [254/459] GRGA
[16:54:01] [255/459] GDCN
[16:54:02] [256/459] RRCG
[16:54:02] [257/459] SDCH
[16:54:03] [258/459] WVJM
[16:54:04] [259/459] JCCZ
[16:54:05] [260/459] CNCL
[16:54:06] [261/459] TMLV
[16:54:07] [262/459] MEMB
[16:54:08] [263/459] SGTD
[16:54:09] [264/459] CONX
[16:54:10] [265/459] CCMH
[16:54:11] [266/459] ACMC
[16:54:11] [267/459] DTPD
[16:54:12] [268/459] POJA
[16:54:13] [269/459] FNBH
[16:54:14] [270/459] CGCB
[16:54:15] [271/459] RACN
[16:54:16] [272/459] JTSM
[16:54:17] [273/459] SCDN
[16:54:17] [274/459] AACK
[16:54:18] [275/459] RMCE
[16:54:19] [276/459] BSGB
[16:54:20] [277/459] MRCB
[16:54:20] [278/459] SRVR
[16:54:21] [279/459] VTKK
[16:54:22] [280/459] AMST
[16:54:23] [281/459] APCY
[16:54:24] [282/459] LMHO
[16:54:25] [283/459] MTZH
[16:54:26] [284/459] AMZB
[16:54:26] [285/459] SUVT
[16:54:27] [286/459] RCIP
[16:54:28] [287/459] KESR
[16:54:29] [288/459] SNKC
[16:54:30] [289/459] SCED
[16:54:31] [290/459] DVCA
[16:54:32] [291/459] VCDT
[16:54:32] [292/459] RRDI
[16:54:33] [293/459] DFCH
[16:54:34] [294/459] INSC
[16:54:35] [295/459] RGTR
[16:54:35] [296/459] FMOT
[16:54:36] [297/459] SCPM
[16:54:37] [298/459] GCDT
[16:54:38] [299/459] BRKT
[16:54:39] [300/459] DEMP
[16:54:39] [301/459] SRLC
[16:54:41] [302/459] KSTT
[16:54:42] [303/459] SMMT
[16:54:43] [304/459] SILM
[16:54:44] [305/459] JCVM
[16:54:45] [306/459] KCSV
[16:54:46] [307/459] MHLK
[16:54:47] [308/459] SLVL
[16:54:48] [309/459] RJKP
[16:54:49] [310/459] BBPC
[16:54:50] [311/459] MXCB
[16:54:51] [312/459] TCPK
[16:54:51] [313/459] RTBR
[16:54:52] [314/459] GAUT
[16:54:54] [315/459] DVCF
[16:54:54] [316/459] JTSB
[16:54:55] [317/459] SBLS
[16:54:56] [318/459] UDAY
[16:54:56] [319/459] PTNP
[16:54:57] [320/459] DMKT
[16:54:58] [321/459] NTDT
[16:54:59] [322/459] SHDJ
[16:55:00] [323/459] OTNC
[16:55:01] [324/459] RNTW
[16:55:02] [325/459] GCMI
[16:55:02] [326/459] CRCM
[16:55:03] [327/459] NNCZ
[16:55:04] [328/459] OEMO
[16:55:05] [329/459] PVJM
[16:55:07] [330/459] CPJI
[16:55:07] [331/459] RMCJ
[16:55:08] [332/459] CNWJ
[16:55:09] [333/459] EPJM
[16:55:10] [334/459] FNJJ
[16:55:11] [335/459] GCMJ
[16:55:12] [336/459] INPS
[16:55:12] [337/459] BICJ
[16:55:13] [338/459] ISTJ
[16:55:14] [339/459] INJC
[16:55:15] [340/459] GLXJ
[16:55:16] [341/459] INEM
[16:55:17] [342/459] JTMN
[16:55:17] [343/459] FRCJ
[16:55:18] [344/459] DDJP
[16:55:19] [345/459] INJV
[16:55:20] [346/459] GOLC
[16:55:21] [347/459] KOCI
[16:55:21] [348/459] FSTD
[16:55:22] [349/459] PACJ
[16:55:24] [350/459] GMCN
[16:55:25] [351/459] MMDJ
[16:55:26] [352/459] GODH
[16:55:26] [353/459] SKYN
[16:55:27] [354/459] NCTH
[16:55:28] [355/459] SKVZ
[16:55:29] [356/459] SVML
[16:55:29] [357/459] ACVZ
[16:55:30] [358/459] SURA
[16:55:31] [359/459] RTRB
[16:55:32] [360/459] LLCT
[16:55:32] [361/459] ATTS
[16:55:33] [362/459] JYCM
[16:55:34] [363/459] CTKR
[16:55:35] [364/459] LCKR
[16:55:36] [365/459] NYCV
[16:55:37] [366/459] NYOH
[16:55:37] [367/459] NOVX
[16:55:38] [368/459] MRGK
[16:55:39] [369/459] MOON
[16:55:40] [370/459] SBUC
[16:55:41] [371/459] GSVA
[16:55:41] [372/459] VIAK
[16:55:42] [373/459] SMVZ
[16:55:43] [374/459] MATE
[16:55:44] [375/459] RDCN
[16:55:45] [376/459] ASBL
[16:55:46] [377/459] ASVS
[16:55:46] [378/459] ASSR
[16:55:47] [379/459] SSKN
[16:55:48] [380/459] DRPV
[16:55:49] [381/459] MRHT
[16:55:50] [382/459] BSCN
[16:55:51] [383/459] RKNX
[16:55:52] [384/459] MSMC
[16:55:53] [385/459] MSCJ
[16:55:54] [386/459] BTBJ
[16:55:55] [387/459] MJCC
[16:55:56] [388/459] IOMM
[16:55:57] [389/459] ADGR
[16:55:57] [390/459] MYCP
[16:55:58] [391/459] IGCM
[16:55:59] [392/459] PGRK
[16:56:00] [393/459] VPGO
[16:56:01] [394/459] KOMS
[16:56:02] [395/459] URGG
[16:56:02] [396/459] GOST
[16:56:04] [397/459] LACT
[16:56:05] [398/459] BWCM
[16:56:06] [399/459] NCCW
[16:56:06] [400/459] SKYC
[16:56:07] [401/459] CCPM
[16:56:08] [402/459] VCBT
[16:56:09] [403/459] SDKR
[16:56:10] [404/459] CTYB
[16:56:11] [405/459] SHCX
[16:56:12] [406/459] RCUN
[16:56:13] [407/459] CNRA
[16:56:13] [408/459] RFCA
[16:56:14] [409/459] RDCU
[16:56:15] [410/459] SARK
[16:56:16] [411/459] SPPP
[16:56:16] [412/459] ADMB
[16:56:17] [413/459] JYOE
[16:56:18] [414/459] SRMD
[16:56:19] [415/459] RJDH
[16:56:20] [416/459] SSTD
[16:56:20] [417/459] AACV
[16:56:21] [418/459] PPVD
[16:56:22] [419/459] STCP
[16:56:23] [420/459] ANJR
[16:56:24] [421/459] ANLS
[16:56:24] [422/459] BIJO
[16:56:25] [423/459] AVAB
[16:56:26] [424/459] SPMD
[16:56:26] [425/459] SVJL
[16:56:27] [426/459] SDDJ
[16:56:28] [427/459] SLTU
[16:56:29] [428/459] SAKA
[16:56:30] [429/459] PMAM
[16:56:30] [430/459] FNAM
[16:56:31] [431/459] ACAM
[16:56:32] [432/459] SCMM
[16:56:33] [433/459] PMAK
[16:56:34] [434/459] NYSA
[16:56:35] [435/459] FCPA
[16:56:36] [436/459] GDAN
[16:56:37] [437/459] RSCA
[16:56:38] [438/459] DMAN
[16:56:38] [439/459] DZCM
[16:56:39] [440/459] NSGL
[16:56:40] [441/459] CCPP
[16:56:41] [442/459] PSMG
[16:56:42] [443/459] GSER
[16:56:43] [444/459] FCCT
[16:56:43] [445/459] FCTB
[16:56:44] [446/459] LCNK
[16:56:45] [447/459] SKTY
[16:56:46] [448/459] INAA
[16:56:47] [449/459] RCWN
[16:56:47] [450/459] VAIS
[16:56:48] [451/459] CVMN
[16:56:49] [452/459] INTS
[16:56:49] [453/459] FRGS
[16:56:50] [454/459] DTCK
[16:56:51] [455/459] MCMH
[16:56:52] [456/459] ECRR
[16:56:53] [457/459] RLLP
[16:56:54] [458/459] CCSN
[16:56:55] [459/459] CCBA
[16:56:56] 🧹 Deduping shows
[16:56:56] ✅ DONE | Shows=667 | Movies=49
[04:52:34] 🚀 SCRIPT STARTED
[04:52:34] [1/459] MBDC
[04:52:34] 🧠 New identity created
[04:52:35] [2/459] CHKM
[04:52:35] [3/459] JTKZ
[04:52:36] [4/459] CMCT
[04:52:37] [5/459] ASHO
[04:52:38] [6/459] ECDG
[04:52:38] [7/459] SPAT
[04:52:39] [8/459] HILC
[04:52:39] [9/459] SPPH
[04:52:40] [10/459] SBHN
[04:52:41] [11/459] RRCA
[04:52:41] [12/459] APAA
[04:52:42] [13/459] RAME
[04:52:42] [14/459] TMMS
[04:52:43] [15/459] BATK
[04:52:43] [16/459] LKOP
[04:52:44] [17/459] AMTT
[04:52:44] [18/459] PTGK
[04:52:45] [19/459] ANRS
[04:52:46] [20/459] VWBW
[04:52:46] [21/459] SVFG
[04:52:47] [22/459] STAT
[04:52:47] [23/459] GDCV
[04:52:48] [24/459] VEBI
[04:52:49] [25/459] VDSS
[04:52:49] [26/459] NTHV
[04:52:50] [27/459] AOCH
[04:52:50] [28/459] KASR
[04:52:51] [29/459] AYCS
[04:52:51] [30/459] SHAI
[04:52:52] [31/459] SKPE
[04:52:52] [32/459] SBTA
[04:52:53] [33/459] RTTD
[04:52:54] [34/459] CCJD
[04:52:54] [35/459] RSJJ
[04:52:55] [36/459] RKND
[04:52:55] [37/459] SVTX
[04:52:56] [38/459] BAKM
[04:52:57] [39/459] SVDC
[04:52:57] [40/459] MNCV
[04:52:58] [41/459] SJGC
[04:52:58] [42/459] MTPK
[04:52:59] [43/459] GATP
[04:53:00] [44/459] ABTS
[04:53:00] [45/459] ABDE
[04:53:01] [46/459] RCNM
[04:53:01] [47/459] KTHV
[04:53:02] [48/459] MDGJ
[04:53:02] [49/459] SMLM
[04:53:03] [50/459] JTMA
[04:53:03] [51/459] ACKP
[04:53:04] [52/459] SRTA
[04:53:04] [53/459] STAY
[04:53:05] [54/459] MAVO
[04:53:06] [55/459] APTS
[04:53:06] [56/459] OMEA
[04:53:07] [57/459] TTFD
[04:53:08] [58/459] MJCU
[04:53:08] [59/459] CXTE
[04:53:09] [60/459] CTPX
[04:53:10] [61/459] ASSL
[04:53:10] [62/459] CMVB
[04:53:11] [63/459] VPUR
[04:53:11] [64/459] JJDA
[04:53:12] [65/459] INBL
[04:53:13] [66/459] BIKB
[04:53:13] [67/459] NTBB
[04:53:14] [68/459] GLOB
[04:53:14] [69/459] SNTB
[04:53:15] [70/459] CHGV
[04:53:15] [71/459] SSBZ
[04:53:16] [72/459] PRDB
[04:53:16] [73/459] ISMT
[04:53:17] [74/459] MCSD
[04:53:18] [75/459] JBTT
[04:53:18] [76/459] GEKR
[04:53:19] [77/459] PVUN
[04:53:20] [78/459] NRTB
[04:53:20] [79/459] PRAA
[04:53:21] [80/459] PCBL
[04:53:21] [81/459] PTCM
[04:53:22] [82/459] KHNN
[04:53:22] [83/459] OMJE
[04:53:23] [84/459] STGN
[04:53:24] [85/459] RPMS
[04:53:24] [86/459] NWAD
[04:53:25] [87/459] BLCK
[04:53:25] [88/459] SVAA
[04:53:26] [89/459] URVM
[04:53:27] [90/459] ANTM
[04:53:27] [91/459] VJYM
[04:53:27] [92/459] MAZZ
[04:53:28] [93/459] CSHM
[04:53:29] [94/459] WGMH
[04:53:29] [95/459] SALN
[04:53:30] [96/459] BRTP
[04:53:31] [97/459] SVTA
[04:53:31] [98/459] SBTP
[04:53:32] [99/459] VLSS
[04:53:32] [100/459] SRJA
[04:53:33] [101/459] ANCG
[04:53:34] [102/459] CGGC
[04:53:34] [103/459] CRJA
[04:53:35] [104/459] USCR
[04:53:35] [105/459] MMEF
[04:53:36] [106/459] JCRJ
[04:53:37] [107/459] ADCM
[04:53:37] [108/459] BMYK
[04:53:38] [109/459] KICS
[04:53:39] [110/459] MBBT
[04:53:39] [111/459] MACK
[04:53:40] [112/459] CLDR
[04:53:41] [113/459] JYCR
[04:53:41] [114/459] DCRP
[04:53:41] [115/459] RAHT
[04:53:42] [116/459] CSSM
[04:53:43] [117/459] ATPK
[04:53:43] [118/459] KLRT
[04:53:44] [119/459] SRDD
[04:53:45] [120/459] CKMC
[04:53:45] [121/459] KRVM
[04:53:46] [122/459] AKCP
[04:53:46] [123/459] CNCV
[04:53:47] [124/459] PACT
[04:53:47] [125/459] NATP
[04:53:48] [126/459] PCPK
[04:53:49] [127/459] SMHO
[04:53:49] [128/459] CWTK
[04:53:50] [129/459] RVKZ
[04:53:50] [130/459] ASPD
[04:53:51] [131/459] VTKZ
[04:53:51] [132/459] LCSO
[04:53:52] [133/459] PRDY
[04:53:52] [134/459] RCAP
[04:53:53] [135/459] RGAR
[04:53:53] [136/459] RCAC
[04:53:54] [137/459] PMOD
[04:53:54] [138/459] PVCN
[04:53:55] [139/459] SCRZ
[04:53:56] [140/459] PVPC
[04:53:56] [141/459] STID
[04:53:57] [142/459] NEDD
[04:53:57] [143/459] BNBA
[04:53:58] [144/459] NTCD
[04:53:59] [145/459] OCDE
[04:53:59] [146/459] CCDU
[04:54:00] [147/459] CRXH
[04:54:00] [148/459] VLVT
[04:54:01] [149/459] CICI
[04:54:01] [150/459] SUCB
[04:54:02] [151/459] TCBP
[04:54:03] [152/459] SCCY
[04:54:03] [153/459] LXCY
[04:54:04] [154/459] NCMD
[04:54:04] [155/459] PHCS
[04:54:05] [156/459] DUXR
[04:54:05] [157/459] VNKS
[04:54:06] [158/459] SEDP
[04:54:07] [159/459] SVEN
[04:54:07] [160/459] SRKM
[04:54:08] [161/459] JTLT
[04:54:08] [162/459] SVSS
[04:54:09] [163/459] AMDE
[04:54:09] [164/459] WVRN
[04:54:09] [165/459] ISMG
[04:54:10] [166/459] WVKS
[04:54:10] [167/459] USCG
[04:54:11] [168/459] IOTG
[04:54:12] [169/459] RRJM
[04:54:12] [170/459] EDMP
[04:54:13] [171/459] SCGZ
[04:54:13] [172/459] GMGX
[04:54:14] [173/459] OMTP
[04:54:15] [174/459] MITD
[04:54:15] [175/459] SMMD
[04:54:16] [176/459] STML
[04:54:16] [177/459] MCFS
[04:54:17] [178/459] FPKA
[04:54:18] [179/459] OMLR
[04:54:18] [180/459] KKSC
[04:54:18] [181/459] RVMA
[04:54:19] [182/459] SCLL
[04:54:20] [183/459] SCDK
[04:54:20] [184/459] SXMI
[04:54:21] [185/459] SHDN
[04:54:21] [186/459] PAAD
[04:54:22] [187/459] UUCB
[04:54:22] [188/459] JHOL
[04:54:23] [189/459] SGWT
[04:54:23] [190/459] SRII
[04:54:24] [191/459] SGCK
[04:54:24] [192/459] SVVB
[04:54:25] [193/459] DMHA
[04:54:26] [194/459] PPNL
[04:54:26] [195/459] CPNL
[04:54:27] [196/459] WVLD
[04:54:27] [197/459] PSLV
[04:54:28] [198/459] VTTL
[04:54:28] [199/459] NPAD
[04:54:29] [200/459] PVCS
[04:54:30] [201/459] MCHL
[04:54:30] [202/459] PPLL
[04:54:31] [203/459] MALO
[04:54:32] [204/459] SWBH
[04:54:32] [205/459] PUGB
[04:54:33] [206/459] INBB
[04:54:33] [207/459] INNS
[04:54:34] [208/459] MCPT
[04:54:34] [209/459] SCMI
[04:54:35] [210/459] OCON
[04:54:35] [211/459] SCSM
[04:54:36] [212/459] RJVN
[04:54:37] [213/459] AMDK
[04:54:37] [214/459] ISMR
[04:54:38] [215/459] SMTD
[04:54:39] [216/459] VTDD
[04:54:39] [217/459] PDDZ
[04:54:40] [218/459] PCCK
[04:54:40] [219/459] INAM
[04:54:41] [220/459] FNKT
[04:54:41] [221/459] GDKA
[04:54:42] [222/459] MAYU
[04:54:42] [223/459] TCGU
[04:54:43] [224/459] KDCA
[04:54:43] [225/459] DOMY
[04:54:44] [226/459] PDDD
[04:54:44] [227/459] BJTS
[04:54:45] [228/459] VTCA
[04:54:46] [229/459] SBTM
[04:54:46] [230/459] SEET
[04:54:47] [231/459] SSTJ
[04:54:47] [232/459] SVNT
[04:54:48] [233/459] PPPR
[04:54:49] [234/459] PVYS
[04:54:49] [235/459] IOSE
[04:54:50] [236/459] ACTV
[04:54:50] [237/459] APVE
[04:54:51] [238/459] TCCL
[04:54:51] [239/459] SCMO
[04:54:52] [240/459] SAUM
[04:54:52] [241/459] KCJS
[04:54:53] [242/459] NJCJ
[04:54:54] [243/459] NECF
[04:54:54] [244/459] CCGW
[04:54:55] [245/459] CCMG
[04:54:55] [246/459] NYRG
[04:54:56] [247/459] NCSQ
[04:54:57] [248/459] GRCG
[04:54:57] [249/459] CCBT
[04:54:58] [250/459] ACGA
[04:54:58] [251/459] INAG
[04:54:59] [252/459] FUCG
[04:54:59] [253/459] AICF
[04:55:00] [254/459] GRGA
[04:55:01] [255/459] GDCN
[04:55:01] [256/459] RRCG
[04:55:02] [257/459] SDCH
[04:55:03] [258/459] WVJM
[04:55:03] [259/459] JCCZ
[04:55:04] [260/459] CNCL
[04:55:04] [261/459] TMLV
[04:55:05] [262/459] MEMB
[04:55:05] [263/459] SGTD
[04:55:06] [264/459] CONX
[04:55:06] [265/459] CCMH
[04:55:07] [266/459] ACMC
[04:55:08] [267/459] DTPD
[04:55:08] [268/459] POJA
[04:55:09] [269/459] FNBH
[04:55:09] [270/459] CGCB
[04:55:10] [271/459] RACN
[04:55:10] [272/459] JTSM
[04:55:11] [273/459] SCDN
[04:55:11] [274/459] AACK
[04:55:12] [275/459] RMCE
[04:55:13] [276/459] BSGB
[04:55:13] [277/459] MRCB
[04:55:14] [278/459] SRVR
[04:55:15] [279/459] VTKK
[04:55:15] [280/459] AMST
[04:55:16] [281/459] APCY
[04:55:16] [282/459] LMHO
[04:55:17] [283/459] MTZH
[04:55:18] [284/459] AMZB
[04:55:18] [285/459] SUVT
[04:55:19] [286/459] RCIP
[04:55:19] [287/459] KESR
[04:55:20] [288/459] SNKC
[04:55:21] [289/459] SCED
[04:55:21] [290/459] DVCA
[04:55:22] [291/459] VCDT
[04:55:22] [292/459] RRDI
[04:55:23] [293/459] DFCH
[04:55:23] [294/459] INSC
[04:55:24] [295/459] RGTR
[04:55:24] [296/459] FMOT
[04:55:25] [297/459] SCPM
[04:55:25] [298/459] GCDT
[04:55:26] [299/459] BRKT
[04:55:27] [300/459] DEMP
[04:55:27] [301/459] SRLC
[04:55:28] [302/459] KSTT
[04:55:28] [303/459] SMMT
[04:55:29] [304/459] SILM
[04:55:30] [305/459] JCVM
[04:55:30] [306/459] KCSV
[04:55:30] [307/459] MHLK
[04:55:31] [308/459] SLVL
[04:55:32] [309/459] RJKP
[04:55:32] [310/459] BBPC
[04:55:33] [311/459] MXCB
[04:55:34] [312/459] TCPK
[04:55:34] [313/459] RTBR
[04:55:35] [314/459] GAUT
[04:55:35] [315/459] DVCF
[04:55:36] [316/459] JTSB
[04:55:36] [317/459] SBLS
[04:55:37] [318/459] UDAY
[04:55:38] [319/459] PTNP
[04:55:38] [320/459] DMKT
[04:55:39] [321/459] NTDT
[04:55:39] [322/459] SHDJ
[04:55:40] [323/459] OTNC
[04:55:40] [324/459] RNTW
[04:55:41] [325/459] GCMI
[04:55:41] [326/459] CRCM
[04:55:42] [327/459] NNCZ
[04:55:42] [328/459] OEMO
[04:55:43] [329/459] PVJM
[04:55:44] [330/459] CPJI
[04:55:44] [331/459] RMCJ
[04:55:45] [332/459] CNWJ
[04:55:46] [333/459] EPJM
[04:55:46] [334/459] FNJJ
[04:55:47] [335/459] GCMJ
[04:55:47] [336/459] INPS
[04:55:48] [337/459] BICJ
[04:55:48] [338/459] ISTJ
[04:55:49] [339/459] INJC
[04:55:49] [340/459] GLXJ
[04:55:50] [341/459] INEM
[04:55:50] [342/459] JTMN
[04:55:51] [343/459] FRCJ
[04:55:51] [344/459] DDJP
[04:55:52] [345/459] INJV
[04:55:52] [346/459] GOLC
[04:55:53] [347/459] KOCI
[04:55:53] [348/459] FSTD
[04:55:54] [349/459] PACJ
[04:55:55] [350/459] GMCN
[04:55:55] [351/459] MMDJ
[04:55:56] [352/459] GODH
[04:55:56] [353/459] SKYN
[04:55:57] [354/459] NCTH
[04:55:57] [355/459] SKVZ
[04:55:58] [356/459] SVML
[04:55:58] [357/459] ACVZ
[04:55:59] [358/459] SURA
[04:55:59] [359/459] RTRB
[04:56:00] [360/459] LLCT
[04:56:00] [361/459] ATTS
[04:56:01] [362/459] JYCM
[04:56:01] [363/459] CTKR
[04:56:02] [364/459] LCKR
[04:56:03] [365/459] NYCV
[04:56:03] [366/459] NYOH
[04:56:04] [367/459] NOVX
[04:56:04] [368/459] MRGK
[04:56:05] [369/459] MOON
[04:56:05] [370/459] SBUC
[04:56:06] [371/459] GSVA
[04:56:07] [372/459] VIAK
[04:56:07] [373/459] SMVZ
[04:56:08] [374/459] MATE
[04:56:08] [375/459] RDCN
[04:56:09] [376/459] ASBL
[04:56:09] [377/459] ASVS
[04:56:09] [378/459] ASSR
[04:56:10] [379/459] SSKN
[04:56:11] [380/459] DRPV
[04:56:11] [381/459] MRHT
[04:56:11] [382/459] BSCN
[04:56:12] [383/459] RKNX
[04:56:12] [384/459] MSMC
[04:56:13] [385/459] MSCJ
[04:56:13] [386/459] BTBJ
[04:56:14] [387/459] MJCC
[04:56:15] [388/459] IOMM
[04:56:15] [389/459] ADGR
[04:56:16] [390/459] MYCP
[04:56:16] [391/459] IGCM
[04:56:17] [392/459] PGRK
[04:56:17] [393/459] VPGO
[04:56:18] [394/459] KOMS
[04:56:19] [395/459] URGG
[04:56:19] [396/459] GOST
[04:56:20] [397/459] LACT
[04:56:20] [398/459] BWCM
[04:56:21] [399/459] NCCW
[04:56:22] [400/459] SKYC
[04:56:22] [401/459] CCPM
[04:56:23] [402/459] VCBT
[04:56:23] [403/459] SDKR
[04:56:24] [404/459] CTYB
[04:56:24] [405/459] SHCX
[04:56:25] [406/459] RCUN
[04:56:26] [407/459] CNRA
[04:56:26] [408/459] RFCA
[04:56:27] [409/459] RDCU
[04:56:27] [410/459] SARK
[04:56:28] [411/459] SPPP
[04:56:28] [412/459] ADMB
[04:56:29] [413/459] JYOE
[04:56:30] [414/459] SRMD
[04:56:30] [415/459] RJDH
[04:56:31] [416/459] SSTD
[04:56:31] [417/459] AACV
[04:56:32] [418/459] PPVD
[04:56:32] [419/459] STCP
[04:56:33] [420/459] ANJR
[04:56:33] [421/459] ANLS
[04:56:34] [422/459] BIJO
[04:56:35] [423/459] AVAB
[04:56:35] [424/459] SPMD
[04:56:35] [425/459] SVJL
[04:56:36] [426/459] SDDJ
[04:56:37] [427/459] SLTU
[04:56:38] [428/459] SAKA
[04:56:38] [429/459] PMAM
[04:56:39] [430/459] FNAM
[04:56:39] [431/459] ACAM
[04:56:40] [432/459] SCMM
[04:56:40] [433/459] PMAK
[04:56:41] [434/459] NYSA
[04:56:41] [435/459] FCPA
[04:56:42] [436/459] GDAN
[04:56:43] [437/459] RSCA
[04:56:43] [438/459] DMAN
[04:56:44] [439/459] DZCM
[04:56:44] [440/459] NSGL
[04:56:45] [441/459] CCPP
[04:56:46] [442/459] PSMG
[04:56:46] [443/459] GSER
[04:56:47] [444/459] FCCT
[04:56:47] [445/459] FCTB
[04:56:48] [446/459] LCNK
[04:56:48] [447/459] SKTY
[04:56:49] [448/459] INAA
[04:56:49] [449/459] RCWN
[04:56:50] [450/459] VAIS
[04:56:50] [451/459] CVMN
[04:56:51] [452/459] INTS
[04:56:52] [453/459] FRGS
[04:56:52] [454/459] DTCK
[04:56:53] [455/459] MCMH
[04:56:53] [456/459] ECRR
[04:56:54] [457/459] RLLP
[04:56:54] [458/459] CCSN
[04:56:55] [459/459] CCBA
[04:56:55] 🧹 Deduping shows
[04:56:55] ✅ DONE | Shows=846 | Movies=62
[12:01:56] 🚀 SCRIPT STARTED
[12:01:56] [1/459] MBDC
[12:01:56] 🧠 New identity created
[12:01:57] [2/459] CHKM
[12:01:58] [3/459] JTKZ
[12:01:59] [4/459] CMCT
[12:02:00] [5/459] ASHO
[12:02:01] [6/459] ECDG
[12:02:02] [7/459] SPAT
[12:02:03] [8/459] HILC
[12:02:04] [9/459] SPPH
[12:02:05] [10/459] SBHN
[12:02:06] [11/459] RRCA
[12:02:07] [12/459] APAA
[12:02:08] [13/459] RAME
[12:02:09] [14/459] TMMS
[12:02:11] [15/459] BATK
[12:02:12] [16/459] LKOP
[12:02:13] [17/459] AMTT
[12:02:13] [18/459] PTGK
[12:02:14] [19/459] ANRS
[12:02:16] [20/459] VWBW
[12:02:17] [21/459] SVFG
[12:02:18] [22/459] STAT
[12:02:19] [23/459] GDCV
[12:02:20] [24/459] VEBI
[12:02:21] [25/459] VDSS
[12:02:22] [26/459] NTHV
[12:02:23] [27/459] AOCH
[12:02:24] [28/459] KASR
[12:02:25] [29/459] AYCS
[12:02:26] [30/459] SHAI
[12:02:27] [31/459] SKPE
[12:02:28] [32/459] SBTA
[12:02:29] [33/459] RTTD
[12:02:30] [34/459] CCJD
[12:02:31] [35/459] RSJJ
[12:02:32] [36/459] RKND
[12:02:33] [37/459] SVTX
[12:02:34] [38/459] BAKM
[12:02:35] [39/459] SVDC
[12:02:36] [40/459] MNCV
[12:02:37] [41/459] SJGC
[12:02:38] [42/459] MTPK
[12:02:39] [43/459] GATP
[12:02:39] [44/459] ABTS
[12:02:40] [45/459] ABDE
[12:02:41] [46/459] RCNM
[12:02:42] [47/459] KTHV
[12:02:43] [48/459] MDGJ
[12:02:44] [49/459] SMLM
[12:02:44] [50/459] JTMA
[12:02:45] [51/459] ACKP
[12:02:46] [52/459] SRTA
[12:02:47] [53/459] STAY
[12:02:48] [54/459] MAVO
[12:02:49] [55/459] APTS
[12:02:49] [56/459] OMEA
[12:02:50] [57/459] TTFD
[12:02:51] [58/459] MJCU
[12:02:52] [59/459] CXTE
[12:02:53] [60/459] CTPX
[12:02:53] [61/459] ASSL
[12:02:54] [62/459] CMVB
[12:02:55] [63/459] VPUR
[12:02:56] [64/459] JJDA
[12:02:58] [65/459] INBL
[12:02:59] [66/459] BIKB
[12:03:00] [67/459] NTBB
[12:03:01] [68/459] GLOB
[12:03:01] [69/459] SNTB
[12:03:02] [70/459] CHGV
[12:03:03] [71/459] SSBZ
[12:03:05] [72/459] PRDB
[12:03:06] [73/459] ISMT
[12:03:06] [74/459] MCSD
[12:03:08] [75/459] JBTT
[12:03:09] [76/459] GEKR
[12:03:09] [77/459] PVUN
[12:03:10] [78/459] NRTB
[12:03:11] [79/459] PRAA
[12:03:12] [80/459] PCBL
[12:03:13] [81/459] PTCM
[12:03:14] [82/459] KHNN
[12:03:15] [83/459] OMJE
[12:03:16] [84/459] STGN
[12:03:16] [85/459] RPMS
[12:03:18] [86/459] NWAD
[12:03:18] [87/459] BLCK
[12:03:20] [88/459] SVAA
[12:03:20] [89/459] URVM
[12:03:21] [90/459] ANTM
[12:03:22] [91/459] VJYM
[12:03:23] [92/459] MAZZ
[12:03:24] [93/459] CSHM
[12:03:25] [94/459] WGMH
[12:03:26] [95/459] SALN
[12:03:27] [96/459] BRTP
[12:03:28] [97/459] SVTA
[12:03:29] [98/459] SBTP
[12:03:30] [99/459] VLSS
[12:03:31] [100/459] SRJA
[12:03:32] [101/459] ANCG
[12:03:33] [102/459] CGGC
[12:03:33] [103/459] CRJA
[12:03:34] [104/459] USCR
[12:03:35] [105/459] MMEF
[12:03:36] [106/459] JCRJ
[12:03:37] [107/459] ADCM
[12:03:38] [108/459] BMYK
[12:03:39] [109/459] KICS
[12:03:40] [110/459] MBBT
[12:03:41] [111/459] MACK
[12:03:42] [112/459] CLDR
[12:03:43] [113/459] JYCR
[12:03:44] [114/459] DCRP
[12:03:45] [115/459] RAHT
[12:03:45] [116/459] CSSM
[12:03:46] [117/459] ATPK
[12:03:47] [118/459] KLRT
[12:03:49] [119/459] SRDD
[12:03:49] [120/459] CKMC
[12:03:50] [121/459] KRVM
[12:03:51] [122/459] AKCP
[12:03:52] [123/459] CNCV
[12:03:53] [124/459] PACT
[12:03:54] [125/459] NATP
[12:03:55] [126/459] PCPK
[12:03:56] [127/459] SMHO
[12:03:57] [128/459] CWTK
[12:03:58] [129/459] RVKZ
[12:03:59] [130/459] ASPD
[12:03:59] [131/459] VTKZ
[12:04:00] [132/459] LCSO
[12:04:02] [133/459] PRDY
[12:04:04] [134/459] RCAP
[12:04:04] [135/459] RGAR
[12:04:05] [136/459] RCAC
[12:04:06] [137/459] PMOD
[12:04:07] [138/459] PVCN
[12:04:08] [139/459] SCRZ
[12:04:09] [140/459] PVPC
[12:04:09] [141/459] STID
[12:04:10] [142/459] NEDD
[12:04:11] [143/459] BNBA
[12:04:12] [144/459] NTCD
[12:04:13] [145/459] OCDE
[12:04:14] [146/459] CCDU
[12:04:15] [147/459] CRXH
[12:04:16] [148/459] VLVT
[12:04:17] [149/459] CICI
[12:04:18] [150/459] SUCB
[12:04:19] [151/459] TCBP
[12:04:20] [152/459] SCCY
[12:04:21] [153/459] LXCY
[12:04:22] [154/459] NCMD
[12:04:23] [155/459] PHCS
[12:04:24] [156/459] DUXR
[12:04:25] [157/459] VNKS
[12:04:25] [158/459] SEDP
[12:04:26] [159/459] SVEN
[12:04:27] [160/459] SRKM
[12:04:28] [161/459] JTLT
[12:04:29] [162/459] SVSS
[12:04:29] [163/459] AMDE
[12:04:30] [164/459] WVRN
[12:04:31] [165/459] ISMG
[12:04:32] [166/459] WVKS
[12:04:33] [167/459] USCG
[12:04:34] [168/459] IOTG
[12:04:35] [169/459] RRJM
[12:04:35] [170/459] EDMP
[12:04:36] [171/459] SCGZ
[12:04:37] [172/459] GMGX
[12:04:38] [173/459] OMTP
[12:04:39] [174/459] MITD
[12:04:39] [175/459] SMMD
[12:04:40] [176/459] STML
[12:04:42] [177/459] MCFS
[12:04:43] [178/459] FPKA
[12:04:44] [179/459] OMLR
[12:04:44] [180/459] KKSC
[12:04:45] [181/459] RVMA
[12:04:46] [182/459] SCLL
[12:04:47] [183/459] SCDK
[12:04:48] [184/459] SXMI
[12:04:49] [185/459] SHDN
[12:04:49] [186/459] PAAD
[12:04:50] [187/459] UUCB
[12:04:51] [188/459] JHOL
[12:04:52] [189/459] SGWT
[12:04:53] [190/459] SRII
[12:04:53] [191/459] SGCK
[12:04:55] [192/459] SVVB
[12:04:56] [193/459] DMHA
[12:04:57] [194/459] PPNL
[12:04:57] [195/459] CPNL
[12:04:59] [196/459] WVLD
[12:05:01] [197/459] PSLV
[12:05:02] [198/459] VTTL
[12:05:03] [199/459] NPAD
[12:05:03] [200/459] PVCS
[12:05:04] [201/459] MCHL
[12:05:05] [202/459] PPLL
[12:05:06] [203/459] MALO
[12:05:07] [204/459] SWBH
[12:05:08] [205/459] PUGB
[12:05:09] [206/459] INBB
[12:05:10] [207/459] INNS
[12:05:10] [208/459] MCPT
[12:05:11] [209/459] SCMI
[12:05:12] [210/459] OCON
[12:05:13] [211/459] SCSM
[12:05:14] [212/459] RJVN
[12:05:16] [213/459] AMDK
[12:05:16] [214/459] ISMR
[12:05:17] [215/459] SMTD
[12:05:19] [216/459] VTDD
[12:05:20] [217/459] PDDZ
[12:05:21] [218/459] PCCK
[12:05:22] [219/459] INAM
[12:05:23] [220/459] FNKT
[12:05:24] [221/459] GDKA
[12:05:25] [222/459] MAYU
[12:05:26] [223/459] TCGU
[12:05:27] [224/459] KDCA
[12:05:28] [225/459] DOMY
[12:05:29] [226/459] PDDD
[12:05:30] [227/459] BJTS
[12:05:30] [228/459] VTCA
[12:05:31] [229/459] SBTM
[12:05:32] [230/459] SEET
[12:05:33] [231/459] SSTJ
[12:05:34] [232/459] SVNT
[12:05:34] [233/459] PPPR
[12:05:35] [234/459] PVYS
[12:05:36] [235/459] IOSE
[12:05:37] [236/459] ACTV
[12:05:38] [237/459] APVE
[12:05:39] [238/459] TCCL
[12:05:39] [239/459] SCMO
[12:05:40] [240/459] SAUM
[12:05:41] [241/459] KCJS
[12:05:42] [242/459] NJCJ
[12:05:44] [243/459] NECF
[12:05:45] [244/459] CCGW
[12:05:46] [245/459] CCMG
[12:05:48] [246/459] NYRG
[12:05:49] [247/459] NCSQ
[12:05:50] [248/459] GRCG
[12:05:51] [249/459] CCBT
[12:05:51] [250/459] ACGA
[12:05:52] [251/459] INAG
[12:05:53] [252/459] FUCG
[12:05:54] [253/459] AICF
[12:05:55] [254/459] GRGA
[12:05:55] [255/459] GDCN
[12:05:56] [256/459] RRCG
[12:05:57] [257/459] SDCH
[12:05:58] [258/459] WVJM
[12:05:59] [259/459] JCCZ
[12:05:59] [260/459] CNCL
[12:06:00] [261/459] TMLV
[12:06:01] [262/459] MEMB
[12:06:02] [263/459] SGTD
[12:06:02] [264/459] CONX
[12:06:04] [265/459] CCMH
[12:06:04] [266/459] ACMC
[12:06:05] [267/459] DTPD
[12:06:06] [268/459] POJA
[12:06:07] [269/459] FNBH
[12:06:07] [270/459] CGCB
[12:06:08] [271/459] RACN
[12:06:09] [272/459] JTSM
[12:06:10] [273/459] SCDN
[12:06:11] [274/459] AACK
[12:06:12] [275/459] RMCE
[12:06:13] [276/459] BSGB
[12:06:15] [277/459] MRCB
[12:06:16] [278/459] SRVR
[12:06:17] [279/459] VTKK
[12:06:18] [280/459] AMST
[12:06:19] [281/459] APCY
[12:06:19] [282/459] LMHO
[12:06:20] [283/459] MTZH
[12:06:21] [284/459] AMZB
[12:06:22] [285/459] SUVT
[12:06:22] [286/459] RCIP
[12:06:23] [287/459] KESR
[12:06:24] [288/459] SNKC
[12:06:25] [289/459] SCED
[12:06:26] [290/459] DVCA
[12:06:26] [291/459] VCDT
[12:06:28] [292/459] RRDI
[12:06:28] [293/459] DFCH
[12:06:29] [294/459] INSC
[12:06:30] [295/459] RGTR
[12:06:31] [296/459] FMOT
[12:06:32] [297/459] SCPM
[12:06:33] [298/459] GCDT
[12:06:34] [299/459] BRKT
[12:06:36] [300/459] DEMP
[12:06:36] [301/459] SRLC
[12:06:37] [302/459] KSTT
[12:06:38] [303/459] SMMT
[12:06:40] [304/459] SILM
[12:06:41] [305/459] JCVM
[12:06:41] [306/459] KCSV
[12:06:43] [307/459] MHLK
[12:06:44] [308/459] SLVL
[12:06:45] [309/459] RJKP
[12:06:46] [310/459] BBPC
[12:06:46] [311/459] MXCB
[12:06:47] [312/459] TCPK
[12:06:48] [313/459] RTBR
[12:06:49] [314/459] GAUT
[12:06:49] [315/459] DVCF
[12:06:50] [316/459] JTSB
[12:06:51] [317/459] SBLS
[12:06:52] [318/459] UDAY
[12:06:53] [319/459] PTNP
[12:06:53] [320/459] DMKT
[12:06:54] [321/459] NTDT
[12:06:55] [322/459] SHDJ
[12:06:56] [323/459] OTNC
[12:06:56] [324/459] RNTW
[12:06:57] [325/459] GCMI
[12:06:58] [326/459] CRCM
[12:06:59] [327/459] NNCZ
[12:07:00] [328/459] OEMO
[12:07:01] [329/459] PVJM
[12:07:02] [330/459] CPJI
[12:07:02] [331/459] RMCJ
[12:07:03] [332/459] CNWJ
[12:07:04] [333/459] EPJM
[12:07:05] [334/459] FNJJ
[12:07:06] [335/459] GCMJ
[12:07:07] [336/459] INPS
[12:07:08] [337/459] BICJ
[12:07:09] [338/459] ISTJ
[12:07:10] [339/459] INJC
[12:07:11] [340/459] GLXJ
[12:07:12] [341/459] INEM
[12:07:12] [342/459] JTMN
[12:07:13] [343/459] FRCJ
[12:07:14] [344/459] DDJP
[12:07:15] [345/459] INJV
[12:07:16] [346/459] GOLC
[12:07:17] [347/459] KOCI
[12:07:17] [348/459] FSTD
[12:07:18] [349/459] PACJ
[12:07:19] [350/459] GMCN
[12:07:20] [351/459] MMDJ
[12:07:21] [352/459] GODH
[12:07:22] [353/459] SKYN
[12:07:24] [354/459] NCTH
[12:07:25] [355/459] SKVZ
[12:07:26] [356/459] SVML
[12:07:26] [357/459] ACVZ
[12:07:27] [358/459] SURA
[12:07:28] [359/459] RTRB
[12:07:29] [360/459] LLCT
[12:07:30] [361/459] ATTS
[12:07:30] [362/459] JYCM
[12:07:31] [363/459] CTKR
[12:07:32] [364/459] LCKR
[12:07:33] [365/459] NYCV
[12:07:34] [366/459] NYOH
[12:07:34] [367/459] NOVX
[12:07:35] [368/459] MRGK
[12:07:36] [369/459] MOON
[12:07:37] [370/459] SBUC
[12:07:38] [371/459] GSVA
[12:07:40] [372/459] VIAK
[12:07:41] [373/459] SMVZ
[12:07:41] [374/459] MATE
[12:07:42] [375/459] RDCN
[12:07:43] [376/459] ASBL
[12:07:44] [377/459] ASVS
[12:07:45] [378/459] ASSR
[12:07:47] [379/459] SSKN
[12:07:48] [380/459] DRPV
[12:07:48] [381/459] MRHT
[12:07:49] [382/459] BSCN
[12:07:50] [383/459] RKNX
[12:07:51] [384/459] MSMC
[12:07:51] [385/459] MSCJ
[12:07:52] [386/459] BTBJ
[12:07:53] [387/459] MJCC
[12:07:55] [388/459] IOMM
[12:07:55] [389/459] ADGR
[12:07:57] [390/459] MYCP
[12:07:58] [391/459] IGCM
[12:07:58] [392/459] PGRK
[12:07:59] [393/459] VPGO
[12:08:01] [394/459] KOMS
[12:08:01] [395/459] URGG
[12:08:02] [396/459] GOST
[12:08:03] [397/459] LACT
[12:08:04] [398/459] BWCM
[12:08:05] [399/459] NCCW
[12:08:06] [400/459] SKYC
[12:08:07] [401/459] CCPM
[12:08:07] [402/459] VCBT
[12:08:08] [403/459] SDKR
[12:08:09] [404/459] CTYB
[12:08:10] [405/459] SHCX
[12:08:11] [406/459] RCUN
[12:08:12] [407/459] CNRA
[12:08:12] [408/459] RFCA
[12:08:13] [409/459] RDCU
[12:08:14] [410/459] SARK
[12:08:15] [411/459] SPPP
[12:08:16] [412/459] ADMB
[12:08:17] [413/459] JYOE
[12:08:18] [414/459] SRMD
[12:08:19] [415/459] RJDH
[12:08:19] [416/459] SSTD
[12:08:20] [417/459] AACV
[12:08:21] [418/459] PPVD
[12:08:23] [419/459] STCP
[12:08:23] [420/459] ANJR
[12:08:24] [421/459] ANLS
[12:08:25] [422/459] BIJO
[12:08:26] [423/459] AVAB
[12:08:27] [424/459] SPMD
[12:08:28] [425/459] SVJL
[12:08:29] [426/459] SDDJ
[12:08:30] [427/459] SLTU
[12:08:31] [428/459] SAKA
[12:08:32] [429/459] PMAM
[12:08:32] [430/459] FNAM
[12:08:33] [431/459] ACAM
[12:08:34] [432/459] SCMM
[12:08:35] [433/459] PMAK
[12:08:36] [434/459] NYSA
[12:08:36] [435/459] FCPA
[12:08:37] [436/459] GDAN
[12:08:38] [437/459] RSCA
[12:08:39] [438/459] DMAN
[12:08:39] [439/459] DZCM
[12:08:41] [440/459] NSGL
[12:08:42] [441/459] CCPP
[12:08:42] [442/459] PSMG
[12:08:43] [443/459] GSER
[12:08:44] [444/459] FCCT
[12:08:45] [445/459] FCTB
[12:08:45] [446/459] LCNK
[12:08:46] [447/459] SKTY
[12:08:47] [448/459] INAA
[12:08:48] [449/459] RCWN
[12:08:49] [450/459] VAIS
[12:08:50] [451/459] CVMN
[12:08:51] [452/459] INTS
[12:08:52] [453/459] FRGS
[12:08:53] [454/459] DTCK
[12:08:54] [455/459] MCMH
[12:08:55] [456/459] ECRR
[12:08:55] [457/459] RLLP
[12:08:56] [458/459] CCSN
[12:08:57] [459/459] CCBA
[12:08:58] 🧹 Deduping shows
[12:08:58] ✅ DONE | Shows=874 | Movies=61
