[10:17:51] 🚀 SCRIPT STARTED
[10:17:51] [1/459] FNDB
[10:17:51] 🧠 New identity created
[10:17:52] [2/459] AMBH
[10:17:53] [3/459] PRHN
[10:17:54] [4/459] ACPM
[10:17:55] [5/459] PVFS
[10:17:56] [6/459] AACN
[10:17:57] [7/459] ACAS
[10:17:58] [8/459] CTNR
[10:17:59] [9/459] MMAH
[10:17:59] [10/459] CPMH
[10:18:01] [11/459] IGMH
[10:18:02] [12/459] ABCS
[10:18:03] [13/459] CMMA
[10:18:04] [14/459] GPRH
[10:18:05] [15/459] PNNG
[10:18:06] [16/459] AMCA
[10:18:08] [17/459] ISTN
[10:18:08] [18/459] PIIC
[10:18:09] [19/459] AHMH
[10:18:11] [20/459] ASHN
[10:18:13] [21/459] INHY
[10:18:14] [22/459] SRMO
[10:18:15] [23/459] PIMH
[10:18:15] [24/459] PVTS
[10:18:16] [25/459] MMCA
[10:18:18] [26/459] AKYJ
[10:18:19] [27/459] BRKH
[10:18:20] [28/459] MAHM
[10:18:21] [29/459] CPHY
[10:18:21] [30/459] PVTP
[10:18:22] [31/459] SMMR
[10:18:23] [32/459] PVHM
[10:18:24] [33/459] SNDY
[10:18:25] [34/459] GOKU
[10:18:26] [35/459] ACEV
[10:18:27] [36/459] PVUM
[10:18:28] [37/459] VSWA
[10:18:28] [38/459] IPRS
[10:18:29] [39/459] ASGN
[10:18:30] [40/459] BKMV
[10:18:31] [41/459] PVYH
[10:18:32] [42/459] INKM
[10:18:34] [43/459] ARJU
[10:18:35] [44/459] JJPP
[10:18:36] [45/459] SSRM
[10:18:36] [46/459] HMHD
[10:18:37] [47/459] SNKH
[10:18:38] [48/459] ACHI
[10:18:39] [49/459] MRAA
[10:18:40] [50/459] INMH
[10:18:41] [51/459] ARMH
[10:18:42] [52/459] DVRR
[10:18:43] [53/459] SUDA
[10:18:44] [54/459] MCSS
[10:18:45] [55/459] VRKC
[10:18:46] [56/459] PRCX
[10:18:47] [57/459] ASJY
[10:18:48] [58/459] MTHY
[10:18:48] [59/459] SRCM
[10:18:49] [60/459] TVHY
[10:18:50] [61/459] STHD
[10:18:52] [62/459] CPCL
[10:18:53] [63/459] PSMJ
[10:18:54] [64/459] MRGT
[10:18:55] [65/459] ARYH
[10:18:56] [66/459] VTRB
[10:18:57] [67/459] SCHC
[10:18:58] [68/459] MRRG
[10:18:59] [69/459] SPCB
[10:19:00] [70/459] AMCM
[10:19:01] [71/459] IVNM
[10:19:02] [72/459] TRHY
[10:19:03] [73/459] PTTH
[10:19:04] [74/459] RKMH
[10:19:05] [75/459] PRCS
[10:19:06] [76/459] VAJA
[10:19:08] [77/459] BJNG
[10:19:08] [78/459] SCVM
[10:19:10] [79/459] GNHB
[10:19:10] [80/459] TLUR
[10:19:11] [81/459] UKCC
[10:19:12] [82/459] SRKR
[10:19:13] [83/459] RMKN
[10:19:14] [84/459] SLRT
[10:19:14] [85/459] LKMT
[10:19:15] [86/459] SSRJ
[10:19:17] [87/459] SPHT
[10:19:18] [88/459] ANTT
[10:19:19] [89/459] SRCH
[10:19:20] [90/459] SRCA
[10:19:21] [91/459] ARTH
[10:19:21] [92/459] MCBH
[10:19:22] [93/459] SNIB
[10:19:23] [94/459] SART
[10:19:25] [95/459] SKTA
[10:19:26] [96/459] YAKT
[10:19:27] [97/459] MLCK
[10:19:28] [98/459] ANTS
[10:19:29] [99/459] DGCA
[10:19:30] [100/459] SGMP
[10:19:30] [101/459] ASWN
[10:19:32] [102/459] KFVU
[10:19:32] [103/459] POOR
[10:19:33] [104/459] GKDN
[10:19:34] [105/459] EOSE
[10:19:35] [106/459] GTTT
[10:19:36] [107/459] ARRO
[10:19:37] [108/459] CMMK
[10:19:38] [109/459] MSCN
[10:19:39] [110/459] GDKH
[10:19:40] [111/459] DLMT
[10:19:41] [112/459] PVMF
[10:19:42] [113/459] CPCK
[10:19:42] [114/459] VMHE
[10:19:43] [115/459] PVLC
[10:19:44] [116/459] PCVB
[10:19:45] [117/459] SNYK
[10:19:46] [118/459] KTEK
[10:19:47] [119/459] PCNM
[10:19:48] [120/459] NTTR
[10:19:49] [121/459] CPSK
[10:19:50] [122/459] JMMA
[10:19:51] [123/459] GCFK
[10:19:52] [124/459] MYCA
[10:19:53] [125/459] KSNP
[10:19:54] [126/459] PMCE
[10:19:55] [127/459] SCKI
[10:19:56] [128/459] FSMA
[10:19:56] [129/459] CETA
[10:19:57] [130/459] MCIK
[10:19:58] [131/459] MYCR
[10:19:59] [132/459] EVMP
[10:20:00] [133/459] SSGT
[10:20:01] [134/459] KCTK
[10:20:02] [135/459] ZTKC
[10:20:03] [136/459] MMTA
[10:20:03] [137/459] MAJT
[10:20:04] [138/459] ACPK
[10:20:05] [139/459] JMAX
[10:20:06] [140/459] SETK
[10:20:07] [141/459] CAIS
[10:20:08] [142/459] AGCD
[10:20:09] [143/459] URCL
[10:20:10] [144/459] VTDS
[10:20:11] [145/459] JCNM
[10:20:12] [146/459] KCAM
[10:20:13] [147/459] ADCU
[10:20:14] [148/459] GXYN
[10:20:15] [149/459] SMJG
[10:20:16] [150/459] EYCJ
[10:20:17] [151/459] CCEJ
[10:20:18] [152/459] MARS
[10:20:20] [153/459] CPVJ
[10:20:21] [154/459] INVP
[10:20:22] [155/459] CPOV
[10:20:22] [156/459] VIJK
[10:20:23] [157/459] LAIM
[10:20:25] [158/459] STHV
[10:20:26] [159/459] SVLJ
[10:20:27] [160/459] ATVJ
[10:20:28] [161/459] JTSC
[10:20:28] [162/459] RMTV
[10:20:29] [163/459] MGGG
[10:20:30] [164/459] SWTH
[10:20:31] [165/459] INVJ
[10:20:32] [166/459] PRSV
[10:20:34] [167/459] JATV
[10:20:35] [168/459] RCVD
[10:20:36] [169/459] BDMA
[10:20:37] [170/459] BLJI
[10:20:38] [171/459] SWOT
[10:20:39] [172/459] SWRN
[10:20:41] [173/459] TVRA
[10:20:41] [174/459] VCSV
[10:20:42] [175/459] NVRN
[10:20:43] [176/459] SIKC
[10:20:44] [177/459] VAKR
[10:20:45] [178/459] SYLN
[10:20:46] [179/459] KLJL
[10:20:47] [180/459] LKMY
[10:20:47] [181/459] VSLY
[10:20:48] [182/459] CIKO
[10:20:50] [183/459] GPBG
[10:20:51] [184/459] CECM
[10:20:52] [185/459] SLKB
[10:20:52] [186/459] MTBO
[10:20:53] [187/459] SSHB
[10:20:54] [188/459] VPCS
[10:20:55] [189/459] RCSR
[10:20:56] [190/459] RJRM
[10:20:57] [191/459] KPPB
[10:20:58] [192/459] SEDC
[10:20:58] [193/459] SCAI
[10:20:59] [194/459] RMTR
[10:21:00] [195/459] ASST
[10:21:01] [196/459] GCAK
[10:21:02] [197/459] ANNK
[10:21:03] [198/459] KDDF
[10:21:04] [199/459] NRDP
[10:21:05] [200/459] PLAK
[10:21:05] [201/459] GCMC
[10:21:06] [202/459] ALPY
[10:21:07] [203/459] SICE
[10:21:08] [204/459] SISR
[10:21:09] [205/459] SRPZ
[10:21:10] [206/459] SRSW
[10:21:10] [207/459] SUYA
[10:21:11] [208/459] AMMT
[10:21:12] [209/459] BHCU
[10:21:13] [210/459] KLPA
[10:21:14] [211/459] NVKH
[10:21:15] [212/459] JMRC
[10:21:15] [213/459] KTTT
[10:21:17] [214/459] MAGH
[10:21:18] [215/459] MMMX
[10:21:19] [216/459] SALJ
[10:21:19] [217/459] GTJA
[10:21:20] [218/459] MAHT
[10:21:22] [219/459] SSNN
[10:21:23] [220/459] ARRP
[10:21:24] [221/459] ATNS
[10:21:25] [222/459] SKDT
[10:21:25] [223/459] ACAT
[10:21:26] [224/459] APRC
[10:21:27] [225/459] SWAG
[10:21:28] [226/459] SDPT
[10:21:29] [227/459] STPS
[10:21:30] [228/459] WWCZ
[10:21:30] [229/459] LLCH
[10:21:31] [230/459] MZHA
[10:21:32] [231/459] CRJG
[10:21:33] [232/459] JGTK
[10:21:35] [233/459] KCSR
[10:21:36] [234/459] CHTL
[10:21:37] [235/459] EDSR
[10:21:37] [236/459] CSWO
[10:21:38] [237/459] CPVM
[10:21:39] [238/459] MXBY
[10:21:41] [239/459] FMMA
[10:21:42] [240/459] POVI
[10:21:43] [241/459] MTHB
[10:21:44] [242/459] INRC
[10:21:44] [243/459] PIPP
[10:21:45] [244/459] BMXC
[10:21:46] [245/459] PCMM
[10:21:48] [246/459] PMKM
[10:21:49] [247/459] GATY
[10:21:50] [248/459] IMCM
[10:21:51] [249/459] POPE
[10:21:52] [250/459] MTCR
[10:21:53] [251/459] PVAE
[10:21:54] [252/459] PVMI
[10:21:55] [253/459] CPNM
[10:21:56] [254/459] FMRL
[10:21:57] [255/459] MCIW
[10:21:59] [256/459] MXBO
[10:22:00] [257/459] FMKY
[10:22:00] [258/459] FMDA
[10:22:02] [259/459] THAB
[10:22:03] [260/459] PRCW
[10:22:04] [261/459] PITI
[10:22:05] [262/459] MCFF
[10:22:06] [263/459] PDDV
[10:22:07] [264/459] MCRM
[10:22:08] [265/459] KKMB
[10:22:09] [266/459] INKO
[10:22:10] [267/459] PLXP
[10:22:11] [268/459] MMHA
[10:22:13] [269/459] FMVS
[10:22:14] [270/459] POLM
[10:22:14] [271/459] STER
[10:22:16] [272/459] PVWJ
[10:22:17] [273/459] IMJW
[10:22:18] [274/459] FNAN
[10:22:18] [275/459] CAGL
[10:22:19] [276/459] IPBG
[10:22:20] [277/459] SMFV
[10:22:22] [278/459] MMMR
[10:22:23] [279/459] MMWM
[10:22:25] [280/459] FNCM
[10:22:25] [281/459] MDVA
[10:22:26] [282/459] MMET
[10:22:28] [283/459] MIDO
[10:22:29] [284/459] INNP
[10:22:30] [285/459] MIFU
[10:22:31] [286/459] MMSZ
[10:22:32] [287/459] BMXA
[10:22:33] [288/459] MCAA
[10:22:34] [289/459] SCVP
[10:22:35] [290/459] PLUS
[10:22:36] [291/459] MUCK
[10:22:37] [292/459] MTMA
[10:22:38] [293/459] HPVR
[10:22:38] [294/459] PMPK
[10:22:39] [295/459] MAJB
[10:22:40] [296/459] CTRR
[10:22:41] [297/459] MCTG
[10:22:41] [298/459] MACE
[10:22:43] [299/459] AAAS
[10:22:44] [300/459] CPVV
[10:22:44] [301/459] RCHG
[10:22:45] [302/459] MCNE
[10:22:46] [303/459] EMNC
[10:22:47] [304/459] MCAN
[10:22:48] [305/459] TCDM
[10:22:49] [306/459] IRGT
[10:22:50] [307/459] GCMG
[10:22:51] [308/459] MXSN
[10:22:52] [309/459] MXCK
[10:22:53] [310/459] MCRC
[10:22:54] [311/459] RSMI
[10:22:55] [312/459] WAML
[10:22:56] [313/459] MTSC
[10:22:57] [314/459] FMDR
[10:22:59] [315/459] LEPV
[10:22:59] [316/459] MTGD
[10:23:00] [317/459] IMOB
[10:23:01] [318/459] CLMM
[10:23:02] [319/459] PZCD
[10:23:03] [320/459] GOCS
[10:23:04] [321/459] KCMA
[10:23:05] [322/459] CCMP
[10:23:06] [323/459] MTSU
[10:23:07] [324/459] SNGL
[10:23:08] [325/459] MMMC
[10:23:08] [326/459] MMAA
[10:23:09] [327/459] GCDM
[10:23:10] [328/459] KTMV
[10:23:12] [329/459] AETE
[10:23:12] [330/459] OMCS
[10:23:13] [331/459] GDCD
[10:23:14] [332/459] NYMD
[10:23:17] [333/459] RNCV
[10:23:18] [334/459] KKMT
[10:23:18] [335/459] GDTH
[10:23:19] [336/459] KMMV
[10:23:20] [337/459] NHCG
[10:23:21] [338/459] PJDW
[10:23:22] [339/459] MMCV
[10:23:23] [340/459] FQSA
[10:23:24] [341/459] KURL
[10:23:25] [342/459] NNNX
[10:23:25] [343/459] AMAU
[10:23:26] [344/459] VVVM
[10:23:27] [345/459] VECU
[10:23:28] [346/459] WCVR
[10:23:29] [347/459] MTGG
[10:23:30] [348/459] SGTG
[10:23:30] [349/459] MNTG
[10:23:32] [350/459] JDDG
[10:23:33] [351/459] MBTK
[10:23:34] [352/459] SGCD
[10:23:35] [353/459] MCTC
[10:23:36] [354/459] JTPC
[10:23:37] [355/459] SDKT
[10:23:38] [356/459] KRCC
[10:23:39] [357/459] RMMD
[10:23:40] [358/459] AAME
[10:23:41] [359/459] TMWC
[10:23:42] [360/459] NRWY
[10:23:43] [361/459] CITD
[10:23:43] [362/459] VERD
[10:23:44] [363/459] MKSK
[10:23:45] [364/459] STSM
[10:23:46] [365/459] MJDG
[10:23:47] [366/459] RKPM
[10:23:48] [367/459] SSCE
[10:23:48] [368/459] VMAE
[10:23:50] [369/459] SBRU
[10:23:51] [370/459] AMBC
[10:23:52] [371/459] AMLU
[10:23:53] [372/459] INVZ
[10:23:55] [373/459] LGTV
[10:23:56] [374/459] SVAD
[10:23:57] [375/459] SMSA
[10:23:58] [376/459] SPCZ
[10:23:59] [377/459] GTCX
[10:24:00] [378/459] SCSL
[10:24:02] [379/459] SAHU
[10:24:03] [380/459] NCDA
[10:24:03] [381/459] SCCG
[10:24:04] [382/459] VKTL
[10:24:05] [383/459] PUUJ
[10:24:06] [384/459] STEJ
[10:24:07] [385/459] RJAL
[10:24:08] [386/459] ACJC
[10:24:09] [387/459] VTHC
[10:24:10] [388/459] ARVB
[10:24:11] [389/459] AUBB
[10:24:12] [390/459] GDBR
[10:24:13] [391/459] PVND
[10:24:14] [392/459] BGRJ
[10:24:14] [393/459] RJMM
[10:24:15] [394/459] MCSA
[10:24:16] [395/459] BODA
[10:24:17] [396/459] JAGG
[10:24:18] [397/459] SCGA
[10:24:19] [398/459] LRCM
[10:24:20] [399/459] CPCN
[10:24:21] [400/459] SSTF
[10:24:22] [401/459] SRXP
[10:24:23] [402/459] CNFX
[10:24:24] [403/459] ANDI
[10:24:25] [404/459] SYEW
[10:24:26] [405/459] RCRE
[10:24:27] [406/459] SCRW
[10:24:28] [407/459] MBKR
[10:24:29] [408/459] ASNT
[10:24:30] [409/459] JTMT
[10:24:30] [410/459] SHAY
[10:24:31] [411/459] VRTH
[10:24:32] [412/459] SPTI
[10:24:33] [413/459] DPTD
[10:24:33] [414/459] TGSN
[10:24:34] [415/459] RCWV
[10:24:35] [416/459] OCUR
[10:24:36] [417/459] KSTC
[10:24:37] [418/459] SANI
[10:24:37] [419/459] MLCA
[10:24:38] [420/459] EGCA
[10:24:39] [421/459] SYSN
[10:24:40] [422/459] PKTA
[10:24:41] [423/459] PRCC
[10:24:42] [424/459] KSTR
[10:24:43] [425/459] SNTP
[10:24:44] [426/459] RCHA
[10:24:44] [427/459] SEEA
[10:24:45] [428/459] ALAT
[10:24:46] [429/459] AATV
[10:24:47] [430/459] RJTE
[10:24:48] [431/459] AAPP
[10:24:49] [432/459] PMMH
[10:24:51] [433/459] INRJ
[10:24:52] [434/459] SARB
[10:24:52] [435/459] PCJL
[10:24:53] [436/459] PFJJ
[10:24:55] [437/459] GRDC
[10:24:56] [438/459] BCBA
[10:24:57] [439/459] VIXL
[10:24:58] [440/459] CSTL
[10:24:58] [441/459] MTDK
[10:24:59] [442/459] TDAC
[10:25:00] [443/459] GTDN
[10:25:01] [444/459] TTDE
[10:25:02] [445/459] ASTS
[10:25:02] [446/459] CPNS
[10:25:04] [447/459] PVVW
[10:25:05] [448/459] USEB
[10:25:06] [449/459] DTYN
[10:25:06] [450/459] PVLE
[10:25:07] [451/459] CIPS
[10:25:08] [452/459] PAEG
[10:25:09] [453/459] PTCW
[10:25:10] [454/459] G3SR
[10:25:11] [455/459] PGND
[10:25:11] [456/459] INVM
[10:25:12] [457/459] SPIA
[10:25:14] [458/459] PCSN
[10:25:15] [459/459] PPGV
[10:25:16] 🧹 Deduping shows
[10:25:16] ✅ DONE | Shows=413 | Movies=43
