[10:18:26] 🚀 SCRIPT STARTED
[10:18:26] [1/459] MCCZ
[10:18:26] 🧠 New identity created
[10:18:26] [2/459] FRPU
[10:18:27] [3/459] SKSI
[10:18:28] [4/459] SSCK
[10:18:28] [5/459] SRDC
[10:18:29] [6/459] RSCZ
[10:18:29] [7/459] PRVT
[10:18:30] [8/459] GAGJ
[10:18:31] [9/459] SMHG
[10:18:32] [10/459] JTST
[10:18:32] [11/459] MYTH
[10:18:33] [12/459] JPCC
[10:18:34] [13/459] ACDC
[10:18:34] [14/459] SVFP
[10:18:35] [15/459] SFCM
[10:18:36] [16/459] RUPK
[10:18:36] [17/459] NTCR
[10:18:37] [18/459] RTCH
[10:18:38] [19/459] SCMH
[10:18:38] [20/459] SVYM
[10:18:39] [21/459] SPYM
[10:18:39] [22/459] SMMF
[10:18:40] [23/459] CLLB
[10:18:41] [24/459] FMCB
[10:18:41] [25/459] BBTC
[10:18:42] [26/459] NTHS
[10:18:43] [27/459] PKKJ
[10:18:43] [28/459] MTJA
[10:18:44] [29/459] PMSJ
[10:18:44] [30/459] JMJU
[10:18:45] [31/459] SRAD
[10:18:45] [32/459] MJMC
[10:18:46] [33/459] DFRM
[10:18:47] [34/459] PMRS
[10:18:47] [35/459] RKPP
[10:18:48] [36/459] BMBK
[10:18:49] [37/459] NEWS
[10:18:49] [38/459] SALB
[10:18:50] [39/459] SCPW
[10:18:50] [40/459] RAYL
[10:18:51] [41/459] CMGJ
[10:18:52] [42/459] JRCR
[10:18:52] [43/459] SRTB
[10:18:53] [44/459] ETPB
[10:18:54] [45/459] MXBN
[10:18:54] [46/459] TOPE
[10:18:55] [47/459] SNLJ
[10:18:55] [48/459] CDDP
[10:18:56] [49/459] APCX
[10:18:57] [50/459] TALP
[10:18:57] [51/459] RRMP
[10:18:58] [52/459] MAHB
[10:18:59] [53/459] MTKR
[10:18:59] [54/459] KSKL
[10:19:00] [55/459] RJLT
[10:19:00] [56/459] ATAS
[10:19:01] [57/459] AMHR
[10:19:02] [58/459] RSRM
[10:19:02] [59/459] GCAT
[10:19:03] [60/459] SMML
[10:19:04] [61/459] ACCD
[10:19:04] [62/459] VYDA
[10:19:05] [63/459] MSKT
[10:19:05] [64/459] AVDM
[10:19:06] [65/459] ASMH
[10:19:06] [66/459] VTMB
[10:19:07] [67/459] WVMB
[10:19:08] [68/459] PPMN
[10:19:08] [69/459] MTMD
[10:19:09] [70/459] SMMO
[10:19:10] [71/459] DLPB
[10:19:10] [72/459] AKMD
[10:19:11] [73/459] SHRR
[10:19:11] [74/459] ASCO
[10:19:12] [75/459] CZVX
[10:19:13] [76/459] GCBB
[10:19:13] [77/459] ATBM
[10:19:14] [78/459] TCGM
[10:19:14] [79/459] UMSE
[10:19:15] [80/459] NKCL
[10:19:15] [81/459] BTLR
[10:19:16] [82/459] GOCL
[10:19:17] [83/459] MIRN
[10:19:17] [84/459] THEC
[10:19:18] [85/459] SPPB
[10:19:18] [86/459] PMMM
[10:19:19] [87/459] GGMC
[10:19:20] [88/459] AVSR
[10:19:20] [89/459] RDMH
[10:19:21] [90/459] JSRS
[10:19:22] [91/459] VKGP
[10:19:23] [92/459] ACRT
[10:19:24] [93/459] GCBA
[10:19:24] [94/459] GTCP
[10:19:25] [95/459] AKFC
[10:19:26] [96/459] INCS
[10:19:28] [97/459] SMCK
[10:19:28] [98/459] BRUN
[10:19:29] [99/459] RPPC
[10:19:31] [100/459] PAYD
[10:19:31] [101/459] SVVT
[10:19:32] [102/459] RNCC
[10:19:33] [103/459] PCRC
[10:19:34] [104/459] PMRM
[10:19:35] [105/459] CCRP
[10:19:36] [106/459] INCR
[10:19:37] [107/459] ZTMP
[10:19:37] [108/459] MCNR
[10:19:38] [109/459] INRP
[10:19:39] [110/459] STRC
[10:19:40] [111/459] RATI
[10:19:42] [112/459] PBTR
[10:19:43] [113/459] CMHP
[10:19:44] [114/459] ZECJ
[10:19:45] [115/459] CCCB
[10:19:46] [116/459] BWCB
[10:19:47] [117/459] CCAT
[10:19:48] [118/459] KGCM
[10:19:49] [119/459] INPT
[10:19:51] [120/459] FNCO
[10:19:52] [121/459] SRMJ
[10:19:52] [122/459] PFSC
[10:19:53] [123/459] PBMC
[10:19:54] [124/459] KARP
[10:19:55] [125/459] KOVI
[10:19:56] [126/459] ACXL
[10:19:57] [127/459] GKCC
[10:19:58] [128/459] ASCC
[10:19:59] [129/459] SETC
[10:20:00] [130/459] KACC
[10:20:01] [131/459] KAVE
[10:20:01] [132/459] CNTC
[10:20:02] [133/459] MEEN
[10:20:03] [134/459] BMRV
[10:20:04] [135/459] SVAM
[10:20:05] [136/459] VTBP
[10:20:06] [137/459] VCKN
[10:20:07] [138/459] SGTK
[10:20:07] [139/459] RCGS
[10:20:08] [140/459] RCCB
[10:20:09] [141/459] RKSR
[10:20:10] [142/459] RKCU
[10:20:11] [143/459] GIBH
[10:20:12] [144/459] CXBS
[10:20:12] [145/459] GGCB
[10:20:13] [146/459] SCPB
[10:20:14] [147/459] AKTB
[10:20:15] [148/459] SRBU
[10:20:16] [149/459] CSSA
[10:20:17] [150/459] MYAN
[10:20:18] [151/459] EXCA
[10:20:19] [152/459] CKSA
[10:20:20] [153/459] JTNM
[10:20:21] [154/459] CXKT
[10:20:21] [155/459] NCLM
[10:20:22] [156/459] JAAD
[10:20:24] [157/459] RDCR
[10:20:25] [158/459] MEER
[10:20:26] [159/459] SIBT
[10:20:27] [160/459] PVVB
[10:20:28] [161/459] FNPN
[10:20:29] [162/459] CRPX
[10:20:29] [163/459] STET
[10:20:31] [164/459] METE
[10:20:32] [165/459] BJML
[10:20:32] [166/459] MAVT
[10:20:33] [167/459] MSRM
[10:20:34] [168/459] TJMP
[10:20:35] [169/459] MHCK
[10:20:36] [170/459] SVGP
[10:20:37] [171/459] KRRC
[10:20:37] [172/459] IMCH
[10:20:39] [173/459] CMCS
[10:20:39] [174/459] SGND
[10:20:40] [175/459] RNAT
[10:20:41] [176/459] PRTN
[10:20:42] [177/459] MPTN
[10:20:44] [178/459] ARCC
[10:20:44] [179/459] NTTE
[10:20:45] [180/459] ABND
[10:20:46] [181/459] KCSN
[10:20:46] [182/459] KCSA
[10:20:47] [183/459] DCKT
[10:20:48] [184/459] MBBR
[10:20:49] [185/459] RAMU
[10:20:50] [186/459] RACW
[10:20:52] [187/459] MCHP
[10:20:53] [188/459] TMHM
[10:20:54] [189/459] STXH
[10:20:55] [190/459] AGSG
[10:20:55] [191/459] SIRA
[10:20:56] [192/459] RCAN
[10:20:57] [193/459] CWTB
[10:20:58] [194/459] VTYM
[10:20:59] [195/459] RRPP
[10:21:00] [196/459] ASMR
[10:21:02] [197/459] RONO
[10:21:02] [198/459] MEMR
[10:21:04] [199/459] CTMR
[10:21:05] [200/459] PMTT
[10:21:05] [201/459] PSLX
[10:21:07] [202/459] IPPL
[10:21:08] [203/459] MMSG
[10:21:09] [204/459] INEL
[10:21:10] [205/459] COAC
[10:21:10] [206/459] WVLK
[10:21:11] [207/459] PPXL
[10:21:12] [208/459] PSML
[10:21:13] [209/459] FNLK
[10:21:15] [210/459] ILUM
[10:21:15] [211/459] ILCM
[10:21:17] [212/459] MSNL
[10:21:17] [213/459] VINB
[10:21:19] [214/459] SALW
[10:21:20] [215/459] PRTB
[10:21:21] [216/459] NCIL
[10:21:21] [217/459] PSUL
[10:21:22] [218/459] SCLK
[10:21:23] [219/459] ADDC
[10:21:24] [220/459] OACL
[10:21:25] [221/459] OOCF
[10:21:26] [222/459] GPMF
[10:21:27] [223/459] SSDG
[10:21:28] [224/459] SKRS
[10:21:29] [225/459] NTTP
[10:21:30] [226/459] SLTP
[10:21:31] [227/459] JTLC
[10:21:31] [228/459] POON
[10:21:32] [229/459] CCPC
[10:21:33] [230/459] DCKC
[10:21:35] [231/459] CPRT
[10:21:35] [232/459] EYHZ
[10:21:36] [233/459] ARBL
[10:21:37] [234/459] SBTB
[10:21:38] [235/459] MMCK
[10:21:39] [236/459] PLMR
[10:21:40] [237/459] BIJH
[10:21:41] [238/459] SDRT
[10:21:42] [239/459] PRDC
[10:21:43] [240/459] OMJA
[10:21:44] [241/459] VKCR
[10:21:45] [242/459] ATRT
[10:21:45] [243/459] WVRP
[10:21:46] [244/459] MVRP
[10:21:47] [245/459] FCAX
[10:21:48] [246/459] CTLC
[10:21:49] [247/459] JCHB
[10:21:50] [248/459] SELP
[10:21:51] [249/459] VCPG
[10:21:52] [250/459] ASCX
[10:21:52] [251/459] EOCS
[10:21:53] [252/459] RCPH
[10:21:54] [253/459] RJTM
[10:21:55] [254/459] SGMD
[10:21:56] [255/459] SVJT
[10:21:57] [256/459] SPPO
[10:21:58] [257/459] MNRL
[10:21:59] [258/459] KNOX
[10:21:59] [259/459] GIER
[10:22:00] [260/459] PJMS
[10:22:01] [261/459] UNSP
[10:22:02] [262/459] JETP
[10:22:03] [263/459] VTWA
[10:22:04] [264/459] SCJI
[10:22:04] [265/459] CBZZ
[10:22:05] [266/459] SDCJ
[10:22:06] [267/459] RRCC
[10:22:07] [268/459] VNKG
[10:22:08] [269/459] LKTO
[10:22:09] [270/459] PJRM
[10:22:10] [271/459] NVRM
[10:22:11] [272/459] SJCS
[10:22:12] [273/459] VIGK
[10:22:13] [274/459] ANST
[10:22:14] [275/459] JTTS
[10:22:15] [276/459] NTST
[10:22:16] [277/459] PREB
[10:22:17] [278/459] TSCZ
[10:22:18] [279/459] CDCM
[10:22:18] [280/459] ELYE
[10:22:19] [281/459] INBS
[10:22:20] [282/459] SMGC
[10:22:21] [283/459] UTMP
[10:22:22] [284/459] INTA
[10:22:23] [285/459] OMPT
[10:22:24] [286/459] SCIR
[10:22:25] [287/459] GCKJ
[10:22:26] [288/459] INOG
[10:22:28] [289/459] SMGB
[10:22:28] [290/459] MCSG
[10:22:29] [291/459] STKG
[10:22:30] [292/459] TTKG
[10:22:31] [293/459] SRTR
[10:22:32] [294/459] ETTR
[10:22:32] [295/459] GGGZ
[10:22:33] [296/459] IPGM
[10:22:34] [297/459] FCDH
[10:22:35] [298/459] DESB
[10:22:36] [299/459] VNTP
[10:22:37] [300/459] ANNT
[10:22:37] [301/459] SLTI
[10:22:39] [302/459] MAJU
[10:22:39] [303/459] JCXP
[10:22:40] [304/459] HARK
[10:22:41] [305/459] JPCJ
[10:22:43] [306/459] RXBD
[10:22:44] [307/459] PTKJ
[10:22:45] [308/459] CMTU
[10:22:46] [309/459] SWOR
[10:22:46] [310/459] JMEX
[10:22:47] [311/459] DTPT
[10:22:48] [312/459] VGMM
[10:22:49] [313/459] VCSG
[10:22:50] [314/459] CVCG
[10:22:51] [315/459] TNTT
[10:22:52] [316/459] SHRM
[10:22:52] [317/459] CGKD
[10:22:54] [318/459] EKCM
[10:22:55] [319/459] SDCX
[10:22:56] [320/459] SBTE
[10:22:57] [321/459] STKJ
[10:22:58] [322/459] TPCE
[10:22:58] [323/459] JTNP
[10:22:59] [324/459] LPCH
[10:23:00] [325/459] CPUO
[10:23:01] [326/459] APSU
[10:23:02] [327/459] RTHC
[10:23:03] [328/459] PTBU
[10:23:03] [329/459] CUCC
[10:23:04] [330/459] CPSA
[10:23:05] [331/459] SUAY
[10:23:06] [332/459] AYAA
[10:23:07] [333/459] MUCH
[10:23:08] [334/459] PCIN
[10:23:09] [335/459] JRRM
[10:23:10] [336/459] KATS
[10:23:10] [337/459] MHFF
[10:23:11] [338/459] ESYM
[10:23:12] [339/459] STYV
[10:23:13] [340/459] SDKG
[10:23:14] [341/459] SMTI
[10:23:15] [342/459] NYCS
[10:23:16] [343/459] MTBG
[10:23:16] [344/459] RHCA
[10:23:17] [345/459] PCKH
[10:23:18] [346/459] ARCR
[10:23:19] [347/459] NCMB
[10:23:20] [348/459] SHYC
[10:23:21] [349/459] LACK
[10:23:22] [350/459] MTCM
[10:23:23] [351/459] RRBN
[10:23:24] [352/459] MYDC
[10:23:25] [353/459] STCS
[10:23:25] [354/459] CONN
[10:23:26] [355/459] SIPS
[10:23:27] [356/459] SMMX
[10:23:28] [357/459] SCBY
[10:23:28] [358/459] SUAP
[10:23:29] [359/459] RSMK
[10:23:30] [360/459] STKP
[10:23:32] [361/459] CIPC
[10:23:33] [362/459] KKCI
[10:23:34] [363/459] CTNK
[10:23:35] [364/459] MMTZ
[10:23:36] [365/459] DCCO
[10:23:38] [366/459] VNMN
[10:23:38] [367/459] RLCN
[10:23:39] [368/459] CMMS
[10:23:40] [369/459] AYOU
[10:23:41] [370/459] SSCN
[10:23:43] [371/459] SMXN
[10:23:43] [372/459] ASSK
[10:23:44] [373/459] VCKM
[10:23:45] [374/459] PCPH
[10:23:47] [375/459] PADM
[10:23:47] [376/459] IESA
[10:23:48] [377/459] VCSP
[10:23:48] [378/459] AEST
[10:23:49] [379/459] VTNR
[10:23:50] [380/459] GTTA
[10:23:51] [381/459] CMMM
[10:23:52] [382/459] AHKT
[10:23:53] [383/459] SIJI
[10:23:54] [384/459] VCEI
[10:23:55] [385/459] SAKR
[10:23:55] [386/459] VSMT
[10:23:56] [387/459] SSCT
[10:23:57] [388/459] USTR
[10:23:58] [389/459] MTKT
[10:23:59] [390/459] TGMP
[10:23:59] [391/459] SIVC
[10:24:00] [392/459] KICT
[10:24:01] [393/459] DAMD
[10:24:02] [394/459] CNPT
[10:24:03] [395/459] RVTT
[10:24:04] [396/459] SNCM
[10:24:05] [397/459] GHTE
[10:24:06] [398/459] PPAM
[10:24:07] [399/459] PVAA
[10:24:07] [400/459] CPAO
[10:24:08] [401/459] HAMD
[10:24:10] [402/459] RCCA
[10:24:10] [403/459] MPCH
[10:24:11] [404/459] ARED
[10:24:12] [405/459] RRCV
[10:24:14] [406/459] MTRB
[10:24:14] [407/459] CKUA
[10:24:15] [408/459] ABMP
[10:24:16] [409/459] RCWA
[10:24:17] [410/459] CGAR
[10:24:18] [411/459] METH
[10:24:19] [412/459] WAGA
[10:24:20] [413/459] MCMA
[10:24:21] [414/459] CSMP
[10:24:22] [415/459] RCNK
[10:24:23] [416/459] PSTM
[10:24:24] [417/459] CSEP
[10:24:25] [418/459] AMGD
[10:24:26] [419/459] CSTE
[10:24:27] [420/459] CONS
[10:24:29] [421/459] APPX
[10:24:29] [422/459] MABC
[10:24:30] [423/459] CXST
[10:24:31] [424/459] MATN
[10:24:32] [425/459] MACZ
[10:24:33] [426/459] MASA
[10:24:34] [427/459] MBSX
[10:24:35] [428/459] CSST
[10:24:36] [429/459] APCL
[10:24:37] [430/459] CGOS
[10:24:37] [431/459] CPEC
[10:24:39] [432/459] MCCP
[10:24:40] [433/459] BSSO
[10:24:40] [434/459] SJKA
[10:24:41] [435/459] CGBO
[10:24:42] [436/459] MVSK
[10:24:43] [437/459] HVCA
[10:24:44] [438/459] NAMD
[10:24:45] [439/459] DEVI
[10:24:45] [440/459] SCSV
[10:24:46] [441/459] PSMA
[10:24:47] [442/459] CLDJ
[10:24:48] [443/459] NMAD
[10:24:49] [444/459] CGMO
[10:24:50] [445/459] MCNA
[10:24:51] [446/459] OCBN
[10:24:52] [447/459] CPEM
[10:24:53] [448/459] CPSM
[10:24:54] [449/459] RCAD
[10:24:55] [450/459] CPMU
[10:24:56] [451/459] DICD
[10:24:57] [452/459] CHOE
[10:24:58] [453/459] PDJM
[10:24:59] [454/459] SSTU
[10:25:00] [455/459] VNRN
[10:25:01] [456/459] PVLG
[10:25:01] [457/459] SWBL
[10:25:02] [458/459] SCAB
[10:25:03] [459/459] RDDA
[10:25:04] 🧹 Deduping shows
[10:25:04] ✅ DONE | Shows=430 | Movies=45
[16:51:58] 🚀 SCRIPT STARTED
[16:51:58] [1/459] MCCZ
[16:51:58] 🧠 New identity created
[16:51:59] [2/459] FRPU
[16:51:59] [3/459] SKSI
[16:52:00] [4/459] SSCK
[16:52:01] [5/459] SRDC
[16:52:01] [6/459] RSCZ
[16:52:02] [7/459] PRVT
[16:52:03] [8/459] GAGJ
[16:52:03] [9/459] SMHG
[16:52:04] [10/459] JTST
[16:52:04] [11/459] MYTH
[16:52:05] [12/459] JPCC
[16:52:06] [13/459] ACDC
[16:52:06] [14/459] SVFP
[16:52:07] [15/459] SFCM
[16:52:07] [16/459] RUPK
[16:52:08] [17/459] NTCR
[16:52:08] [18/459] RTCH
[16:52:09] [19/459] SCMH
[16:52:09] [20/459] SVYM
[16:52:10] [21/459] SPYM
[16:52:11] [22/459] SMMF
[16:52:11] [23/459] CLLB
[16:52:12] [24/459] FMCB
[16:52:12] [25/459] BBTC
[16:52:13] [26/459] NTHS
[16:52:14] [27/459] PKKJ
[16:52:14] [28/459] MTJA
[16:52:15] [29/459] PMSJ
[16:52:15] [30/459] JMJU
[16:52:16] [31/459] SRAD
[16:52:17] [32/459] MJMC
[16:52:17] [33/459] DFRM
[16:52:18] [34/459] PMRS
[16:52:18] [35/459] RKPP
[16:52:19] [36/459] BMBK
[16:52:20] [37/459] NEWS
[16:52:20] [38/459] SALB
[16:52:21] [39/459] SCPW
[16:52:21] [40/459] RAYL
[16:52:22] [41/459] CMGJ
[16:52:23] [42/459] JRCR
[16:52:23] [43/459] SRTB
[16:52:24] [44/459] ETPB
[16:52:25] [45/459] MXBN
[16:52:25] [46/459] TOPE
[16:52:26] [47/459] SNLJ
[16:52:26] [48/459] CDDP
[16:52:27] [49/459] APCX
[16:52:28] [50/459] TALP
[16:52:28] [51/459] RRMP
[16:52:29] [52/459] MAHB
[16:52:29] [53/459] MTKR
[16:52:30] [54/459] KSKL
[16:52:31] [55/459] RJLT
[16:52:31] [56/459] ATAS
[16:52:32] [57/459] AMHR
[16:52:33] [58/459] RSRM
[16:52:33] [59/459] GCAT
[16:52:34] [60/459] SMML
[16:52:35] [61/459] ACCD
[16:52:35] [62/459] VYDA
[16:52:36] [63/459] MSKT
[16:52:36] [64/459] AVDM
[16:52:37] [65/459] ASMH
[16:52:38] [66/459] VTMB
[16:52:38] [67/459] WVMB
[16:52:39] [68/459] PPMN
[16:52:39] [69/459] MTMD
[16:52:40] [70/459] SMMO
[16:52:40] [71/459] DLPB
[16:52:41] [72/459] AKMD
[16:52:41] [73/459] SHRR
[16:52:42] [74/459] ASCO
[16:52:43] [75/459] CZVX
[16:52:43] [76/459] GCBB
[16:52:44] [77/459] ATBM
[16:52:44] [78/459] TCGM
[16:52:45] [79/459] UMSE
[16:52:46] [80/459] NKCL
[16:52:46] [81/459] BTLR
[16:52:47] [82/459] GOCL
[16:52:47] [83/459] MIRN
[16:52:48] [84/459] THEC
[16:52:48] [85/459] SPPB
[16:52:49] [86/459] PMMM
[16:52:49] [87/459] GGMC
[16:52:50] [88/459] AVSR
[16:52:50] [89/459] RDMH
[16:52:51] [90/459] JSRS
[16:52:51] [91/459] VKGP
[16:52:52] [92/459] ACRT
[16:52:52] [93/459] GCBA
[16:52:53] [94/459] GTCP
[16:52:53] [95/459] AKFC
[16:52:54] [96/459] INCS
[16:52:54] [97/459] SMCK
[16:52:55] [98/459] BRUN
[16:52:56] [99/459] RPPC
[16:52:56] [100/459] PAYD
[16:52:57] [101/459] SVVT
[16:52:57] [102/459] RNCC
[16:52:58] [103/459] PCRC
[16:52:59] [104/459] PMRM
[16:52:59] [105/459] CCRP
[16:53:00] [106/459] INCR
[16:53:01] [107/459] ZTMP
[16:53:01] [108/459] MCNR
[16:53:02] [109/459] INRP
[16:53:02] [110/459] STRC
[16:53:03] [111/459] RATI
[16:53:03] [112/459] PBTR
[16:53:04] [113/459] CMHP
[16:53:05] [114/459] ZECJ
[16:53:05] [115/459] CCCB
[16:53:06] [116/459] BWCB
[16:53:07] [117/459] CCAT
[16:53:07] [118/459] KGCM
[16:53:08] [119/459] INPT
[16:53:09] [120/459] FNCO
[16:53:09] [121/459] SRMJ
[16:53:10] [122/459] PFSC
[16:53:10] [123/459] PBMC
[16:53:11] [124/459] KARP
[16:53:11] [125/459] KOVI
[16:53:12] [126/459] ACXL
[16:53:12] [127/459] GKCC
[16:53:13] [128/459] ASCC
[16:53:13] [129/459] SETC
[16:53:14] [130/459] KACC
[16:53:14] [131/459] KAVE
[16:53:15] [132/459] CNTC
[16:53:16] [133/459] MEEN
[16:53:16] [134/459] BMRV
[16:53:17] [135/459] SVAM
[16:53:17] [136/459] VTBP
[16:53:18] [137/459] VCKN
[16:53:18] [138/459] SGTK
[16:53:19] [139/459] RCGS
[16:53:19] [140/459] RCCB
[16:53:20] [141/459] RKSR
[16:53:21] [142/459] RKCU
[16:53:21] [143/459] GIBH
[16:53:22] [144/459] CXBS
[16:53:22] [145/459] GGCB
[16:53:23] [146/459] SCPB
[16:53:23] [147/459] AKTB
[16:53:24] [148/459] SRBU
[16:53:24] [149/459] CSSA
[16:53:25] [150/459] MYAN
[16:53:26] [151/459] EXCA
[16:53:26] [152/459] CKSA
[16:53:27] [153/459] JTNM
[16:53:27] [154/459] CXKT
[16:53:28] [155/459] NCLM
[16:53:28] [156/459] JAAD
[16:53:29] [157/459] RDCR
[16:53:29] [158/459] MEER
[16:53:30] [159/459] SIBT
[16:53:30] [160/459] PVVB
[16:53:31] [161/459] FNPN
[16:53:31] [162/459] CRPX
[16:53:32] [163/459] STET
[16:53:32] [164/459] METE
[16:53:33] [165/459] BJML
[16:53:34] [166/459] MAVT
[16:53:34] [167/459] MSRM
[16:53:35] [168/459] TJMP
[16:53:35] [169/459] MHCK
[16:53:36] [170/459] SVGP
[16:53:37] [171/459] KRRC
[16:53:37] [172/459] IMCH
[16:53:38] [173/459] CMCS
[16:53:39] [174/459] SGND
[16:53:39] [175/459] RNAT
[16:53:40] [176/459] PRTN
[16:53:40] [177/459] MPTN
[16:53:41] [178/459] ARCC
[16:53:42] [179/459] NTTE
[16:53:42] [180/459] ABND
[16:53:43] [181/459] KCSN
[16:53:43] [182/459] KCSA
[16:53:44] [183/459] DCKT
[16:53:45] [184/459] MBBR
[16:53:45] [185/459] RAMU
[16:53:46] [186/459] RACW
[16:53:46] [187/459] MCHP
[16:53:47] [188/459] TMHM
[16:53:48] [189/459] STXH
[16:53:48] [190/459] AGSG
[16:53:49] [191/459] SIRA
[16:53:49] [192/459] RCAN
[16:53:50] [193/459] CWTB
[16:53:50] [194/459] VTYM
[16:53:51] [195/459] RRPP
[16:53:52] [196/459] ASMR
[16:53:52] [197/459] RONO
[16:53:53] [198/459] MEMR
[16:53:54] [199/459] CTMR
[16:53:54] [200/459] PMTT
[16:53:55] [201/459] PSLX
[16:53:55] [202/459] IPPL
[16:53:56] [203/459] MMSG
[16:53:57] [204/459] INEL
[16:53:57] [205/459] COAC
[16:53:58] [206/459] WVLK
[16:53:58] [207/459] PPXL
[16:53:59] [208/459] PSML
[16:53:59] [209/459] FNLK
[16:54:00] [210/459] ILUM
[16:54:00] [211/459] ILCM
[16:54:01] [212/459] MSNL
[16:54:01] [213/459] VINB
[16:54:02] [214/459] SALW
[16:54:03] [215/459] PRTB
[16:54:03] [216/459] NCIL
[16:54:04] [217/459] PSUL
[16:54:04] [218/459] SCLK
[16:54:05] [219/459] ADDC
[16:54:05] [220/459] OACL
[16:54:06] [221/459] OOCF
[16:54:06] [222/459] GPMF
[16:54:07] [223/459] SSDG
[16:54:08] [224/459] SKRS
[16:54:08] [225/459] NTTP
[16:54:09] [226/459] SLTP
[16:54:09] [227/459] JTLC
[16:54:10] [228/459] POON
[16:54:11] [229/459] CCPC
[16:54:11] [230/459] DCKC
[16:54:12] [231/459] CPRT
[16:54:12] [232/459] EYHZ
[16:54:13] [233/459] ARBL
[16:54:13] [234/459] SBTB
[16:54:14] [235/459] MMCK
[16:54:14] [236/459] PLMR
[16:54:15] [237/459] BIJH
[16:54:15] [238/459] SDRT
[16:54:16] [239/459] PRDC
[16:54:16] [240/459] OMJA
[16:54:17] [241/459] VKCR
[16:54:17] [242/459] ATRT
[16:54:18] [243/459] WVRP
[16:54:19] [244/459] MVRP
[16:54:19] [245/459] FCAX
[16:54:20] [246/459] CTLC
[16:54:20] [247/459] JCHB
[16:54:21] [248/459] SELP
[16:54:22] [249/459] VCPG
[16:54:22] [250/459] ASCX
[16:54:23] [251/459] EOCS
[16:54:23] [252/459] RCPH
[16:54:24] [253/459] RJTM
[16:54:25] [254/459] SGMD
[16:54:25] [255/459] SVJT
[16:54:26] [256/459] SPPO
[16:54:27] [257/459] MNRL
[16:54:27] [258/459] KNOX
[16:54:28] [259/459] GIER
[16:54:28] [260/459] PJMS
[16:54:29] [261/459] UNSP
[16:54:29] [262/459] JETP
[16:54:30] [263/459] VTWA
[16:54:30] [264/459] SCJI
[16:54:31] [265/459] CBZZ
[16:54:31] [266/459] SDCJ
[16:54:32] [267/459] RRCC
[16:54:32] [268/459] VNKG
[16:54:33] [269/459] LKTO
[16:54:34] [270/459] PJRM
[16:54:34] [271/459] NVRM
[16:54:35] [272/459] SJCS
[16:54:35] [273/459] VIGK
[16:54:36] [274/459] ANST
[16:54:36] [275/459] JTTS
[16:54:37] [276/459] NTST
[16:54:38] [277/459] PREB
[16:54:38] [278/459] TSCZ
[16:54:39] [279/459] CDCM
[16:54:39] [280/459] ELYE
[16:54:40] [281/459] INBS
[16:54:40] [282/459] SMGC
[16:54:41] [283/459] UTMP
[16:54:41] [284/459] INTA
[16:54:42] [285/459] OMPT
[16:54:42] [286/459] SCIR
[16:54:43] [287/459] GCKJ
[16:54:44] [288/459] INOG
[16:54:44] [289/459] SMGB
[16:54:45] [290/459] MCSG
[16:54:45] [291/459] STKG
[16:54:46] [292/459] TTKG
[16:54:46] [293/459] SRTR
[16:54:47] [294/459] ETTR
[16:54:48] [295/459] GGGZ
[16:54:48] [296/459] IPGM
[16:54:49] [297/459] FCDH
[16:54:50] [298/459] DESB
[16:54:50] [299/459] VNTP
[16:54:50] [300/459] ANNT
[16:54:51] [301/459] SLTI
[16:54:52] [302/459] MAJU
[16:54:52] [303/459] JCXP
[16:54:53] [304/459] HARK
[16:54:53] [305/459] JPCJ
[16:54:54] [306/459] RXBD
[16:54:54] [307/459] PTKJ
[16:54:55] [308/459] CMTU
[16:54:55] [309/459] SWOR
[16:54:56] [310/459] JMEX
[16:54:56] [311/459] DTPT
[16:54:57] [312/459] VGMM
[16:54:57] [313/459] VCSG
[16:54:58] [314/459] CVCG
[16:54:58] [315/459] TNTT
[16:54:59] [316/459] SHRM
[16:55:00] [317/459] CGKD
[16:55:00] [318/459] EKCM
[16:55:01] [319/459] SDCX
[16:55:01] [320/459] SBTE
[16:55:02] [321/459] STKJ
[16:55:02] [322/459] TPCE
[16:55:03] [323/459] JTNP
[16:55:03] [324/459] LPCH
[16:55:04] [325/459] CPUO
[16:55:05] [326/459] APSU
[16:55:05] [327/459] RTHC
[16:55:06] [328/459] PTBU
[16:55:06] [329/459] CUCC
[16:55:07] [330/459] CPSA
[16:55:07] [331/459] SUAY
[16:55:08] [332/459] AYAA
[16:55:09] [333/459] MUCH
[16:55:09] [334/459] PCIN
[16:55:09] [335/459] JRRM
[16:55:10] [336/459] KATS
[16:55:11] [337/459] MHFF
[16:55:11] [338/459] ESYM
[16:55:12] [339/459] STYV
[16:55:12] [340/459] SDKG
[16:55:13] [341/459] SMTI
[16:55:13] [342/459] NYCS
[16:55:14] [343/459] MTBG
[16:55:14] [344/459] RHCA
[16:55:15] [345/459] PCKH
[16:55:16] [346/459] ARCR
[16:55:16] [347/459] NCMB
[16:55:17] [348/459] SHYC
[16:55:17] [349/459] LACK
[16:55:18] [350/459] MTCM
[16:55:18] [351/459] RRBN
[16:55:19] [352/459] MYDC
[16:55:19] [353/459] STCS
[16:55:20] [354/459] CONN
[16:55:21] [355/459] SIPS
[16:55:21] [356/459] SMMX
[16:55:22] [357/459] SCBY
[16:55:22] [358/459] SUAP
[16:55:23] [359/459] RSMK
[16:55:23] [360/459] STKP
[16:55:24] [361/459] CIPC
[16:55:25] [362/459] KKCI
[16:55:25] [363/459] CTNK
[16:55:26] [364/459] MMTZ
[16:55:26] [365/459] DCCO
[16:55:27] [366/459] VNMN
[16:55:28] [367/459] RLCN
[16:55:28] [368/459] CMMS
[16:55:29] [369/459] AYOU
[16:55:29] [370/459] SSCN
[16:55:30] [371/459] SMXN
[16:55:30] [372/459] ASSK
[16:55:31] [373/459] VCKM
[16:55:32] [374/459] PCPH
[16:55:32] [375/459] PADM
[16:55:33] [376/459] IESA
[16:55:33] [377/459] VCSP
[16:55:34] [378/459] AEST
[16:55:35] [379/459] VTNR
[16:55:35] [380/459] GTTA
[16:55:36] [381/459] CMMM
[16:55:36] [382/459] AHKT
[16:55:37] [383/459] SIJI
[16:55:38] [384/459] VCEI
[16:55:38] [385/459] SAKR
[16:55:39] [386/459] VSMT
[16:55:40] [387/459] SSCT
[16:55:40] [388/459] USTR
[16:55:41] [389/459] MTKT
[16:55:41] [390/459] TGMP
[16:55:42] [391/459] SIVC
[16:55:42] [392/459] KICT
[16:55:43] [393/459] DAMD
[16:55:43] [394/459] CNPT
[16:55:44] [395/459] RVTT
[16:55:44] [396/459] SNCM
[16:55:45] [397/459] GHTE
[16:55:46] [398/459] PPAM
[16:55:46] [399/459] PVAA
[16:55:47] [400/459] CPAO
[16:55:47] [401/459] HAMD
[16:55:48] [402/459] RCCA
[16:55:48] [403/459] MPCH
[16:55:49] [404/459] ARED
[16:55:50] [405/459] RRCV
[16:55:50] [406/459] MTRB
[16:55:51] [407/459] CKUA
[16:55:52] [408/459] ABMP
[16:55:52] [409/459] RCWA
[16:55:53] [410/459] CGAR
[16:55:53] [411/459] METH
[16:55:53] [412/459] WAGA
[16:55:54] [413/459] MCMA
[16:55:54] [414/459] CSMP
[16:55:55] [415/459] RCNK
[16:55:56] [416/459] PSTM
[16:55:56] [417/459] CSEP
[16:55:57] [418/459] AMGD
[16:55:58] [419/459] CSTE
[16:55:58] [420/459] CONS
[16:55:59] [421/459] APPX
[16:55:59] [422/459] MABC
[16:56:00] [423/459] CXST
[16:56:00] [424/459] MATN
[16:56:01] [425/459] MACZ
[16:56:01] [426/459] MASA
[16:56:02] [427/459] MBSX
[16:56:02] [428/459] CSST
[16:56:03] [429/459] APCL
[16:56:03] [430/459] CGOS
[16:56:04] [431/459] CPEC
[16:56:04] [432/459] MCCP
[16:56:05] [433/459] BSSO
[16:56:06] [434/459] SJKA
[16:56:06] [435/459] CGBO
[16:56:07] [436/459] MVSK
[16:56:07] [437/459] HVCA
[16:56:08] [438/459] NAMD
[16:56:08] [439/459] DEVI
[16:56:09] [440/459] SCSV
[16:56:09] [441/459] PSMA
[16:56:10] [442/459] CLDJ
[16:56:11] [443/459] NMAD
[16:56:11] [444/459] CGMO
[16:56:12] [445/459] MCNA
[16:56:12] [446/459] OCBN
[16:56:13] [447/459] CPEM
[16:56:14] [448/459] CPSM
[16:56:14] [449/459] RCAD
[16:56:15] [450/459] CPMU
[16:56:15] [451/459] DICD
[16:56:16] [452/459] CHOE
[16:56:16] [453/459] PDJM
[16:56:17] [454/459] SSTU
[16:56:18] [455/459] VNRN
[16:56:18] [456/459] PVLG
[16:56:19] [457/459] SWBL
[16:56:19] [458/459] SCAB
[16:56:20] [459/459] RDDA
[16:56:21] 🧹 Deduping shows
[16:56:21] ✅ DONE | Shows=528 | Movies=56
[04:51:39] 🚀 SCRIPT STARTED
[04:51:39] [1/459] MCCZ
[04:51:39] 🧠 New identity created
[04:51:39] [2/459] FRPU
[04:51:40] [3/459] SKSI
[04:51:41] [4/459] SSCK
[04:51:41] [5/459] SRDC
[04:51:42] [6/459] RSCZ
[04:51:43] [7/459] PRVT
[04:51:44] [8/459] GAGJ
[04:51:44] [9/459] SMHG
[04:51:45] [10/459] JTST
[04:51:46] [11/459] MYTH
[04:51:46] [12/459] JPCC
[04:51:47] [13/459] ACDC
[04:51:48] [14/459] SVFP
[04:51:48] [15/459] SFCM
[04:51:49] [16/459] RUPK
[04:51:50] [17/459] NTCR
[04:51:50] [18/459] RTCH
[04:51:51] [19/459] SCMH
[04:51:51] [20/459] SVYM
[04:51:52] [21/459] SPYM
[04:51:52] [22/459] SMMF
[04:51:53] [23/459] CLLB
[04:51:54] [24/459] FMCB
[04:51:55] [25/459] BBTC
[04:51:56] [26/459] NTHS
[04:51:56] [27/459] PKKJ
[04:51:57] [28/459] MTJA
[04:51:58] [29/459] PMSJ
[04:51:59] [30/459] JMJU
[04:51:59] [31/459] SRAD
[04:52:00] [32/459] MJMC
[04:52:00] [33/459] DFRM
[04:52:01] [34/459] PMRS
[04:52:02] [35/459] RKPP
[04:52:02] [36/459] BMBK
[04:52:03] [37/459] NEWS
[04:52:04] [38/459] SALB
[04:52:04] [39/459] SCPW
[04:52:05] [40/459] RAYL
[04:52:05] [41/459] CMGJ
[04:52:06] [42/459] JRCR
[04:52:06] [43/459] SRTB
[04:52:07] [44/459] ETPB
[04:52:08] [45/459] MXBN
[04:52:08] [46/459] TOPE
[04:52:09] [47/459] SNLJ
[04:52:09] [48/459] CDDP
[04:52:10] [49/459] APCX
[04:52:11] [50/459] TALP
[04:52:12] [51/459] RRMP
[04:52:13] [52/459] MAHB
[04:52:13] [53/459] MTKR
[04:52:14] [54/459] KSKL
[04:52:14] [55/459] RJLT
[04:52:15] [56/459] ATAS
[04:52:15] [57/459] AMHR
[04:52:16] [58/459] RSRM
[04:52:16] [59/459] GCAT
[04:52:17] [60/459] SMML
[04:52:18] [61/459] ACCD
[04:52:18] [62/459] VYDA
[04:52:19] [63/459] MSKT
[04:52:19] [64/459] AVDM
[04:52:20] [65/459] ASMH
[04:52:21] [66/459] VTMB
[04:52:21] [67/459] WVMB
[04:52:22] [68/459] PPMN
[04:52:22] [69/459] MTMD
[04:52:23] [70/459] SMMO
[04:52:24] [71/459] DLPB
[04:52:25] [72/459] AKMD
[04:52:25] [73/459] SHRR
[04:52:26] [74/459] ASCO
[04:52:26] [75/459] CZVX
[04:52:27] [76/459] GCBB
[04:52:28] [77/459] ATBM
[04:52:28] [78/459] TCGM
[04:52:29] [79/459] UMSE
[04:52:30] [80/459] NKCL
[04:52:30] [81/459] BTLR
[04:52:31] [82/459] GOCL
[04:52:31] [83/459] MIRN
[04:52:32] [84/459] THEC
[04:52:32] [85/459] SPPB
[04:52:33] [86/459] PMMM
[04:52:34] [87/459] GGMC
[04:52:35] [88/459] AVSR
[04:52:35] [89/459] RDMH
[04:52:36] [90/459] JSRS
[04:52:36] [91/459] VKGP
[04:52:37] [92/459] ACRT
[04:52:38] [93/459] GCBA
[04:52:38] [94/459] GTCP
[04:52:39] [95/459] AKFC
[04:52:39] [96/459] INCS
[04:52:40] [97/459] SMCK
[04:52:41] [98/459] BRUN
[04:52:42] [99/459] RPPC
[04:52:42] [100/459] PAYD
[04:52:43] [101/459] SVVT
[04:52:43] [102/459] RNCC
[04:52:44] [103/459] PCRC
[04:52:44] [104/459] PMRM
[04:52:45] [105/459] CCRP
[04:52:45] [106/459] INCR
[04:52:46] [107/459] ZTMP
[04:52:47] [108/459] MCNR
[04:52:47] [109/459] INRP
[04:52:48] [110/459] STRC
[04:52:49] [111/459] RATI
[04:52:49] [112/459] PBTR
[04:52:50] [113/459] CMHP
[04:52:50] [114/459] ZECJ
[04:52:51] [115/459] CCCB
[04:52:52] [116/459] BWCB
[04:52:52] [117/459] CCAT
[04:52:53] [118/459] KGCM
[04:52:53] [119/459] INPT
[04:52:54] [120/459] FNCO
[04:52:55] [121/459] SRMJ
[04:52:55] [122/459] PFSC
[04:52:56] [123/459] PBMC
[04:52:57] [124/459] KARP
[04:52:57] [125/459] KOVI
[04:52:58] [126/459] ACXL
[04:52:58] [127/459] GKCC
[04:52:59] [128/459] ASCC
[04:53:00] [129/459] SETC
[04:53:00] [130/459] KACC
[04:53:01] [131/459] KAVE
[04:53:01] [132/459] CNTC
[04:53:02] [133/459] MEEN
[04:53:03] [134/459] BMRV
[04:53:03] [135/459] SVAM
[04:53:04] [136/459] VTBP
[04:53:04] [137/459] VCKN
[04:53:05] [138/459] SGTK
[04:53:06] [139/459] RCGS
[04:53:06] [140/459] RCCB
[04:53:07] [141/459] RKSR
[04:53:07] [142/459] RKCU
[04:53:08] [143/459] GIBH
[04:53:09] [144/459] CXBS
[04:53:09] [145/459] GGCB
[04:53:10] [146/459] SCPB
[04:53:11] [147/459] AKTB
[04:53:11] [148/459] SRBU
[04:53:12] [149/459] CSSA
[04:53:13] [150/459] MYAN
[04:53:13] [151/459] EXCA
[04:53:14] [152/459] CKSA
[04:53:14] [153/459] JTNM
[04:53:15] [154/459] CXKT
[04:53:16] [155/459] NCLM
[04:53:16] [156/459] JAAD
[04:53:17] [157/459] RDCR
[04:53:18] [158/459] MEER
[04:53:18] [159/459] SIBT
[04:53:19] [160/459] PVVB
[04:53:19] [161/459] FNPN
[04:53:20] [162/459] CRPX
[04:53:21] [163/459] STET
[04:53:21] [164/459] METE
[04:53:22] [165/459] BJML
[04:53:22] [166/459] MAVT
[04:53:23] [167/459] MSRM
[04:53:24] [168/459] TJMP
[04:53:24] [169/459] MHCK
[04:53:25] [170/459] SVGP
[04:53:26] [171/459] KRRC
[04:53:26] [172/459] IMCH
[04:53:27] [173/459] CMCS
[04:53:27] [174/459] SGND
[04:53:28] [175/459] RNAT
[04:53:28] [176/459] PRTN
[04:53:29] [177/459] MPTN
[04:53:30] [178/459] ARCC
[04:53:30] [179/459] NTTE
[04:53:31] [180/459] ABND
[04:53:32] [181/459] KCSN
[04:53:32] [182/459] KCSA
[04:53:33] [183/459] DCKT
[04:53:33] [184/459] MBBR
[04:53:34] [185/459] RAMU
[04:53:35] [186/459] RACW
[04:53:35] [187/459] MCHP
[04:53:36] [188/459] TMHM
[04:53:37] [189/459] STXH
[04:53:37] [190/459] AGSG
[04:53:38] [191/459] SIRA
[04:53:38] [192/459] RCAN
[04:53:39] [193/459] CWTB
[04:53:39] [194/459] VTYM
[04:53:40] [195/459] RRPP
[04:53:41] [196/459] ASMR
[04:53:41] [197/459] RONO
[04:53:42] [198/459] MEMR
[04:53:42] [199/459] CTMR
[04:53:43] [200/459] PMTT
[04:53:44] [201/459] PSLX
[04:53:44] [202/459] IPPL
[04:53:45] [203/459] MMSG
[04:53:46] [204/459] INEL
[04:53:46] [205/459] COAC
[04:53:47] [206/459] WVLK
[04:53:47] [207/459] PPXL
[04:53:48] [208/459] PSML
[04:53:48] [209/459] FNLK
[04:53:49] [210/459] ILUM
[04:53:50] [211/459] ILCM
[04:53:50] [212/459] MSNL
[04:53:51] [213/459] VINB
[04:53:52] [214/459] SALW
[04:53:52] [215/459] PRTB
[04:53:53] [216/459] NCIL
[04:53:54] [217/459] PSUL
[04:53:54] [218/459] SCLK
[04:53:55] [219/459] ADDC
[04:53:55] [220/459] OACL
[04:53:56] [221/459] OOCF
[04:53:56] [222/459] GPMF
[04:53:57] [223/459] SSDG
[04:53:58] [224/459] SKRS
[04:53:58] [225/459] NTTP
[04:53:59] [226/459] SLTP
[04:53:59] [227/459] JTLC
[04:54:00] [228/459] POON
[04:54:01] [229/459] CCPC
[04:54:01] [230/459] DCKC
[04:54:02] [231/459] CPRT
[04:54:02] [232/459] EYHZ
[04:54:03] [233/459] ARBL
[04:54:04] [234/459] SBTB
[04:54:04] [235/459] MMCK
[04:54:05] [236/459] PLMR
[04:54:05] [237/459] BIJH
[04:54:06] [238/459] SDRT
[04:54:06] [239/459] PRDC
[04:54:07] [240/459] OMJA
[04:54:07] [241/459] VKCR
[04:54:08] [242/459] ATRT
[04:54:08] [243/459] WVRP
[04:54:09] [244/459] MVRP
[04:54:10] [245/459] FCAX
[04:54:10] [246/459] CTLC
[04:54:11] [247/459] JCHB
[04:54:11] [248/459] SELP
[04:54:12] [249/459] VCPG
[04:54:13] [250/459] ASCX
[04:54:13] [251/459] EOCS
[04:54:14] [252/459] RCPH
[04:54:15] [253/459] RJTM
[04:54:15] [254/459] SGMD
[04:54:16] [255/459] SVJT
[04:54:16] [256/459] SPPO
[04:54:17] [257/459] MNRL
[04:54:18] [258/459] KNOX
[04:54:18] [259/459] GIER
[04:54:19] [260/459] PJMS
[04:54:20] [261/459] UNSP
[04:54:20] [262/459] JETP
[04:54:21] [263/459] VTWA
[04:54:21] [264/459] SCJI
[04:54:22] [265/459] CBZZ
[04:54:23] [266/459] SDCJ
[04:54:23] [267/459] RRCC
[04:54:24] [268/459] VNKG
[04:54:25] [269/459] LKTO
[04:54:25] [270/459] PJRM
[04:54:26] [271/459] NVRM
[04:54:27] [272/459] SJCS
[04:54:27] [273/459] VIGK
[04:54:28] [274/459] ANST
[04:54:29] [275/459] JTTS
[04:54:30] [276/459] NTST
[04:54:30] [277/459] PREB
[04:54:31] [278/459] TSCZ
[04:54:31] [279/459] CDCM
[04:54:32] [280/459] ELYE
[04:54:32] [281/459] INBS
[04:54:33] [282/459] SMGC
[04:54:33] [283/459] UTMP
[04:54:34] [284/459] INTA
[04:54:34] [285/459] OMPT
[04:54:35] [286/459] SCIR
[04:54:35] [287/459] GCKJ
[04:54:36] [288/459] INOG
[04:54:37] [289/459] SMGB
[04:54:38] [290/459] MCSG
[04:54:38] [291/459] STKG
[04:54:39] [292/459] TTKG
[04:54:39] [293/459] SRTR
[04:54:40] [294/459] ETTR
[04:54:40] [295/459] GGGZ
[04:54:41] [296/459] IPGM
[04:54:42] [297/459] FCDH
[04:54:42] [298/459] DESB
[04:54:43] [299/459] VNTP
[04:54:43] [300/459] ANNT
[04:54:44] [301/459] SLTI
[04:54:45] [302/459] MAJU
[04:54:45] [303/459] JCXP
[04:54:46] [304/459] HARK
[04:54:46] [305/459] JPCJ
[04:54:47] [306/459] RXBD
[04:54:48] [307/459] PTKJ
[04:54:48] [308/459] CMTU
[04:54:49] [309/459] SWOR
[04:54:49] [310/459] JMEX
[04:54:50] [311/459] DTPT
[04:54:51] [312/459] VGMM
[04:54:51] [313/459] VCSG
[04:54:52] [314/459] CVCG
[04:54:52] [315/459] TNTT
[04:54:53] [316/459] SHRM
[04:54:53] [317/459] CGKD
[04:54:54] [318/459] EKCM
[04:54:55] [319/459] SDCX
[04:54:55] [320/459] SBTE
[04:54:56] [321/459] STKJ
[04:54:56] [322/459] TPCE
[04:54:57] [323/459] JTNP
[04:54:57] [324/459] LPCH
[04:54:58] [325/459] CPUO
[04:54:59] [326/459] APSU
[04:54:59] [327/459] RTHC
[04:55:00] [328/459] PTBU
[04:55:00] [329/459] CUCC
[04:55:01] [330/459] CPSA
[04:55:02] [331/459] SUAY
[04:55:02] [332/459] AYAA
[04:55:03] [333/459] MUCH
[04:55:03] [334/459] PCIN
[04:55:04] [335/459] JRRM
[04:55:05] [336/459] KATS
[04:55:05] [337/459] MHFF
[04:55:06] [338/459] ESYM
[04:55:07] [339/459] STYV
[04:55:07] [340/459] SDKG
[04:55:08] [341/459] SMTI
[04:55:09] [342/459] NYCS
[04:55:09] [343/459] MTBG
[04:55:10] [344/459] RHCA
[04:55:11] [345/459] PCKH
[04:55:11] [346/459] ARCR
[04:55:12] [347/459] NCMB
[04:55:13] [348/459] SHYC
[04:55:13] [349/459] LACK
[04:55:14] [350/459] MTCM
[04:55:14] [351/459] RRBN
[04:55:15] [352/459] MYDC
[04:55:16] [353/459] STCS
[04:55:16] [354/459] CONN
[04:55:17] [355/459] SIPS
[04:55:18] [356/459] SMMX
[04:55:18] [357/459] SCBY
[04:55:19] [358/459] SUAP
[04:55:19] [359/459] RSMK
[04:55:20] [360/459] STKP
[04:55:20] [361/459] CIPC
[04:55:21] [362/459] KKCI
[04:55:21] [363/459] CTNK
[04:55:22] [364/459] MMTZ
[04:55:22] [365/459] DCCO
[04:55:23] [366/459] VNMN
[04:55:24] [367/459] RLCN
[04:55:24] [368/459] CMMS
[04:55:25] [369/459] AYOU
[04:55:25] [370/459] SSCN
[04:55:26] [371/459] SMXN
[04:55:26] [372/459] ASSK
[04:55:27] [373/459] VCKM
[04:55:27] [374/459] PCPH
[04:55:28] [375/459] PADM
[04:55:29] [376/459] IESA
[04:55:29] [377/459] VCSP
[04:55:30] [378/459] AEST
[04:55:31] [379/459] VTNR
[04:55:31] [380/459] GTTA
[04:55:32] [381/459] CMMM
[04:55:32] [382/459] AHKT
[04:55:33] [383/459] SIJI
[04:55:33] [384/459] VCEI
[04:55:34] [385/459] SAKR
[04:55:35] [386/459] VSMT
[04:55:35] [387/459] SSCT
[04:55:36] [388/459] USTR
[04:55:36] [389/459] MTKT
[04:55:37] [390/459] TGMP
[04:55:38] [391/459] SIVC
[04:55:38] [392/459] KICT
[04:55:39] [393/459] DAMD
[04:55:40] [394/459] CNPT
[04:55:40] [395/459] RVTT
[04:55:41] [396/459] SNCM
[04:55:42] [397/459] GHTE
[04:55:42] [398/459] PPAM
[04:55:43] [399/459] PVAA
[04:55:44] [400/459] CPAO
[04:55:44] [401/459] HAMD
[04:55:45] [402/459] RCCA
[04:55:46] [403/459] MPCH
[04:55:46] [404/459] ARED
[04:55:46] [405/459] RRCV
[04:55:47] [406/459] MTRB
[04:55:48] [407/459] CKUA
[04:55:48] [408/459] ABMP
[04:55:49] [409/459] RCWA
[04:55:49] [410/459] CGAR
[04:55:50] [411/459] METH
[04:55:51] [412/459] WAGA
[04:55:51] [413/459] MCMA
[04:55:52] [414/459] CSMP
[04:55:52] [415/459] RCNK
[04:55:53] [416/459] PSTM
[04:55:53] [417/459] CSEP
[04:55:54] [418/459] AMGD
[04:55:55] [419/459] CSTE
[04:55:55] [420/459] CONS
[04:55:56] [421/459] APPX
[04:55:56] [422/459] MABC
[04:55:57] [423/459] CXST
[04:55:57] [424/459] MATN
[04:55:58] [425/459] MACZ
[04:55:59] [426/459] MASA
[04:55:59] [427/459] MBSX
[04:56:00] [428/459] CSST
[04:56:01] [429/459] APCL
[04:56:01] [430/459] CGOS
[04:56:02] [431/459] CPEC
[04:56:03] [432/459] MCCP
[04:56:04] [433/459] BSSO
[04:56:04] [434/459] SJKA
[04:56:05] [435/459] CGBO
[04:56:05] [436/459] MVSK
[04:56:06] [437/459] HVCA
[04:56:07] [438/459] NAMD
[04:56:07] [439/459] DEVI
[04:56:08] [440/459] SCSV
[04:56:09] [441/459] PSMA
[04:56:09] [442/459] CLDJ
[04:56:10] [443/459] NMAD
[04:56:10] [444/459] CGMO
[04:56:11] [445/459] MCNA
[04:56:11] [446/459] OCBN
[04:56:12] [447/459] CPEM
[04:56:13] [448/459] CPSM
[04:56:13] [449/459] RCAD
[04:56:14] [450/459] CPMU
[04:56:14] [451/459] DICD
[04:56:15] [452/459] CHOE
[04:56:16] [453/459] PDJM
[04:56:16] [454/459] SSTU
[04:56:17] [455/459] VNRN
[04:56:17] [456/459] PVLG
[04:56:18] [457/459] SWBL
[04:56:19] [458/459] SCAB
[04:56:19] [459/459] RDDA
[04:56:20] 🧹 Deduping shows
[04:56:20] ✅ DONE | Shows=700 | Movies=61
[12:01:56] 🚀 SCRIPT STARTED
[12:01:56] [1/459] MCCZ
[12:01:56] 🧠 New identity created
[12:01:57] [2/459] FRPU
[12:01:58] [3/459] SKSI
[12:01:59] [4/459] SSCK
[12:02:00] [5/459] SRDC
[12:02:00] [6/459] RSCZ
[12:02:01] [7/459] PRVT
[12:02:03] [8/459] GAGJ
[12:02:05] [9/459] SMHG
[12:02:06] [10/459] JTST
[12:02:06] [11/459] MYTH
[12:02:07] [12/459] JPCC
[12:02:08] [13/459] ACDC
[12:02:09] [14/459] SVFP
[12:02:10] [15/459] SFCM
[12:02:11] [16/459] RUPK
[12:02:12] [17/459] NTCR
[12:02:12] [18/459] RTCH
[12:02:13] [19/459] SCMH
[12:02:14] [20/459] SVYM
[12:02:15] [21/459] SPYM
[12:02:16] [22/459] SMMF
[12:02:17] [23/459] CLLB
[12:02:17] [24/459] FMCB
[12:02:18] [25/459] BBTC
[12:02:19] [26/459] NTHS
[12:02:20] [27/459] PKKJ
[12:02:21] [28/459] MTJA
[12:02:22] [29/459] PMSJ
[12:02:22] [30/459] JMJU
[12:02:23] [31/459] SRAD
[12:02:24] [32/459] MJMC
[12:02:25] [33/459] DFRM
[12:02:27] [34/459] PMRS
[12:02:29] [35/459] RKPP
[12:02:30] [36/459] BMBK
[12:02:31] [37/459] NEWS
[12:02:31] [38/459] SALB
[12:02:32] [39/459] SCPW
[12:02:34] [40/459] RAYL
[12:02:35] [41/459] CMGJ
[12:02:35] [42/459] JRCR
[12:02:37] [43/459] SRTB
[12:02:38] [44/459] ETPB
[12:02:39] [45/459] MXBN
[12:02:41] [46/459] TOPE
[12:02:41] [47/459] SNLJ
[12:02:42] [48/459] CDDP
[12:02:43] [49/459] APCX
[12:02:44] [50/459] TALP
[12:02:45] [51/459] RRMP
[12:02:46] [52/459] MAHB
[12:02:47] [53/459] MTKR
[12:02:48] [54/459] KSKL
[12:02:48] [55/459] RJLT
[12:02:49] [56/459] ATAS
[12:02:50] [57/459] AMHR
[12:02:51] [58/459] RSRM
[12:02:52] [59/459] GCAT
[12:02:53] [60/459] SMML
[12:02:53] [61/459] ACCD
[12:02:54] [62/459] VYDA
[12:02:55] [63/459] MSKT
[12:02:56] [64/459] AVDM
[12:02:57] [65/459] ASMH
[12:02:58] [66/459] VTMB
[12:02:59] [67/459] WVMB
[12:03:00] [68/459] PPMN
[12:03:00] [69/459] MTMD
[12:03:01] [70/459] SMMO
[12:03:02] [71/459] DLPB
[12:03:03] [72/459] AKMD
[12:03:03] [73/459] SHRR
[12:03:04] [74/459] ASCO
[12:03:05] [75/459] CZVX
[12:03:06] [76/459] GCBB
[12:03:06] [77/459] ATBM
[12:03:07] [78/459] TCGM
[12:03:08] [79/459] UMSE
[12:03:09] [80/459] NKCL
[12:03:10] [81/459] BTLR
[12:03:11] [82/459] GOCL
[12:03:11] [83/459] MIRN
[12:03:12] [84/459] THEC
[12:03:13] [85/459] SPPB
[12:03:14] [86/459] PMMM
[12:03:15] [87/459] GGMC
[12:03:16] [88/459] AVSR
[12:03:17] [89/459] RDMH
[12:03:18] [90/459] JSRS
[12:03:19] [91/459] VKGP
[12:03:19] [92/459] ACRT
[12:03:20] [93/459] GCBA
[12:03:21] [94/459] GTCP
[12:03:22] [95/459] AKFC
[12:03:23] [96/459] INCS
[12:03:24] [97/459] SMCK
[12:03:24] [98/459] BRUN
[12:03:25] [99/459] RPPC
[12:03:26] [100/459] PAYD
[12:03:27] [101/459] SVVT
[12:03:28] [102/459] RNCC
[12:03:29] [103/459] PCRC
[12:03:29] [104/459] PMRM
[12:03:30] [105/459] CCRP
[12:03:31] [106/459] INCR
[12:03:32] [107/459] ZTMP
[12:03:33] [108/459] MCNR
[12:03:35] [109/459] INRP
[12:03:36] [110/459] STRC
[12:03:36] [111/459] RATI
[12:03:37] [112/459] PBTR
[12:03:38] [113/459] CMHP
[12:03:39] [114/459] ZECJ
[12:03:40] [115/459] CCCB
[12:03:41] [116/459] BWCB
[12:03:42] [117/459] CCAT
[12:03:42] [118/459] KGCM
[12:03:43] [119/459] INPT
[12:03:44] [120/459] FNCO
[12:03:45] [121/459] SRMJ
[12:03:46] [122/459] PFSC
[12:03:47] [123/459] PBMC
[12:03:49] [124/459] KARP
[12:03:50] [125/459] KOVI
[12:03:51] [126/459] ACXL
[12:03:52] [127/459] GKCC
[12:03:53] [128/459] ASCC
[12:03:54] [129/459] SETC
[12:03:55] [130/459] KACC
[12:03:56] [131/459] KAVE
[12:03:57] [132/459] CNTC
[12:03:58] [133/459] MEEN
[12:03:59] [134/459] BMRV
[12:04:00] [135/459] SVAM
[12:04:01] [136/459] VTBP
[12:04:02] [137/459] VCKN
[12:04:02] [138/459] SGTK
[12:04:03] [139/459] RCGS
[12:04:04] [140/459] RCCB
[12:04:05] [141/459] RKSR
[12:04:06] [142/459] RKCU
[12:04:07] [143/459] GIBH
[12:04:07] [144/459] CXBS
[12:04:08] [145/459] GGCB
[12:04:09] [146/459] SCPB
[12:04:10] [147/459] AKTB
[12:04:10] [148/459] SRBU
[12:04:12] [149/459] CSSA
[12:04:13] [150/459] MYAN
[12:04:14] [151/459] EXCA
[12:04:15] [152/459] CKSA
[12:04:15] [153/459] JTNM
[12:04:16] [154/459] CXKT
[12:04:18] [155/459] NCLM
[12:04:19] [156/459] JAAD
[12:04:20] [157/459] RDCR
[12:04:20] [158/459] MEER
[12:04:21] [159/459] SIBT
[12:04:22] [160/459] PVVB
[12:04:23] [161/459] FNPN
[12:04:24] [162/459] CRPX
[12:04:25] [163/459] STET
[12:04:26] [164/459] METE
[12:04:27] [165/459] BJML
[12:04:28] [166/459] MAVT
[12:04:29] [167/459] MSRM
[12:04:30] [168/459] TJMP
[12:04:31] [169/459] MHCK
[12:04:31] [170/459] SVGP
[12:04:32] [171/459] KRRC
[12:04:33] [172/459] IMCH
[12:04:34] [173/459] CMCS
[12:04:35] [174/459] SGND
[12:04:36] [175/459] RNAT
[12:04:36] [176/459] PRTN
[12:04:37] [177/459] MPTN
[12:04:38] [178/459] ARCC
[12:04:39] [179/459] NTTE
[12:04:40] [180/459] ABND
[12:04:41] [181/459] KCSN
[12:04:42] [182/459] KCSA
[12:04:43] [183/459] DCKT
[12:04:44] [184/459] MBBR
[12:04:45] [185/459] RAMU
[12:04:46] [186/459] RACW
[12:04:46] [187/459] MCHP
[12:04:47] [188/459] TMHM
[12:04:48] [189/459] STXH
[12:04:49] [190/459] AGSG
[12:04:51] [191/459] SIRA
[12:04:51] [192/459] RCAN
[12:04:53] [193/459] CWTB
[12:04:54] [194/459] VTYM
[12:04:55] [195/459] RRPP
[12:04:56] [196/459] ASMR
[12:04:57] [197/459] RONO
[12:04:57] [198/459] MEMR
[12:04:59] [199/459] CTMR
[12:05:00] [200/459] PMTT
[12:05:00] [201/459] PSLX
[12:05:01] [202/459] IPPL
[12:05:02] [203/459] MMSG
[12:05:03] [204/459] INEL
[12:05:04] [205/459] COAC
[12:05:05] [206/459] WVLK
[12:05:05] [207/459] PPXL
[12:05:06] [208/459] PSML
[12:05:07] [209/459] FNLK
[12:05:08] [210/459] ILUM
[12:05:09] [211/459] ILCM
[12:05:10] [212/459] MSNL
[12:05:11] [213/459] VINB
[12:05:11] [214/459] SALW
[12:05:12] [215/459] PRTB
[12:05:13] [216/459] NCIL
[12:05:15] [217/459] PSUL
[12:05:15] [218/459] SCLK
[12:05:15] [219/459] ADDC
[12:05:16] [220/459] OACL
[12:05:17] [221/459] OOCF
[12:05:18] [222/459] GPMF
[12:05:19] [223/459] SSDG
[12:05:19] [224/459] SKRS
[12:05:20] [225/459] NTTP
[12:05:21] [226/459] SLTP
[12:05:22] [227/459] JTLC
[12:05:23] [228/459] POON
[12:05:23] [229/459] CCPC
[12:05:24] [230/459] DCKC
[12:05:25] [231/459] CPRT
[12:05:26] [232/459] EYHZ
[12:05:27] [233/459] ARBL
[12:05:28] [234/459] SBTB
[12:05:29] [235/459] MMCK
[12:05:29] [236/459] PLMR
[12:05:31] [237/459] BIJH
[12:05:32] [238/459] SDRT
[12:05:33] [239/459] PRDC
[12:05:33] [240/459] OMJA
[12:05:34] [241/459] VKCR
[12:05:35] [242/459] ATRT
[12:05:36] [243/459] WVRP
[12:05:36] [244/459] MVRP
[12:05:37] [245/459] FCAX
[12:05:38] [246/459] CTLC
[12:05:39] [247/459] JCHB
[12:05:40] [248/459] SELP
[12:05:40] [249/459] VCPG
[12:05:41] [250/459] ASCX
[12:05:42] [251/459] EOCS
[12:05:43] [252/459] RCPH
[12:05:44] [253/459] RJTM
[12:05:44] [254/459] SGMD
[12:05:45] [255/459] SVJT
[12:05:46] [256/459] SPPO
[12:05:47] [257/459] MNRL
[12:05:48] [258/459] KNOX
[12:05:49] [259/459] GIER
[12:05:50] [260/459] PJMS
[12:05:50] [261/459] UNSP
[12:05:51] [262/459] JETP
[12:05:52] [263/459] VTWA
[12:05:53] [264/459] SCJI
[12:05:54] [265/459] CBZZ
[12:05:54] [266/459] SDCJ
[12:05:55] [267/459] RRCC
[12:05:56] [268/459] VNKG
[12:05:57] [269/459] LKTO
[12:05:58] [270/459] PJRM
[12:05:59] [271/459] NVRM
[12:05:59] [272/459] SJCS
[12:06:00] [273/459] VIGK
[12:06:01] [274/459] ANST
[12:06:02] [275/459] JTTS
[12:06:02] [276/459] NTST
[12:06:04] [277/459] PREB
[12:06:05] [278/459] TSCZ
[12:06:06] [279/459] CDCM
[12:06:07] [280/459] ELYE
[12:06:07] [281/459] INBS
[12:06:08] [282/459] SMGC
[12:06:10] [283/459] UTMP
[12:06:11] [284/459] INTA
[12:06:11] [285/459] OMPT
[12:06:12] [286/459] SCIR
[12:06:13] [287/459] GCKJ
[12:06:14] [288/459] INOG
[12:06:15] [289/459] SMGB
[12:06:15] [290/459] MCSG
[12:06:16] [291/459] STKG
[12:06:17] [292/459] TTKG
[12:06:19] [293/459] SRTR
[12:06:19] [294/459] ETTR
[12:06:19] [295/459] GGGZ
[12:06:20] [296/459] IPGM
[12:06:21] [297/459] FCDH
[12:06:22] [298/459] DESB
[12:06:24] [299/459] VNTP
[12:06:24] [300/459] ANNT
[12:06:25] [301/459] SLTI
[12:06:26] [302/459] MAJU
[12:06:27] [303/459] JCXP
[12:06:27] [304/459] HARK
[12:06:28] [305/459] JPCJ
[12:06:29] [306/459] RXBD
[12:06:30] [307/459] PTKJ
[12:06:31] [308/459] CMTU
[12:06:32] [309/459] SWOR
[12:06:32] [310/459] JMEX
[12:06:33] [311/459] DTPT
[12:06:34] [312/459] VGMM
[12:06:35] [313/459] VCSG
[12:06:36] [314/459] CVCG
[12:06:36] [315/459] TNTT
[12:06:37] [316/459] SHRM
[12:06:38] [317/459] CGKD
[12:06:39] [318/459] EKCM
[12:06:39] [319/459] SDCX
[12:06:40] [320/459] SBTE
[12:06:41] [321/459] STKJ
[12:06:41] [322/459] TPCE
[12:06:42] [323/459] JTNP
[12:06:44] [324/459] LPCH
[12:06:44] [325/459] CPUO
[12:06:45] [326/459] APSU
[12:06:46] [327/459] RTHC
[12:06:47] [328/459] PTBU
[12:06:48] [329/459] CUCC
[12:06:49] [330/459] CPSA
[12:06:50] [331/459] SUAY
[12:06:50] [332/459] AYAA
[12:06:51] [333/459] MUCH
[12:06:52] [334/459] PCIN
[12:06:53] [335/459] JRRM
[12:06:54] [336/459] KATS
[12:06:54] [337/459] MHFF
[12:06:55] [338/459] ESYM
[12:06:56] [339/459] STYV
[12:06:57] [340/459] SDKG
[12:06:58] [341/459] SMTI
[12:06:59] [342/459] NYCS
[12:06:59] [343/459] MTBG
[12:07:00] [344/459] RHCA
[12:07:01] [345/459] PCKH
[12:07:02] [346/459] ARCR
[12:07:03] [347/459] NCMB
[12:07:03] [348/459] SHYC
[12:07:04] [349/459] LACK
[12:07:05] [350/459] MTCM
[12:07:05] [351/459] RRBN
[12:07:06] [352/459] MYDC
[12:07:07] [353/459] STCS
[12:07:08] [354/459] CONN
[12:07:09] [355/459] SIPS
[12:07:10] [356/459] SMMX
[12:07:11] [357/459] SCBY
[12:07:11] [358/459] SUAP
[12:07:12] [359/459] RSMK
[12:07:13] [360/459] STKP
[12:07:14] [361/459] CIPC
[12:07:15] [362/459] KKCI
[12:07:15] [363/459] CTNK
[12:07:16] [364/459] MMTZ
[12:07:18] [365/459] DCCO
[12:07:18] [366/459] VNMN
[12:07:19] [367/459] RLCN
[12:07:20] [368/459] CMMS
[12:07:21] [369/459] AYOU
[12:07:22] [370/459] SSCN
[12:07:23] [371/459] SMXN
[12:07:23] [372/459] ASSK
[12:07:24] [373/459] VCKM
[12:07:25] [374/459] PCPH
[12:07:26] [375/459] PADM
[12:07:27] [376/459] IESA
[12:07:28] [377/459] VCSP
[12:07:29] [378/459] AEST
[12:07:29] [379/459] VTNR
[12:07:30] [380/459] GTTA
[12:07:31] [381/459] CMMM
[12:07:32] [382/459] AHKT
[12:07:33] [383/459] SIJI
[12:07:33] [384/459] VCEI
[12:07:35] [385/459] SAKR
[12:07:36] [386/459] VSMT
[12:07:37] [387/459] SSCT
[12:07:38] [388/459] USTR
[12:07:39] [389/459] MTKT
[12:07:40] [390/459] TGMP
[12:07:40] [391/459] SIVC
[12:07:41] [392/459] KICT
[12:07:42] [393/459] DAMD
[12:07:43] [394/459] CNPT
[12:07:44] [395/459] RVTT
[12:07:45] [396/459] SNCM
[12:07:46] [397/459] GHTE
[12:07:47] [398/459] PPAM
[12:07:47] [399/459] PVAA
[12:07:48] [400/459] CPAO
[12:07:49] [401/459] HAMD
[12:07:50] [402/459] RCCA
[12:07:51] [403/459] MPCH
[12:07:51] [404/459] ARED
[12:07:52] [405/459] RRCV
[12:07:53] [406/459] MTRB
[12:07:54] [407/459] CKUA
[12:07:55] [408/459] ABMP
[12:07:56] [409/459] RCWA
[12:07:56] [410/459] CGAR
[12:07:58] [411/459] METH
[12:07:59] [412/459] WAGA
[12:07:59] [413/459] MCMA
[12:08:00] [414/459] CSMP
[12:08:01] [415/459] RCNK
[12:08:02] [416/459] PSTM
[12:08:02] [417/459] CSEP
[12:08:03] [418/459] AMGD
[12:08:04] [419/459] CSTE
[12:08:05] [420/459] CONS
[12:08:06] [421/459] APPX
[12:08:07] [422/459] MABC
[12:08:07] [423/459] CXST
[12:08:08] [424/459] MATN
[12:08:09] [425/459] MACZ
[12:08:10] [426/459] MASA
[12:08:11] [427/459] MBSX
[12:08:12] [428/459] CSST
[12:08:12] [429/459] APCL
[12:08:14] [430/459] CGOS
[12:08:15] [431/459] CPEC
[12:08:15] [432/459] MCCP
[12:08:16] [433/459] BSSO
[12:08:17] [434/459] SJKA
[12:08:18] [435/459] CGBO
[12:08:19] [436/459] MVSK
[12:08:19] [437/459] HVCA
[12:08:21] [438/459] NAMD
[12:08:22] [439/459] DEVI
[12:08:23] [440/459] SCSV
[12:08:23] [441/459] PSMA
[12:08:24] [442/459] CLDJ
[12:08:25] [443/459] NMAD
[12:08:26] [444/459] CGMO
[12:08:26] [445/459] MCNA
[12:08:27] [446/459] OCBN
[12:08:28] [447/459] CPEM
[12:08:29] [448/459] CPSM
[12:08:30] [449/459] RCAD
[12:08:31] [450/459] CPMU
[12:08:32] [451/459] DICD
[12:08:32] [452/459] CHOE
[12:08:33] [453/459] PDJM
[12:08:34] [454/459] SSTU
[12:08:35] [455/459] VNRN
[12:08:35] [456/459] PVLG
[12:08:36] [457/459] SWBL
[12:08:37] [458/459] SCAB
[12:08:38] [459/459] RDDA
[12:08:39] 🧹 Deduping shows
[12:08:39] ✅ DONE | Shows=750 | Movies=63
[19:06:51] 🚀 SCRIPT STARTED
[19:06:51] [1/459] MCCZ
[19:06:51] 🧠 New identity created
[19:06:52] [2/459] FRPU
[19:06:54] [3/459] SKSI
[19:06:55] [4/459] SSCK
[19:06:56] [5/459] SRDC
[19:06:57] [6/459] RSCZ
[19:06:58] [7/459] PRVT
[19:06:59] [8/459] GAGJ
[19:07:00] [9/459] SMHG
[19:07:00] [10/459] JTST
[19:07:01] [11/459] MYTH
[19:07:02] [12/459] JPCC
[19:07:03] [13/459] ACDC
[19:07:04] [14/459] SVFP
[19:07:05] [15/459] SFCM
[19:07:05] [16/459] RUPK
[19:07:06] [17/459] NTCR
[19:07:07] [18/459] RTCH
[19:07:08] [19/459] SCMH
[19:07:09] [20/459] SVYM
[19:07:11] [21/459] SPYM
[19:07:11] [22/459] SMMF
[19:07:13] [23/459] CLLB
[19:07:13] [24/459] FMCB
[19:07:14] [25/459] BBTC
[19:07:15] [26/459] NTHS
[19:07:17] [27/459] PKKJ
[19:07:18] [28/459] MTJA
[19:07:18] [29/459] PMSJ
[19:07:19] [30/459] JMJU
[19:07:20] [31/459] SRAD
[19:07:21] [32/459] MJMC
[19:07:23] [33/459] DFRM
[19:07:24] [34/459] PMRS
[19:07:25] [35/459] RKPP
[19:07:26] [36/459] BMBK
[19:07:26] [37/459] NEWS
[19:07:27] [38/459] SALB
[19:07:28] [39/459] SCPW
[19:07:29] [40/459] RAYL
[19:07:30] [41/459] CMGJ
[19:07:31] [42/459] JRCR
[19:07:33] [43/459] SRTB
[19:07:34] [44/459] ETPB
[19:07:35] [45/459] MXBN
[19:07:35] [46/459] TOPE
[19:07:36] [47/459] SNLJ
[19:07:37] [48/459] CDDP
[19:07:39] [49/459] APCX
[19:07:40] [50/459] TALP
[19:07:41] [51/459] RRMP
[19:07:42] [52/459] MAHB
[19:07:44] [53/459] MTKR
[19:07:45] [54/459] KSKL
[19:07:46] [55/459] RJLT
[19:07:47] [56/459] ATAS
[19:07:48] [57/459] AMHR
[19:07:49] [58/459] RSRM
[19:07:50] [59/459] GCAT
[19:07:50] [60/459] SMML
[19:07:51] [61/459] ACCD
[19:07:52] [62/459] VYDA
[19:07:53] [63/459] MSKT
[19:07:55] [64/459] AVDM
[19:07:56] [65/459] ASMH
[19:07:57] [66/459] VTMB
[19:07:58] [67/459] WVMB
[19:07:59] [68/459] PPMN
[19:08:01] [69/459] MTMD
[19:08:02] [70/459] SMMO
[19:08:03] [71/459] DLPB
[19:08:03] [72/459] AKMD
[19:08:05] [73/459] SHRR
[19:08:06] [74/459] ASCO
[19:08:06] [75/459] CZVX
[19:08:08] [76/459] GCBB
[19:08:09] [77/459] ATBM
[19:08:10] [78/459] TCGM
[19:08:11] [79/459] UMSE
[19:08:12] [80/459] NKCL
[19:08:13] [81/459] BTLR
[19:08:14] [82/459] GOCL
[19:08:15] [83/459] MIRN
[19:08:16] [84/459] THEC
[19:08:17] [85/459] SPPB
[19:08:18] [86/459] PMMM
[19:08:19] [87/459] GGMC
[19:08:20] [88/459] AVSR
[19:08:21] [89/459] RDMH
[19:08:22] [90/459] JSRS
[19:08:23] [91/459] VKGP
[19:08:24] [92/459] ACRT
[19:08:24] [93/459] GCBA
[19:08:25] [94/459] GTCP
[19:08:27] [95/459] AKFC
[19:08:28] [96/459] INCS
[19:08:29] [97/459] SMCK
[19:08:30] [98/459] BRUN
[19:08:30] [99/459] RPPC
[19:08:32] [100/459] PAYD
[19:08:33] [101/459] SVVT
[19:08:33] [102/459] RNCC
[19:08:34] [103/459] PCRC
[19:08:35] [104/459] PMRM
[19:08:37] [105/459] CCRP
[19:08:38] [106/459] INCR
[19:08:40] [107/459] ZTMP
[19:08:40] [108/459] MCNR
[19:08:41] [109/459] INRP
[19:08:42] [110/459] STRC
[19:08:43] [111/459] RATI
[19:08:43] [112/459] PBTR
[19:08:44] [113/459] CMHP
[19:08:45] [114/459] ZECJ
[19:08:46] [115/459] CCCB
[19:08:48] [116/459] BWCB
[19:08:49] [117/459] CCAT
[19:08:50] [118/459] KGCM
[19:08:51] [119/459] INPT
[19:08:52] [120/459] FNCO
[19:08:53] [121/459] SRMJ
[19:08:54] [122/459] PFSC
[19:08:56] [123/459] PBMC
[19:08:57] [124/459] KARP
[19:08:57] [125/459] KOVI
[19:08:58] [126/459] ACXL
[19:08:59] [127/459] GKCC
[19:09:00] [128/459] ASCC
[19:09:01] [129/459] SETC
[19:09:01] [130/459] KACC
[19:09:03] [131/459] KAVE
[19:09:04] [132/459] CNTC
[19:09:05] [133/459] MEEN
[19:09:06] [134/459] BMRV
[19:09:08] [135/459] SVAM
[19:09:09] [136/459] VTBP
[19:09:11] [137/459] VCKN
[19:09:11] [138/459] SGTK
[19:09:12] [139/459] RCGS
[19:09:15] [140/459] RCCB
[19:09:16] [141/459] RKSR
[19:09:17] [142/459] RKCU
[19:09:18] [143/459] GIBH
[19:09:19] [144/459] CXBS
[19:09:19] [145/459] GGCB
[19:09:20] [146/459] SCPB
[19:09:21] [147/459] AKTB
[19:09:22] [148/459] SRBU
[19:09:23] [149/459] CSSA
[19:09:24] [150/459] MYAN
[19:09:25] [151/459] EXCA
[19:09:25] [152/459] CKSA
[19:09:27] [153/459] JTNM
[19:09:28] [154/459] CXKT
[19:09:29] [155/459] NCLM
[19:09:30] [156/459] JAAD
[19:09:31] [157/459] RDCR
[19:09:33] [158/459] MEER
[19:09:34] [159/459] SIBT
[19:09:35] [160/459] PVVB
[19:09:35] [161/459] FNPN
[19:09:37] [162/459] CRPX
[19:09:38] [163/459] STET
[19:09:39] [164/459] METE
[19:09:40] [165/459] BJML
[19:09:41] [166/459] MAVT
[19:09:42] [167/459] MSRM
[19:09:43] [168/459] TJMP
[19:09:43] [169/459] MHCK
[19:09:44] [170/459] SVGP
[19:09:45] [171/459] KRRC
[19:09:46] [172/459] IMCH
[19:09:48] [173/459] CMCS
[19:09:49] [174/459] SGND
[19:09:50] [175/459] RNAT
[19:09:51] [176/459] PRTN
[19:09:52] [177/459] MPTN
[19:09:53] [178/459] ARCC
[19:09:53] [179/459] NTTE
[19:09:54] [180/459] ABND
[19:09:55] [181/459] KCSN
[19:09:56] [182/459] KCSA
[19:09:57] [183/459] DCKT
[19:09:58] [184/459] MBBR
[19:09:59] [185/459] RAMU
[19:10:00] [186/459] RACW
[19:10:00] [187/459] MCHP
[19:10:01] [188/459] TMHM
[19:10:03] [189/459] STXH
[19:10:05] [190/459] AGSG
[19:10:05] [191/459] SIRA
[19:10:06] [192/459] RCAN
[19:10:09] [193/459] CWTB
[19:10:12] [194/459] VTYM
[19:10:13] [195/459] RRPP
[19:10:13] [196/459] ASMR
[19:10:14] [197/459] RONO
[19:10:15] [198/459] MEMR
[19:10:16] [199/459] CTMR
[19:10:17] [200/459] PMTT
[19:10:18] [201/459] PSLX
[19:10:20] [202/459] IPPL
[19:10:21] [203/459] MMSG
[19:10:22] [204/459] INEL
[19:10:24] [205/459] COAC
[19:10:25] [206/459] WVLK
[19:10:25] [207/459] PPXL
[19:10:26] [208/459] PSML
[19:10:27] [209/459] FNLK
[19:10:28] [210/459] ILUM
[19:10:29] [211/459] ILCM
[19:10:30] [212/459] MSNL
[19:10:32] [213/459] VINB
[19:10:33] [214/459] SALW
[19:10:35] [215/459] PRTB
[19:10:36] [216/459] NCIL
[19:10:37] [217/459] PSUL
[19:10:38] [218/459] SCLK
[19:10:39] [219/459] ADDC
[19:10:40] [220/459] OACL
[19:10:41] [221/459] OOCF
[19:10:42] [222/459] GPMF
[19:10:43] [223/459] SSDG
[19:10:44] [224/459] SKRS
[19:10:45] [225/459] NTTP
[19:10:46] [226/459] SLTP
[19:10:47] [227/459] JTLC
[19:10:48] [228/459] POON
[19:10:49] [229/459] CCPC
[19:10:50] [230/459] DCKC
[19:10:51] [231/459] CPRT
[19:10:52] [232/459] EYHZ
[19:10:53] [233/459] ARBL
[19:10:54] [234/459] SBTB
[19:10:55] [235/459] MMCK
[19:10:58] [236/459] PLMR
[19:10:59] [237/459] BIJH
[19:11:00] [238/459] SDRT
[19:11:01] [239/459] PRDC
[19:11:02] [240/459] OMJA
[19:11:03] [241/459] VKCR
[19:11:03] [242/459] ATRT
[19:11:05] [243/459] WVRP
[19:11:06] [244/459] MVRP
[19:11:07] [245/459] FCAX
[19:11:08] [246/459] CTLC
[19:11:09] [247/459] JCHB
[19:11:10] [248/459] SELP
[19:11:11] [249/459] VCPG
[19:11:11] [250/459] ASCX
[19:11:12] [251/459] EOCS
[19:11:13] [252/459] RCPH
[19:11:14] [253/459] RJTM
[19:11:15] [254/459] SGMD
[19:11:17] [255/459] SVJT
[19:11:17] [256/459] SPPO
[19:11:18] [257/459] MNRL
[19:11:20] [258/459] KNOX
[19:11:21] [259/459] GIER
[19:11:22] [260/459] PJMS
[19:11:22] [261/459] UNSP
[19:11:23] [262/459] JETP
[19:11:24] [263/459] VTWA
[19:11:26] [264/459] SCJI
[19:11:27] [265/459] CBZZ
[19:11:28] [266/459] SDCJ
[19:11:28] [267/459] RRCC
[19:11:30] [268/459] VNKG
[19:11:31] [269/459] LKTO
[19:11:32] [270/459] PJRM
[19:11:34] [271/459] NVRM
[19:11:34] [272/459] SJCS
[19:11:35] [273/459] VIGK
[19:11:37] [274/459] ANST
[19:11:38] [275/459] JTTS
[19:11:39] [276/459] NTST
[19:11:39] [277/459] PREB
[19:11:40] [278/459] TSCZ
[19:11:42] [279/459] CDCM
[19:11:43] [280/459] ELYE
[19:11:45] [281/459] INBS
[19:11:46] [282/459] SMGC
[19:11:47] [283/459] UTMP
[19:11:48] [284/459] INTA
[19:11:49] [285/459] OMPT
[19:11:50] [286/459] SCIR
[19:11:52] [287/459] GCKJ
[19:11:53] [288/459] INOG
[19:11:53] [289/459] SMGB
[19:11:55] [290/459] MCSG
[19:11:56] [291/459] STKG
[19:11:58] [292/459] TTKG
[19:12:00] [293/459] SRTR
[19:12:01] [294/459] ETTR
[19:12:02] [295/459] GGGZ
[19:12:03] [296/459] IPGM
[19:12:03] [297/459] FCDH
[19:12:06] [298/459] DESB
[19:12:07] [299/459] VNTP
[19:12:08] [300/459] ANNT
[19:12:09] [301/459] SLTI
[19:12:10] [302/459] MAJU
[19:12:11] [303/459] JCXP
[19:12:13] [304/459] HARK
[19:12:14] [305/459] JPCJ
[19:12:15] [306/459] RXBD
[19:12:16] [307/459] PTKJ
[19:12:17] [308/459] CMTU
[19:12:18] [309/459] SWOR
[19:12:19] [310/459] JMEX
[19:12:19] [311/459] DTPT
[19:12:20] [312/459] VGMM
[19:12:22] [313/459] VCSG
[19:12:23] [314/459] CVCG
[19:12:24] [315/459] TNTT
[19:12:24] [316/459] SHRM
[19:12:25] [317/459] CGKD
[19:12:27] [318/459] EKCM
[19:12:28] [319/459] SDCX
[19:12:28] [320/459] SBTE
[19:12:30] [321/459] STKJ
[19:12:31] [322/459] TPCE
[19:12:32] [323/459] JTNP
[19:12:33] [324/459] LPCH
[19:12:35] [325/459] CPUO
[19:12:36] [326/459] APSU
[19:12:37] [327/459] RTHC
[19:12:37] [328/459] PTBU
[19:12:38] [329/459] CUCC
[19:12:40] [330/459] CPSA
[19:12:41] [331/459] SUAY
[19:12:42] [332/459] AYAA
[19:12:43] [333/459] MUCH
[19:12:44] [334/459] PCIN
[19:12:45] [335/459] JRRM
[19:12:46] [336/459] KATS
[19:12:47] [337/459] MHFF
[19:12:47] [338/459] ESYM
[19:12:48] [339/459] STYV
[19:12:49] [340/459] SDKG
[19:12:50] [341/459] SMTI
[19:12:51] [342/459] NYCS
[19:12:52] [343/459] MTBG
[19:12:53] [344/459] RHCA
[19:12:55] [345/459] PCKH
[19:12:56] [346/459] ARCR
[19:12:57] [347/459] NCMB
[19:12:58] [348/459] SHYC
[19:12:59] [349/459] LACK
[19:13:00] [350/459] MTCM
[19:13:01] [351/459] RRBN
[19:13:02] [352/459] MYDC
[19:13:03] [353/459] STCS
[19:13:04] [354/459] CONN
[19:13:06] [355/459] SIPS
[19:13:07] [356/459] SMMX
[19:13:07] [357/459] SCBY
[19:13:09] [358/459] SUAP
[19:13:10] [359/459] RSMK
[19:13:11] [360/459] STKP
[19:13:13] [361/459] CIPC
[19:13:13] [362/459] KKCI
[19:13:14] [363/459] CTNK
[19:13:15] [364/459] MMTZ
[19:13:16] [365/459] DCCO
[19:13:17] [366/459] VNMN
[19:13:18] [367/459] RLCN
[19:13:19] [368/459] CMMS
[19:13:20] [369/459] AYOU
[19:13:20] [370/459] SSCN
[19:13:22] [371/459] SMXN
[19:13:23] [372/459] ASSK
[19:13:24] [373/459] VCKM
[19:13:25] [374/459] PCPH
[19:13:26] [375/459] PADM
[19:13:27] [376/459] IESA
[19:13:29] [377/459] VCSP
[19:13:30] [378/459] AEST
[19:13:31] [379/459] VTNR
[19:13:32] [380/459] GTTA
[19:13:32] [381/459] CMMM
[19:13:34] [382/459] AHKT
[19:13:35] [383/459] SIJI
[19:13:36] [384/459] VCEI
[19:13:37] [385/459] SAKR
[19:13:38] [386/459] VSMT
[19:13:39] [387/459] SSCT
[19:13:40] [388/459] USTR
[19:13:41] [389/459] MTKT
[19:13:42] [390/459] TGMP
[19:13:43] [391/459] SIVC
[19:13:44] [392/459] KICT
[19:13:45] [393/459] DAMD
[19:13:46] [394/459] CNPT
[19:13:47] [395/459] RVTT
[19:13:48] [396/459] SNCM
[19:13:48] [397/459] GHTE
[19:13:49] [398/459] PPAM
[19:13:50] [399/459] PVAA
[19:13:51] [400/459] CPAO
[19:13:52] [401/459] HAMD
[19:13:53] [402/459] RCCA
[19:13:54] [403/459] MPCH
[19:13:55] [404/459] ARED
[19:13:56] [405/459] RRCV
[19:13:56] [406/459] MTRB
[19:13:57] [407/459] CKUA
[19:13:58] [408/459] ABMP
[19:13:59] [409/459] RCWA
[19:14:00] [410/459] CGAR
[19:14:02] [411/459] METH
[19:14:02] [412/459] WAGA
[19:14:03] [413/459] MCMA
[19:14:04] [414/459] CSMP
[19:14:05] [415/459] RCNK
[19:14:06] [416/459] PSTM
[19:14:07] [417/459] CSEP
[19:14:07] [418/459] AMGD
[19:14:08] [419/459] CSTE
[19:14:09] [420/459] CONS
[19:14:10] [421/459] APPX
[19:14:11] [422/459] MABC
[19:14:13] [423/459] CXST
[19:14:15] [424/459] MATN
[19:14:16] [425/459] MACZ
[19:14:17] [426/459] MASA
[19:14:17] [427/459] MBSX
[19:14:18] [428/459] CSST
[19:14:19] [429/459] APCL
[19:14:20] [430/459] CGOS
[19:14:21] [431/459] CPEC
[19:14:22] [432/459] MCCP
[19:14:23] [433/459] BSSO
[19:14:24] [434/459] SJKA
[19:14:27] [435/459] CGBO
[19:14:28] [436/459] MVSK
[19:14:29] [437/459] HVCA
[19:14:31] [438/459] NAMD
[19:14:32] [439/459] DEVI
[19:14:33] [440/459] SCSV
[19:14:33] [441/459] PSMA
[19:14:35] [442/459] CLDJ
[19:14:36] [443/459] NMAD
[19:14:37] [444/459] CGMO
[19:14:38] [445/459] MCNA
[19:14:39] [446/459] OCBN
[19:14:40] [447/459] CPEM
[19:14:41] [448/459] CPSM
[19:14:41] [449/459] RCAD
[19:14:42] [450/459] CPMU
[19:14:43] [451/459] DICD
[19:14:44] [452/459] CHOE
[19:14:46] [453/459] PDJM
[19:14:47] [454/459] SSTU
[19:14:48] [455/459] VNRN
[19:14:50] [456/459] PVLG
[19:14:50] [457/459] SWBL
[19:14:51] [458/459] SCAB
[19:14:52] [459/459] RDDA
[19:14:53] 🧹 Deduping shows
[19:14:53] ✅ DONE | Shows=785 | Movies=63
