[10:18:06] 🚀 SCRIPT STARTED
[10:18:06] [1/296] CDCA
[10:18:06] 🧠 New identity created
[10:18:07] [2/296] MNSR
[10:18:07] [3/296] CSSL
[10:18:08] [4/296] BGGM
[10:18:09] [5/296] MANT
[10:18:10] [6/296] SOOY
[10:18:10] [7/296] VPPK
[10:18:11] [8/296] MYHJ
[10:18:11] [9/296] KSCK
[10:18:12] [10/296] KATK
[10:18:13] [11/296] RTRT
[10:18:13] [12/296] SSTT
[10:18:14] [13/296] SSTV
[10:18:14] [14/296] LACM
[10:18:15] [15/296] SGMG
[10:18:15] [16/296] KACX
[10:18:16] [17/296] GVCP
[10:18:17] [18/296] CSNC
[10:18:17] [19/296] SXCB
[10:18:18] [20/296] BAHS
[10:18:18] [21/296] PCBI
[10:18:19] [22/296] PSSM
[10:18:20] [23/296] RCOK
[10:18:20] [24/296] SCPF
[10:18:21] [25/296] SSAS
[10:18:22] [26/296] EVMM
[10:18:23] [27/296] SYCB
[10:18:24] [28/296] GCKI
[10:18:25] [29/296] IAET
[10:18:26] [30/296] DDTD
[10:18:27] [31/296] GMDH
[10:18:28] [32/296] STLE
[10:18:29] [33/296] JTRA
[10:18:30] [34/296] RPPA
[10:18:31] [35/296] ARUT
[10:18:32] [36/296] JTVM
[10:18:33] [37/296] SWRH
[10:18:34] [38/296] DCPC
[10:18:35] [39/296] RAPR
[10:18:35] [40/296] GCRT
[10:18:36] [41/296] ATUN
[10:18:37] [42/296] LTRM
[10:18:38] [43/296] TASR
[10:18:40] [44/296] RLLC
[10:18:41] [45/296] MABI
[10:18:42] [46/296] SVHB
[10:18:43] [47/296] NVTB
[10:18:44] [48/296] KCKG
[10:18:45] [49/296] SSRN
[10:18:46] [50/296] VDDC
[10:18:47] [51/296] GKTK
[10:18:48] [52/296] YFSN
[10:18:49] [53/296] GCSG
[10:18:50] [54/296] ESSM
[10:18:50] [55/296] KRIH
[10:18:51] [56/296] GCDS
[10:18:52] [57/296] CCSH
[10:18:53] [58/296] ACSK
[10:18:54] [59/296] APRK
[10:18:55] [60/296] ADKM
[10:18:56] [61/296] SRDM
[10:18:58] [62/296] RMOG
[10:18:59] [63/296] SJMY
[10:19:00] [64/296] PGGC
[10:19:01] [65/296] INGM
[10:19:02] [66/296] LSCB
[10:19:02] [67/296] STAD
[10:19:03] [68/296] MCCR
[10:19:04] [69/296] ABCC
[10:19:05] [70/296] RKCC
[10:19:06] [71/296] RTCR
[10:19:07] [72/296] GGBC
[10:19:08] [73/296] GCSD
[10:19:09] [74/296] LPTY
[10:19:11] [75/296] MCFD
[10:19:11] [76/296] HENN
[10:19:12] [77/296] SMKU
[10:19:13] [78/296] TNZC
[10:19:14] [79/296] DRCD
[10:19:15] [80/296] DLCD
[10:19:16] [81/296] RCDA
[10:19:17] [82/296] COSM
[10:19:19] [83/296] MCMJ
[10:19:19] [84/296] CSTR
[10:19:20] [85/296] CVDK
[10:19:21] [86/296] INRR
[10:19:22] [87/296] RJRT
[10:19:23] [88/296] IRMR
[10:19:24] [89/296] SRCF
[10:19:25] [90/296] GRCR
[10:19:26] [91/296] SURC
[10:19:27] [92/296] NMNH
[10:19:28] [93/296] SVBL
[10:19:29] [94/296] KACI
[10:19:29] [95/296] TDGO
[10:19:30] [96/296] KTBR
[10:19:31] [97/296] PMAD
[10:19:32] [98/296] CCPN
[10:19:33] [99/296] SBTK
[10:19:34] [100/296] LMDK
[10:19:35] [101/296] PGDA
[10:19:36] [102/296] SRML
[10:19:36] [103/296] EVCK
[10:19:37] [104/296] RTTK
[10:19:38] [105/296] SRTU
[10:19:39] [106/296] VRSA
[10:19:40] [107/296] VARS
[10:19:41] [108/296] DSCZ
[10:19:42] [109/296] GAGA
[10:19:43] [110/296] SARV
[10:19:44] [111/296] SEEG
[10:19:45] [112/296] GLCA
[10:19:45] [113/296] APAS
[10:19:47] [114/296] VCIA
[10:19:48] [115/296] SJTA
[10:19:48] [116/296] SABM
[10:19:49] [117/296] PPAG
[10:19:50] [118/296] RVCA
[10:19:50] [119/296] CCIA
[10:19:52] [120/296] HTAG
[10:19:52] [121/296] SMBI
[10:19:53] [122/296] MCJR
[10:19:54] [123/296] CCJR
[10:19:56] [124/296] SINF
[10:19:57] [125/296] CPLX
[10:19:58] [126/296] KKTJ
[10:19:59] [127/296] GDBW
[10:20:00] [128/296] CSUB
[10:20:01] [129/296] DABA
[10:20:02] [130/296] TITR
[10:20:03] [131/296] NYCR
[10:20:04] [132/296] RTRY
[10:20:05] [133/296] JTJL
[10:20:06] [134/296] SJCP
[10:20:07] [135/296] KCCA
[10:20:07] [136/296] MLPG
[10:20:09] [137/296] VRCK
[10:20:10] [138/296] SRIN
[10:20:11] [139/296] CXMK
[10:20:12] [140/296] SKAD
[10:20:13] [141/296] AVTR
[10:20:13] [142/296] PTAJ
[10:20:14] [143/296] SCNK
[10:20:15] [144/296] STTI
[10:20:16] [145/296] KACR
[10:20:17] [146/296] SSDX
[10:20:18] [147/296] VRTJ
[10:20:19] [148/296] RAJD
[10:20:19] [149/296] SCIP
[10:20:20] [150/296] RJSL
[10:20:21] [151/296] ARRS
[10:20:22] [152/296] ASMS
[10:20:23] [153/296] RDTS
[10:20:24] [154/296] DVMY
[10:20:25] [155/296] RASA
[10:20:26] [156/296] INOM
[10:20:27] [157/296] SPRS
[10:20:28] [158/296] SGCS
[10:20:29] [159/296] SALM
[10:20:30] [160/296] PKHC
[10:20:30] [161/296] RCSV
[10:20:32] [162/296] CPKC
[10:20:33] [163/296] AACD
[10:20:33] [164/296] GGCV
[10:20:34] [165/296] SMKD
[10:20:35] [166/296] NBCH
[10:20:36] [167/296] AMCB
[10:20:37] [168/296] OPCN
[10:20:38] [169/296] DCIN
[10:20:39] [170/296] INGW
[10:20:40] [171/296] PKKW
[10:20:41] [172/296] FNGW
[10:20:42] [173/296] GCGD
[10:20:43] [174/296] MSTW
[10:20:44] [175/296] KCCG
[10:20:45] [176/296] MRSS
[10:20:45] [177/296] CLCF
[10:20:46] [178/296] EETS
[10:20:47] [179/296] AATR
[10:20:48] [180/296] CMMN
[10:20:49] [181/296] SCCJ
[10:20:50] [182/296] CDTK
[10:20:51] [183/296] AICP
[10:20:52] [184/296] FNBP
[10:20:53] [185/296] CBPB
[10:20:54] [186/296] CPAS
[10:20:55] [187/296] MAPM
[10:20:56] [188/296] PASD
[10:20:56] [189/296] JCMN
[10:20:57] [190/296] MALB
[10:20:58] [191/296] SACG
[10:20:59] [192/296] DDRX
[10:20:59] [193/296] DDXB
[10:21:00] [194/296] RAMC
[10:21:01] [195/296] SANC
[10:21:02] [196/296] BCBP
[10:21:03] [197/296] ALPC
[10:21:04] [198/296] RBAC
[10:21:05] [199/296] RAJL
[10:21:06] [200/296] MPDX
[10:21:07] [201/296] MUSC
[10:21:08] [202/296] VKMK
[10:21:09] [203/296] SKCG
[10:21:09] [204/296] ANCN
[10:21:10] [205/296] MMCJ
[10:21:11] [206/296] DCAK
[10:21:12] [207/296] SCKG
[10:21:13] [208/296] LMCK
[10:21:14] [209/296] CKKX
[10:21:15] [210/296] ANKU
[10:21:16] [211/296] CSMD
[10:21:17] [212/296] MKMP
[10:21:18] [213/296] SVBG
[10:21:18] [214/296] ROOP
[10:21:20] [215/296] GDMT
[10:21:21] [216/296] FPPF
[10:21:22] [217/296] SFUU
[10:21:23] [218/296] ANCB
[10:21:23] [219/296] SMMC
[10:21:25] [220/296] UGKT
[10:21:26] [221/296] JVRM
[10:21:26] [222/296] BATG
[10:21:27] [223/296] RATE
[10:21:28] [224/296] SKME
[10:21:30] [225/296] LMTP
[10:21:30] [226/296] TCBD
[10:21:31] [227/296] ESBD
[10:21:32] [228/296] GDCU
[10:21:33] [229/296] SNKT
[10:21:34] [230/296] SRNK
[10:21:36] [231/296] SMED
[10:21:36] [232/296] CSQS
[10:21:37] [233/296] ALCS
[10:21:38] [234/296] KCKN
[10:21:38] [235/296] VCCL
[10:21:39] [236/296] MCDA
[10:21:40] [237/296] SHMI
[10:21:41] [238/296] SKHA
[10:21:42] [239/296] SVFK
[10:21:43] [240/296] INVB
[10:21:44] [241/296] MELD
[10:21:45] [242/296] JTYS
[10:21:46] [243/296] INCM
[10:21:47] [244/296] MCDV
[10:21:48] [245/296] KSGK
[10:21:48] [246/296] ICMG
[10:21:49] [247/296] CSCV
[10:21:50] [248/296] STMD
[10:21:51] [249/296] STTR
[10:21:53] [250/296] INVC
[10:21:54] [251/296] JTBL
[10:21:55] [252/296] SRVV
[10:21:57] [253/296] MAVC
[10:21:57] [254/296] SRPP
[10:21:58] [255/296] JGDM
[10:21:59] [256/296] MBSJ
[10:21:59] [257/296] SSLL
[10:22:00] [258/296] SLKP
[10:22:01] [259/296] NSRV
[10:22:02] [260/296] UTDV
[10:22:03] [261/296] KICM
[10:22:04] [262/296] KCMD
[10:22:05] [263/296] TTPP
[10:22:06] [264/296] KMPV
[10:22:07] [265/296] SKTV
[10:22:08] [266/296] STCV
[10:22:09] [267/296] SRDA
[10:22:10] [268/296] JTSX
[10:22:11] [269/296] STBV
[10:22:12] [270/296] APVZ
[10:22:13] [271/296] GSTV
[10:22:14] [272/296] NMVS
[10:22:15] [273/296] SKRT
[10:22:16] [274/296] RMDV
[10:22:17] [275/296] RATG
[10:22:17] [276/296] SJYV
[10:22:18] [277/296] NDGP
[10:22:19] [278/296] SNDG
[10:22:20] [279/296] INSR
[10:22:21] [280/296] INSO
[10:22:22] [281/296] CCSI
[10:22:23] [282/296] RASM
[10:22:24] [283/296] NEWC
[10:22:25] [284/296] VSHL
[10:22:26] [285/296] BISW
[10:22:27] [286/296] GCNG
[10:22:28] [287/296] CWSC
[10:22:29] [288/296] SKAN
[10:22:30] [289/296] SEHP
[10:22:31] [290/296] CCOA
[10:22:32] [291/296] MCAJ
[10:22:32] [292/296] ACDE
[10:22:33] [293/296] AACM
[10:22:34] [294/296] JJCK
[10:22:35] [295/296] RCMO
[10:22:36] [296/296] GDAW
[10:22:37] 🧹 Deduping shows
[10:22:37] ✅ DONE | Shows=236 | Movies=27
[16:52:37] 🚀 SCRIPT STARTED
[16:52:37] [1/296] CDCA
[16:52:37] 🧠 New identity created
[16:52:37] [2/296] MNSR
[16:52:38] [3/296] CSSL
[16:52:39] [4/296] BGGM
[16:52:39] [5/296] MANT
[16:52:40] [6/296] SOOY
[16:52:40] [7/296] VPPK
[16:52:41] [8/296] MYHJ
[16:52:41] [9/296] KSCK
[16:52:42] [10/296] KATK
[16:52:43] [11/296] RTRT
[16:52:43] [12/296] SSTT
[16:52:44] [13/296] SSTV
[16:52:44] [14/296] LACM
[16:52:45] [15/296] SGMG
[16:52:46] [16/296] KACX
[16:52:46] [17/296] GVCP
[16:52:47] [18/296] CSNC
[16:52:47] [19/296] SXCB
[16:52:48] [20/296] BAHS
[16:52:48] [21/296] PCBI
[16:52:49] [22/296] PSSM
[16:52:50] [23/296] RCOK
[16:52:50] [24/296] SCPF
[16:52:51] [25/296] SSAS
[16:52:51] [26/296] EVMM
[16:52:52] [27/296] SYCB
[16:52:52] [28/296] GCKI
[16:52:53] [29/296] IAET
[16:52:54] [30/296] DDTD
[16:52:54] [31/296] GMDH
[16:52:55] [32/296] STLE
[16:52:56] [33/296] JTRA
[16:52:56] [34/296] RPPA
[16:52:56] [35/296] ARUT
[16:52:57] [36/296] JTVM
[16:52:58] [37/296] SWRH
[16:52:59] [38/296] DCPC
[16:52:59] [39/296] RAPR
[16:53:00] [40/296] GCRT
[16:53:01] [41/296] ATUN
[16:53:01] [42/296] LTRM
[16:53:02] [43/296] TASR
[16:53:02] [44/296] RLLC
[16:53:03] [45/296] MABI
[16:53:03] [46/296] SVHB
[16:53:04] [47/296] NVTB
[16:53:05] [48/296] KCKG
[16:53:05] [49/296] SSRN
[16:53:05] [50/296] VDDC
[16:53:06] [51/296] GKTK
[16:53:07] [52/296] YFSN
[16:53:07] [53/296] GCSG
[16:53:08] [54/296] ESSM
[16:53:08] [55/296] KRIH
[16:53:09] [56/296] GCDS
[16:53:10] [57/296] CCSH
[16:53:10] [58/296] ACSK
[16:53:11] [59/296] APRK
[16:53:11] [60/296] ADKM
[16:53:12] [61/296] SRDM
[16:53:13] [62/296] RMOG
[16:53:13] [63/296] SJMY
[16:53:14] [64/296] PGGC
[16:53:14] [65/296] INGM
[16:53:15] [66/296] LSCB
[16:53:15] [67/296] STAD
[16:53:16] [68/296] MCCR
[16:53:16] [69/296] ABCC
[16:53:17] [70/296] RKCC
[16:53:17] [71/296] RTCR
[16:53:18] [72/296] GGBC
[16:53:18] [73/296] GCSD
[16:53:19] [74/296] LPTY
[16:53:20] [75/296] MCFD
[16:53:20] [76/296] HENN
[16:53:21] [77/296] SMKU
[16:53:21] [78/296] TNZC
[16:53:22] [79/296] DRCD
[16:53:23] [80/296] DLCD
[16:53:23] [81/296] RCDA
[16:53:24] [82/296] COSM
[16:53:24] [83/296] MCMJ
[16:53:25] [84/296] CSTR
[16:53:25] [85/296] CVDK
[16:53:26] [86/296] INRR
[16:53:26] [87/296] RJRT
[16:53:27] [88/296] IRMR
[16:53:28] [89/296] SRCF
[16:53:28] [90/296] GRCR
[16:53:29] [91/296] SURC
[16:53:29] [92/296] NMNH
[16:53:29] [93/296] SVBL
[16:53:30] [94/296] KACI
[16:53:31] [95/296] TDGO
[16:53:31] [96/296] KTBR
[16:53:32] [97/296] PMAD
[16:53:32] [98/296] CCPN
[16:53:33] [99/296] SBTK
[16:53:34] [100/296] LMDK
[16:53:34] [101/296] PGDA
[16:53:35] [102/296] SRML
[16:53:35] [103/296] EVCK
[16:53:36] [104/296] RTTK
[16:53:36] [105/296] SRTU
[16:53:37] [106/296] VRSA
[16:53:38] [107/296] VARS
[16:53:38] [108/296] DSCZ
[16:53:39] [109/296] GAGA
[16:53:39] [110/296] SARV
[16:53:40] [111/296] SEEG
[16:53:40] [112/296] GLCA
[16:53:41] [113/296] APAS
[16:53:42] [114/296] VCIA
[16:53:42] [115/296] SJTA
[16:53:43] [116/296] SABM
[16:53:44] [117/296] PPAG
[16:53:44] [118/296] RVCA
[16:53:45] [119/296] CCIA
[16:53:45] [120/296] HTAG
[16:53:46] [121/296] SMBI
[16:53:47] [122/296] MCJR
[16:53:47] [123/296] CCJR
[16:53:48] [124/296] SINF
[16:53:48] [125/296] CPLX
[16:53:49] [126/296] KKTJ
[16:53:50] [127/296] GDBW
[16:53:50] [128/296] CSUB
[16:53:51] [129/296] DABA
[16:53:51] [130/296] TITR
[16:53:52] [131/296] NYCR
[16:53:53] [132/296] RTRY
[16:53:53] [133/296] JTJL
[16:53:54] [134/296] SJCP
[16:53:55] [135/296] KCCA
[16:53:55] [136/296] MLPG
[16:53:56] [137/296] VRCK
[16:53:56] [138/296] SRIN
[16:53:57] [139/296] CXMK
[16:53:58] [140/296] SKAD
[16:53:58] [141/296] AVTR
[16:53:59] [142/296] PTAJ
[16:53:59] [143/296] SCNK
[16:54:00] [144/296] STTI
[16:54:00] [145/296] KACR
[16:54:01] [146/296] SSDX
[16:54:02] [147/296] VRTJ
[16:54:02] [148/296] RAJD
[16:54:03] [149/296] SCIP
[16:54:03] [150/296] RJSL
[16:54:04] [151/296] ARRS
[16:54:05] [152/296] ASMS
[16:54:05] [153/296] RDTS
[16:54:06] [154/296] DVMY
[16:54:07] [155/296] RASA
[16:54:07] [156/296] INOM
[16:54:08] [157/296] SPRS
[16:54:09] [158/296] SGCS
[16:54:09] [159/296] SALM
[16:54:10] [160/296] PKHC
[16:54:10] [161/296] RCSV
[16:54:11] [162/296] CPKC
[16:54:11] [163/296] AACD
[16:54:12] [164/296] GGCV
[16:54:13] [165/296] SMKD
[16:54:13] [166/296] NBCH
[16:54:14] [167/296] AMCB
[16:54:14] [168/296] OPCN
[16:54:15] [169/296] DCIN
[16:54:15] [170/296] INGW
[16:54:16] [171/296] PKKW
[16:54:16] [172/296] FNGW
[16:54:17] [173/296] GCGD
[16:54:18] [174/296] MSTW
[16:54:18] [175/296] KCCG
[16:54:19] [176/296] MRSS
[16:54:19] [177/296] CLCF
[16:54:20] [178/296] EETS
[16:54:20] [179/296] AATR
[16:54:21] [180/296] CMMN
[16:54:21] [181/296] SCCJ
[16:54:22] [182/296] CDTK
[16:54:22] [183/296] AICP
[16:54:23] [184/296] FNBP
[16:54:23] [185/296] CBPB
[16:54:24] [186/296] CPAS
[16:54:25] [187/296] MAPM
[16:54:25] [188/296] PASD
[16:54:26] [189/296] JCMN
[16:54:26] [190/296] MALB
[16:54:27] [191/296] SACG
[16:54:27] [192/296] DDRX
[16:54:28] [193/296] DDXB
[16:54:28] [194/296] RAMC
[16:54:29] [195/296] SANC
[16:54:30] [196/296] BCBP
[16:54:30] [197/296] ALPC
[16:54:31] [198/296] RBAC
[16:54:31] [199/296] RAJL
[16:54:32] [200/296] MPDX
[16:54:33] [201/296] MUSC
[16:54:33] [202/296] VKMK
[16:54:34] [203/296] SKCG
[16:54:35] [204/296] ANCN
[16:54:35] [205/296] MMCJ
[16:54:36] [206/296] DCAK
[16:54:36] [207/296] SCKG
[16:54:37] [208/296] LMCK
[16:54:38] [209/296] CKKX
[16:54:38] [210/296] ANKU
[16:54:39] [211/296] CSMD
[16:54:39] [212/296] MKMP
[16:54:40] [213/296] SVBG
[16:54:41] [214/296] ROOP
[16:54:41] [215/296] GDMT
[16:54:42] [216/296] FPPF
[16:54:42] [217/296] SFUU
[16:54:43] [218/296] ANCB
[16:54:43] [219/296] SMMC
[16:54:44] [220/296] UGKT
[16:54:45] [221/296] JVRM
[16:54:45] [222/296] BATG
[16:54:46] [223/296] RATE
[16:54:46] [224/296] SKME
[16:54:47] [225/296] LMTP
[16:54:48] [226/296] TCBD
[16:54:48] [227/296] ESBD
[16:54:49] [228/296] GDCU
[16:54:49] [229/296] SNKT
[16:54:50] [230/296] SRNK
[16:54:50] [231/296] SMED
[16:54:51] [232/296] CSQS
[16:54:51] [233/296] ALCS
[16:54:52] [234/296] KCKN
[16:54:53] [235/296] VCCL
[16:54:53] [236/296] MCDA
[16:54:54] [237/296] SHMI
[16:54:54] [238/296] SKHA
[16:54:55] [239/296] SVFK
[16:54:56] [240/296] INVB
[16:54:56] [241/296] MELD
[16:54:57] [242/296] JTYS
[16:54:57] [243/296] INCM
[16:54:58] [244/296] MCDV
[16:54:59] [245/296] KSGK
[16:54:59] [246/296] ICMG
[16:55:00] [247/296] CSCV
[16:55:01] [248/296] STMD
[16:55:01] [249/296] STTR
[16:55:02] [250/296] INVC
[16:55:02] [251/296] JTBL
[16:55:03] [252/296] SRVV
[16:55:04] [253/296] MAVC
[16:55:04] [254/296] SRPP
[16:55:05] [255/296] JGDM
[16:55:05] [256/296] MBSJ
[16:55:06] [257/296] SSLL
[16:55:06] [258/296] SLKP
[16:55:07] [259/296] NSRV
[16:55:08] [260/296] UTDV
[16:55:08] [261/296] KICM
[16:55:09] [262/296] KCMD
[16:55:09] [263/296] TTPP
[16:55:10] [264/296] KMPV
[16:55:11] [265/296] SKTV
[16:55:11] [266/296] STCV
[16:55:12] [267/296] SRDA
[16:55:12] [268/296] JTSX
[16:55:13] [269/296] STBV
[16:55:13] [270/296] APVZ
[16:55:14] [271/296] GSTV
[16:55:14] [272/296] NMVS
[16:55:15] [273/296] SKRT
[16:55:15] [274/296] RMDV
[16:55:16] [275/296] RATG
[16:55:16] [276/296] SJYV
[16:55:17] [277/296] NDGP
[16:55:17] [278/296] SNDG
[16:55:18] [279/296] INSR
[16:55:18] [280/296] INSO
[16:55:19] [281/296] CCSI
[16:55:19] [282/296] RASM
[16:55:20] [283/296] NEWC
[16:55:21] [284/296] VSHL
[16:55:21] [285/296] BISW
[16:55:22] [286/296] GCNG
[16:55:23] [287/296] CWSC
[16:55:23] [288/296] SKAN
[16:55:24] [289/296] SEHP
[16:55:25] [290/296] CCOA
[16:55:25] [291/296] MCAJ
[16:55:26] [292/296] ACDE
[16:55:27] [293/296] AACM
[16:55:27] [294/296] JJCK
[16:55:28] [295/296] RCMO
[16:55:28] [296/296] GDAW
[16:55:29] 🧹 Deduping shows
[16:55:29] ✅ DONE | Shows=323 | Movies=33
