[10:17:57] 🚀 SCRIPT STARTED
[10:17:57] [1/324] GCTA
[10:17:57] 🧠 New identity created
[10:17:58] [2/324] TOPN
[10:17:59] [3/324] MCUS
[10:18:00] [4/324] SHRL
[10:18:01] [5/324] UPTP
[10:18:02] [6/324] TMMP
[10:18:03] [7/324] DNRP
[10:18:04] [8/324] SRLT
[10:18:05] [9/324] RCNS
[10:18:05] [10/324] DCBH
[10:18:07] [11/324] NAGJ
[10:18:08] [12/324] JVRC
[10:18:09] [13/324] KRJG
[10:18:11] [14/324] SRTJ
[10:18:12] [15/324] CMXM
[10:18:13] [16/324] STMI
[10:18:14] [17/324] SLST
[10:18:14] [18/324] DTCN
[10:18:15] [19/324] STYN
[10:18:16] [20/324] SZVR
[10:18:18] [21/324] SRKO
[10:18:18] [22/324] JTGT
[10:18:20] [23/324] SVFD
[10:18:22] [24/324] SISD
[10:18:24] [25/324] ABDD
[10:18:25] [26/324] DRCA
[10:18:26] [27/324] AVCS
[10:18:27] [28/324] MVKH
[10:18:28] [29/324] ACPR
[10:18:29] [30/324] STIP
[10:18:30] [31/324] MTRA
[10:18:30] [32/324] RMKH
[10:18:31] [33/324] NKRL
[10:18:32] [34/324] PCWN
[10:18:33] [35/324] BLMT
[10:18:34] [36/324] GDPG
[10:18:35] [37/324] SRMX
[10:18:36] [38/324] JACP
[10:18:37] [39/324] CPSH
[10:18:38] [40/324] MCCD
[10:18:39] [41/324] ECGH
[10:18:39] [42/324] MKCK
[10:18:40] [43/324] SRMM
[10:18:41] [44/324] SKYR
[10:18:42] [45/324] PCKC
[10:18:43] [46/324] JCMA
[10:18:44] [47/324] BSMP
[10:18:45] [48/324] VSPA
[10:18:46] [49/324] DJYA
[10:18:47] [50/324] DIMP
[10:18:48] [51/324] FXDR
[10:18:49] [52/324] SSRC
[10:18:50] [53/324] STHP
[10:18:51] [54/324] CPPD
[10:18:52] [55/324] FCLK
[10:18:53] [56/324] SCPP
[10:18:54] [57/324] DCMJ
[10:18:55] [58/324] RCCR
[10:18:56] [59/324] INMT
[10:18:57] [60/324] LXTK
[10:18:57] [61/324] SRYK
[10:18:58] [62/324] SGDK
[10:19:00] [63/324] PPKA
[10:19:01] [64/324] SPKA
[10:19:02] [65/324] CGHH
[10:19:02] [66/324] DCJN
[10:19:03] [67/324] SRKV
[10:19:04] [68/324] SAJC
[10:19:05] [69/324] SUSR
[10:19:05] [70/324] STYG
[10:19:06] [71/324] NTKP
[10:19:07] [72/324] AKTG
[10:19:08] [73/324] CGCM
[10:19:09] [74/324] TULC
[10:19:10] [75/324] NYYZ
[10:19:11] [76/324] NYBW
[10:19:12] [77/324] MACB
[10:19:13] [78/324] SLVT
[10:19:14] [79/324] SANA
[10:19:15] [80/324] ACMR
[10:19:15] [81/324] CPKN
[10:19:16] [82/324] DLGK
[10:19:17] [83/324] CWCK
[10:19:18] [84/324] FDDH
[10:19:19] [85/324] MMMD
[10:19:20] [86/324] CMEH
[10:19:21] [87/324] GGGV
[10:19:23] [88/324] SPJL
[10:19:24] [89/324] RCCD
[10:19:25] [90/324] STTZ
[10:19:25] [91/324] BTCF
[10:19:26] [92/324] TSTZ
[10:19:27] [93/324] IPMM
[10:19:28] [94/324] PMPW
[10:19:29] [95/324] PCMZ
[10:19:30] [96/324] ESEM
[10:19:31] [97/324] PIPO
[10:19:32] [98/324] MATK
[10:19:33] [99/324] PGHM
[10:19:34] [100/324] CTSR
[10:19:35] [101/324] CYKR
[10:19:36] [102/324] MSCM
[10:19:37] [103/324] RFNP
[10:19:37] [104/324] PDCP
[10:19:38] [105/324] NPSE
[10:19:39] [106/324] MKML
[10:19:40] [107/324] FTDP
[10:19:41] [108/324] MMXA
[10:19:42] [109/324] CEPO
[10:19:43] [110/324] CMVP
[10:19:44] [111/324] SGTH
[10:19:44] [112/324] SAYN
[10:19:45] [113/324] URVS
[10:19:46] [114/324] VJTN
[10:19:47] [115/324] BBYK
[10:19:48] [116/324] SHBO
[10:19:49] [117/324] VCMR
[10:19:49] [118/324] MACT
[10:19:50] [119/324] JMNP
[10:19:51] [120/324] VICS
[10:19:52] [121/324] VCDA
[10:19:53] [122/324] GCMM
[10:19:54] [123/324] INVS
[10:19:55] [124/324] SCGM
[10:19:55] [125/324] PCDA
[10:19:57] [126/324] KDCT
[10:19:58] [127/324] JACS
[10:20:00] [128/324] GMMC
[10:20:01] [129/324] AICM
[10:20:01] [130/324] TJCM
[10:20:02] [131/324] RMTI
[10:20:03] [132/324] SHAC
[10:20:04] [133/324] APJC
[10:20:05] [134/324] GCTG
[10:20:06] [135/324] SSMC
[10:20:07] [136/324] THRM
[10:20:08] [137/324] RBCT
[10:20:08] [138/324] DIKT
[10:20:10] [139/324] MIDL
[10:20:11] [140/324] VCSN
[10:20:12] [141/324] SKTG
[10:20:13] [142/324] SMWC
[10:20:14] [143/324] MNKH
[10:20:14] [144/324] PIAT
[10:20:16] [145/324] LTTP
[10:20:17] [146/324] PTPU
[10:20:18] [147/324] ACMG
[10:20:19] [148/324] SHMM
[10:20:20] [149/324] MCMN
[10:20:20] [150/324] GLDC
[10:20:21] [151/324] HOUT
[10:20:22] [152/324] SVRP
[10:20:23] [153/324] PVDN
[10:20:24] [154/324] SCPY
[10:20:25] [155/324] DTPY
[10:20:26] [156/324] GKCS
[10:20:27] [157/324] NCAM
[10:20:28] [158/324] BSRM
[10:20:29] [159/324] RCLC
[10:20:30] [160/324] SKKD
[10:20:30] [161/324] ACHU
[10:20:31] [162/324] RSCF
[10:20:32] [163/324] IMSH
[10:20:33] [164/324] MACX
[10:20:35] [165/324] HMMW
[10:20:36] [166/324] JTCP
[10:20:36] [167/324] SREN
[10:20:37] [168/324] PJRR
[10:20:38] [169/324] INAC
[10:20:39] [170/324] BMCA
[10:20:40] [171/324] SHCB
[10:20:42] [172/324] GABA
[10:20:43] [173/324] SBCT
[10:20:44] [174/324] GCMA
[10:20:45] [175/324] MYTK
[10:20:46] [176/324] INZS
[10:20:47] [177/324] RMIK
[10:20:48] [178/324] NYCH
[10:20:49] [179/324] RAVE
[10:20:51] [180/324] PSXM
[10:20:52] [181/324] MCGP
[10:20:53] [182/324] PDDK
[10:20:53] [183/324] SPCK
[10:20:54] [184/324] MCRL
[10:20:55] [185/324] MHKT
[10:20:56] [186/324] ANRR
[10:20:57] [187/324] SAPK
[10:20:58] [188/324] NCUK
[10:20:59] [189/324] JUGA
[10:21:00] [190/324] DBSC
[10:21:02] [191/324] LALK
[10:21:03] [192/324] GUCK
[10:21:04] [193/324] STSG
[10:21:06] [194/324] PPPZ
[10:21:07] [195/324] CNCY
[10:21:08] [196/324] MTAR
[10:21:08] [197/324] VNKD
[10:21:09] [198/324] KMAJ
[10:21:10] [199/324] ACXK
[10:21:11] [200/324] UTKC
[10:21:12] [201/324] PBLK
[10:21:12] [202/324] ACBX
[10:21:13] [203/324] PTGM
[10:21:14] [204/324] BTDA
[10:21:15] [205/324] PJMB
[10:21:17] [206/324] TPDA
[10:21:18] [207/324] AMOE
[10:21:19] [208/324] PRHT
[10:21:20] [209/324] PRTA
[10:21:21] [210/324] STAM
[10:21:23] [211/324] MSAA
[10:21:23] [212/324] SDLU
[10:21:24] [213/324] RCHH
[10:21:25] [214/324] KANT
[10:21:26] [215/324] FCRT
[10:21:27] [216/324] DNKM
[10:21:27] [217/324] RYCP
[10:21:28] [218/324] MYRP
[10:21:29] [219/324] PPAK
[10:21:30] [220/324] NVPK
[10:21:31] [221/324] PRMC
[10:21:32] [222/324] JBCS
[10:21:33] [223/324] GXCK
[10:21:33] [224/324] USKO
[10:21:34] [225/324] GTEM
[10:21:35] [226/324] SMBU
[10:21:36] [227/324] VETC
[10:21:37] [228/324] LCDA
[10:21:38] [229/324] MTVT
[10:21:39] [230/324] PYCP
[10:21:39] [231/324] PNSC
[10:21:40] [232/324] PPCC
[10:21:41] [233/324] TGRT
[10:21:42] [234/324] JYOT
[10:21:43] [235/324] SRCZ
[10:21:44] [236/324] SJTE
[10:21:45] [237/324] DESC
[10:21:47] [238/324] JHVN
[10:21:47] [239/324] IPSG
[10:21:48] [240/324] IPCM
[10:21:49] [241/324] PDRS
[10:21:50] [242/324] ANCV
[10:21:51] [243/324] CMVV
[10:21:52] [244/324] SHYP
[10:21:53] [245/324] DNCS
[10:21:54] [246/324] GAJK
[10:21:55] [247/324] AKTN
[10:21:56] [248/324] KAYA
[10:21:56] [249/324] SBRC
[10:21:57] [250/324] CHTP
[10:21:58] [251/324] SHRT
[10:22:00] [252/324] BCKU
[10:22:01] [253/324] FCPS
[10:22:02] [254/324] ARDD
[10:22:03] [255/324] CPCM
[10:22:03] [256/324] CGSM
[10:22:04] [257/324] PSMP
[10:22:05] [258/324] SDAL
[10:22:06] [259/324] RTNB
[10:22:07] [260/324] LMCR
[10:22:08] [261/324] CIMA
[10:22:09] [262/324] RNAS
[10:22:10] [263/324] LITH
[10:22:11] [264/324] PBOX
[10:22:11] [265/324] FRTS
[10:22:13] [266/324] RKIC
[10:22:13] [267/324] PTAI
[10:22:14] [268/324] GCIC
[10:22:15] [269/324] FNAS
[10:22:16] [270/324] SCAR
[10:22:17] [271/324] MTCA
[10:22:18] [272/324] SCTS
[10:22:19] [273/324] SYCS
[10:22:20] [274/324] RDMS
[10:22:22] [275/324] KAMP
[10:22:23] [276/324] ERSD
[10:22:23] [277/324] MJMJ
[10:22:24] [278/324] SRCJ
[10:22:25] [279/324] SCXE
[10:22:26] [280/324] SVFR
[10:22:27] [281/324] BHCS
[10:22:28] [282/324] IMCC
[10:22:28] [283/324] PCBO
[10:22:29] [284/324] PRVN
[10:22:31] [285/324] AUPM
[10:22:32] [286/324] INBW
[10:22:33] [287/324] SVCW
[10:22:33] [288/324] RKCF
[10:22:34] [289/324] UVBH
[10:22:35] [290/324] DNCY
[10:22:36] [291/324] ABCN
[10:22:37] [292/324] PRUR
[10:22:38] [293/324] PFMR
[10:22:39] [294/324] RKCN
[10:22:40] [295/324] CFEA
[10:22:41] [296/324] SDBG
[10:22:41] [297/324] SNAR
[10:22:42] [298/324] YISI
[10:22:43] [299/324] JCFF
[10:22:44] [300/324] VTRK
[10:22:45] [301/324] PCLZ
[10:22:46] [302/324] DIMY
[10:22:47] [303/324] BBTS
[10:22:48] [304/324] GATH
[10:22:50] [305/324] GTMN
[10:22:51] [306/324] VTMH
[10:22:52] [307/324] CCKP
[10:22:52] [308/324] GPKA
[10:22:53] [309/324] MHCL
[10:22:55] [310/324] ATCL
[10:22:56] [311/324] SBCK
[10:22:56] [312/324] AMMR
[10:22:57] [313/324] MADC
[10:22:58] [314/324] TMMA
[10:22:59] [315/324] CACC
[10:23:00] [316/324] CHAL
[10:23:01] [317/324] DURG
[10:23:03] [318/324] GMKU
[10:23:04] [319/324] GECA
[10:23:05] [320/324] KYRR
[10:23:06] [321/324] KSDE
[10:23:07] [322/324] LMCI
[10:23:08] [323/324] NKCP
[10:23:09] [324/324] BGTC
[10:23:10] 🧹 Deduping shows
[10:23:10] ✅ DONE | Shows=312 | Movies=32
[16:50:22] 🚀 SCRIPT STARTED
[16:50:22] [1/324] GCTA
[16:50:22] 🧠 New identity created
[16:50:23] [2/324] TOPN
[16:50:24] [3/324] MCUS
[16:50:25] [4/324] SHRL
[16:50:25] [5/324] UPTP
[16:50:26] [6/324] TMMP
[16:50:26] [7/324] DNRP
[16:50:27] [8/324] SRLT
[16:50:27] [9/324] RCNS
[16:50:28] [10/324] DCBH
[16:50:29] [11/324] NAGJ
[16:50:29] [12/324] JVRC
[16:50:30] [13/324] KRJG
[16:50:31] [14/324] SRTJ
[16:50:31] [15/324] CMXM
[16:50:32] [16/324] STMI
[16:50:32] [17/324] SLST
[16:50:33] [18/324] DTCN
[16:50:33] [19/324] STYN
[16:50:34] [20/324] SZVR
[16:50:34] [21/324] SRKO
[16:50:35] [22/324] JTGT
[16:50:35] [23/324] SVFD
[16:50:36] [24/324] SISD
[16:50:37] [25/324] ABDD
[16:50:37] [26/324] DRCA
[16:50:38] [27/324] AVCS
[16:50:38] [28/324] MVKH
[16:50:39] [29/324] ACPR
[16:50:40] [30/324] STIP
[16:50:40] [31/324] MTRA
[16:50:41] [32/324] RMKH
[16:50:42] [33/324] NKRL
[16:50:42] [34/324] PCWN
[16:50:43] [35/324] BLMT
[16:50:43] [36/324] GDPG
[16:50:44] [37/324] SRMX
[16:50:44] [38/324] JACP
[16:50:45] [39/324] CPSH
[16:50:45] [40/324] MCCD
[16:50:46] [41/324] ECGH
[16:50:47] [42/324] MKCK
[16:50:47] [43/324] SRMM
[16:50:48] [44/324] SKYR
[16:50:49] [45/324] PCKC
[16:50:49] [46/324] JCMA
[16:50:50] [47/324] BSMP
[16:50:50] [48/324] VSPA
[16:50:51] [49/324] DJYA
[16:50:51] [50/324] DIMP
[16:50:52] [51/324] FXDR
[16:50:52] [52/324] SSRC
[16:50:52] [53/324] STHP
[16:50:53] [54/324] CPPD
[16:50:54] [55/324] FCLK
[16:50:54] [56/324] SCPP
[16:50:55] [57/324] DCMJ
[16:50:55] [58/324] RCCR
[16:50:56] [59/324] INMT
[16:50:56] [60/324] LXTK
[16:50:57] [61/324] SRYK
[16:50:57] [62/324] SGDK
[16:50:58] [63/324] PPKA
[16:50:58] [64/324] SPKA
[16:50:59] [65/324] CGHH
[16:51:00] [66/324] DCJN
[16:51:00] [67/324] SRKV
[16:51:01] [68/324] SAJC
[16:51:01] [69/324] SUSR
[16:51:02] [70/324] STYG
[16:51:03] [71/324] NTKP
[16:51:03] [72/324] AKTG
[16:51:04] [73/324] CGCM
[16:51:04] [74/324] TULC
[16:51:05] [75/324] NYYZ
[16:51:05] [76/324] NYBW
[16:51:06] [77/324] MACB
[16:51:06] [78/324] SLVT
[16:51:07] [79/324] SANA
[16:51:08] [80/324] ACMR
[16:51:08] [81/324] CPKN
[16:51:09] [82/324] DLGK
[16:51:09] [83/324] CWCK
[16:51:10] [84/324] FDDH
[16:51:11] [85/324] MMMD
[16:51:11] [86/324] CMEH
[16:51:11] [87/324] GGGV
[16:51:12] [88/324] SPJL
[16:51:13] [89/324] RCCD
[16:51:13] [90/324] STTZ
[16:51:14] [91/324] BTCF
[16:51:14] [92/324] TSTZ
[16:51:15] [93/324] IPMM
[16:51:16] [94/324] PMPW
[16:51:16] [95/324] PCMZ
[16:51:17] [96/324] ESEM
[16:51:17] [97/324] PIPO
[16:51:18] [98/324] MATK
[16:51:18] [99/324] PGHM
[16:51:19] [100/324] CTSR
[16:51:20] [101/324] CYKR
[16:51:20] [102/324] MSCM
[16:51:21] [103/324] RFNP
[16:51:21] [104/324] PDCP
[16:51:22] [105/324] NPSE
[16:51:23] [106/324] MKML
[16:51:24] [107/324] FTDP
[16:51:24] [108/324] MMXA
[16:51:25] [109/324] CEPO
[16:51:25] [110/324] CMVP
[16:51:26] [111/324] SGTH
[16:51:26] [112/324] SAYN
[16:51:27] [113/324] URVS
[16:51:28] [114/324] VJTN
[16:51:28] [115/324] BBYK
[16:51:29] [116/324] SHBO
[16:51:29] [117/324] VCMR
[16:51:30] [118/324] MACT
[16:51:31] [119/324] JMNP
[16:51:31] [120/324] VICS
[16:51:32] [121/324] VCDA
[16:51:33] [122/324] GCMM
[16:51:33] [123/324] INVS
[16:51:33] [124/324] SCGM
[16:51:34] [125/324] PCDA
[16:51:35] [126/324] KDCT
[16:51:35] [127/324] JACS
[16:51:36] [128/324] GMMC
[16:51:36] [129/324] AICM
[16:51:37] [130/324] TJCM
[16:51:37] [131/324] RMTI
[16:51:38] [132/324] SHAC
[16:51:38] [133/324] APJC
[16:51:39] [134/324] GCTG
[16:51:40] [135/324] SSMC
[16:51:40] [136/324] THRM
[16:51:41] [137/324] RBCT
[16:51:42] [138/324] DIKT
[16:51:42] [139/324] MIDL
[16:51:43] [140/324] VCSN
[16:51:43] [141/324] SKTG
[16:51:44] [142/324] SMWC
[16:51:45] [143/324] MNKH
[16:51:45] [144/324] PIAT
[16:51:45] [145/324] LTTP
[16:51:46] [146/324] PTPU
[16:51:46] [147/324] ACMG
[16:51:47] [148/324] SHMM
[16:51:48] [149/324] MCMN
[16:51:48] [150/324] GLDC
[16:51:49] [151/324] HOUT
[16:51:49] [152/324] SVRP
[16:51:50] [153/324] PVDN
[16:51:50] [154/324] SCPY
[16:51:51] [155/324] DTPY
[16:51:51] [156/324] GKCS
[16:51:52] [157/324] NCAM
[16:51:52] [158/324] BSRM
[16:51:53] [159/324] RCLC
[16:51:53] [160/324] SKKD
[16:51:54] [161/324] ACHU
[16:51:54] [162/324] RSCF
[16:51:55] [163/324] IMSH
[16:51:56] [164/324] MACX
[16:51:56] [165/324] HMMW
[16:51:57] [166/324] JTCP
[16:51:58] [167/324] SREN
[16:51:58] [168/324] PJRR
[16:51:59] [169/324] INAC
[16:51:59] [170/324] BMCA
[16:52:00] [171/324] SHCB
[16:52:00] [172/324] GABA
[16:52:01] [173/324] SBCT
[16:52:01] [174/324] GCMA
[16:52:02] [175/324] MYTK
[16:52:03] [176/324] INZS
[16:52:03] [177/324] RMIK
[16:52:04] [178/324] NYCH
[16:52:04] [179/324] RAVE
[16:52:05] [180/324] PSXM
[16:52:06] [181/324] MCGP
[16:52:06] [182/324] PDDK
[16:52:07] [183/324] SPCK
[16:52:07] [184/324] MCRL
[16:52:08] [185/324] MHKT
[16:52:09] [186/324] ANRR
[16:52:09] [187/324] SAPK
[16:52:10] [188/324] NCUK
[16:52:11] [189/324] JUGA
[16:52:11] [190/324] DBSC
[16:52:12] [191/324] LALK
[16:52:13] [192/324] GUCK
[16:52:13] [193/324] STSG
[16:52:14] [194/324] PPPZ
[16:52:15] [195/324] CNCY
[16:52:15] [196/324] MTAR
[16:52:16] [197/324] VNKD
[16:52:17] [198/324] KMAJ
[16:52:17] [199/324] ACXK
[16:52:18] [200/324] UTKC
[16:52:18] [201/324] PBLK
[16:52:19] [202/324] ACBX
[16:52:20] [203/324] PTGM
[16:52:20] [204/324] BTDA
[16:52:21] [205/324] PJMB
[16:52:21] [206/324] TPDA
[16:52:22] [207/324] AMOE
[16:52:22] [208/324] PRHT
[16:52:23] [209/324] PRTA
[16:52:23] [210/324] STAM
[16:52:24] [211/324] MSAA
[16:52:24] [212/324] SDLU
[16:52:25] [213/324] RCHH
[16:52:25] [214/324] KANT
[16:52:26] [215/324] FCRT
[16:52:27] [216/324] DNKM
[16:52:27] [217/324] RYCP
[16:52:28] [218/324] MYRP
[16:52:28] [219/324] PPAK
[16:52:29] [220/324] NVPK
[16:52:29] [221/324] PRMC
[16:52:30] [222/324] JBCS
[16:52:31] [223/324] GXCK
[16:52:31] [224/324] USKO
[16:52:32] [225/324] GTEM
[16:52:32] [226/324] SMBU
[16:52:33] [227/324] VETC
[16:52:33] [228/324] LCDA
[16:52:34] [229/324] MTVT
[16:52:34] [230/324] PYCP
[16:52:35] [231/324] PNSC
[16:52:36] [232/324] PPCC
[16:52:36] [233/324] TGRT
[16:52:37] [234/324] JYOT
[16:52:37] [235/324] SRCZ
[16:52:38] [236/324] SJTE
[16:52:38] [237/324] DESC
[16:52:39] [238/324] JHVN
[16:52:39] [239/324] IPSG
[16:52:40] [240/324] IPCM
[16:52:41] [241/324] PDRS
[16:52:41] [242/324] ANCV
[16:52:42] [243/324] CMVV
[16:52:42] [244/324] SHYP
[16:52:43] [245/324] DNCS
[16:52:44] [246/324] GAJK
[16:52:44] [247/324] AKTN
[16:52:45] [248/324] KAYA
[16:52:45] [249/324] SBRC
[16:52:45] [250/324] CHTP
[16:52:46] [251/324] SHRT
[16:52:47] [252/324] BCKU
[16:52:47] [253/324] FCPS
[16:52:48] [254/324] ARDD
[16:52:48] [255/324] CPCM
[16:52:49] [256/324] CGSM
[16:52:50] [257/324] PSMP
[16:52:50] [258/324] SDAL
[16:52:51] [259/324] RTNB
[16:52:52] [260/324] LMCR
[16:52:52] [261/324] CIMA
[16:52:53] [262/324] RNAS
[16:52:53] [263/324] LITH
[16:52:54] [264/324] PBOX
[16:52:54] [265/324] FRTS
[16:52:55] [266/324] RKIC
[16:52:55] [267/324] PTAI
[16:52:56] [268/324] GCIC
[16:52:57] [269/324] FNAS
[16:52:57] [270/324] SCAR
[16:52:58] [271/324] MTCA
[16:52:58] [272/324] SCTS
[16:52:59] [273/324] SYCS
[16:53:00] [274/324] RDMS
[16:53:00] [275/324] KAMP
[16:53:01] [276/324] ERSD
[16:53:01] [277/324] MJMJ
[16:53:02] [278/324] SRCJ
[16:53:02] [279/324] SCXE
[16:53:03] [280/324] SVFR
[16:53:04] [281/324] BHCS
[16:53:04] [282/324] IMCC
[16:53:05] [283/324] PCBO
[16:53:05] [284/324] PRVN
[16:53:06] [285/324] AUPM
[16:53:07] [286/324] INBW
[16:53:07] [287/324] SVCW
[16:53:08] [288/324] RKCF
[16:53:08] [289/324] UVBH
[16:53:09] [290/324] DNCY
[16:53:09] [291/324] ABCN
[16:53:10] [292/324] PRUR
[16:53:10] [293/324] PFMR
[16:53:11] [294/324] RKCN
[16:53:11] [295/324] CFEA
[16:53:12] [296/324] SDBG
[16:53:12] [297/324] SNAR
[16:53:13] [298/324] YISI
[16:53:13] [299/324] JCFF
[16:53:14] [300/324] VTRK
[16:53:15] [301/324] PCLZ
[16:53:15] [302/324] DIMY
[16:53:16] [303/324] BBTS
[16:53:17] [304/324] GATH
[16:53:17] [305/324] GTMN
[16:53:18] [306/324] VTMH
[16:53:18] [307/324] CCKP
[16:53:19] [308/324] GPKA
[16:53:19] [309/324] MHCL
[16:53:20] [310/324] ATCL
[16:53:20] [311/324] SBCK
[16:53:21] [312/324] AMMR
[16:53:22] [313/324] MADC
[16:53:22] [314/324] TMMA
[16:53:23] [315/324] CACC
[16:53:23] [316/324] CHAL
[16:53:24] [317/324] DURG
[16:53:24] [318/324] GMKU
[16:53:25] [319/324] GECA
[16:53:25] [320/324] KYRR
[16:53:26] [321/324] KSDE
[16:53:27] [322/324] LMCI
[16:53:27] [323/324] NKCP
[16:53:28] [324/324] BGTC
[16:53:29] 🧹 Deduping shows
[16:53:29] ✅ DONE | Shows=383 | Movies=39
